
================================================================================
          _____________ ________ _______________ ________     _________         
         / ___________// ______ \\_____   _____// ______ \   / ________)        
        / /_________  / /      \ \     | |     / /      \ \ | (_______          
       |  __________|| |        | |    | |    | |        | | \________ \        
        \ \_________ | |        | |    | |     \ \______/ /___________) |       
         \__________||_|        |_|    |_|      \________//____________/        
                                                                                
====================================[ Qcore ]===================================

 Git hash:   4f46786782e696c626e0064ff3d1a47267e124c4
 Git date:   Wed, 30 Jun 2021 10:19:53 +0100
 Compiler:   AppleClang 10.0.1.10010046
 Build type: Release
 Version:    1.4.1

 Start time: Mon Jul  5 14:45:45 2021

 Data directory: /Users/of15641/qcore/cmake-build-release/share/entos/1.4.1/data
 Number of threads: 2
 Number of threads was determined by: number of physical cores

 --------------------------------------------------------------------------------
                                   command: xtb                                  
 --------------------------------------------------------------------------------
 XTB basis setup:                        reference basis
 Number of basis functions:            488
 GFN version:                            chlorophyll
 Integral screening threshold:           1.00e-10
 Total charge:                           0.000000000
 Number of electrons:                  436.000000000
 Electronic temperature (Kelvin):        0.000000000

 D3BJ energy:                           -0.125895254
 Repulsive energy:                       3.040140121

 ****************************************************
  Running robust self-consistent charge (SCC) solver 
 ****************************************************
 Number of SCC trials:                   4
 Using the stop-early mechanism for the first 3 trials

 Conv. threshold (charge):               1.00e-05
 Conv. threshold (energy):               1.00e-06
 Initial guess:                          eeq

 -------------
  SCC Trial 1 
 -------------
 Broyden mixing factor:                  0.400000000
 Max number of iterations:             128

 ---------------------------------------------------------------
                  energy        change          grad        time
 ---------------------------------------------------------------
   0      -260.589387636                    6.60e-01        0.04
   1      -261.773937325     -1.18e+00      3.88e-01        0.03
   2      -261.790576285     -1.66e-02      1.03e-01        0.03
   3      -261.812647752     -2.21e-02      1.09e-02        0.06
   4      -261.813524285     -8.77e-04      6.64e-03        0.06
   5      -261.820192538     -6.67e-03      1.40e-03        0.04
   6      -261.820422260     -2.30e-04      4.59e-04        0.03
   7      -261.820443769     -2.15e-05      1.62e-04        0.03
   8      -261.820445432     -1.66e-06      4.68e-05        0.03
   9      -261.820445463     -3.14e-08      1.73e-05        0.04
  10      -261.820445465     -2.15e-09      6.56e-06        0.03
  11      -261.820445467     -1.84e-09      3.19e-06        0.05

 SCF converged in 10 iterations.

 Entropy contribution (-ST):             0.000000000
 Dipole moment (in Debye):              -5.751219       5.318861       0.506185

 ----------------
  Excitation 0 1 
 ----------------
 Setting up Delta-SCF
 Ground-Excited state overlap:           0.000000000
 No correction applied to the TDM.
 Excitation energy:                      0.057275295
 Excitation energy (in eV):              1.558540184
 Transition dipole:                     -0.00012       0.01507      -0.00801

 -----------------
  Excitation -1 1 
 -----------------
 Setting up Delta-SCF
 Ground-Excited state overlap:           0.000000000
 No correction applied to the TDM.
 Excitation energy:                      0.096033069
 Excitation energy (in eV):              2.613192924
 Transition dipole:                      0.46852      -4.35022       0.22911

 ----------------
  Excitation 0 2 
 ----------------
 Setting up Delta-SCF
 Ground-Excited state overlap:           0.000000000
 No correction applied to the TDM.
 Excitation energy:                      0.095582248
 Excitation energy (in eV):              2.600925467
 Transition dipole:                     -0.32660       4.07665      -1.59519

 -----------------
  Excitation -1 2 
 -----------------
 Setting up Delta-SCF
 Ground-Excited state overlap:          -0.000000000
 No correction applied to the TDM.
 Excitation energy:                      0.063384258
 Excitation energy (in eV):              1.724773523
 Transition dipole:                     -0.00030       0.01623       0.00003
 TOTAL ENERGY:                        -261.820445467
 Saving results in set 'res'

 --------------------------------------------------------------------------------
                                  command: print                                 
 --------------------------------------------------------------------------------
 res.energy:                          -261.8204454670

 --------------------------------------------------------------------------------
                                  command: print                                 
 --------------------------------------------------------------------------------

 res.dipole:
                      1
 1        -2.2627035893
 2         2.0926008973
 3         0.1991483173

 --------------------------------------------------------------------------------
                                  command: print                                 
 --------------------------------------------------------------------------------

 res.atomic_charges:
                      1
 1         0.3740433447
 2        -0.0563566157
 3        -0.1091039949
 4        -0.0931973220
 5        -0.0764929090
 6        -0.2372552129
 7         0.1297448412
 8        -0.0290913254
 9        -0.0283485476
 10        0.1178807457
 11       -0.0892172904
 12       -0.0576003841
 13       -0.0777409684
 14        0.0129650966
 15       -0.2950644782
 16        0.1400133530
 17       -0.0393530963
 18       -0.1142968427
 19        0.1616533221
 20       -0.0832848310
 21        0.3356989392
 22       -0.4208280827
 23       -0.1297603912
 24       -0.2502205572
 25        0.1498454028
 26       -0.0210941219
 27       -0.0355090359
 28        0.1162716157
 29       -0.0922479895
 30       -0.0526910776
 31       -0.0935019019
 32       -0.3013676265
 33        0.1034527542
 34        0.0043999384
 35       -0.1123211427
 36        0.1480991981
 37       -0.0866986356
 38        0.3449347910
 39       -0.3957073603
 40       -0.1068115265
 41        0.5195359559
 42       -0.4689671385
 43       -0.2895042207
 44        0.1050414900
 45        0.0513119126
 46        0.0516260072
 47        0.0397983114
 48        0.0428481183
 49        0.0450080872
 50        0.0437176013
 51        0.0363048260
 52        0.0359866616
 53        0.0393862789
 54        0.0593427328
 55        0.0260790644
 56        0.0200721711
 57        0.0356056003
 58        0.0382580131
 59        0.0468456690
 60        0.0592661466
 61        0.0591694422
 62        0.0491096040
 63        0.0485576243
 64        0.0380067074
 65        0.0412162170
 66        0.0326865192
 67        0.0304532371
 68        0.0357948894
 69        0.0323002898
 70        0.0299876887
 71        0.0361869474
 72        0.0397895152
 73        0.0629795508
 74        0.0382408731
 75        0.0632781191
 76        0.0598160875
 77        0.0331451244
 78        0.0301222246
 79        0.0476826013
 80        0.3738751798
 81       -0.0578710281
 82       -0.1053947310
 83       -0.0919485572
 84       -0.0752273938
 85       -0.2343967867
 86        0.1314521928
 87       -0.0310581372
 88       -0.0292161810
 89        0.1145027718
 90       -0.0896016942
 91       -0.0574463809
 92       -0.0767872945
 93        0.0115426033
 94       -0.2927700938
 95        0.1407268256
 96       -0.0395871015
 97       -0.1170758617
 98        0.1620474261
 99       -0.0828931885
 100       0.3350813106
 101      -0.4234410225
 102      -0.1289270173
 103      -0.2518478973
 104       0.1462494764
 105      -0.0215550452
 106      -0.0355131601
 107       0.1192798869
 108      -0.0907699073
 109      -0.0530419667
 110      -0.0927871492
 111      -0.3032936135
 112       0.1015158199
 113       0.0048238671
 114      -0.1110764904
 115       0.1481724089
 116      -0.0866876440
 117       0.3466164720
 118      -0.3974837271
 119      -0.1079362960
 120       0.5202822289
 121      -0.4652307491
 122      -0.2902886668
 123       0.1061384342
 124       0.0500703316
 125       0.0535462481
 126       0.0399411855
 127       0.0448244218
 128       0.0452109966
 129       0.0461867578
 130       0.0377786893
 131       0.0335311754
 132       0.0396988988
 133       0.0615041570
 134       0.0254529508
 135       0.0196323373
 136       0.0340813646
 137       0.0353649478
 138       0.0461489911
 139       0.0606935012
 140       0.0588813832
 141       0.0500869566
 142       0.0493883996
 143       0.0358749485
 144       0.0380000835
 145       0.0339206447
 146       0.0302640074
 147       0.0338666893
 148       0.0332076317
 149       0.0297033178
 150       0.0369799293
 151       0.0388668483
 152       0.0638997861
 153       0.0384461071
 154       0.0652020311
 155       0.0613246785
 156       0.0314452496
 157       0.0269961530
 158       0.0488994527

 --------------------------------------------------------------------------------
                                  command: print                                 
 --------------------------------------------------------------------------------
 res.excitation_1_energy:                0.0572752954

 --------------------------------------------------------------------------------
                                  command: print                                 
 --------------------------------------------------------------------------------
 res.excitation_1_transition_dipole : [
  -0.00011754926414539578,
  0.01507167293820126,
  -0.008012947505022171
]

 --------------------------------------------------------------------------------
                                  command: print                                 
 --------------------------------------------------------------------------------

 res.excitation_1_transition_charges:
                      1
 1        -0.0000101227
 2        -0.0003164827
 3        -0.0001272649
 4         0.0002477740
 5         0.0000932654
 6        -0.0004229786
 7        -0.0001231624
 8         0.0000008779
 9        -0.0000029109
 10        0.0001335824
 11        0.0000123577
 12       -0.0000142249
 13       -0.0000010563
 14       -0.0000017790
 15        0.0001547658
 16        0.0001733197
 17        0.0003431393
 18        0.0001092966
 19        0.0001562047
 20        0.0000047001
 21        0.0000214153
 22        0.0000329601
 23        0.0000007452
 24        0.0004102126
 25        0.0000919733
 26        0.0000035680
 27       -0.0000021338
 28       -0.0001621793
 29        0.0000117800
 30       -0.0000105016
 31        0.0000028251
 32       -0.0000769529
 33       -0.0002252961
 34       -0.0002032076
 35       -0.0000937722
 36       -0.0001447400
 37       -0.0000061673
 38       -0.0000258940
 39       -0.0000461674
 40       -0.0000018557
 41       -0.0000118979
 42       -0.0000066913
 43       -0.0000012388
 44       -0.0000007801
 45        0.0000002307
 46        0.0000002911
 47       -0.0000036688
 48       -0.0000035544
 49        0.0000043754
 50        0.0000009394
 51        0.0000018007
 52        0.0000021512
 53       -0.0000006596
 54       -0.0000025796
 55       -0.0000002493
 56       -0.0000002489
 57       -0.0000001886
 58        0.0000459413
 59        0.0000376225
 60        0.0000024427
 61       -0.0000000031
 62        0.0000021792
 63        0.0000077296
 64       -0.0000158660
 65        0.0000010766
 66        0.0000029956
 67        0.0000013559
 68       -0.0000007533
 69       -0.0000011984
 70       -0.0000000696
 71        0.0000000802
 72        0.0000007150
 73       -0.0000210641
 74       -0.0000033216
 75       -0.0000420746
 76       -0.0000157356
 77       -0.0000001192
 78       -0.0000002670
 79       -0.0000002854
 80       -0.0000082194
 81        0.0000133493
 82       -0.0000034504
 83       -0.0000049982
 84        0.0000009425
 85        0.0000048256
 86        0.0000058195
 87        0.0000003153
 88        0.0000004715
 89       -0.0000009510
 90       -0.0000037071
 91        0.0000015718
 92        0.0000000979
 93        0.0000002544
 94        0.0000056279
 95       -0.0000214216
 96       -0.0000182504
 97       -0.0000099079
 98        0.0000002201
 99       -0.0000000712
 100      -0.0000016981
 101      -0.0000037199
 102      -0.0000001307
 103       0.0000004050
 104      -0.0000113980
 105      -0.0000004837
 106      -0.0000008181
 107       0.0000208890
 108       0.0000014529
 109       0.0000003206
 110      -0.0000003680
 111       0.0000062393
 112       0.0000133212
 113       0.0000157598
 114       0.0000068548
 115       0.0000161240
 116       0.0000010683
 117       0.0000016628
 118       0.0000029717
 119       0.0000001765
 120       0.0000004774
 121       0.0000003468
 122       0.0000000643
 123       0.0000000334
 124       0.0000000049
 125      -0.0000000418
 126       0.0000002952
 127       0.0000001546
 128       0.0000005727
 129      -0.0000002509
 130      -0.0000022566
 131      -0.0000007900
 132       0.0000000020
 133       0.0000002056
 134       0.0000000541
 135       0.0000000331
 136      -0.0000000019
 137      -0.0000021669
 138      -0.0000015231
 139      -0.0000002722
 140       0.0000000004
 141      -0.0000002914
 142      -0.0000014572
 143       0.0000012950
 144       0.0000003792
 145       0.0000015244
 146       0.0000007219
 147       0.0000000473
 148       0.0000000890
 149      -0.0000000271
 150       0.0000000049
 151      -0.0000001164
 152       0.0000018856
 153       0.0000002843
 154       0.0000036892
 155       0.0000005287
 156       0.0000000036
 157       0.0000000145
 158       0.0000000107

 --------------------------------------------------------------------------------
                                  command: print                                 
 --------------------------------------------------------------------------------
 res.excitation_1_excited_dipole : [
  17.265718997421313,
  4.257768530334866,
  2.1001928830131114
]

 --------------------------------------------------------------------------------
                                  command: print                                 
 --------------------------------------------------------------------------------

 res.excitation_1_excited_atomic_charges:
                      1
 1         0.3735347572
 2        -0.1137652851
 3        -0.1536325688
 4        -0.1442586477
 5        -0.1112852728
 6        -0.3414136309
 7         0.1159575074
 8        -0.0293210224
 9        -0.0290813871
 10        0.1021729810
 11       -0.0916301350
 12       -0.0591874281
 13       -0.0780596119
 14        0.0126059897
 15       -0.3053378739
 16        0.1070001212
 17       -0.1391600760
 18       -0.1630652586
 19        0.1409522242
 20       -0.0836975540
 21        0.3184284602
 22       -0.4432268409
 23       -0.1302298731
 24       -0.3605342133
 25        0.1409493293
 26       -0.0220870183
 27       -0.0360367570
 28        0.0894374686
 29       -0.0933568357
 30       -0.0545520915
 31       -0.0937980631
 32       -0.3044666006
 33        0.0540830367
 34       -0.0599997507
 35       -0.1487040230
 36        0.1232641376
 37       -0.0874992888
 38        0.3308258574
 39       -0.4153119842
 40       -0.1069347806
 41        0.5181022407
 42       -0.4697528318
 43       -0.2896740075
 44        0.1049746146
 45        0.0512357393
 46        0.0516154330
 47        0.0391274270
 48        0.0424349247
 49        0.0444744974
 50        0.0432308885
 51        0.0351101700
 52        0.0354094382
 53        0.0391158616
 54        0.0589366508
 55        0.0260448455
 56        0.0200273508
 57        0.0355494788
 58        0.0276967898
 59        0.0372357562
 60        0.0571601474
 61        0.0591658229
 62        0.0470586123
 63        0.0478250016
 64        0.0355890818
 65        0.0410835332
 66        0.0322033208
 67        0.0302511034
 68        0.0357109954
 69        0.0319252586
 70        0.0299498864
 71        0.0361243316
 72        0.0391530610
 73        0.0573251057
 74        0.0374349149
 75        0.0523709300
 76        0.0582711021
 77        0.0331380404
 78        0.0300847829
 79        0.0476537596
 80        0.3757726370
 81       -0.0430841651
 82       -0.1023567488
 83       -0.0807430120
 84       -0.0725567477
 85       -0.2292875690
 86        0.2041695946
 87       -0.0294002893
 88       -0.0272474972
 89        0.1984519417
 90       -0.0812417034
 91       -0.0509756726
 92       -0.0765530318
 93        0.0123627078
 94       -0.2756308901
 95        0.2232219360
 96        0.0422306616
 97       -0.0940349581
 98        0.2395904249
 99       -0.0802216728
 100       0.3372057232
 101      -0.4173915257
 102      -0.1286407668
 103      -0.2510235749
 104       0.2188094853
 105      -0.0200178438
 106      -0.0332952614
 107       0.1964881153
 108      -0.0832767019
 109      -0.0468110782
 110      -0.0919924910
 111      -0.2986599520
 112       0.1986933388
 113       0.0537006160
 114      -0.0875509542
 115       0.2031696508
 116      -0.0836549821
 117       0.3504209814
 118      -0.3877020090
 119      -0.1076589066
 120       0.5205999557
 121      -0.4647571624
 122      -0.2902182651
 123       0.1061617554
 124       0.0501259652
 125       0.0543369472
 126       0.0425774721
 127       0.0477481322
 128       0.0480353198
 129       0.0464975383
 130       0.0388823721
 131       0.0347123588
 132       0.0398704516
 133       0.0619404771
 134       0.0258980806
 135       0.0197816311
 136       0.0341007410
 137       0.0477684011
 138       0.0557446364
 139       0.0610442444
 140       0.0588828274
 141       0.0504882197
 142       0.0562973883
 143       0.0470889876
 144       0.0384868650
 145       0.0347171982
 146       0.0311700925
 147       0.0340810704
 148       0.0335415610
 149       0.0297769897
 150       0.0372721086
 151       0.0395307111
 152       0.0692048145
 153       0.0393302466
 154       0.0770744141
 155       0.0616068073
 156       0.0314467295
 157       0.0270116760
 158       0.0489103742

 --------------------------------------------------------------------------------
                                  command: print                                 
 --------------------------------------------------------------------------------
 res.excitation_2_energy:                0.0960330687

 --------------------------------------------------------------------------------
                                  command: print                                 
 --------------------------------------------------------------------------------
 res.excitation_2_transition_dipole : [
  0.46852138634984236,
  -4.3502164325398205,
  0.2291100585301142
]

 --------------------------------------------------------------------------------
                                  command: print                                 
 --------------------------------------------------------------------------------

 res.excitation_2_transition_charges:
                      1
 1         0.0000072109
 2         0.0198650649
 3        -0.0177224096
 4        -0.0162960056
 5         0.0148510650
 6         0.0008275472
 7         0.0305766808
 8        -0.0001405725
 9        -0.0001597588
 10       -0.0363642094
 11       -0.0044936949
 12        0.0029451625
 13        0.0002067073
 14        0.0005140823
 15       -0.0107414088
 16       -0.0505996811
 17       -0.0927348287
 18       -0.0306612858
 19       -0.0404532991
 20       -0.0011898238
 21       -0.0055034723
 22       -0.0107500313
 23       -0.0002734754
 24        0.0048068287
 25       -0.0245487967
 26       -0.0003632544
 27        0.0010060138
 28        0.0478977700
 29       -0.0028164788
 30        0.0035116122
 31        0.0004879661
 32        0.0012084632
 33        0.0697062874
 34        0.0579584866
 35        0.0288501757
 36        0.0392154140
 37        0.0016353519
 38        0.0072646296
 39        0.0135102803
 40        0.0000788942
 41        0.0002142116
 42        0.0003757681
 43        0.0000537178
 44        0.0000119350
 45       -0.0000171651
 46       -0.0000875364
 47        0.0013868595
 48        0.0010509708
 49       -0.0011538752
 50       -0.0004146623
 51       -0.0011836800
 52       -0.0008304828
 53        0.0000623609
 54        0.0003116638
 55        0.0000829845
 56        0.0000611939
 57       -0.0000160402
 58       -0.0116162192
 59       -0.0099337350
 60       -0.0007807638
 61        0.0000047362
 62       -0.0008181613
 63       -0.0019936665
 64        0.0053615664
 65       -0.0002414641
 66       -0.0004948790
 67       -0.0002850255
 68        0.0001383718
 69        0.0003823445
 70        0.0000561321
 71        0.0001179130
 72        0.0006907857
 73        0.0058418904
 74        0.0008375227
 75        0.0116010288
 76        0.0000865082
 77       -0.0000010522
 78        0.0000134477
 79        0.0000057631
 80       -0.0000000949
 81       -0.0000000443
 82       -0.0000000583
 83        0.0000000095
 84        0.0000000164
 85       -0.0000001557
 86        0.0000000198
 87        0.0000000004
 88        0.0000000003
 89       -0.0000000043
 90       -0.0000000489
 91        0.0000000042
 92        0.0000000003
 93        0.0000000007
 94       -0.0000000302
 95       -0.0000000864
 96       -0.0000000727
 97       -0.0000000393
 98        0.0000000009
 99       -0.0000000002
 100      -0.0000000064
 101      -0.0000000156
 102      -0.0000000004
 103      -0.0000000078
 104      -0.0000000449
 105      -0.0000000018
 106      -0.0000000048
 107       0.0000000909
 108      -0.0000000046
 109       0.0000000015
 110      -0.0000000019
 111      -0.0000000974
 112       0.0000000566
 113       0.0000000672
 114       0.0000000276
 115       0.0000000681
 116       0.0000000039
 117       0.0000000062
 118       0.0000000114
 119      -0.0000000021
 120      -0.0000000057
 121      -0.0000000021
 122      -0.0000000005
 123      -0.0000000004
 124      -0.0000000000
 125      -0.0000000002
 126       0.0000000014
 127       0.0000000005
 128       0.0000000008
 129      -0.0000000048
 130      -0.0000000245
 131      -0.0000000044
 132      -0.0000000002
 133       0.0000000004
 134       0.0000000002
 135       0.0000000001
 136      -0.0000000000
 137      -0.0000000081
 138      -0.0000000061
 139      -0.0000000011
 140       0.0000000000
 141      -0.0000000011
 142      -0.0000000068
 143       0.0000000057
 144       0.0000000009
 145       0.0000000006
 146       0.0000000023
 147       0.0000000002
 148       0.0000000005
 149      -0.0000000001
 150       0.0000000000
 151      -0.0000000006
 152       0.0000000081
 153       0.0000000010
 154       0.0000000147
 155      -0.0000000090
 156      -0.0000000001
 157      -0.0000000001
 158      -0.0000000001

 --------------------------------------------------------------------------------
                                  command: print                                 
 --------------------------------------------------------------------------------
 res.excitation_3_energy:                0.0955822479

 --------------------------------------------------------------------------------
                                  command: print                                 
 --------------------------------------------------------------------------------
 res.excitation_3_transition_dipole : [
  -0.32660159908829267,
  4.076652276720876,
  -1.5951918486378307
]

 --------------------------------------------------------------------------------
                                  command: print                                 
 --------------------------------------------------------------------------------

 res.excitation_3_transition_charges:
                      1
 1         0.0000005732
 2         0.0000000779
 3         0.0000000116
 4         0.0000001657
 5         0.0000000691
 6         0.0000002414
 7        -0.0000000785
 8         0.0000000007
 9         0.0000000008
 10        0.0000001191
 11        0.0000000019
 12        0.0000000079
 13        0.0000000014
 14       -0.0000000017
 15        0.0000004866
 16       -0.0000000139
 17        0.0000001476
 18        0.0000000230
 19        0.0000001673
 20        0.0000000039
 21        0.0000000057
 22        0.0000000057
 23        0.0000000002
 24        0.0000004537
 25       -0.0000000013
 26        0.0000000007
 27       -0.0000000005
 28        0.0000000263
 29        0.0000000102
 30       -0.0000000021
 31        0.0000000124
 32        0.0000003702
 33       -0.0000001024
 34       -0.0000000361
 35       -0.0000000329
 36        0.0000000378
 37        0.0000000012
 38       -0.0000000101
 39       -0.0000000195
 40        0.0000000023
 41        0.0000000093
 42        0.0000000029
 43        0.0000000002
 44        0.0000000014
 45        0.0000000001
 46        0.0000000001
 47       -0.0000000015
 48       -0.0000000030
 49        0.0000000084
 50        0.0000000002
 51       -0.0000000009
 52       -0.0000000002
 53        0.0000000011
 54        0.0000000044
 55       -0.0000000005
 56       -0.0000000001
 57       -0.0000000001
 58        0.0000000211
 59        0.0000000206
 60        0.0000000004
 61       -0.0000000000
 62        0.0000000003
 63        0.0000000019
 64        0.0000000005
 65        0.0000000011
 66        0.0000000037
 67        0.0000000006
 68        0.0000000004
 69       -0.0000000001
 70        0.0000000000
 71       -0.0000000006
 72        0.0000000041
 73       -0.0000000005
 74       -0.0000000010
 75       -0.0000000062
 76        0.0000000153
 77        0.0000000004
 78        0.0000000001
 79        0.0000000000
 80        0.0002207093
 81       -0.0303371739
 82        0.0109250404
 83        0.0224730400
 84       -0.0088187677
 85       -0.0117748446
 86       -0.0314492956
 87        0.0001515021
 88        0.0000130871
 89        0.0362022052
 90        0.0042597538
 91       -0.0031084630
 92       -0.0002135603
 93       -0.0005624715
 94        0.0135855972
 95        0.0521926044
 96        0.0879815232
 97        0.0332893800
 98        0.0393781935
 99        0.0010961626
 100       0.0059042215
 101       0.0114633381
 102       0.0003339697
 103       0.0079255628
 104       0.0254440715
 105       0.0004915862
 106      -0.0008651260
 107      -0.0447655737
 108       0.0027297539
 109      -0.0034149713
 110      -0.0004616202
 111      -0.0035103332
 112      -0.0699372073
 113      -0.0567767262
 114      -0.0297511167
 115      -0.0360176861
 116      -0.0016743545
 117      -0.0073982614
 118      -0.0141079178
 119      -0.0001484102
 120      -0.0007404805
 121      -0.0006339248
 122      -0.0001226277
 123      -0.0000431833
 124       0.0000210728
 125       0.0000789551
 126      -0.0014032547
 127      -0.0010751215
 128       0.0010798094
 129       0.0003692066
 130       0.0011314716
 131       0.0008211256
 132      -0.0000689166
 133      -0.0003428361
 134      -0.0000883133
 135      -0.0000643222
 136       0.0000067829
 137       0.0111876880
 138       0.0094091532
 139       0.0008436163
 140      -0.0000023141
 141       0.0009256030
 142       0.0019171079
 143      -0.0052142931
 144       0.0002521349
 145       0.0005295416
 146       0.0002984667
 147      -0.0001381009
 148      -0.0003534150
 149      -0.0000509010
 150      -0.0001169042
 151      -0.0006299741
 152      -0.0054371389
 153      -0.0008627133
 154      -0.0116732501
 155      -0.0007296845
 156      -0.0000039983
 157      -0.0000268960
 158      -0.0000194027

 --------------------------------------------------------------------------------
                                  command: print                                 
 --------------------------------------------------------------------------------
 res.excitation_4_energy:                0.0633842579

 --------------------------------------------------------------------------------
                                  command: print                                 
 --------------------------------------------------------------------------------
 res.excitation_4_transition_dipole : [
  -0.0003032144328390423,
  0.016234298871280278,
  3.15217991639552e-05
]

 --------------------------------------------------------------------------------
                                  command: print                                 
 --------------------------------------------------------------------------------

 res.excitation_4_transition_charges:
                      1
 1         0.0000131834
 2        -0.0000048758
 3         0.0000008159
 4        -0.0000099988
 5         0.0000104939
 6        -0.0000052373
 7         0.0000195513
 8        -0.0000001001
 9         0.0000002193
 10       -0.0000321838
 11        0.0000003288
 12        0.0000001785
 13       -0.0000001383
 14        0.0000005073
 15       -0.0000219503
 16        0.0000041607
 17       -0.0000399695
 18       -0.0000066870
 19       -0.0000432848
 20       -0.0000008940
 21       -0.0000015685
 22       -0.0000018886
 23        0.0000000222
 24        0.0000029013
 25        0.0000007002
 26       -0.0000002559
 27        0.0000009635
 28       -0.0000077593
 29       -0.0000018804
 30        0.0000010358
 31        0.0000015954
 32       -0.0000036759
 33        0.0000321922
 34        0.0000103235
 35        0.0000102970
 36       -0.0000102266
 37       -0.0000002252
 38        0.0000028337
 39        0.0000057163
 40       -0.0000000582
 41       -0.0000001148
 42       -0.0000001277
 43        0.0000000026
 44       -0.0000000118
 45       -0.0000000162
 46       -0.0000000060
 47        0.0000005790
 48        0.0000009014
 49       -0.0000018588
 50       -0.0000000861
 51        0.0000006483
 52        0.0000000862
 53        0.0000003040
 54       -0.0000005973
 55        0.0000001778
 56        0.0000000363
 57        0.0000000014
 58       -0.0000053306
 59       -0.0000053986
 60       -0.0000001386
 61       -0.0000000263
 62       -0.0000000295
 63       -0.0000002623
 64       -0.0000001255
 65       -0.0000002433
 66       -0.0000005961
 67       -0.0000001752
 68       -0.0000000602
 69        0.0000000487
 70        0.0000001287
 71       -0.0000000642
 72        0.0000016784
 73        0.0000001438
 74        0.0000002356
 75        0.0000017591
 76       -0.0000000920
 77        0.0000000033
 78       -0.0000000015
 79        0.0000000003
 80        0.0000037346
 81        0.0001002879
 82        0.0001730558
 83       -0.0000468346
 84       -0.0001560407
 85        0.0002818164
 86       -0.0001076578
 87        0.0000006723
 88        0.0000020080
 89        0.0001418357
 90        0.0000288998
 91       -0.0000084821
 92       -0.0000006549
 93       -0.0000016060
 94       -0.0000306533
 95        0.0002109704
 96        0.0003502450
 97        0.0001303764
 98        0.0001593450
 99        0.0000040988
 100       0.0000224873
 101       0.0000479764
 102       0.0000008528
 103      -0.0002955846
 104       0.0000992739
 105      -0.0000001124
 106      -0.0000053374
 107      -0.0001945671
 108       0.0000089544
 109      -0.0000161325
 110      -0.0000024244
 111       0.0000506248
 112      -0.0002965999
 113      -0.0002420234
 114      -0.0001211474
 115      -0.0001516421
 116      -0.0000063613
 117      -0.0000276044
 118      -0.0000538692
 119       0.0000015236
 120       0.0000085464
 121       0.0000033355
 122       0.0000008634
 123       0.0000005054
 124      -0.0000001150
 125       0.0000003623
 126      -0.0000069065
 127      -0.0000035418
 128       0.0000033889
 129       0.0000025602
 130       0.0000129480
 131       0.0000047105
 132       0.0000000514
 133      -0.0000007588
 134      -0.0000002582
 135      -0.0000002168
 136       0.0000002035
 137       0.0000416921
 138       0.0000377270
 139       0.0000034040
 140      -0.0000000645
 141       0.0000035374
 142       0.0000083887
 143      -0.0000246753
 144       0.0000005006
 145      -0.0000002469
 146       0.0000011639
 147      -0.0000005659
 148      -0.0000018500
 149      -0.0000002587
 150      -0.0000006051
 151      -0.0000030875
 152      -0.0000233897
 153      -0.0000030627
 154      -0.0000475948
 155       0.0000126104
 156       0.0000001012
 157       0.0000001504
 158       0.0000002090

 --------------------------------------------------------------------------------

 End time:                               Mon Jul  5 14:45:46 2021
 Total wall-clock time:                  1.711 seconds
==================================================================================
