
================================================================================
          _____________ ________ _______________ ________     _________         
         / ___________// ______ \\_____   _____// ______ \   / ________)        
        / /_________  / /      \ \     | |     / /      \ \ | (_______          
       |  __________|| |        | |    | |    | |        | | \________ \        
        \ \_________ | |        | |    | |     \ \______/ /___________) |       
         \__________||_|        |_|    |_|      \________//____________/        
                                                                                
====================================[ Qcore ]===================================

 Git hash:   4f46786782e696c626e0064ff3d1a47267e124c4
 Git date:   Wed, 30 Jun 2021 10:19:53 +0100
 Compiler:   AppleClang 10.0.1.10010046
 Build type: Release
 Version:    1.4.1

 Start time: Mon Jul  5 14:42:14 2021

 Data directory: /Users/of15641/qcore/cmake-build-release/share/entos/1.4.1/data
 Number of threads: 2
 Number of threads was determined by: number of physical cores

 --------------------------------------------------------------------------------
                                   command: xtb                                  
 --------------------------------------------------------------------------------
 XTB basis setup:                        reference basis
 Number of basis functions:            244
 GFN version:                            chlorophyll
 Integral screening threshold:           1.00e-10
 Total charge:                           0.000000000
 Number of electrons:                  218.000000000
 Electronic temperature (Kelvin):        0.000000000

 D3BJ energy:                           -0.062562660
 Repulsive energy:                       1.518580377

 ****************************************************
  Running robust self-consistent charge (SCC) solver 
 ****************************************************
 Number of SCC trials:                   4
 Using the stop-early mechanism for the first 3 trials

 Conv. threshold (charge):               1.00e-05
 Conv. threshold (energy):               1.00e-06
 Initial guess:                          eeq

 -------------
  SCC Trial 1 
 -------------
 Broyden mixing factor:                  0.400000000
 Max number of iterations:             128

 ---------------------------------------------------------------
                  energy        change          grad        time
 ---------------------------------------------------------------
   0      -130.292184180                    6.60e-01        0.01
   1      -130.884269699     -5.92e-01      3.88e-01        0.01
   2      -130.893053544     -8.78e-03      1.03e-01        0.01
   3      -130.904350717     -1.13e-02      1.05e-02        0.01
   4      -130.904888469     -5.38e-04      5.83e-03        0.01
   5      -130.907236874     -2.35e-03      1.35e-03        0.01
   6      -130.907344643     -1.08e-04      3.93e-04        0.01
   7      -130.907351579     -6.94e-06      1.59e-04        0.01
   8      -130.907352445     -8.66e-07      4.52e-05        0.01
   9      -130.907352462     -1.69e-08      1.63e-05        0.01
  10      -130.907352463     -1.42e-09      4.99e-06        0.01
  11      -130.907352464     -1.68e-10      1.76e-06        0.01

 SCF converged in 10 iterations.

 Entropy contribution (-ST):             0.000000000
 Dipole moment (in Debye):              -2.499317      -2.296286       2.105263

 ----------------
  Excitation 0 1 
 ----------------
 Setting up Delta-SCF
 Ground-Excited state overlap:          -0.000000000
 No correction applied to the TDM.
 Excitation energy:                      0.094811738
 Excitation energy (in eV):              2.579958814
 Transition dipole:                      0.25880       1.50439      -4.11750

 -----------------
  Excitation -1 1 
 -----------------
 Setting up Delta-SCF
 Ground-Excited state overlap:           0.000000000
 No correction applied to the TDM.
 Excitation energy:                      0.101904212
 Excitation energy (in eV):              2.772954886
 Transition dipole:                     -0.20563       2.50324       0.78438

 ----------------
  Excitation 0 2 
 ----------------
 Setting up Delta-SCF
 Ground-Excited state overlap:           0.000000000
 No correction applied to the TDM.
 Excitation energy:                      0.149332246
 Excitation energy (in eV):              4.063537434
 Transition dipole:                     -0.23755       1.80913       0.66905

 -----------------
  Excitation -1 2 
 -----------------
 Setting up Delta-SCF
 Ground-Excited state overlap:           0.000000000
 No correction applied to the TDM.
 Excitation energy:                      0.162784890
 Excitation energy (in eV):              4.429602519
 Transition dipole:                     -0.06797      -0.65319       1.66504
 TOTAL ENERGY:                        -130.907352464
 Saving results in set 'res'

 --------------------------------------------------------------------------------
                                  command: print                                 
 --------------------------------------------------------------------------------
 res.energy:                          -130.9073524635

 --------------------------------------------------------------------------------
                                  command: print                                 
 --------------------------------------------------------------------------------

 res.dipole:
                      1
 1        -0.9833067734
 2        -0.9034283923
 3         0.8282743545

 --------------------------------------------------------------------------------
                                  command: print                                 
 --------------------------------------------------------------------------------

 res.atomic_charges:
                      1
 1         0.3739081159
 2        -0.0585620590
 3        -0.1052916521
 4        -0.0918977802
 5        -0.0754677155
 6        -0.2347870381
 7         0.1311646279
 8        -0.0310276976
 9        -0.0293011002
 10        0.1146174747
 11       -0.0895456841
 12       -0.0574334716
 13       -0.0770423682
 14        0.0120146826
 15       -0.2927748925
 16        0.1409319674
 17       -0.0390493275
 18       -0.1169483423
 19        0.1621792782
 20       -0.0831268176
 21        0.3351433334
 22       -0.4233068954
 23       -0.1290230019
 24       -0.2520901241
 25        0.1464357367
 26       -0.0216316621
 27       -0.0354955832
 28        0.1192987366
 29       -0.0909133460
 30       -0.0530857703
 31       -0.0928295434
 32       -0.3034558671
 33        0.1010599625
 34        0.0040114418
 35       -0.1119374736
 36        0.1478646953
 37       -0.0863950340
 38        0.3461438984
 39       -0.3982375618
 40       -0.1076579442
 41        0.5203711802
 42       -0.4647565758
 43       -0.2905230533
 44        0.1060464637
 45        0.0507570928
 46        0.0537435888
 47        0.0399258478
 48        0.0445134919
 49        0.0460341463
 50        0.0446849980
 51        0.0374138241
 52        0.0349397734
 53        0.0399230311
 54        0.0614560027
 55        0.0256548102
 56        0.0201043922
 57        0.0346414467
 58        0.0358423209
 59        0.0466782727
 60        0.0608343044
 61        0.0591638717
 62        0.0504329177
 63        0.0496709553
 64        0.0359887389
 65        0.0383986558
 66        0.0337240442
 67        0.0308887945
 68        0.0342591214
 69        0.0332413168
 70        0.0298523784
 71        0.0371888831
 72        0.0387548957
 73        0.0640045071
 74        0.0388422769
 75        0.0630903650
 76        0.0595837736
 77        0.0315829595
 78        0.0274578209
 79        0.0491301668

 --------------------------------------------------------------------------------
                                  command: print                                 
 --------------------------------------------------------------------------------
 res.excitation_1_energy:                0.0948117377

 --------------------------------------------------------------------------------
                                  command: print                                 
 --------------------------------------------------------------------------------
 res.excitation_1_transition_dipole : [
  0.25879672668475473,
  1.5043898733184857,
  -4.117495205975728
]

 --------------------------------------------------------------------------------
                                  command: print                                 
 --------------------------------------------------------------------------------

 res.excitation_1_transition_charges:
                      1
 1        -0.0002236229
 2         0.0306016247
 3        -0.0107671604
 4        -0.0223191736
 5         0.0090961722
 6         0.0121391911
 7         0.0310830406
 8        -0.0001539145
 9        -0.0000186965
 10       -0.0365772626
 11       -0.0042914436
 12        0.0030785589
 13        0.0002110610
 14        0.0005556989
 15       -0.0136121033
 16       -0.0524636307
 17       -0.0878225613
 18       -0.0331096028
 19       -0.0396523871
 20       -0.0011251928
 21       -0.0058175299
 22       -0.0113536082
 23       -0.0003344716
 24       -0.0074226381
 25       -0.0257303711
 26       -0.0004934437
 27        0.0008729750
 28        0.0444638861
 29       -0.0027556620
 30        0.0033974199
 31        0.0004580331
 32        0.0034715236
 33        0.0695263766
 34        0.0570401639
 35        0.0299255383
 36        0.0357755690
 37        0.0016290445
 38        0.0075173679
 39        0.0142280028
 40        0.0001454833
 41        0.0007425044
 42        0.0006356013
 43        0.0001229510
 44        0.0000433451
 45       -0.0000208609
 46       -0.0000812817
 47        0.0013957820
 48        0.0010653871
 49       -0.0010903892
 50       -0.0003701228
 51       -0.0011347959
 52       -0.0008254997
 53        0.0000689476
 54        0.0003385657
 55        0.0000885517
 56        0.0000639782
 57       -0.0000065496
 58       -0.0112145098
 59       -0.0094226282
 60       -0.0008343314
 61        0.0000023194
 62       -0.0009164710
 63       -0.0019442383
 64        0.0051971430
 65       -0.0002528218
 66       -0.0005289179
 67       -0.0003024553
 68        0.0001357327
 69        0.0003499450
 70        0.0000501001
 71        0.0001171729
 72        0.0006235829
 73        0.0054396401
 74        0.0008614674
 75        0.0116489530
 76        0.0007314375
 77        0.0000040313
 78        0.0000269993
 79        0.0000194801

 --------------------------------------------------------------------------------
                                  command: print                                 
 --------------------------------------------------------------------------------
 res.excitation_1_excited_dipole : [
  -1.1586482610965074,
  -1.1698694578574127,
  0.9517433593013482
]

 --------------------------------------------------------------------------------
                                  command: print                                 
 --------------------------------------------------------------------------------

 res.excitation_1_excited_atomic_charges:
                      1
 1         0.3753150532
 2        -0.1064595825
 3        -0.1438431822
 4        -0.1302312439
 5        -0.1065329650
 6        -0.3345654931
 7         0.1903613385
 8        -0.0295873040
 9        -0.0280515366
 10        0.1822235401
 11       -0.0835343910
 12       -0.0525584590
 13       -0.0771214122
 14        0.0124620082
 15       -0.2864989541
 16        0.1896839758
 17       -0.0524153535
 18       -0.1428597864
 19        0.2191609695
 20       -0.0807968894
 21        0.3202554016
 22       -0.4394227976
 23       -0.1292266659
 24       -0.3616022287
 25        0.2095459712
 26       -0.0210217513
 27       -0.0337141480
 28        0.1708131272
 29       -0.0844884603
 30       -0.0486827994
 31       -0.0923029165
 32       -0.3030743118
 33        0.1484237199
 34       -0.0128059536
 35       -0.1259621232
 36        0.1795730338
 37       -0.0842693743
 38        0.3355259707
 39       -0.4087637085
 40       -0.1075212068
 41        0.5189681952
 42       -0.4651666808
 43       -0.2906625830
 44        0.1059862919
 45        0.0507633538
 46        0.0545268994
 47        0.0418331140
 48        0.0470309715
 49        0.0483400216
 50        0.0445110568
 51        0.0373384596
 52        0.0355387596
 53        0.0398246249
 54        0.0614676466
 55        0.0260703414
 56        0.0202100630
 57        0.0346035716
 58        0.0381474671
 59        0.0470549851
 60        0.0591172204
 61        0.0591595979
 62        0.0487171465
 63        0.0558952709
 64        0.0448525499
 65        0.0387467240
 66        0.0340365016
 67        0.0315869551
 68        0.0343855872
 69        0.0332101066
 70        0.0298906773
 71        0.0374225341
 72        0.0388343151
 73        0.0637800246
 74        0.0388859593
 75        0.0635510924
 76        0.0580049074
 77        0.0315735416
 78        0.0274274324
 79        0.0491061852

 --------------------------------------------------------------------------------
                                  command: print                                 
 --------------------------------------------------------------------------------
 res.excitation_2_energy:                0.1019042125

 --------------------------------------------------------------------------------
                                  command: print                                 
 --------------------------------------------------------------------------------
 res.excitation_2_transition_dipole : [
  -0.20563287606418315,
  2.5032373176183946,
  0.7843757280281209
]

 --------------------------------------------------------------------------------
                                  command: print                                 
 --------------------------------------------------------------------------------

 res.excitation_2_transition_charges:
                      1
 1         0.0018793398
 2        -0.0892005632
 3        -0.0635876312
 4         0.0633695908
 5         0.0545209742
 6        -0.1113319822
 7        -0.0072980894
 8         0.0002091965
 9        -0.0012807722
 10       -0.0086502973
 11       -0.0009901655
 12       -0.0005577667
 13       -0.0000045226
 14       -0.0000349677
 15        0.0280446705
 16        0.0027056503
 17       -0.0187481376
 18        0.0060514520
 19       -0.0111497419
 20       -0.0002561534
 21        0.0008092948
 22        0.0011431490
 23        0.0003474048
 24        0.1196826323
 25        0.0022823998
 26        0.0014219666
 27        0.0008846976
 28        0.0176149921
 29        0.0002408487
 30        0.0012038662
 31       -0.0000187231
 32       -0.0187493388
 33        0.0078749532
 34        0.0220853455
 35       -0.0027285767
 36        0.0150023634
 37        0.0008012749
 38       -0.0009299572
 39       -0.0027557704
 40       -0.0007176077
 41       -0.0046877629
 42       -0.0025189955
 43       -0.0006091715
 44       -0.0002771046
 45        0.0000429790
 46       -0.0000350583
 47        0.0006584760
 48       -0.0001449953
 49       -0.0003266398
 50       -0.0003722222
 51       -0.0006413484
 52       -0.0002852360
 53       -0.0000585682
 54       -0.0001548137
 55       -0.0000110978
 56       -0.0000119760
 57       -0.0000939756
 58       -0.0011878601
 59       -0.0028649855
 60        0.0001536477
 61        0.0000282307
 62        0.0002168046
 63       -0.0001846614
 64        0.0022398058
 65        0.0000742631
 66        0.0003116070
 67        0.0002515997
 68        0.0000196745
 69        0.0002446878
 70        0.0000270761
 71        0.0000643945
 72        0.0002042642
 73        0.0028722593
 74       -0.0000238320
 75        0.0043203401
 76       -0.0061346762
 77       -0.0000518579
 78       -0.0001099348
 79       -0.0001286345

 --------------------------------------------------------------------------------
                                  command: print                                 
 --------------------------------------------------------------------------------
 res.excitation_3_energy:                0.1493322463

 --------------------------------------------------------------------------------
                                  command: print                                 
 --------------------------------------------------------------------------------
 res.excitation_3_transition_dipole : [
  -0.23755384248910819,
  1.8091332362066554,
  0.6690536251544276
]

 --------------------------------------------------------------------------------
                                  command: print                                 
 --------------------------------------------------------------------------------

 res.excitation_3_transition_charges:
                      1
 1         0.0003504024
 2         0.0154526192
 3         0.0086481285
 4        -0.0129760820
 5        -0.0095287962
 6        -0.0022835958
 7        -0.0633063024
 8        -0.0003125083
 9        -0.0001860305
 10       -0.0531351149
 11       -0.0036641149
 12       -0.0078205568
 13       -0.0004988597
 14       -0.0061778198
 15       -0.0340581937
 16       -0.0231105948
 17       -0.0017968843
 18       -0.0179984163
 19        0.0834640856
 20       -0.0003174532
 21       -0.0100537958
 22       -0.0147254569
 23       -0.0000016251
 24        0.0024533709
 25        0.0878796500
 26       -0.0010663783
 27       -0.0004781157
 28        0.0605695653
 29        0.0090602268
 30        0.0044765221
 31        0.0006659096
 32        0.0114523143
 33        0.0344937047
 34       -0.0301298519
 35        0.0033275164
 36       -0.0325252100
 37       -0.0000782893
 38       -0.0008651348
 39       -0.0011134969
 40       -0.0002115008
 41        0.0009057405
 42        0.0004152086
 43        0.0001576936
 44        0.0000346668
 45        0.0002251225
 46       -0.0004879283
 47        0.0009869944
 48       -0.0012082231
 49       -0.0010782086
 50       -0.0001969219
 51       -0.0008806732
 52       -0.0005649862
 53       -0.0002565011
 54       -0.0002852895
 55        0.0008150039
 56       -0.0003993334
 57        0.0000719625
 58       -0.0007342727
 59        0.0002536401
 60       -0.0013710700
 61        0.0000183016
 62       -0.0015511700
 63        0.0061030299
 64        0.0048737680
 65        0.0015672594
 66        0.0024785528
 67        0.0020701582
 68        0.0004872129
 69        0.0005013815
 70        0.0001852806
 71        0.0000444006
 72        0.0006101315
 73       -0.0021496846
 74       -0.0004425106
 75       -0.0058544224
 76        0.0007626219
 77        0.0000193688
 78        0.0000264778
 79       -0.0000266192

 --------------------------------------------------------------------------------
                                  command: print                                 
 --------------------------------------------------------------------------------
 res.excitation_4_energy:                0.1627848901

 --------------------------------------------------------------------------------
                                  command: print                                 
 --------------------------------------------------------------------------------
 res.excitation_4_transition_dipole : [
  -0.06796915993864662,
  -0.6531912175368612,
  1.6650365992049203
]

 --------------------------------------------------------------------------------
                                  command: print                                 
 --------------------------------------------------------------------------------

 res.excitation_4_transition_charges:
                      1
 1         0.0063333664
 2        -0.0458088181
 3         0.0498364496
 4         0.0334985994
 5        -0.0587449757
 6         0.0193434075
 7         0.0148149837
 8        -0.0012450622
 9         0.0003431938
 10       -0.0122420549
 11       -0.0009129170
 12        0.0014502128
 13       -0.0002116847
 14        0.0003438626
 15        0.0849440262
 16        0.0002571915
 17       -0.0002103479
 18        0.0034338037
 19        0.0231722246
 20        0.0003267984
 21        0.0020927351
 22        0.0016893551
 23        0.0009281307
 24       -0.0450125405
 25       -0.0069551871
 26        0.0007930393
 27       -0.0001515889
 28        0.0247390335
 29       -0.0000756672
 30        0.0016262209
 31       -0.0001219337
 32       -0.0651803285
 33        0.0050658350
 34       -0.0115436385
 35       -0.0001061840
 36       -0.0131071239
 37       -0.0000495019
 38        0.0000026101
 39        0.0000861962
 40        0.0012329536
 41       -0.0056354967
 42       -0.0016618033
 43       -0.0008026804
 44       -0.0003073204
 45        0.0003609900
 46       -0.0001865642
 47        0.0004401040
 48        0.0001287774
 49       -0.0003486148
 50       -0.0003208745
 51       -0.0004024400
 52       -0.0001845108
 53        0.0001152826
 54        0.0001702745
 55       -0.0001560348
 56        0.0000771825
 57        0.0001816004
 58       -0.0000678590
 59        0.0001067247
 60        0.0003023942
 61        0.0002014412
 62        0.0003727000
 63        0.0010555682
 64        0.0020120936
 65       -0.0002898584
 66       -0.0003152557
 67       -0.0002485166
 68        0.0001533183
 69        0.0003443508
 70        0.0000626516
 71        0.0000245646
 72        0.0002331708
 73       -0.0011459323
 74        0.0000336595
 75       -0.0021866881
 76       -0.0065733664
 77       -0.0002151024
 78       -0.0002150780
 79        0.0002124727

 --------------------------------------------------------------------------------

 End time:                               Mon Jul  5 14:42:15 2021
 Total wall-clock time:                  0.471 seconds
==================================================================================
