
================================================================================
          _____________ ________ _______________ ________     _________         
         / ___________// ______ \\_____   _____// ______ \   / ________)        
        / /_________  / /      \ \     | |     / /      \ \ | (_______          
       |  __________|| |        | |    | |    | |        | | \________ \        
        \ \_________ | |        | |    | |     \ \______/ /___________) |       
         \__________||_|        |_|    |_|      \________//____________/        
                                                                                
====================================[ Qcore ]===================================

 Git hash:   035eaa6e02832a1eaacaa1f2c2b4151870260895
 Git date:   Fri, 20 Aug 2021 11:46:14 +0100
 Compiler:   GNU 9.1.0
 Build type: Release
 Version:    2.0.0

 Start time: Fri Aug 20 13:47:31 2021

 Data directory: /home/of15641/.local/src/Qcore/release/share/entos/2.0.0/data
 Number of threads: 2
 Number of threads was determined by: command line argument
  - More threads can be used by running 'qcore -n 28'

 --------------------------------------------------------------------------------
                                   command: xtb                                  
 --------------------------------------------------------------------------------
 XTB basis setup:                        reference basis
 Implicit solvation model:               none
 Number of basis functions:            244
 GFN version:                            chlorophyll
 Integral screening threshold:           1.00e-10
 Total charge:                           0.000000000
 Number of electrons:                  218.000000000
 Electronic temperature (Kelvin):        0.000000000

 D3BJ energy:                           -0.062562646
 Repulsive energy:                       1.518583266

 ****************************************************
  Running robust self-consistent charge (SCC) solver 
 ****************************************************
 Number of SCC trials:                   4
 Using the stop-early mechanism for the first 3 trials

 Conv. threshold (charge):               1.00e-05
 Conv. threshold (energy):               1.00e-06
 Initial guess:                          eeq

 -------------
  SCC Trial 1 
 -------------
 Broyden mixing factor:                  0.400000000
 Max number of iterations:             128

 ---------------------------------------------------------------
                  energy        change          grad        time
 ---------------------------------------------------------------
   0      -125.881408672                    6.23e-01        0.02
   1      -126.546249925     -6.65e-01      3.67e-01        0.01
   2      -126.553343466     -7.09e-03      1.27e-01        0.01
   3      -126.591600863     -3.83e-02      1.49e-02        0.01
   4      -126.593961427     -2.36e-03      1.05e-02        0.01
   5      -126.601771434     -7.81e-03      3.00e-03        0.01
   6      -126.602328904     -5.57e-04      9.41e-04        0.01
   7      -126.602378374     -4.95e-05      2.60e-04        0.01
   8      -126.602381195     -2.82e-06      7.48e-05        0.01
   9      -126.602381243     -4.81e-08      3.01e-05        0.01
  10      -126.602381252     -8.57e-09      1.12e-05        0.01
  11      -126.602381253     -1.47e-09      3.93e-06        0.01
  12      -126.602381253     -1.05e-10      1.16e-06        0.01

 SCF converged in 11 iterations.

 Entropy contribution (-ST):             0.000000000
 Dipole moment (in Debye):              -2.344112       2.618298      -1.461213

 ----------------
  Excitation 0 1 
 ----------------
 Setting up Delta-SCF
 Ground-Excited state overlap:          -0.000000000
 No correction applied to the TDM.
 Excitation energy:                      0.064990624
 Excitation energy (in eV):              1.768484974
 Transition dipole:                      0.06628      -1.86383       2.08766

 -----------------
  Excitation -1 1 
 -----------------
 Setting up Delta-SCF
 Ground-Excited state overlap:           0.000000000
 No correction applied to the TDM.
 Excitation energy:                      0.082077976
 Excitation energy (in eV):              2.233455497
 Transition dipole:                      0.27184      -1.20657      -1.25560

 ----------------
  Excitation 0 2 
 ----------------
 Setting up Delta-SCF
 Ground-Excited state overlap:           0.000000000
 No correction applied to the TDM.
 Excitation energy:                      0.112403733
 Excitation energy (in eV):              3.058661407
 Transition dipole:                     -0.05706      -0.40116      -0.45276

 -----------------
  Excitation -1 2 
 -----------------
 Setting up Delta-SCF
 Ground-Excited state overlap:           0.000000000
 No correction applied to the TDM.
 Excitation energy:                      0.131257045
 Excitation energy (in eV):              3.571686154
 Transition dipole:                      0.04990       0.58326      -0.39870
 TOTAL ENERGY:                        -126.602381253
 Saving results in set 'res'

 --------------------------------------------------------------------------------
                                  command: print                                 
 --------------------------------------------------------------------------------
 res.energy:                          -126.6023812532

 --------------------------------------------------------------------------------
                                  command: print                                 
 --------------------------------------------------------------------------------

 res.dipole:
                      1
 1        -0.9222444240
 2         1.0301178684
 3        -0.5748852686

 --------------------------------------------------------------------------------
                                  command: print                                 
 --------------------------------------------------------------------------------

 res.atomic_charges:
                      1
 1         0.4471553396
 2        -0.0525431361
 3        -0.1035943892
 4        -0.0950742950
 5        -0.0775609396
 6        -0.2174396898
 7         0.1259181605
 8        -0.0264388086
 9        -0.0162675579
 10        0.1102239289
 11       -0.0941689916
 12       -0.0315491924
 13       -0.0754308060
 14        0.0132069777
 15       -0.2534150625
 16        0.1248582859
 17       -0.0206382225
 18       -0.1162108450
 19        0.1530209117
 20       -0.0939162543
 21        0.3637298641
 22       -0.4688271473
 23       -0.1393729223
 24       -0.2341799257
 25        0.1401789336
 26       -0.0078715826
 27       -0.0306204445
 28        0.1183840087
 29       -0.0934679668
 30       -0.0312727549
 31       -0.0953499906
 32       -0.2676625039
 33        0.0931471076
 34        0.0198562376
 35       -0.1209487271
 36        0.1327378747
 37       -0.0959562450
 38        0.3699935784
 39       -0.4469379001
 40       -0.0936802201
 41        0.5514695055
 42       -0.4939498315
 43       -0.3428738855
 44        0.1150073480
 45        0.0386148409
 46        0.0475070371
 47        0.0268368032
 48        0.0321199609
 49        0.0288841268
 50        0.0429920186
 51        0.0323205117
 52        0.0343945125
 53        0.0268558795
 54        0.0471172814
 55        0.0194624594
 56        0.0151018294
 57        0.0371959422
 58        0.0351625897
 59        0.0470024677
 60        0.0603405704
 61        0.0679760271
 62        0.0462370353
 63        0.0344420561
 64        0.0259576590
 65        0.0371610451
 66        0.0264784353
 67        0.0262296434
 68        0.0259721003
 69        0.0218038636
 70        0.0278755521
 71        0.0391145936
 72        0.0321027787
 73        0.0696813720
 74        0.0451638776
 75        0.0647486361
 76        0.0553851917
 77        0.0445075088
 78        0.0424192966
 79        0.0531666721

 --------------------------------------------------------------------------------
                                  command: print                                 
 --------------------------------------------------------------------------------
 res.excitation_1_energy:                0.0649906241

 --------------------------------------------------------------------------------
                                  command: print                                 
 --------------------------------------------------------------------------------
 res.excitation_1_transition_dipole : [
  0.06628499075708655,
  -1.863828841751731,
  2.087661304696235
]

 --------------------------------------------------------------------------------
                                  command: print                                 
 --------------------------------------------------------------------------------

 res.excitation_1_transition_charges:
                      1
 1        -0.0002573067
 2         0.0160201585
 3        -0.0107815982
 4        -0.0119680969
 5         0.0092358599
 6         0.0012855835
 7         0.0187219301
 8        -0.0001587619
 9         0.0000239069
 10       -0.0233683256
 11       -0.0025097973
 12        0.0016155912
 13        0.0001905967
 14        0.0003482386
 15       -0.0056064667
 16       -0.0343683274
 17       -0.0608106897
 18       -0.0212385233
 19       -0.0235703453
 20       -0.0007859239
 21       -0.0052819612
 22       -0.0077415846
 23       -0.0002051299
 24       -0.0003544736
 25       -0.0156547643
 26       -0.0004077714
 27        0.0006383614
 28        0.0292068412
 29       -0.0013209900
 30        0.0014079994
 31        0.0004295406
 32        0.0009966106
 33        0.0455174791
 34        0.0419119390
 35        0.0183306243
 36        0.0236999672
 37        0.0011766825
 38        0.0063687982
 39        0.0093740034
 40        0.0000461749
 41        0.0001019774
 42        0.0002241460
 43        0.0000246723
 44        0.0000032448
 45       -0.0000093526
 46       -0.0001069764
 47        0.0008779799
 48        0.0002728282
 49       -0.0002795741
 50       -0.0003780113
 51       -0.0005480746
 52       -0.0005440712
 53        0.0000840816
 54        0.0002120151
 55       -0.0000175992
 56        0.0000785577
 57       -0.0000199708
 58       -0.0042661324
 59       -0.0041348179
 60       -0.0004372173
 61        0.0000031478
 62       -0.0004564308
 63       -0.0006800744
 64        0.0024347808
 65       -0.0002242734
 66       -0.0002866131
 67       -0.0002746652
 68        0.0000725225
 69        0.0001692434
 70        0.0000030437
 71        0.0000380963
 72        0.0002047747
 73        0.0022824916
 74        0.0004550096
 75        0.0048632256
 76        0.0000963739
 77       -0.0000005369
 78        0.0000053960
 79        0.0000007331

 --------------------------------------------------------------------------------
                                  command: print                                 
 --------------------------------------------------------------------------------
 res.excitation_1_excited_dipole : [
  -1.2228049793743758,
  1.0073766086711196,
  -0.5139768521398551
]

 --------------------------------------------------------------------------------
                                  command: print                                 
 --------------------------------------------------------------------------------

 res.excitation_1_excited_atomic_charges:
                      1
 1         0.4476037815
 2        -0.1194633088
 3        -0.1472188775
 4        -0.1464602856
 5        -0.1111714920
 6        -0.2912764730
 7         0.1877448451
 8        -0.0250866879
 9        -0.0149030496
 10        0.1879111838
 11       -0.0888398749
 12       -0.0282373868
 13       -0.0755618573
 14        0.0132620472
 15       -0.2536588411
 16        0.1770771046
 17       -0.0480070784
 18       -0.1450433604
 19        0.2152362337
 20       -0.0926667058
 21        0.3404641257
 22       -0.4886025707
 23       -0.1397949370
 24       -0.3131379293
 25        0.2044332333
 26       -0.0071911438
 27       -0.0286686757
 28        0.1796643972
 29       -0.0879105678
 30       -0.0282776117
 31       -0.0943497003
 32       -0.2693212512
 33        0.1484879219
 34       -0.0030161030
 35       -0.1335158528
 36        0.1717082456
 37       -0.0947335771
 38        0.3540638416
 39       -0.4603906913
 40       -0.0937761030
 41        0.5503913895
 42       -0.4946177747
 43       -0.3429964579
 44        0.1149438944
 45        0.0386290363
 46        0.0480963202
 47        0.0283073976
 48        0.0339272411
 49        0.0305083375
 50        0.0431304725
 51        0.0326037849
 52        0.0351290885
 53        0.0267744053
 54        0.0472366979
 55        0.0194528925
 56        0.0151616032
 57        0.0371466554
 58        0.0354957095
 59        0.0462610201
 60        0.0585321195
 61        0.0679605949
 62        0.0447386806
 63        0.0389752716
 64        0.0343174951
 65        0.0380401008
 66        0.0271890080
 67        0.0270226322
 68        0.0261039557
 69        0.0218738516
 70        0.0278773125
 71        0.0392461070
 72        0.0322136059
 73        0.0687782685
 74        0.0451872785
 75        0.0648536900
 76        0.0540764446
 77        0.0445031785
 78        0.0423927613
 79        0.0531609621

 --------------------------------------------------------------------------------
                                  command: print                                 
 --------------------------------------------------------------------------------
 res.excitation_2_energy:                0.0820779756

 --------------------------------------------------------------------------------
                                  command: print                                 
 --------------------------------------------------------------------------------
 res.excitation_2_transition_dipole : [
  0.27184209213820903,
  -1.206571479700878,
  -1.2555961500414665
]

 --------------------------------------------------------------------------------
                                  command: print                                 
 --------------------------------------------------------------------------------

 res.excitation_2_transition_charges:
                      1
 1         0.0017857455
 2        -0.0705873021
 3        -0.0446028434
 4         0.0482854231
 5         0.0387285387
 6        -0.0507325618
 7        -0.0080009345
 8         0.0005033568
 9        -0.0009841824
 10       -0.0043409846
 11       -0.0005495964
 12       -0.0005659781
 13        0.0000268973
 14       -0.0000505953
 15        0.0107646629
 16        0.0087133748
 17       -0.0223777618
 18        0.0188453643
 19       -0.0068320197
 20       -0.0003684704
 21        0.0034542798
 22        0.0055464807
 23        0.0003763269
 24        0.0522050851
 25        0.0042112916
 26        0.0011670988
 27        0.0007705585
 28        0.0113730936
 29        0.0004036775
 30        0.0004808660
 31        0.0000799775
 32       -0.0074293955
 33       -0.0009340254
 34        0.0236551705
 35       -0.0121055653
 36        0.0119342232
 37        0.0008454182
 38       -0.0031309261
 39       -0.0064150415
 40       -0.0006535341
 41       -0.0018796732
 42       -0.0013255370
 43       -0.0002236236
 44       -0.0001342133
 45        0.0000350522
 46       -0.0000316069
 47        0.0003553542
 48       -0.0000885710
 49       -0.0001194123
 50       -0.0003722005
 51       -0.0002899552
 52       -0.0002367131
 53       -0.0000236532
 54       -0.0001069835
 55        0.0000059561
 56       -0.0000185655
 57       -0.0000540832
 58       -0.0007980581
 59       -0.0022943619
 60        0.0004471157
 61        0.0000318926
 62        0.0003196184
 63        0.0000824099
 64        0.0009708111
 65        0.0000900585
 66        0.0001780345
 67        0.0003346555
 68       -0.0000276003
 69        0.0000836281
 70        0.0000020283
 71        0.0000243179
 72        0.0000591967
 73        0.0019929183
 74        0.0000311860
 75        0.0025514514
 76       -0.0029884799
 77       -0.0000170057
 78       -0.0000438415
 79       -0.0000167394

 --------------------------------------------------------------------------------
                                  command: print                                 
 --------------------------------------------------------------------------------
 res.excitation_3_energy:                0.1124037335

 --------------------------------------------------------------------------------
                                  command: print                                 
 --------------------------------------------------------------------------------
 res.excitation_3_transition_dipole : [
  -0.057062479545744,
  -0.40115599738426194,
  -0.45275867720668533
]

 --------------------------------------------------------------------------------
                                  command: print                                 
 --------------------------------------------------------------------------------

 res.excitation_3_transition_charges:
                      1
 1        -0.0001395284
 2        -0.0014309645
 3         0.0003208753
 4        -0.0042730066
 5        -0.0100548267
 6         0.0003897251
 7        -0.0045205630
 8         0.0000223806
 9         0.0001360385
 10        0.0124377006
 11        0.0017821601
 12       -0.0011494109
 13       -0.0001566017
 14       -0.0006962516
 15       -0.0098830197
 16        0.0111579197
 17       -0.0450266004
 18       -0.0150135973
 19        0.0582873488
 20       -0.0002313360
 21       -0.0148717010
 22       -0.0165675440
 23       -0.0002292736
 24        0.0000729808
 25        0.0562640230
 26       -0.0004967190
 27       -0.0000122617
 28        0.0323177979
 29        0.0047588988
 30        0.0013725253
 31        0.0003667878
 32        0.0010682878
 33        0.0104231618
 34       -0.0342076732
 35       -0.0078777528
 36       -0.0047329293
 37       -0.0004649495
 38       -0.0073987255
 39       -0.0084013622
 40        0.0000254984
 41        0.0000432260
 42       -0.0000208838
 43        0.0000059194
 44       -0.0000002840
 45        0.0000942795
 46       -0.0000917591
 47        0.0004376125
 48        0.0001003031
 49        0.0000721173
 50        0.0002963761
 51        0.0003195279
 52        0.0004910216
 53       -0.0000939938
 54       -0.0001831866
 55        0.0000614128
 56       -0.0001174000
 57       -0.0000144322
 58       -0.0027488157
 59       -0.0030801588
 60       -0.0012164605
 61        0.0000251390
 62       -0.0011484042
 63        0.0027246640
 64        0.0021129863
 65        0.0011362160
 66        0.0013617734
 67        0.0011825160
 68        0.0001823154
 69        0.0001539740
 70        0.0000116285
 71        0.0000091297
 72        0.0000805643
 73       -0.0015888544
 74       -0.0003119363
 75       -0.0037312519
 76        0.0000797527
 77       -0.0000014229
 78       -0.0000001073
 79       -0.0000006161

 --------------------------------------------------------------------------------
                                  command: print                                 
 --------------------------------------------------------------------------------
 res.excitation_4_energy:                0.1312570452

 --------------------------------------------------------------------------------
                                  command: print                                 
 --------------------------------------------------------------------------------
 res.excitation_4_transition_dipole : [
  0.04989872694317871,
  0.5832644152525904,
  -0.3987014171565843
]

 --------------------------------------------------------------------------------
                                  command: print                                 
 --------------------------------------------------------------------------------

 res.excitation_4_transition_charges:
                      1
 1         0.0023641092
 2         0.0061502349
 3         0.0007884527
 4         0.0155823669
 5        -0.0427539444
 6         0.0093967796
 7         0.0019368250
 8        -0.0005460493
 9         0.0005579173
 10        0.0023252518
 11        0.0003039945
 12        0.0004086645
 13       -0.0001004023
 14        0.0001003961
 15        0.0217121137
 16       -0.0031411915
 17       -0.0168245118
 18        0.0130490374
 19        0.0171209283
 20       -0.0001460640
 21        0.0100714449
 22        0.0120318605
 23        0.0008483912
 24       -0.0273771867
 25       -0.0144789804
 26        0.0008272578
 27        0.0004115011
 28        0.0129566765
 29       -0.0008861489
 30        0.0005017322
 31        0.0000546913
 32       -0.0083891100
 33        0.0000171082
 34       -0.0192957453
 35        0.0050514373
 36       -0.0021426311
 37       -0.0003416836
 38        0.0035136794
 39        0.0055822772
 40        0.0000826142
 41       -0.0012616855
 42       -0.0003326176
 43       -0.0001587389
 44       -0.0001171952
 45        0.0001699876
 46       -0.0000282230
 47        0.0001706624
 48       -0.0000136728
 49        0.0000558969
 50        0.0002593175
 51        0.0000747459
 52        0.0002111798
 53        0.0000263875
 54        0.0000904816
 55       -0.0000172591
 56        0.0000290133
 57       -0.0000244064
 58       -0.0005569849
 59       -0.0017191411
 60        0.0013040682
 61        0.0002105621
 62        0.0008372831
 63       -0.0001155420
 64        0.0007737104
 65       -0.0004240511
 66       -0.0002238196
 67       -0.0006767365
 68        0.0000165091
 69        0.0000925636
 70        0.0000009103
 71        0.0000055673
 72        0.0000218809
 73       -0.0013916939
 74       -0.0000094979
 75       -0.0019587525
 76       -0.0025741259
 77       -0.0000509632
 78       -0.0000426344
 79        0.0000229191

 --------------------------------------------------------------------------------

 End time:                               Fri Aug 20 13:47:31 2021
 Total wall-clock time:                  0.634 seconds
==================================================================================
