
================================================================================
          _____________ ________ _______________ ________     _________         
         / ___________// ______ \\_____   _____// ______ \   / ________)        
        / /_________  / /      \ \     | |     / /      \ \ | (_______          
       |  __________|| |        | |    | |    | |        | | \________ \        
        \ \_________ | |        | |    | |     \ \______/ /___________) |       
         \__________||_|        |_|    |_|      \________//____________/        
                                                                                
====================================[ Qcore ]===================================

 Git hash:   ad9d0b24ea610736acb9cf13a2604964cd4d942e
 Git date:   Wed, 30 Jun 2021 12:42:56 +0100
 Compiler:   GNU 9.1.0
 Build type: Release
 Version:    1.4.1

 Start time: Wed Jun 30 13:19:47 2021

 Data directory: /home/of15641/.local/src/Qcore/release/share/entos/1.4.1/data
 Number of threads: 2
 Number of threads was determined by: command line argument
  - More threads can be used by running 'qcore -n 24'

 --------------------------------------------------------------------------------
                                   command: xtb                                  
 --------------------------------------------------------------------------------
 XTB basis setup:                        reference basis
 Number of basis functions:            244
 GFN version:                            chlorophyll
 Integral screening threshold:           1.00e-10
 Total charge:                           0.000000000
 Number of electrons:                  218.000000000
 Electronic temperature (Kelvin):        0.000000000

 D3BJ energy:                           -0.062532551
 Repulsive energy:                       1.521558493

 ****************************************************
  Running robust self-consistent charge (SCC) solver 
 ****************************************************
 Number of SCC trials:                   4
 Using the stop-early mechanism for the first 3 trials

 Conv. threshold (charge):               1.00e-05
 Conv. threshold (energy):               1.00e-06
 Initial guess:                          eeq

 -------------
  SCC Trial 1 
 -------------
 Broyden mixing factor:                  0.400000000
 Max number of iterations:             128

 ---------------------------------------------------------------
                  energy        change          grad        time
 ---------------------------------------------------------------
   0      -130.296895957                    6.61e-01        0.01
   1      -130.889096549     -5.92e-01      3.88e-01        0.01
   2      -130.898028418     -8.93e-03      1.03e-01        0.01
   3      -130.909488121     -1.15e-02      1.05e-02        0.01
   4      -130.910040482     -5.52e-04      5.71e-03        0.01
   5      -130.912303818     -2.26e-03      1.38e-03        0.01
   6      -130.912417444     -1.14e-04      4.09e-04        0.01
   7      -130.912425146     -7.70e-06      1.58e-04        0.01
   8      -130.912425936     -7.90e-07      4.48e-05        0.01
   9      -130.912425950     -1.42e-08      1.59e-05        0.01
  10      -130.912425952     -1.31e-09      4.94e-06        0.01
  11      -130.912425952     -1.80e-10      1.72e-06        0.01

 SCF converged in 10 iterations.

 Entropy contribution (-ST):             0.000000000
 Dipole moment (in Debye):              -2.523586       1.429091      -2.877416

 ----------------
  Excitation 0 1 
 ----------------
 Setting up Delta-SCF
 Ground-Excited state overlap:          -0.000000000
 No correction applied to the TDM.
 Excitation energy:                      0.095287745
 Excitation energy (in eV):              2.592911621
 Transition dipole:                     -0.12799      -1.10307       4.23906
 ------------------------------------------------------
           transition charges and positions           
           --------------------------------           
        atom     charge/e     x/bohr        y/bohr        z/bohr
 ------------------------------------------------------
     1  Mg       0.000007     59.587902      5.364555      4.526518
     2  C        0.020019     58.445072      9.145235     10.017741
     3  C       -0.017698     57.734459     10.432460      0.996755
     4  C       -0.016146     59.757921      1.808732     -0.294287
     5  C        0.014887     59.269408      0.078575      8.441860
     6  N        0.000958     58.299487      9.199697      5.590566
     7  C        0.030430     58.053596     10.448560      7.756343
     8  C       -0.000141     57.479422     13.313328      7.393421
     9  C       -0.000161     56.265462     13.209828      4.637841
    10  C       -0.036513     57.558696     10.844156      3.655108
    11  C       -0.004507     53.416416     12.772999      4.650522
    12  C        0.002933     59.934081     14.965081      7.433710
    13  C        0.000205     59.501466     17.813182      7.710442
    14  H        0.000511     61.304397     19.289927      9.169839
    15  N       -0.010729     59.749361      6.215290      0.895050
    16  C       -0.050690     58.935701      8.377572     -0.207870
    17  C       -0.092756     59.471703      8.099498     -2.936256
    18  C       -0.030519     60.333872      5.457094     -3.378244
    19  C       -0.040594     59.929036      4.359712     -0.919956
    20  C       -0.001205     59.241383     10.225629     -4.790739
    21  C       -0.005473     61.341209      4.126255     -5.660051
    22  O       -0.010688     61.563535      1.722240     -5.752289
    23  C       -0.000274     61.911453      5.717366     -7.874375
    24  N        0.004964     59.112372      1.478862      4.040008
    25  C       -0.024637     59.391806      0.405176      1.768954
    26  C       -0.000360     59.494871     -2.420418      1.969151
    27  C        0.001001     59.688719     -3.042629      4.915442
    28  C        0.047777     59.496969     -0.315887      5.960631
    29  C       -0.002824     57.245530     -3.852074      0.827095
    30  C        0.003502     61.935717     -4.710520      5.776326
    31  C        0.000487     64.390018     -3.290429      5.419848
    32  N        0.001224     59.305086      4.681796      8.561026
    33  C        0.069578     59.157291      2.329371      9.772379
    34  C        0.058064     58.783673      2.831339     12.487537
    35  C        0.028899     58.708235      5.457661     12.663981
    36  C        0.039096     58.965597      6.527473     10.207885
    37  C        0.001622     58.453008      0.972415     14.401811
    38  C        0.007322     58.423453      7.608037     14.350240
    39  O        0.013552     58.317761      7.876378     16.660203
    40  C        0.000078     58.010869     10.075113     12.677247
    41  C        0.000218     59.745392     12.092414     13.679368
    42  O        0.000377     62.086196     11.877760     13.489508
    43  O        0.000054     58.384449     14.142691     14.290978
    44  C        0.000012     59.998408     16.236092     15.246254
    45  H       -0.000017     56.772645     11.736541     -0.280284
    46  H       -0.000088     60.017910      0.514006     -1.879956
    47  H        0.001383     59.313250     -1.474497      9.798627
    48  H        0.001048     56.121238     14.093332      8.731669
    49  H       -0.001158     56.798515     14.842174      3.500850
    50  H       -0.000416     52.726382     12.360755      6.546843
    51  H       -0.001187     53.101266     11.162952      3.404474
    52  H       -0.000832     52.428580     14.360596      3.785121
    53  H        0.000063     60.811595     14.923148      5.570686
    54  H        0.000309     61.219719     14.324483      8.911533
    55  H        0.000083     57.574645     18.227410      8.311658
    56  H        0.000061     59.651586     18.673102      5.844677
    57  H       -0.000016     58.270612     11.844388     -3.969483
    58  H       -0.011635     57.986548      9.581762     -6.291484
    59  H       -0.009957     61.063760     10.758551     -5.589810
    60  H       -0.000777     60.200022      6.701252     -8.463686
    61  H        0.000005     62.770730      4.467256     -9.266215
    62  H       -0.000815     63.256371      7.176348     -7.319060
    63  H       -0.001999     61.155336     -3.169109      1.010455
    64  H        0.005343     58.025893     -4.044997      5.604758
    65  H       -0.000243     57.783422     -5.228154     -0.608889
    66  H       -0.000498     55.928448     -2.464959      0.064780
    67  H       -0.000286     56.060577     -4.832616      2.196315
    68  H        0.000138     62.047457     -6.412729      4.623650
    69  H        0.000382     61.806063     -5.295598      7.747159
    70  H        0.000056     64.831099     -3.624721      3.436939
    71  H        0.000118     65.854858     -4.068448      6.642822
    72  H        0.000688     64.126495     -1.261184      5.658407
    73  H        0.005841     59.606422      1.576825     15.997628
    74  H        0.000838     59.014106     -0.894218     13.737100
    75  H        0.011599     56.424539      1.117093     14.727902
    76  H        0.000090     56.027828     10.595260     12.867825
    77  H       -0.000001     59.277118     16.759055     17.103514
    78  H        0.000014     60.006798     17.684359     13.781206
    79  H        0.000006     61.945978     15.746313     15.709199
 ------------------------------------------------------


 -----------------
  Excitation -1 1 
 -----------------
 Setting up Delta-SCF
 Ground-Excited state overlap:           0.000000000
 No correction applied to the TDM.
 Excitation energy:                      0.102301089
 Excitation energy (in eV):              2.783754451
 Transition dipole:                      0.35437      -2.48030      -0.71488
 ------------------------------------------------------
           transition charges and positions           
           --------------------------------           
        atom     charge/e     x/bohr        y/bohr        z/bohr
 ------------------------------------------------------
     1  Mg       0.001802     59.587902      5.364555      4.526518
     2  C       -0.085888     58.445072      9.145235     10.017741
     3  C       -0.067020     57.734459     10.432460      0.996755
     4  C        0.067535     59.757921      1.808732     -0.294287
     5  C        0.053814     59.269408      0.078575      8.441860
     6  N       -0.113095     58.299487      9.199697      5.590566
     7  C       -0.010079     58.053596     10.448560      7.756343
     8  C        0.000210     57.479422     13.313328      7.393421
     9  C       -0.001257     56.265462     13.209828      4.637841
    10  C       -0.005267     57.558696     10.844156      3.655108
    11  C       -0.000628     53.416416     12.772999      4.650522
    12  C       -0.000799     59.934081     14.965081      7.433710
    13  C       -0.000022     59.501466     17.813182      7.710442
    14  H       -0.000077     61.304397     19.289927      9.169839
    15  N        0.029365     59.749361      6.215290      0.895050
    16  C        0.007762     58.935701      8.377572     -0.207870
    17  C       -0.010910     59.471703      8.099498     -2.936256
    18  C        0.008364     60.333872      5.457094     -3.378244
    19  C       -0.007442     59.929036      4.359712     -0.919956
    20  C       -0.000112     59.241383     10.225629     -4.790739
    21  C        0.001143     61.341209      4.126255     -5.660051
    22  O        0.001899     61.563535      1.722240     -5.752289
    23  C        0.000358     61.911453      5.717366     -7.874375
    24  N        0.118663     59.112372      1.478862      4.040008
    25  C        0.004890     59.391806      0.405176      1.768954
    26  C        0.001514     59.494871     -2.420418      1.969151
    27  C        0.000827     59.688719     -3.042629      4.915442
    28  C        0.012637     59.496969     -0.315887      5.960631
    29  C        0.000574     57.245530     -3.852074      0.827095
    30  C        0.000765     61.935717     -4.710520      5.776326
    31  C       -0.000067     64.390018     -3.290429      5.419848
    32  N       -0.015937     59.305086      4.681796      8.561026
    33  C       -0.000309     59.157291      2.329371      9.772379
    34  C        0.014844     58.783673      2.831339     12.487537
    35  C       -0.005250     58.708235      5.457661     12.663981
    36  C        0.010893     58.965597      6.527473     10.207885
    37  C        0.000546     58.453008      0.972415     14.401811
    38  C       -0.001518     58.423453      7.608037     14.350240
    39  O       -0.003851     58.317761      7.876378     16.660203
    40  C       -0.000559     58.010869     10.075113     12.677247
    41  C       -0.004150     59.745392     12.092414     13.679368
    42  O       -0.002229     62.086196     11.877760     13.489508
    43  O       -0.000509     58.384449     14.142691     14.290978
    44  C       -0.000241     59.998408     16.236092     15.246254
    45  H        0.000061     56.772645     11.736541     -0.280284
    46  H       -0.000025     60.017910      0.514006     -1.879956
    47  H        0.000438     59.313250     -1.474497      9.798627
    48  H       -0.000245     56.121238     14.093332      8.731669
    49  H       -0.000227     56.798515     14.842174      3.500850
    50  H       -0.000340     52.726382     12.360755      6.546843
    51  H       -0.000558     53.101266     11.162952      3.404474
    52  H       -0.000207     52.428580     14.360596      3.785121
    53  H       -0.000066     60.811595     14.923148      5.570686
    54  H       -0.000171     61.219719     14.324483      8.911533
    55  H       -0.000019     57.574645     18.227410      8.311658
    56  H       -0.000018     59.651586     18.673102      5.844677
    57  H       -0.000092     58.270612     11.844388     -3.969483
    58  H       -0.000122     57.986548      9.581762     -6.291484
    59  H       -0.002021     61.063760     10.758551     -5.589810
    60  H        0.000217     60.200022      6.701252     -8.463686
    61  H        0.000020     62.770730      4.467256     -9.266215
    62  H        0.000269     63.256371      7.176348     -7.319060
    63  H        0.000054     61.155336     -3.169109      1.010455
    64  H        0.001548     58.025893     -4.044997      5.604758
    65  H        0.000096     57.783422     -5.228154     -0.608889
    66  H        0.000368     55.928448     -2.464959      0.064780
    67  H        0.000281     56.060577     -4.832616      2.196315
    68  H        0.000002     62.047457     -6.412729      4.623650
    69  H        0.000211     61.806063     -5.295598      7.747159
    70  H        0.000023     64.831099     -3.624721      3.436939
    71  H        0.000046     65.854858     -4.068448      6.642822
    72  H        0.000147     64.126495     -1.261184      5.658407
    73  H        0.002205     59.606422      1.576825     15.997628
    74  H       -0.000121     59.014106     -0.894218     13.737100
    75  H        0.002725     56.424539      1.117093     14.727902
    76  H       -0.005423     56.027828     10.595260     12.867825
    77  H       -0.000039     59.277118     16.759055     17.103514
    78  H       -0.000093     60.006798     17.684359     13.781206
    79  H       -0.000112     61.945978     15.746313     15.709199
 ------------------------------------------------------


 ----------------
  Excitation 0 2 
 ----------------
 Setting up Delta-SCF
 Ground-Excited state overlap:           0.000000000
 No correction applied to the TDM.
 Excitation energy:                      0.149821259
 Excitation energy (in eV):              4.076844155
 Transition dipole:                      0.20690      -1.88947      -0.60968
 ------------------------------------------------------
           transition charges and positions           
           --------------------------------           
        atom     charge/e     x/bohr        y/bohr        z/bohr
 ------------------------------------------------------
     1  Mg       0.000997     59.587902      5.364555      4.526518
     2  C        0.010742     58.445072      9.145235     10.017741
     3  C        0.013922     57.734459     10.432460      0.996755
     4  C       -0.009782     59.757921      1.808732     -0.294287
     5  C       -0.016182     59.269408      0.078575      8.441860
     6  N       -0.000199     58.299487      9.199697      5.590566
     7  C       -0.061181     58.053596     10.448560      7.756343
     8  C       -0.000436     57.479422     13.313328      7.393421
     9  C       -0.000150     56.265462     13.209828      4.637841
    10  C       -0.057613     57.558696     10.844156      3.655108
    11  C       -0.004534     53.416416     12.772999      4.650522
    12  C       -0.007065     59.934081     14.965081      7.433710
    13  C       -0.000461     59.501466     17.813182      7.710442
    14  H       -0.005134     61.304397     19.289927      9.169839
    15  N       -0.026884     59.749361      6.215290      0.895050
    16  C       -0.024410     58.935701      8.377572     -0.207870
    17  C        0.000279     59.471703      8.099498     -2.936256
    18  C       -0.016895     60.333872      5.457094     -3.378244
    19  C        0.086183     59.929036      4.359712     -0.919956
    20  C       -0.000309     59.241383     10.225629     -4.790739
    21  C       -0.009223     61.341209      4.126255     -5.660051
    22  O       -0.013763     61.563535      1.722240     -5.752289
    23  C        0.000127     61.911453      5.717366     -7.874375
    24  N       -0.002226     59.112372      1.478862      4.040008
    25  C        0.086883     59.391806      0.405176      1.768954
    26  C       -0.001068     59.494871     -2.420418      1.969151
    27  C       -0.000405     59.688719     -3.042629      4.915442
    28  C        0.066775     59.496969     -0.315887      5.960631
    29  C        0.009573     57.245530     -3.852074      0.827095
    30  C        0.004707     61.935717     -4.710520      5.776326
    31  C        0.000693     64.390018     -3.290429      5.419848
    32  N        0.004485     59.305086      4.681796      8.561026
    33  C        0.034325     59.157291      2.329371      9.772379
    34  C       -0.032058     58.783673      2.831339     12.487537
    35  C        0.002809     58.708235      5.457661     12.663981
    36  C       -0.034678     58.965597      6.527473     10.207885
    37  C       -0.000077     58.453008      0.972415     14.401811
    38  C       -0.001199     58.423453      7.608037     14.350240
    39  O       -0.001560     58.317761      7.876378     16.660203
    40  C       -0.000105     58.010869     10.075113     12.677247
    41  C        0.000309     59.745392     12.092414     13.679368
    42  O        0.000261     62.086196     11.877760     13.489508
    43  O        0.000077     58.384449     14.142691     14.290978
    44  C        0.000002     59.998408     16.236092     15.246254
    45  H        0.000229     56.772645     11.736541     -0.280284
    46  H       -0.000529     60.017910      0.514006     -1.879956
    47  H        0.001196     59.313250     -1.474497      9.798627
    48  H       -0.001165     56.121238     14.093332      8.731669
    49  H       -0.001303     56.798515     14.842174      3.500850
    50  H       -0.000299     52.726382     12.360755      6.546843
    51  H       -0.001036     53.101266     11.162952      3.404474
    52  H       -0.000782     52.428580     14.360596      3.785121
    53  H       -0.000218     60.811595     14.923148      5.570686
    54  H       -0.000250     61.219719     14.324483      8.911533
    55  H        0.000640     57.574645     18.227410      8.311658
    56  H       -0.000337     59.651586     18.673102      5.844677
    57  H        0.000096     58.270612     11.844388     -3.969483
    58  H       -0.000534     57.986548      9.581762     -6.291484
    59  H        0.000501     61.063760     10.758551     -5.589810
    60  H       -0.001260     60.200022      6.701252     -8.463686
    61  H        0.000046     62.770730      4.467256     -9.266215
    62  H       -0.001380     63.256371      7.176348     -7.319060
    63  H        0.006525     61.155336     -3.169109      1.010455
    64  H        0.005045     58.025893     -4.044997      5.604758
    65  H        0.001574     57.783422     -5.228154     -0.608889
    66  H        0.002448     55.928448     -2.464959      0.064780
    67  H        0.002108     56.060577     -4.832616      2.196315
    68  H        0.000524     62.047457     -6.412729      4.623650
    69  H        0.000557     61.806063     -5.295598      7.747159
    70  H        0.000205     64.831099     -3.624721      3.436939
    71  H        0.000047     65.854858     -4.068448      6.642822
    72  H        0.000661     64.126495     -1.261184      5.658407
    73  H       -0.002409     59.606422      1.576825     15.997628
    74  H       -0.000427     59.014106     -0.894218     13.737100
    75  H       -0.006115     56.424539      1.117093     14.727902
    76  H        0.000095     56.027828     10.595260     12.867825
    77  H       -0.000003     59.277118     16.759055     17.103514
    78  H        0.000004     60.006798     17.684359     13.781206
    79  H       -0.000004     61.945978     15.746313     15.709199
 ------------------------------------------------------


 -----------------
  Excitation -1 2 
 -----------------
 Setting up Delta-SCF
 Ground-Excited state overlap:           0.000000000
 No correction applied to the TDM.
 Excitation energy:                      0.164101839
 Excitation energy (in eV):              4.465438513
 Transition dipole:                      0.08535       0.56917      -1.73863
 ------------------------------------------------------
           transition charges and positions           
           --------------------------------           
        atom     charge/e     x/bohr        y/bohr        z/bohr
 ------------------------------------------------------
     1  Mg       0.006411     59.587902      5.364555      4.526518
     2  C       -0.047016     58.445072      9.145235     10.017741
     3  C        0.051728     57.734459     10.432460      0.996755
     4  C        0.036079     59.757921      1.808732     -0.294287
     5  C       -0.059744     59.269408      0.078575      8.441860
     6  N        0.013806     58.299487      9.199697      5.590566
     7  C        0.020263     58.053596     10.448560      7.756343
     8  C       -0.001081     57.479422     13.313328      7.393421
     9  C        0.000218     56.265462     13.209828      4.637841
    10  C       -0.008035     57.558696     10.844156      3.655108
    11  C       -0.000665     53.416416     12.772999      4.650522
    12  C        0.001953     59.934081     14.965081      7.433710
    13  C       -0.000159     59.501466     17.813182      7.710442
    14  H        0.000743     61.304397     19.289927      9.169839
    15  N        0.093651     59.749361      6.215290      0.895050
    16  C        0.002809     58.935701      8.377572     -0.207870
    17  C        0.000270     59.471703      8.099498     -2.936256
    18  C        0.004842     60.333872      5.457094     -3.378244
    19  C        0.015468     59.929036      4.359712     -0.919956
    20  C        0.000374     59.241383     10.225629     -4.790739
    21  C        0.002706     61.341209      4.126255     -5.660051
    22  O        0.002694     61.563535      1.722240     -5.752289
    23  C        0.000965     61.911453      5.717366     -7.874375
    24  N       -0.044750     59.112372      1.478862      4.040008
    25  C       -0.016426     59.391806      0.405176      1.768954
    26  C        0.000891     59.494871     -2.420418      1.969151
    27  C       -0.000003     59.688719     -3.042629      4.915442
    28  C        0.018444     59.496969     -0.315887      5.960631
    29  C       -0.001206     57.245530     -3.852074      0.827095
    30  C        0.001073     61.935717     -4.710520      5.776326
    31  C       -0.000188     64.390018     -3.290429      5.419848
    32  N       -0.065506     59.305086      4.681796      8.561026
    33  C        0.000908     59.157291      2.329371      9.772379
    34  C       -0.008081     58.783673      2.831339     12.487537
    35  C       -0.000356     58.708235      5.457661     12.663981
    36  C       -0.009221     58.965597      6.527473     10.207885
    37  C       -0.000034     58.453008      0.972415     14.401811
    38  C        0.000160     58.423453      7.608037     14.350240
    39  O        0.000334     58.317761      7.876378     16.660203
    40  C        0.001205     58.010869     10.075113     12.677247
    41  C       -0.005750     59.745392     12.092414     13.679368
    42  O       -0.001644     62.086196     11.877760     13.489508
    43  O       -0.000791     58.384449     14.142691     14.290978
    44  C       -0.000343     59.998408     16.236092     15.246254
    45  H        0.000281     56.772645     11.736541     -0.280284
    46  H       -0.000126     60.017910      0.514006     -1.879956
    47  H        0.000358     59.313250     -1.474497      9.798627
    48  H        0.000246     56.121238     14.093332      8.731669
    49  H       -0.000234     56.798515     14.842174      3.500850
    50  H       -0.000335     52.726382     12.360755      6.546843
    51  H       -0.000384     53.101266     11.162952      3.404474
    52  H       -0.000185     52.428580     14.360596      3.785121
    53  H        0.000122     60.811595     14.923148      5.570686
    54  H        0.000175     61.219719     14.324483      8.911533
    55  H       -0.000183     57.574645     18.227410      8.311658
    56  H        0.000103     59.651586     18.673102      5.844677
    57  H        0.000201     58.270612     11.844388     -3.969483
    58  H        0.000006     57.986548      9.581762     -6.291484
    59  H        0.000132     61.063760     10.758551     -5.589810
    60  H        0.000407     60.200022      6.701252     -8.463686
    61  H        0.000204     62.770730      4.467256     -9.266215
    62  H        0.000466     63.256371      7.176348     -7.319060
    63  H        0.000333     61.155336     -3.169109      1.010455
    64  H        0.001384     58.025893     -4.044997      5.604758
    65  H       -0.000445     57.783422     -5.228154     -0.608889
    66  H       -0.000596     55.928448     -2.464959      0.064780
    67  H       -0.000485     56.060577     -4.832616      2.196315
    68  H        0.000096     62.047457     -6.412729      4.623650
    69  H        0.000307     61.806063     -5.295598      7.747159
    70  H        0.000044     64.831099     -3.624721      3.436939
    71  H        0.000020     65.854858     -4.068448      6.642822
    72  H        0.000172     64.126495     -1.261184      5.658407
    73  H       -0.000921     59.606422      1.576825     15.997628
    74  H        0.000088     59.014106     -0.894218     13.737100
    75  H       -0.001452     56.424539      1.117093     14.727902
    76  H       -0.006595     56.027828     10.595260     12.867825
    77  H       -0.000186     59.277118     16.759055     17.103514
    78  H       -0.000167     60.006798     17.684359     13.781206
    79  H        0.000150     61.945978     15.746313     15.709199
 ------------------------------------------------------

 TOTAL ENERGY:                        -130.912425952

 --------------------------------------------------------------------------------

 End time:                               Wed Jun 30 13:19:47 2021
 Total wall-clock time:                  0.351 seconds
==================================================================================
