
================================================================================
          _____________ ________ _______________ ________     _________         
         / ___________// ______ \\_____   _____// ______ \   / ________)        
        / /_________  / /      \ \     | |     / /      \ \ | (_______          
       |  __________|| |        | |    | |    | |        | | \________ \        
        \ \_________ | |        | |    | |     \ \______/ /___________) |       
         \__________||_|        |_|    |_|      \________//____________/        
                                                                                
====================================[ Qcore ]===================================

 Git hash:   035eaa6e02832a1eaacaa1f2c2b4151870260895
 Git date:   Fri, 20 Aug 2021 11:46:14 +0100
 Compiler:   GNU 9.1.0
 Build type: Release
 Version:    2.0.0

 Start time: Fri Aug 20 14:49:29 2021

 Data directory: /home/of15641/.local/src/Qcore/release/share/entos/2.0.0/data
 Number of threads: 2
 Number of threads was determined by: command line argument
  - More threads can be used by running 'qcore -n 24'

 --------------------------------------------------------------------------------
                                   command: xtb                                  
 --------------------------------------------------------------------------------
 XTB basis setup:                        reference basis
 Implicit solvation model:               none
 Number of basis functions:            488
 GFN version:                            chlorophyll
 Integral screening threshold:           1.00e-10
 Total charge:                           0.000000000
 Number of electrons:                  436.000000000
 Electronic temperature (Kelvin):        0.000000000

 D3BJ energy:                           -0.125309288
 Repulsive energy:                       3.040128780

 ****************************************************
  Running robust self-consistent charge (SCC) solver 
 ****************************************************
 Number of SCC trials:                   4
 Using the stop-early mechanism for the first 3 trials

 Conv. threshold (charge):               1.00e-05
 Conv. threshold (energy):               1.00e-06
 Initial guess:                          eeq

 -------------
  SCC Trial 1 
 -------------
 Broyden mixing factor:                  0.400000000
 Max number of iterations:             128

 ---------------------------------------------------------------
                  energy        change          grad        time
 ---------------------------------------------------------------
   0      -251.769870336                    6.23e-01        0.06
   1      -253.099726840     -1.33e+00      3.67e-01        0.05
   2      -253.114532090     -1.48e-02      1.27e-01        0.04
   3      -253.192604952     -7.81e-02      1.46e-02        0.04
   4      -253.197191763     -4.59e-03      1.00e-02        0.04
   5      -253.211237392     -1.40e-02      2.95e-03        0.04
   6      -253.212302634     -1.07e-03      9.20e-04        0.04
   7      -253.212396544     -9.39e-05      2.55e-04        0.04
   8      -253.212401911     -5.37e-06      7.50e-05        0.04
   9      -253.212401956     -4.49e-08      3.70e-05        0.04
  10      -253.212402012     -5.65e-08      2.06e-05        0.04
  11      -253.212402051     -3.90e-08      8.33e-06        0.04
  12      -253.212402057     -5.76e-09      2.68e-06        0.04

 SCF converged in 11 iterations.

 Entropy contribution (-ST):             0.000000000
 Dipole moment (in Debye):              -4.550338       1.685274      -2.281414

 ----------------
  Excitation 0 1 
 ----------------
 Setting up Delta-SCF
 Ground-Excited state overlap:          -0.000000000
 No correction applied to the TDM.
 Excitation energy:                      0.050603436
 Excitation energy (in eV):              1.376989634
 Transition dipole:                      0.00010       0.00086       0.00007

 -----------------
  Excitation -1 1 
 -----------------
 Setting up Delta-SCF
 Ground-Excited state overlap:           0.000000000
 No correction applied to the TDM.
 Excitation energy:                      0.067776779
 Excitation energy (in eV):              1.844300102
 Transition dipole:                      0.30436      -2.76525       0.11864

 ----------------
  Excitation 0 2 
 ----------------
 Setting up Delta-SCF
 Ground-Excited state overlap:           0.000000000
 No correction applied to the TDM.
 Excitation energy:                      0.067493233
 Excitation energy (in eV):              1.836584434
 Transition dipole:                      0.26459      -1.71816      -2.19540

 -----------------
  Excitation -1 2 
 -----------------
 Setting up Delta-SCF
 Ground-Excited state overlap:           0.000000000
 No correction applied to the TDM.
 Excitation energy:                      0.054128259
 Excitation energy (in eV):              1.472904974
 Transition dipole:                      0.00017      -0.00077      -0.00042
 TOTAL ENERGY:                        -253.212402057
 Saving results in set 'res'

 --------------------------------------------------------------------------------
                                  command: print                                 
 --------------------------------------------------------------------------------
 res.energy:                          -253.2124020568

 --------------------------------------------------------------------------------
                                  command: print                                 
 --------------------------------------------------------------------------------

 res.dipole:
                      1
 1        -1.7902408440
 2         0.6630378013
 3        -0.8975775105

 --------------------------------------------------------------------------------
                                  command: print                                 
 --------------------------------------------------------------------------------

 res.atomic_charges:
                      1
 1         0.4468602897
 2        -0.0508243449
 3        -0.1066842859
 4        -0.0963811635
 5        -0.0784468490
 6        -0.2186759126
 7         0.1243290955
 8        -0.0241503575
 9        -0.0154958526
 10        0.1135016440
 11       -0.0941671486
 12       -0.0318934159
 13       -0.0763358830
 14        0.0143293674
 15       -0.2555974102
 16        0.1244783016
 17       -0.0204306491
 18       -0.1142618646
 19        0.1526294327
 20       -0.0941610930
 21        0.3643280308
 22       -0.4673230930
 23       -0.1399245706
 24       -0.2323632169
 25        0.1429783600
 26       -0.0073230879
 27       -0.0307994473
 28        0.1152661565
 29       -0.0949746423
 30       -0.0308083145
 31       -0.0960379849
 32       -0.2644606690
 33        0.0946588257
 34        0.0198241570
 35       -0.1214790294
 36        0.1326828690
 37       -0.0962767667
 38        0.3690066585
 39       -0.4449561682
 40       -0.0934498632
 41        0.5508497492
 42       -0.4977637709
 43       -0.3422039394
 44        0.1143115201
 45        0.0393636244
 46        0.0450852833
 47        0.0266740337
 48        0.0306150699
 49        0.0285928916
 50        0.0418686832
 51        0.0309767628
 52        0.0357093262
 53        0.0269605787
 54        0.0449339452
 55        0.0195446603
 56        0.0158254134
 57        0.0385413679
 58        0.0378165268
 59        0.0482794455
 60        0.0586521467
 61        0.0675308827
 62        0.0456418239
 63        0.0329761558
 64        0.0278912917
 65        0.0398002619
 66        0.0254292188
 67        0.0255416317
 68        0.0273699302
 69        0.0213418737
 70        0.0270363257
 71        0.0383789845
 72        0.0333495319
 73        0.0685526137
 74        0.0447839210
 75        0.0651350279
 76        0.0553859727
 77        0.0457329496
 78        0.0451251325
 79        0.0511725881
 80        0.4471294274
 81       -0.0527970540
 82       -0.1036433020
 83       -0.0949024749
 84       -0.0774147455
 85       -0.2174863547
 86        0.1258459243
 87       -0.0264370900
 88       -0.0162551411
 89        0.1102053646
 90       -0.0941706578
 91       -0.0315500050
 92       -0.0753915778
 93        0.0129405979
 94       -0.2534292735
 95        0.1249156267
 96       -0.0207140757
 97       -0.1161068473
 98        0.1530742506
 99       -0.0938744377
 100       0.3637280032
 101      -0.4685462803
 102      -0.1393397689
 103      -0.2338980693
 104       0.1404767700
 105      -0.0078605683
 106      -0.0307010117
 107       0.1185785559
 108      -0.0937997311
 109      -0.0312918011
 110      -0.0953479347
 111      -0.2676365744
 112       0.0931274380
 113       0.0197314451
 114      -0.1211824691
 115       0.1327269025
 116      -0.0958929407
 117       0.3698623948
 118      -0.4475421008
 119      -0.0936268454
 120       0.5514221209
 121      -0.4939852803
 122      -0.3429686666
 123       0.1150299015
 124       0.0385446397
 125       0.0477709931
 126       0.0268383584
 127       0.0319698403
 128       0.0288437977
 129       0.0428464309
 130       0.0323957091
 131       0.0346086561
 132       0.0268568355
 133       0.0470097669
 134       0.0194644527
 135       0.0151249817
 136       0.0370984099
 137       0.0350548551
 138       0.0468580631
 139       0.0602544217
 140       0.0679377160
 141       0.0460762360
 142       0.0342951734
 143       0.0265767082
 144       0.0376168489
 145       0.0272035593
 146       0.0273473338
 147       0.0262122056
 148       0.0216534993
 149       0.0278853475
 150       0.0388577942
 151       0.0319119701
 152       0.0693346509
 153       0.0452346828
 154       0.0644684945
 155       0.0550434954
 156       0.0442253010
 157       0.0424663260
 158       0.0531112606

 --------------------------------------------------------------------------------
                                  command: print                                 
 --------------------------------------------------------------------------------
 res.excitation_1_energy:                0.0506034357

 --------------------------------------------------------------------------------
                                  command: print                                 
 --------------------------------------------------------------------------------
 res.excitation_1_transition_dipole : [
  0.0001007736941492003,
  0.0008644187623572928,
  6.843376161085092e-05
]

 --------------------------------------------------------------------------------
                                  command: print                                 
 --------------------------------------------------------------------------------

 res.excitation_1_transition_charges:
                      1
 1        -0.0000007106
 2        -0.0000182284
 3        -0.0000109313
 4         0.0000145179
 5         0.0000079129
 6        -0.0000152731
 7        -0.0000043527
 8        -0.0000000179
 9        -0.0000001071
 10        0.0000033717
 11        0.0000002503
 12       -0.0000004376
 13       -0.0000000672
 14       -0.0000000899
 15        0.0000049898
 16        0.0000060349
 17        0.0000097530
 18        0.0000037723
 19        0.0000033135
 20        0.0000001324
 21        0.0000010152
 22        0.0000012129
 23        0.0000000456
 24        0.0000151746
 25        0.0000029902
 26        0.0000002427
 27       -0.0000000038
 28       -0.0000040064
 29        0.0000002817
 30       -0.0000001505
 31        0.0000001261
 32       -0.0000030161
 33       -0.0000074242
 34       -0.0000060668
 35       -0.0000029281
 36       -0.0000034784
 37       -0.0000001845
 38       -0.0000011723
 39       -0.0000017568
 40       -0.0000001078
 41       -0.0000003759
 42       -0.0000002705
 43       -0.0000000380
 44       -0.0000000283
 45        0.0000000087
 46        0.0000000065
 47       -0.0000000900
 48       -0.0000000369
 49        0.0000000247
 50        0.0000000279
 51        0.0000000367
 52        0.0000000533
 53       -0.0000000314
 54       -0.0000000787
 55       -0.0000000019
 56       -0.0000000256
 57       -0.0000000097
 58        0.0000007447
 59        0.0000006544
 60        0.0000000851
 61        0.0000000025
 62        0.0000000688
 63        0.0000001253
 64       -0.0000002726
 65        0.0000000490
 66        0.0000000825
 67        0.0000000888
 68       -0.0000000329
 69       -0.0000000362
 70        0.0000000019
 71        0.0000000095
 72        0.0000000285
 73       -0.0000003061
 74       -0.0000000863
 75       -0.0000007624
 76       -0.0000006246
 77       -0.0000000026
 78       -0.0000000090
 79       -0.0000000025
 80       -0.0000008465
 81        0.0000048061
 82       -0.0000028586
 83       -0.0000020585
 84        0.0000013920
 85        0.0000003634
 86        0.0000042311
 87        0.0000000819
 88        0.0000000901
 89       -0.0000041948
 90       -0.0000011445
 91        0.0000005624
 92        0.0000000605
 93        0.0000001118
 94       -0.0000004257
 95       -0.0000083426
 96       -0.0000121977
 97       -0.0000048541
 98       -0.0000039806
 99       -0.0000001418
 100      -0.0000011809
 101      -0.0000017699
 102      -0.0000000482
 103      -0.0000000691
 104      -0.0000034873
 105      -0.0000001112
 106       0.0000000924
 107       0.0000076496
 108      -0.0000001238
 109       0.0000002833
 110       0.0000000543
 111       0.0000003945
 112       0.0000101446
 113       0.0000098163
 114       0.0000039520
 115       0.0000061749
 116       0.0000002971
 117       0.0000013863
 118       0.0000020532
 119       0.0000000167
 120       0.0000000339
 121       0.0000000669
 122       0.0000000072
 123       0.0000000011
 124      -0.0000000017
 125      -0.0000000242
 126       0.0000002106
 127       0.0000000443
 128       0.0000001060
 129      -0.0000001760
 130      -0.0000003964
 131      -0.0000002728
 132       0.0000000239
 133       0.0000000833
 134      -0.0000000044
 135       0.0000000244
 136      -0.0000000030
 137      -0.0000008598
 138      -0.0000007879
 139      -0.0000000986
 140       0.0000000005
 141      -0.0000001036
 142      -0.0000002535
 143       0.0000006343
 144      -0.0000000005
 145       0.0000000368
 146      -0.0000000127
 147       0.0000000158
 148       0.0000000348
 149      -0.0000000002
 150       0.0000000101
 151       0.0000000364
 152       0.0000005639
 153       0.0000001092
 154       0.0000011318
 155       0.0000000367
 156      -0.0000000003
 157       0.0000000017
 158       0.0000000002

 --------------------------------------------------------------------------------
                                  command: print                                 
 --------------------------------------------------------------------------------
 res.excitation_1_excited_dipole : [
  22.615852102549567,
  2.913868044323788,
  0.8061796796099525
]

 --------------------------------------------------------------------------------
                                  command: print                                 
 --------------------------------------------------------------------------------

 res.excitation_1_excited_atomic_charges:
                      1
 1         0.4463590420
 2        -0.1197389337
 3        -0.1600460153
 4        -0.1565101988
 5        -0.1186347378
 6        -0.2962072568
 7         0.1120832530
 8        -0.0245818704
 9        -0.0160729134
 10        0.0993286560
 11       -0.0965002818
 12       -0.0334044663
 13       -0.0767820405
 14        0.0138213327
 15       -0.2642267838
 16        0.0911413449
 17       -0.1370490389
 18       -0.1652649774
 19        0.1351316905
 20       -0.0950102149
 21        0.3377389915
 22       -0.4934587449
 23       -0.1405103337
 24       -0.3110894678
 25        0.1348854536
 26       -0.0081368702
 27       -0.0313370596
 28        0.0897705714
 29       -0.0957444765
 30       -0.0319950202
 31       -0.0964061493
 32       -0.2678258097
 33        0.0463292227
 34       -0.0561880843
 35       -0.1558709319
 36        0.1085569720
 37       -0.0975500700
 38        0.3487836103
 39       -0.4669014821
 40       -0.0936058954
 41        0.5499367783
 42       -0.4985073590
 43       -0.3423172642
 44        0.1142619973
 45        0.0392975880
 46        0.0450335167
 47        0.0259071493
 48        0.0304589848
 49        0.0283507252
 50        0.0413013924
 51        0.0302085298
 52        0.0351334284
 53        0.0267004254
 54        0.0446206732
 55        0.0194956940
 56        0.0157108458
 57        0.0384699077
 58        0.0308195962
 59        0.0412504379
 60        0.0565772162
 61        0.0675213488
 62        0.0438842606
 63        0.0325703270
 64        0.0263847057
 65        0.0396750552
 66        0.0251296104
 67        0.0252683424
 68        0.0273032317
 69        0.0211037680
 70        0.0270283015
 71        0.0383527129
 72        0.0330394892
 73        0.0644638318
 74        0.0441256491
 75        0.0578844687
 76        0.0542751004
 77        0.0457304323
 78        0.0451012474
 79        0.0511675303
 80        0.4480545617
 81       -0.0443386690
 82       -0.0977234031
 83       -0.0878398284
 84       -0.0716571659
 85       -0.2132995972
 86        0.1996088946
 87       -0.0246780381
 88       -0.0143438626
 89        0.2024151114
 90       -0.0866133589
 91       -0.0267252748
 92       -0.0750801195
 93        0.0135174663
 94       -0.2445098699
 95        0.2109939758
 96        0.0620447500
 97       -0.0939711445
 98        0.2324949398
 99       -0.0918571509
 100       0.3664588723
 101      -0.4626218376
 102      -0.1391483350
 103      -0.2337055016
 104       0.2132724640
 105      -0.0063694871
 106      -0.0282048038
 107       0.2045942612
 108      -0.0874714783
 109      -0.0270828247
 110      -0.0939948993
 111      -0.2649749656
 112       0.1974502549
 113       0.0754810238
 114      -0.0978416690
 115       0.1942455395
 116      -0.0933292224
 117       0.3747384116
 118      -0.4380270338
 119      -0.0935260458
 120       0.5514479898
 121      -0.4938232085
 122      -0.3429557703
 123       0.1150309468
 124       0.0386083381
 125       0.0484152680
 126       0.0291367214
 127       0.0339276541
 128       0.0306947681
 129       0.0435312877
 130       0.0334204334
 131       0.0359032426
 132       0.0270381628
 133       0.0474602727
 134       0.0195030471
 135       0.0152987950
 136       0.0371319875
 137       0.0419113307
 138       0.0529689661
 139       0.0604895934
 140       0.0679396404
 141       0.0463653605
 142       0.0392671142
 143       0.0365438427
 144       0.0386171061
 145       0.0282034604
 146       0.0284110387
 147       0.0264122796
 148       0.0219569321
 149       0.0278936256
 150       0.0390192429
 151       0.0323002134
 152       0.0725026224
 153       0.0459613707
 154       0.0721649375
 155       0.0550608756
 156       0.0442255601
 157       0.0424688623
 158       0.0531114561

 --------------------------------------------------------------------------------
                                  command: print                                 
 --------------------------------------------------------------------------------
 res.excitation_2_energy:                0.0677767786

 --------------------------------------------------------------------------------
                                  command: print                                 
 --------------------------------------------------------------------------------
 res.excitation_2_transition_dipole : [
  0.30435528865627515,
  -2.765253673527745,
  0.11863888109568115
]

 --------------------------------------------------------------------------------
                                  command: print                                 
 --------------------------------------------------------------------------------

 res.excitation_2_transition_charges:
                      1
 1        -0.0001282545
 2         0.0113043740
 3        -0.0138059933
 4        -0.0094611289
 5         0.0115873000
 6        -0.0015575790
 7         0.0185283704
 8        -0.0001380084
 9        -0.0000442632
 10       -0.0229450625
 11       -0.0026182049
 12        0.0015587706
 13        0.0001891597
 14        0.0003270544
 15       -0.0048833643
 16       -0.0329344210
 17       -0.0643599705
 18       -0.0192274105
 19       -0.0237838582
 20       -0.0008544655
 21       -0.0049120047
 22       -0.0071814605
 23       -0.0001631641
 24        0.0026168431
 25       -0.0148529166
 26       -0.0003680155
 27        0.0007019118
 28        0.0309548193
 29       -0.0013449163
 30        0.0014303157
 31        0.0004537526
 32        0.0003736269
 33        0.0450811431
 34        0.0419922410
 35        0.0174649808
 36        0.0256935088
 37        0.0011598515
 38        0.0061230026
 39        0.0088188159
 40        0.0000197449
 41       -0.0000082706
 42        0.0001571785
 43        0.0000122924
 44       -0.0000047674
 45       -0.0000070879
 46       -0.0001138193
 47        0.0008648036
 48        0.0002620262
 49       -0.0002898265
 50       -0.0004134901
 51       -0.0005693258
 52       -0.0005584798
 53        0.0000808911
 54        0.0001998457
 55       -0.0000171080
 56        0.0000766105
 57       -0.0000176907
 58       -0.0045043521
 59       -0.0042814895
 60       -0.0003876728
 61        0.0000056725
 62       -0.0004104809
 63       -0.0006801063
 64        0.0024630129
 65       -0.0002207857
 66       -0.0002764372
 67       -0.0002640401
 68        0.0000737457
 69        0.0001783925
 70        0.0000042552
 71        0.0000356980
 72        0.0002317687
 73        0.0023972960
 74        0.0004364003
 75        0.0047910598
 76       -0.0000621976
 77       -0.0000011317
 78        0.0000026207
 79       -0.0000001311
 80       -0.0000000007
 81       -0.0000000014
 82       -0.0000000017
 83        0.0000000004
 84        0.0000000008
 85       -0.0000000018
 86        0.0000000006
 87        0.0000000000
 88       -0.0000000000
 89       -0.0000000007
 90       -0.0000000005
 91        0.0000000001
 92        0.0000000000
 93        0.0000000000
 94       -0.0000000000
 95       -0.0000000013
 96       -0.0000000021
 97       -0.0000000007
 98       -0.0000000007
 99       -0.0000000000
 100      -0.0000000002
 101      -0.0000000003
 102      -0.0000000000
 103       0.0000000009
 104      -0.0000000005
 105      -0.0000000000
 106       0.0000000000
 107       0.0000000014
 108      -0.0000000001
 109       0.0000000001
 110       0.0000000000
 111      -0.0000000007
 112       0.0000000017
 113       0.0000000018
 114       0.0000000006
 115       0.0000000012
 116       0.0000000000
 117       0.0000000002
 118       0.0000000003
 119      -0.0000000000
 120      -0.0000000001
 121      -0.0000000000
 122      -0.0000000000
 123      -0.0000000000
 124       0.0000000000
 125      -0.0000000000
 126       0.0000000000
 127       0.0000000000
 128      -0.0000000000
 129      -0.0000000001
 130      -0.0000000001
 131      -0.0000000001
 132       0.0000000000
 133       0.0000000000
 134      -0.0000000000
 135       0.0000000000
 136      -0.0000000000
 137      -0.0000000001
 138      -0.0000000001
 139      -0.0000000000
 140       0.0000000000
 141      -0.0000000000
 142      -0.0000000001
 143       0.0000000001
 144      -0.0000000000
 145       0.0000000000
 146      -0.0000000000
 147       0.0000000000
 148       0.0000000000
 149      -0.0000000000
 150       0.0000000000
 151       0.0000000000
 152       0.0000000001
 153       0.0000000000
 154       0.0000000002
 155      -0.0000000001
 156      -0.0000000000
 157      -0.0000000000
 158      -0.0000000000

 --------------------------------------------------------------------------------
                                  command: print                                 
 --------------------------------------------------------------------------------
 res.excitation_3_energy:                0.0674932331

 --------------------------------------------------------------------------------
                                  command: print                                 
 --------------------------------------------------------------------------------
 res.excitation_3_transition_dipole : [
  0.2645916896338813,
  -1.7181556229111428,
  -2.1954031067406623
]

 --------------------------------------------------------------------------------
                                  command: print                                 
 --------------------------------------------------------------------------------

 res.excitation_3_transition_charges:
                      1
 1         0.0000000028
 2        -0.0000000020
 3        -0.0000000011
 4         0.0000000050
 5         0.0000000028
 6        -0.0000000018
 7        -0.0000000010
 8         0.0000000000
 9        -0.0000000000
 10        0.0000000010
 11        0.0000000001
 12       -0.0000000001
 13       -0.0000000000
 14       -0.0000000000
 15        0.0000000033
 16        0.0000000012
 17        0.0000000024
 18        0.0000000008
 19        0.0000000010
 20        0.0000000000
 21        0.0000000002
 22        0.0000000003
 23        0.0000000000
 24        0.0000000054
 25        0.0000000006
 26        0.0000000001
 27       -0.0000000000
 28       -0.0000000007
 29        0.0000000001
 30       -0.0000000000
 31        0.0000000002
 32        0.0000000011
 33       -0.0000000018
 34       -0.0000000013
 35       -0.0000000007
 36       -0.0000000006
 37       -0.0000000000
 38       -0.0000000003
 39       -0.0000000004
 40        0.0000000000
 41        0.0000000000
 42       -0.0000000000
 43       -0.0000000000
 44        0.0000000000
 45        0.0000000000
 46       -0.0000000000
 47       -0.0000000000
 48       -0.0000000000
 49        0.0000000000
 50        0.0000000000
 51        0.0000000000
 52        0.0000000000
 53       -0.0000000000
 54       -0.0000000000
 55       -0.0000000000
 56       -0.0000000000
 57       -0.0000000000
 58        0.0000000002
 59        0.0000000002
 60        0.0000000000
 61        0.0000000000
 62        0.0000000000
 63        0.0000000000
 64       -0.0000000001
 65        0.0000000000
 66        0.0000000000
 67        0.0000000000
 68        0.0000000000
 69       -0.0000000000
 70        0.0000000000
 71        0.0000000000
 72        0.0000000000
 73       -0.0000000001
 74       -0.0000000000
 75       -0.0000000002
 76        0.0000000000
 77        0.0000000000
 78       -0.0000000000
 79       -0.0000000000
 80        0.0002598747
 81       -0.0159804346
 82        0.0106899658
 83        0.0120678827
 84       -0.0093765610
 85       -0.0013276368
 86       -0.0186262797
 87        0.0001591834
 88       -0.0000230980
 89        0.0233917274
 90        0.0025101530
 91       -0.0016099382
 92       -0.0001907813
 93       -0.0003480253
 94        0.0056421541
 95        0.0343851823
 96        0.0607380669
 97        0.0212885961
 98        0.0235223096
 99        0.0007818871
 100       0.0052902693
 101       0.0077584379
 102       0.0002052752
 103       0.0002930259
 104       0.0156913254
 105       0.0004106531
 106      -0.0006461781
 107      -0.0291477617
 108       0.0013222763
 109      -0.0014080549
 110      -0.0004291771
 111      -0.0009722603
 112      -0.0453737889
 113      -0.0420588710
 114      -0.0183314842
 115      -0.0236643637
 116      -0.0011727146
 117      -0.0064147370
 118      -0.0093970592
 119      -0.0000450108
 120      -0.0001003672
 121      -0.0002229593
 122      -0.0000244931
 123      -0.0000031167
 124       0.0000093819
 125       0.0001075412
 126      -0.0008776485
 127      -0.0002705777
 128       0.0002796267
 129       0.0003775785
 130       0.0005477430
 131       0.0005440993
 132      -0.0000839556
 133      -0.0002121090
 134       0.0000175933
 135      -0.0000784087
 136       0.0000199506
 137       0.0042582590
 138       0.0041264039
 139       0.0004377974
 140      -0.0000031239
 141       0.0004569158
 142       0.0006857162
 143      -0.0024403956
 144       0.0002230972
 145       0.0002820460
 146       0.0002751659
 147      -0.0000720600
 148      -0.0001688405
 149      -0.0000029530
 150      -0.0000383772
 151      -0.0002042706
 152      -0.0022866644
 153      -0.0004556088
 154      -0.0048687784
 155      -0.0000927371
 156       0.0000005457
 157      -0.0000053495
 158      -0.0000007132

 --------------------------------------------------------------------------------
                                  command: print                                 
 --------------------------------------------------------------------------------
 res.excitation_4_energy:                0.0541282594

 --------------------------------------------------------------------------------
                                  command: print                                 
 --------------------------------------------------------------------------------
 res.excitation_4_transition_dipole : [
  0.00017046277314920096,
  -0.0007741116671929101,
  -0.0004219192794416607
]

 --------------------------------------------------------------------------------
                                  command: print                                 
 --------------------------------------------------------------------------------

 res.excitation_4_transition_charges:
                      1
 1         0.0000006170
 2         0.0000012554
 3        -0.0000014218
 4        -0.0000031916
 5         0.0000041132
 6         0.0000000444
 7         0.0000043751
 8        -0.0000000414
 9        -0.0000000103
 10       -0.0000066912
 11       -0.0000005274
 12        0.0000002830
 13        0.0000000248
 14        0.0000000555
 15       -0.0000023483
 16       -0.0000064464
 17       -0.0000160429
 18       -0.0000041044
 19       -0.0000069898
 20       -0.0000002171
 21       -0.0000010833
 22       -0.0000015177
 23       -0.0000000288
 24        0.0000009285
 25       -0.0000028799
 26       -0.0000001355
 27        0.0000002252
 28        0.0000057283
 29       -0.0000003144
 30        0.0000003405
 31        0.0000003889
 32       -0.0000000713
 33        0.0000111483
 34        0.0000092020
 35        0.0000044757
 36        0.0000044470
 37        0.0000002267
 38        0.0000015652
 39        0.0000022270
 40        0.0000000027
 41        0.0000000053
 42        0.0000000222
 43        0.0000000023
 44        0.0000000005
 45        0.0000000053
 46       -0.0000000044
 47        0.0000001923
 48        0.0000001263
 49       -0.0000001574
 50       -0.0000000969
 51       -0.0000001137
 52       -0.0000001150
 53        0.0000000132
 54        0.0000000207
 55       -0.0000000018
 56        0.0000000113
 57       -0.0000000032
 58       -0.0000010886
 59       -0.0000011284
 60       -0.0000000818
 61        0.0000000010
 62       -0.0000000880
 63       -0.0000000731
 64        0.0000005391
 65       -0.0000000582
 66       -0.0000000844
 67       -0.0000000722
 68       -0.0000000086
 69        0.0000000165
 70        0.0000000104
 71       -0.0000000004
 72        0.0000001436
 73        0.0000005014
 74        0.0000000929
 75        0.0000010385
 76        0.0000000029
 77        0.0000000004
 78        0.0000000003
 79       -0.0000000000
 80        0.0000002426
 81        0.0000047732
 82        0.0000061799
 83       -0.0000026840
 84       -0.0000055967
 85        0.0000060913
 86       -0.0000024988
 87        0.0000000191
 88        0.0000000686
 89        0.0000039429
 90        0.0000007220
 91       -0.0000001676
 92       -0.0000000213
 93       -0.0000000366
 94       -0.0000006715
 95        0.0000053947
 96        0.0000103498
 97        0.0000031139
 98        0.0000041455
 99        0.0000001276
 100       0.0000007572
 101       0.0000012042
 102       0.0000000190
 103      -0.0000063133
 104       0.0000023784
 105       0.0000000217
 106      -0.0000001668
 107      -0.0000053472
 108       0.0000001389
 109      -0.0000002901
 110      -0.0000000880
 111       0.0000012281
 112      -0.0000075331
 113      -0.0000076287
 114      -0.0000028773
 115      -0.0000044071
 116      -0.0000001867
 117      -0.0000009316
 118      -0.0000013349
 119       0.0000000565
 120       0.0000001748
 121       0.0000000839
 122       0.0000000164
 123       0.0000000128
 124      -0.0000000025
 125       0.0000000195
 126      -0.0000001760
 127      -0.0000000399
 128       0.0000000447
 129       0.0000001012
 130       0.0000001970
 131       0.0000001293
 132      -0.0000000055
 133      -0.0000000184
 134       0.0000000029
 135      -0.0000000096
 136       0.0000000079
 137       0.0000006814
 138       0.0000007156
 139       0.0000000581
 140      -0.0000000026
 141       0.0000000680
 142       0.0000001270
 143      -0.0000004769
 144       0.0000000223
 145      -0.0000000038
 146       0.0000000403
 147      -0.0000000139
 148      -0.0000000383
 149      -0.0000000007
 150      -0.0000000088
 151      -0.0000000408
 152      -0.0000004173
 153      -0.0000000702
 154      -0.0000008501
 155       0.0000002903
 156       0.0000000016
 157       0.0000000033
 158       0.0000000014

 --------------------------------------------------------------------------------

 End time:                               Fri Aug 20 14:49:31 2021
 Total wall-clock time:                  1.495 seconds
==================================================================================
