
================================================================================
          _____________ ________ _______________ ________     _________         
         / ___________// ______ \\_____   _____// ______ \   / ________)        
        / /_________  / /      \ \     | |     / /      \ \ | (_______          
       |  __________|| |        | |    | |    | |        | | \________ \        
        \ \_________ | |        | |    | |     \ \______/ /___________) |       
         \__________||_|        |_|    |_|      \________//____________/        
                                                                                
====================================[ Qcore ]===================================

 Git hash:   ad9d0b24ea610736acb9cf13a2604964cd4d942e
 Git date:   Wed, 30 Jun 2021 12:42:56 +0100
 Compiler:   GNU 9.1.0
 Build type: Release
 Version:    1.4.1

 Start time: Wed Jun 30 13:19:44 2021

 Data directory: /home/of15641/.local/src/Qcore/release/share/entos/1.4.1/data
 Number of threads: 2
 Number of threads was determined by: command line argument
  - More threads can be used by running 'qcore -n 24'

 --------------------------------------------------------------------------------
                                   command: xtb                                  
 --------------------------------------------------------------------------------
 XTB basis setup:                        reference basis
 Number of basis functions:            488
 GFN version:                            chlorophyll
 Integral screening threshold:           1.00e-10
 Total charge:                           0.000000000
 Number of electrons:                  436.000000000
 Electronic temperature (Kelvin):        0.000000000

 D3BJ energy:                           -0.125066518
 Repulsive energy:                       3.043119380

 ****************************************************
  Running robust self-consistent charge (SCC) solver 
 ****************************************************
 Number of SCC trials:                   4
 Using the stop-early mechanism for the first 3 trials

 Conv. threshold (charge):               1.00e-05
 Conv. threshold (energy):               1.00e-06
 Initial guess:                          eeq

 -------------
  SCC Trial 1 
 -------------
 Broyden mixing factor:                  0.400000000
 Max number of iterations:             128

 ---------------------------------------------------------------
                  energy        change          grad        time
 ---------------------------------------------------------------
   0      -260.593846535                    6.61e-01        0.05
   1      -261.778222217     -1.18e+00      3.88e-01        0.04
   2      -261.796086217     -1.79e-02      1.03e-01        0.04
   3      -261.818995746     -2.29e-02      1.05e-02        0.04
   4      -261.820099712     -1.10e-03      5.71e-03        0.04
   5      -261.824628500     -4.53e-03      1.38e-03        0.04
   6      -261.824855441     -2.27e-04      4.08e-04        0.04
   7      -261.824870769     -1.53e-05      1.57e-04        0.04
   8      -261.824872348     -1.58e-06      4.48e-05        0.04
   9      -261.824872376     -2.84e-08      1.59e-05        0.04
  10      -261.824872379     -2.61e-09      4.93e-06        0.04
  11      -261.824872379     -3.60e-10      1.72e-06        0.04

 SCF converged in 10 iterations.

 Entropy contribution (-ST):             0.000000000
 Dipole moment (in Debye):              -5.606602       1.352237       3.283040

 ----------------
  Excitation 0 1 
 ----------------
 Setting up Delta-SCF
 Ground-Excited state overlap:           0.000000000
 No correction applied to the TDM.
 Excitation energy:                      0.059819927
 Excitation energy (in eV):              1.627783128
 Transition dipole:                      0.00000      -0.00000       0.00000
 ------------------------------------------------------
           transition charges and positions           
           --------------------------------           
        atom     charge/e     x/bohr        y/bohr        z/bohr
 ------------------------------------------------------
     1  Mg       0.000000      0.000000      0.000000      0.000000
     2  C        0.000000     -0.410071     -4.191413      5.293123
     3  C       -0.000000     -2.371606      4.614711      3.828585
     4  C       -0.000000     -0.462983      3.495993     -4.845258
     5  C        0.000000      0.275900     -5.336587     -3.849372
     6  N        0.000000     -1.165961     -0.017008      4.017558
     7  C        0.000000     -1.122497     -1.715871      5.867600
     8  C       -0.000000     -1.768784     -0.583925      8.507547
     9  C        0.000000     -3.350484      1.821696      7.619376
    10  C       -0.000000     -2.182634      2.207200      5.026671
    11  C       -0.000000     -6.166176      1.294462      7.300012
    12  C        0.000000      0.651956      0.207870     10.013659
    13  C        0.000000      0.234326      0.750221     12.825571
    14  H        0.000000      2.207200      0.062361     14.613252
    15  N       -0.000000     -0.349599      3.705753     -0.287238
    16  C       -0.000000     -1.328477      5.291233      1.468317
    17  C       -0.000000     -1.171630      7.853702      0.364717
    18  C       -0.000000     -0.353379      7.587250     -2.314915
    19  C       -0.000000     -0.404401      4.881163     -2.607822
    20  C       -0.000000     -1.676187     10.215859      1.840593
    21  C       -0.000000      0.342040      9.473197     -4.302906
    22  O       -0.000000      0.572587      8.862816     -6.629159
    23  C       -0.000000      0.585815     12.120703     -3.471427
    24  N       -0.000000     -0.500777     -0.780457     -3.834254
    25  C       -0.000000     -0.527234      1.075254     -5.550126
    26  C       -0.000000     -0.370386      0.045353     -8.186294
    27  C        0.000000      0.234326     -2.896950     -7.899055
    28  C        0.000000      0.162516     -3.084033     -4.979428
    29  C       -0.000000     -2.741993      0.387394     -9.820907
    30  C        0.000000      2.594594     -3.911733     -9.303122
    31  C        0.000000      4.962421     -2.815692     -8.137161
    32  N        0.000000      0.283459     -4.051573      0.572587
    33  C        0.000000      0.326923     -5.926181     -1.300132
    34  C        0.000000      0.326923     -8.386605      0.007559
    35  C        0.000000      0.251334     -7.768664      2.566248
    36  C        0.000000      0.156847     -5.092812      2.838369
    37  C        0.000000      0.281569    -10.799785     -1.177299
    38  C        0.000000      0.181414     -8.747542      5.132496
    39  O        0.000000      0.393063    -10.860256      6.086808
    40  C        0.000000     -0.481880     -6.477981      6.993876
    41  C        0.000000      1.354934     -6.580026      9.161392
    42  O        0.000000      3.649061     -6.151059      8.823131
    43  O        0.000000      0.071810     -6.719866     11.344026
    44  C        0.000000      1.782012     -6.770889     13.573903
    45  H       -0.000000     -3.513001      6.084918      4.718646
    46  H       -0.000000     -0.411960      4.635498     -6.564909
    47  H        0.000000      0.521564     -7.080804     -4.922737
    48  H        0.000000     -2.936634     -1.793350      9.698074
    49  H       -0.000000     -2.995216      3.460089      8.815572
    50  H       -0.000000     -6.583806     -0.712427      7.500323
    51  H       -0.000000     -6.634828      1.940749      5.400837
    52  H       -0.000000     -7.279225      2.458534      8.585026
    53  H        0.000000      1.264227      2.071140      9.384380
    54  H        0.000000      2.135391     -1.207535      9.805789
    55  H        0.000000     -1.594929      0.049133     13.464299
    56  H        0.000000      0.117163      2.791125     13.078795
    57  H       -0.000000     -2.539792      9.800120      3.662289
    58  H       -0.000000     -3.119938     11.268437      0.816362
    59  H       -0.000000      0.013228     11.376151      2.048463
    60  H       -0.000000     -1.199976     12.744313     -2.655065
    61  H        0.000000      1.256668     13.171391     -5.109819
    62  H       -0.000000      1.980433     12.218969     -1.957756
    63  H       -0.000000      1.148953      0.946753     -9.242650
    64  H        0.000000     -1.307690     -4.074250     -8.592585
    65  H       -0.000000     -2.394283      1.398397    -11.582131
    66  H       -0.000000     -4.164956      1.349264     -8.685181
    67  H       -0.000000     -3.717091     -1.360603    -10.304677
    68  H        0.000000      2.562469     -3.324028    -11.275996
    69  H        0.000000      2.743882     -5.965865     -9.263437
    70  H        0.000000      5.128717     -0.986437     -9.066906
    71  H        0.000000      6.589475     -4.008109     -8.558570
    72  H        0.000000      4.714867     -2.462313     -6.122713
    73  H        0.000000      1.638393    -11.967636     -0.158737
    74  H        0.000000      0.763449    -10.661835     -3.174740
    75  H        0.000000     -1.683746    -11.336467     -0.874943
    76  H        0.000000     -2.424519     -6.767109      7.611817
    77  H        0.000000      1.319029     -8.462194     14.654826
    78  H        0.000000      1.574142     -4.949193     14.513097
    79  H        0.000000      3.779452     -7.094032     13.182729
    80  Mg       0.000000     59.587902      5.364555      4.526518
    81  C       -0.000000     59.993532      0.688087     -0.343722
    82  C        0.000000     58.043354      0.598212      8.585385
    83  C        0.000000     58.382200      9.543098      8.649503
    84  C       -0.000000     59.046571      9.878260     -0.238616
    85  N       -0.000000     59.139111      1.243081      3.967423
    86  C       -0.000000     59.458494     -0.327376      2.032911
    87  C        0.000000     59.312191     -3.166746      2.797721
    88  C        0.000000     57.664974     -2.899426      5.306275
    89  C        0.000000     58.373527     -0.216393      6.036919
    90  C        0.000000     54.823582     -3.013603      4.835488
    91  C       -0.000000     61.978463     -4.314831      3.370572
    92  C       -0.000000     62.071380     -7.203126      3.527212
    93  H       -0.000000     64.306227     -8.507641      2.597183
    94  N        0.000000     59.292916      5.089599      8.237940
    95  C        0.000000     58.677395      2.993818      9.573145
    96  C        0.000000     58.708235      3.756530     12.261299
    97  C        0.000000     59.040071      6.549621     12.358847
    98  C        0.000000     58.866443      7.186704      9.717784
    99  C        0.000000     58.531697      1.913631     14.402585
   100  C        0.000000     59.428995      8.359827     14.495295
   101  O        0.000000     59.234637     10.750557     14.205827
   102  C        0.000000     59.884552      7.239201     17.004625
   103  N       -0.000000     58.406578      9.119932      4.275486
   104  C        0.000000     58.131472     10.541648      6.347118
   105  C        0.000000     57.799390     13.277537      5.684334
   106  C       -0.000000     58.365930     13.495763      2.728538
   107  C       -0.000000     58.798507     10.660455      2.146861
   108  C        0.000000     55.189451     14.408614      6.252121
   109  C       -0.000000     60.417719     15.415970      1.906979
   110  C       -0.000000     62.980830     14.549814      2.827597
   111  N       -0.000000     59.858190      5.395622      0.433900
   112  C       -0.000000     59.524804      7.479442     -1.169117
   113  C       -0.000000     59.686622      6.531706     -3.784328
   114  C       -0.000000     60.074167      3.940570     -3.519407
   115  C       -0.000000     60.100132      3.302145     -0.905028
   116  C       -0.000000     59.371132      8.000741     -6.014091
   117  C       -0.000000     60.425901      1.555698     -4.837529
   118  O       -0.000000     60.743848      0.943597     -7.060886
   119  C       -0.000000     60.157749     -0.678809     -2.839880
   120  C       -0.000000     62.340459     -2.455775     -3.240710
   121  O       -0.000000     64.551306     -1.778969     -2.776461
   122  O       -0.000000     61.453610     -4.791873     -3.671946
   123  C       -0.000000     63.523900     -6.658752     -4.030313
   124  H        0.000000     57.114081     -0.666695      9.924407
   125  H        0.000000     58.163559     11.077518     10.011845
   126  H       -0.000000     59.054848     11.200690     -1.821601
   127  H       -0.000000     58.337490     -4.372486      1.441219
   128  H        0.000000     58.266757     -4.221743      6.765975
   129  H        0.000000     54.393650     -3.015228      2.821229
   130  H        0.000000     54.048926     -1.329895      5.735092
   131  H        0.000000     53.982786     -4.617943      5.817503
   132  H       -0.000000     62.521475     -3.841416      5.300247
   133  H       -0.000000     63.364652     -3.662346      1.992187
   134  H       -0.000000     60.363163     -8.054863      2.751196
   135  H       -0.000000     62.054751     -7.742548      5.515147
   136  H        0.000000     57.987607      0.040176     13.745792
   137  H        0.000000     56.960371      2.518136     15.588710
   138  H        0.000000     60.261930      1.853878     15.518960
   139  H        0.000000     58.285484      6.045442     17.516779
   140  H       -0.000000     60.287819      8.815365     18.266131
   141  H        0.000000     61.523511      5.995402     16.892337
   142  H        0.000000     59.135200     14.455347      6.716427
   143  H       -0.000000     56.695771     14.057408      1.660824
   144  H        0.000000     55.252171     16.052940      7.491933
   145  H        0.000000     54.012190     12.922212      7.054971
   146  H        0.000000     54.098607     14.941516      4.588860
   147  H       -0.000000     60.058369     17.256223      2.757262
   148  H       -0.000000     60.516608     15.677149     -0.133944
   149  H       -0.000000     63.031607     15.242266      4.765681
   150  H       -0.000000     64.477172     15.406162      1.698732
   151  H       -0.000000     63.097294     12.494416      2.904830
   152  H       -0.000000     60.852809      7.401793     -7.313391
   153  H       -0.000000     59.501447     10.015378     -5.607536
   154  H       -0.000000     57.474811      7.431216     -6.581141
   155  H       -0.000000     58.345313     -1.585102     -3.204598
   156  H       -0.000000     63.211074     -7.569279     -5.851405
   157  H       -0.000000     63.531534     -7.853985     -2.352463
   158  H       -0.000000     65.413380     -5.882434     -4.303152
 ------------------------------------------------------


 -----------------
  Excitation -1 1 
 -----------------
 Setting up Delta-SCF
 Ground-Excited state overlap:          -0.000000000
 No correction applied to the TDM.
 Excitation energy:                      0.095901632
 Excitation energy (in eV):              2.609616344
 Transition dipole:                     -0.46908       4.35093      -0.22836
 ------------------------------------------------------
           transition charges and positions           
           --------------------------------           
        atom     charge/e     x/bohr        y/bohr        z/bohr
 ------------------------------------------------------
     1  Mg      -0.000007      0.000000      0.000000      0.000000
     2  C       -0.020016     -0.410071     -4.191413      5.293123
     3  C        0.017692     -2.371606      4.614711      3.828585
     4  C        0.016145     -0.462983      3.495993     -4.845258
     5  C       -0.014897      0.275900     -5.336587     -3.849372
     6  N       -0.000965     -1.165961     -0.017008      4.017558
     7  C       -0.030421     -1.122497     -1.715871      5.867600
     8  C        0.000141     -1.768784     -0.583925      8.507547
     9  C        0.000161     -3.350484      1.821696      7.619376
    10  C        0.036523     -2.182634      2.207200      5.026671
    11  C        0.004508     -6.166176      1.294462      7.300012
    12  C       -0.002932      0.651956      0.207870     10.013659
    13  C       -0.000205      0.234326      0.750221     12.825571
    14  H       -0.000511      2.207200      0.062361     14.613252
    15  N        0.010730     -0.349599      3.705753     -0.287238
    16  C        0.050698     -1.328477      5.291233      1.468317
    17  C        0.092748     -1.171630      7.853702      0.364717
    18  C        0.030517     -0.353379      7.587250     -2.314915
    19  C        0.040599     -0.404401      4.881163     -2.607822
    20  C        0.001205     -1.676187     10.215859      1.840593
    21  C        0.005470      0.342040      9.473197     -4.302906
    22  O        0.010686      0.572587      8.862816     -6.629159
    23  C        0.000274      0.585815     12.120703     -3.471427
    24  N       -0.004978     -0.500777     -0.780457     -3.834254
    25  C        0.024644     -0.527234      1.075254     -5.550126
    26  C        0.000361     -0.370386      0.045353     -8.186294
    27  C       -0.001002      0.234326     -2.896950     -7.899055
    28  C       -0.047772      0.162516     -3.084033     -4.979428
    29  C        0.002825     -2.741993      0.387394     -9.820907
    30  C       -0.003501      2.594594     -3.911733     -9.303122
    31  C       -0.000487      4.962421     -2.815692     -8.137161
    32  N       -0.001222      0.283459     -4.051573      0.572587
    33  C       -0.069569      0.326923     -5.926181     -1.300132
    34  C       -0.058074      0.326923     -8.386605      0.007559
    35  C       -0.028897      0.251334     -7.768664      2.566248
    36  C       -0.039093      0.156847     -5.092812      2.838369
    37  C       -0.001622      0.281569    -10.799785     -1.177299
    38  C       -0.007324      0.181414     -8.747542      5.132496
    39  O       -0.013552      0.393063    -10.860256      6.086808
    40  C       -0.000078     -0.481880     -6.477981      6.993876
    41  C       -0.000218      1.354934     -6.580026      9.161392
    42  O       -0.000377      3.649061     -6.151059      8.823131
    43  O       -0.000054      0.071810     -6.719866     11.344026
    44  C       -0.000012      1.782012     -6.770889     13.573903
    45  H        0.000017     -3.513001      6.084918      4.718646
    46  H        0.000088     -0.411960      4.635498     -6.564909
    47  H       -0.001383      0.521564     -7.080804     -4.922737
    48  H       -0.001047     -2.936634     -1.793350      9.698074
    49  H        0.001159     -2.995216      3.460089      8.815572
    50  H        0.000416     -6.583806     -0.712427      7.500323
    51  H        0.001187     -6.634828      1.940749      5.400837
    52  H        0.000832     -7.279225      2.458534      8.585026
    53  H       -0.000063      1.264227      2.071140      9.384380
    54  H       -0.000309      2.135391     -1.207535      9.805789
    55  H       -0.000083     -1.594929      0.049133     13.464299
    56  H       -0.000061      0.117163      2.791125     13.078795
    57  H        0.000016     -2.539792      9.800120      3.662289
    58  H        0.011635     -3.119938     11.268437      0.816362
    59  H        0.009956      0.013228     11.376151      2.048463
    60  H        0.000777     -1.199976     12.744313     -2.655065
    61  H       -0.000005      1.256668     13.171391     -5.109819
    62  H        0.000815      1.980433     12.218969     -1.957756
    63  H        0.001999      1.148953      0.946753     -9.242650
    64  H       -0.005342     -1.307690     -4.074250     -8.592585
    65  H        0.000243     -2.394283      1.398397    -11.582131
    66  H        0.000498     -4.164956      1.349264     -8.685181
    67  H        0.000286     -3.717091     -1.360603    -10.304677
    68  H       -0.000138      2.562469     -3.324028    -11.275996
    69  H       -0.000382      2.743882     -5.965865     -9.263437
    70  H       -0.000056      5.128717     -0.986437     -9.066906
    71  H       -0.000118      6.589475     -4.008109     -8.558570
    72  H       -0.000688      4.714867     -2.462313     -6.122713
    73  H       -0.005842      1.638393    -11.967636     -0.158737
    74  H       -0.000838      0.763449    -10.661835     -3.174740
    75  H       -0.011600     -1.683746    -11.336467     -0.874943
    76  H       -0.000090     -2.424519     -6.767109      7.611817
    77  H        0.000001      1.319029     -8.462194     14.654826
    78  H       -0.000013      1.574142     -4.949193     14.513097
    79  H       -0.000006      3.779452     -7.094032     13.182729
    80  Mg       0.000000     59.587902      5.364555      4.526518
    81  C        0.000000     59.993532      0.688087     -0.343722
    82  C        0.000000     58.043354      0.598212      8.585385
    83  C        0.000000     58.382200      9.543098      8.649503
    84  C        0.000000     59.046571      9.878260     -0.238616
    85  N        0.000000     59.139111      1.243081      3.967423
    86  C        0.000000     59.458494     -0.327376      2.032911
    87  C        0.000000     59.312191     -3.166746      2.797721
    88  C        0.000000     57.664974     -2.899426      5.306275
    89  C        0.000000     58.373527     -0.216393      6.036919
    90  C        0.000000     54.823582     -3.013603      4.835488
    91  C        0.000000     61.978463     -4.314831      3.370572
    92  C        0.000000     62.071380     -7.203126      3.527212
    93  H        0.000000     64.306227     -8.507641      2.597183
    94  N        0.000000     59.292916      5.089599      8.237940
    95  C        0.000000     58.677395      2.993818      9.573145
    96  C        0.000000     58.708235      3.756530     12.261299
    97  C        0.000000     59.040071      6.549621     12.358847
    98  C        0.000000     58.866443      7.186704      9.717784
    99  C        0.000000     58.531697      1.913631     14.402585
   100  C        0.000000     59.428995      8.359827     14.495295
   101  O        0.000000     59.234637     10.750557     14.205827
   102  C        0.000000     59.884552      7.239201     17.004625
   103  N        0.000000     58.406578      9.119932      4.275486
   104  C        0.000000     58.131472     10.541648      6.347118
   105  C        0.000000     57.799390     13.277537      5.684334
   106  C        0.000000     58.365930     13.495763      2.728538
   107  C        0.000000     58.798507     10.660455      2.146861
   108  C        0.000000     55.189451     14.408614      6.252121
   109  C        0.000000     60.417719     15.415970      1.906979
   110  C        0.000000     62.980830     14.549814      2.827597
   111  N        0.000000     59.858190      5.395622      0.433900
   112  C        0.000000     59.524804      7.479442     -1.169117
   113  C        0.000000     59.686622      6.531706     -3.784328
   114  C        0.000000     60.074167      3.940570     -3.519407
   115  C        0.000000     60.100132      3.302145     -0.905028
   116  C        0.000000     59.371132      8.000741     -6.014091
   117  C        0.000000     60.425901      1.555698     -4.837529
   118  O        0.000000     60.743848      0.943597     -7.060886
   119  C        0.000000     60.157749     -0.678809     -2.839880
   120  C        0.000000     62.340459     -2.455775     -3.240710
   121  O        0.000000     64.551306     -1.778969     -2.776461
   122  O        0.000000     61.453610     -4.791873     -3.671946
   123  C        0.000000     63.523900     -6.658752     -4.030313
   124  H        0.000000     57.114081     -0.666695      9.924407
   125  H        0.000000     58.163559     11.077518     10.011845
   126  H        0.000000     59.054848     11.200690     -1.821601
   127  H        0.000000     58.337490     -4.372486      1.441219
   128  H        0.000000     58.266757     -4.221743      6.765975
   129  H        0.000000     54.393650     -3.015228      2.821229
   130  H        0.000000     54.048926     -1.329895      5.735092
   131  H        0.000000     53.982786     -4.617943      5.817503
   132  H        0.000000     62.521475     -3.841416      5.300247
   133  H        0.000000     63.364652     -3.662346      1.992187
   134  H        0.000000     60.363163     -8.054863      2.751196
   135  H        0.000000     62.054751     -7.742548      5.515147
   136  H        0.000000     57.987607      0.040176     13.745792
   137  H        0.000000     56.960371      2.518136     15.588710
   138  H        0.000000     60.261930      1.853878     15.518960
   139  H        0.000000     58.285484      6.045442     17.516779
   140  H        0.000000     60.287819      8.815365     18.266131
   141  H        0.000000     61.523511      5.995402     16.892337
   142  H        0.000000     59.135200     14.455347      6.716427
   143  H        0.000000     56.695771     14.057408      1.660824
   144  H        0.000000     55.252171     16.052940      7.491933
   145  H        0.000000     54.012190     12.922212      7.054971
   146  H        0.000000     54.098607     14.941516      4.588860
   147  H        0.000000     60.058369     17.256223      2.757262
   148  H        0.000000     60.516608     15.677149     -0.133944
   149  H        0.000000     63.031607     15.242266      4.765681
   150  H        0.000000     64.477172     15.406162      1.698732
   151  H        0.000000     63.097294     12.494416      2.904830
   152  H        0.000000     60.852809      7.401793     -7.313391
   153  H        0.000000     59.501447     10.015378     -5.607536
   154  H        0.000000     57.474811      7.431216     -6.581141
   155  H        0.000000     58.345313     -1.585102     -3.204598
   156  H        0.000000     63.211074     -7.569279     -5.851405
   157  H        0.000000     63.531534     -7.853985     -2.352463
   158  H        0.000000     65.413380     -5.882434     -4.303152
 ------------------------------------------------------


 ----------------
  Excitation 0 2 
 ----------------
 Setting up Delta-SCF
 Ground-Excited state overlap:          -0.000000000
 No correction applied to the TDM.
 Excitation energy:                      0.095902727
 Excitation energy (in eV):              2.609646147
 Transition dipole:                      0.38510       0.43936      -4.34303
 ------------------------------------------------------
           transition charges and positions           
           --------------------------------           
        atom     charge/e     x/bohr        y/bohr        z/bohr
 ------------------------------------------------------
     1  Mg       0.000000      0.000000      0.000000      0.000000
     2  C        0.000000     -0.410071     -4.191413      5.293123
     3  C        0.000000     -2.371606      4.614711      3.828585
     4  C        0.000000     -0.462983      3.495993     -4.845258
     5  C        0.000000      0.275900     -5.336587     -3.849372
     6  N        0.000000     -1.165961     -0.017008      4.017558
     7  C        0.000000     -1.122497     -1.715871      5.867600
     8  C        0.000000     -1.768784     -0.583925      8.507547
     9  C        0.000000     -3.350484      1.821696      7.619376
    10  C        0.000000     -2.182634      2.207200      5.026671
    11  C        0.000000     -6.166176      1.294462      7.300012
    12  C        0.000000      0.651956      0.207870     10.013659
    13  C        0.000000      0.234326      0.750221     12.825571
    14  H        0.000000      2.207200      0.062361     14.613252
    15  N        0.000000     -0.349599      3.705753     -0.287238
    16  C        0.000000     -1.328477      5.291233      1.468317
    17  C        0.000000     -1.171630      7.853702      0.364717
    18  C        0.000000     -0.353379      7.587250     -2.314915
    19  C        0.000000     -0.404401      4.881163     -2.607822
    20  C        0.000000     -1.676187     10.215859      1.840593
    21  C        0.000000      0.342040      9.473197     -4.302906
    22  O        0.000000      0.572587      8.862816     -6.629159
    23  C        0.000000      0.585815     12.120703     -3.471427
    24  N        0.000000     -0.500777     -0.780457     -3.834254
    25  C        0.000000     -0.527234      1.075254     -5.550126
    26  C        0.000000     -0.370386      0.045353     -8.186294
    27  C        0.000000      0.234326     -2.896950     -7.899055
    28  C        0.000000      0.162516     -3.084033     -4.979428
    29  C        0.000000     -2.741993      0.387394     -9.820907
    30  C        0.000000      2.594594     -3.911733     -9.303122
    31  C        0.000000      4.962421     -2.815692     -8.137161
    32  N        0.000000      0.283459     -4.051573      0.572587
    33  C        0.000000      0.326923     -5.926181     -1.300132
    34  C        0.000000      0.326923     -8.386605      0.007559
    35  C        0.000000      0.251334     -7.768664      2.566248
    36  C        0.000000      0.156847     -5.092812      2.838369
    37  C        0.000000      0.281569    -10.799785     -1.177299
    38  C        0.000000      0.181414     -8.747542      5.132496
    39  O        0.000000      0.393063    -10.860256      6.086808
    40  C        0.000000     -0.481880     -6.477981      6.993876
    41  C        0.000000      1.354934     -6.580026      9.161392
    42  O        0.000000      3.649061     -6.151059      8.823131
    43  O        0.000000      0.071810     -6.719866     11.344026
    44  C        0.000000      1.782012     -6.770889     13.573903
    45  H        0.000000     -3.513001      6.084918      4.718646
    46  H        0.000000     -0.411960      4.635498     -6.564909
    47  H        0.000000      0.521564     -7.080804     -4.922737
    48  H        0.000000     -2.936634     -1.793350      9.698074
    49  H        0.000000     -2.995216      3.460089      8.815572
    50  H        0.000000     -6.583806     -0.712427      7.500323
    51  H        0.000000     -6.634828      1.940749      5.400837
    52  H        0.000000     -7.279225      2.458534      8.585026
    53  H        0.000000      1.264227      2.071140      9.384380
    54  H        0.000000      2.135391     -1.207535      9.805789
    55  H        0.000000     -1.594929      0.049133     13.464299
    56  H        0.000000      0.117163      2.791125     13.078795
    57  H        0.000000     -2.539792      9.800120      3.662289
    58  H        0.000000     -3.119938     11.268437      0.816362
    59  H        0.000000      0.013228     11.376151      2.048463
    60  H        0.000000     -1.199976     12.744313     -2.655065
    61  H        0.000000      1.256668     13.171391     -5.109819
    62  H        0.000000      1.980433     12.218969     -1.957756
    63  H        0.000000      1.148953      0.946753     -9.242650
    64  H        0.000000     -1.307690     -4.074250     -8.592585
    65  H        0.000000     -2.394283      1.398397    -11.582131
    66  H        0.000000     -4.164956      1.349264     -8.685181
    67  H        0.000000     -3.717091     -1.360603    -10.304677
    68  H        0.000000      2.562469     -3.324028    -11.275996
    69  H        0.000000      2.743882     -5.965865     -9.263437
    70  H        0.000000      5.128717     -0.986437     -9.066906
    71  H        0.000000      6.589475     -4.008109     -8.558570
    72  H        0.000000      4.714867     -2.462313     -6.122713
    73  H        0.000000      1.638393    -11.967636     -0.158737
    74  H        0.000000      0.763449    -10.661835     -3.174740
    75  H        0.000000     -1.683746    -11.336467     -0.874943
    76  H        0.000000     -2.424519     -6.767109      7.611817
    77  H        0.000000      1.319029     -8.462194     14.654826
    78  H        0.000000      1.574142     -4.949193     14.513097
    79  H        0.000000      3.779452     -7.094032     13.182729
    80  Mg       0.000008     59.587902      5.364555      4.526518
    81  C        0.020028     59.993532      0.688087     -0.343722
    82  C       -0.017715     58.043354      0.598212      8.585385
    83  C       -0.016132     58.382200      9.543098      8.649503
    84  C        0.014880     59.046571      9.878260     -0.238616
    85  N        0.000958     59.139111      1.243081      3.967423
    86  C        0.030431     59.458494     -0.327376      2.032911
    87  C       -0.000141     59.312191     -3.166746      2.797721
    88  C       -0.000162     57.664974     -2.899426      5.306275
    89  C       -0.036514     58.373527     -0.216393      6.036919
    90  C       -0.004508     54.823582     -3.013603      4.835488
    91  C        0.002933     61.978463     -4.314831      3.370572
    92  C        0.000205     62.071380     -7.203126      3.527212
    93  H        0.000511     64.306227     -8.507641      2.597183
    94  N       -0.010721     59.292916      5.089599      8.237940
    95  C       -0.050683     58.677395      2.993818      9.573145
    96  C       -0.092775     58.708235      3.756530     12.261299
    97  C       -0.030512     59.040071      6.549621     12.358847
    98  C       -0.040595     58.866443      7.186704      9.717784
    99  C       -0.001205     58.531697      1.913631     14.402585
   100  C       -0.005474     59.428995      8.359827     14.495295
   101  O       -0.010687     59.234637     10.750557     14.205827
   102  C       -0.000274     59.884552      7.239201     17.004625
   103  N        0.004971     58.406578      9.119932      4.275486
   104  C       -0.024633     58.131472     10.541648      6.347118
   105  C       -0.000360     57.799390     13.277537      5.684334
   106  C        0.001001     58.365930     13.495763      2.728538
   107  C        0.047777     58.798507     10.660455      2.146861
   108  C       -0.002824     55.189451     14.408614      6.252121
   109  C        0.003501     60.417719     15.415970      1.906979
   110  C        0.000487     62.980830     14.549814      2.827597
   111  N        0.001226     59.858190      5.395622      0.433900
   112  C        0.069580     59.524804      7.479442     -1.169117
   113  C        0.058057     59.686622      6.531706     -3.784328
   114  C        0.028902     60.074167      3.940570     -3.519407
   115  C        0.039093     60.100132      3.302145     -0.905028
   116  C        0.001621     59.371132      8.000741     -6.014091
   117  C        0.007323     60.425901      1.555698     -4.837529
   118  O        0.013552     60.743848      0.943597     -7.060886
   119  C        0.000078     60.157749     -0.678809     -2.839880
   120  C        0.000218     62.340459     -2.455775     -3.240710
   121  O        0.000377     64.551306     -1.778969     -2.776461
   122  O        0.000054     61.453610     -4.791873     -3.671946
   123  C        0.000012     63.523900     -6.658752     -4.030313
   124  H       -0.000017     57.114081     -0.666695      9.924407
   125  H       -0.000088     58.163559     11.077518     10.011845
   126  H        0.001383     59.054848     11.200690     -1.821601
   127  H        0.001048     58.337490     -4.372486      1.441219
   128  H       -0.001159     58.266757     -4.221743      6.765975
   129  H       -0.000415     54.393650     -3.015228      2.821229
   130  H       -0.001186     54.048926     -1.329895      5.735092
   131  H       -0.000832     53.982786     -4.617943      5.817503
   132  H        0.000063     62.521475     -3.841416      5.300247
   133  H        0.000309     63.364652     -3.662346      1.992187
   134  H        0.000083     60.363163     -8.054863      2.751196
   135  H        0.000061     62.054751     -7.742548      5.515147
   136  H       -0.000016     57.987607      0.040176     13.745792
   137  H       -0.011637     56.960371      2.518136     15.588710
   138  H       -0.009959     60.261930      1.853878     15.518960
   139  H       -0.000777     58.285484      6.045442     17.516779
   140  H        0.000005     60.287819      8.815365     18.266131
   141  H       -0.000815     61.523511      5.995402     16.892337
   142  H       -0.001998     59.135200     14.455347      6.716427
   143  H        0.005341     56.695771     14.057408      1.660824
   144  H       -0.000243     55.252171     16.052940      7.491933
   145  H       -0.000498     54.012190     12.922212      7.054971
   146  H       -0.000286     54.098607     14.941516      4.588860
   147  H        0.000138     60.058369     17.256223      2.757262
   148  H        0.000382     60.516608     15.677149     -0.133944
   149  H        0.000056     63.031607     15.242266      4.765681
   150  H        0.000118     64.477172     15.406162      1.698732
   151  H        0.000688     63.097294     12.494416      2.904830
   152  H        0.005840     60.852809      7.401793     -7.313391
   153  H        0.000838     59.501447     10.015378     -5.607536
   154  H        0.011597     57.474811      7.431216     -6.581141
   155  H        0.000091     58.345313     -1.585102     -3.204598
   156  H       -0.000001     63.211074     -7.569279     -5.851405
   157  H        0.000014     63.531534     -7.853985     -2.352463
   158  H        0.000006     65.413380     -5.882434     -4.303152
 ------------------------------------------------------


 -----------------
  Excitation -1 2 
 -----------------
 Setting up Delta-SCF
 Ground-Excited state overlap:          -0.000000000
 No correction applied to the TDM.
 Excitation energy:                      0.060916023
 Excitation energy (in eV):              1.657609441
 Transition dipole:                      0.00000       0.00000      -0.00000
 ------------------------------------------------------
           transition charges and positions           
           --------------------------------           
        atom     charge/e     x/bohr        y/bohr        z/bohr
 ------------------------------------------------------
     1  Mg      -0.000000      0.000000      0.000000      0.000000
     2  C       -0.000000     -0.410071     -4.191413      5.293123
     3  C        0.000000     -2.371606      4.614711      3.828585
     4  C        0.000000     -0.462983      3.495993     -4.845258
     5  C       -0.000000      0.275900     -5.336587     -3.849372
     6  N       -0.000000     -1.165961     -0.017008      4.017558
     7  C       -0.000000     -1.122497     -1.715871      5.867600
     8  C        0.000000     -1.768784     -0.583925      8.507547
     9  C        0.000000     -3.350484      1.821696      7.619376
    10  C        0.000000     -2.182634      2.207200      5.026671
    11  C        0.000000     -6.166176      1.294462      7.300012
    12  C       -0.000000      0.651956      0.207870     10.013659
    13  C       -0.000000      0.234326      0.750221     12.825571
    14  H       -0.000000      2.207200      0.062361     14.613252
    15  N        0.000000     -0.349599      3.705753     -0.287238
    16  C        0.000000     -1.328477      5.291233      1.468317
    17  C        0.000000     -1.171630      7.853702      0.364717
    18  C        0.000000     -0.353379      7.587250     -2.314915
    19  C        0.000000     -0.404401      4.881163     -2.607822
    20  C        0.000000     -1.676187     10.215859      1.840593
    21  C        0.000000      0.342040      9.473197     -4.302906
    22  O        0.000000      0.572587      8.862816     -6.629159
    23  C        0.000000      0.585815     12.120703     -3.471427
    24  N       -0.000000     -0.500777     -0.780457     -3.834254
    25  C        0.000000     -0.527234      1.075254     -5.550126
    26  C        0.000000     -0.370386      0.045353     -8.186294
    27  C       -0.000000      0.234326     -2.896950     -7.899055
    28  C       -0.000000      0.162516     -3.084033     -4.979428
    29  C        0.000000     -2.741993      0.387394     -9.820907
    30  C       -0.000000      2.594594     -3.911733     -9.303122
    31  C       -0.000000      4.962421     -2.815692     -8.137161
    32  N       -0.000000      0.283459     -4.051573      0.572587
    33  C       -0.000000      0.326923     -5.926181     -1.300132
    34  C       -0.000000      0.326923     -8.386605      0.007559
    35  C       -0.000000      0.251334     -7.768664      2.566248
    36  C       -0.000000      0.156847     -5.092812      2.838369
    37  C       -0.000000      0.281569    -10.799785     -1.177299
    38  C       -0.000000      0.181414     -8.747542      5.132496
    39  O       -0.000000      0.393063    -10.860256      6.086808
    40  C       -0.000000     -0.481880     -6.477981      6.993876
    41  C       -0.000000      1.354934     -6.580026      9.161392
    42  O       -0.000000      3.649061     -6.151059      8.823131
    43  O       -0.000000      0.071810     -6.719866     11.344026
    44  C        0.000000      1.782012     -6.770889     13.573903
    45  H        0.000000     -3.513001      6.084918      4.718646
    46  H        0.000000     -0.411960      4.635498     -6.564909
    47  H       -0.000000      0.521564     -7.080804     -4.922737
    48  H       -0.000000     -2.936634     -1.793350      9.698074
    49  H        0.000000     -2.995216      3.460089      8.815572
    50  H        0.000000     -6.583806     -0.712427      7.500323
    51  H        0.000000     -6.634828      1.940749      5.400837
    52  H        0.000000     -7.279225      2.458534      8.585026
    53  H       -0.000000      1.264227      2.071140      9.384380
    54  H       -0.000000      2.135391     -1.207535      9.805789
    55  H       -0.000000     -1.594929      0.049133     13.464299
    56  H       -0.000000      0.117163      2.791125     13.078795
    57  H        0.000000     -2.539792      9.800120      3.662289
    58  H        0.000000     -3.119938     11.268437      0.816362
    59  H        0.000000      0.013228     11.376151      2.048463
    60  H        0.000000     -1.199976     12.744313     -2.655065
    61  H        0.000000      1.256668     13.171391     -5.109819
    62  H        0.000000      1.980433     12.218969     -1.957756
    63  H        0.000000      1.148953      0.946753     -9.242650
    64  H       -0.000000     -1.307690     -4.074250     -8.592585
    65  H        0.000000     -2.394283      1.398397    -11.582131
    66  H        0.000000     -4.164956      1.349264     -8.685181
    67  H        0.000000     -3.717091     -1.360603    -10.304677
    68  H       -0.000000      2.562469     -3.324028    -11.275996
    69  H       -0.000000      2.743882     -5.965865     -9.263437
    70  H       -0.000000      5.128717     -0.986437     -9.066906
    71  H       -0.000000      6.589475     -4.008109     -8.558570
    72  H       -0.000000      4.714867     -2.462313     -6.122713
    73  H       -0.000000      1.638393    -11.967636     -0.158737
    74  H       -0.000000      0.763449    -10.661835     -3.174740
    75  H       -0.000000     -1.683746    -11.336467     -0.874943
    76  H       -0.000000     -2.424519     -6.767109      7.611817
    77  H        0.000000      1.319029     -8.462194     14.654826
    78  H       -0.000000      1.574142     -4.949193     14.513097
    79  H       -0.000000      3.779452     -7.094032     13.182729
    80  Mg      -0.000000     59.587902      5.364555      4.526518
    81  C        0.000000     59.993532      0.688087     -0.343722
    82  C       -0.000000     58.043354      0.598212      8.585385
    83  C       -0.000000     58.382200      9.543098      8.649503
    84  C        0.000000     59.046571      9.878260     -0.238616
    85  N       -0.000000     59.139111      1.243081      3.967423
    86  C        0.000000     59.458494     -0.327376      2.032911
    87  C       -0.000000     59.312191     -3.166746      2.797721
    88  C       -0.000000     57.664974     -2.899426      5.306275
    89  C       -0.000000     58.373527     -0.216393      6.036919
    90  C       -0.000000     54.823582     -3.013603      4.835488
    91  C        0.000000     61.978463     -4.314831      3.370572
    92  C        0.000000     62.071380     -7.203126      3.527212
    93  H        0.000000     64.306227     -8.507641      2.597183
    94  N       -0.000000     59.292916      5.089599      8.237940
    95  C       -0.000000     58.677395      2.993818      9.573145
    96  C       -0.000000     58.708235      3.756530     12.261299
    97  C       -0.000000     59.040071      6.549621     12.358847
    98  C       -0.000000     58.866443      7.186704      9.717784
    99  C       -0.000000     58.531697      1.913631     14.402585
   100  C       -0.000000     59.428995      8.359827     14.495295
   101  O       -0.000000     59.234637     10.750557     14.205827
   102  C       -0.000000     59.884552      7.239201     17.004625
   103  N        0.000000     58.406578      9.119932      4.275486
   104  C       -0.000000     58.131472     10.541648      6.347118
   105  C       -0.000000     57.799390     13.277537      5.684334
   106  C        0.000000     58.365930     13.495763      2.728538
   107  C        0.000000     58.798507     10.660455      2.146861
   108  C       -0.000000     55.189451     14.408614      6.252121
   109  C        0.000000     60.417719     15.415970      1.906979
   110  C        0.000000     62.980830     14.549814      2.827597
   111  N       -0.000000     59.858190      5.395622      0.433900
   112  C        0.000000     59.524804      7.479442     -1.169117
   113  C        0.000000     59.686622      6.531706     -3.784328
   114  C        0.000000     60.074167      3.940570     -3.519407
   115  C        0.000000     60.100132      3.302145     -0.905028
   116  C        0.000000     59.371132      8.000741     -6.014091
   117  C        0.000000     60.425901      1.555698     -4.837529
   118  O        0.000000     60.743848      0.943597     -7.060886
   119  C       -0.000000     60.157749     -0.678809     -2.839880
   120  C       -0.000000     62.340459     -2.455775     -3.240710
   121  O        0.000000     64.551306     -1.778969     -2.776461
   122  O       -0.000000     61.453610     -4.791873     -3.671946
   123  C       -0.000000     63.523900     -6.658752     -4.030313
   124  H       -0.000000     57.114081     -0.666695      9.924407
   125  H       -0.000000     58.163559     11.077518     10.011845
   126  H        0.000000     59.054848     11.200690     -1.821601
   127  H        0.000000     58.337490     -4.372486      1.441219
   128  H       -0.000000     58.266757     -4.221743      6.765975
   129  H       -0.000000     54.393650     -3.015228      2.821229
   130  H       -0.000000     54.048926     -1.329895      5.735092
   131  H       -0.000000     53.982786     -4.617943      5.817503
   132  H        0.000000     62.521475     -3.841416      5.300247
   133  H        0.000000     63.364652     -3.662346      1.992187
   134  H        0.000000     60.363163     -8.054863      2.751196
   135  H        0.000000     62.054751     -7.742548      5.515147
   136  H       -0.000000     57.987607      0.040176     13.745792
   137  H       -0.000000     56.960371      2.518136     15.588710
   138  H       -0.000000     60.261930      1.853878     15.518960
   139  H       -0.000000     58.285484      6.045442     17.516779
   140  H        0.000000     60.287819      8.815365     18.266131
   141  H       -0.000000     61.523511      5.995402     16.892337
   142  H       -0.000000     59.135200     14.455347      6.716427
   143  H        0.000000     56.695771     14.057408      1.660824
   144  H       -0.000000     55.252171     16.052940      7.491933
   145  H       -0.000000     54.012190     12.922212      7.054971
   146  H       -0.000000     54.098607     14.941516      4.588860
   147  H        0.000000     60.058369     17.256223      2.757262
   148  H        0.000000     60.516608     15.677149     -0.133944
   149  H        0.000000     63.031607     15.242266      4.765681
   150  H        0.000000     64.477172     15.406162      1.698732
   151  H        0.000000     63.097294     12.494416      2.904830
   152  H        0.000000     60.852809      7.401793     -7.313391
   153  H        0.000000     59.501447     10.015378     -5.607536
   154  H        0.000000     57.474811      7.431216     -6.581141
   155  H       -0.000000     58.345313     -1.585102     -3.204598
   156  H       -0.000000     63.211074     -7.569279     -5.851405
   157  H       -0.000000     63.531534     -7.853985     -2.352463
   158  H       -0.000000     65.413380     -5.882434     -4.303152
 ------------------------------------------------------

 TOTAL ENERGY:                        -261.824872379

 --------------------------------------------------------------------------------

 End time:                               Wed Jun 30 13:19:45 2021
 Total wall-clock time:                  1.141 seconds
==================================================================================
