
================================================================================
          _____________ ________ _______________ ________     _________         
         / ___________// ______ \\_____   _____// ______ \   / ________)        
        / /_________  / /      \ \     | |     / /      \ \ | (_______          
       |  __________|| |        | |    | |    | |        | | \________ \        
        \ \_________ | |        | |    | |     \ \______/ /___________) |       
         \__________||_|        |_|    |_|      \________//____________/        
                                                                                
====================================[ Qcore ]===================================

 Git hash:   ad9d0b24ea610736acb9cf13a2604964cd4d942e
 Git date:   Wed, 30 Jun 2021 12:42:56 +0100
 Compiler:   GNU 9.1.0
 Build type: Release
 Version:    1.4.1

 Start time: Wed Jun 30 13:19:44 2021

 Data directory: /home/of15641/.local/src/Qcore/release/share/entos/1.4.1/data
 Number of threads: 2
 Number of threads was determined by: command line argument
  - More threads can be used by running 'qcore -n 24'

 --------------------------------------------------------------------------------
                                   command: xtb                                  
 --------------------------------------------------------------------------------
 XTB basis setup:                        reference basis
 Number of basis functions:            488
 GFN version:                            chlorophyll
 Integral screening threshold:           1.00e-10
 Total charge:                           0.000000000
 Number of electrons:                  436.000000000
 Electronic temperature (Kelvin):        0.000000000

 D3BJ energy:                           -0.125066501
 Repulsive energy:                       3.043112964

 ****************************************************
  Running robust self-consistent charge (SCC) solver 
 ****************************************************
 Number of SCC trials:                   4
 Using the stop-early mechanism for the first 3 trials

 Conv. threshold (charge):               1.00e-05
 Conv. threshold (energy):               1.00e-06
 Initial guess:                          eeq

 -------------
  SCC Trial 1 
 -------------
 Broyden mixing factor:                  0.400000000
 Max number of iterations:             128

 ---------------------------------------------------------------
                  energy        change          grad        time
 ---------------------------------------------------------------
   0      -260.593845429                    6.61e-01        0.05
   1      -261.778220704     -1.18e+00      3.88e-01        0.04
   2      -261.796080874     -1.79e-02      1.03e-01        0.04
   3      -261.818988714     -2.29e-02      1.05e-02        0.04
   4      -261.820092048     -1.10e-03      5.71e-03        0.04
   5      -261.824627345     -4.54e-03      1.38e-03        0.04
   6      -261.824854310     -2.27e-04      4.09e-04        0.04
   7      -261.824869655     -1.53e-05      1.57e-04        0.04
   8      -261.824871234     -1.58e-06      4.48e-05        0.04
   9      -261.824871262     -2.84e-08      1.59e-05        0.04
  10      -261.824871265     -2.61e-09      4.93e-06        0.04
  11      -261.824871265     -3.60e-10      1.72e-06        0.04

 SCF converged in 10 iterations.

 Entropy contribution (-ST):             0.000000000
 Dipole moment (in Debye):              -5.628741       1.538184       3.353056

 ----------------
  Excitation 0 1 
 ----------------
 Setting up Delta-SCF
 Ground-Excited state overlap:          -0.000000000
 No correction applied to the TDM.
 Excitation energy:                      0.059820183
 Excitation energy (in eV):              1.627790111
 Transition dipole:                      0.00000      -0.00000       0.00000
 ------------------------------------------------------
           transition charges and positions           
           --------------------------------           
        atom     charge/e     x/bohr        y/bohr        z/bohr
 ------------------------------------------------------
     1  Mg       0.000000      0.000000      0.000000      0.000000
     2  C        0.000000     -0.410071     -4.191413      5.293123
     3  C       -0.000000     -2.371606      4.614711      3.828585
     4  C       -0.000000     -0.462983      3.495993     -4.845258
     5  C        0.000000      0.275900     -5.336587     -3.849372
     6  N        0.000000     -1.165961     -0.017008      4.017558
     7  C        0.000000     -1.122497     -1.715871      5.867600
     8  C       -0.000000     -1.768784     -0.583925      8.507547
     9  C        0.000000     -3.350484      1.821696      7.619376
    10  C       -0.000000     -2.182634      2.207200      5.026671
    11  C       -0.000000     -6.166176      1.294462      7.300012
    12  C        0.000000      0.651956      0.207870     10.013659
    13  C        0.000000      0.234326      0.750221     12.825571
    14  H        0.000000      2.207200      0.062361     14.613252
    15  N       -0.000000     -0.349599      3.705753     -0.287238
    16  C       -0.000000     -1.328477      5.291233      1.468317
    17  C       -0.000000     -1.171630      7.853702      0.364717
    18  C       -0.000000     -0.353379      7.587250     -2.314915
    19  C       -0.000000     -0.404401      4.881163     -2.607822
    20  C       -0.000000     -1.676187     10.215859      1.840593
    21  C       -0.000000      0.342040      9.473197     -4.302906
    22  O       -0.000000      0.572587      8.862816     -6.629159
    23  C       -0.000000      0.585815     12.120703     -3.471427
    24  N       -0.000000     -0.500777     -0.780457     -3.834254
    25  C       -0.000000     -0.527234      1.075254     -5.550126
    26  C       -0.000000     -0.370386      0.045353     -8.186294
    27  C        0.000000      0.234326     -2.896950     -7.899055
    28  C        0.000000      0.162516     -3.084033     -4.979428
    29  C       -0.000000     -2.741993      0.387394     -9.820907
    30  C        0.000000      2.594594     -3.911733     -9.303122
    31  C        0.000000      4.962421     -2.815692     -8.137161
    32  N        0.000000      0.283459     -4.051573      0.572587
    33  C        0.000000      0.326923     -5.926181     -1.300132
    34  C        0.000000      0.326923     -8.386605      0.007559
    35  C        0.000000      0.251334     -7.768664      2.566248
    36  C        0.000000      0.156847     -5.092812      2.838369
    37  C        0.000000      0.281569    -10.799785     -1.177299
    38  C        0.000000      0.181414     -8.747542      5.132496
    39  O        0.000000      0.393063    -10.860256      6.086808
    40  C        0.000000     -0.481880     -6.477981      6.993876
    41  C        0.000000      1.354934     -6.580026      9.161392
    42  O        0.000000      3.649061     -6.151059      8.823131
    43  O        0.000000      0.071810     -6.719866     11.344026
    44  C        0.000000      1.782012     -6.770889     13.573903
    45  H       -0.000000     -3.513001      6.084918      4.718646
    46  H       -0.000000     -0.411960      4.635498     -6.564909
    47  H        0.000000      0.521564     -7.080804     -4.922737
    48  H        0.000000     -2.936634     -1.793350      9.698074
    49  H       -0.000000     -2.995216      3.460089      8.815572
    50  H       -0.000000     -6.583806     -0.712427      7.500323
    51  H       -0.000000     -6.634828      1.940749      5.400837
    52  H       -0.000000     -7.279225      2.458534      8.585026
    53  H        0.000000      1.264227      2.071140      9.384380
    54  H        0.000000      2.135391     -1.207535      9.805789
    55  H        0.000000     -1.594929      0.049133     13.464299
    56  H        0.000000      0.117163      2.791125     13.078795
    57  H       -0.000000     -2.539792      9.800120      3.662289
    58  H       -0.000000     -3.119938     11.268437      0.816362
    59  H       -0.000000      0.013228     11.376151      2.048463
    60  H       -0.000000     -1.199976     12.744313     -2.655065
    61  H        0.000000      1.256668     13.171391     -5.109819
    62  H       -0.000000      1.980433     12.218969     -1.957756
    63  H       -0.000000      1.148953      0.946753     -9.242650
    64  H        0.000000     -1.307690     -4.074250     -8.592585
    65  H       -0.000000     -2.394283      1.398397    -11.582131
    66  H       -0.000000     -4.164956      1.349264     -8.685181
    67  H       -0.000000     -3.717091     -1.360603    -10.304677
    68  H        0.000000      2.562469     -3.324028    -11.275996
    69  H        0.000000      2.743882     -5.965865     -9.263437
    70  H        0.000000      5.128717     -0.986437     -9.066906
    71  H        0.000000      6.589475     -4.008109     -8.558570
    72  H        0.000000      4.714867     -2.462313     -6.122713
    73  H        0.000000      1.638393    -11.967636     -0.158737
    74  H        0.000000      0.763449    -10.661835     -3.174740
    75  H        0.000000     -1.683746    -11.336467     -0.874943
    76  H        0.000000     -2.424519     -6.767109      7.611817
    77  H        0.000000      1.319029     -8.462194     14.654826
    78  H        0.000000      1.574142     -4.949193     14.513097
    79  H        0.000000      3.779452     -7.094032     13.182729
    80  Mg       0.000000     59.587902      5.364555      4.526518
    81  C       -0.000000     59.997198      0.388717     -0.037114
    82  C        0.000000     57.997339      0.870559      8.868428
    83  C        0.000000     58.380216      9.800063      8.371090
    84  C       -0.000000     59.095289      9.571520     -0.516481
    85  N       -0.000000     59.121745      1.218155      4.225484
    86  C       -0.000000     59.444019     -0.472526      2.395606
    87  C        0.000000     59.279386     -3.257359      3.336822
    88  C        0.000000     57.619696     -2.824952      5.813931
    89  C        0.000000     58.337508     -0.104502      6.378279
    90  C        0.000000     54.780420     -2.955456      5.334754
    91  C       -0.000000     61.936737     -4.379346      3.996355
    92  C       -0.000000     62.014462     -7.252429      4.335126
    93  H       -0.000000     64.247891     -8.623217      3.502116
    94  N        0.000000     59.271071      5.325324      8.246103
    95  C        0.000000     58.637786      3.320702      9.707051
    96  C        0.000000     58.657571      4.251090     12.341952
    97  C        0.000000     59.002730      7.043217     12.265362
    98  C        0.000000     58.846846      7.513457      9.588433
    99  C        0.000000     58.460076      2.547596     14.593977
   100  C        0.000000     59.388839      8.982643     14.285781
   101  O        0.000000     59.207954     11.351245     13.845211
   102  C        0.000000     59.824969      8.020243     16.863311
   103  N       -0.000000     58.426628      9.102055      4.032619
   104  C        0.000000     58.147156     10.652726      6.008970
   105  C        0.000000     57.832328     13.342922      5.173276
   106  C       -0.000000     58.416234     13.371872      2.212964
   107  C       -0.000000     58.837946     10.503589      1.813532
   108  C        0.000000     55.224941     14.519522      5.653513
   109  C       -0.000000     60.482045     15.227054      1.284069
   110  C       -0.000000     63.035708     14.408803      2.272320
   111  N       -0.000000     59.880923      5.136465      0.441723
   112  C       -0.000000     59.566737      7.116671     -1.291269
   113  C       -0.000000     59.738287      6.005323     -3.840623
   114  C       -0.000000     60.111508      3.434256     -3.410786
   115  C       -0.000000     60.119860      2.961692     -0.761295
   116  C       -0.000000     59.442393      7.332383     -6.160262
   117  C       -0.000000     60.458669      0.969505     -4.574044
   118  O       -0.000000     60.785819      0.217073     -6.752558
   119  C       -0.000000     60.168388     -1.133458     -2.441224
   120  C       -0.000000     62.344427     -2.942171     -2.716651
   121  O       -0.000000     64.556030     -2.247678     -2.283073
   122  O       -0.000000     61.448394     -5.296713     -3.005061
   123  C       -0.000000     63.511352     -7.191957     -3.233114
   124  H        0.000000     57.054422     -0.303188     10.279014
   125  H        0.000000     58.161669     11.418254      9.632803
   126  H       -0.000000     59.118872     10.791546     -2.179516
   127  H       -0.000000     58.306215     -4.541654      2.053301
   128  H        0.000000     58.206853     -4.055428      7.357497
   129  H        0.000000     54.361619     -3.081992      3.322120
   130  H        0.000000     54.009185     -1.214867      6.122013
   131  H        0.000000     53.926264     -4.490859      6.410934
   132  H       -0.000000     62.471417     -3.787786      5.895530
   133  H       -0.000000     63.333718     -3.821385      2.587715
   134  H       -0.000000     60.306338     -8.143472      3.604350
   135  H       -0.000000     61.984170     -7.665447      6.352957
   136  H        0.000000     57.910317      0.639011     14.053326
   137  H        0.000000     56.885254      3.232868     15.730515
   138  H        0.000000     60.183809      2.550318     15.721973
   139  H        0.000000     58.217190      6.868493     17.440301
   140  H       -0.000000     60.229086      9.670881     18.025379
   141  H        0.000000     61.458334      6.764294     16.839123
   142  H        0.000000     59.168251     14.577234      6.136904
   143  H       -0.000000     56.754825     13.872820      1.102296
   144  H        0.000000     55.288983     16.238398      6.787651
   145  H        0.000000     54.035887     13.092098      6.541495
   146  H        0.000000     54.145945     14.951608      3.953666
   147  H       -0.000000     60.127136     17.118840      2.014675
   148  H       -0.000000     60.593501     15.358655     -0.768646
   149  H       -0.000000     63.079228     15.221744      4.163218
   150  H       -0.000000     64.542500     15.185423      1.100482
   151  H       -0.000000     63.141532     12.361851      2.479510
   152  H       -0.000000     60.928247      6.645959     -7.410637
   153  H       -0.000000     59.580457      9.368015     -5.880639
   154  H       -0.000000     57.546450      6.737025     -6.701347
   155  H       -0.000000     58.353533     -2.052583     -2.758698
   156  H        0.000000     63.204063     -8.213959     -4.995019
   157  H       -0.000000     63.503774     -8.279136     -1.483303
   158  H       -0.000000     65.406123     -6.443078     -3.543293
 ------------------------------------------------------


 -----------------
  Excitation -1 1 
 -----------------
 Setting up Delta-SCF
 Ground-Excited state overlap:          -0.000000000
 No correction applied to the TDM.
 Excitation energy:                      0.095901585
 Excitation energy (in eV):              2.609615078
 Transition dipole:                     -0.46908       4.35093      -0.22835
 ------------------------------------------------------
           transition charges and positions           
           --------------------------------           
        atom     charge/e     x/bohr        y/bohr        z/bohr
 ------------------------------------------------------
     1  Mg      -0.000007      0.000000      0.000000      0.000000
     2  C       -0.020015     -0.410071     -4.191413      5.293123
     3  C        0.017692     -2.371606      4.614711      3.828585
     4  C        0.016145     -0.462983      3.495993     -4.845258
     5  C       -0.014897      0.275900     -5.336587     -3.849372
     6  N       -0.000964     -1.165961     -0.017008      4.017558
     7  C       -0.030422     -1.122497     -1.715871      5.867600
     8  C        0.000141     -1.768784     -0.583925      8.507547
     9  C        0.000161     -3.350484      1.821696      7.619376
    10  C        0.036522     -2.182634      2.207200      5.026671
    11  C        0.004508     -6.166176      1.294462      7.300012
    12  C       -0.002933      0.651956      0.207870     10.013659
    13  C       -0.000205      0.234326      0.750221     12.825571
    14  H       -0.000511      2.207200      0.062361     14.613252
    15  N        0.010731     -0.349599      3.705753     -0.287238
    16  C        0.050697     -1.328477      5.291233      1.468317
    17  C        0.092748     -1.171630      7.853702      0.364717
    18  C        0.030517     -0.353379      7.587250     -2.314915
    19  C        0.040599     -0.404401      4.881163     -2.607822
    20  C        0.001205     -1.676187     10.215859      1.840593
    21  C        0.005470      0.342040      9.473197     -4.302906
    22  O        0.010686      0.572587      8.862816     -6.629159
    23  C        0.000274      0.585815     12.120703     -3.471427
    24  N       -0.004977     -0.500777     -0.780457     -3.834254
    25  C        0.024643     -0.527234      1.075254     -5.550126
    26  C        0.000361     -0.370386      0.045353     -8.186294
    27  C       -0.001002      0.234326     -2.896950     -7.899055
    28  C       -0.047772      0.162516     -3.084033     -4.979428
    29  C        0.002825     -2.741993      0.387394     -9.820907
    30  C       -0.003501      2.594594     -3.911733     -9.303122
    31  C       -0.000487      4.962421     -2.815692     -8.137161
    32  N       -0.001222      0.283459     -4.051573      0.572587
    33  C       -0.069569      0.326923     -5.926181     -1.300132
    34  C       -0.058074      0.326923     -8.386605      0.007559
    35  C       -0.028896      0.251334     -7.768664      2.566248
    36  C       -0.039094      0.156847     -5.092812      2.838369
    37  C       -0.001622      0.281569    -10.799785     -1.177299
    38  C       -0.007324      0.181414     -8.747542      5.132496
    39  O       -0.013552      0.393063    -10.860256      6.086808
    40  C       -0.000078     -0.481880     -6.477981      6.993876
    41  C       -0.000218      1.354934     -6.580026      9.161392
    42  O       -0.000377      3.649061     -6.151059      8.823131
    43  O       -0.000054      0.071810     -6.719866     11.344026
    44  C       -0.000012      1.782012     -6.770889     13.573903
    45  H        0.000017     -3.513001      6.084918      4.718646
    46  H        0.000088     -0.411960      4.635498     -6.564909
    47  H       -0.001383      0.521564     -7.080804     -4.922737
    48  H       -0.001047     -2.936634     -1.793350      9.698074
    49  H        0.001159     -2.995216      3.460089      8.815572
    50  H        0.000416     -6.583806     -0.712427      7.500323
    51  H        0.001187     -6.634828      1.940749      5.400837
    52  H        0.000832     -7.279225      2.458534      8.585026
    53  H       -0.000063      1.264227      2.071140      9.384380
    54  H       -0.000309      2.135391     -1.207535      9.805789
    55  H       -0.000083     -1.594929      0.049133     13.464299
    56  H       -0.000061      0.117163      2.791125     13.078795
    57  H        0.000016     -2.539792      9.800120      3.662289
    58  H        0.011635     -3.119938     11.268437      0.816362
    59  H        0.009956      0.013228     11.376151      2.048463
    60  H        0.000777     -1.199976     12.744313     -2.655065
    61  H       -0.000005      1.256668     13.171391     -5.109819
    62  H        0.000815      1.980433     12.218969     -1.957756
    63  H        0.001999      1.148953      0.946753     -9.242650
    64  H       -0.005343     -1.307690     -4.074250     -8.592585
    65  H        0.000243     -2.394283      1.398397    -11.582131
    66  H        0.000498     -4.164956      1.349264     -8.685181
    67  H        0.000286     -3.717091     -1.360603    -10.304677
    68  H       -0.000138      2.562469     -3.324028    -11.275996
    69  H       -0.000382      2.743882     -5.965865     -9.263437
    70  H       -0.000056      5.128717     -0.986437     -9.066906
    71  H       -0.000118      6.589475     -4.008109     -8.558570
    72  H       -0.000688      4.714867     -2.462313     -6.122713
    73  H       -0.005842      1.638393    -11.967636     -0.158737
    74  H       -0.000838      0.763449    -10.661835     -3.174740
    75  H       -0.011601     -1.683746    -11.336467     -0.874943
    76  H       -0.000090     -2.424519     -6.767109      7.611817
    77  H        0.000001      1.319029     -8.462194     14.654826
    78  H       -0.000013      1.574142     -4.949193     14.513097
    79  H       -0.000006      3.779452     -7.094032     13.182729
    80  Mg       0.000000     59.587902      5.364555      4.526518
    81  C        0.000000     59.997198      0.388717     -0.037114
    82  C        0.000000     57.997339      0.870559      8.868428
    83  C        0.000000     58.380216      9.800063      8.371090
    84  C        0.000000     59.095289      9.571520     -0.516481
    85  N        0.000000     59.121745      1.218155      4.225484
    86  C        0.000000     59.444019     -0.472526      2.395606
    87  C        0.000000     59.279386     -3.257359      3.336822
    88  C        0.000000     57.619696     -2.824952      5.813931
    89  C        0.000000     58.337508     -0.104502      6.378279
    90  C        0.000000     54.780420     -2.955456      5.334754
    91  C        0.000000     61.936737     -4.379346      3.996355
    92  C        0.000000     62.014462     -7.252429      4.335126
    93  H        0.000000     64.247891     -8.623217      3.502116
    94  N        0.000000     59.271071      5.325324      8.246103
    95  C        0.000000     58.637786      3.320702      9.707051
    96  C        0.000000     58.657571      4.251090     12.341952
    97  C        0.000000     59.002730      7.043217     12.265362
    98  C        0.000000     58.846846      7.513457      9.588433
    99  C        0.000000     58.460076      2.547596     14.593977
   100  C        0.000000     59.388839      8.982643     14.285781
   101  O        0.000000     59.207954     11.351245     13.845211
   102  C        0.000000     59.824969      8.020243     16.863311
   103  N        0.000000     58.426628      9.102055      4.032619
   104  C        0.000000     58.147156     10.652726      6.008970
   105  C        0.000000     57.832328     13.342922      5.173276
   106  C        0.000000     58.416234     13.371872      2.212964
   107  C        0.000000     58.837946     10.503589      1.813532
   108  C        0.000000     55.224941     14.519522      5.653513
   109  C        0.000000     60.482045     15.227054      1.284069
   110  C        0.000000     63.035708     14.408803      2.272320
   111  N        0.000000     59.880923      5.136465      0.441723
   112  C        0.000000     59.566737      7.116671     -1.291269
   113  C        0.000000     59.738287      6.005323     -3.840623
   114  C        0.000000     60.111508      3.434256     -3.410786
   115  C        0.000000     60.119860      2.961692     -0.761295
   116  C        0.000000     59.442393      7.332383     -6.160262
   117  C        0.000000     60.458669      0.969505     -4.574044
   118  O        0.000000     60.785819      0.217073     -6.752558
   119  C        0.000000     60.168388     -1.133458     -2.441224
   120  C        0.000000     62.344427     -2.942171     -2.716651
   121  O        0.000000     64.556030     -2.247678     -2.283073
   122  O        0.000000     61.448394     -5.296713     -3.005061
   123  C        0.000000     63.511352     -7.191957     -3.233114
   124  H        0.000000     57.054422     -0.303188     10.279014
   125  H        0.000000     58.161669     11.418254      9.632803
   126  H        0.000000     59.118872     10.791546     -2.179516
   127  H        0.000000     58.306215     -4.541654      2.053301
   128  H        0.000000     58.206853     -4.055428      7.357497
   129  H        0.000000     54.361619     -3.081992      3.322120
   130  H        0.000000     54.009185     -1.214867      6.122013
   131  H        0.000000     53.926264     -4.490859      6.410934
   132  H        0.000000     62.471417     -3.787786      5.895530
   133  H        0.000000     63.333718     -3.821385      2.587715
   134  H        0.000000     60.306338     -8.143472      3.604350
   135  H        0.000000     61.984170     -7.665447      6.352957
   136  H        0.000000     57.910317      0.639011     14.053326
   137  H        0.000000     56.885254      3.232868     15.730515
   138  H        0.000000     60.183809      2.550318     15.721973
   139  H        0.000000     58.217190      6.868493     17.440301
   140  H        0.000000     60.229086      9.670881     18.025379
   141  H        0.000000     61.458334      6.764294     16.839123
   142  H        0.000000     59.168251     14.577234      6.136904
   143  H        0.000000     56.754825     13.872820      1.102296
   144  H        0.000000     55.288983     16.238398      6.787651
   145  H        0.000000     54.035887     13.092098      6.541495
   146  H        0.000000     54.145945     14.951608      3.953666
   147  H        0.000000     60.127136     17.118840      2.014675
   148  H        0.000000     60.593501     15.358655     -0.768646
   149  H        0.000000     63.079228     15.221744      4.163218
   150  H        0.000000     64.542500     15.185423      1.100482
   151  H        0.000000     63.141532     12.361851      2.479510
   152  H        0.000000     60.928247      6.645959     -7.410637
   153  H        0.000000     59.580457      9.368015     -5.880639
   154  H        0.000000     57.546450      6.737025     -6.701347
   155  H        0.000000     58.353533     -2.052583     -2.758698
   156  H        0.000000     63.204063     -8.213959     -4.995019
   157  H        0.000000     63.503774     -8.279136     -1.483303
   158  H        0.000000     65.406123     -6.443078     -3.543293
 ------------------------------------------------------


 ----------------
  Excitation 0 2 
 ----------------
 Setting up Delta-SCF
 Ground-Excited state overlap:          -0.000000000
 No correction applied to the TDM.
 Excitation energy:                      0.095902408
 Excitation energy (in eV):              2.609637474
 Transition dipole:                      0.41125       0.16306      -4.35978
 ------------------------------------------------------
           transition charges and positions           
           --------------------------------           
        atom     charge/e     x/bohr        y/bohr        z/bohr
 ------------------------------------------------------
     1  Mg       0.000000      0.000000      0.000000      0.000000
     2  C        0.000000     -0.410071     -4.191413      5.293123
     3  C        0.000000     -2.371606      4.614711      3.828585
     4  C        0.000000     -0.462983      3.495993     -4.845258
     5  C        0.000000      0.275900     -5.336587     -3.849372
     6  N        0.000000     -1.165961     -0.017008      4.017558
     7  C        0.000000     -1.122497     -1.715871      5.867600
     8  C        0.000000     -1.768784     -0.583925      8.507547
     9  C        0.000000     -3.350484      1.821696      7.619376
    10  C        0.000000     -2.182634      2.207200      5.026671
    11  C        0.000000     -6.166176      1.294462      7.300012
    12  C        0.000000      0.651956      0.207870     10.013659
    13  C        0.000000      0.234326      0.750221     12.825571
    14  H        0.000000      2.207200      0.062361     14.613252
    15  N        0.000000     -0.349599      3.705753     -0.287238
    16  C        0.000000     -1.328477      5.291233      1.468317
    17  C        0.000000     -1.171630      7.853702      0.364717
    18  C        0.000000     -0.353379      7.587250     -2.314915
    19  C        0.000000     -0.404401      4.881163     -2.607822
    20  C        0.000000     -1.676187     10.215859      1.840593
    21  C        0.000000      0.342040      9.473197     -4.302906
    22  O        0.000000      0.572587      8.862816     -6.629159
    23  C        0.000000      0.585815     12.120703     -3.471427
    24  N        0.000000     -0.500777     -0.780457     -3.834254
    25  C        0.000000     -0.527234      1.075254     -5.550126
    26  C        0.000000     -0.370386      0.045353     -8.186294
    27  C        0.000000      0.234326     -2.896950     -7.899055
    28  C        0.000000      0.162516     -3.084033     -4.979428
    29  C        0.000000     -2.741993      0.387394     -9.820907
    30  C        0.000000      2.594594     -3.911733     -9.303122
    31  C        0.000000      4.962421     -2.815692     -8.137161
    32  N        0.000000      0.283459     -4.051573      0.572587
    33  C        0.000000      0.326923     -5.926181     -1.300132
    34  C        0.000000      0.326923     -8.386605      0.007559
    35  C        0.000000      0.251334     -7.768664      2.566248
    36  C        0.000000      0.156847     -5.092812      2.838369
    37  C        0.000000      0.281569    -10.799785     -1.177299
    38  C        0.000000      0.181414     -8.747542      5.132496
    39  O        0.000000      0.393063    -10.860256      6.086808
    40  C        0.000000     -0.481880     -6.477981      6.993876
    41  C        0.000000      1.354934     -6.580026      9.161392
    42  O        0.000000      3.649061     -6.151059      8.823131
    43  O        0.000000      0.071810     -6.719866     11.344026
    44  C        0.000000      1.782012     -6.770889     13.573903
    45  H        0.000000     -3.513001      6.084918      4.718646
    46  H        0.000000     -0.411960      4.635498     -6.564909
    47  H        0.000000      0.521564     -7.080804     -4.922737
    48  H        0.000000     -2.936634     -1.793350      9.698074
    49  H        0.000000     -2.995216      3.460089      8.815572
    50  H        0.000000     -6.583806     -0.712427      7.500323
    51  H        0.000000     -6.634828      1.940749      5.400837
    52  H        0.000000     -7.279225      2.458534      8.585026
    53  H        0.000000      1.264227      2.071140      9.384380
    54  H        0.000000      2.135391     -1.207535      9.805789
    55  H        0.000000     -1.594929      0.049133     13.464299
    56  H        0.000000      0.117163      2.791125     13.078795
    57  H        0.000000     -2.539792      9.800120      3.662289
    58  H        0.000000     -3.119938     11.268437      0.816362
    59  H        0.000000      0.013228     11.376151      2.048463
    60  H        0.000000     -1.199976     12.744313     -2.655065
    61  H        0.000000      1.256668     13.171391     -5.109819
    62  H        0.000000      1.980433     12.218969     -1.957756
    63  H        0.000000      1.148953      0.946753     -9.242650
    64  H        0.000000     -1.307690     -4.074250     -8.592585
    65  H        0.000000     -2.394283      1.398397    -11.582131
    66  H        0.000000     -4.164956      1.349264     -8.685181
    67  H        0.000000     -3.717091     -1.360603    -10.304677
    68  H        0.000000      2.562469     -3.324028    -11.275996
    69  H        0.000000      2.743882     -5.965865     -9.263437
    70  H        0.000000      5.128717     -0.986437     -9.066906
    71  H        0.000000      6.589475     -4.008109     -8.558570
    72  H        0.000000      4.714867     -2.462313     -6.122713
    73  H        0.000000      1.638393    -11.967636     -0.158737
    74  H        0.000000      0.763449    -10.661835     -3.174740
    75  H        0.000000     -1.683746    -11.336467     -0.874943
    76  H        0.000000     -2.424519     -6.767109      7.611817
    77  H        0.000000      1.319029     -8.462194     14.654826
    78  H        0.000000      1.574142     -4.949193     14.513097
    79  H        0.000000      3.779452     -7.094032     13.182729
    80  Mg       0.000008     59.587902      5.364555      4.526518
    81  C        0.020028     59.997198      0.388717     -0.037114
    82  C       -0.017716     57.997339      0.870559      8.868428
    83  C       -0.016133     58.380216      9.800063      8.371090
    84  C        0.014880     59.095289      9.571520     -0.516481
    85  N        0.000958     59.121745      1.218155      4.225484
    86  C        0.030431     59.444019     -0.472526      2.395606
    87  C       -0.000141     59.279386     -3.257359      3.336822
    88  C       -0.000162     57.619696     -2.824952      5.813931
    89  C       -0.036513     58.337508     -0.104502      6.378279
    90  C       -0.004507     54.780420     -2.955456      5.334754
    91  C        0.002933     61.936737     -4.379346      3.996355
    92  C        0.000205     62.014462     -7.252429      4.335126
    93  H        0.000511     64.247891     -8.623217      3.502116
    94  N       -0.010721     59.271071      5.325324      8.246103
    95  C       -0.050682     58.637786      3.320702      9.707051
    96  C       -0.092772     58.657571      4.251090     12.341952
    97  C       -0.030514     59.002730      7.043217     12.265362
    98  C       -0.040594     58.846846      7.513457      9.588433
    99  C       -0.001205     58.460076      2.547596     14.593977
   100  C       -0.005474     59.388839      8.982643     14.285781
   101  O       -0.010688     59.207954     11.351245     13.845211
   102  C       -0.000274     59.824969      8.020243     16.863311
   103  N        0.004970     58.426628      9.102055      4.032619
   104  C       -0.024633     58.147156     10.652726      6.008970
   105  C       -0.000360     57.832328     13.342922      5.173276
   106  C        0.001001     58.416234     13.371872      2.212964
   107  C        0.047777     58.837946     10.503589      1.813532
   108  C       -0.002824     55.224941     14.519522      5.653513
   109  C        0.003501     60.482045     15.227054      1.284069
   110  C        0.000487     63.035708     14.408803      2.272320
   111  N        0.001226     59.880923      5.136465      0.441723
   112  C        0.069578     59.566737      7.116671     -1.291269
   113  C        0.058059     59.738287      6.005323     -3.840623
   114  C        0.028901     60.111508      3.434256     -3.410786
   115  C        0.039091     60.119860      2.961692     -0.761295
   116  C        0.001621     59.442393      7.332383     -6.160262
   117  C        0.007323     60.458669      0.969505     -4.574044
   118  O        0.013553     60.785819      0.217073     -6.752558
   119  C        0.000078     60.168388     -1.133458     -2.441224
   120  C        0.000218     62.344427     -2.942171     -2.716651
   121  O        0.000377     64.556030     -2.247678     -2.283073
   122  O        0.000054     61.448394     -5.296713     -3.005061
   123  C        0.000012     63.511352     -7.191957     -3.233114
   124  H       -0.000017     57.054422     -0.303188     10.279014
   125  H       -0.000088     58.161669     11.418254      9.632803
   126  H        0.001383     59.118872     10.791546     -2.179516
   127  H        0.001048     58.306215     -4.541654      2.053301
   128  H       -0.001159     58.206853     -4.055428      7.357497
   129  H       -0.000415     54.361619     -3.081992      3.322120
   130  H       -0.001186     54.009185     -1.214867      6.122013
   131  H       -0.000832     53.926264     -4.490859      6.410934
   132  H        0.000063     62.471417     -3.787786      5.895530
   133  H        0.000309     63.333718     -3.821385      2.587715
   134  H        0.000083     60.306338     -8.143472      3.604350
   135  H        0.000061     61.984170     -7.665447      6.352957
   136  H       -0.000016     57.910317      0.639011     14.053326
   137  H       -0.011637     56.885254      3.232868     15.730515
   138  H       -0.009959     60.183809      2.550318     15.721973
   139  H       -0.000777     58.217190      6.868493     17.440301
   140  H        0.000005     60.229086      9.670881     18.025379
   141  H       -0.000815     61.458334      6.764294     16.839123
   142  H       -0.001998     59.168251     14.577234      6.136904
   143  H        0.005341     56.754825     13.872820      1.102296
   144  H       -0.000243     55.288983     16.238398      6.787651
   145  H       -0.000498     54.035887     13.092098      6.541495
   146  H       -0.000286     54.145945     14.951608      3.953666
   147  H        0.000138     60.127136     17.118840      2.014675
   148  H        0.000382     60.593501     15.358655     -0.768646
   149  H        0.000056     63.079228     15.221744      4.163218
   150  H        0.000118     64.542500     15.185423      1.100482
   151  H        0.000688     63.141532     12.361851      2.479510
   152  H        0.005841     60.928247      6.645959     -7.410637
   153  H        0.000838     59.580457      9.368015     -5.880639
   154  H        0.011597     57.546450      6.737025     -6.701347
   155  H        0.000091     58.353533     -2.052583     -2.758698
   156  H       -0.000001     63.204063     -8.213959     -4.995019
   157  H        0.000014     63.503774     -8.279136     -1.483303
   158  H        0.000006     65.406123     -6.443078     -3.543293
 ------------------------------------------------------


 -----------------
  Excitation -1 2 
 -----------------
 Setting up Delta-SCF
 Ground-Excited state overlap:          -0.000000000
 No correction applied to the TDM.
 Excitation energy:                      0.060915672
 Excitation energy (in eV):              1.657599885
 Transition dipole:                      0.00000       0.00000      -0.00000
 ------------------------------------------------------
           transition charges and positions           
           --------------------------------           
        atom     charge/e     x/bohr        y/bohr        z/bohr
 ------------------------------------------------------
     1  Mg      -0.000000      0.000000      0.000000      0.000000
     2  C       -0.000000     -0.410071     -4.191413      5.293123
     3  C        0.000000     -2.371606      4.614711      3.828585
     4  C        0.000000     -0.462983      3.495993     -4.845258
     5  C       -0.000000      0.275900     -5.336587     -3.849372
     6  N       -0.000000     -1.165961     -0.017008      4.017558
     7  C       -0.000000     -1.122497     -1.715871      5.867600
     8  C        0.000000     -1.768784     -0.583925      8.507547
     9  C        0.000000     -3.350484      1.821696      7.619376
    10  C        0.000000     -2.182634      2.207200      5.026671
    11  C        0.000000     -6.166176      1.294462      7.300012
    12  C       -0.000000      0.651956      0.207870     10.013659
    13  C       -0.000000      0.234326      0.750221     12.825571
    14  H       -0.000000      2.207200      0.062361     14.613252
    15  N        0.000000     -0.349599      3.705753     -0.287238
    16  C        0.000000     -1.328477      5.291233      1.468317
    17  C        0.000000     -1.171630      7.853702      0.364717
    18  C        0.000000     -0.353379      7.587250     -2.314915
    19  C        0.000000     -0.404401      4.881163     -2.607822
    20  C        0.000000     -1.676187     10.215859      1.840593
    21  C        0.000000      0.342040      9.473197     -4.302906
    22  O        0.000000      0.572587      8.862816     -6.629159
    23  C        0.000000      0.585815     12.120703     -3.471427
    24  N       -0.000000     -0.500777     -0.780457     -3.834254
    25  C        0.000000     -0.527234      1.075254     -5.550126
    26  C        0.000000     -0.370386      0.045353     -8.186294
    27  C       -0.000000      0.234326     -2.896950     -7.899055
    28  C       -0.000000      0.162516     -3.084033     -4.979428
    29  C        0.000000     -2.741993      0.387394     -9.820907
    30  C       -0.000000      2.594594     -3.911733     -9.303122
    31  C       -0.000000      4.962421     -2.815692     -8.137161
    32  N       -0.000000      0.283459     -4.051573      0.572587
    33  C       -0.000000      0.326923     -5.926181     -1.300132
    34  C       -0.000000      0.326923     -8.386605      0.007559
    35  C       -0.000000      0.251334     -7.768664      2.566248
    36  C       -0.000000      0.156847     -5.092812      2.838369
    37  C       -0.000000      0.281569    -10.799785     -1.177299
    38  C       -0.000000      0.181414     -8.747542      5.132496
    39  O       -0.000000      0.393063    -10.860256      6.086808
    40  C       -0.000000     -0.481880     -6.477981      6.993876
    41  C       -0.000000      1.354934     -6.580026      9.161392
    42  O       -0.000000      3.649061     -6.151059      8.823131
    43  O       -0.000000      0.071810     -6.719866     11.344026
    44  C        0.000000      1.782012     -6.770889     13.573903
    45  H        0.000000     -3.513001      6.084918      4.718646
    46  H        0.000000     -0.411960      4.635498     -6.564909
    47  H       -0.000000      0.521564     -7.080804     -4.922737
    48  H       -0.000000     -2.936634     -1.793350      9.698074
    49  H        0.000000     -2.995216      3.460089      8.815572
    50  H        0.000000     -6.583806     -0.712427      7.500323
    51  H        0.000000     -6.634828      1.940749      5.400837
    52  H        0.000000     -7.279225      2.458534      8.585026
    53  H       -0.000000      1.264227      2.071140      9.384380
    54  H       -0.000000      2.135391     -1.207535      9.805789
    55  H       -0.000000     -1.594929      0.049133     13.464299
    56  H       -0.000000      0.117163      2.791125     13.078795
    57  H        0.000000     -2.539792      9.800120      3.662289
    58  H        0.000000     -3.119938     11.268437      0.816362
    59  H        0.000000      0.013228     11.376151      2.048463
    60  H        0.000000     -1.199976     12.744313     -2.655065
    61  H       -0.000000      1.256668     13.171391     -5.109819
    62  H        0.000000      1.980433     12.218969     -1.957756
    63  H        0.000000      1.148953      0.946753     -9.242650
    64  H       -0.000000     -1.307690     -4.074250     -8.592585
    65  H        0.000000     -2.394283      1.398397    -11.582131
    66  H        0.000000     -4.164956      1.349264     -8.685181
    67  H        0.000000     -3.717091     -1.360603    -10.304677
    68  H       -0.000000      2.562469     -3.324028    -11.275996
    69  H       -0.000000      2.743882     -5.965865     -9.263437
    70  H       -0.000000      5.128717     -0.986437     -9.066906
    71  H       -0.000000      6.589475     -4.008109     -8.558570
    72  H       -0.000000      4.714867     -2.462313     -6.122713
    73  H       -0.000000      1.638393    -11.967636     -0.158737
    74  H       -0.000000      0.763449    -10.661835     -3.174740
    75  H       -0.000000     -1.683746    -11.336467     -0.874943
    76  H       -0.000000     -2.424519     -6.767109      7.611817
    77  H        0.000000      1.319029     -8.462194     14.654826
    78  H       -0.000000      1.574142     -4.949193     14.513097
    79  H       -0.000000      3.779452     -7.094032     13.182729
    80  Mg      -0.000000     59.587902      5.364555      4.526518
    81  C        0.000000     59.997198      0.388717     -0.037114
    82  C       -0.000000     57.997339      0.870559      8.868428
    83  C       -0.000000     58.380216      9.800063      8.371090
    84  C        0.000000     59.095289      9.571520     -0.516481
    85  N       -0.000000     59.121745      1.218155      4.225484
    86  C        0.000000     59.444019     -0.472526      2.395606
    87  C       -0.000000     59.279386     -3.257359      3.336822
    88  C       -0.000000     57.619696     -2.824952      5.813931
    89  C       -0.000000     58.337508     -0.104502      6.378279
    90  C       -0.000000     54.780420     -2.955456      5.334754
    91  C        0.000000     61.936737     -4.379346      3.996355
    92  C        0.000000     62.014462     -7.252429      4.335126
    93  H        0.000000     64.247891     -8.623217      3.502116
    94  N       -0.000000     59.271071      5.325324      8.246103
    95  C       -0.000000     58.637786      3.320702      9.707051
    96  C       -0.000000     58.657571      4.251090     12.341952
    97  C       -0.000000     59.002730      7.043217     12.265362
    98  C       -0.000000     58.846846      7.513457      9.588433
    99  C       -0.000000     58.460076      2.547596     14.593977
   100  C       -0.000000     59.388839      8.982643     14.285781
   101  O       -0.000000     59.207954     11.351245     13.845211
   102  C       -0.000000     59.824969      8.020243     16.863311
   103  N        0.000000     58.426628      9.102055      4.032619
   104  C       -0.000000     58.147156     10.652726      6.008970
   105  C       -0.000000     57.832328     13.342922      5.173276
   106  C        0.000000     58.416234     13.371872      2.212964
   107  C        0.000000     58.837946     10.503589      1.813532
   108  C       -0.000000     55.224941     14.519522      5.653513
   109  C        0.000000     60.482045     15.227054      1.284069
   110  C        0.000000     63.035708     14.408803      2.272320
   111  N       -0.000000     59.880923      5.136465      0.441723
   112  C        0.000000     59.566737      7.116671     -1.291269
   113  C        0.000000     59.738287      6.005323     -3.840623
   114  C        0.000000     60.111508      3.434256     -3.410786
   115  C        0.000000     60.119860      2.961692     -0.761295
   116  C        0.000000     59.442393      7.332383     -6.160262
   117  C        0.000000     60.458669      0.969505     -4.574044
   118  O        0.000000     60.785819      0.217073     -6.752558
   119  C       -0.000000     60.168388     -1.133458     -2.441224
   120  C       -0.000000     62.344427     -2.942171     -2.716651
   121  O        0.000000     64.556030     -2.247678     -2.283073
   122  O       -0.000000     61.448394     -5.296713     -3.005061
   123  C       -0.000000     63.511352     -7.191957     -3.233114
   124  H       -0.000000     57.054422     -0.303188     10.279014
   125  H       -0.000000     58.161669     11.418254      9.632803
   126  H        0.000000     59.118872     10.791546     -2.179516
   127  H        0.000000     58.306215     -4.541654      2.053301
   128  H       -0.000000     58.206853     -4.055428      7.357497
   129  H       -0.000000     54.361619     -3.081992      3.322120
   130  H       -0.000000     54.009185     -1.214867      6.122013
   131  H       -0.000000     53.926264     -4.490859      6.410934
   132  H        0.000000     62.471417     -3.787786      5.895530
   133  H        0.000000     63.333718     -3.821385      2.587715
   134  H        0.000000     60.306338     -8.143472      3.604350
   135  H        0.000000     61.984170     -7.665447      6.352957
   136  H       -0.000000     57.910317      0.639011     14.053326
   137  H       -0.000000     56.885254      3.232868     15.730515
   138  H       -0.000000     60.183809      2.550318     15.721973
   139  H       -0.000000     58.217190      6.868493     17.440301
   140  H        0.000000     60.229086      9.670881     18.025379
   141  H       -0.000000     61.458334      6.764294     16.839123
   142  H       -0.000000     59.168251     14.577234      6.136904
   143  H        0.000000     56.754825     13.872820      1.102296
   144  H       -0.000000     55.288983     16.238398      6.787651
   145  H       -0.000000     54.035887     13.092098      6.541495
   146  H       -0.000000     54.145945     14.951608      3.953666
   147  H        0.000000     60.127136     17.118840      2.014675
   148  H        0.000000     60.593501     15.358655     -0.768646
   149  H        0.000000     63.079228     15.221744      4.163218
   150  H        0.000000     64.542500     15.185423      1.100482
   151  H        0.000000     63.141532     12.361851      2.479510
   152  H        0.000000     60.928247      6.645959     -7.410637
   153  H        0.000000     59.580457      9.368015     -5.880639
   154  H        0.000000     57.546450      6.737025     -6.701347
   155  H       -0.000000     58.353533     -2.052583     -2.758698
   156  H       -0.000000     63.204063     -8.213959     -4.995019
   157  H       -0.000000     63.503774     -8.279136     -1.483303
   158  H       -0.000000     65.406123     -6.443078     -3.543293
 ------------------------------------------------------

 TOTAL ENERGY:                        -261.824871265

 --------------------------------------------------------------------------------

 End time:                               Wed Jun 30 13:19:45 2021
 Total wall-clock time:                  1.129 seconds
==================================================================================
