
================================================================================
          _____________ ________ _______________ ________     _________         
         / ___________// ______ \\_____   _____// ______ \   / ________)        
        / /_________  / /      \ \     | |     / /      \ \ | (_______          
       |  __________|| |        | |    | |    | |        | | \________ \        
        \ \_________ | |        | |    | |     \ \______/ /___________) |       
         \__________||_|        |_|    |_|      \________//____________/        
                                                                                
====================================[ Qcore ]===================================

 Git hash:   4f46786782e696c626e0064ff3d1a47267e124c4
 Git date:   Wed, 30 Jun 2021 10:19:53 +0100
 Compiler:   AppleClang 10.0.1.10010046
 Build type: Release
 Version:    1.4.1

 Start time: Mon Jul  5 14:47:39 2021

 Data directory: /Users/of15641/qcore/cmake-build-release/share/entos/1.4.1/data
 Number of threads: 2
 Number of threads was determined by: number of physical cores

 --------------------------------------------------------------------------------
                                   command: xtb                                  
 --------------------------------------------------------------------------------
 XTB basis setup:                        reference basis
 Number of basis functions:            244
 GFN version:                            chlorophyll
 Integral screening threshold:           1.00e-10
 Total charge:                           0.000000000
 Number of electrons:                  218.000000000
 Electronic temperature (Kelvin):        0.000000000

 D3BJ energy:                           -0.062562642
 Repulsive energy:                       1.518582864

 ****************************************************
  Running robust self-consistent charge (SCC) solver 
 ****************************************************
 Number of SCC trials:                   4
 Using the stop-early mechanism for the first 3 trials

 Conv. threshold (charge):               1.00e-05
 Conv. threshold (energy):               1.00e-06
 Initial guess:                          eeq

 -------------
  SCC Trial 1 
 -------------
 Broyden mixing factor:                  0.400000000
 Max number of iterations:             128

 ---------------------------------------------------------------
                  energy        change          grad        time
 ---------------------------------------------------------------
   0      -130.292183738                    6.60e-01        0.02
   1      -130.884268175     -5.92e-01      3.88e-01        0.01
   2      -130.893052392     -8.78e-03      1.03e-01        0.03
   3      -130.904349986     -1.13e-02      1.05e-02        0.01
   4      -130.904887723     -5.38e-04      5.83e-03        0.01
   5      -130.907235497     -2.35e-03      1.35e-03        0.02
   6      -130.907343284     -1.08e-04      3.93e-04        0.01
   7      -130.907350220     -6.94e-06      1.59e-04        0.01
   8      -130.907351086     -8.66e-07      4.52e-05        0.01
   9      -130.907351103     -1.69e-08      1.63e-05        0.02
  10      -130.907351104     -1.42e-09      4.99e-06        0.01
  11      -130.907351104     -1.68e-10      1.76e-06        0.01

 SCF converged in 10 iterations.

 Entropy contribution (-ST):             0.000000000
 Dipole moment (in Debye):              -2.824255       0.805516       2.706850

 ----------------
  Excitation 0 1 
 ----------------
 Setting up Delta-SCF
 Ground-Excited state overlap:          -0.000000000
 No correction applied to the TDM.
 Excitation energy:                      0.094811774
 Excitation energy (in eV):              2.579959800
 Transition dipole:                      0.58916      -2.90744      -3.23783

 -----------------
  Excitation -1 1 
 -----------------
 Setting up Delta-SCF
 Ground-Excited state overlap:           0.000000000
 No correction applied to the TDM.
 Excitation energy:                      0.101904347
 Excitation energy (in eV):              2.772958546
 Transition dipole:                      0.04883       1.88617      -1.83408

 ----------------
  Excitation 0 2 
 ----------------
 Setting up Delta-SCF
 Ground-Excited state overlap:           0.000000000
 No correction applied to the TDM.
 Excitation energy:                      0.149331934
 Excitation energy (in eV):              4.063528931
 Transition dipole:                     -0.05701       1.45476      -1.28750

 -----------------
  Excitation -1 2 
 -----------------
 Setting up Delta-SCF
 Ground-Excited state overlap:           0.000000000
 No correction applied to the TDM.
 Excitation energy:                      0.162784473
 Excitation energy (in eV):              4.429591165
 Transition dipole:                     -0.20693       1.15370       1.35273
 TOTAL ENERGY:                        -130.907351104
 Saving results in set 'res'

 --------------------------------------------------------------------------------
                                  command: print                                 
 --------------------------------------------------------------------------------
 res.energy:                          -130.9073511044

 --------------------------------------------------------------------------------
                                  command: print                                 
 --------------------------------------------------------------------------------

 res.dipole:
                      1
 1        -1.1111473724
 2         0.3169144867
 3         1.0649568340

 --------------------------------------------------------------------------------
                                  command: print                                 
 --------------------------------------------------------------------------------

 res.atomic_charges:
                      1
 1         0.3739079445
 2        -0.0585621254
 3        -0.1052968776
 4        -0.0918971223
 5        -0.0754665857
 6        -0.2347876862
 7         0.1311616434
 8        -0.0310277227
 9        -0.0293016119
 10        0.1146188372
 11       -0.0895451676
 12       -0.0574340263
 13       -0.0770427730
 14        0.0120140501
 15       -0.2927740876
 16        0.1409366896
 17       -0.0390515156
 18       -0.1169503033
 19        0.1621784122
 20       -0.0831268027
 21        0.3351456112
 22       -0.4233017694
 23       -0.1290233840
 24       -0.2520904901
 25        0.1464350929
 26       -0.0216307396
 27       -0.0354958633
 28        0.1192973803
 29       -0.0909134775
 30       -0.0530856075
 31       -0.0928295776
 32       -0.3034555546
 33        0.1010549908
 34        0.0040120870
 35       -0.1119387057
 36        0.1478668981
 37       -0.0863940493
 38        0.3461417837
 39       -0.3982372599
 40       -0.1076548697
 41        0.5203672883
 42       -0.4647555239
 43       -0.2905234650
 44        0.1060465183
 45        0.0507585681
 46        0.0537439851
 47        0.0399265483
 48        0.0445149018
 49        0.0460333964
 50        0.0446839373
 51        0.0374139313
 52        0.0349411579
 53        0.0399246576
 54        0.0614573784
 55        0.0256561765
 56        0.0201028462
 57        0.0346411706
 58        0.0358415221
 59        0.0466770267
 60        0.0608357438
 61        0.0591623960
 62        0.0504348908
 63        0.0496707049
 64        0.0359896344
 65        0.0383993328
 66        0.0337229376
 67        0.0308880360
 68        0.0342581348
 69        0.0332404654
 70        0.0298529164
 71        0.0371895438
 72        0.0387544289
 73        0.0640044547
 74        0.0388428197
 75        0.0630900071
 76        0.0595842338
 77        0.0315845759
 78        0.0274573333
 79        0.0491297228

 --------------------------------------------------------------------------------
                                  command: print                                 
 --------------------------------------------------------------------------------
 res.excitation_1_energy:                0.0948117739

 --------------------------------------------------------------------------------
                                  command: print                                 
 --------------------------------------------------------------------------------
 res.excitation_1_transition_dipole : [
  0.5891583191181776,
  -2.907435557851416,
  -3.237826226161327
]

 --------------------------------------------------------------------------------
                                  command: print                                 
 --------------------------------------------------------------------------------

 res.excitation_1_transition_charges:
                      1
 1        -0.0002237198
 2         0.0306035151
 3        -0.0107648786
 4        -0.0223217755
 5         0.0090947432
 6         0.0121422633
 7         0.0310835928
 8        -0.0001538888
 9        -0.0000186245
 10       -0.0365753441
 11       -0.0042911002
 12        0.0030786614
 13        0.0002110886
 14        0.0005557368
 15       -0.0136138625
 16       -0.0524625519
 17       -0.0878236295
 18       -0.0331080243
 19       -0.0396537823
 20       -0.0011252077
 21       -0.0058170469
 22       -0.0113524358
 23       -0.0003344387
 24       -0.0074265025
 25       -0.0257321448
 26       -0.0004935097
 27        0.0008730091
 28        0.0444638079
 29       -0.0027558510
 30        0.0033973985
 31        0.0004580471
 32        0.0034711867
 33        0.0695285598
 34        0.0570375565
 35        0.0299264218
 36        0.0357747991
 37        0.0016289507
 38        0.0075174963
 39        0.0142280676
 40        0.0001454653
 41        0.0007427035
 42        0.0006356727
 43        0.0001229786
 44        0.0000433572
 45       -0.0000208638
 46       -0.0000812810
 47        0.0013957224
 48        0.0010653693
 49       -0.0010903170
 50       -0.0003700811
 51       -0.0011347325
 52       -0.0008254237
 53        0.0000689525
 54        0.0003385776
 55        0.0000885471
 56        0.0000639845
 57       -0.0000065484
 58       -0.0112144356
 59       -0.0094227381
 60       -0.0008342699
 61        0.0000023189
 62       -0.0009164165
 63       -0.0019443523
 64        0.0051969911
 65       -0.0002528328
 66       -0.0005289435
 67       -0.0003024859
 68        0.0001357256
 69        0.0003499439
 70        0.0000501018
 71        0.0001171733
 72        0.0006235935
 73        0.0054394601
 74        0.0008614359
 75        0.0116489605
 76        0.0007315796
 77        0.0000040334
 78        0.0000270047
 79        0.0000194863

 --------------------------------------------------------------------------------
                                  command: print                                 
 --------------------------------------------------------------------------------
 res.excitation_1_excited_dipole : [
  -1.320248651426958,
  0.3018798062249015,
  1.3350905812517055
]

 --------------------------------------------------------------------------------
                                  command: print                                 
 --------------------------------------------------------------------------------

 res.excitation_1_excited_atomic_charges:
                      1
 1         0.3753151114
 2        -0.1064549914
 3        -0.1438503856
 4        -0.1302305483
 5        -0.1065333100
 6        -0.3345641267
 7         0.1903596433
 8        -0.0295874186
 9        -0.0280521492
 10        0.1822191895
 11       -0.0835347506
 12       -0.0525589044
 13       -0.0771218103
 14        0.0124613809
 15       -0.2864947149
 16        0.1896845404
 17       -0.0524174061
 18       -0.1428635084
 19        0.2191579200
 20       -0.0807968500
 21        0.3202581682
 22       -0.4394173696
 23       -0.1292270125
 24       -0.3616046440
 25        0.2095466222
 26       -0.0210207966
 27       -0.0337144735
 28        0.1708128644
 29       -0.0844882860
 30       -0.0486825231
 31       -0.0923029168
 32       -0.3030731251
 33        0.1484221914
 34       -0.0128054774
 35       -0.1259613708
 36        0.1795731613
 37       -0.0842684647
 38        0.3355242946
 39       -0.4087623938
 40       -0.1075180962
 41        0.5189642785
 42       -0.4651655526
 43       -0.2906629941
 44        0.1059863510
 45        0.0507648102
 46        0.0545272198
 47        0.0418337827
 48        0.0470323243
 49        0.0483390408
 50        0.0445099346
 51        0.0373384413
 52        0.0355400132
 53        0.0398262460
 54        0.0614690125
 55        0.0260716885
 56        0.0202085236
 57        0.0346032838
 58        0.0381467824
 59        0.0470537002
 60        0.0591186744
 61        0.0591581262
 62        0.0487191273
 63        0.0558950973
 64        0.0448534508
 65        0.0387474143
 66        0.0340353957
 67        0.0315862210
 68        0.0343846031
 69        0.0332092562
 70        0.0298912195
 71        0.0374231985
 72        0.0388338669
 73        0.0637799420
 74        0.0388864770
 75        0.0635504552
 76        0.0580054808
 77        0.0315751584
 78        0.0274269448
 79        0.0491057410

 --------------------------------------------------------------------------------
                                  command: print                                 
 --------------------------------------------------------------------------------
 res.excitation_2_energy:                0.1019043470

 --------------------------------------------------------------------------------
                                  command: print                                 
 --------------------------------------------------------------------------------
 res.excitation_2_transition_dipole : [
  0.04883203389895737,
  1.8861688737966904,
  -1.834077224602466
]

 --------------------------------------------------------------------------------
                                  command: print                                 
 --------------------------------------------------------------------------------

 res.excitation_2_transition_charges:
                      1
 1         0.0018795497
 2        -0.0891987977
 3        -0.0635901416
 4         0.0633692180
 5         0.0545209277
 6        -0.1113323328
 7        -0.0072975146
 8         0.0002092021
 9        -0.0012807592
 10       -0.0086511705
 11       -0.0009902581
 12       -0.0005577328
 13       -0.0000045253
 14       -0.0000349634
 15        0.0280441076
 16        0.0027045491
 17       -0.0187508104
 18        0.0060513787
 19       -0.0111511263
 20       -0.0002562131
 21        0.0008092618
 22        0.0011430828
 23        0.0003473364
 24        0.1196819484
 25        0.0022815679
 26        0.0014219628
 27        0.0008847873
 28        0.0176163455
 29        0.0002407405
 30        0.0012039532
 31       -0.0000187030
 32       -0.0187472319
 33        0.0078777262
 34        0.0220863127
 35       -0.0027274923
 36        0.0150034199
 37        0.0008013100
 38       -0.0009298103
 39       -0.0027553855
 40       -0.0007175237
 41       -0.0046882137
 42       -0.0025190949
 43       -0.0006092347
 44       -0.0002771252
 45        0.0000429834
 46       -0.0000350613
 47        0.0006584846
 48       -0.0001449620
 49       -0.0003266737
 50       -0.0003722357
 51       -0.0006413974
 52       -0.0002852501
 53       -0.0000585667
 54       -0.0001548095
 55       -0.0000110954
 56       -0.0000119761
 57       -0.0000939911
 58       -0.0011882052
 59       -0.0028652574
 60        0.0001536455
 61        0.0000282203
 62        0.0002168157
 63       -0.0001847632
 64        0.0022399124
 65        0.0000742537
 66        0.0003115907
 67        0.0002515923
 68        0.0000196792
 69        0.0002446952
 70        0.0000270786
 71        0.0000643971
 72        0.0002042846
 73        0.0028723884
 74       -0.0000238129
 75        0.0043207806
 76       -0.0061348109
 77       -0.0000518614
 78       -0.0001099475
 79       -0.0001286523

 --------------------------------------------------------------------------------
                                  command: print                                 
 --------------------------------------------------------------------------------
 res.excitation_3_energy:                0.1493319338

 --------------------------------------------------------------------------------
                                  command: print                                 
 --------------------------------------------------------------------------------
 res.excitation_3_transition_dipole : [
  -0.05701325328384164,
  1.4547597451557985,
  -1.287498147774561
]

 --------------------------------------------------------------------------------
                                  command: print                                 
 --------------------------------------------------------------------------------

 res.excitation_3_transition_charges:
                      1
 1         0.0003504532
 2         0.0154562244
 3         0.0086467453
 4        -0.0129771600
 5        -0.0095267224
 6        -0.0022844488
 7        -0.0633131975
 8        -0.0003124580
 9        -0.0001861205
 10       -0.0531370100
 11       -0.0036640189
 12       -0.0078214889
 13       -0.0004990489
 14       -0.0061789106
 15       -0.0340612486
 16       -0.0231120168
 17       -0.0017926698
 18       -0.0179961911
 19        0.0834561872
 20       -0.0003174500
 21       -0.0100520194
 22       -0.0147227093
 23       -0.0000016055
 24        0.0024544100
 25        0.0878756089
 26       -0.0010663127
 27       -0.0004780905
 28        0.0605699987
 29        0.0090600499
 30        0.0044765644
 31        0.0006659392
 32        0.0114530612
 33        0.0344966389
 34       -0.0301263147
 35        0.0033295120
 36       -0.0325258021
 37       -0.0000782532
 38       -0.0008643596
 39       -0.0011123522
 40       -0.0002115732
 41        0.0009060687
 42        0.0004153259
 43        0.0001577457
 44        0.0000346805
 45        0.0002250743
 46       -0.0004878948
 47        0.0009869910
 48       -0.0012083875
 49       -0.0010782150
 50       -0.0001968937
 51       -0.0008806398
 52       -0.0005649252
 53       -0.0002565386
 54       -0.0002853570
 55        0.0008151537
 56       -0.0003994245
 57        0.0000719645
 58       -0.0007338356
 59        0.0002541246
 60       -0.0013708527
 61        0.0000183002
 62       -0.0015509448
 63        0.0061025346
 64        0.0048737940
 65        0.0015671888
 66        0.0024784296
 67        0.0020700979
 68        0.0004871946
 69        0.0005013866
 70        0.0001852754
 71        0.0000444092
 72        0.0006101638
 73       -0.0021494002
 74       -0.0004424610
 75       -0.0058540506
 76        0.0007628426
 77        0.0000193788
 78        0.0000264851
 79       -0.0000266288

 --------------------------------------------------------------------------------
                                  command: print                                 
 --------------------------------------------------------------------------------
 res.excitation_4_energy:                0.1627844728

 --------------------------------------------------------------------------------
                                  command: print                                 
 --------------------------------------------------------------------------------
 res.excitation_4_transition_dipole : [
  -0.20693272000594426,
  1.153699125674887,
  1.3527268700576014
]

 --------------------------------------------------------------------------------
                                  command: print                                 
 --------------------------------------------------------------------------------

 res.excitation_4_transition_charges:
                      1
 1         0.0063335523
 2        -0.0458157532
 3         0.0498410725
 4         0.0334976261
 5        -0.0587418815
 6         0.0193454301
 7         0.0148151726
 8        -0.0012451788
 9         0.0003431458
 10       -0.0122443973
 11       -0.0009130682
 12        0.0014502461
 13       -0.0002116924
 14        0.0003438470
 15        0.0849368986
 16        0.0002569814
 17       -0.0002094739
 18        0.0034334375
 19        0.0231721265
 20        0.0003268126
 21        0.0020925354
 22        0.0016891688
 23        0.0009279317
 24       -0.0450067241
 25       -0.0069515251
 26        0.0007928189
 27       -0.0001515789
 28        0.0247410522
 29       -0.0000753100
 30        0.0016263588
 31       -0.0001218982
 32       -0.0651829831
 33        0.0050675234
 34       -0.0115433225
 35       -0.0001061594
 36       -0.0131085644
 37       -0.0000494926
 38        0.0000024843
 39        0.0000859348
 40        0.0012331950
 41       -0.0056365594
 42       -0.0016621074
 43       -0.0008028369
 44       -0.0003073487
 45        0.0003609507
 46       -0.0001865725
 47        0.0004401255
 48        0.0001287619
 49       -0.0003487158
 50       -0.0003208987
 51       -0.0004024859
 52       -0.0001845177
 53        0.0001152907
 54        0.0001702975
 55       -0.0001560398
 56        0.0000771957
 57        0.0001816298
 58       -0.0000678315
 59        0.0001068813
 60        0.0003023609
 61        0.0002014063
 62        0.0003726831
 63        0.0010557576
 64        0.0020122724
 65       -0.0002897697
 66       -0.0003151177
 67       -0.0002484148
 68        0.0001533265
 69        0.0003443625
 70        0.0000626568
 71        0.0000245700
 72        0.0002331967
 73       -0.0011458704
 74        0.0000336470
 75       -0.0021867713
 76       -0.0065741102
 77       -0.0002151323
 78       -0.0002151256
 79        0.0002125044

 --------------------------------------------------------------------------------

 End time:                               Mon Jul  5 14:47:40 2021
 Total wall-clock time:                  0.694 seconds
==================================================================================
