
================================================================================
          _____________ ________ _______________ ________     _________         
         / ___________// ______ \\_____   _____// ______ \   / ________)        
        / /_________  / /      \ \     | |     / /      \ \ | (_______          
       |  __________|| |        | |    | |    | |        | | \________ \        
        \ \_________ | |        | |    | |     \ \______/ /___________) |       
         \__________||_|        |_|    |_|      \________//____________/        
                                                                                
====================================[ Qcore ]===================================

 Git hash:   4f46786782e696c626e0064ff3d1a47267e124c4
 Git date:   Wed, 30 Jun 2021 10:19:53 +0100
 Compiler:   AppleClang 10.0.1.10010046
 Build type: Release
 Version:    1.4.1

 Start time: Mon Jul  5 14:55:14 2021

 Data directory: /Users/of15641/qcore/cmake-build-release/share/entos/1.4.1/data
 Number of threads: 2
 Number of threads was determined by: number of physical cores

 --------------------------------------------------------------------------------
                                   command: xtb                                  
 --------------------------------------------------------------------------------
 XTB basis setup:                        reference basis
 Number of basis functions:            488
 GFN version:                            chlorophyll
 Integral screening threshold:           1.00e-10
 Total charge:                           0.000000000
 Number of electrons:                  436.000000000
 Electronic temperature (Kelvin):        0.000000000

 D3BJ energy:                           -0.125170930
 Repulsive energy:                       3.040134730

 ****************************************************
  Running robust self-consistent charge (SCC) solver 
 ****************************************************
 Number of SCC trials:                   4
 Using the stop-early mechanism for the first 3 trials

 Conv. threshold (charge):               1.00e-05
 Conv. threshold (energy):               1.00e-06
 Initial guess:                          eeq

 -------------
  SCC Trial 1 
 -------------
 Broyden mixing factor:                  0.400000000
 Max number of iterations:             128

 ---------------------------------------------------------------
                  energy        change          grad        time
 ---------------------------------------------------------------
   0      -260.589435014                    6.60e-01        0.04
   1      -261.773582959     -1.18e+00      3.88e-01        0.03
   2      -261.791025463     -1.74e-02      1.03e-01        0.03
   3      -261.813568436     -2.25e-02      1.06e-02        0.03
   4      -261.814588969     -1.02e-03      6.02e-03        0.03
   5      -261.819741019     -5.15e-03      1.37e-03        0.03
   6      -261.819962272     -2.21e-04      4.10e-04        0.03
   7      -261.819977810     -1.55e-05      1.58e-04        0.03
   8      -261.819979442     -1.63e-06      4.55e-05        0.03
   9      -261.819979473     -3.11e-08      1.64e-05        0.03
  10      -261.819979476     -2.67e-09      5.42e-06        0.03
  11      -261.819979476     -5.24e-10      2.49e-06        0.03

 SCF converged in 10 iterations.

 Entropy contribution (-ST):             0.000000000
 Dipole moment (in Debye):              -5.775442       3.356217       3.312564

 ----------------
  Excitation 0 1 
 ----------------
 Setting up Delta-SCF
 Ground-Excited state overlap:          -0.000000000
 No correction applied to the TDM.
 Excitation energy:                      0.059468133
 Excitation energy (in eV):              1.618210342
 Transition dipole:                     -0.00000      -0.00064       0.00030

 -----------------
  Excitation -1 1 
 -----------------
 Setting up Delta-SCF
 Ground-Excited state overlap:          -0.000000000
 No correction applied to the TDM.
 Excitation energy:                      0.096627396
 Excitation energy (in eV):              2.629365407
 Transition dipole:                     -0.46923       4.35091      -0.22642

 ----------------
  Excitation 0 2 
 ----------------
 Setting up Delta-SCF
 Ground-Excited state overlap:           0.000000000
 No correction applied to the TDM.
 Excitation energy:                      0.096147957
 Excitation energy (in eV):              2.616319200
 Transition dipole:                     -0.58376       2.69675       3.41755

 -----------------
  Excitation -1 2 
 -----------------
 Setting up Delta-SCF
 Ground-Excited state overlap:          -0.000000000
 No correction applied to the TDM.
 Excitation energy:                      0.062321567
 Excitation energy (in eV):              1.695856238
 Transition dipole:                     -0.00004       0.00023       0.00065
 TOTAL ENERGY:                        -261.819979476
 Saving results in set 'res'

 --------------------------------------------------------------------------------
                                  command: print                                 
 --------------------------------------------------------------------------------
 res.energy:                          -261.8199794760

 --------------------------------------------------------------------------------
                                  command: print                                 
 --------------------------------------------------------------------------------

 res.dipole:
                      1
 1        -2.2722337182
 2         1.3204375407
 3         1.3032630070

 --------------------------------------------------------------------------------
                                  command: print                                 
 --------------------------------------------------------------------------------

 res.atomic_charges:
                      1
 1         0.3743045446
 2        -0.0565003824
 3        -0.1088119477
 4        -0.0931988578
 5        -0.0764790700
 6        -0.2371543202
 7         0.1297891279
 8        -0.0290750209
 9        -0.0284036746
 10        0.1180742197
 11       -0.0892026289
 12       -0.0577295438
 13       -0.0776529147
 14        0.0127233055
 15       -0.2948766994
 16        0.1402403035
 17       -0.0388836401
 18       -0.1141972949
 19        0.1616866852
 20       -0.0833670572
 21        0.3357417312
 22       -0.4212385558
 23       -0.1298652015
 24       -0.2502855804
 25        0.1498330066
 26       -0.0210949039
 27       -0.0354882921
 28        0.1162857801
 29       -0.0922115630
 30       -0.0526978504
 31       -0.0935506111
 32       -0.3013048997
 33        0.1034131967
 34        0.0043300002
 35       -0.1125417732
 36        0.1480651392
 37       -0.0866587643
 38        0.3448230438
 39       -0.3964770386
 40       -0.1067418747
 41        0.5194787719
 42       -0.4692140029
 43       -0.2894280877
 44        0.1052545554
 45        0.0514042069
 46        0.0514857114
 47        0.0398372416
 48        0.0425034402
 49        0.0452750683
 50        0.0435222837
 51        0.0362401064
 52        0.0359264107
 53        0.0402526789
 54        0.0593425984
 55        0.0256305677
 56        0.0205206854
 57        0.0357479031
 58        0.0381450700
 59        0.0476608404
 60        0.0592590011
 61        0.0590654920
 62        0.0498079690
 63        0.0484532029
 64        0.0378757605
 65        0.0410473498
 66        0.0326181830
 67        0.0303945849
 68        0.0356665591
 69        0.0324439085
 70        0.0297247989
 71        0.0368932152
 72        0.0397700362
 73        0.0627720516
 74        0.0384179275
 75        0.0630477165
 76        0.0596752221
 77        0.0325762776
 78        0.0304608971
 79        0.0468236668
 80        0.3738948796
 81       -0.0584092166
 82       -0.1052399752
 83       -0.0919683611
 84       -0.0754790649
 85       -0.2346663118
 86        0.1313234503
 87       -0.0310916059
 88       -0.0292619585
 89        0.1147899281
 90       -0.0896513503
 91       -0.0574072224
 92       -0.0770245834
 93        0.0117869043
 94       -0.2927685461
 95        0.1409525671
 96       -0.0391113220
 97       -0.1170934297
 98        0.1621610205
 99       -0.0830928722
 100       0.3350723958
 101      -0.4235409161
 102      -0.1290015665
 103      -0.2520759313
 104       0.1464014369
 105      -0.0215975796
 106      -0.0355122962
 107       0.1192513929
 108      -0.0909104331
 109      -0.0530638776
 110      -0.0928103212
 111      -0.3034264035
 112       0.1010602558
 113       0.0039637850
 114      -0.1118964133
 115       0.1478737632
 116      -0.0863803041
 117       0.3461446595
 118      -0.3982723173
 119      -0.1076922925
 120       0.5203596480
 121      -0.4649376729
 122      -0.2903310882
 123       0.1060730390
 124       0.0508930637
 125       0.0535623854
 126       0.0398274461
 127       0.0448512821
 128       0.0459819527
 129       0.0451646845
 130       0.0375957745
 131       0.0355578762
 132       0.0397553362
 133       0.0612917796
 134       0.0259667101
 135       0.0200721455
 136       0.0347460603
 137       0.0356880132
 138       0.0464624096
 139       0.0607236612
 140       0.0588898090
 141       0.0503712703
 142       0.0494962156
 143       0.0360294806
 144       0.0381852927
 145       0.0337885079
 146       0.0309531366
 147       0.0341373911
 148       0.0331909670
 149       0.0297729510
 150       0.0370556376
 151       0.0387947749
 152       0.0638597755
 153       0.0387222494
 154       0.0631329980
 155       0.0599813763
 156       0.0316189726
 157       0.0275378202
 158       0.0489469071

 --------------------------------------------------------------------------------
                                  command: print                                 
 --------------------------------------------------------------------------------
 res.excitation_1_energy:                0.0594681332

 --------------------------------------------------------------------------------
                                  command: print                                 
 --------------------------------------------------------------------------------
 res.excitation_1_transition_dipole : [
  -2.4164801854279207e-06,
  -0.0006449344058848006,
  0.000304785770500072
]

 --------------------------------------------------------------------------------
                                  command: print                                 
 --------------------------------------------------------------------------------

 res.excitation_1_transition_charges:
                      1
 1         0.0000002150
 2         0.0000095472
 3         0.0000021732
 4        -0.0000074220
 5        -0.0000014264
 6         0.0000105841
 7         0.0000052794
 8        -0.0000000210
 9         0.0000000519
 10       -0.0000058146
 11       -0.0000006170
 12        0.0000005385
 13        0.0000000418
 14        0.0000000864
 15       -0.0000047277
 16       -0.0000079468
 17       -0.0000149987
 18       -0.0000047266
 19       -0.0000065550
 20       -0.0000002001
 21       -0.0000008541
 22       -0.0000015440
 23       -0.0000000518
 24       -0.0000098824
 25       -0.0000040336
 26       -0.0000001325
 27        0.0000001202
 28        0.0000072869
 29       -0.0000004880
 30        0.0000005066
 31        0.0000000187
 32        0.0000019698
 33        0.0000106173
 34        0.0000091100
 35        0.0000043978
 36        0.0000062048
 37        0.0000002613
 38        0.0000011767
 39        0.0000021611
 40        0.0000000529
 41        0.0000003292
 42        0.0000002015
 43        0.0000000397
 44        0.0000000195
 45       -0.0000000065
 46       -0.0000000131
 47        0.0000001906
 48        0.0000001630
 49       -0.0000001862
 50       -0.0000000534
 51       -0.0000001264
 52       -0.0000001104
 53        0.0000000162
 54        0.0000000734
 55        0.0000000137
 56        0.0000000111
 57        0.0000000043
 58       -0.0000019583
 59       -0.0000016011
 60       -0.0000001148
 61       -0.0000000002
 62       -0.0000001226
 63       -0.0000003217
 64        0.0000007800
 65       -0.0000000452
 66       -0.0000001110
 67       -0.0000000563
 68        0.0000000247
 69        0.0000000513
 70        0.0000000052
 71        0.0000000070
 72        0.0000000638
 73        0.0000009218
 74        0.0000001416
 75        0.0000018442
 76        0.0000004110
 77        0.0000000026
 78        0.0000000084
 79        0.0000000079
 80        0.0000002142
 81       -0.0000008731
 82        0.0000002713
 83        0.0000004376
 84       -0.0000001689
 85       -0.0000003600
 86       -0.0000006778
 87       -0.0000000047
 88       -0.0000000120
 89        0.0000006116
 90        0.0000001559
 91       -0.0000000932
 92       -0.0000000062
 93       -0.0000000154
 94        0.0000000668
 95        0.0000013464
 96        0.0000018119
 97        0.0000007635
 98        0.0000006166
 99        0.0000000217
 100       0.0000001328
 101       0.0000002668
 102       0.0000000083
 103       0.0000001110
 104       0.0000006516
 105       0.0000000110
 106      -0.0000000125
 107      -0.0000012415
 108       0.0000000430
 109      -0.0000000776
 110       0.0000000027
 111      -0.0000002113
 112      -0.0000015209
 113      -0.0000013828
 114      -0.0000006736
 115      -0.0000010209
 116      -0.0000000469
 117      -0.0000001673
 118      -0.0000003146
 119      -0.0000000063
 120      -0.0000000251
 121      -0.0000000194
 122      -0.0000000037
 123      -0.0000000016
 124       0.0000000005
 125       0.0000000025
 126      -0.0000000320
 127      -0.0000000241
 128       0.0000000040
 129       0.0000000144
 130       0.0000000686
 131       0.0000000348
 132      -0.0000000009
 133      -0.0000000114
 134      -0.0000000026
 135      -0.0000000019
 136       0.0000000002
 137       0.0000002311
 138       0.0000001852
 139       0.0000000195
 140      -0.0000000001
 141       0.0000000216
 142       0.0000000521
 143      -0.0000001351
 144       0.0000000019
 145      -0.0000000024
 146       0.0000000002
 147      -0.0000000040
 148      -0.0000000085
 149      -0.0000000002
 150      -0.0000000035
 151      -0.0000000062
 152      -0.0000001384
 153      -0.0000000211
 154      -0.0000002877
 155      -0.0000000261
 156      -0.0000000002
 157      -0.0000000008
 158      -0.0000000006

 --------------------------------------------------------------------------------
                                  command: print                                 
 --------------------------------------------------------------------------------
 res.excitation_1_excited_dipole : [
  27.22342077868675,
  3.8497473206353945,
  4.096720781523718
]

 --------------------------------------------------------------------------------
                                  command: print                                 
 --------------------------------------------------------------------------------

 res.excitation_1_excited_atomic_charges:
                      1
 1         0.3737943828
 2        -0.1139238365
 3        -0.1533114625
 4        -0.1442385925
 5        -0.1113166211
 6        -0.3412803587
 7         0.1161660227
 8        -0.0293048773
 9        -0.0291365231
 10        0.1021982498
 11       -0.0916341106
 12       -0.0593006411
 13       -0.0779688547
 14        0.0123681520
 15       -0.3051708546
 16        0.1070445668
 17       -0.1387607186
 18       -0.1629207523
 19        0.1408323271
 20       -0.0837906657
 21        0.3185307055
 22       -0.4435679650
 23       -0.1303368412
 24       -0.3606249021
 25        0.1408521155
 26       -0.0220874217
 27       -0.0360144259
 28        0.0895960723
 29       -0.0933288985
 30       -0.0545490929
 31       -0.0938450356
 32       -0.3044128342
 33        0.0542571695
 34       -0.0601545002
 35       -0.1488788431
 36        0.1233675769
 37       -0.0874537610
 38        0.3306295374
 39       -0.4161074980
 40       -0.1068626556
 41        0.5180465344
 42       -0.4699965015
 43       -0.2895978268
 44        0.1051880334
 45        0.0513282704
 46        0.0514749690
 47        0.0391699654
 48        0.0420943192
 49        0.0447375330
 50        0.0430333159
 51        0.0350389779
 52        0.0353451240
 53        0.0399838454
 54        0.0589395612
 55        0.0255966112
 56        0.0204762043
 57        0.0356921013
 58        0.0275605551
 59        0.0380292004
 60        0.0571579822
 61        0.0590619157
 62        0.0477611122
 63        0.0477154148
 64        0.0354699441
 65        0.0409134824
 66        0.0321321500
 67        0.0301916330
 68        0.0355833701
 69        0.0320711137
 70        0.0296872904
 71        0.0368310240
 72        0.0391378981
 73        0.0571159858
 74        0.0376113045
 75        0.0521358626
 76        0.0581406126
 77        0.0325692587
 78        0.0304234975
 79        0.0467950475
 80        0.3757898790
 81       -0.0432651636
 82       -0.1022280978
 83       -0.0809158099
 84       -0.0727145413
 85       -0.2294674810
 86        0.2041106169
 87       -0.0294139535
 88       -0.0272696434
 89        0.1986323053
 90       -0.0812733836
 91       -0.0509000417
 92       -0.0767878422
 93        0.0126135514
 94       -0.2756991191
 95        0.2232645390
 96        0.0424737946
 97       -0.0942822180
 98        0.2395674526
 99       -0.0803921523
 100       0.3371699776
 101      -0.4175573054
 102      -0.1287167313
 103      -0.2513080432
 104       0.2187957665
 105      -0.0200503344
 106      -0.0332720488
 107       0.1964976853
 108      -0.0834205536
 109      -0.0468166421
 110      -0.0920140190
 111      -0.2988045132
 112       0.1981760610
 113       0.0531290361
 114      -0.0880751284
 115       0.2027815308
 116      -0.0834163837
 117       0.3500347031
 118      -0.3883551796
 119      -0.1074128297
 120       0.5206861746
 121      -0.4644543853
 122      -0.2902590946
 123       0.1060970148
 124       0.0509487294
 125       0.0543539751
 126       0.0424633106
 127       0.0477943903
 128       0.0488201848
 129       0.0454745403
 130       0.0386909441
 131       0.0367395086
 132       0.0399294292
 133       0.0617287245
 134       0.0264193115
 135       0.0202231488
 136       0.0347654623
 137       0.0480998215
 138       0.0560615071
 139       0.0610706404
 140       0.0588912639
 141       0.0507684651
 142       0.0564176673
 143       0.0472853901
 144       0.0386690086
 145       0.0345801573
 146       0.0318557962
 147       0.0343511283
 148       0.0335246330
 149       0.0298464999
 150       0.0373500879
 151       0.0394580634
 152       0.0691635753
 153       0.0396051068
 154       0.0749662191
 155       0.0602734576
 156       0.0316205259
 157       0.0275536984
 158       0.0489581519

 --------------------------------------------------------------------------------
                                  command: print                                 
 --------------------------------------------------------------------------------
 res.excitation_2_energy:                0.0966273965

 --------------------------------------------------------------------------------
                                  command: print                                 
 --------------------------------------------------------------------------------
 res.excitation_2_transition_dipole : [
  -0.46923103584202225,
  4.350911737849467,
  -0.22641709869663057
]

 --------------------------------------------------------------------------------
                                  command: print                                 
 --------------------------------------------------------------------------------

 res.excitation_2_transition_charges:
                      1
 1        -0.0000077044
 2        -0.0199279547
 3         0.0176800181
 4         0.0161389448
 5        -0.0149608417
 6        -0.0009320187
 7        -0.0303907799
 8         0.0001422919
 9         0.0001620808
 10        0.0365525521
 11        0.0045101762
 12       -0.0029303345
 13       -0.0002058899
 14       -0.0005112139
 15        0.0107364810
 16        0.0507241162
 17        0.0927119871
 18        0.0305109584
 19        0.0406035338
 20        0.0012078967
 21        0.0054629009
 22        0.0106787442
 23        0.0002739236
 24       -0.0050461843
 25        0.0246535243
 26        0.0003607936
 27       -0.0010054873
 28       -0.0477844709
 29        0.0028259222
 30       -0.0035033806
 31       -0.0004867844
 32       -0.0012050253
 33       -0.0695619395
 34       -0.0581166654
 35       -0.0288586263
 36       -0.0391125264
 37       -0.0016289626
 38       -0.0073226887
 39       -0.0135403808
 40       -0.0000774635
 41       -0.0002144207
 42       -0.0003746054
 43       -0.0000537094
 44       -0.0000118362
 45        0.0000170022
 46        0.0000885907
 47       -0.0013835869
 48       -0.0010454277
 49        0.0011593216
 50        0.0004155984
 51        0.0011868130
 52        0.0008329718
 53       -0.0000623941
 54       -0.0003099139
 55       -0.0000825037
 56       -0.0000610618
 57        0.0000159660
 58        0.0116353527
 59        0.0099548085
 60        0.0007762309
 61       -0.0000047210
 62        0.0008142365
 63        0.0020013769
 64       -0.0053489570
 65        0.0002426522
 66        0.0004966231
 67        0.0002859285
 68       -0.0001376491
 69       -0.0003812085
 70       -0.0000558879
 71       -0.0001178749
 72       -0.0006878318
 73       -0.0058500830
 74       -0.0008389941
 75       -0.0116169528
 76       -0.0000853200
 77        0.0000010552
 78       -0.0000134124
 79       -0.0000056982
 80        0.0000000001
 81       -0.0000000000
 82        0.0000000001
 83        0.0000000000
 84       -0.0000000001
 85        0.0000000002
 86       -0.0000000001
 87       -0.0000000000
 88       -0.0000000000
 89        0.0000000001
 90        0.0000000000
 91       -0.0000000000
 92       -0.0000000000
 93       -0.0000000000
 94        0.0000000000
 95        0.0000000002
 96        0.0000000003
 97        0.0000000001
 98        0.0000000001
 99        0.0000000000
 100       0.0000000000
 101       0.0000000000
 102       0.0000000000
 103      -0.0000000001
 104       0.0000000001
 105       0.0000000000
 106      -0.0000000000
 107      -0.0000000002
 108       0.0000000000
 109      -0.0000000000
 110       0.0000000000
 111       0.0000000001
 112      -0.0000000003
 113      -0.0000000002
 114      -0.0000000001
 115      -0.0000000002
 116      -0.0000000000
 117      -0.0000000000
 118      -0.0000000001
 119       0.0000000000
 120       0.0000000000
 121       0.0000000000
 122       0.0000000000
 123       0.0000000000
 124       0.0000000000
 125       0.0000000000
 126      -0.0000000000
 127      -0.0000000000
 128       0.0000000000
 129       0.0000000000
 130       0.0000000000
 131       0.0000000000
 132       0.0000000000
 133      -0.0000000000
 134      -0.0000000000
 135      -0.0000000000
 136       0.0000000000
 137       0.0000000000
 138       0.0000000000
 139       0.0000000000
 140      -0.0000000000
 141       0.0000000000
 142       0.0000000000
 143      -0.0000000000
 144       0.0000000000
 145      -0.0000000000
 146       0.0000000000
 147      -0.0000000000
 148      -0.0000000000
 149      -0.0000000000
 150      -0.0000000000
 151      -0.0000000000
 152      -0.0000000000
 153      -0.0000000000
 154      -0.0000000000
 155       0.0000000000
 156       0.0000000000
 157       0.0000000000
 158       0.0000000000

 --------------------------------------------------------------------------------
                                  command: print                                 
 --------------------------------------------------------------------------------
 res.excitation_3_energy:                0.0961479572

 --------------------------------------------------------------------------------
                                  command: print                                 
 --------------------------------------------------------------------------------
 res.excitation_3_transition_dipole : [
  -0.5837596399910318,
  2.696749201703825,
  3.4175460700728792
]

 --------------------------------------------------------------------------------
                                  command: print                                 
 --------------------------------------------------------------------------------

 res.excitation_3_transition_charges:
                      1
 1         0.0000000002
 2        -0.0000000001
 3        -0.0000000000
 4         0.0000000002
 5         0.0000000000
 6        -0.0000000001
 7        -0.0000000001
 8         0.0000000000
 9        -0.0000000000
 10        0.0000000002
 11        0.0000000000
 12       -0.0000000000
 13       -0.0000000000
 14       -0.0000000000
 15        0.0000000003
 16        0.0000000001
 17        0.0000000004
 18        0.0000000001
 19        0.0000000002
 20        0.0000000000
 21        0.0000000000
 22        0.0000000000
 23        0.0000000000
 24        0.0000000004
 25        0.0000000001
 26        0.0000000000
 27       -0.0000000000
 28       -0.0000000001
 29        0.0000000000
 30       -0.0000000000
 31       -0.0000000000
 32        0.0000000001
 33       -0.0000000003
 34       -0.0000000002
 35       -0.0000000001
 36       -0.0000000001
 37       -0.0000000000
 38       -0.0000000000
 39       -0.0000000001
 40        0.0000000000
 41       -0.0000000000
 42       -0.0000000000
 43       -0.0000000000
 44        0.0000000000
 45        0.0000000000
 46        0.0000000000
 47       -0.0000000000
 48       -0.0000000000
 49        0.0000000000
 50        0.0000000000
 51        0.0000000000
 52        0.0000000000
 53       -0.0000000000
 54       -0.0000000000
 55       -0.0000000000
 56       -0.0000000000
 57       -0.0000000000
 58        0.0000000001
 59        0.0000000000
 60        0.0000000000
 61       -0.0000000000
 62        0.0000000000
 63        0.0000000000
 64       -0.0000000000
 65        0.0000000000
 66        0.0000000000
 67        0.0000000000
 68       -0.0000000000
 69       -0.0000000000
 70       -0.0000000000
 71        0.0000000000
 72       -0.0000000000
 73       -0.0000000000
 74       -0.0000000000
 75       -0.0000000000
 76       -0.0000000000
 77        0.0000000000
 78       -0.0000000000
 79       -0.0000000000
 80        0.0002210918
 81       -0.0307408341
 82        0.0108877146
 83        0.0223017752
 84       -0.0090110735
 85       -0.0121780604
 86       -0.0311139564
 87        0.0001518225
 88        0.0000225029
 89        0.0365061826
 90        0.0042880902
 91       -0.0030808648
 92       -0.0002104097
 93       -0.0005552494
 94        0.0135656409
 95        0.0523443254
 96        0.0879885848
 97        0.0331277430
 98        0.0395847418
 99        0.0011188017
 100       0.0058559519
 101       0.0113883487
 102       0.0003337056
 103       0.0075091830
 104       0.0256548667
 105       0.0004918588
 106      -0.0008691075
 107      -0.0444518554
 108       0.0027485560
 109      -0.0033950207
 110      -0.0004584049
 111      -0.0035096364
 112      -0.0695256813
 113      -0.0569694026
 114      -0.0299512954
 115      -0.0357328148
 116      -0.0016237114
 117      -0.0075179197
 118      -0.0142358747
 119      -0.0001471201
 120      -0.0007494658
 121      -0.0006395413
 122      -0.0001238827
 123      -0.0000437387
 124       0.0000209596
 125       0.0000805761
 126      -0.0013946527
 127      -0.0010675777
 128       0.0010905785
 129       0.0003687804
 130       0.0011275948
 131       0.0008229123
 132      -0.0000695475
 133      -0.0003381642
 134      -0.0000891002
 135      -0.0000640569
 136       0.0000066850
 137       0.0112209025
 138       0.0094326317
 139       0.0008379307
 140      -0.0000023187
 141       0.0009199283
 142       0.0019365787
 143      -0.0051895545
 144       0.0002527173
 145       0.0005289000
 146       0.0003015824
 147      -0.0001362044
 148      -0.0003506002
 149      -0.0000502765
 150      -0.0001167659
 151      -0.0006250418
 152      -0.0054289102
 153      -0.0008606597
 154      -0.0116307153
 155      -0.0007407287
 156      -0.0000040954
 157      -0.0000271826
 158      -0.0000196728

 --------------------------------------------------------------------------------
                                  command: print                                 
 --------------------------------------------------------------------------------
 res.excitation_4_energy:                0.0623215673

 --------------------------------------------------------------------------------
                                  command: print                                 
 --------------------------------------------------------------------------------
 res.excitation_4_transition_dipole : [
  -3.9526889517247214e-05,
  0.00023122883553140607,
  0.0006479004761325846
]

 --------------------------------------------------------------------------------
                                  command: print                                 
 --------------------------------------------------------------------------------

 res.excitation_4_transition_charges:
                      1
 1         0.0000002442
 2         0.0000002831
 3        -0.0000003023
 4        -0.0000004745
 5         0.0000004509
 6        -0.0000000093
 7         0.0000008312
 8        -0.0000000085
 9        -0.0000000058
 10       -0.0000012516
 11       -0.0000000769
 12        0.0000000548
 13        0.0000000023
 14        0.0000000134
 15       -0.0000006451
 16       -0.0000008909
 17       -0.0000024393
 18       -0.0000006817
 19       -0.0000014400
 20       -0.0000000355
 21       -0.0000001244
 22       -0.0000002283
 23       -0.0000000052
 24        0.0000001609
 25       -0.0000004067
 26       -0.0000000122
 27        0.0000000316
 28        0.0000007292
 29       -0.0000000844
 30        0.0000000841
 31        0.0000000446
 32       -0.0000000117
 33        0.0000018213
 34        0.0000012225
 35        0.0000007155
 36        0.0000005256
 37        0.0000000264
 38        0.0000001833
 39        0.0000003441
 40       -0.0000000002
 41        0.0000000017
 42        0.0000000049
 43        0.0000000008
 44        0.0000000000
 45        0.0000000003
 46       -0.0000000017
 47        0.0000000323
 48        0.0000000356
 49       -0.0000000556
 50       -0.0000000099
 51       -0.0000000108
 52       -0.0000000122
 53        0.0000000036
 54        0.0000000008
 55        0.0000000030
 56        0.0000000012
 57       -0.0000000002
 58       -0.0000003100
 59       -0.0000002773
 60       -0.0000000167
 61        0.0000000000
 62       -0.0000000171
 63       -0.0000000320
 64        0.0000000989
 65       -0.0000000087
 66       -0.0000000191
 67       -0.0000000090
 68        0.0000000013
 69        0.0000000078
 70        0.0000000045
 71        0.0000000030
 72        0.0000000416
 73        0.0000001081
 74        0.0000000190
 75        0.0000002396
 76        0.0000000000
 77        0.0000000000
 78        0.0000000002
 79        0.0000000001
 80        0.0000001266
 81       -0.0000003503
 82        0.0000048806
 83        0.0000005871
 84       -0.0000041698
 85        0.0000050262
 86       -0.0000048585
 87        0.0000000257
 88        0.0000000512
 89        0.0000061564
 90        0.0000008815
 91       -0.0000004505
 92       -0.0000000297
 93       -0.0000000838
 94        0.0000003773
 95        0.0000088219
 96        0.0000147228
 97        0.0000055276
 98        0.0000066920
 99        0.0000001857
 100       0.0000009652
 101       0.0000019626
 102       0.0000000467
 103      -0.0000059516
 104       0.0000042340
 105       0.0000000301
 106      -0.0000001782
 107      -0.0000078188
 108       0.0000004321
 109      -0.0000006156
 110      -0.0000000944
 111       0.0000008147
 112      -0.0000120128
 113      -0.0000098227
 114      -0.0000051077
 115      -0.0000061610
 116      -0.0000002761
 117      -0.0000012355
 118      -0.0000023493
 119       0.0000000137
 120       0.0000001173
 121       0.0000000123
 122       0.0000000077
 123       0.0000000068
 124       0.0000000009
 125       0.0000000147
 126      -0.0000002600
 127      -0.0000001721
 128       0.0000001768
 129       0.0000000899
 130       0.0000003157
 131       0.0000001658
 132      -0.0000000069
 133      -0.0000000436
 134      -0.0000000138
 135      -0.0000000098
 136       0.0000000054
 137       0.0000018298
 138       0.0000015897
 139       0.0000001414
 140      -0.0000000015
 141       0.0000001516
 142       0.0000003313
 143      -0.0000009355
 144       0.0000000354
 145       0.0000000517
 146       0.0000000450
 147      -0.0000000225
 148      -0.0000000674
 149      -0.0000000097
 150      -0.0000000216
 151      -0.0000001184
 152      -0.0000009447
 153      -0.0000001374
 154      -0.0000019858
 155       0.0000001982
 156       0.0000000018
 157       0.0000000009
 158       0.0000000028

 --------------------------------------------------------------------------------

 End time:                               Mon Jul  5 14:55:15 2021
 Total wall-clock time:                  1.366 seconds
==================================================================================
