
================================================================================
          _____________ ________ _______________ ________     _________         
         / ___________// ______ \\_____   _____// ______ \   / ________)        
        / /_________  / /      \ \     | |     / /      \ \ | (_______          
       |  __________|| |        | |    | |    | |        | | \________ \        
        \ \_________ | |        | |    | |     \ \______/ /___________) |       
         \__________||_|        |_|    |_|      \________//____________/        
                                                                                
====================================[ Qcore ]===================================

 Git hash:   035eaa6e02832a1eaacaa1f2c2b4151870260895
 Git date:   Fri, 20 Aug 2021 11:46:14 +0100
 Compiler:   GNU 9.1.0
 Build type: Release
 Version:    2.0.0

 Start time: Fri Aug 20 13:47:27 2021

 Data directory: /home/of15641/.local/src/Qcore/release/share/entos/2.0.0/data
 Number of threads: 2
 Number of threads was determined by: command line argument
  - More threads can be used by running 'qcore -n 28'

 --------------------------------------------------------------------------------
                                   command: xtb                                  
 --------------------------------------------------------------------------------
 XTB basis setup:                        reference basis
 Implicit solvation model:               none
 Number of basis functions:            244
 GFN version:                            chlorophyll
 Integral screening threshold:           1.00e-10
 Total charge:                           0.000000000
 Number of electrons:                  218.000000000
 Electronic temperature (Kelvin):        0.000000000

 D3BJ energy:                           -0.062562611
 Repulsive energy:                       1.518578287

 ****************************************************
  Running robust self-consistent charge (SCC) solver 
 ****************************************************
 Number of SCC trials:                   4
 Using the stop-early mechanism for the first 3 trials

 Conv. threshold (charge):               1.00e-05
 Conv. threshold (energy):               1.00e-06
 Initial guess:                          eeq

 -------------
  SCC Trial 1 
 -------------
 Broyden mixing factor:                  0.400000000
 Max number of iterations:             128

 ---------------------------------------------------------------
                  energy        change          grad        time
 ---------------------------------------------------------------
   0      -125.881407447                    6.23e-01        0.02
   1      -126.546250819     -6.65e-01      3.67e-01        0.01
   2      -126.553345234     -7.09e-03      1.27e-01        0.01
   3      -126.591603628     -3.83e-02      1.49e-02        0.01
   4      -126.593963736     -2.36e-03      1.05e-02        0.01
   5      -126.601772740     -7.81e-03      3.00e-03        0.01
   6      -126.602330178     -5.57e-04      9.41e-04        0.01
   7      -126.602379654     -4.95e-05      2.60e-04        0.01
   8      -126.602382475     -2.82e-06      7.48e-05        0.01
   9      -126.602382523     -4.81e-08      3.01e-05        0.01
  10      -126.602382531     -8.57e-09      1.12e-05        0.01
  11      -126.602382533     -1.47e-09      3.93e-06        0.01
  12      -126.602382533     -1.05e-10      1.16e-06        0.01

 SCF converged in 11 iterations.

 Entropy contribution (-ST):             0.000000000
 Dipole moment (in Debye):              -1.833937      -2.916275      -1.617995

 ----------------
  Excitation 0 1 
 ----------------
 Setting up Delta-SCF
 Ground-Excited state overlap:          -0.000000000
 No correction applied to the TDM.
 Excitation energy:                      0.064990690
 Excitation energy (in eV):              1.768486781
 Transition dipole:                     -0.21019       2.78278       0.22030

 -----------------
  Excitation -1 1 
 -----------------
 Setting up Delta-SCF
 Ground-Excited state overlap:           0.000000000
 No correction applied to the TDM.
 Excitation energy:                      0.082077153
 Excitation energy (in eV):              2.233433107
 Transition dipole:                     -0.04030      -0.26828       1.74145

 ----------------
  Excitation 0 2 
 ----------------
 Setting up Delta-SCF
 Ground-Excited state overlap:           0.000000000
 No correction applied to the TDM.
 Excitation energy:                      0.112403130
 Excitation energy (in eV):              3.058644980
 Transition dipole:                     -0.15932      -0.12968       0.57191

 -----------------
  Excitation -1 2 
 -----------------
 Setting up Delta-SCF
 Ground-Excited state overlap:           0.000000000
 No correction applied to the TDM.
 Excitation energy:                      0.131255409
 Excitation energy (in eV):              3.571641621
 Transition dipole:                      0.14738      -0.66110      -0.20727
 TOTAL ENERGY:                        -126.602382533
 Saving results in set 'res'

 --------------------------------------------------------------------------------
                                  command: print                                 
 --------------------------------------------------------------------------------
 res.energy:                          -126.6023825329

 --------------------------------------------------------------------------------
                                  command: print                                 
 --------------------------------------------------------------------------------

 res.dipole:
                      1
 1        -0.7215263770
 2        -1.1473508691
 3        -0.6365681246

 --------------------------------------------------------------------------------
                                  command: print                                 
 --------------------------------------------------------------------------------

 res.atomic_charges:
                      1
 1         0.4471550237
 2        -0.0525464985
 3        -0.1035986543
 4        -0.0950747300
 5        -0.0775609320
 6        -0.2174404970
 7         0.1259174957
 8        -0.0264389362
 9        -0.0162662220
 10        0.1102249964
 11       -0.0941661538
 12       -0.0315495951
 13       -0.0754306279
 14        0.0132064403
 15       -0.2534122725
 16        0.1248612652
 17       -0.0206408517
 18       -0.1162099833
 19        0.1530188796
 20       -0.0939179768
 21        0.3637297450
 22       -0.4688264750
 23       -0.1393734753
 24       -0.2341759003
 25        0.1401775763
 26       -0.0078708413
 27       -0.0306214162
 28        0.1183845233
 29       -0.0934682056
 30       -0.0312729480
 31       -0.0953493196
 32       -0.2676642888
 33        0.0931472097
 34        0.0198574637
 35       -0.1209484187
 36        0.1327400163
 37       -0.0959559326
 38        0.3699909699
 39       -0.4469447758
 40       -0.0936770100
 41        0.5514724903
 42       -0.4939499332
 43       -0.3428729720
 44        0.1150078195
 45        0.0386170733
 46        0.0475086562
 47        0.0268371085
 48        0.0321195021
 49        0.0288841893
 50        0.0429916833
 51        0.0323201992
 52        0.0343922726
 53        0.0268568247
 54        0.0471184196
 55        0.0194622432
 56        0.0151010875
 57        0.0371974552
 58        0.0351620131
 59        0.0470028916
 60        0.0603402822
 61        0.0679755070
 62        0.0462377650
 63        0.0344419300
 64        0.0259590473
 65        0.0371606354
 66        0.0264797604
 67        0.0262283980
 68        0.0259728779
 69        0.0218045068
 70        0.0278751604
 71        0.0391146827
 72        0.0321005504
 73        0.0696820188
 74        0.0451629916
 75        0.0647490495
 76        0.0553848718
 77        0.0445076548
 78        0.0424183031
 79        0.0531663159

 --------------------------------------------------------------------------------
                                  command: print                                 
 --------------------------------------------------------------------------------
 res.excitation_1_energy:                0.0649906905

 --------------------------------------------------------------------------------
                                  command: print                                 
 --------------------------------------------------------------------------------
 res.excitation_1_transition_dipole : [
  -0.21018700403567228,
  2.782778701778903,
  0.22030309770454096
]

 --------------------------------------------------------------------------------
                                  command: print                                 
 --------------------------------------------------------------------------------

 res.excitation_1_transition_charges:
                      1
 1        -0.0002572531
 2         0.0160183643
 3        -0.0107827931
 4        -0.0119668289
 5         0.0092377602
 6         0.0012841942
 7         0.0187212428
 8        -0.0001587444
 9         0.0000238805
 10       -0.0233676248
 11       -0.0025096898
 12        0.0016155523
 13        0.0001905933
 14        0.0003482337
 15       -0.0056065357
 16       -0.0343673133
 17       -0.0608130363
 18       -0.0212369798
 19       -0.0235711604
 20       -0.0007859587
 21       -0.0052816514
 22       -0.0077410891
 23       -0.0002051210
 24       -0.0003526471
 25       -0.0156550576
 26       -0.0004077244
 27        0.0006383851
 28        0.0292073590
 29       -0.0013210248
 30        0.0014080737
 31        0.0004295469
 32        0.0009962265
 33        0.0455155425
 34        0.0419134507
 35        0.0183301973
 36        0.0236993471
 37        0.0011767545
 38        0.0063688738
 39        0.0093743076
 40        0.0000461573
 41        0.0001019206
 42        0.0002240998
 43        0.0000246631
 44        0.0000032417
 45       -0.0000093568
 46       -0.0001069590
 47        0.0008779444
 48        0.0002728158
 49       -0.0002795465
 50       -0.0003780150
 51       -0.0005480664
 52       -0.0005440704
 53        0.0000840781
 54        0.0002120107
 55       -0.0000175994
 56        0.0000785563
 57       -0.0000199815
 58       -0.0042660173
 59       -0.0041348929
 60       -0.0004371854
 61        0.0000031472
 62       -0.0004563864
 63       -0.0006801100
 64        0.0024347707
 65       -0.0002242803
 66       -0.0002866271
 67       -0.0002746678
 68        0.0000725282
 69        0.0001692521
 70        0.0000030434
 71        0.0000381007
 72        0.0002047801
 73        0.0022826089
 74        0.0004550503
 75        0.0048634469
 76        0.0000963038
 77       -0.0000005372
 78        0.0000053943
 79        0.0000007327

 --------------------------------------------------------------------------------
                                  command: print                                 
 --------------------------------------------------------------------------------
 res.excitation_1_excited_dipole : [
  -1.0170954967999961,
  -1.1099008573845675,
  -0.7126399234504479
]

 --------------------------------------------------------------------------------
                                  command: print                                 
 --------------------------------------------------------------------------------

 res.excitation_1_excited_atomic_charges:
                      1
 1         0.4476031933
 2        -0.1194660755
 3        -0.1472224710
 4        -0.1464632994
 5        -0.1111730914
 6        -0.2912756515
 7         0.1877412747
 8        -0.0250869200
 9        -0.0149018214
 10        0.1879105523
 11       -0.0888373858
 12       -0.0282379904
 13       -0.0755616950
 14        0.0132614833
 15       -0.2536563960
 16        0.1770768888
 17       -0.0480067842
 18       -0.1450447442
 19        0.2152374592
 20       -0.0926683699
 21        0.3404635347
 22       -0.4886025865
 23       -0.1397955360
 24       -0.3131333448
 25        0.2044342819
 26       -0.0071904135
 27       -0.0286694132
 28        0.1796701115
 29       -0.0879106768
 30       -0.0282774146
 31       -0.0943489732
 32       -0.2693227441
 33        0.1484880879
 34       -0.0030161112
 35       -0.1335156750
 36        0.1717100403
 37       -0.0947332080
 38        0.3540605496
 39       -0.4603983032
 40       -0.0937729196
 41        0.5503945465
 42       -0.4946178143
 43       -0.3429955201
 44        0.1149443733
 45        0.0386312849
 46        0.0480979229
 47        0.0283078102
 48        0.0339267086
 49        0.0305082964
 50        0.0431301408
 51        0.0326034515
 52        0.0351268361
 53        0.0267753446
 54        0.0472378003
 55        0.0194526766
 56        0.0151608561
 57        0.0371481462
 58        0.0354954130
 59        0.0462617102
 60        0.0585318021
 61        0.0679600660
 62        0.0447394204
 63        0.0389755804
 64        0.0343192003
 65        0.0380396736
 66        0.0271903677
 67        0.0270213919
 68        0.0261047531
 69        0.0218745216
 70        0.0278769229
 71        0.0392462187
 72        0.0322113836
 73        0.0687788562
 74        0.0451863714
 75        0.0648540897
 76        0.0540762509
 77        0.0445033250
 78        0.0423917715
 79        0.0531606069

 --------------------------------------------------------------------------------
                                  command: print                                 
 --------------------------------------------------------------------------------
 res.excitation_2_energy:                0.0820771528

 --------------------------------------------------------------------------------
                                  command: print                                 
 --------------------------------------------------------------------------------
 res.excitation_2_transition_dipole : [
  -0.04029506053358582,
  -0.26827888515358744,
  1.741450937398777
]

 --------------------------------------------------------------------------------
                                  command: print                                 
 --------------------------------------------------------------------------------

 res.excitation_2_transition_charges:
                      1
 1         0.0017858764
 2        -0.0705881743
 3        -0.0446035728
 4         0.0482852806
 5         0.0387297922
 6        -0.0507328183
 7        -0.0080016073
 8         0.0005033576
 9        -0.0009842065
 10       -0.0043401148
 11       -0.0005495061
 12       -0.0005660639
 13        0.0000268849
 14       -0.0000506170
 15        0.0107649098
 16        0.0087145343
 17       -0.0223756290
 18        0.0188453498
 19       -0.0068311671
 20       -0.0003684524
 21        0.0034543489
 22        0.0055465200
 23        0.0003763467
 24        0.0522028226
 25        0.0042115818
 26        0.0011670500
 27        0.0007704848
 28        0.0113722451
 29        0.0004037016
 30        0.0004808365
 31        0.0000799675
 32       -0.0074287057
 33       -0.0009348508
 34        0.0236555335
 35       -0.0121060761
 36        0.0119335098
 37        0.0008454411
 38       -0.0031311673
 39       -0.0064156702
 40       -0.0006535735
 41       -0.0018795070
 42       -0.0013254631
 43       -0.0002235985
 44       -0.0001342045
 45        0.0000350445
 46       -0.0000315986
 47        0.0003552663
 48       -0.0000885785
 49       -0.0001193975
 50       -0.0003721998
 51       -0.0002899441
 52       -0.0002367015
 53       -0.0000236605
 54       -0.0001069974
 55        0.0000059567
 56       -0.0000185703
 57       -0.0000540871
 58       -0.0007978265
 59       -0.0022941313
 60        0.0004471162
 61        0.0000319000
 62        0.0003196150
 63        0.0000824346
 64        0.0009707130
 65        0.0000900667
 66        0.0001780343
 67        0.0003346549
 68       -0.0000276023
 69        0.0000836235
 70        0.0000020279
 71        0.0000243178
 72        0.0000591954
 73        0.0019929700
 74        0.0000311849
 75        0.0025515112
 76       -0.0029883869
 77       -0.0000170049
 78       -0.0000438375
 79       -0.0000167375

 --------------------------------------------------------------------------------
                                  command: print                                 
 --------------------------------------------------------------------------------
 res.excitation_3_energy:                0.1124031298

 --------------------------------------------------------------------------------
                                  command: print                                 
 --------------------------------------------------------------------------------
 res.excitation_3_transition_dipole : [
  -0.15932483466341435,
  -0.1296827414725416,
  0.5719091207699917
]

 --------------------------------------------------------------------------------
                                  command: print                                 
 --------------------------------------------------------------------------------

 res.excitation_3_transition_charges:
                      1
 1        -0.0001394015
 2        -0.0014299887
 3         0.0003215982
 4        -0.0042731155
 5        -0.0100568991
 6         0.0003899669
 7        -0.0045231129
 8         0.0000223423
 9         0.0001360471
 10        0.0124331258
 11        0.0017817212
 12       -0.0011495602
 13       -0.0001566166
 14       -0.0006962933
 15       -0.0098834034
 16        0.0111552856
 17       -0.0450258548
 18       -0.0150126545
 19        0.0582889077
 20       -0.0002313680
 21       -0.0148704964
 22       -0.0165662023
 23       -0.0002292740
 24        0.0000720074
 25        0.0562663242
 26       -0.0004967642
 27       -0.0000121790
 28        0.0323214469
 29        0.0047589955
 30        0.0013728082
 31        0.0003668351
 32        0.0010681182
 33        0.0104247576
 34       -0.0342093407
 35       -0.0078772421
 36       -0.0047337866
 37       -0.0004649994
 38       -0.0073986980
 39       -0.0084014624
 40        0.0000255027
 41        0.0000432096
 42       -0.0000208693
 43        0.0000059197
 44       -0.0000002867
 45        0.0000942948
 46       -0.0000917731
 47        0.0004376773
 48        0.0001002712
 49        0.0000720513
 50        0.0002963241
 51        0.0003194394
 52        0.0004909311
 53       -0.0000939983
 54       -0.0001832014
 55        0.0000614162
 56       -0.0001174088
 57       -0.0000144311
 58       -0.0027486375
 59       -0.0030799993
 60       -0.0012163420
 61        0.0000251291
 62       -0.0011482705
 63        0.0027249450
 64        0.0021131207
 65        0.0011362202
 66        0.0013618134
 67        0.0011825198
 68        0.0001823457
 69        0.0001540079
 70        0.0000116307
 71        0.0000091374
 72        0.0000805732
 73       -0.0015889676
 74       -0.0003119764
 75       -0.0037314536
 76        0.0000797083
 77       -0.0000014238
 78       -0.0000001080
 79       -0.0000006157

 --------------------------------------------------------------------------------
                                  command: print                                 
 --------------------------------------------------------------------------------
 res.excitation_4_energy:                0.1312554086

 --------------------------------------------------------------------------------
                                  command: print                                 
 --------------------------------------------------------------------------------
 res.excitation_4_transition_dipole : [
  0.14738358319725914,
  -0.6611001018463692,
  -0.20727225419968429
]

 --------------------------------------------------------------------------------
                                  command: print                                 
 --------------------------------------------------------------------------------

 res.excitation_4_transition_charges:
                      1
 1         0.0023643091
 2         0.0061466658
 3         0.0007914005
 4         0.0155842616
 5        -0.0427552449
 6         0.0093963376
 7         0.0019381794
 8        -0.0005460440
 9         0.0005579512
 10        0.0023240303
 11        0.0003038578
 12        0.0004087840
 13       -0.0001004007
 14        0.0001004473
 15        0.0217132493
 16       -0.0031409821
 17       -0.0168219936
 18        0.0130491222
 19        0.0171186722
 20       -0.0001460464
 21        0.0100713504
 22        0.0120316810
 23        0.0008483599
 24       -0.0273748638
 25       -0.0144803588
 26        0.0008274276
 27        0.0004115385
 28        0.0129569380
 29       -0.0008862484
 30        0.0005017773
 31        0.0000546926
 32       -0.0083905126
 33        0.0000168855
 34       -0.0192962891
 35        0.0050514308
 36       -0.0021429922
 37       -0.0003417050
 38        0.0035138858
 39        0.0055827046
 40        0.0000826430
 41       -0.0012618298
 42       -0.0003326841
 43       -0.0001587546
 44       -0.0001172036
 45        0.0001699915
 46       -0.0000282249
 47        0.0001706529
 48       -0.0000136680
 49        0.0000558771
 50        0.0002592653
 51        0.0000747076
 52        0.0002111315
 53        0.0000263971
 54        0.0000905025
 55       -0.0000172625
 56        0.0000290232
 57       -0.0000244050
 58       -0.0005568097
 59       -0.0017188448
 60        0.0013040231
 61        0.0002105488
 62        0.0008372528
 63       -0.0001156396
 64        0.0007736832
 65       -0.0004240782
 66       -0.0002238798
 67       -0.0006767570
 68        0.0000165040
 69        0.0000925714
 70        0.0000009091
 71        0.0000055717
 72        0.0000218822
 73       -0.0013917582
 74       -0.0000094999
 75       -0.0019588152
 76       -0.0025745964
 77       -0.0000509645
 78       -0.0000426399
 79        0.0000229192

 --------------------------------------------------------------------------------

 End time:                               Fri Aug 20 13:47:27 2021
 Total wall-clock time:                  0.665 seconds
==================================================================================
