
================================================================================
          _____________ ________ _______________ ________     _________         
         / ___________// ______ \\_____   _____// ______ \   / ________)        
        / /_________  / /      \ \     | |     / /      \ \ | (_______          
       |  __________|| |        | |    | |    | |        | | \________ \        
        \ \_________ | |        | |    | |     \ \______/ /___________) |       
         \__________||_|        |_|    |_|      \________//____________/        
                                                                                
====================================[ Qcore ]===================================

 Git hash:   ad9d0b24ea610736acb9cf13a2604964cd4d942e
 Git date:   Wed, 30 Jun 2021 12:42:56 +0100
 Compiler:   GNU 9.1.0
 Build type: Release
 Version:    1.4.1

 Start time: Wed Jun 30 13:19:44 2021

 Data directory: /home/of15641/.local/src/Qcore/release/share/entos/1.4.1/data
 Number of threads: 2
 Number of threads was determined by: command line argument
  - More threads can be used by running 'qcore -n 24'

 --------------------------------------------------------------------------------
                                   command: xtb                                  
 --------------------------------------------------------------------------------
 XTB basis setup:                        reference basis
 Number of basis functions:            244
 GFN version:                            chlorophyll
 Integral screening threshold:           1.00e-10
 Total charge:                           0.000000000
 Number of electrons:                  218.000000000
 Electronic temperature (Kelvin):        0.000000000

 D3BJ energy:                           -0.062532553
 Repulsive energy:                       1.521559461

 ****************************************************
  Running robust self-consistent charge (SCC) solver 
 ****************************************************
 Number of SCC trials:                   4
 Using the stop-early mechanism for the first 3 trials

 Conv. threshold (charge):               1.00e-05
 Conv. threshold (energy):               1.00e-06
 Initial guess:                          eeq

 -------------
  SCC Trial 1 
 -------------
 Broyden mixing factor:                  0.400000000
 Max number of iterations:             128

 ---------------------------------------------------------------
                  energy        change          grad        time
 ---------------------------------------------------------------
   0      -130.296901112                    6.61e-01        0.01
   1      -130.889098807     -5.92e-01      3.88e-01        0.01
   2      -130.898031044     -8.93e-03      1.03e-01        0.01
   3      -130.909490811     -1.15e-02      1.05e-02        0.01
   4      -130.910043079     -5.52e-04      5.71e-03        0.01
   5      -130.912305815     -2.26e-03      1.38e-03        0.01
   6      -130.912419461     -1.14e-04      4.09e-04        0.01
   7      -130.912427162     -7.70e-06      1.58e-04        0.01
   8      -130.912427952     -7.90e-07      4.48e-05        0.01
   9      -130.912427967     -1.42e-08      1.59e-05        0.01
  10      -130.912427968     -1.31e-09      4.94e-06        0.01
  11      -130.912427968     -1.80e-10      1.72e-06        0.01

 SCF converged in 10 iterations.

 Entropy contribution (-ST):             0.000000000
 Dipole moment (in Debye):              -2.415292      -3.112760       1.080198

 ----------------
  Excitation 0 1 
 ----------------
 Setting up Delta-SCF
 Ground-Excited state overlap:          -0.000000000
 No correction applied to the TDM.
 Excitation energy:                      0.095287781
 Excitation energy (in eV):              2.592912612
 Transition dipole:                      0.01367       3.31679      -2.86381
 ------------------------------------------------------
           transition charges and positions           
           --------------------------------           
        atom     charge/e     x/bohr        y/bohr        z/bohr
 ------------------------------------------------------
     1  Mg       0.000008     59.587902      5.364555      4.526518
     2  C        0.020014     59.719446      5.329462     -2.236226
     3  C       -0.017702     58.514859     -0.987987      4.258309
     4  C       -0.016142     58.611462      5.487613     10.437883
     5  C        0.014889     58.531716     11.856633      4.194361
     6  N        0.000951     59.208200      2.720355      1.307105
     7  C        0.030429     59.410211      2.926940     -1.188335
     8  C       -0.000141     59.405638      0.331798     -2.578834
     9  C       -0.000161     57.963985     -1.314853     -0.508128
    10  C       -0.036514     58.656211      0.187763      1.836549
    11  C       -0.004507     55.097705     -1.293593     -0.811543
    12  C        0.002933     62.140639     -0.688956     -3.061640
    13  C        0.000205     62.325643     -2.885650     -4.936683
    14  H        0.000511     64.511319     -3.025829     -6.599320
    15  N       -0.010727     59.607423      2.605687      7.041573
    16  C       -0.050690     59.161939      0.124533      6.595031
    17  C       -0.092754     59.393147     -1.156701      9.067624
    18  C       -0.030519     59.654893      0.829646     11.044202
    19  C       -0.040594     59.246769      3.083957      9.573542
    20  C       -0.001205     59.444472     -3.971581      9.361495
    21  C       -0.005472     60.168559      0.713353     13.821816
    22  O       -0.010688     59.885270      2.631840     15.262751
    23  C       -0.000274     60.860009     -1.780330     14.853058
    24  N        0.004969     58.286977      8.171837      6.973600
    25  C       -0.024636     58.144473      7.766944      9.464448
    26  C       -0.000360     57.683720     10.180597     10.877453
    27  C        0.001001     57.998548     12.402632      8.860321
    28  C        0.047780     58.459604     10.775048      6.472274
    29  C       -0.002824     55.099293     10.413714     12.173540
    30  C        0.003502     59.922006     14.515270      9.499899
    31  C        0.000487     62.575144     13.453565      9.467320
    32  N        0.001223     59.519097      8.205021      1.568378
    33  C        0.069578     58.997495     10.787842      1.851384
    34  C        0.058066     58.969301     11.899681     -0.703375
    35  C        0.028897     59.448573      9.867262     -2.307752
    36  C        0.039097     59.707428      7.618941     -0.851322
    37  C        0.001622     58.430842     14.465929     -1.298166
    38  C        0.007322     59.756012      9.063845     -4.917105
    39  O        0.013551     59.906397     10.163457     -6.963395
    40  C        0.000078     59.714986      6.055816     -4.992770
    41  C        0.000218     61.905330      5.206989     -6.594124
    42  O        0.000377     64.127440      5.550333     -5.882944
    43  O        0.000054     61.050626      3.737916     -8.475913
    44  C        0.000012     63.134956      2.786193    -10.103647
    45  H       -0.000017     57.734251     -2.892604      4.398356
    46  H       -0.000088     58.463648      5.653645     12.489427
    47  H        0.001383     58.373130     13.899219      3.954668
    48  H        0.001048     58.356047      0.308989     -4.351340
    49  H       -0.001158     58.720197     -3.226367     -0.382764
    50  H       -0.000416     54.503481      0.049001     -2.255993
    51  H       -0.001187     54.353758     -0.745516      1.029750
    52  H       -0.000832     54.385165     -3.193826     -1.167341
    53  H        0.000063     62.827573     -1.622594     -1.358959
    54  H        0.000309     63.390050      0.832972     -3.669810
    55  H        0.000083     60.583391     -3.104404     -6.014790
    56  H        0.000061     62.487725     -4.637218     -3.864830
    57  H       -0.000016     58.899891     -4.924381      7.619980
    58  H       -0.011635     57.960187     -4.463779     10.701651
    59  H       -0.009957     61.261803     -4.645457     10.059201
    60  H       -0.000777     59.342049     -3.119465     14.469746
    61  H        0.000005     61.322293     -1.467467     16.834663
    62  H       -0.000815     62.517753     -2.480984     13.849689
    63  H       -0.001999     59.067094     10.432517     12.380654
    64  H        0.005343     56.231276     13.412180      8.540353
    65  H       -0.000243     55.218667     10.764844     14.200215
    66  H       -0.000498     54.033544      8.695783     11.782669
    67  H       -0.000286     53.860842     11.853836     11.378117
    68  H        0.000138     59.583424     15.242512     11.395993
    69  H        0.000382     59.845189     16.107345      8.195024
    70  H        0.000056     62.766365     12.635503     11.346804
    71  H        0.000118     63.949239     14.961396      9.175679
    72  H        0.000688     62.754120     11.917596      8.106094
    73  H        0.005842     59.816351     15.032658     -2.712910
    74  H        0.000838     58.538708     15.660557      0.375829
    75  H        0.011599     56.510653     14.294814     -2.023084
    76  H        0.000090     57.904308      5.508363     -5.805806
    77  H       -0.000001     62.698316      3.345911    -12.037385
    78  H        0.000013     63.313705      0.772331     -9.708373
    79  H        0.000006     64.973414      3.680960     -9.845530
 ------------------------------------------------------


 -----------------
  Excitation -1 1 
 -----------------
 Setting up Delta-SCF
 Ground-Excited state overlap:           0.000000000
 No correction applied to the TDM.
 Excitation energy:                      0.102301488
 Excitation energy (in eV):              2.783765312
 Transition dipole:                     -0.22366       1.63748       2.01424
 ------------------------------------------------------
           transition charges and positions           
           --------------------------------           
        atom     charge/e     x/bohr        y/bohr        z/bohr
 ------------------------------------------------------
     1  Mg       0.001802     59.587902      5.364555      4.526518
     2  C       -0.085889     59.719446      5.329462     -2.236226
     3  C       -0.067020     58.514859     -0.987987      4.258309
     4  C        0.067537     58.611462      5.487613     10.437883
     5  C        0.053812     58.531716     11.856633      4.194361
     6  N       -0.113095     59.208200      2.720355      1.307105
     7  C       -0.010081     59.410211      2.926940     -1.188335
     8  C        0.000210     59.405638      0.331798     -2.578834
     9  C       -0.001257     57.963985     -1.314853     -0.508128
    10  C       -0.005265     58.656211      0.187763      1.836549
    11  C       -0.000628     55.097705     -1.293593     -0.811543
    12  C       -0.000799     62.140639     -0.688956     -3.061640
    13  C       -0.000022     62.325643     -2.885650     -4.936683
    14  H       -0.000077     64.511319     -3.025829     -6.599320
    15  N        0.029365     59.607423      2.605687      7.041573
    16  C        0.007765     59.161939      0.124533      6.595031
    17  C       -0.010906     59.393147     -1.156701      9.067624
    18  C        0.008366     59.654893      0.829646     11.044202
    19  C       -0.007440     59.246769      3.083957      9.573542
    20  C       -0.000112     59.444472     -3.971581      9.361495
    21  C        0.001143     60.168559      0.713353     13.821816
    22  O        0.001899     59.885270      2.631840     15.262751
    23  C        0.000358     60.860009     -1.780330     14.853058
    24  N        0.118661     58.286977      8.171837      6.973600
    25  C        0.004891     58.144473      7.766944      9.464448
    26  C        0.001514     57.683720     10.180597     10.877453
    27  C        0.000827     57.998548     12.402632      8.860321
    28  C        0.012635     58.459604     10.775048      6.472274
    29  C        0.000574     55.099293     10.413714     12.173540
    30  C        0.000765     59.922006     14.515270      9.499899
    31  C       -0.000067     62.575144     13.453565      9.467320
    32  N       -0.015936     59.519097      8.205021      1.568378
    33  C       -0.000313     58.997495     10.787842      1.851384
    34  C        0.014842     58.969301     11.899681     -0.703375
    35  C       -0.005251     59.448573      9.867262     -2.307752
    36  C        0.010891     59.707428      7.618941     -0.851322
    37  C        0.000546     58.430842     14.465929     -1.298166
    38  C       -0.001518     59.756012      9.063845     -4.917105
    39  O       -0.003851     59.906397     10.163457     -6.963395
    40  C       -0.000559     59.714986      6.055816     -4.992770
    41  C       -0.004150     61.905330      5.206989     -6.594124
    42  O       -0.002229     64.127440      5.550333     -5.882944
    43  O       -0.000509     61.050626      3.737916     -8.475913
    44  C       -0.000241     63.134956      2.786193    -10.103647
    45  H        0.000061     57.734251     -2.892604      4.398356
    46  H       -0.000025     58.463648      5.653645     12.489427
    47  H        0.000437     58.373130     13.899219      3.954668
    48  H       -0.000246     58.356047      0.308989     -4.351340
    49  H       -0.000227     58.720197     -3.226367     -0.382764
    50  H       -0.000340     54.503481      0.049001     -2.255993
    51  H       -0.000558     54.353758     -0.745516      1.029750
    52  H       -0.000207     54.385165     -3.193826     -1.167341
    53  H       -0.000066     62.827573     -1.622594     -1.358959
    54  H       -0.000171     63.390050      0.832972     -3.669810
    55  H       -0.000019     60.583391     -3.104404     -6.014790
    56  H       -0.000018     62.487725     -4.637218     -3.864830
    57  H       -0.000092     58.899891     -4.924381      7.619980
    58  H       -0.000121     57.960187     -4.463779     10.701651
    59  H       -0.002020     61.261803     -4.645457     10.059201
    60  H        0.000217     59.342049     -3.119465     14.469746
    61  H        0.000020     61.322293     -1.467467     16.834663
    62  H        0.000269     62.517753     -2.480984     13.849689
    63  H        0.000054     59.067094     10.432517     12.380654
    64  H        0.001548     56.231276     13.412180      8.540353
    65  H        0.000096     55.218667     10.764844     14.200215
    66  H        0.000368     54.033544      8.695783     11.782669
    67  H        0.000281     53.860842     11.853836     11.378117
    68  H        0.000002     59.583424     15.242512     11.395993
    69  H        0.000211     59.845189     16.107345      8.195024
    70  H        0.000023     62.766365     12.635503     11.346804
    71  H        0.000046     63.949239     14.961396      9.175679
    72  H        0.000147     62.754120     11.917596      8.106094
    73  H        0.002205     59.816351     15.032658     -2.712910
    74  H       -0.000121     58.538708     15.660557      0.375829
    75  H        0.002725     56.510653     14.294814     -2.023084
    76  H       -0.005423     57.904308      5.508363     -5.805806
    77  H       -0.000039     62.698316      3.345911    -12.037385
    78  H       -0.000093     63.313705      0.772331     -9.708373
    79  H       -0.000112     64.973414      3.680960     -9.845530
 ------------------------------------------------------


 ----------------
  Excitation 0 2 
 ----------------
 Setting up Delta-SCF
 Ground-Excited state overlap:           0.000000000
 No correction applied to the TDM.
 Excitation energy:                      0.149820408
 Excitation energy (in eV):              4.076820995
 Transition dipole:                     -0.23744       1.20252       1.57561
 ------------------------------------------------------
           transition charges and positions           
           --------------------------------           
        atom     charge/e     x/bohr        y/bohr        z/bohr
 ------------------------------------------------------
     1  Mg       0.000998     59.587902      5.364555      4.526518
     2  C        0.010740     59.719446      5.329462     -2.236226
     3  C        0.013926     58.514859     -0.987987      4.258309
     4  C       -0.009780     58.611462      5.487613     10.437883
     5  C       -0.016184     58.531716     11.856633      4.194361
     6  N       -0.000199     59.208200      2.720355      1.307105
     7  C       -0.061183     59.410211      2.926940     -1.188335
     8  C       -0.000436     59.405638      0.331798     -2.578834
     9  C       -0.000150     57.963985     -1.314853     -0.508128
    10  C       -0.057621     58.656211      0.187763      1.836549
    11  C       -0.004535     55.097705     -1.293593     -0.811543
    12  C       -0.007066     62.140639     -0.688956     -3.061640
    13  C       -0.000461     62.325643     -2.885650     -4.936683
    14  H       -0.005135     64.511319     -3.025829     -6.599320
    15  N       -0.026878     59.607423      2.605687      7.041573
    16  C       -0.024415     59.161939      0.124533      6.595031
    17  C        0.000287     59.393147     -1.156701      9.067624
    18  C       -0.016894     59.654893      0.829646     11.044202
    19  C        0.086179     59.246769      3.083957      9.573542
    20  C       -0.000309     59.444472     -3.971581      9.361495
    21  C       -0.009222     60.168559      0.713353     13.821816
    22  O       -0.013761     59.885270      2.631840     15.262751
    23  C        0.000127     60.860009     -1.780330     14.853058
    24  N       -0.002228     58.286977      8.171837      6.973600
    25  C        0.086880     58.144473      7.766944      9.464448
    26  C       -0.001068     57.683720     10.180597     10.877453
    27  C       -0.000405     57.998548     12.402632      8.860321
    28  C        0.066779     58.459604     10.775048      6.472274
    29  C        0.009573     55.099293     10.413714     12.173540
    30  C        0.004708     59.922006     14.515270      9.499899
    31  C        0.000693     62.575144     13.453565      9.467320
    32  N        0.004481     59.519097      8.205021      1.568378
    33  C        0.034327     58.997495     10.787842      1.851384
    34  C       -0.032058     58.969301     11.899681     -0.703375
    35  C        0.002809     59.448573      9.867262     -2.307752
    36  C       -0.034680     59.707428      7.618941     -0.851322
    37  C       -0.000077     58.430842     14.465929     -1.298166
    38  C       -0.001199     59.756012      9.063845     -4.917105
    39  O       -0.001559     59.906397     10.163457     -6.963395
    40  C       -0.000105     59.714986      6.055816     -4.992770
    41  C        0.000308     61.905330      5.206989     -6.594124
    42  O        0.000261     64.127440      5.550333     -5.882944
    43  O        0.000077     61.050626      3.737916     -8.475913
    44  C        0.000002     63.134956      2.786193    -10.103647
    45  H        0.000229     57.734251     -2.892604      4.398356
    46  H       -0.000529     58.463648      5.653645     12.489427
    47  H        0.001196     58.373130     13.899219      3.954668
    48  H       -0.001165     58.356047      0.308989     -4.351340
    49  H       -0.001303     58.720197     -3.226367     -0.382764
    50  H       -0.000299     54.503481      0.049001     -2.255993
    51  H       -0.001036     54.353758     -0.745516      1.029750
    52  H       -0.000782     54.385165     -3.193826     -1.167341
    53  H       -0.000218     62.827573     -1.622594     -1.358959
    54  H       -0.000250     63.390050      0.832972     -3.669810
    55  H        0.000640     60.583391     -3.104404     -6.014790
    56  H       -0.000337     62.487725     -4.637218     -3.864830
    57  H        0.000096     58.899891     -4.924381      7.619980
    58  H       -0.000533     57.960187     -4.463779     10.701651
    59  H        0.000502     61.261803     -4.645457     10.059201
    60  H       -0.001260     59.342049     -3.119465     14.469746
    61  H        0.000046     61.322293     -1.467467     16.834663
    62  H       -0.001379     62.517753     -2.480984     13.849689
    63  H        0.006525     59.067094     10.432517     12.380654
    64  H        0.005045     56.231276     13.412180      8.540353
    65  H        0.001574     55.218667     10.764844     14.200215
    66  H        0.002448     54.033544      8.695783     11.782669
    67  H        0.002108     53.860842     11.853836     11.378117
    68  H        0.000524     59.583424     15.242512     11.395993
    69  H        0.000557     59.845189     16.107345      8.195024
    70  H        0.000205     62.766365     12.635503     11.346804
    71  H        0.000047     63.949239     14.961396      9.175679
    72  H        0.000661     62.754120     11.917596      8.106094
    73  H       -0.002409     59.816351     15.032658     -2.712910
    74  H       -0.000427     58.538708     15.660557      0.375829
    75  H       -0.006115     56.510653     14.294814     -2.023084
    76  H        0.000095     57.904308      5.508363     -5.805806
    77  H       -0.000003     62.698316      3.345911    -12.037385
    78  H        0.000004     63.313705      0.772331     -9.708373
    79  H       -0.000004     64.973414      3.680960     -9.845530
 ------------------------------------------------------


 -----------------
  Excitation -1 2 
 -----------------
 Setting up Delta-SCF
 Ground-Excited state overlap:           0.000000000
 No correction applied to the TDM.
 Excitation energy:                      0.164101750
 Excitation energy (in eV):              4.465436099
 Transition dipole:                      0.05032      -1.45094       1.11647
 ------------------------------------------------------
           transition charges and positions           
           --------------------------------           
        atom     charge/e     x/bohr        y/bohr        z/bohr
 ------------------------------------------------------
     1  Mg       0.006411     59.587902      5.364555      4.526518
     2  C       -0.047022     59.719446      5.329462     -2.236226
     3  C        0.051732     58.514859     -0.987987      4.258309
     4  C        0.036080     58.611462      5.487613     10.437883
     5  C       -0.059741     58.531716     11.856633      4.194361
     6  N        0.013803     59.208200      2.720355      1.307105
     7  C        0.020268     59.410211      2.926940     -1.188335
     8  C       -0.001081     59.405638      0.331798     -2.578834
     9  C        0.000218     57.963985     -1.314853     -0.508128
    10  C       -0.008033     58.656211      0.187763      1.836549
    11  C       -0.000665     55.097705     -1.293593     -0.811543
    12  C        0.001954     62.140639     -0.688956     -3.061640
    13  C       -0.000159     62.325643     -2.885650     -4.936683
    14  H        0.000744     64.511319     -3.025829     -6.599320
    15  N        0.093652     59.607423      2.605687      7.041573
    16  C        0.002811     59.161939      0.124533      6.595031
    17  C        0.000271     59.393147     -1.156701      9.067624
    18  C        0.004843     59.654893      0.829646     11.044202
    19  C        0.015462     59.246769      3.083957      9.573542
    20  C        0.000374     59.444472     -3.971581      9.361495
    21  C        0.002707     60.168559      0.713353     13.821816
    22  O        0.002694     59.885270      2.631840     15.262751
    23  C        0.000965     60.860009     -1.780330     14.853058
    24  N       -0.044744     58.286977      8.171837      6.973600
    25  C       -0.016430     58.144473      7.766944      9.464448
    26  C        0.000891     57.683720     10.180597     10.877453
    27  C       -0.000003     57.998548     12.402632      8.860321
    28  C        0.018441     58.459604     10.775048      6.472274
    29  C       -0.001206     55.099293     10.413714     12.173540
    30  C        0.001072     59.922006     14.515270      9.499899
    31  C       -0.000188     62.575144     13.453565      9.467320
    32  N       -0.065510     59.519097      8.205021      1.568378
    33  C        0.000906     58.997495     10.787842      1.851384
    34  C       -0.008080     58.969301     11.899681     -0.703375
    35  C       -0.000356     59.448573      9.867262     -2.307752
    36  C       -0.009220     59.707428      7.618941     -0.851322
    37  C       -0.000034     58.430842     14.465929     -1.298166
    38  C        0.000160     59.756012      9.063845     -4.917105
    39  O        0.000334     59.906397     10.163457     -6.963395
    40  C        0.001205     59.714986      6.055816     -4.992770
    41  C       -0.005751     61.905330      5.206989     -6.594124
    42  O       -0.001644     64.127440      5.550333     -5.882944
    43  O       -0.000791     61.050626      3.737916     -8.475913
    44  C       -0.000343     63.134956      2.786193    -10.103647
    45  H        0.000281     57.734251     -2.892604      4.398356
    46  H       -0.000126     58.463648      5.653645     12.489427
    47  H        0.000358     58.373130     13.899219      3.954668
    48  H        0.000246     58.356047      0.308989     -4.351340
    49  H       -0.000234     58.720197     -3.226367     -0.382764
    50  H       -0.000335     54.503481      0.049001     -2.255993
    51  H       -0.000384     54.353758     -0.745516      1.029750
    52  H       -0.000185     54.385165     -3.193826     -1.167341
    53  H        0.000122     62.827573     -1.622594     -1.358959
    54  H        0.000175     63.390050      0.832972     -3.669810
    55  H       -0.000183     60.583391     -3.104404     -6.014790
    56  H        0.000104     62.487725     -4.637218     -3.864830
    57  H        0.000201     58.899891     -4.924381      7.619980
    58  H        0.000006     57.960187     -4.463779     10.701651
    59  H        0.000133     61.261803     -4.645457     10.059201
    60  H        0.000407     59.342049     -3.119465     14.469746
    61  H        0.000204     61.322293     -1.467467     16.834663
    62  H        0.000466     62.517753     -2.480984     13.849689
    63  H        0.000332     59.067094     10.432517     12.380654
    64  H        0.001383     56.231276     13.412180      8.540353
    65  H       -0.000445     55.218667     10.764844     14.200215
    66  H       -0.000596     54.033544      8.695783     11.782669
    67  H       -0.000485     53.860842     11.853836     11.378117
    68  H        0.000096     59.583424     15.242512     11.395993
    69  H        0.000307     59.845189     16.107345      8.195024
    70  H        0.000044     62.766365     12.635503     11.346804
    71  H        0.000020     63.949239     14.961396      9.175679
    72  H        0.000172     62.754120     11.917596      8.106094
    73  H       -0.000921     59.816351     15.032658     -2.712910
    74  H        0.000088     58.538708     15.660557      0.375829
    75  H       -0.001451     56.510653     14.294814     -2.023084
    76  H       -0.006595     57.904308      5.508363     -5.805806
    77  H       -0.000186     62.698316      3.345911    -12.037385
    78  H       -0.000167     63.313705      0.772331     -9.708373
    79  H        0.000150     64.973414      3.680960     -9.845530
 ------------------------------------------------------

 TOTAL ENERGY:                        -130.912427968

 --------------------------------------------------------------------------------

 End time:                               Wed Jun 30 13:19:44 2021
 Total wall-clock time:                  0.374 seconds
==================================================================================
