
================================================================================
          _____________ ________ _______________ ________     _________         
         / ___________// ______ \\_____   _____// ______ \   / ________)        
        / /_________  / /      \ \     | |     / /      \ \ | (_______          
       |  __________|| |        | |    | |    | |        | | \________ \        
        \ \_________ | |        | |    | |     \ \______/ /___________) |       
         \__________||_|        |_|    |_|      \________//____________/        
                                                                                
====================================[ Qcore ]===================================

 Git hash:   ad9d0b24ea610736acb9cf13a2604964cd4d942e
 Git date:   Wed, 30 Jun 2021 12:42:56 +0100
 Compiler:   GNU 9.1.0
 Build type: Release
 Version:    1.4.1

 Start time: Wed Jun 30 13:19:24 2021

 Data directory: /home/of15641/.local/src/Qcore/release/share/entos/1.4.1/data
 Number of threads: 2
 Number of threads was determined by: command line argument
  - More threads can be used by running 'qcore -n 32'

 --------------------------------------------------------------------------------
                                   command: xtb                                  
 --------------------------------------------------------------------------------
 XTB basis setup:                        reference basis
 Number of basis functions:            488
 GFN version:                            chlorophyll
 Integral screening threshold:           1.00e-10
 Total charge:                           0.000000000
 Number of electrons:                  436.000000000
 Electronic temperature (Kelvin):        0.000000000

 D3BJ energy:                           -0.125140423
 Repulsive energy:                       3.043124063

 ****************************************************
  Running robust self-consistent charge (SCC) solver 
 ****************************************************
 Number of SCC trials:                   4
 Using the stop-early mechanism for the first 3 trials

 Conv. threshold (charge):               1.00e-05
 Conv. threshold (energy):               1.00e-06
 Initial guess:                          eeq

 -------------
  SCC Trial 1 
 -------------
 Broyden mixing factor:                  0.400000000
 Max number of iterations:             128

 ---------------------------------------------------------------
                  energy        change          grad        time
 ---------------------------------------------------------------
   0      -260.594250737                    6.61e-01        0.04
   1      -261.778465890     -1.18e+00      3.88e-01        0.04
   2      -261.796452284     -1.80e-02      1.03e-01        0.03
   3      -261.819375115     -2.29e-02      1.04e-02        0.03
   4      -261.820494345     -1.12e-03      5.61e-03        0.03
   5      -261.824823923     -4.33e-03      1.37e-03        0.03
   6      -261.825048759     -2.25e-04      3.97e-04        0.03
   7      -261.825062785     -1.40e-05      1.56e-04        0.03
   8      -261.825064352     -1.57e-06      4.46e-05        0.03
   9      -261.825064380     -2.85e-08      1.58e-05        0.03
  10      -261.825064383     -2.45e-09      5.07e-06        0.03
  11      -261.825064383     -2.88e-10      2.31e-06        0.03

 SCF converged in 10 iterations.

 Entropy contribution (-ST):             0.000000000
 Dipole moment (in Debye):              -5.509486       0.343711       2.640951

 ----------------
  Excitation 0 1 
 ----------------
 Setting up Delta-SCF
 Ground-Excited state overlap:           0.000000000
 No correction applied to the TDM.
 Excitation energy:                      0.059180514
 Excitation energy (in eV):              1.610383837
 Transition dipole:                     -0.00001      -0.00047       0.00023
 ------------------------------------------------------
           transition charges and positions           
           --------------------------------           
        atom     charge/e     x/bohr        y/bohr        z/bohr
 ------------------------------------------------------
     1  Mg       0.000000      0.000000      0.000000      0.000000
     2  C        0.000007     -0.410071     -4.191413      5.293123
     3  C        0.000002     -2.371606      4.614711      3.828585
     4  C       -0.000005     -0.462983      3.495993     -4.845258
     5  C       -0.000001      0.275900     -5.336587     -3.849372
     6  N        0.000008     -1.165961     -0.017008      4.017558
     7  C        0.000003     -1.122497     -1.715871      5.867600
     8  C       -0.000000     -1.768784     -0.583925      8.507547
     9  C        0.000000     -3.350484      1.821696      7.619376
    10  C       -0.000004     -2.182634      2.207200      5.026671
    11  C       -0.000000     -6.166176      1.294462      7.300012
    12  C        0.000000      0.651956      0.207870     10.013659
    13  C        0.000000      0.234326      0.750221     12.825571
    14  H        0.000000      2.207200      0.062361     14.613252
    15  N       -0.000003     -0.349599      3.705753     -0.287238
    16  C       -0.000005     -1.328477      5.291233      1.468317
    17  C       -0.000009     -1.171630      7.853702      0.364717
    18  C       -0.000003     -0.353379      7.587250     -2.314915
    19  C       -0.000004     -0.404401      4.881163     -2.607822
    20  C       -0.000000     -1.676187     10.215859      1.840593
    21  C       -0.000001      0.342040      9.473197     -4.302906
    22  O       -0.000001      0.572587      8.862816     -6.629159
    23  C       -0.000000      0.585815     12.120703     -3.471427
    24  N       -0.000007     -0.500777     -0.780457     -3.834254
    25  C       -0.000002     -0.527234      1.075254     -5.550126
    26  C       -0.000000     -0.370386      0.045353     -8.186294
    27  C        0.000000      0.234326     -2.896950     -7.899055
    28  C        0.000004      0.162516     -3.084033     -4.979428
    29  C       -0.000000     -2.741993      0.387394     -9.820907
    30  C        0.000000      2.594594     -3.911733     -9.303122
    31  C        0.000000      4.962421     -2.815692     -8.137161
    32  N        0.000001      0.283459     -4.051573      0.572587
    33  C        0.000006      0.326923     -5.926181     -1.300132
    34  C        0.000006      0.326923     -8.386605      0.007559
    35  C        0.000003      0.251334     -7.768664      2.566248
    36  C        0.000004      0.156847     -5.092812      2.838369
    37  C        0.000000      0.281569    -10.799785     -1.177299
    38  C        0.000001      0.181414     -8.747542      5.132496
    39  O        0.000001      0.393063    -10.860256      6.086808
    40  C        0.000000     -0.481880     -6.477981      6.993876
    41  C        0.000000      1.354934     -6.580026      9.161392
    42  O        0.000000      3.649061     -6.151059      8.823131
    43  O        0.000000      0.071810     -6.719866     11.344026
    44  C        0.000000      1.782012     -6.770889     13.573903
    45  H       -0.000000     -3.513001      6.084918      4.718646
    46  H       -0.000000     -0.411960      4.635498     -6.564909
    47  H        0.000000      0.521564     -7.080804     -4.922737
    48  H        0.000000     -2.936634     -1.793350      9.698074
    49  H       -0.000000     -2.995216      3.460089      8.815572
    50  H       -0.000000     -6.583806     -0.712427      7.500323
    51  H       -0.000000     -6.634828      1.940749      5.400837
    52  H       -0.000000     -7.279225      2.458534      8.585026
    53  H        0.000000      1.264227      2.071140      9.384380
    54  H        0.000000      2.135391     -1.207535      9.805789
    55  H        0.000000     -1.594929      0.049133     13.464299
    56  H        0.000000      0.117163      2.791125     13.078795
    57  H        0.000000     -2.539792      9.800120      3.662289
    58  H       -0.000001     -3.119938     11.268437      0.816362
    59  H       -0.000001      0.013228     11.376151      2.048463
    60  H       -0.000000     -1.199976     12.744313     -2.655065
    61  H       -0.000000      1.256668     13.171391     -5.109819
    62  H       -0.000000      1.980433     12.218969     -1.957756
    63  H       -0.000000      1.148953      0.946753     -9.242650
    64  H        0.000000     -1.307690     -4.074250     -8.592585
    65  H       -0.000000     -2.394283      1.398397    -11.582131
    66  H       -0.000000     -4.164956      1.349264     -8.685181
    67  H       -0.000000     -3.717091     -1.360603    -10.304677
    68  H        0.000000      2.562469     -3.324028    -11.275996
    69  H        0.000000      2.743882     -5.965865     -9.263437
    70  H        0.000000      5.128717     -0.986437     -9.066906
    71  H        0.000000      6.589475     -4.008109     -8.558570
    72  H        0.000000      4.714867     -2.462313     -6.122713
    73  H        0.000001      1.638393    -11.967636     -0.158737
    74  H        0.000000      0.763449    -10.661835     -3.174740
    75  H        0.000001     -1.683746    -11.336467     -0.874943
    76  H        0.000000     -2.424519     -6.767109      7.611817
    77  H        0.000000      1.319029     -8.462194     14.654826
    78  H        0.000000      1.574142     -4.949193     14.513097
    79  H        0.000000      3.779452     -7.094032     13.182729
    80  Mg       0.000000     29.793951      2.682277      2.263249
    81  C       -0.000000     30.112597      0.147361     -3.999813
    82  C        0.000000     28.510903     -3.294719      4.314453
    83  C        0.000000     28.657999      5.002577      7.670531
    84  C       -0.000000     28.971372      8.613164     -0.479159
    85  N       -0.000000     29.413360     -0.955672      0.233211
    86  C       -0.000001     29.691830     -1.690436     -2.152833
    87  C       -0.000000     29.636726     -4.614995     -2.487843
    88  C       -0.000000     28.082143     -5.348057     -0.013266
    89  C        0.000000     28.760044     -3.100644      1.637240
    90  C        0.000000     25.227863     -5.378312     -0.413529
    91  C       -0.000000     32.347387     -5.800949     -2.454414
    92  C       -0.000000     32.508883     -8.538557     -3.379000
    93  H       -0.000000     34.733903     -9.330655     -4.787186
    94  N        0.000000     29.648461      1.048571      5.616946
    95  C        0.000001     29.130506     -1.411644      6.099601
    96  C        0.000001     29.248538     -1.692987      8.877329
    97  C        0.000001     29.523267      0.877060      9.991001
    98  C        0.000000     29.234063      2.436499      7.778339
    99  C        0.000000     29.194776     -4.200351     10.189895
   100  C        0.000000     29.955050      1.784487     12.633481
   101  O        0.000000     29.697878      4.105354     13.253651
   102  C        0.000000     30.531303     -0.165861     14.537210
   103  N       -0.000000     28.522676      6.222698      3.450999
   104  C        0.000000     28.297005      6.770265      5.908191
   105  C        0.000000     27.880339      9.544648      6.313027
   106  C       -0.000000     28.327505     10.856420      3.632621
   107  C       -0.000001     28.798670      8.451895      2.032419
   108  C        0.000000     25.270363     10.296248      7.331136
   109  C       -0.000000     30.303950     13.013637      3.522109
   110  C        0.000000     32.918859     11.957809      3.985621
   111  N       -0.000000     29.905332      4.229075     -1.533910
   112  C       -0.000001     29.465233      6.744281     -2.243294
   113  C       -0.000001     29.546492      6.833495     -5.027031
   114  C       -0.000001     30.000064      4.342137     -5.749435
   115  C       -0.000001     30.140754      2.786250     -3.557957
   116  C       -0.000000     29.113404      9.009232     -6.546238
   117  C       -0.000000     30.352271      2.624754     -7.864908
   118  O       -0.000000     30.597368      2.886670    -10.165007
   119  C       -0.000000     30.209937     -0.196607     -6.827940
   120  C       -0.000000     32.413546     -1.624446     -7.917782
   121  O       -0.000000     34.625471     -1.090826     -7.298066
   122  O       -0.000000     31.561563     -3.666088     -9.157008
   123  C       -0.000000     33.656476     -5.196974    -10.237535
   124  H        0.000000     27.661660     -4.995302      5.116490
   125  H        0.000000     28.458879      5.918244      9.509064
   126  H       -0.000000     28.889887     10.425449     -1.460872
   127  H       -0.000000     28.636759     -5.268538     -4.166204
   128  H       -0.000000     28.768359     -7.093805      0.836997
   129  H        0.000000     24.720641     -4.652109     -2.272963
   130  H        0.000000     24.452187     -4.172534      1.065862
   131  H        0.000000     24.460577     -7.259572     -0.070997
   132  H       -0.000000     32.954084     -6.053832     -0.502327
   133  H       -0.000000     33.664866     -4.639032     -3.532068
   134  H       -0.000000     30.790838     -9.102471     -4.366949
   135  H       -0.000000     32.580693     -9.773021     -1.731556
   136  H        0.000000     28.666484     -5.717291      8.902632
   137  H        0.000000     27.657673     -4.130091     11.558737
   138  H        0.000000     30.967717     -4.607870     11.156471
   139  H        0.000000     28.979441     -1.518584     14.616238
   140  H       -0.000000     30.948687      0.847145     16.280180
   141  H        0.000000     32.191277     -1.223503     13.927546
   142  H        0.000000     29.229150     10.304242      7.669699
   143  H       -0.000000     26.605605     11.714299      2.895079
   144  H        0.000000     25.345234     11.368876      9.088638
   145  H       -0.000000     24.157465      8.579035      7.560246
   146  H        0.000000     24.104836     11.366892      6.013694
   147  H       -0.000000     29.937873     14.397313      5.001992
   148  H       -0.000000     30.318312     14.011979      1.720331
   149  H       -0.000000     33.029389     11.888380      6.040188
   150  H       -0.000000     34.351612     13.220921      3.211967
   151  H       -0.000000     33.082736     10.024014      3.294454
   152  H       -0.000000     30.556475      8.982775     -8.015651
   153  H       -0.000000     29.215601     10.735326     -5.427690
   154  H       -0.000000     27.209411      8.623973     -7.230546
   155  H       -0.000000     28.404851     -0.966387     -7.451133
   156  H        0.000000     33.293403     -5.382261    -12.256707
   157  H       -0.000000     33.754760     -6.925525     -9.121141
   158  H       -0.000000     35.516722     -4.310257    -10.256659
 ------------------------------------------------------


 -----------------
  Excitation -1 1 
 -----------------
 Setting up Delta-SCF
 Ground-Excited state overlap:          -0.000000000
 No correction applied to the TDM.
 Excitation energy:                      0.096662326
 Excitation energy (in eV):              2.630315898
 Transition dipole:                     -0.46919       4.35100      -0.22836
 ------------------------------------------------------
           transition charges and positions           
           --------------------------------           
        atom     charge/e     x/bohr        y/bohr        z/bohr
 ------------------------------------------------------
     1  Mg      -0.000007      0.000000      0.000000      0.000000
     2  C       -0.020063     -0.410071     -4.191413      5.293123
     3  C        0.017664     -2.371606      4.614711      3.828585
     4  C        0.016121     -0.462983      3.495993     -4.845258
     5  C       -0.014944      0.275900     -5.336587     -3.849372
     6  N       -0.001041     -1.165961     -0.017008      4.017558
     7  C       -0.030361     -1.122497     -1.715871      5.867600
     8  C        0.000142     -1.768784     -0.583925      8.507547
     9  C        0.000163     -3.350484      1.821696      7.619376
    10  C        0.036589     -2.182634      2.207200      5.026671
    11  C        0.004514     -6.166176      1.294462      7.300012
    12  C       -0.002928      0.651956      0.207870     10.013659
    13  C       -0.000205      0.234326      0.750221     12.825571
    14  H       -0.000510      2.207200      0.062361     14.613252
    15  N        0.010731     -0.349599      3.705753     -0.287238
    16  C        0.050742     -1.328477      5.291233      1.468317
    17  C        0.092709     -1.171630      7.853702      0.364717
    18  C        0.030498     -0.353379      7.587250     -2.314915
    19  C        0.040645     -0.404401      4.881163     -2.607822
    20  C        0.001209     -1.676187     10.215859      1.840593
    21  C        0.005455      0.342040      9.473197     -4.302906
    22  O        0.010671      0.572587      8.862816     -6.629159
    23  C        0.000274      0.585815     12.120703     -3.471427
    24  N       -0.005072     -0.500777     -0.780457     -3.834254
    25  C        0.024695     -0.527234      1.075254     -5.550126
    26  C        0.000361     -0.370386      0.045353     -8.186294
    27  C       -0.001003      0.234326     -2.896950     -7.899055
    28  C       -0.047709      0.162516     -3.084033     -4.979428
    29  C        0.002830     -2.741993      0.387394     -9.820907
    30  C       -0.003498      2.594594     -3.911733     -9.303122
    31  C       -0.000486      4.962421     -2.815692     -8.137161
    32  N       -0.001220      0.283459     -4.051573      0.572587
    33  C       -0.069500      0.326923     -5.926181     -1.300132
    34  C       -0.058111      0.326923     -8.386605      0.007559
    35  C       -0.028915      0.251334     -7.768664      2.566248
    36  C       -0.039048      0.156847     -5.092812      2.838369
    37  C       -0.001619      0.281569    -10.799785     -1.177299
    38  C       -0.007342      0.181414     -8.747542      5.132496
    39  O       -0.013568      0.393063    -10.860256      6.086808
    40  C       -0.000078     -0.481880     -6.477981      6.993876
    41  C       -0.000219      1.354934     -6.580026      9.161392
    42  O       -0.000377      3.649061     -6.151059      8.823131
    43  O       -0.000054      0.071810     -6.719866     11.344026
    44  C       -0.000012      1.782012     -6.770889     13.573903
    45  H        0.000017     -3.513001      6.084918      4.718646
    46  H        0.000089     -0.411960      4.635498     -6.564909
    47  H       -0.001381      0.521564     -7.080804     -4.922737
    48  H       -0.001045     -2.936634     -1.793350      9.698074
    49  H        0.001161     -2.995216      3.460089      8.815572
    50  H        0.000416     -6.583806     -0.712427      7.500323
    51  H        0.001186     -6.634828      1.940749      5.400837
    52  H        0.000833     -7.279225      2.458534      8.585026
    53  H       -0.000063      1.264227      2.071140      9.384380
    54  H       -0.000309      2.135391     -1.207535      9.805789
    55  H       -0.000083     -1.594929      0.049133     13.464299
    56  H       -0.000061      0.117163      2.791125     13.078795
    57  H        0.000016     -2.539792      9.800120      3.662289
    58  H        0.011637     -3.119938     11.268437      0.816362
    59  H        0.009956      0.013228     11.376151      2.048463
    60  H        0.000775     -1.199976     12.744313     -2.655065
    61  H       -0.000005      1.256668     13.171391     -5.109819
    62  H        0.000813      1.980433     12.218969     -1.957756
    63  H        0.002005      1.148953      0.946753     -9.242650
    64  H       -0.005338     -1.307690     -4.074250     -8.592585
    65  H        0.000243     -2.394283      1.398397    -11.582131
    66  H        0.000497     -4.164956      1.349264     -8.685181
    67  H        0.000287     -3.717091     -1.360603    -10.304677
    68  H       -0.000138      2.562469     -3.324028    -11.275996
    69  H       -0.000381      2.743882     -5.965865     -9.263437
    70  H       -0.000056      5.128717     -0.986437     -9.066906
    71  H       -0.000118      6.589475     -4.008109     -8.558570
    72  H       -0.000688      4.714867     -2.462313     -6.122713
    73  H       -0.005841      1.638393    -11.967636     -0.158737
    74  H       -0.000838      0.763449    -10.661835     -3.174740
    75  H       -0.011601     -1.683746    -11.336467     -0.874943
    76  H       -0.000091     -2.424519     -6.767109      7.611817
    77  H        0.000001      1.319029     -8.462194     14.654826
    78  H       -0.000014      1.574142     -4.949193     14.513097
    79  H       -0.000006      3.779452     -7.094032     13.182729
    80  Mg       0.000000     29.793951      2.682277      2.263249
    81  C        0.000000     30.112597      0.147361     -3.999813
    82  C        0.000000     28.510903     -3.294719      4.314453
    83  C       -0.000000     28.657999      5.002577      7.670531
    84  C       -0.000000     28.971372      8.613164     -0.479159
    85  N        0.000000     29.413360     -0.955672      0.233211
    86  C       -0.000000     29.691830     -1.690436     -2.152833
    87  C       -0.000000     29.636726     -4.614995     -2.487843
    88  C        0.000000     28.082143     -5.348057     -0.013266
    89  C        0.000000     28.760044     -3.100644      1.637240
    90  C        0.000000     25.227863     -5.378312     -0.413529
    91  C       -0.000000     32.347387     -5.800949     -2.454414
    92  C       -0.000000     32.508883     -8.538557     -3.379000
    93  H       -0.000000     34.733903     -9.330655     -4.787186
    94  N        0.000000     29.648461      1.048571      5.616946
    95  C        0.000000     29.130506     -1.411644      6.099601
    96  C        0.000000     29.248538     -1.692987      8.877329
    97  C        0.000000     29.523267      0.877060      9.991001
    98  C        0.000000     29.234063      2.436499      7.778339
    99  C        0.000000     29.194776     -4.200351     10.189895
   100  C        0.000000     29.955050      1.784487     12.633481
   101  O        0.000000     29.697878      4.105354     13.253651
   102  C        0.000000     30.531303     -0.165861     14.537210
   103  N       -0.000000     28.522676      6.222698      3.450999
   104  C        0.000000     28.297005      6.770265      5.908191
   105  C       -0.000000     27.880339      9.544648      6.313027
   106  C       -0.000000     28.327505     10.856420      3.632621
   107  C       -0.000000     28.798670      8.451895      2.032419
   108  C        0.000000     25.270363     10.296248      7.331136
   109  C       -0.000000     30.303950     13.013637      3.522109
   110  C        0.000000     32.918859     11.957809      3.985621
   111  N        0.000000     29.905332      4.229075     -1.533910
   112  C       -0.000000     29.465233      6.744281     -2.243294
   113  C       -0.000000     29.546492      6.833495     -5.027031
   114  C       -0.000000     30.000064      4.342137     -5.749435
   115  C       -0.000000     30.140754      2.786250     -3.557957
   116  C       -0.000000     29.113404      9.009232     -6.546238
   117  C       -0.000000     30.352271      2.624754     -7.864908
   118  O       -0.000000     30.597368      2.886670    -10.165007
   119  C        0.000000     30.209937     -0.196607     -6.827940
   120  C        0.000000     32.413546     -1.624446     -7.917782
   121  O        0.000000     34.625471     -1.090826     -7.298066
   122  O        0.000000     31.561563     -3.666088     -9.157008
   123  C        0.000000     33.656476     -5.196974    -10.237535
   124  H       -0.000000     27.661660     -4.995302      5.116490
   125  H        0.000000     28.458879      5.918244      9.509064
   126  H       -0.000000     28.889887     10.425449     -1.460872
   127  H       -0.000000     28.636759     -5.268538     -4.166204
   128  H        0.000000     28.768359     -7.093805      0.836997
   129  H        0.000000     24.720641     -4.652109     -2.272963
   130  H        0.000000     24.452187     -4.172534      1.065862
   131  H        0.000000     24.460577     -7.259572     -0.070997
   132  H        0.000000     32.954084     -6.053832     -0.502327
   133  H       -0.000000     33.664866     -4.639032     -3.532068
   134  H       -0.000000     30.790838     -9.102471     -4.366949
   135  H       -0.000000     32.580693     -9.773021     -1.731556
   136  H        0.000000     28.666484     -5.717291      8.902632
   137  H        0.000000     27.657673     -4.130091     11.558737
   138  H        0.000000     30.967717     -4.607870     11.156471
   139  H        0.000000     28.979441     -1.518584     14.616238
   140  H       -0.000000     30.948687      0.847145     16.280180
   141  H        0.000000     32.191277     -1.223503     13.927546
   142  H        0.000000     29.229150     10.304242      7.669699
   143  H       -0.000000     26.605605     11.714299      2.895079
   144  H        0.000000     25.345234     11.368876      9.088638
   145  H       -0.000000     24.157465      8.579035      7.560246
   146  H        0.000000     24.104836     11.366892      6.013694
   147  H       -0.000000     29.937873     14.397313      5.001992
   148  H       -0.000000     30.318312     14.011979      1.720331
   149  H       -0.000000     33.029389     11.888380      6.040188
   150  H       -0.000000     34.351612     13.220921      3.211967
   151  H       -0.000000     33.082736     10.024014      3.294454
   152  H       -0.000000     30.556475      8.982775     -8.015651
   153  H       -0.000000     29.215601     10.735326     -5.427690
   154  H       -0.000000     27.209411      8.623973     -7.230546
   155  H        0.000000     28.404851     -0.966387     -7.451133
   156  H        0.000000     33.293403     -5.382261    -12.256707
   157  H        0.000000     33.754760     -6.925525     -9.121141
   158  H        0.000000     35.516722     -4.310257    -10.256659
 ------------------------------------------------------


 ----------------
  Excitation 0 2 
 ----------------
 Setting up Delta-SCF
 Ground-Excited state overlap:           0.000000000
 No correction applied to the TDM.
 Excitation energy:                      0.096671935
 Excitation energy (in eV):              2.630577367
 Transition dipole:                     -0.20784      -2.02301       3.88203
 ------------------------------------------------------
           transition charges and positions           
           --------------------------------           
        atom     charge/e     x/bohr        y/bohr        z/bohr
 ------------------------------------------------------
     1  Mg       0.000000      0.000000      0.000000      0.000000
     2  C       -0.000000     -0.410071     -4.191413      5.293123
     3  C       -0.000000     -2.371606      4.614711      3.828585
     4  C        0.000000     -0.462983      3.495993     -4.845258
     5  C        0.000000      0.275900     -5.336587     -3.849372
     6  N       -0.000000     -1.165961     -0.017008      4.017558
     7  C       -0.000000     -1.122497     -1.715871      5.867600
     8  C        0.000000     -1.768784     -0.583925      8.507547
     9  C        0.000000     -3.350484      1.821696      7.619376
    10  C        0.000000     -2.182634      2.207200      5.026671
    11  C        0.000000     -6.166176      1.294462      7.300012
    12  C       -0.000000      0.651956      0.207870     10.013659
    13  C       -0.000000      0.234326      0.750221     12.825571
    14  H       -0.000000      2.207200      0.062361     14.613252
    15  N        0.000000     -0.349599      3.705753     -0.287238
    16  C        0.000000     -1.328477      5.291233      1.468317
    17  C        0.000000     -1.171630      7.853702      0.364717
    18  C        0.000000     -0.353379      7.587250     -2.314915
    19  C        0.000000     -0.404401      4.881163     -2.607822
    20  C        0.000000     -1.676187     10.215859      1.840593
    21  C        0.000000      0.342040      9.473197     -4.302906
    22  O        0.000000      0.572587      8.862816     -6.629159
    23  C        0.000000      0.585815     12.120703     -3.471427
    24  N        0.000000     -0.500777     -0.780457     -3.834254
    25  C        0.000000     -0.527234      1.075254     -5.550126
    26  C        0.000000     -0.370386      0.045353     -8.186294
    27  C       -0.000000      0.234326     -2.896950     -7.899055
    28  C       -0.000000      0.162516     -3.084033     -4.979428
    29  C        0.000000     -2.741993      0.387394     -9.820907
    30  C       -0.000000      2.594594     -3.911733     -9.303122
    31  C        0.000000      4.962421     -2.815692     -8.137161
    32  N        0.000000      0.283459     -4.051573      0.572587
    33  C       -0.000000      0.326923     -5.926181     -1.300132
    34  C       -0.000000      0.326923     -8.386605      0.007559
    35  C       -0.000000      0.251334     -7.768664      2.566248
    36  C       -0.000000      0.156847     -5.092812      2.838369
    37  C       -0.000000      0.281569    -10.799785     -1.177299
    38  C       -0.000000      0.181414     -8.747542      5.132496
    39  O       -0.000000      0.393063    -10.860256      6.086808
    40  C        0.000000     -0.481880     -6.477981      6.993876
    41  C       -0.000000      1.354934     -6.580026      9.161392
    42  O       -0.000000      3.649061     -6.151059      8.823131
    43  O       -0.000000      0.071810     -6.719866     11.344026
    44  C        0.000000      1.782012     -6.770889     13.573903
    45  H        0.000000     -3.513001      6.084918      4.718646
    46  H        0.000000     -0.411960      4.635498     -6.564909
    47  H       -0.000000      0.521564     -7.080804     -4.922737
    48  H       -0.000000     -2.936634     -1.793350      9.698074
    49  H        0.000000     -2.995216      3.460089      8.815572
    50  H        0.000000     -6.583806     -0.712427      7.500323
    51  H        0.000000     -6.634828      1.940749      5.400837
    52  H        0.000000     -7.279225      2.458534      8.585026
    53  H       -0.000000      1.264227      2.071140      9.384380
    54  H        0.000000      2.135391     -1.207535      9.805789
    55  H       -0.000000     -1.594929      0.049133     13.464299
    56  H       -0.000000      0.117163      2.791125     13.078795
    57  H       -0.000000     -2.539792      9.800120      3.662289
    58  H        0.000000     -3.119938     11.268437      0.816362
    59  H        0.000000      0.013228     11.376151      2.048463
    60  H        0.000000     -1.199976     12.744313     -2.655065
    61  H        0.000000      1.256668     13.171391     -5.109819
    62  H        0.000000      1.980433     12.218969     -1.957756
    63  H        0.000000      1.148953      0.946753     -9.242650
    64  H       -0.000000     -1.307690     -4.074250     -8.592585
    65  H        0.000000     -2.394283      1.398397    -11.582131
    66  H        0.000000     -4.164956      1.349264     -8.685181
    67  H        0.000000     -3.717091     -1.360603    -10.304677
    68  H        0.000000      2.562469     -3.324028    -11.275996
    69  H       -0.000000      2.743882     -5.965865     -9.263437
    70  H       -0.000000      5.128717     -0.986437     -9.066906
    71  H        0.000000      6.589475     -4.008109     -8.558570
    72  H       -0.000000      4.714867     -2.462313     -6.122713
    73  H       -0.000000      1.638393    -11.967636     -0.158737
    74  H       -0.000000      0.763449    -10.661835     -3.174740
    75  H       -0.000000     -1.683746    -11.336467     -0.874943
    76  H        0.000000     -2.424519     -6.767109      7.611817
    77  H        0.000000      1.319029     -8.462194     14.654826
    78  H       -0.000000      1.574142     -4.949193     14.513097
    79  H       -0.000000      3.779452     -7.094032     13.182729
    80  Mg      -0.000008     29.793951      2.682277      2.263249
    81  C       -0.020132     30.112597      0.147361     -3.999813
    82  C        0.017752     28.510903     -3.294719      4.314453
    83  C        0.016011     28.657999      5.002577      7.670531
    84  C       -0.014869     28.971372      8.613164     -0.479159
    85  N       -0.001072     29.413360     -0.955672      0.233211
    86  C       -0.030361     29.691830     -1.690436     -2.152833
    87  C        0.000142     29.636726     -4.614995     -2.487843
    88  C        0.000165     28.082143     -5.348057     -0.013266
    89  C        0.036611     28.760044     -3.100644      1.637240
    90  C        0.004518     25.227863     -5.378312     -0.413529
    91  C       -0.002928     32.347387     -5.800949     -2.454414
    92  C       -0.000205     32.508883     -8.538557     -3.379000
    93  H       -0.000510     34.733903     -9.330655     -4.787186
    94  N        0.010693     29.648461      1.048571      5.616946
    95  C        0.050713     29.130506     -1.411644      6.099601
    96  C        0.092831     29.248538     -1.692987      8.877329
    97  C        0.030424     29.523267      0.877060      9.991001
    98  C        0.040668     29.234063      2.436499      7.778339
    99  C        0.001216     29.194776     -4.200351     10.189895
   100  C        0.005461     29.955050      1.784487     12.633481
   101  O        0.010658     29.697878      4.105354     13.253651
   102  C        0.000273     30.531303     -0.165861     14.537210
   103  N       -0.005091     28.522676      6.222698      3.450999
   104  C        0.024675     28.297005      6.770265      5.908191
   105  C        0.000357     27.880339      9.544648      6.313027
   106  C       -0.000995     28.327505     10.856420      3.632621
   107  C       -0.047707     28.798670      8.451895      2.032419
   108  C        0.002827     25.270363     10.296248      7.331136
   109  C       -0.003495     30.303950     13.013637      3.522109
   110  C       -0.000487     32.918859     11.957809      3.985621
   111  N       -0.001241     29.905332      4.229075     -1.533910
   112  C       -0.069529     29.465233      6.744281     -2.243294
   113  C       -0.058069     29.546492      6.833495     -5.027031
   114  C       -0.028928     30.000064      4.342137     -5.749435
   115  C       -0.039028     30.140754      2.786250     -3.557957
   116  C       -0.001616     29.113404      9.009232     -6.546238
   117  C       -0.007341     30.352271      2.624754     -7.864908
   118  O       -0.013570     30.597368      2.886670    -10.165007
   119  C       -0.000078     30.209937     -0.196607     -6.827940
   120  C       -0.000222     32.413546     -1.624446     -7.917782
   121  O       -0.000379     34.625471     -1.090826     -7.298066
   122  O       -0.000055     31.561563     -3.666088     -9.157008
   123  C       -0.000012     33.656476     -5.196974    -10.237535
   124  H        0.000017     27.661660     -4.995302      5.116490
   125  H        0.000088     28.458879      5.918244      9.509064
   126  H       -0.001380     28.889887     10.425449     -1.460872
   127  H       -0.001046     28.636759     -5.268538     -4.166204
   128  H        0.001163     28.768359     -7.093805      0.836997
   129  H        0.000415     24.720641     -4.652109     -2.272963
   130  H        0.001183     24.452187     -4.172534      1.065862
   131  H        0.000833     24.460577     -7.259572     -0.070997
   132  H       -0.000063     32.954084     -6.053832     -0.502327
   133  H       -0.000309     33.664866     -4.639032     -3.532068
   134  H       -0.000083     30.790838     -9.102471     -4.366949
   135  H       -0.000061     32.580693     -9.773021     -1.731556
   136  H        0.000016     28.666484     -5.717291      8.902632
   137  H        0.011659     27.657673     -4.130091     11.558737
   138  H        0.009973     30.967717     -4.607870     11.156471
   139  H        0.000775     28.979441     -1.518584     14.616238
   140  H       -0.000005     30.948687      0.847145     16.280180
   141  H        0.000813     32.191277     -1.223503     13.927546
   142  H        0.001999     29.229150     10.304242      7.669699
   143  H       -0.005325     26.605605     11.714299      2.895079
   144  H        0.000244     25.345234     11.368876      9.088638
   145  H        0.000499     24.157465      8.579035      7.560246
   146  H        0.000286     24.104836     11.366892      6.013694
   147  H       -0.000138     29.937873     14.397313      5.001992
   148  H       -0.000383     30.318312     14.011979      1.720331
   149  H       -0.000056     33.029389     11.888380      6.040188
   150  H       -0.000117     34.351612     13.220921      3.211967
   151  H       -0.000690     33.082736     10.024014      3.294454
   152  H       -0.005836     30.556475      8.982775     -8.015651
   153  H       -0.000838     29.215601     10.735326     -5.427690
   154  H       -0.011591     27.209411      8.623973     -7.230546
   155  H       -0.000095     28.404851     -0.966387     -7.451133
   156  H        0.000001     33.293403     -5.382261    -12.256707
   157  H       -0.000014     33.754760     -6.925525     -9.121141
   158  H       -0.000006     35.516722     -4.310257    -10.256659
 ------------------------------------------------------


 -----------------
  Excitation -1 2 
 -----------------
 Setting up Delta-SCF
 Ground-Excited state overlap:          -0.000000000
 No correction applied to the TDM.
 Excitation energy:                      0.063082451
 Excitation energy (in eV):              1.716560936
 Transition dipole:                      0.00004      -0.00040       0.00032
 ------------------------------------------------------
           transition charges and positions           
           --------------------------------           
        atom     charge/e     x/bohr        y/bohr        z/bohr
 ------------------------------------------------------
     1  Mg       0.000000      0.000000      0.000000      0.000000
     2  C        0.000000     -0.410071     -4.191413      5.293123
     3  C       -0.000000     -2.371606      4.614711      3.828585
     4  C       -0.000000     -0.462983      3.495993     -4.845258
     5  C        0.000000      0.275900     -5.336587     -3.849372
     6  N        0.000000     -1.165961     -0.017008      4.017558
     7  C        0.000001     -1.122497     -1.715871      5.867600
     8  C       -0.000000     -1.768784     -0.583925      8.507547
     9  C       -0.000000     -3.350484      1.821696      7.619376
    10  C       -0.000001     -2.182634      2.207200      5.026671
    11  C       -0.000000     -6.166176      1.294462      7.300012
    12  C        0.000000      0.651956      0.207870     10.013659
    13  C        0.000000      0.234326      0.750221     12.825571
    14  H        0.000000      2.207200      0.062361     14.613252
    15  N       -0.000001     -0.349599      3.705753     -0.287238
    16  C       -0.000001     -1.328477      5.291233      1.468317
    17  C       -0.000002     -1.171630      7.853702      0.364717
    18  C       -0.000001     -0.353379      7.587250     -2.314915
    19  C       -0.000001     -0.404401      4.881163     -2.607822
    20  C       -0.000000     -1.676187     10.215859      1.840593
    21  C       -0.000000      0.342040      9.473197     -4.302906
    22  O       -0.000000      0.572587      8.862816     -6.629159
    23  C       -0.000000      0.585815     12.120703     -3.471427
    24  N        0.000000     -0.500777     -0.780457     -3.834254
    25  C       -0.000000     -0.527234      1.075254     -5.550126
    26  C       -0.000000     -0.370386      0.045353     -8.186294
    27  C        0.000000      0.234326     -2.896950     -7.899055
    28  C        0.000000      0.162516     -3.084033     -4.979428
    29  C       -0.000000     -2.741993      0.387394     -9.820907
    30  C        0.000000      2.594594     -3.911733     -9.303122
    31  C        0.000000      4.962421     -2.815692     -8.137161
    32  N       -0.000000      0.283459     -4.051573      0.572587
    33  C        0.000001      0.326923     -5.926181     -1.300132
    34  C        0.000001      0.326923     -8.386605      0.007559
    35  C        0.000001      0.251334     -7.768664      2.566248
    36  C        0.000000      0.156847     -5.092812      2.838369
    37  C        0.000000      0.281569    -10.799785     -1.177299
    38  C        0.000000      0.181414     -8.747542      5.132496
    39  O        0.000000      0.393063    -10.860256      6.086808
    40  C       -0.000000     -0.481880     -6.477981      6.993876
    41  C        0.000000      1.354934     -6.580026      9.161392
    42  O        0.000000      3.649061     -6.151059      8.823131
    43  O        0.000000      0.071810     -6.719866     11.344026
    44  C       -0.000000      1.782012     -6.770889     13.573903
    45  H        0.000000     -3.513001      6.084918      4.718646
    46  H       -0.000000     -0.411960      4.635498     -6.564909
    47  H        0.000000      0.521564     -7.080804     -4.922737
    48  H        0.000000     -2.936634     -1.793350      9.698074
    49  H       -0.000000     -2.995216      3.460089      8.815572
    50  H       -0.000000     -6.583806     -0.712427      7.500323
    51  H       -0.000000     -6.634828      1.940749      5.400837
    52  H       -0.000000     -7.279225      2.458534      8.585026
    53  H        0.000000      1.264227      2.071140      9.384380
    54  H       -0.000000      2.135391     -1.207535      9.805789
    55  H        0.000000     -1.594929      0.049133     13.464299
    56  H        0.000000      0.117163      2.791125     13.078795
    57  H       -0.000000     -2.539792      9.800120      3.662289
    58  H       -0.000000     -3.119938     11.268437      0.816362
    59  H       -0.000000      0.013228     11.376151      2.048463
    60  H       -0.000000     -1.199976     12.744313     -2.655065
    61  H        0.000000      1.256668     13.171391     -5.109819
    62  H       -0.000000      1.980433     12.218969     -1.957756
    63  H       -0.000000      1.148953      0.946753     -9.242650
    64  H        0.000000     -1.307690     -4.074250     -8.592585
    65  H       -0.000000     -2.394283      1.398397    -11.582131
    66  H       -0.000000     -4.164956      1.349264     -8.685181
    67  H       -0.000000     -3.717091     -1.360603    -10.304677
    68  H       -0.000000      2.562469     -3.324028    -11.275996
    69  H        0.000000      2.743882     -5.965865     -9.263437
    70  H        0.000000      5.128717     -0.986437     -9.066906
    71  H        0.000000      6.589475     -4.008109     -8.558570
    72  H        0.000000      4.714867     -2.462313     -6.122713
    73  H        0.000000      1.638393    -11.967636     -0.158737
    74  H        0.000000      0.763449    -10.661835     -3.174740
    75  H        0.000000     -1.683746    -11.336467     -0.874943
    76  H       -0.000000     -2.424519     -6.767109      7.611817
    77  H        0.000000      1.319029     -8.462194     14.654826
    78  H        0.000000      1.574142     -4.949193     14.513097
    79  H        0.000000      3.779452     -7.094032     13.182729
    80  Mg       0.000000     29.793951      2.682277      2.263249
    81  C        0.000003     30.112597      0.147361     -3.999813
    82  C        0.000005     28.510903     -3.294719      4.314453
    83  C       -0.000002     28.657999      5.002577      7.670531
    84  C       -0.000004     28.971372      8.613164     -0.479159
    85  N        0.000007     29.413360     -0.955672      0.233211
    86  C       -0.000003     29.691830     -1.690436     -2.152833
    87  C        0.000000     29.636726     -4.614995     -2.487843
    88  C        0.000000     28.082143     -5.348057     -0.013266
    89  C        0.000004     28.760044     -3.100644      1.637240
    90  C        0.000001     25.227863     -5.378312     -0.413529
    91  C       -0.000000     32.347387     -5.800949     -2.454414
    92  C       -0.000000     32.508883     -8.538557     -3.379000
    93  H       -0.000000     34.733903     -9.330655     -4.787186
    94  N       -0.000001     29.648461      1.048571      5.616946
    95  C        0.000005     29.130506     -1.411644      6.099601
    96  C        0.000009     29.248538     -1.692987      8.877329
    97  C        0.000003     29.523267      0.877060      9.991001
    98  C        0.000004     29.234063      2.436499      7.778339
    99  C        0.000000     29.194776     -4.200351     10.189895
   100  C        0.000001     29.955050      1.784487     12.633481
   101  O        0.000001     29.697878      4.105354     13.253651
   102  C        0.000000     30.531303     -0.165861     14.537210
   103  N       -0.000008     28.522676      6.222698      3.450999
   104  C        0.000002     28.297005      6.770265      5.908191
   105  C       -0.000000     27.880339      9.544648      6.313027
   106  C       -0.000000     28.327505     10.856420      3.632621
   107  C       -0.000005     28.798670      8.451895      2.032419
   108  C        0.000000     25.270363     10.296248      7.331136
   109  C       -0.000000     30.303950     13.013637      3.522109
   110  C       -0.000000     32.918859     11.957809      3.985621
   111  N        0.000001     29.905332      4.229075     -1.533910
   112  C       -0.000007     29.465233      6.744281     -2.243294
   113  C       -0.000006     29.546492      6.833495     -5.027031
   114  C       -0.000003     30.000064      4.342137     -5.749435
   115  C       -0.000004     30.140754      2.786250     -3.557957
   116  C       -0.000000     29.113404      9.009232     -6.546238
   117  C       -0.000001     30.352271      2.624754     -7.864908
   118  O       -0.000001     30.597368      2.886670    -10.165007
   119  C        0.000000     30.209937     -0.196607     -6.827940
   120  C        0.000000     32.413546     -1.624446     -7.917782
   121  O        0.000000     34.625471     -1.090826     -7.298066
   122  O        0.000000     31.561563     -3.666088     -9.157008
   123  C        0.000000     33.656476     -5.196974    -10.237535
   124  H       -0.000000     27.661660     -4.995302      5.116490
   125  H        0.000000     28.458879      5.918244      9.509064
   126  H       -0.000000     28.889887     10.425449     -1.460872
   127  H       -0.000000     28.636759     -5.268538     -4.166204
   128  H        0.000000     28.768359     -7.093805      0.836997
   129  H        0.000000     24.720641     -4.652109     -2.272963
   130  H        0.000000     24.452187     -4.172534      1.065862
   131  H        0.000000     24.460577     -7.259572     -0.070997
   132  H       -0.000000     32.954084     -6.053832     -0.502327
   133  H       -0.000000     33.664866     -4.639032     -3.532068
   134  H       -0.000000     30.790838     -9.102471     -4.366949
   135  H       -0.000000     32.580693     -9.773021     -1.731556
   136  H        0.000000     28.666484     -5.717291      8.902632
   137  H        0.000001     27.657673     -4.130091     11.558737
   138  H        0.000001     30.967717     -4.607870     11.156471
   139  H        0.000000     28.979441     -1.518584     14.616238
   140  H       -0.000000     30.948687      0.847145     16.280180
   141  H        0.000000     32.191277     -1.223503     13.927546
   142  H        0.000000     29.229150     10.304242      7.669699
   143  H       -0.000001     26.605605     11.714299      2.895079
   144  H        0.000000     25.345234     11.368876      9.088638
   145  H        0.000000     24.157465      8.579035      7.560246
   146  H        0.000000     24.104836     11.366892      6.013694
   147  H       -0.000000     29.937873     14.397313      5.001992
   148  H       -0.000000     30.318312     14.011979      1.720331
   149  H       -0.000000     33.029389     11.888380      6.040188
   150  H       -0.000000     34.351612     13.220921      3.211967
   151  H       -0.000000     33.082736     10.024014      3.294454
   152  H       -0.000001     30.556475      8.982775     -8.015651
   153  H       -0.000000     29.215601     10.735326     -5.427690
   154  H       -0.000001     27.209411      8.623973     -7.230546
   155  H        0.000000     28.404851     -0.966387     -7.451133
   156  H        0.000000     33.293403     -5.382261    -12.256707
   157  H        0.000000     33.754760     -6.925525     -9.121141
   158  H        0.000000     35.516722     -4.310257    -10.256659
 ------------------------------------------------------

 TOTAL ENERGY:                        -261.825064383

 --------------------------------------------------------------------------------

 End time:                               Wed Jun 30 13:19:25 2021
 Total wall-clock time:                  1.125 seconds
==================================================================================
