
================================================================================
          _____________ ________ _______________ ________     _________         
         / ___________// ______ \\_____   _____// ______ \   / ________)        
        / /_________  / /      \ \     | |     / /      \ \ | (_______          
       |  __________|| |        | |    | |    | |        | | \________ \        
        \ \_________ | |        | |    | |     \ \______/ /___________) |       
         \__________||_|        |_|    |_|      \________//____________/        
                                                                                
====================================[ Qcore ]===================================

 Git hash:   4f46786782e696c626e0064ff3d1a47267e124c4
 Git date:   Wed, 30 Jun 2021 10:19:53 +0100
 Compiler:   AppleClang 10.0.1.10010046
 Build type: Release
 Version:    1.4.1

 Start time: Mon Jul  5 14:43:08 2021

 Data directory: /Users/of15641/qcore/cmake-build-release/share/entos/1.4.1/data
 Number of threads: 2
 Number of threads was determined by: number of physical cores

 --------------------------------------------------------------------------------
                                   command: xtb                                  
 --------------------------------------------------------------------------------
 XTB basis setup:                        reference basis
 Number of basis functions:            244
 GFN version:                            chlorophyll
 Integral screening threshold:           1.00e-10
 Total charge:                           0.000000000
 Number of electrons:                  218.000000000
 Electronic temperature (Kelvin):        0.000000000

 D3BJ energy:                           -0.062562626
 Repulsive energy:                       1.518578553

 ****************************************************
  Running robust self-consistent charge (SCC) solver 
 ****************************************************
 Number of SCC trials:                   4
 Using the stop-early mechanism for the first 3 trials

 Conv. threshold (charge):               1.00e-05
 Conv. threshold (energy):               1.00e-06
 Initial guess:                          eeq

 -------------
  SCC Trial 1 
 -------------
 Broyden mixing factor:                  0.400000000
 Max number of iterations:             128

 ---------------------------------------------------------------
                  energy        change          grad        time
 ---------------------------------------------------------------
   0      -130.292175791                    6.60e-01        0.02
   1      -130.884263133     -5.92e-01      3.88e-01        0.02
   2      -130.893047004     -8.78e-03      1.03e-01        0.02
   3      -130.904344431     -1.13e-02      1.05e-02        0.02
   4      -130.904882272     -5.38e-04      5.83e-03        0.03
   5      -130.907230478     -2.35e-03      1.35e-03        0.03
   6      -130.907338249     -1.08e-04      3.93e-04        0.02
   7      -130.907345186     -6.94e-06      1.59e-04        0.01
   8      -130.907346052     -8.66e-07      4.52e-05        0.02
   9      -130.907346069     -1.69e-08      1.63e-05        0.01
  10      -130.907346070     -1.42e-09      4.99e-06        0.02
  11      -130.907346070     -1.68e-10      1.76e-06        0.02

 SCF converged in 10 iterations.

 Entropy contribution (-ST):             0.000000000
 Dipole moment (in Debye):              -2.865232       1.659231       2.233928

 ----------------
  Excitation 0 1 
 ----------------
 Setting up Delta-SCF
 Ground-Excited state overlap:          -0.000000000
 No correction applied to the TDM.
 Excitation energy:                      0.094811894
 Excitation energy (in eV):              2.579963071
 Transition dipole:                      0.58565      -3.77909      -2.15855

 -----------------
  Excitation -1 1 
 -----------------
 Setting up Delta-SCF
 Ground-Excited state overlap:           0.000000000
 No correction applied to the TDM.
 Excitation energy:                      0.101904213
 Excitation energy (in eV):              2.772954906
 Transition dipole:                      0.14584       1.22298      -2.32525

 ----------------
  Excitation 0 2 
 ----------------
 Setting up Delta-SCF
 Ground-Excited state overlap:           0.000000000
 No correction applied to the TDM.
 Excitation energy:                      0.149331691
 Excitation energy (in eV):              4.063522327
 Transition dipole:                      0.01480       0.98444      -1.67563

 -----------------
  Excitation -1 2 
 -----------------
 Setting up Delta-SCF
 Ground-Excited state overlap:           0.000000000
 No correction applied to the TDM.
 Excitation energy:                      0.162784185
 Excitation energy (in eV):              4.429583320
 Transition dipole:                     -0.20718       1.52008       0.92200
 TOTAL ENERGY:                        -130.907346070
 Saving results in set 'res'

 --------------------------------------------------------------------------------
                                  command: print                                 
 --------------------------------------------------------------------------------
 res.energy:                          -130.9073460705

 --------------------------------------------------------------------------------
                                  command: print                                 
 --------------------------------------------------------------------------------

 res.dipole:
                      1
 1        -1.1272688488
 2         0.6527918048
 3         0.8788949475

 --------------------------------------------------------------------------------
                                  command: print                                 
 --------------------------------------------------------------------------------

 res.atomic_charges:
                      1
 1         0.3739081383
 2        -0.0585635186
 3        -0.1052941447
 4        -0.0918965433
 5        -0.0754668427
 6        -0.2347863284
 7         0.1311634546
 8        -0.0310260488
 9        -0.0293008449
 10        0.1146169387
 11       -0.0895441919
 12       -0.0574335141
 13       -0.0770431133
 14        0.0120161904
 15       -0.2927739153
 16        0.1409350919
 17       -0.0390531630
 18       -0.1169473464
 19        0.1621790960
 20       -0.0831269047
 21        0.3351432914
 22       -0.4233083186
 23       -0.1290206904
 24       -0.2520907900
 25        0.1464349770
 26       -0.0216312938
 27       -0.0354963747
 28        0.1192985665
 29       -0.0909141660
 30       -0.0530862927
 31       -0.0928299497
 32       -0.3034578153
 33        0.1010575625
 34        0.0040125928
 35       -0.1119349820
 36        0.1478669822
 37       -0.0863957895
 38        0.3461415121
 39       -0.3982399878
 40       -0.1076550796
 41        0.5203688327
 42       -0.4647625074
 43       -0.2905173851
 44        0.1060452840
 45        0.0507583430
 46        0.0537425168
 47        0.0399270412
 48        0.0445131238
 49        0.0460334288
 50        0.0446837576
 51        0.0374132742
 52        0.0349392179
 53        0.0399234921
 54        0.0614569080
 55        0.0256552616
 56        0.0201032263
 57        0.0346421853
 58        0.0358422463
 59        0.0466779740
 60        0.0608359506
 61        0.0591635250
 62        0.0504330066
 63        0.0496721680
 64        0.0359896784
 65        0.0383997241
 66        0.0337249507
 67        0.0308877043
 68        0.0342571032
 69        0.0332408703
 70        0.0298549997
 71        0.0371888453
 72        0.0387537691
 73        0.0640042830
 74        0.0388424925
 75        0.0630902097
 76        0.0595830256
 77        0.0315851515
 78        0.0274586807
 79        0.0491311965

 --------------------------------------------------------------------------------
                                  command: print                                 
 --------------------------------------------------------------------------------
 res.excitation_1_energy:                0.0948118941

 --------------------------------------------------------------------------------
                                  command: print                                 
 --------------------------------------------------------------------------------
 res.excitation_1_transition_dipole : [
  0.5856510368908003,
  -3.779090892500368,
  -2.1585508565151894
]

 --------------------------------------------------------------------------------
                                  command: print                                 
 --------------------------------------------------------------------------------

 res.excitation_1_transition_charges:
                      1
 1        -0.0002236028
 2         0.0306005031
 3        -0.0107681231
 4        -0.0223178269
 5         0.0090970730
 6         0.0121374305
 7         0.0310833025
 8        -0.0001539002
 9        -0.0000186812
 10       -0.0365766872
 11       -0.0042912781
 12        0.0030785751
 13        0.0002110775
 14        0.0005556995
 15       -0.0136118684
 16       -0.0524616496
 17       -0.0878267843
 18       -0.0331072248
 19       -0.0396532286
 20       -0.0011252626
 21       -0.0058171782
 22       -0.0113528945
 23       -0.0003344315
 24       -0.0074206224
 25       -0.0257309629
 26       -0.0004934180
 27        0.0008730170
 28        0.0444645546
 29       -0.0027557631
 30        0.0033974350
 31        0.0004580607
 32        0.0034707930
 33        0.0695276395
 34        0.0570382591
 35        0.0299260106
 36        0.0357753325
 37        0.0016290148
 38        0.0075176070
 39        0.0142283209
 40        0.0001454596
 41        0.0007424476
 42        0.0006355791
 43        0.0001229396
 44        0.0000433420
 45       -0.0000208576
 46       -0.0000812692
 47        0.0013957929
 48        0.0010654248
 49       -0.0010903405
 50       -0.0003701211
 51       -0.0011347955
 52       -0.0008254940
 53        0.0000689482
 54        0.0003385777
 55        0.0000885463
 56        0.0000639806
 57       -0.0000065536
 58       -0.0112147801
 59       -0.0094229223
 60       -0.0008342947
 61        0.0000023198
 62       -0.0009164748
 63       -0.0019442910
 64        0.0051969682
 65       -0.0002528200
 66       -0.0005289230
 67       -0.0003024613
 68        0.0001357292
 69        0.0003499468
 70        0.0000501000
 71        0.0001171697
 72        0.0006235943
 73        0.0054394562
 74        0.0008614591
 75        0.0116484541
 76        0.0007313393
 77        0.0000040303
 78        0.0000269975
 79        0.0000194782

 --------------------------------------------------------------------------------
                                  command: print                                 
 --------------------------------------------------------------------------------
 res.excitation_1_excited_dipole : [
  -1.3432251326700477,
  0.7263597501773589,
  1.1337365844156029
]

 --------------------------------------------------------------------------------
                                  command: print                                 
 --------------------------------------------------------------------------------

 res.excitation_1_excited_atomic_charges:
                      1
 1         0.3753148306
 2        -0.1064615585
 3        -0.1438458013
 4        -0.1302308973
 5        -0.1065322682
 6        -0.3345634814
 7         0.1903604373
 8        -0.0295856867
 9        -0.0280512880
 10        0.1822240384
 11       -0.0835330564
 12       -0.0525585215
 13       -0.0771221600
 14        0.0124634922
 15       -0.2864974911
 16        0.1896853952
 17       -0.0524176647
 18       -0.1428601952
 19        0.2191620256
 20       -0.0807968686
 21        0.3202550869
 22       -0.4394247579
 23       -0.1292243248
 24       -0.3616045761
 25        0.2095455568
 26       -0.0210213073
 27       -0.0337149115
 28        0.1708139795
 29       -0.0844889918
 30       -0.0486832462
 31       -0.0923032933
 32       -0.3030768571
 33        0.1484217559
 34       -0.0128047552
 35       -0.1259585591
 36        0.1795744499
 37       -0.0842702086
 38        0.3355234249
 39       -0.4087659620
 40       -0.1075183465
 41        0.5189658042
 42       -0.4651726543
 43       -0.2906569171
 44        0.1059851100
 45        0.0507645803
 46        0.0545257935
 47        0.0418343041
 48        0.0470306337
 49        0.0483392646
 50        0.0445098260
 51        0.0373379258
 52        0.0355382015
 53        0.0398250761
 54        0.0614685291
 55        0.0260707783
 56        0.0202088997
 57        0.0346043055
 58        0.0381476835
 59        0.0470549518
 60        0.0591187687
 61        0.0591592560
 62        0.0487170593
 63        0.0558966018
 64        0.0448533200
 65        0.0387477905
 66        0.0340374203
 67        0.0315858666
 68        0.0343835680
 69        0.0332096634
 70        0.0298933014
 71        0.0374224934
 72        0.0388331987
 73        0.0637797558
 74        0.0388861570
 75        0.0635508831
 76        0.0580041237
 77        0.0315757337
 78        0.0274282917
 79        0.0491072134

 --------------------------------------------------------------------------------
                                  command: print                                 
 --------------------------------------------------------------------------------
 res.excitation_2_energy:                0.1019042132

 --------------------------------------------------------------------------------
                                  command: print                                 
 --------------------------------------------------------------------------------
 res.excitation_2_transition_dipole : [
  0.14584213880236654,
  1.2229753014698248,
  -2.3252506682260377
]

 --------------------------------------------------------------------------------
                                  command: print                                 
 --------------------------------------------------------------------------------

 res.excitation_2_transition_charges:
                      1
 1         0.0018795799
 2        -0.0892015477
 3        -0.0635881967
 4         0.0633690941
 5         0.0545211648
 6        -0.1113307450
 7        -0.0072989026
 8         0.0002091969
 9        -0.0012807363
 10       -0.0086492913
 11       -0.0009900186
 12       -0.0005578573
 13       -0.0000045320
 14       -0.0000349843
 15        0.0280433739
 16        0.0027067040
 17       -0.0187482455
 18        0.0060528428
 19       -0.0111493198
 20       -0.0002561718
 21        0.0008095327
 22        0.0011436846
 23        0.0003473581
 24        0.1196831254
 25        0.0022827323
 26        0.0014219009
 27        0.0008847176
 28        0.0176147025
 29        0.0002408657
 30        0.0012038120
 31       -0.0000187267
 32       -0.0187489180
 33        0.0078746907
 34        0.0220834977
 35       -0.0027278794
 36        0.0150016940
 37        0.0008012152
 38       -0.0009299135
 39       -0.0027556414
 40       -0.0007175705
 41       -0.0046879237
 42       -0.0025190754
 43       -0.0006091611
 44       -0.0002771153
 45        0.0000429981
 46       -0.0000350526
 47        0.0006584608
 48       -0.0001450279
 49       -0.0003266009
 50       -0.0003722119
 51       -0.0006413247
 52       -0.0002852178
 53       -0.0000585726
 54       -0.0001548277
 55       -0.0000110997
 56       -0.0000119786
 57       -0.0000939798
 58       -0.0011878558
 59       -0.0028649366
 60        0.0001536898
 61        0.0000282197
 62        0.0002168665
 63       -0.0001846395
 64        0.0022396545
 65        0.0000742595
 66        0.0003115944
 67        0.0002515987
 68        0.0000196724
 69        0.0002446817
 70        0.0000270748
 71        0.0000643905
 72        0.0002042577
 73        0.0028720705
 74       -0.0000238574
 75        0.0043198861
 76       -0.0061347775
 77       -0.0000518549
 78       -0.0001099357
 79       -0.0001286356

 --------------------------------------------------------------------------------
                                  command: print                                 
 --------------------------------------------------------------------------------
 res.excitation_3_energy:                0.1493316912

 --------------------------------------------------------------------------------
                                  command: print                                 
 --------------------------------------------------------------------------------
 res.excitation_3_transition_dipole : [
  0.014802898428994713,
  0.9844370288779427,
  -1.675625512592135
]

 --------------------------------------------------------------------------------
                                  command: print                                 
 --------------------------------------------------------------------------------

 res.excitation_3_transition_charges:
                      1
 1         0.0003506627
 2         0.0154527084
 3         0.0086488947
 4        -0.0129753885
 5        -0.0095294675
 6        -0.0022833791
 7        -0.0633082921
 8        -0.0003125360
 9        -0.0001860833
 10       -0.0531354363
 11       -0.0036639803
 12       -0.0078206831
 13       -0.0004989784
 14       -0.0061777396
 15       -0.0340579690
 16       -0.0231094264
 17       -0.0017977916
 18       -0.0179971441
 19        0.0834644427
 20       -0.0003174442
 21       -0.0100535001
 22       -0.0147250591
 23       -0.0000015578
 24        0.0024525826
 25        0.0878792877
 26       -0.0010663207
 27       -0.0004780667
 28        0.0605690270
 29        0.0090605284
 30        0.0044764585
 31        0.0006659227
 32        0.0114502112
 33        0.0344934004
 34       -0.0301284401
 35        0.0033278971
 36       -0.0325244985
 37       -0.0000783127
 38       -0.0008651293
 39       -0.0011134813
 40       -0.0002115119
 41        0.0009057139
 42        0.0004152073
 43        0.0001576843
 44        0.0000346675
 45        0.0002250928
 46       -0.0004879333
 47        0.0009869793
 48       -0.0012083564
 49       -0.0010781740
 50       -0.0001969134
 51       -0.0008806580
 52       -0.0005649740
 53       -0.0002564975
 54       -0.0002853621
 55        0.0008150091
 56       -0.0003993507
 57        0.0000719761
 58       -0.0007343863
 59        0.0002535665
 60       -0.0013710657
 61        0.0000183069
 62       -0.0015512336
 63        0.0061029589
 64        0.0048733889
 65        0.0015672328
 66        0.0024785586
 67        0.0020701432
 68        0.0004871904
 69        0.0005013738
 70        0.0001852682
 71        0.0000443998
 72        0.0006101144
 73       -0.0021495751
 74       -0.0004424947
 75       -0.0058540547
 76        0.0007625699
 77        0.0000193651
 78        0.0000264721
 79       -0.0000266167

 --------------------------------------------------------------------------------
                                  command: print                                 
 --------------------------------------------------------------------------------
 res.excitation_4_energy:                0.1627841845

 --------------------------------------------------------------------------------
                                  command: print                                 
 --------------------------------------------------------------------------------
 res.excitation_4_transition_dipole : [
  -0.20718382602442145,
  1.5200784904946572,
  0.9219965879493501
]

 --------------------------------------------------------------------------------
                                  command: print                                 
 --------------------------------------------------------------------------------

 res.excitation_4_transition_charges:
                      1
 1         0.0063336685
 2        -0.0458112571
 3         0.0498370722
 4         0.0334983571
 5        -0.0587435546
 6         0.0193441889
 7         0.0148170364
 8        -0.0012450375
 9         0.0003432256
 10       -0.0122408935
 11       -0.0009127999
 12        0.0014504517
 13       -0.0002116583
 14        0.0003440418
 15        0.0849412568
 16        0.0002578032
 17       -0.0002105076
 18        0.0034344816
 19        0.0231709940
 20        0.0003267998
 21        0.0020931703
 22        0.0016901064
 23        0.0009279618
 24       -0.0450123480
 25       -0.0069561042
 26        0.0007929780
 27       -0.0001515506
 28        0.0247380316
 29       -0.0000757467
 30        0.0016261186
 31       -0.0001219302
 32       -0.0651815737
 33        0.0050656323
 34       -0.0115425164
 35       -0.0001061368
 36       -0.0131063227
 37       -0.0000495069
 38        0.0000026139
 39        0.0000861847
 40        0.0012330699
 41       -0.0056359669
 42       -0.0016619640
 43       -0.0008027023
 44       -0.0003073631
 45        0.0003608955
 46       -0.0001865685
 47        0.0004400845
 48        0.0001288231
 49       -0.0003485818
 50       -0.0003208612
 51       -0.0004024085
 52       -0.0001844954
 53        0.0001152932
 54        0.0001703110
 55       -0.0001560538
 56        0.0000772013
 57        0.0001816032
 58       -0.0000678679
 59        0.0001067033
 60        0.0003024684
 61        0.0002014035
 62        0.0003728092
 63        0.0010554294
 64        0.0020118681
 65       -0.0002898474
 66       -0.0003152761
 67       -0.0002485421
 68        0.0001533059
 69        0.0003443289
 70        0.0000626426
 71        0.0000245635
 72        0.0002331564
 73       -0.0011458373
 74        0.0000336747
 75       -0.0021864164
 76       -0.0065739244
 77       -0.0002150976
 78       -0.0002150712
 79        0.0002124799

 --------------------------------------------------------------------------------

 End time:                               Mon Jul  5 14:43:09 2021
 Total wall-clock time:                  0.972 seconds
==================================================================================
