
================================================================================
          _____________ ________ _______________ ________     _________         
         / ___________// ______ \\_____   _____// ______ \   / ________)        
        / /_________  / /      \ \     | |     / /      \ \ | (_______          
       |  __________|| |        | |    | |    | |        | | \________ \        
        \ \_________ | |        | |    | |     \ \______/ /___________) |       
         \__________||_|        |_|    |_|      \________//____________/        
                                                                                
====================================[ Qcore ]===================================

 Git hash:   ad9d0b24ea610736acb9cf13a2604964cd4d942e
 Git date:   Wed, 30 Jun 2021 12:42:56 +0100
 Compiler:   GNU 9.1.0
 Build type: Release
 Version:    1.4.1

 Start time: Wed Jun 30 13:19:45 2021

 Data directory: /home/of15641/.local/src/Qcore/release/share/entos/1.4.1/data
 Number of threads: 2
 Number of threads was determined by: command line argument
  - More threads can be used by running 'qcore -n 24'

 --------------------------------------------------------------------------------
                                   command: xtb                                  
 --------------------------------------------------------------------------------
 XTB basis setup:                        reference basis
 Number of basis functions:            244
 GFN version:                            chlorophyll
 Integral screening threshold:           1.00e-10
 Total charge:                           0.000000000
 Number of electrons:                  218.000000000
 Electronic temperature (Kelvin):        0.000000000

 D3BJ energy:                           -0.062532570
 Repulsive energy:                       1.521561281

 ****************************************************
  Running robust self-consistent charge (SCC) solver 
 ****************************************************
 Number of SCC trials:                   4
 Using the stop-early mechanism for the first 3 trials

 Conv. threshold (charge):               1.00e-05
 Conv. threshold (energy):               1.00e-06
 Initial guess:                          eeq

 -------------
  SCC Trial 1 
 -------------
 Broyden mixing factor:                  0.400000000
 Max number of iterations:             128

 ---------------------------------------------------------------
                  energy        change          grad        time
 ---------------------------------------------------------------
   0      -130.296903218                    6.61e-01        0.01
   1      -130.889100778     -5.92e-01      3.88e-01        0.01
   2      -130.898032748     -8.93e-03      1.03e-01        0.01
   3      -130.909492461     -1.15e-02      1.05e-02        0.01
   4      -130.910044821     -5.52e-04      5.71e-03        0.01
   5      -130.912307841     -2.26e-03      1.38e-03        0.01
   6      -130.912421476     -1.14e-04      4.09e-04        0.01
   7      -130.912429178     -7.70e-06      1.58e-04        0.01
   8      -130.912429969     -7.90e-07      4.48e-05        0.01
   9      -130.912429983     -1.42e-08      1.59e-05        0.01
  10      -130.912429984     -1.31e-09      4.94e-06        0.01
  11      -130.912429984     -1.80e-10      1.72e-06        0.01

 SCF converged in 10 iterations.

 Entropy contribution (-ST):             0.000000000
 Dipole moment (in Debye):              -2.250399      -3.295841      -0.873173

 ----------------
  Excitation 0 1 
 ----------------
 Setting up Delta-SCF
 Ground-Excited state overlap:          -0.000000000
 No correction applied to the TDM.
 Excitation energy:                      0.095288080
 Excitation energy (in eV):              2.592920743
 Transition dipole:                     -0.27097       4.35948      -0.35250
 ------------------------------------------------------
           transition charges and positions           
           --------------------------------           
        atom     charge/e     x/bohr        y/bohr        z/bohr
 ------------------------------------------------------
     1  Mg       0.000008     59.587902      5.364555      4.526518
     2  C        0.020015     59.262888      9.317673     -0.952573
     3  C       -0.017701     58.673899      0.330173      0.602501
     4  C       -0.016142     59.010308      1.930223      9.403447
     5  C        0.014889     58.333937     10.732170      8.130566
     6  N        0.000953     59.064127      5.099067      0.384559
     7  C        0.030430     59.091245      6.744414     -1.513538
     8  C       -0.000141     59.063881      5.467242     -4.166166
     9  C       -0.000161     57.811239      2.832681     -3.412789
    10  C       -0.036513     58.618889      2.710415     -0.661895
    11  C       -0.004507     54.931504      2.850331     -3.534771
    12  C        0.002933     61.786977      5.096950     -5.262982
    13  C        0.000205     61.905009      4.437719     -8.078447
    14  H        0.000511     63.976300      5.437007     -9.585881
    15  N       -0.010727     59.853088      1.662165      4.925703
    16  C       -0.050690     59.446683     -0.104955      3.118483
    17  C       -0.092757     59.879601     -2.577057      4.347334
    18  C       -0.030517     60.219751     -2.119460      7.103386
    19  C       -0.040596     59.651435      0.538100      7.263540
    20  C       -0.001205     60.027868     -5.017657      2.921120
    21  C       -0.005472     60.923013     -3.813354      9.254820
    22  O       -0.010687     60.685247     -3.129632     11.559852
    23  C       -0.000274     61.750751     -6.388333      8.588182
    24  N        0.004968     58.378837      6.111148      8.206476
    25  C       -0.024638     58.416216      4.312185      9.981571
    26  C       -0.000360     57.985982      5.400837     12.563126
    27  C        0.001001     58.102634      8.398264     12.235788
    28  C        0.047778     58.445695      8.516731      9.331883
    29  C       -0.002824     55.489653      4.667151     13.845135
    30  C        0.003502     60.006250      9.846342     13.924390
    31  C        0.000487     62.679230      9.173411     13.169615
    32  N        0.001223     59.241364      9.390011      3.820081
    33  C        0.069580     58.669420     11.275297      5.592588
    34  C        0.058064     58.438099     13.671583      4.189712
    35  C        0.028898     58.863381     13.004113      1.678133
    36  C        0.039097     59.281691     10.350465      1.515768
    37  C        0.001622     57.790433     16.058156      5.245237
    38  C        0.007322     59.015656     13.908006     -0.911944
    39  O        0.013551     58.997136     16.006774     -1.918866
    40  C        0.000078     59.052165     11.522964     -2.746566
    41  C        0.000218     61.151707     11.914780     -4.622950
    42  O        0.000377     63.406548     11.911794     -3.932237
    43  O        0.000054     60.212362     11.782102     -6.974526
    44  C        0.000012     62.207214     12.099822     -8.928843
    45  H       -0.000017     57.957107     -1.337208     -0.378569
    46  H       -0.000088     58.997023      0.849678     11.161441
    47  H        0.001383     58.103523     12.511196      9.148788
    48  H        0.001048     57.897901      6.425126     -5.568626
    49  H       -0.001158     58.626353      1.263679     -4.468824
    50  H       -0.000416     54.204375      4.745367     -3.884389
    51  H       -0.001187     54.298975      2.164606     -1.697957
    52  H       -0.000832     54.248954      1.481999     -4.915726
    53  H        0.000063     62.612787      3.385917     -4.467350
    54  H        0.000309     62.950179      6.759702     -4.903235
    55  H        0.000083     60.100510      4.786582     -9.009987
    56  H        0.000061     62.187164      2.404809     -8.254040
    57  H       -0.000016     59.393166     -4.796994      0.975439
    58  H       -0.011635     58.651638     -6.294205      3.768360
    59  H       -0.009957     61.906011     -5.858567      3.016230
    60  H       -0.000777     60.247662     -7.337712      7.547113
    61  H        0.000005     62.337189     -7.271458     10.352978
    62  H       -0.000815     63.355468     -6.261305      7.301902
    63  H       -0.001999     59.460365      4.806745     13.870798
    64  H        0.005342     56.290746      9.291198     12.641455
    65  H       -0.000243     55.736093      3.767131     15.682043
    66  H       -0.000498     54.447469      3.444631     12.557060
    67  H       -0.000286     54.161233      6.219599     14.101193
    68  H        0.000138     59.776781      9.298095     15.895545
    69  H        0.000382     59.797719     11.892746     13.814692
    70  H        0.000056     63.019456      7.421011     14.195075
    71  H        0.000118     63.988583     10.646547     13.771493
    72  H        0.000688     62.807845      8.745010     11.158625
    73  H        0.005842     59.061066     17.432553      4.385657
    74  H        0.000838     57.978385     16.045192      7.295987
    75  H        0.011599     55.831051     16.226908      4.633476
    76  H        0.000090     57.206375     11.446638     -3.655694
    77  H       -0.000001     61.625670     13.660452    -10.141083
    78  H        0.000013     62.467486     10.253824     -9.805468
    79  H        0.000006     64.033691     12.784111     -8.263300
 ------------------------------------------------------


 -----------------
  Excitation -1 1 
 -----------------
 Setting up Delta-SCF
 Ground-Excited state overlap:           0.000000000
 No correction applied to the TDM.
 Excitation energy:                      0.102301757
 Excitation energy (in eV):              2.783772616
 Transition dipole:                     -0.13184       0.12396       2.59917
 ------------------------------------------------------
           transition charges and positions           
           --------------------------------           
        atom     charge/e     x/bohr        y/bohr        z/bohr
 ------------------------------------------------------
     1  Mg       0.001802     59.587902      5.364555      4.526518
     2  C       -0.085887     59.262888      9.317673     -0.952573
     3  C       -0.067021     58.673899      0.330173      0.602501
     4  C        0.067534     59.010308      1.930223      9.403447
     5  C        0.053812     58.333937     10.732170      8.130566
     6  N       -0.113092     59.064127      5.099067      0.384559
     7  C       -0.010080     59.091245      6.744414     -1.513538
     8  C        0.000210     59.063881      5.467242     -4.166166
     9  C       -0.001257     57.811239      2.832681     -3.412789
    10  C       -0.005266     58.618889      2.710415     -0.661895
    11  C       -0.000628     54.931504      2.850331     -3.534771
    12  C       -0.000799     61.786977      5.096950     -5.262982
    13  C       -0.000022     61.905009      4.437719     -8.078447
    14  H       -0.000077     63.976300      5.437007     -9.585881
    15  N        0.029363     59.853088      1.662165      4.925703
    16  C        0.007764     59.446683     -0.104955      3.118483
    17  C       -0.010906     59.879601     -2.577057      4.347334
    18  C        0.008364     60.219751     -2.119460      7.103386
    19  C       -0.007441     59.651435      0.538100      7.263540
    20  C       -0.000112     60.027868     -5.017657      2.921120
    21  C        0.001143     60.923013     -3.813354      9.254820
    22  O        0.001899     60.685247     -3.129632     11.559852
    23  C        0.000358     61.750751     -6.388333      8.588182
    24  N        0.118665     58.378837      6.111148      8.206476
    25  C        0.004891     58.416216      4.312185      9.981571
    26  C        0.001514     57.985982      5.400837     12.563126
    27  C        0.000827     58.102634      8.398264     12.235788
    28  C        0.012636     58.445695      8.516731      9.331883
    29  C        0.000574     55.489653      4.667151     13.845135
    30  C        0.000765     60.006250      9.846342     13.924390
    31  C       -0.000067     62.679230      9.173411     13.169615
    32  N       -0.015937     59.241364      9.390011      3.820081
    33  C       -0.000312     58.669420     11.275297      5.592588
    34  C        0.014842     58.438099     13.671583      4.189712
    35  C       -0.005251     58.863381     13.004113      1.678133
    36  C        0.010891     59.281691     10.350465      1.515768
    37  C        0.000546     57.790433     16.058156      5.245237
    38  C       -0.001518     59.015656     13.908006     -0.911944
    39  O       -0.003851     58.997136     16.006774     -1.918866
    40  C       -0.000559     59.052165     11.522964     -2.746566
    41  C       -0.004150     61.151707     11.914780     -4.622950
    42  O       -0.002229     63.406548     11.911794     -3.932237
    43  O       -0.000509     60.212362     11.782102     -6.974526
    44  C       -0.000241     62.207214     12.099822     -8.928843
    45  H        0.000061     57.957107     -1.337208     -0.378569
    46  H       -0.000025     58.997023      0.849678     11.161441
    47  H        0.000437     58.103523     12.511196      9.148788
    48  H       -0.000246     57.897901      6.425126     -5.568626
    49  H       -0.000227     58.626353      1.263679     -4.468824
    50  H       -0.000340     54.204375      4.745367     -3.884389
    51  H       -0.000558     54.298975      2.164606     -1.697957
    52  H       -0.000207     54.248954      1.481999     -4.915726
    53  H       -0.000066     62.612787      3.385917     -4.467350
    54  H       -0.000171     62.950179      6.759702     -4.903235
    55  H       -0.000019     60.100510      4.786582     -9.009987
    56  H       -0.000018     62.187164      2.404809     -8.254040
    57  H       -0.000092     59.393166     -4.796994      0.975439
    58  H       -0.000121     58.651638     -6.294205      3.768360
    59  H       -0.002020     61.906011     -5.858567      3.016230
    60  H        0.000217     60.247662     -7.337712      7.547113
    61  H        0.000020     62.337189     -7.271458     10.352978
    62  H        0.000269     63.355468     -6.261305      7.301902
    63  H        0.000054     59.460365      4.806745     13.870798
    64  H        0.001548     56.290746      9.291198     12.641455
    65  H        0.000096     55.736093      3.767131     15.682043
    66  H        0.000368     54.447469      3.444631     12.557060
    67  H        0.000281     54.161233      6.219599     14.101193
    68  H        0.000002     59.776781      9.298095     15.895545
    69  H        0.000211     59.797719     11.892746     13.814692
    70  H        0.000023     63.019456      7.421011     14.195075
    71  H        0.000046     63.988583     10.646547     13.771493
    72  H        0.000147     62.807845      8.745010     11.158625
    73  H        0.002205     59.061066     17.432553      4.385657
    74  H       -0.000121     57.978385     16.045192      7.295987
    75  H        0.002725     55.831051     16.226908      4.633476
    76  H       -0.005423     57.206375     11.446638     -3.655694
    77  H       -0.000039     61.625670     13.660452    -10.141083
    78  H       -0.000093     62.467486     10.253824     -9.805468
    79  H       -0.000112     64.033691     12.784111     -8.263300
 ------------------------------------------------------


 ----------------
  Excitation 0 2 
 ----------------
 Setting up Delta-SCF
 Ground-Excited state overlap:           0.000000000
 No correction applied to the TDM.
 Excitation energy:                      0.149820674
 Excitation energy (in eV):              4.076828224
 Transition dipole:                     -0.16329       0.02986       1.98930
 ------------------------------------------------------
           transition charges and positions           
           --------------------------------           
        atom     charge/e     x/bohr        y/bohr        z/bohr
 ------------------------------------------------------
     1  Mg       0.000998     59.587902      5.364555      4.526518
     2  C        0.010741     59.262888      9.317673     -0.952573
     3  C        0.013925     58.673899      0.330173      0.602501
     4  C       -0.009780     59.010308      1.930223      9.403447
     5  C       -0.016182     58.333937     10.732170      8.130566
     6  N       -0.000199     59.064127      5.099067      0.384559
     7  C       -0.061186     59.091245      6.744414     -1.513538
     8  C       -0.000436     59.063881      5.467242     -4.166166
     9  C       -0.000150     57.811239      2.832681     -3.412789
    10  C       -0.057622     58.618889      2.710415     -0.661895
    11  C       -0.004535     54.931504      2.850331     -3.534771
    12  C       -0.007066     61.786977      5.096950     -5.262982
    13  C       -0.000461     61.905009      4.437719     -8.078447
    14  H       -0.005135     63.976300      5.437007     -9.585881
    15  N       -0.026880     59.853088      1.662165      4.925703
    16  C       -0.024414     59.446683     -0.104955      3.118483
    17  C        0.000288     59.879601     -2.577057      4.347334
    18  C       -0.016892     60.219751     -2.119460      7.103386
    19  C        0.086179     59.651435      0.538100      7.263540
    20  C       -0.000309     60.027868     -5.017657      2.921120
    21  C       -0.009221     60.923013     -3.813354      9.254820
    22  O       -0.013761     60.685247     -3.129632     11.559852
    23  C        0.000127     61.750751     -6.388333      8.588182
    24  N       -0.002227     58.378837      6.111148      8.206476
    25  C        0.086876     58.416216      4.312185      9.981571
    26  C       -0.001068     57.985982      5.400837     12.563126
    27  C       -0.000405     58.102634      8.398264     12.235788
    28  C        0.066775     58.445695      8.516731      9.331883
    29  C        0.009572     55.489653      4.667151     13.845135
    30  C        0.004707     60.006250      9.846342     13.924390
    31  C        0.000693     62.679230      9.173411     13.169615
    32  N        0.004482     59.241364      9.390011      3.820081
    33  C        0.034328     58.669420     11.275297      5.592588
    34  C       -0.032054     58.438099     13.671583      4.189712
    35  C        0.002811     58.863381     13.004113      1.678133
    36  C       -0.034680     59.281691     10.350465      1.515768
    37  C       -0.000077     57.790433     16.058156      5.245237
    38  C       -0.001198     59.015656     13.908006     -0.911944
    39  O       -0.001558     58.997136     16.006774     -1.918866
    40  C       -0.000105     59.052165     11.522964     -2.746566
    41  C        0.000308     61.151707     11.914780     -4.622950
    42  O        0.000261     63.406548     11.911794     -3.932237
    43  O        0.000077     60.212362     11.782102     -6.974526
    44  C        0.000002     62.207214     12.099822     -8.928843
    45  H        0.000229     57.957107     -1.337208     -0.378569
    46  H       -0.000529     58.997023      0.849678     11.161441
    47  H        0.001196     58.103523     12.511196      9.148788
    48  H       -0.001165     57.897901      6.425126     -5.568626
    49  H       -0.001303     58.626353      1.263679     -4.468824
    50  H       -0.000299     54.204375      4.745367     -3.884389
    51  H       -0.001036     54.298975      2.164606     -1.697957
    52  H       -0.000782     54.248954      1.481999     -4.915726
    53  H       -0.000218     62.612787      3.385917     -4.467350
    54  H       -0.000250     62.950179      6.759702     -4.903235
    55  H        0.000640     60.100510      4.786582     -9.009987
    56  H       -0.000337     62.187164      2.404809     -8.254040
    57  H        0.000096     59.393166     -4.796994      0.975439
    58  H       -0.000533     58.651638     -6.294205      3.768360
    59  H        0.000502     61.906011     -5.858567      3.016230
    60  H       -0.001260     60.247662     -7.337712      7.547113
    61  H        0.000046     62.337189     -7.271458     10.352978
    62  H       -0.001379     63.355468     -6.261305      7.301902
    63  H        0.006524     59.460365      4.806745     13.870798
    64  H        0.005045     56.290746      9.291198     12.641455
    65  H        0.001574     55.736093      3.767131     15.682043
    66  H        0.002447     54.447469      3.444631     12.557060
    67  H        0.002108     54.161233      6.219599     14.101193
    68  H        0.000524     59.776781      9.298095     15.895545
    69  H        0.000557     59.797719     11.892746     13.814692
    70  H        0.000205     63.019456      7.421011     14.195075
    71  H        0.000047     63.988583     10.646547     13.771493
    72  H        0.000661     62.807845      8.745010     11.158625
    73  H       -0.002409     59.061066     17.432553      4.385657
    74  H       -0.000427     57.978385     16.045192      7.295987
    75  H       -0.006114     55.831051     16.226908      4.633476
    76  H        0.000095     57.206375     11.446638     -3.655694
    77  H       -0.000003     61.625670     13.660452    -10.141083
    78  H        0.000004     62.467486     10.253824     -9.805468
    79  H       -0.000004     64.033691     12.784111     -8.263300
 ------------------------------------------------------


 -----------------
  Excitation -1 2 
 -----------------
 Setting up Delta-SCF
 Ground-Excited state overlap:           0.000000000
 No correction applied to the TDM.
 Excitation energy:                      0.164102662
 Excitation energy (in eV):              4.465460924
 Transition dipole:                      0.16546      -1.82346       0.04212
 ------------------------------------------------------
           transition charges and positions           
           --------------------------------           
        atom     charge/e     x/bohr        y/bohr        z/bohr
 ------------------------------------------------------
     1  Mg       0.006411     59.587902      5.364555      4.526518
     2  C       -0.047023     59.262888      9.317673     -0.952573
     3  C        0.051734     58.673899      0.330173      0.602501
     4  C        0.036078     59.010308      1.930223      9.403447
     5  C       -0.059738     58.333937     10.732170      8.130566
     6  N        0.013805     59.064127      5.099067      0.384559
     7  C        0.020267     59.091245      6.744414     -1.513538
     8  C       -0.001081     59.063881      5.467242     -4.166166
     9  C        0.000218     57.811239      2.832681     -3.412789
    10  C       -0.008034     58.618889      2.710415     -0.661895
    11  C       -0.000665     54.931504      2.850331     -3.534771
    12  C        0.001953     61.786977      5.096950     -5.262982
    13  C       -0.000159     61.905009      4.437719     -8.078447
    14  H        0.000744     63.976300      5.437007     -9.585881
    15  N        0.093651     59.853088      1.662165      4.925703
    16  C        0.002811     59.446683     -0.104955      3.118483
    17  C        0.000271     59.879601     -2.577057      4.347334
    18  C        0.004842     60.219751     -2.119460      7.103386
    19  C        0.015463     59.651435      0.538100      7.263540
    20  C        0.000374     60.027868     -5.017657      2.921120
    21  C        0.002706     60.923013     -3.813354      9.254820
    22  O        0.002693     60.685247     -3.129632     11.559852
    23  C        0.000965     61.750751     -6.388333      8.588182
    24  N       -0.044744     58.378837      6.111148      8.206476
    25  C       -0.016429     58.416216      4.312185      9.981571
    26  C        0.000891     57.985982      5.400837     12.563126
    27  C       -0.000003     58.102634      8.398264     12.235788
    28  C        0.018441     58.445695      8.516731      9.331883
    29  C       -0.001206     55.489653      4.667151     13.845135
    30  C        0.001072     60.006250      9.846342     13.924390
    31  C       -0.000188     62.679230      9.173411     13.169615
    32  N       -0.065513     59.241364      9.390011      3.820081
    33  C        0.000907     58.669420     11.275297      5.592588
    34  C       -0.008079     58.438099     13.671583      4.189712
    35  C       -0.000356     58.863381     13.004113      1.678133
    36  C       -0.009220     59.281691     10.350465      1.515768
    37  C       -0.000034     57.790433     16.058156      5.245237
    38  C        0.000160     59.015656     13.908006     -0.911944
    39  O        0.000334     58.997136     16.006774     -1.918866
    40  C        0.001205     59.052165     11.522964     -2.746566
    41  C       -0.005750     61.151707     11.914780     -4.622950
    42  O       -0.001644     63.406548     11.911794     -3.932237
    43  O       -0.000791     60.212362     11.782102     -6.974526
    44  C       -0.000343     62.207214     12.099822     -8.928843
    45  H        0.000281     57.957107     -1.337208     -0.378569
    46  H       -0.000126     58.997023      0.849678     11.161441
    47  H        0.000358     58.103523     12.511196      9.148788
    48  H        0.000246     57.897901      6.425126     -5.568626
    49  H       -0.000234     58.626353      1.263679     -4.468824
    50  H       -0.000335     54.204375      4.745367     -3.884389
    51  H       -0.000384     54.298975      2.164606     -1.697957
    52  H       -0.000185     54.248954      1.481999     -4.915726
    53  H        0.000122     62.612787      3.385917     -4.467350
    54  H        0.000175     62.950179      6.759702     -4.903235
    55  H       -0.000183     60.100510      4.786582     -9.009987
    56  H        0.000104     62.187164      2.404809     -8.254040
    57  H        0.000201     59.393166     -4.796994      0.975439
    58  H        0.000006     58.651638     -6.294205      3.768360
    59  H        0.000133     61.906011     -5.858567      3.016230
    60  H        0.000407     60.247662     -7.337712      7.547113
    61  H        0.000204     62.337189     -7.271458     10.352978
    62  H        0.000466     63.355468     -6.261305      7.301902
    63  H        0.000333     59.460365      4.806745     13.870798
    64  H        0.001383     56.290746      9.291198     12.641455
    65  H       -0.000445     55.736093      3.767131     15.682043
    66  H       -0.000596     54.447469      3.444631     12.557060
    67  H       -0.000485     54.161233      6.219599     14.101193
    68  H        0.000096     59.776781      9.298095     15.895545
    69  H        0.000307     59.797719     11.892746     13.814692
    70  H        0.000044     63.019456      7.421011     14.195075
    71  H        0.000020     63.988583     10.646547     13.771493
    72  H        0.000172     62.807845      8.745010     11.158625
    73  H       -0.000921     59.061066     17.432553      4.385657
    74  H        0.000088     57.978385     16.045192      7.295987
    75  H       -0.001451     55.831051     16.226908      4.633476
    76  H       -0.006595     57.206375     11.446638     -3.655694
    77  H       -0.000186     61.625670     13.660452    -10.141083
    78  H       -0.000167     62.467486     10.253824     -9.805468
    79  H        0.000150     64.033691     12.784111     -8.263300
 ------------------------------------------------------

 TOTAL ENERGY:                        -130.912429984

 --------------------------------------------------------------------------------

 End time:                               Wed Jun 30 13:19:45 2021
 Total wall-clock time:                  0.373 seconds
==================================================================================
