
================================================================================
          _____________ ________ _______________ ________     _________         
         / ___________// ______ \\_____   _____// ______ \   / ________)        
        / /_________  / /      \ \     | |     / /      \ \ | (_______          
       |  __________|| |        | |    | |    | |        | | \________ \        
        \ \_________ | |        | |    | |     \ \______/ /___________) |       
         \__________||_|        |_|    |_|      \________//____________/        
                                                                                
====================================[ Qcore ]===================================

 Git hash:   4f46786782e696c626e0064ff3d1a47267e124c4
 Git date:   Wed, 30 Jun 2021 10:19:53 +0100
 Compiler:   AppleClang 10.0.1.10010046
 Build type: Release
 Version:    1.4.1

 Start time: Tue Jul  6 09:38:03 2021

 Data directory: /Users/of15641/qcore/cmake-build-release/share/entos/1.4.1/data
 Number of threads: 2
 Number of threads was determined by: number of physical cores

 --------------------------------------------------------------------------------
                                   command: xtb                                  
 --------------------------------------------------------------------------------
 XTB basis setup:                        reference basis
 Number of basis functions:            244
 GFN version:                            chlorophyll
 Integral screening threshold:           1.00e-10
 Total charge:                           0.000000000
 Number of electrons:                  218.000000000
 Electronic temperature (Kelvin):        0.000000000

 D3BJ energy:                           -0.062562619
 Repulsive energy:                       1.518578989

 ****************************************************
  Running robust self-consistent charge (SCC) solver 
 ****************************************************
 Number of SCC trials:                   4
 Using the stop-early mechanism for the first 3 trials

 Conv. threshold (charge):               1.00e-05
 Conv. threshold (energy):               1.00e-06
 Initial guess:                          eeq

 -------------
  SCC Trial 1 
 -------------
 Broyden mixing factor:                  0.400000000
 Max number of iterations:             128

 ---------------------------------------------------------------
                  energy        change          grad        time
 ---------------------------------------------------------------
   0      -130.292188166                    6.60e-01        0.01
   1      -130.884273451     -5.92e-01      3.88e-01        0.01
   2      -130.893057472     -8.78e-03      1.03e-01        0.01
   3      -130.904354711     -1.13e-02      1.05e-02        0.01
   4      -130.904892371     -5.38e-04      5.83e-03        0.01
   5      -130.907240608     -2.35e-03      1.35e-03        0.01
   6      -130.907348390     -1.08e-04      3.93e-04        0.01
   7      -130.907355324     -6.93e-06      1.59e-04        0.01
   8      -130.907356190     -8.66e-07      4.52e-05        0.01
   9      -130.907356207     -1.69e-08      1.63e-05        0.01
  10      -130.907356209     -1.42e-09      4.99e-06        0.01
  11      -130.907356209     -1.68e-10      1.76e-06        0.01

 SCF converged in 10 iterations.

 Entropy contribution (-ST):             0.000000000
 Dipole moment (in Debye):              -2.859694       1.501015       2.349711

 ----------------
  Excitation 0 1 
 ----------------
 Setting up Delta-SCF
 Ground-Excited state overlap:           0.000000000
 No correction applied to the TDM.
 Excitation energy:                      0.094811481
 Excitation energy (in eV):              2.579951819
 Transition dipole:                      0.59047      -3.63279      -2.39543

 -----------------
  Excitation -1 1 
 -----------------
 Setting up Delta-SCF
 Ground-Excited state overlap:           0.000000000
 No correction applied to the TDM.
 Excitation energy:                      0.101904032
 Excitation energy (in eV):              2.772949980
 Transition dipole:                      0.12670       1.36751      -2.24448

 ----------------
  Excitation 0 2 
 ----------------
 Setting up Delta-SCF
 Ground-Excited state overlap:           0.000000000
 No correction applied to the TDM.
 Excitation energy:                      0.149332190
 Excitation energy (in eV):              4.063535901
 Transition dipole:                      0.00052       1.08801      -1.61040

 -----------------
  Excitation -1 2 
 -----------------
 Setting up Delta-SCF
 Ground-Excited state overlap:           0.000000000
 No correction applied to the TDM.
 Excitation energy:                      0.162784496
 Excitation energy (in eV):              4.429591797
 Transition dipole:                     -0.20881       1.45804       1.01700
 TOTAL ENERGY:                        -130.907356209
 Saving results in set 'res'

 --------------------------------------------------------------------------------
                                  command: print                                 
 --------------------------------------------------------------------------------
 res.energy:                          -130.9073562088

 --------------------------------------------------------------------------------
                                  command: print                                 
 --------------------------------------------------------------------------------

 res.dipole:
                      1
 1        -1.1250900796
 2         0.5905448748
 3         0.9244472698

 --------------------------------------------------------------------------------
                                  command: print                                 
 --------------------------------------------------------------------------------

 res.atomic_charges:
                      1
 1         0.3739083687
 2        -0.0585622246
 3        -0.1052957921
 4        -0.0918994341
 5        -0.0754654174
 6        -0.2347879963
 7         0.1311606019
 8        -0.0310260036
 9        -0.0292996732
 10        0.1146180668
 11       -0.0895440386
 12       -0.0574326350
 13       -0.0770430106
 14        0.0120154069
 15       -0.2927759956
 16        0.1409371778
 17       -0.0390524283
 18       -0.1169478886
 19        0.1621799802
 20       -0.0831265211
 21        0.3351433990
 22       -0.4233084665
 23       -0.1290213767
 24       -0.2520896440
 25        0.1464374938
 26       -0.0216308170
 27       -0.0354961354
 28        0.1192949600
 29       -0.0909132006
 30       -0.0530859247
 31       -0.0928293501
 32       -0.3034548771
 33        0.1010594382
 34        0.0040104771
 35       -0.1119380148
 36        0.1478654583
 37       -0.0863950757
 38        0.3461428377
 39       -0.3982393539
 40       -0.1076574748
 41        0.5203713516
 42       -0.4647506562
 43       -0.2905247998
 44        0.1060464702
 45        0.0507581742
 46        0.0537442648
 47        0.0399253841
 48        0.0445138796
 49        0.0460317810
 50        0.0446837524
 51        0.0374130107
 52        0.0349397397
 53        0.0399242938
 54        0.0614554450
 55        0.0256560403
 56        0.0201029770
 57        0.0346429671
 58        0.0358406517
 59        0.0466777346
 60        0.0608357998
 61        0.0591629515
 62        0.0504343446
 63        0.0496721546
 64        0.0359909124
 65        0.0383983679
 66        0.0337236287
 67        0.0308880715
 68        0.0342574420
 69        0.0332401859
 70        0.0298536402
 71        0.0371893370
 72        0.0387543244
 73        0.0640049688
 74        0.0388421032
 75        0.0630902931
 76        0.0595841733
 77        0.0315846216
 78        0.0274572904
 79        0.0491280317

 --------------------------------------------------------------------------------
                                  command: print                                 
 --------------------------------------------------------------------------------
 res.excitation_1_energy:                0.0948114806

 --------------------------------------------------------------------------------
                                  command: print                                 
 --------------------------------------------------------------------------------
 res.excitation_1_transition_dipole : [
  0.5904658809060519,
  -3.63278900825558,
  -2.3954337866434705
]

 --------------------------------------------------------------------------------
                                  command: print                                 
 --------------------------------------------------------------------------------

 res.excitation_1_transition_charges:
                      1
 1        -0.0002237473
 2         0.0306045656
 3        -0.0107644262
 4        -0.0223231030
 5         0.0090935955
 6         0.0121437268
 7         0.0310842160
 8        -0.0001539185
 9        -0.0000185883
 10       -0.0365753888
 11       -0.0042910959
 12        0.0030785471
 13        0.0002110800
 14        0.0005556955
 15       -0.0136146630
 16       -0.0524606725
 17       -0.0878255575
 18       -0.0331085554
 19       -0.0396509025
 20       -0.0011252096
 21       -0.0058173334
 22       -0.0113532081
 23       -0.0003344619
 24       -0.0074281192
 25       -0.0257305881
 26       -0.0004935026
 27        0.0008730070
 28        0.0444642678
 29       -0.0027557494
 30        0.0033974817
 31        0.0004580616
 32        0.0034720386
 33        0.0695266057
 34        0.0570387410
 35        0.0299251922
 36        0.0357752496
 37        0.0016290133
 38        0.0075172948
 39        0.0142278984
 40        0.0001454992
 41        0.0007427338
 42        0.0006356889
 43        0.0001229841
 44        0.0000433599
 45       -0.0000208606
 46       -0.0000812669
 47        0.0013957716
 48        0.0010653972
 49       -0.0010903577
 50       -0.0003700898
 51       -0.0011347433
 52       -0.0008254593
 53        0.0000689537
 54        0.0003385776
 55        0.0000885451
 56        0.0000639818
 57       -0.0000065479
 58       -0.0112150898
 59       -0.0094229240
 60       -0.0008343240
 61        0.0000023185
 62       -0.0009164784
 63       -0.0019442272
 64        0.0051969661
 65       -0.0002528327
 66       -0.0005289458
 67       -0.0003024841
 68        0.0001357290
 69        0.0003499386
 70        0.0000501014
 71        0.0001171731
 72        0.0006236019
 73        0.0054394420
 74        0.0008614775
 75        0.0116487145
 76        0.0007316621
 77        0.0000040339
 78        0.0000270051
 79        0.0000194879

 --------------------------------------------------------------------------------
                                  command: print                                 
 --------------------------------------------------------------------------------
 res.excitation_1_excited_dipole : [
  -1.3398494916925596,
  0.6466489265270354,
  1.1844531206958315
]

 --------------------------------------------------------------------------------
                                  command: print                                 
 --------------------------------------------------------------------------------

 res.excitation_1_excited_atomic_charges:
                      1
 1         0.3753159148
 2        -0.1064539072
 3        -0.1438501004
 4        -0.1302330027
 5        -0.1065301018
 6        -0.3345641680
 7         0.1903598671
 8        -0.0295856436
 9        -0.0280501526
 10        0.1822196641
 11       -0.0835334872
 12       -0.0525576481
 13       -0.0771220470
 14        0.0124627103
 15       -0.2864962111
 16        0.1896843559
 17       -0.0524229095
 18       -0.1428623214
 19        0.2191567934
 20       -0.0807965740
 21        0.3202547987
 22       -0.4394255751
 23       -0.1292250191
 24       -0.3616004625
 25        0.2095482916
 26       -0.0210209138
 27       -0.0337147275
 28        0.1708101852
 29       -0.0844880768
 30       -0.0486827881
 31       -0.0923026686
 32       -0.3030716335
 33        0.1484262881
 34       -0.0128053929
 35       -0.1259605581
 36        0.1795727991
 37       -0.0842694425
 38        0.3355256078
 39       -0.4087643496
 40       -0.1075206688
 41        0.5189684687
 42       -0.4651606063
 43       -0.2906643115
 44        0.1059863063
 45        0.0507644103
 46        0.0545275139
 47        0.0418327343
 48        0.0470313360
 49        0.0483375428
 50        0.0445097528
 51        0.0373375498
 52        0.0355386309
 53        0.0398258774
 54        0.0614671016
 55        0.0260715468
 56        0.0202086539
 57        0.0346050833
 58        0.0381455684
 59        0.0470538479
 60        0.0591185653
 61        0.0591586822
 62        0.0487184083
 63        0.0558964115
 64        0.0448545234
 65        0.0387464555
 66        0.0340360965
 67        0.0315862690
 68        0.0343839062
 69        0.0332089787
 70        0.0298919411
 71        0.0374229907
 72        0.0388337737
 73        0.0637805514
 74        0.0388858168
 75        0.0635512396
 76        0.0580054961
 77        0.0315752043
 78        0.0274269062
 79        0.0491040518

 --------------------------------------------------------------------------------
                                  command: print                                 
 --------------------------------------------------------------------------------
 res.excitation_2_energy:                0.1019040322

 --------------------------------------------------------------------------------
                                  command: print                                 
 --------------------------------------------------------------------------------
 res.excitation_2_transition_dipole : [
  0.12670424095965876,
  1.3675124784672024,
  -2.2444779397804426
]

 --------------------------------------------------------------------------------
                                  command: print                                 
 --------------------------------------------------------------------------------

 res.excitation_2_transition_charges:
                      1
 1         0.0018793623
 2        -0.0891973965
 3        -0.0635909033
 4         0.0633712179
 5         0.0545185385
 6        -0.1113321822
 7        -0.0072969820
 8         0.0002091799
 9        -0.0012807188
 10       -0.0086516813
 11       -0.0009903176
 12       -0.0005576333
 13       -0.0000045226
 14       -0.0000349479
 15        0.0280455300
 16        0.0027037628
 17       -0.0187533721
 18        0.0060515751
 19       -0.0111513622
 20       -0.0002562460
 21        0.0008093213
 22        0.0011432025
 23        0.0003473431
 24        0.1196804476
 25        0.0022812467
 26        0.0014219779
 27        0.0008847901
 28        0.0176170783
 29        0.0002407209
 30        0.0012040209
 31       -0.0000187006
 32       -0.0187479476
 33        0.0078784311
 34        0.0220876099
 35       -0.0027273196
 36        0.0150041014
 37        0.0008013562
 38       -0.0009297129
 39       -0.0027552211
 40       -0.0007175723
 41       -0.0046879738
 42       -0.0025190270
 43       -0.0006092168
 44       -0.0002771193
 45        0.0000429902
 46       -0.0000350601
 47        0.0006585361
 48       -0.0001449394
 49       -0.0003266888
 50       -0.0003722456
 51       -0.0006414169
 52       -0.0002852758
 53       -0.0000585634
 54       -0.0001547974
 55       -0.0000110929
 56       -0.0000119742
 57       -0.0000939923
 58       -0.0011885162
 59       -0.0028655849
 60        0.0001536632
 61        0.0000282199
 62        0.0002168279
 63       -0.0001847556
 64        0.0022399631
 65        0.0000742555
 66        0.0003115939
 67        0.0002515917
 68        0.0000196797
 69        0.0002446975
 70        0.0000270783
 71        0.0000643991
 72        0.0002042917
 73        0.0028724534
 74       -0.0000237834
 75        0.0043208802
 76       -0.0061347178
 77       -0.0000518616
 78       -0.0001099401
 79       -0.0001286520

 --------------------------------------------------------------------------------
                                  command: print                                 
 --------------------------------------------------------------------------------
 res.excitation_3_energy:                0.1493321900

 --------------------------------------------------------------------------------
                                  command: print                                 
 --------------------------------------------------------------------------------
 res.excitation_3_transition_dipole : [
  0.0005225317540642128,
  1.0880147914490184,
  -1.6104035142966047
]

 --------------------------------------------------------------------------------
                                  command: print                                 
 --------------------------------------------------------------------------------

 res.excitation_3_transition_charges:
                      1
 1         0.0003501751
 2         0.0154547056
 3         0.0086458470
 4        -0.0129777856
 5        -0.0095265412
 6        -0.0022843982
 7        -0.0633087127
 8        -0.0003125042
 9        -0.0001860748
 10       -0.0531338613
 11       -0.0036638728
 12       -0.0078203065
 13       -0.0004989622
 14       -0.0061771303
 15       -0.0340637363
 16       -0.0231089203
 17       -0.0017982526
 18       -0.0179980748
 19        0.0834612478
 20       -0.0003174668
 21       -0.0100537572
 22       -0.0147253996
 23       -0.0000016117
 24        0.0024555835
 25        0.0878819702
 26       -0.0010664015
 27       -0.0004780300
 28        0.0605713647
 29        0.0090607553
 30        0.0044767148
 31        0.0006659885
 32        0.0114547979
 33        0.0344946080
 34       -0.0301313518
 35        0.0033272002
 36       -0.0325248286
 37       -0.0000783003
 38       -0.0008654962
 39       -0.0011140168
 40       -0.0002115535
 41        0.0009060656
 42        0.0004152804
 43        0.0001577440
 44        0.0000346892
 45        0.0002250763
 46       -0.0004878932
 47        0.0009871340
 48       -0.0012082836
 49       -0.0010782265
 50       -0.0001968900
 51       -0.0008806206
 52       -0.0005649974
 53       -0.0002564759
 54       -0.0002853994
 55        0.0008148721
 56       -0.0003993217
 57        0.0000719648
 58       -0.0007344308
 59        0.0002534801
 60       -0.0013711041
 61        0.0000182983
 62       -0.0015512251
 63        0.0061031093
 64        0.0048736900
 65        0.0015673354
 66        0.0024786559
 67        0.0020702751
 68        0.0004872050
 69        0.0005013984
 70        0.0001852856
 71        0.0000444038
 72        0.0006101920
 73       -0.0021498212
 74       -0.0004425167
 75       -0.0058547172
 76        0.0007629079
 77        0.0000193775
 78        0.0000264913
 79       -0.0000266195

 --------------------------------------------------------------------------------
                                  command: print                                 
 --------------------------------------------------------------------------------
 res.excitation_4_energy:                0.1627844961

 --------------------------------------------------------------------------------
                                  command: print                                 
 --------------------------------------------------------------------------------
 res.excitation_4_transition_dipole : [
  -0.20881166029328913,
  1.4580381623430148,
  1.0169965598826929
]

 --------------------------------------------------------------------------------
                                  command: print                                 
 --------------------------------------------------------------------------------

 res.excitation_4_transition_charges:
                      1
 1         0.0063325781
 2        -0.0458088591
 3         0.0498386178
 4         0.0334983060
 5        -0.0587457837
 6         0.0193435462
 7         0.0148127506
 8        -0.0012448966
 9         0.0003432257
 10       -0.0122444341
 11       -0.0009130598
 12        0.0014498202
 13       -0.0002116090
 14        0.0003436055
 15        0.0849417407
 16        0.0002564958
 17       -0.0002107087
 18        0.0034338242
 19        0.0231757532
 20        0.0003267855
 21        0.0020928145
 22        0.0016894799
 23        0.0009279711
 24       -0.0450144670
 25       -0.0069513199
 26        0.0007929305
 27       -0.0001515331
 28        0.0247424608
 29       -0.0000752675
 30        0.0016264642
 31       -0.0001218990
 32       -0.0651790315
 33        0.0050676172
 34       -0.0115457337
 35       -0.0001060776
 36       -0.0131086915
 37       -0.0000495106
 38        0.0000026327
 39        0.0000862566
 40        0.0012330690
 41       -0.0056360583
 42       -0.0016618880
 43       -0.0008027779
 44       -0.0003073495
 45        0.0003609311
 46       -0.0001866008
 47        0.0004402172
 48        0.0001287335
 49       -0.0003486453
 50       -0.0003208733
 51       -0.0004024725
 52       -0.0001845497
 53        0.0001152590
 54        0.0001702933
 55       -0.0001559643
 56        0.0000771686
 57        0.0001816030
 58       -0.0000679149
 59        0.0001066932
 60        0.0003024306
 61        0.0002014136
 62        0.0003727431
 63        0.0010559026
 64        0.0020122908
 65       -0.0002898070
 66       -0.0003151715
 67       -0.0002484571
 68        0.0001533386
 69        0.0003443793
 70        0.0000626613
 71        0.0000245675
 72        0.0002332131
 73       -0.0011461234
 74        0.0000336376
 75       -0.0021871152
 76       -0.0065738140
 77       -0.0002150961
 78       -0.0002150811
 79        0.0002124192

 --------------------------------------------------------------------------------

 End time:                               Tue Jul  6 09:38:04 2021
 Total wall-clock time:                  0.526 seconds
==================================================================================
