
================================================================================
          _____________ ________ _______________ ________     _________         
         / ___________// ______ \\_____   _____// ______ \   / ________)        
        / /_________  / /      \ \     | |     / /      \ \ | (_______          
       |  __________|| |        | |    | |    | |        | | \________ \        
        \ \_________ | |        | |    | |     \ \______/ /___________) |       
         \__________||_|        |_|    |_|      \________//____________/        
                                                                                
====================================[ Qcore ]===================================

 Git hash:   4f46786782e696c626e0064ff3d1a47267e124c4
 Git date:   Wed, 30 Jun 2021 10:19:53 +0100
 Compiler:   AppleClang 10.0.1.10010046
 Build type: Release
 Version:    1.4.1

 Start time: Mon Jul  5 14:59:56 2021

 Data directory: /Users/of15641/qcore/cmake-build-release/share/entos/1.4.1/data
 Number of threads: 2
 Number of threads was determined by: number of physical cores

 --------------------------------------------------------------------------------
                                   command: xtb                                  
 --------------------------------------------------------------------------------
 XTB basis setup:                        reference basis
 Number of basis functions:            244
 GFN version:                            chlorophyll
 Integral screening threshold:           1.00e-10
 Total charge:                           0.000000000
 Number of electrons:                  218.000000000
 Electronic temperature (Kelvin):        0.000000000

 D3BJ energy:                           -0.062562636
 Repulsive energy:                       1.518572343

 ****************************************************
  Running robust self-consistent charge (SCC) solver 
 ****************************************************
 Number of SCC trials:                   4
 Using the stop-early mechanism for the first 3 trials

 Conv. threshold (charge):               1.00e-05
 Conv. threshold (energy):               1.00e-06
 Initial guess:                          eeq

 -------------
  SCC Trial 1 
 -------------
 Broyden mixing factor:                  0.400000000
 Max number of iterations:             128

 ---------------------------------------------------------------
                  energy        change          grad        time
 ---------------------------------------------------------------
   0      -130.292182282                    6.60e-01        0.15
   1      -130.884268775     -5.92e-01      3.88e-01        0.15
   2      -130.893052995     -8.78e-03      1.03e-01        0.01
   3      -130.904350332     -1.13e-02      1.05e-02        0.03
   4      -130.904887994     -5.38e-04      5.83e-03        0.01
   5      -130.907235942     -2.35e-03      1.35e-03        0.02
   6      -130.907343731     -1.08e-04      3.93e-04        0.03
   7      -130.907350667     -6.94e-06      1.59e-04        0.01
   8      -130.907351532     -8.66e-07      4.52e-05        0.01
   9      -130.907351549     -1.69e-08      1.63e-05        0.02
  10      -130.907351551     -1.42e-09      4.99e-06        0.01
  11      -130.907351551     -1.68e-10      1.76e-06        0.01

 SCF converged in 10 iterations.

 Entropy contribution (-ST):             0.000000000
 Dipole moment (in Debye):              -2.453602      -2.568414       1.826191

 ----------------
  Excitation 0 1 
 ----------------
 Setting up Delta-SCF
 Ground-Excited state overlap:          -0.000000000
 No correction applied to the TDM.
 Excitation energy:                      0.094811675
 Excitation energy (in eV):              2.579957122
 Transition dipole:                      0.19638       2.01256      -3.89807

 -----------------
  Excitation -1 1 
 -----------------
 Setting up Delta-SCF
 Ground-Excited state overlap:           0.000000000
 No correction applied to the TDM.
 Excitation energy:                      0.101904450
 Excitation energy (in eV):              2.772961362
 Transition dipole:                     -0.21838       2.38252       1.09525

 ----------------
  Excitation 0 2 
 ----------------
 Setting up Delta-SCF
 Ground-Excited state overlap:           0.000000000
 No correction applied to the TDM.
 Excitation energy:                      0.149330866
 Excitation energy (in eV):              4.063499877
 Transition dipole:                     -0.24555       1.70814       0.89384

 -----------------
  Excitation -1 2 
 -----------------
 Setting up Delta-SCF
 Ground-Excited state overlap:           0.000000000
 No correction applied to the TDM.
 Excitation energy:                      0.162784027
 Excitation energy (in eV):              4.429579029
 Transition dipole:                     -0.04233      -0.85797       1.57023
 TOTAL ENERGY:                        -130.907351551
 Saving results in set 'res'

 --------------------------------------------------------------------------------
                                  command: print                                 
 --------------------------------------------------------------------------------
 res.energy:                          -130.9073515510

 --------------------------------------------------------------------------------
                                  command: print                                 
 --------------------------------------------------------------------------------

 res.dipole:
                      1
 1        -0.9653213604
 2        -1.0104917346
 3         0.7184786989

 --------------------------------------------------------------------------------
                                  command: print                                 
 --------------------------------------------------------------------------------

 res.atomic_charges:
                      1
 1         0.3739081868
 2        -0.0585649066
 3        -0.1052945838
 4        -0.0918980374
 5        -0.0754667747
 6        -0.2347868416
 7         0.1311628209
 8        -0.0310263736
 9        -0.0293006094
 10        0.1146169652
 11       -0.0895435306
 12       -0.0574328002
 13       -0.0770443697
 14        0.0120171968
 15       -0.2927745356
 16        0.1409339556
 17       -0.0390508709
 18       -0.1169484506
 19        0.1621789535
 20       -0.0831262679
 21        0.3351422150
 22       -0.4233107721
 23       -0.1290203901
 24       -0.2520912689
 25        0.1464360689
 26       -0.0216308892
 27       -0.0354946696
 28        0.1192986132
 29       -0.0909125465
 30       -0.0530844066
 31       -0.0928298938
 32       -0.3034536384
 33        0.1010562953
 34        0.0040120596
 35       -0.1119379506
 36        0.1478659016
 37       -0.0863953178
 38        0.3461449823
 39       -0.3982345524
 40       -0.1076578181
 41        0.5203703552
 42       -0.4647584723
 43       -0.2905187534
 44        0.1060452631
 45        0.0507570394
 46        0.0537455145
 47        0.0399259208
 48        0.0445134022
 49        0.0460336486
 50        0.0446838013
 51        0.0374124023
 52        0.0349404388
 53        0.0399240888
 54        0.0614546238
 55        0.0256550734
 56        0.0201040155
 57        0.0346421178
 58        0.0358423529
 59        0.0466778412
 60        0.0608352369
 61        0.0591622669
 62        0.0504350042
 63        0.0496708541
 64        0.0359881856
 65        0.0383988497
 66        0.0337232062
 67        0.0308875690
 68        0.0342575036
 69        0.0332386669
 70        0.0298542744
 71        0.0371898568
 72        0.0387530929
 73        0.0640036557
 74        0.0388433632
 75        0.0630895178
 76        0.0595828392
 77        0.0315849080
 78        0.0274574392
 79        0.0491318883

 --------------------------------------------------------------------------------
                                  command: print                                 
 --------------------------------------------------------------------------------
 res.excitation_1_energy:                0.0948116755

 --------------------------------------------------------------------------------
                                  command: print                                 
 --------------------------------------------------------------------------------
 res.excitation_1_transition_dipole : [
  0.19638251587983147,
  2.012556200184142,
  -3.898070768128866
]

 --------------------------------------------------------------------------------
                                  command: print                                 
 --------------------------------------------------------------------------------

 res.excitation_1_transition_charges:
                      1
 1        -0.0002235881
 2         0.0305983072
 3        -0.0107687071
 4        -0.0223173410
 5         0.0090975759
 6         0.0121361144
 7         0.0310834717
 8        -0.0001539196
 9        -0.0000186799
 10       -0.0365773448
 11       -0.0042912798
 12        0.0030784769
 13        0.0002110928
 14        0.0005556661
 15       -0.0136118009
 16       -0.0524620615
 17       -0.0878255146
 18       -0.0331085124
 19       -0.0396520881
 20       -0.0011252011
 21       -0.0058176040
 22       -0.0113535927
 23       -0.0003344492
 24       -0.0074194558
 25       -0.0257299403
 26       -0.0004933890
 27        0.0008730353
 28        0.0444656959
 29       -0.0027556604
 30        0.0033975458
 31        0.0004580501
 32        0.0034699906
 33        0.0695297466
 34        0.0570373767
 35        0.0299262191
 36        0.0357769847
 37        0.0016289393
 38        0.0075173239
 39        0.0142276405
 40        0.0001454412
 41        0.0007423389
 42        0.0006355104
 43        0.0001229305
 44        0.0000433385
 45       -0.0000208550
 46       -0.0000812785
 47        0.0013957959
 48        0.0010654194
 49       -0.0010903890
 50       -0.0003701261
 51       -0.0011348303
 52       -0.0008255082
 53        0.0000689431
 54        0.0003385729
 55        0.0000885353
 56        0.0000639778
 57       -0.0000065560
 58       -0.0112149187
 59       -0.0094232446
 60       -0.0008343818
 61        0.0000023201
 62       -0.0009165103
 63       -0.0019442673
 64        0.0051973729
 65       -0.0002528202
 66       -0.0005289107
 67       -0.0003024529
 68        0.0001357384
 69        0.0003499631
 70        0.0000500999
 71        0.0001171767
 72        0.0006235951
 73        0.0054393587
 74        0.0008613896
 75        0.0116484307
 76        0.0007311766
 77        0.0000040299
 78        0.0000269958
 79        0.0000194749

 --------------------------------------------------------------------------------
                                  command: print                                 
 --------------------------------------------------------------------------------
 res.excitation_1_excited_dipole : [
  -1.1368451818421121,
  -1.2920227507174502,
  0.8091874001016599
]

 --------------------------------------------------------------------------------
                                  command: print                                 
 --------------------------------------------------------------------------------

 res.excitation_1_excited_atomic_charges:
                      1
 1         0.3753147710
 2        -0.1064627145
 3        -0.1438454211
 4        -0.1302337713
 5        -0.1065309999
 6        -0.3345655653
 7         0.1903586604
 8        -0.0295860821
 9        -0.0280510372
 10        0.1822236303
 11       -0.0835326158
 12       -0.0525582379
 13       -0.0771234389
 14        0.0124644055
 15       -0.2865000730
 16        0.1896833078
 17       -0.0524186358
 18       -0.1428623614
 19        0.2191616769
 20       -0.0807963086
 21        0.3202530385
 22       -0.4394281858
 23       -0.1292240224
 24       -0.3616032422
 25        0.2095467985
 26       -0.0210209577
 27       -0.0337130658
 28        0.1708156593
 29       -0.0844873988
 30       -0.0486812176
 31       -0.0923032415
 32       -0.3030732630
 33        0.1484229995
 34       -0.0128028473
 35       -0.1259606376
 36        0.1795749493
 37       -0.0842697161
 38        0.3355278381
 39       -0.4087594853
 40       -0.1075210905
 41        0.5189673074
 42       -0.4651686534
 43       -0.2906582945
 44        0.1059850834
 45        0.0507632954
 46        0.0545286928
 47        0.0418332131
 48        0.0470306891
 49        0.0483394734
 50        0.0445098468
 51        0.0373370432
 52        0.0355394191
 53        0.0398256345
 54        0.0614662332
 55        0.0260705420
 56        0.0202096787
 57        0.0346042355
 58        0.0381474024
 59        0.0470543285
 60        0.0591178863
 61        0.0591579990
 62        0.0487189927
 63        0.0558955140
 64        0.0448526011
 65        0.0387469396
 66        0.0340356889
 67        0.0315857393
 68        0.0343839711
 69        0.0332074696
 70        0.0298925782
 71        0.0374235168
 72        0.0388325457
 73        0.0637794096
 74        0.0388870240
 75        0.0635504763
 76        0.0580039346
 77        0.0315754888
 78        0.0274270486
 79        0.0491079045

 --------------------------------------------------------------------------------
                                  command: print                                 
 --------------------------------------------------------------------------------
 res.excitation_2_energy:                0.1019044505

 --------------------------------------------------------------------------------
                                  command: print                                 
 --------------------------------------------------------------------------------
 res.excitation_2_transition_dipole : [
  -0.218377988394975,
  2.38251520118453,
  1.095249313753039
]

 --------------------------------------------------------------------------------
                                  command: print                                 
 --------------------------------------------------------------------------------

 res.excitation_2_transition_charges:
                      1
 1         0.0018794540
 2        -0.0892004386
 3        -0.0635882569
 4         0.0633701431
 5         0.0545195685
 6        -0.1113329926
 7        -0.0072994099
 8         0.0002092099
 9        -0.0012807181
 10       -0.0086491124
 11       -0.0009899994
 12       -0.0005578949
 13       -0.0000045336
 14       -0.0000349901
 15        0.0280457660
 16        0.0027075304
 17       -0.0187462593
 18        0.0060527288
 19       -0.0111483819
 20       -0.0002561309
 21        0.0008094819
 22        0.0011435800
 23        0.0003473475
 24        0.1196806247
 25        0.0022830112
 26        0.0014219179
 27        0.0008846600
 28        0.0176140961
 29        0.0002409062
 30        0.0012037705
 31       -0.0000187374
 32       -0.0187468997
 33        0.0078736826
 34        0.0220823970
 35       -0.0027285959
 36        0.0150017886
 37        0.0008011667
 38       -0.0009300505
 39       -0.0027558952
 40       -0.0007175747
 41       -0.0046878410
 42       -0.0025190362
 43       -0.0006091779
 44       -0.0002771211
 45        0.0000429902
 46       -0.0000350530
 47        0.0006584190
 48       -0.0001450549
 49       -0.0003266149
 50       -0.0003722211
 51       -0.0006413423
 52       -0.0002852186
 53       -0.0000585763
 54       -0.0001548316
 55       -0.0000110996
 56       -0.0000119787
 57       -0.0000939845
 58       -0.0011875752
 59       -0.0028648600
 60        0.0001536862
 61        0.0000282173
 62        0.0002168692
 63       -0.0001846103
 64        0.0022396890
 65        0.0000742622
 66        0.0003116107
 67        0.0002516109
 68        0.0000196703
 69        0.0002446779
 70        0.0000270728
 71        0.0000643906
 72        0.0002042411
 73        0.0028719332
 74       -0.0000238692
 75        0.0043197532
 76       -0.0061345590
 77       -0.0000518577
 78       -0.0001099397
 79       -0.0001286303

 --------------------------------------------------------------------------------
                                  command: print                                 
 --------------------------------------------------------------------------------
 res.excitation_3_energy:                0.1493308662

 --------------------------------------------------------------------------------
                                  command: print                                 
 --------------------------------------------------------------------------------
 res.excitation_3_transition_dipole : [
  -0.24554786801116005,
  1.7081377891185094,
  0.8938351484509958
]

 --------------------------------------------------------------------------------
                                  command: print                                 
 --------------------------------------------------------------------------------

 res.excitation_3_transition_charges:
                      1
 1         0.0003507623
 2         0.0154505521
 3         0.0086488202
 4        -0.0129747931
 5        -0.0095304451
 6        -0.0022830557
 7        -0.0633041217
 8        -0.0003126611
 9        -0.0001860788
 10       -0.0531319030
 11       -0.0036636929
 12       -0.0078198062
 13       -0.0004990768
 14       -0.0061771807
 15       -0.0340566495
 16       -0.0231077765
 17       -0.0018014386
 18       -0.0179982518
 19        0.0834660965
 20       -0.0003174215
 21       -0.0100544450
 22       -0.0147263006
 23       -0.0000015574
 24        0.0024524490
 25        0.0878817345
 26       -0.0010663914
 27       -0.0004781233
 28        0.0605693604
 29        0.0090607413
 30        0.0044765772
 31        0.0006659146
 32        0.0114482381
 33        0.0344932456
 34       -0.0301306001
 35        0.0033264757
 36       -0.0325243399
 37       -0.0000782853
 38       -0.0008658201
 39       -0.0011144804
 40       -0.0002114946
 41        0.0009055786
 42        0.0004151500
 43        0.0001576677
 44        0.0000346660
 45        0.0002251212
 46       -0.0004878792
 47        0.0009869950
 48       -0.0012082307
 49       -0.0010781400
 50       -0.0001968991
 51       -0.0008806271
 52       -0.0005649463
 53       -0.0002564658
 54       -0.0002852963
 55        0.0008149818
 56       -0.0003993031
 57        0.0000719835
 58       -0.0007347209
 59        0.0002531142
 60       -0.0013712346
 61        0.0000183102
 62       -0.0015513163
 63        0.0061034747
 64        0.0048737574
 65        0.0015673356
 66        0.0024786410
 67        0.0020702583
 68        0.0004872267
 69        0.0005014075
 70        0.0001852824
 71        0.0000443993
 72        0.0006101243
 73       -0.0021497629
 74       -0.0004424843
 75       -0.0058545773
 76        0.0007624071
 77        0.0000193632
 78        0.0000264754
 79       -0.0000266138

 --------------------------------------------------------------------------------
                                  command: print                                 
 --------------------------------------------------------------------------------
 res.excitation_4_energy:                0.1627840268

 --------------------------------------------------------------------------------
                                  command: print                                 
 --------------------------------------------------------------------------------
 res.excitation_4_transition_dipole : [
  -0.04233045936784565,
  -0.8579670916008187,
  1.570231808836285
]

 --------------------------------------------------------------------------------
                                  command: print                                 
 --------------------------------------------------------------------------------

 res.excitation_4_transition_charges:
                      1
 1         0.0063328486
 2        -0.0458076433
 3         0.0498341683
 4         0.0334981912
 5        -0.0587440803
 6         0.0193436171
 7         0.0148170362
 8        -0.0012449545
 9         0.0003432389
 10       -0.0122395969
 11       -0.0009127119
 12        0.0014504348
 13       -0.0002116635
 14        0.0003440905
 15        0.0849451918
 16        0.0002579962
 17       -0.0002112471
 18        0.0034346087
 19        0.0231701714
 20        0.0003267832
 21        0.0020931387
 22        0.0016900156
 23        0.0009279790
 24       -0.0450151756
 25       -0.0069575159
 26        0.0007930028
 27       -0.0001516362
 28        0.0247367214
 29       -0.0000758749
 30        0.0016260535
 31       -0.0001219544
 32       -0.0651781220
 33        0.0050649707
 34       -0.0115429435
 35       -0.0001061185
 36       -0.0131057231
 37       -0.0000494982
 38        0.0000027186
 39        0.0000864027
 40        0.0012330385
 41       -0.0056358687
 42       -0.0016619453
 43       -0.0008027089
 44       -0.0003073719
 45        0.0003609167
 46       -0.0001865206
 47        0.0004400608
 48        0.0001288404
 49       -0.0003485661
 50       -0.0003208437
 51       -0.0004023842
 52       -0.0001844832
 53        0.0001152905
 54        0.0001702832
 55       -0.0001560644
 56        0.0000771972
 57        0.0001815718
 58       -0.0000678885
 59        0.0001065556
 60        0.0003024741
 61        0.0002014215
 62        0.0003728223
 63        0.0010554470
 64        0.0020118927
 65       -0.0002898820
 66       -0.0003153098
 67       -0.0002485977
 68        0.0001533014
 69        0.0003443334
 70        0.0000626410
 71        0.0000245617
 72        0.0002331430
 73       -0.0011459032
 74        0.0000336787
 75       -0.0021865496
 76       -0.0065737919
 77       -0.0002151082
 78       -0.0002150923
 79        0.0002124888

 --------------------------------------------------------------------------------

 End time:                               Mon Jul  5 14:59:58 2021
 Total wall-clock time:                  1.025 seconds
==================================================================================
