
================================================================================
          _____________ ________ _______________ ________     _________         
         / ___________// ______ \\_____   _____// ______ \   / ________)        
        / /_________  / /      \ \     | |     / /      \ \ | (_______          
       |  __________|| |        | |    | |    | |        | | \________ \        
        \ \_________ | |        | |    | |     \ \______/ /___________) |       
         \__________||_|        |_|    |_|      \________//____________/        
                                                                                
====================================[ Qcore ]===================================

 Git hash:   4f46786782e696c626e0064ff3d1a47267e124c4
 Git date:   Wed, 30 Jun 2021 10:19:53 +0100
 Compiler:   AppleClang 10.0.1.10010046
 Build type: Release
 Version:    1.4.1

 Start time: Tue Jul  6 09:38:01 2021

 Data directory: /Users/of15641/qcore/cmake-build-release/share/entos/1.4.1/data
 Number of threads: 2
 Number of threads was determined by: number of physical cores

 --------------------------------------------------------------------------------
                                   command: xtb                                  
 --------------------------------------------------------------------------------
 XTB basis setup:                        reference basis
 Number of basis functions:            244
 GFN version:                            chlorophyll
 Integral screening threshold:           1.00e-10
 Total charge:                           0.000000000
 Number of electrons:                  218.000000000
 Electronic temperature (Kelvin):        0.000000000

 D3BJ energy:                           -0.062562648
 Repulsive energy:                       1.518576045

 ****************************************************
  Running robust self-consistent charge (SCC) solver 
 ****************************************************
 Number of SCC trials:                   4
 Using the stop-early mechanism for the first 3 trials

 Conv. threshold (charge):               1.00e-05
 Conv. threshold (energy):               1.00e-06
 Initial guess:                          eeq

 -------------
  SCC Trial 1 
 -------------
 Broyden mixing factor:                  0.400000000
 Max number of iterations:             128

 ---------------------------------------------------------------
                  energy        change          grad        time
 ---------------------------------------------------------------
   0      -130.292180587                    6.60e-01        0.02
   1      -130.884267666     -5.92e-01      3.88e-01        0.01
   2      -130.893051172     -8.78e-03      1.03e-01        0.01
   3      -130.904348526     -1.13e-02      1.05e-02        0.01
   4      -130.904886459     -5.38e-04      5.83e-03        0.01
   5      -130.907234876     -2.35e-03      1.35e-03        0.01
   6      -130.907342642     -1.08e-04      3.93e-04        0.01
   7      -130.907349580     -6.94e-06      1.59e-04        0.01
   8      -130.907350446     -8.66e-07      4.52e-05        0.01
   9      -130.907350463     -1.69e-08      1.63e-05        0.01
  10      -130.907350464     -1.42e-09      4.99e-06        0.01
  11      -130.907350465     -1.68e-10      1.76e-06        0.02

 SCF converged in 10 iterations.

 Entropy contribution (-ST):             0.000000000
 Dipole moment (in Debye):              -2.830391       2.783026       0.442638

 ----------------
  Excitation 0 1 
 ----------------
 Setting up Delta-SCF
 Ground-Excited state overlap:          -0.000000000
 No correction applied to the TDM.
 Excitation energy:                      0.094812047
 Excitation energy (in eV):              2.579967244
 Transition dipole:                      0.40822      -4.29963       0.79403

 -----------------
  Excitation -1 1 
 -----------------
 Setting up Delta-SCF
 Ground-Excited state overlap:           0.000000000
 No correction applied to the TDM.
 Excitation energy:                      0.101904326
 Excitation energy (in eV):              2.772957985
 Transition dipole:                      0.32297      -0.55299      -2.55217

 ----------------
  Excitation 0 2 
 ----------------
 Setting up Delta-SCF
 Ground-Excited state overlap:           0.000000000
 No correction applied to the TDM.
 Excitation energy:                      0.149332060
 Excitation energy (in eV):              4.063532356
 Transition dipole:                      0.14988      -0.31676      -1.91168

 -----------------
  Excitation -1 2 
 -----------------
 Setting up Delta-SCF
 Ground-Excited state overlap:           0.000000000
 No correction applied to the TDM.
 Excitation energy:                      0.162784677
 Excitation energy (in eV):              4.429596708
 Transition dipole:                     -0.13805       1.76312      -0.27604
 TOTAL ENERGY:                        -130.907350465
 Saving results in set 'res'

 --------------------------------------------------------------------------------
                                  command: print                                 
 --------------------------------------------------------------------------------
 res.energy:                          -130.9073504647

 --------------------------------------------------------------------------------
                                  command: print                                 
 --------------------------------------------------------------------------------

 res.dipole:
                      1
 1        -1.1135616094
 2         1.0949266475
 3         0.1741470480

 --------------------------------------------------------------------------------
                                  command: print                                 
 --------------------------------------------------------------------------------

 res.atomic_charges:
                      1
 1         0.3739080993
 2        -0.0585640310
 3        -0.1052945356
 4        -0.0918954154
 5        -0.0754678830
 6        -0.2347855045
 7         0.1311637646
 8        -0.0310284050
 9        -0.0293019725
 10        0.1146210885
 11       -0.0895449569
 12       -0.0574330450
 13       -0.0770420020
 14        0.0120146431
 15       -0.2927781813
 16        0.1409332911
 17       -0.0390499506
 18       -0.1169502746
 19        0.1621792328
 20       -0.0831253389
 21        0.3351449265
 22       -0.4233039863
 23       -0.1290224628
 24       -0.2520891076
 25        0.1464353845
 26       -0.0216306984
 27       -0.0354957305
 28        0.1192971174
 29       -0.0909140790
 30       -0.0530856801
 31       -0.0928297318
 32       -0.3034542090
 33        0.1010561208
 34        0.0040114736
 35       -0.1119367440
 36        0.1478671113
 37       -0.0863952629
 38        0.3461432235
 39       -0.3982374641
 40       -0.1076555839
 41        0.5203675250
 42       -0.4647643196
 43       -0.2905160373
 44        0.1060469614
 45        0.0507575686
 46        0.0537416105
 47        0.0399265199
 48        0.0445134928
 49        0.0460329032
 50        0.0446850541
 51        0.0374128470
 52        0.0349392811
 53        0.0399248239
 54        0.0614558108
 55        0.0256537041
 56        0.0201044072
 57        0.0346411626
 58        0.0358415550
 59        0.0466787752
 60        0.0608338808
 61        0.0591631074
 62        0.0504329689
 63        0.0496708738
 64        0.0359902823
 65        0.0384001362
 66        0.0337235766
 67        0.0308880450
 68        0.0342583895
 69        0.0332408317
 70        0.0298523983
 71        0.0371894500
 72        0.0387546933
 73        0.0640044219
 74        0.0388432005
 75        0.0630909962
 76        0.0595836420
 77        0.0315833701
 78        0.0274575056
 79        0.0491313442

 --------------------------------------------------------------------------------
                                  command: print                                 
 --------------------------------------------------------------------------------
 res.excitation_1_energy:                0.0948120474

 --------------------------------------------------------------------------------
                                  command: print                                 
 --------------------------------------------------------------------------------
 res.excitation_1_transition_dipole : [
  0.40822294596378583,
  -4.299628468630819,
  0.7940334510020238
]

 --------------------------------------------------------------------------------
                                  command: print                                 
 --------------------------------------------------------------------------------

 res.excitation_1_transition_charges:
                      1
 1        -0.0002236571
 2         0.0306006044
 3        -0.0107672348
 4        -0.0223194454
 5         0.0090963093
 6         0.0121380465
 7         0.0310826793
 8        -0.0001539311
 9        -0.0000186293
 10       -0.0365752811
 11       -0.0042911818
 12        0.0030784449
 13        0.0002110644
 14        0.0005556914
 15       -0.0136130369
 16       -0.0524615457
 17       -0.0878255774
 18       -0.0331085322
 19       -0.0396511936
 20       -0.0011252077
 21       -0.0058171739
 22       -0.0113528893
 23       -0.0003344520
 24       -0.0074226035
 25       -0.0257309631
 26       -0.0004934281
 27        0.0008729929
 28        0.0444654860
 29       -0.0027558228
 30        0.0033974797
 31        0.0004580516
 32        0.0034707290
 33        0.0695288391
 34        0.0570383831
 35        0.0299262881
 36        0.0357753123
 37        0.0016289649
 38        0.0075175711
 39        0.0142282338
 40        0.0001454667
 41        0.0007424813
 42        0.0006355958
 43        0.0001229432
 44        0.0000433425
 45       -0.0000208558
 46       -0.0000812869
 47        0.0013957535
 48        0.0010653529
 49       -0.0010903126
 50       -0.0003700957
 51       -0.0011347692
 52       -0.0008254473
 53        0.0000689416
 54        0.0003385592
 55        0.0000885527
 56        0.0000639794
 57       -0.0000065481
 58       -0.0112155204
 59       -0.0094232504
 60       -0.0008343169
 61        0.0000023196
 62       -0.0009164469
 63       -0.0019444069
 64        0.0051970663
 65       -0.0002528220
 66       -0.0005289327
 67       -0.0003024654
 68        0.0001357365
 69        0.0003499569
 70        0.0000501040
 71        0.0001171696
 72        0.0006236058
 73        0.0054394004
 74        0.0008614500
 75        0.0116484443
 76        0.0007313606
 77        0.0000040306
 78        0.0000269995
 79        0.0000194789

 --------------------------------------------------------------------------------
                                  command: print                                 
 --------------------------------------------------------------------------------
 res.excitation_1_excited_dipole : [
  -1.3338999477301972,
  1.3203909459519352,
  0.30661722804132197
]

 --------------------------------------------------------------------------------
                                  command: print                                 
 --------------------------------------------------------------------------------

 res.excitation_1_excited_atomic_charges:
                      1
 1         0.3753148920
 2        -0.1064613355
 3        -0.1438473742
 4        -0.1302294111
 5        -0.1065332112
 6        -0.3345604374
 7         0.1903606549
 8        -0.0295880605
 9        -0.0280524070
 10        0.1822250761
 11       -0.0835341545
 12       -0.0525582210
 13       -0.0771210469
 14        0.0124619565
 15       -0.2865006130
 16        0.1896822220
 17       -0.0524170076
 18       -0.1428650571
 19        0.2191599709
 20       -0.0807952601
 21        0.3202567410
 22       -0.4394206545
 23       -0.1292261053
 24       -0.3616010197
 25        0.2095478794
 26       -0.0210206785
 27       -0.0337142824
 28        0.1708140835
 29       -0.0844886757
 30       -0.0486825596
 31       -0.0923030764
 32       -0.3030732038
 33        0.1484224602
 34       -0.0128059787
 35       -0.1259600794
 36        0.1795749658
 37       -0.0842697201
 38        0.3355253536
 39       -0.4087631938
 40       -0.1075188593
 41        0.5189644697
 42       -0.4651744613
 43       -0.2906555703
 44        0.1059867891
 45        0.0507638134
 46        0.0545248443
 47        0.0418337127
 48        0.0470308618
 49        0.0483387013
 50        0.0445111019
 51        0.0373374299
 52        0.0355381886
 53        0.0398263923
 54        0.0614674481
 55        0.0260692340
 56        0.0202100747
 57        0.0346032868
 58        0.0381468901
 59        0.0470553606
 60        0.0591166749
 61        0.0591588377
 62        0.0487170952
 63        0.0558956928
 64        0.0448540877
 65        0.0387482219
 66        0.0340360709
 67        0.0315862369
 68        0.0343848659
 69        0.0332096271
 70        0.0298907066
 71        0.0374230919
 72        0.0388341323
 73        0.0637798963
 74        0.0388868660
 75        0.0635515671
 76        0.0580047614
 77        0.0315739521
 78        0.0274271148
 79        0.0491073612

 --------------------------------------------------------------------------------
                                  command: print                                 
 --------------------------------------------------------------------------------
 res.excitation_2_energy:                0.1019043264

 --------------------------------------------------------------------------------
                                  command: print                                 
 --------------------------------------------------------------------------------
 res.excitation_2_transition_dipole : [
  0.32297011000533765,
  -0.552990362892271,
  -2.552169933036226
]

 --------------------------------------------------------------------------------
                                  command: print                                 
 --------------------------------------------------------------------------------

 res.excitation_2_transition_charges:
                      1
 1         0.0018795932
 2        -0.0892008660
 3        -0.0635898084
 4         0.0633692941
 5         0.0545204502
 6        -0.1113296471
 7        -0.0072982363
 8         0.0002092087
 9        -0.0012807110
 10       -0.0086497570
 11       -0.0009901183
 12       -0.0005577810
 13       -0.0000045272
 14       -0.0000349740
 15        0.0280454653
 16        0.0027060962
 17       -0.0187487361
 18        0.0060523071
 19       -0.0111493336
 20       -0.0002561726
 21        0.0008094034
 22        0.0011434109
 23        0.0003473689
 24        0.1196799650
 25        0.0022823512
 26        0.0014218551
 27        0.0008846881
 28        0.0176153915
 29        0.0002408304
 30        0.0012038628
 31       -0.0000187186
 32       -0.0187482049
 33        0.0078754311
 34        0.0220845157
 35       -0.0027280544
 36        0.0150022827
 37        0.0008012340
 38       -0.0009298914
 39       -0.0027556008
 40       -0.0007175947
 41       -0.0046879599
 42       -0.0025190672
 43       -0.0006091593
 44       -0.0002771101
 45        0.0000429929
 46       -0.0000350613
 47        0.0006584602
 48       -0.0001450001
 49       -0.0003266205
 50       -0.0003722099
 51       -0.0006413565
 52       -0.0002852289
 53       -0.0000585679
 54       -0.0001548175
 55       -0.0000110990
 56       -0.0000119772
 57       -0.0000939851
 58       -0.0011879949
 59       -0.0028651292
 60        0.0001536742
 61        0.0000282207
 62        0.0002168399
 63       -0.0001846675
 64        0.0022397400
 65        0.0000742529
 66        0.0003115823
 67        0.0002515857
 68        0.0000196750
 69        0.0002446893
 70        0.0000270774
 71        0.0000643912
 72        0.0002042697
 73        0.0028721544
 74       -0.0000238421
 75        0.0043201182
 76       -0.0061347079
 77       -0.0000518565
 78       -0.0001099420
 79       -0.0001286359

 --------------------------------------------------------------------------------
                                  command: print                                 
 --------------------------------------------------------------------------------
 res.excitation_3_energy:                0.1493320597

 --------------------------------------------------------------------------------
                                  command: print                                 
 --------------------------------------------------------------------------------
 res.excitation_3_transition_dipole : [
  0.14988228979630988,
  -0.3167615914429804,
  -1.9116776582769113
]

 --------------------------------------------------------------------------------
                                  command: print                                 
 --------------------------------------------------------------------------------

 res.excitation_3_transition_charges:
                      1
 1         0.0003506386
 2         0.0154525318
 3         0.0086481484
 4        -0.0129767777
 5        -0.0095292221
 6        -0.0022831493
 7        -0.0633073782
 8        -0.0003126207
 9        -0.0001860577
 10       -0.0531368845
 11       -0.0036642752
 12       -0.0078200760
 13       -0.0004988678
 14       -0.0061769423
 15       -0.0340611340
 16       -0.0231123094
 17       -0.0017962009
 18       -0.0179984500
 19        0.0834632715
 20       -0.0003174467
 21       -0.0100530751
 22       -0.0147245574
 23       -0.0000015806
 24        0.0024535066
 25        0.0878843906
 26       -0.0010664640
 27       -0.0004780623
 28        0.0605723123
 29        0.0090611888
 30        0.0044766105
 31        0.0006659453
 32        0.0114504421
 33        0.0344946380
 34       -0.0301313457
 35        0.0033268731
 36       -0.0325246839
 37       -0.0000783026
 38       -0.0008656644
 39       -0.0011142532
 40       -0.0002115061
 41        0.0009057756
 42        0.0004152167
 43        0.0001576925
 44        0.0000346694
 45        0.0002251087
 46       -0.0004879538
 47        0.0009869948
 48       -0.0012081700
 49       -0.0010782768
 50       -0.0001969252
 51       -0.0008807213
 52       -0.0005650694
 53       -0.0002564473
 54       -0.0002853218
 55        0.0008148223
 56       -0.0003992986
 57        0.0000719731
 58       -0.0007342312
 59        0.0002537031
 60       -0.0013710398
 61        0.0000183049
 62       -0.0015511206
 63        0.0061036831
 64        0.0048736910
 65        0.0015673556
 66        0.0024787111
 67        0.0020702749
 68        0.0004872317
 69        0.0005013990
 70        0.0001852991
 71        0.0000444016
 72        0.0006101528
 73       -0.0021497993
 74       -0.0004425142
 75       -0.0058546150
 76        0.0007626000
 77        0.0000193653
 78        0.0000264785
 79       -0.0000266105

 --------------------------------------------------------------------------------
                                  command: print                                 
 --------------------------------------------------------------------------------
 res.excitation_4_energy:                0.1627846765

 --------------------------------------------------------------------------------
                                  command: print                                 
 --------------------------------------------------------------------------------
 res.excitation_4_transition_dipole : [
  -0.13805353972512113,
  1.763115810532095,
  -0.2760415318822765
]

 --------------------------------------------------------------------------------
                                  command: print                                 
 --------------------------------------------------------------------------------

 res.excitation_4_transition_charges:
                      1
 1         0.0063329948
 2        -0.0458102369
 3         0.0498382246
 4         0.0334999806
 5        -0.0587463283
 6         0.0193410884
 7         0.0148158120
 8        -0.0012449268
 9         0.0003432793
 10       -0.0122423816
 11       -0.0009129509
 12        0.0014502030
 13       -0.0002116385
 14        0.0003438874
 15        0.0849468720
 16        0.0002576147
 17       -0.0002101814
 18        0.0034342716
 19        0.0231718881
 20        0.0003268047
 21        0.0020929059
 22        0.0016896940
 23        0.0009280180
 24       -0.0450138461
 25       -0.0069551467
 26        0.0007929810
 27       -0.0001515204
 28        0.0247398185
 29       -0.0000756664
 30        0.0016262186
 31       -0.0001219256
 32       -0.0651808969
 33        0.0050660604
 34       -0.0115441560
 35       -0.0001061302
 36       -0.0131069835
 37       -0.0000495088
 38        0.0000026690
 39        0.0000863181
 40        0.0012330063
 41       -0.0056361469
 42       -0.0016619454
 43       -0.0008027205
 44       -0.0003073583
 45        0.0003609411
 46       -0.0001865803
 47        0.0004401038
 48        0.0001287845
 49       -0.0003485824
 50       -0.0003208738
 51       -0.0004024608
 52       -0.0001845443
 53        0.0001152700
 54        0.0001702899
 55       -0.0001560082
 56        0.0000771832
 57        0.0001815925
 58       -0.0000678550
 59        0.0001067448
 60        0.0003024390
 61        0.0002014153
 62        0.0003727526
 63        0.0010555976
 64        0.0020120327
 65       -0.0002898295
 66       -0.0003152553
 67       -0.0002485092
 68        0.0001533226
 69        0.0003443486
 70        0.0000626537
 71        0.0000245642
 72        0.0002331751
 73       -0.0011460017
 74        0.0000336672
 75       -0.0021867450
 76       -0.0065738952
 77       -0.0002150921
 78       -0.0002150886
 79        0.0002124281

 --------------------------------------------------------------------------------

 End time:                               Tue Jul  6 09:38:02 2021
 Total wall-clock time:                  0.557 seconds
==================================================================================
