
================================================================================
          _____________ ________ _______________ ________     _________         
         / ___________// ______ \\_____   _____// ______ \   / ________)        
        / /_________  / /      \ \     | |     / /      \ \ | (_______          
       |  __________|| |        | |    | |    | |        | | \________ \        
        \ \_________ | |        | |    | |     \ \______/ /___________) |       
         \__________||_|        |_|    |_|      \________//____________/        
                                                                                
====================================[ Qcore ]===================================

 Git hash:   ad9d0b24ea610736acb9cf13a2604964cd4d942e
 Git date:   Wed, 30 Jun 2021 12:42:56 +0100
 Compiler:   GNU 9.1.0
 Build type: Release
 Version:    1.4.1

 Start time: Wed Jun 30 13:19:40 2021

 Data directory: /home/of15641/.local/src/Qcore/release/share/entos/1.4.1/data
 Number of threads: 2
 Number of threads was determined by: command line argument
  - More threads can be used by running 'qcore -n 28'

 --------------------------------------------------------------------------------
                                   command: xtb                                  
 --------------------------------------------------------------------------------
 XTB basis setup:                        reference basis
 Number of basis functions:            244
 GFN version:                            chlorophyll
 Integral screening threshold:           1.00e-10
 Total charge:                           0.000000000
 Number of electrons:                  218.000000000
 Electronic temperature (Kelvin):        0.000000000

 D3BJ energy:                           -0.062532566
 Repulsive energy:                       1.521556457

 ****************************************************
  Running robust self-consistent charge (SCC) solver 
 ****************************************************
 Number of SCC trials:                   4
 Using the stop-early mechanism for the first 3 trials

 Conv. threshold (charge):               1.00e-05
 Conv. threshold (energy):               1.00e-06
 Initial guess:                          eeq

 -------------
  SCC Trial 1 
 -------------
 Broyden mixing factor:                  0.400000000
 Max number of iterations:             128

 ---------------------------------------------------------------
                  energy        change          grad        time
 ---------------------------------------------------------------
   0      -130.296898665                    6.61e-01        0.02
   1      -130.889096947     -5.92e-01      3.88e-01        0.01
   2      -130.898028038     -8.93e-03      1.03e-01        0.01
   3      -130.909487400     -1.15e-02      1.05e-02        0.01
   4      -130.910039794     -5.52e-04      5.71e-03        0.01
   5      -130.912303965     -2.26e-03      1.38e-03        0.01
   6      -130.912417570     -1.14e-04      4.09e-04        0.01
   7      -130.912425272     -7.70e-06      1.58e-04        0.01
   8      -130.912426063     -7.90e-07      4.48e-05        0.01
   9      -130.912426077     -1.42e-08      1.59e-05        0.01
  10      -130.912426078     -1.31e-09      4.94e-06        0.01
  11      -130.912426078     -1.80e-10      1.72e-06        0.01

 SCF converged in 10 iterations.

 Entropy contribution (-ST):             0.000000000
 Dipole moment (in Debye):              -2.213032      -2.285656      -2.562738

 ----------------
  Excitation 0 1 
 ----------------
 Setting up Delta-SCF
 Ground-Excited state overlap:          -0.000000000
 No correction applied to the TDM.
 Excitation energy:                      0.095287911
 Excitation energy (in eV):              2.592916139
 Transition dipole:                     -0.41371       3.70771       2.29882
 ------------------------------------------------------
           transition charges and positions           
           --------------------------------           
        atom     charge/e     x/bohr        y/bohr        z/bohr
 ------------------------------------------------------
     1  Mg       0.000007     29.793951      2.682277      2.263249
     2  C        0.020019     28.990950      9.070704      0.190447
     3  C       -0.017698     28.755244      0.869161     -3.836900
     4  C       -0.016145     29.641809     -2.989773      4.191337
     5  C        0.014886     28.639688      4.817781      8.385357
     6  N        0.000958     28.998868      4.869087     -1.213280
     7  C        0.030431     28.852452      7.313448     -1.773924
     8  C       -0.000141     28.680884      7.839793     -4.665602
     9  C       -0.000161     27.554796      5.193818     -5.564733
    10  C       -0.036513     28.549604      3.529045     -3.449676
    11  C       -0.004507     24.674003      5.101127     -5.542056
    12  C        0.002933     31.332717      8.354309     -5.873193
    13  C        0.000205     31.278199      9.483893     -8.537121
    14  H        0.000511     33.214639     11.304266     -9.242518
    15  N       -0.010729     30.187014     -0.522982      0.390002
    16  C       -0.050690     29.708006     -0.912171     -2.094554
    17  C       -0.092757     30.290666     -3.601856     -2.579193
    18  C       -0.030519     30.803670     -4.830820     -0.099778
    19  C       -0.040594     30.174769     -2.815956      1.619571
    20  C       -0.001205     30.409114     -4.723881     -5.175261
    21  C       -0.005472     31.696981     -7.417893      0.608416
    22  O       -0.010688     31.596901     -8.235237      2.879791
    23  C       -0.000274     32.548095     -9.052450     -1.480563
    24  N        0.004963     28.816396      1.047589      5.717763
    25  C       -0.024637     29.023037     -1.444450      6.086071
    26  C       -0.000360     28.738596     -2.109501      8.826778
    27  C        0.001001     28.750558      0.508469     10.327259
    28  C        0.047777     28.893138      2.331431      8.042334
    29  C       -0.002824     26.355727     -3.609490      9.523483
    30  C        0.003502     30.723526      0.802775     12.470359
    31  C        0.000487     33.356822      0.869066     11.361903
    32  N        0.001224     29.290131      6.323685      4.082545
    33  C        0.069578     28.787804      6.767903      6.646412
    34  C        0.058065     28.396499      9.511162      6.938243
    35  C        0.028898     28.669186     10.474620      4.502707
    36  C        0.039097     29.148232      8.454937      2.789651
    37  C        0.001622     27.756448     10.776409      9.222733
    38  C        0.007322     28.621149     12.735091      2.941718
    39  O        0.013551     28.477020     15.018882      3.369042
    40  C        0.000078     28.598983     11.890932      0.053385
    41  C        0.000218     30.555341     13.439694     -1.309146
    42  O        0.000377     32.850961     13.171315     -0.840569
    43  O        0.000054     29.463174     14.655979     -3.247608
    44  C        0.000012     31.311874     16.184257     -4.712675
    45  H       -0.000017     28.019801      0.055823     -5.584500
    46  H       -0.000088     29.777057     -4.895279      4.971775
    47  H        0.001383     28.429909      5.640625     10.265181
    48  H        0.001048     27.396909      9.364292     -5.186410
    49  H       -0.001158     28.339391      4.598913     -7.373579
    50  H       -0.000416     23.873175      6.790410     -4.677677
    51  H       -0.001187     24.186132      3.429456     -4.441272
    52  H       -0.000832     23.937463      4.766135     -7.436923
    53  H        0.000063     32.257077      6.557558     -6.273116
    54  H        0.000309     32.471523      9.556647     -4.646534
    55  H        0.000083     29.405953     10.200742     -9.013068
    56  H        0.000061     31.603515      7.964364     -9.889277
    57  H       -0.000016     29.638502     -3.442079     -6.589607
    58  H       -0.011635     29.128843     -6.336951     -5.192552
    59  H       -0.009957     32.311747     -5.341746     -5.667005
    60  H       -0.000777     31.004699     -9.300004     -2.822589
    61  H        0.000005     33.276509    -10.765467     -0.601179
    62  H       -0.000815     34.058118     -8.094717     -2.504492
    63  H       -0.001999     30.313758     -3.265674      9.473991
    64  H        0.005342     26.946417      0.878175     11.250957
    65  H       -0.000243     26.750358     -5.399590     10.464094
    66  H       -0.000498     25.262785     -3.903721      7.803378
    67  H       -0.000286     25.005536     -2.589775     10.697173
    68  H        0.000138     30.642967     -0.811902     13.745131
    69  H        0.000382     30.451973      2.505380     13.597600
    70  H        0.000056     33.813550     -1.126201     11.141542
    71  H        0.000118     34.662944      1.785224     12.666305
    72  H        0.000688     33.360904      1.712904      9.482513
    73  H        0.005841     28.927852     12.469150      9.291840
    74  H        0.000838     28.082880      9.572748     10.861522
    75  H        0.011599     25.756306     11.150461      8.904276
    76  H        0.000090     26.698750     12.248997     -0.653845
    77  H       -0.000001     30.607100     18.119563     -4.746841
    78  H        0.000014     31.562829     15.226034     -6.518969
    79  H        0.000006     33.159705     16.458607     -3.842323
 ------------------------------------------------------


 -----------------
  Excitation -1 1 
 -----------------
 Setting up Delta-SCF
 Ground-Excited state overlap:           0.000000000
 No correction applied to the TDM.
 Excitation energy:                      0.102301606
 Excitation energy (in eV):              2.783768508
 Transition dipole:                      0.04080      -1.43512       2.17422
 ------------------------------------------------------
           transition charges and positions           
           --------------------------------           
        atom     charge/e     x/bohr        y/bohr        z/bohr
 ------------------------------------------------------
     1  Mg       0.001802     29.793951      2.682277      2.263249
     2  C       -0.085890     28.990950      9.070704      0.190447
     3  C       -0.067018     28.755244      0.869161     -3.836900
     4  C        0.067533     29.641809     -2.989773      4.191337
     5  C        0.053814     28.639688      4.817781      8.385357
     6  N       -0.113093     28.998868      4.869087     -1.213280
     7  C       -0.010080     28.852452      7.313448     -1.773924
     8  C        0.000210     28.680884      7.839793     -4.665602
     9  C       -0.001257     27.554796      5.193818     -5.564733
    10  C       -0.005267     28.549604      3.529045     -3.449676
    11  C       -0.000628     24.674003      5.101127     -5.542056
    12  C       -0.000799     31.332717      8.354309     -5.873193
    13  C       -0.000022     31.278199      9.483893     -8.537121
    14  H       -0.000077     33.214639     11.304266     -9.242518
    15  N        0.029364     30.187014     -0.522982      0.390002
    16  C        0.007761     29.708006     -0.912171     -2.094554
    17  C       -0.010911     30.290666     -3.601856     -2.579193
    18  C        0.008364     30.803670     -4.830820     -0.099778
    19  C       -0.007443     30.174769     -2.815956      1.619571
    20  C       -0.000112     30.409114     -4.723881     -5.175261
    21  C        0.001143     31.696981     -7.417893      0.608416
    22  O        0.001899     31.596901     -8.235237      2.879791
    23  C        0.000358     32.548095     -9.052450     -1.480563
    24  N        0.118663     28.816396      1.047589      5.717763
    25  C        0.004889     29.023037     -1.444450      6.086071
    26  C        0.001514     28.738596     -2.109501      8.826778
    27  C        0.000827     28.750558      0.508469     10.327259
    28  C        0.012638     28.893138      2.331431      8.042334
    29  C        0.000574     26.355727     -3.609490      9.523483
    30  C        0.000765     30.723526      0.802775     12.470359
    31  C       -0.000067     33.356822      0.869066     11.361903
    32  N       -0.015937     29.290131      6.323685      4.082545
    33  C       -0.000309     28.787804      6.767903      6.646412
    34  C        0.014845     28.396499      9.511162      6.938243
    35  C       -0.005250     28.669186     10.474620      4.502707
    36  C        0.010893     29.148232      8.454937      2.789651
    37  C        0.000546     27.756448     10.776409      9.222733
    38  C       -0.001518     28.621149     12.735091      2.941718
    39  O       -0.003850     28.477020     15.018882      3.369042
    40  C       -0.000559     28.598983     11.890932      0.053385
    41  C       -0.004150     30.555341     13.439694     -1.309146
    42  O       -0.002229     32.850961     13.171315     -0.840569
    43  O       -0.000509     29.463174     14.655979     -3.247608
    44  C       -0.000241     31.311874     16.184257     -4.712675
    45  H        0.000061     28.019801      0.055823     -5.584500
    46  H       -0.000025     29.777057     -4.895279      4.971775
    47  H        0.000438     28.429909      5.640625     10.265181
    48  H       -0.000245     27.396909      9.364292     -5.186410
    49  H       -0.000227     28.339391      4.598913     -7.373579
    50  H       -0.000340     23.873175      6.790410     -4.677677
    51  H       -0.000558     24.186132      3.429456     -4.441272
    52  H       -0.000207     23.937463      4.766135     -7.436923
    53  H       -0.000066     32.257077      6.557558     -6.273116
    54  H       -0.000171     32.471523      9.556647     -4.646534
    55  H       -0.000019     29.405953     10.200742     -9.013068
    56  H       -0.000018     31.603515      7.964364     -9.889277
    57  H       -0.000092     29.638502     -3.442079     -6.589607
    58  H       -0.000122     29.128843     -6.336951     -5.192552
    59  H       -0.002021     32.311747     -5.341746     -5.667005
    60  H        0.000217     31.004699     -9.300004     -2.822589
    61  H        0.000020     33.276509    -10.765467     -0.601179
    62  H        0.000269     34.058118     -8.094717     -2.504492
    63  H        0.000054     30.313758     -3.265674      9.473991
    64  H        0.001548     26.946417      0.878175     11.250957
    65  H        0.000096     26.750358     -5.399590     10.464094
    66  H        0.000368     25.262785     -3.903721      7.803378
    67  H        0.000281     25.005536     -2.589775     10.697173
    68  H        0.000002     30.642967     -0.811902     13.745131
    69  H        0.000211     30.451973      2.505380     13.597600
    70  H        0.000023     33.813550     -1.126201     11.141542
    71  H        0.000046     34.662944      1.785224     12.666305
    72  H        0.000147     33.360904      1.712904      9.482513
    73  H        0.002205     28.927852     12.469150      9.291840
    74  H       -0.000121     28.082880      9.572748     10.861522
    75  H        0.002725     25.756306     11.150461      8.904276
    76  H       -0.005423     26.698750     12.248997     -0.653845
    77  H       -0.000039     30.607100     18.119563     -4.746841
    78  H       -0.000093     31.562829     15.226034     -6.518969
    79  H       -0.000112     33.159705     16.458607     -3.842323
 ------------------------------------------------------


 ----------------
  Excitation 0 2 
 ----------------
 Setting up Delta-SCF
 Ground-Excited state overlap:           0.000000000
 No correction applied to the TDM.
 Excitation energy:                      0.149820504
 Excitation energy (in eV):              4.076823602
 Transition dipole:                     -0.02922      -1.15471       1.62802
 ------------------------------------------------------
           transition charges and positions           
           --------------------------------           
        atom     charge/e     x/bohr        y/bohr        z/bohr
 ------------------------------------------------------
     1  Mg       0.000997     29.793951      2.682277      2.263249
     2  C        0.010741     28.990950      9.070704      0.190447
     3  C        0.013922     28.755244      0.869161     -3.836900
     4  C       -0.009782     29.641809     -2.989773      4.191337
     5  C       -0.016180     28.639688      4.817781      8.385357
     6  N       -0.000199     28.998868      4.869087     -1.213280
     7  C       -0.061181     28.852452      7.313448     -1.773924
     8  C       -0.000436     28.680884      7.839793     -4.665602
     9  C       -0.000150     27.554796      5.193818     -5.564733
    10  C       -0.057615     28.549604      3.529045     -3.449676
    11  C       -0.004535     24.674003      5.101127     -5.542056
    12  C       -0.007065     31.332717      8.354309     -5.873193
    13  C       -0.000461     31.278199      9.483893     -8.537121
    14  H       -0.005134     33.214639     11.304266     -9.242518
    15  N       -0.026885     30.187014     -0.522982      0.390002
    16  C       -0.024412     29.708006     -0.912171     -2.094554
    17  C        0.000280     30.290666     -3.601856     -2.579193
    18  C       -0.016895     30.803670     -4.830820     -0.099778
    19  C        0.086187     30.174769     -2.815956      1.619571
    20  C       -0.000309     30.409114     -4.723881     -5.175261
    21  C       -0.009223     31.696981     -7.417893      0.608416
    22  O       -0.013764     31.596901     -8.235237      2.879791
    23  C        0.000127     32.548095     -9.052450     -1.480563
    24  N       -0.002226     28.816396      1.047589      5.717763
    25  C        0.086884     29.023037     -1.444450      6.086071
    26  C       -0.001068     28.738596     -2.109501      8.826778
    27  C       -0.000405     28.750558      0.508469     10.327259
    28  C        0.066773     28.893138      2.331431      8.042334
    29  C        0.009573     26.355727     -3.609490      9.523483
    30  C        0.004707     30.723526      0.802775     12.470359
    31  C        0.000692     33.356822      0.869066     11.361903
    32  N        0.004485     29.290131      6.323685      4.082545
    33  C        0.034324     28.787804      6.767903      6.646412
    34  C       -0.032057     28.396499      9.511162      6.938243
    35  C        0.002808     28.669186     10.474620      4.502707
    36  C       -0.034677     29.148232      8.454937      2.789651
    37  C       -0.000077     27.756448     10.776409      9.222733
    38  C       -0.001199     28.621149     12.735091      2.941718
    39  O       -0.001559     28.477020     15.018882      3.369042
    40  C       -0.000105     28.598983     11.890932      0.053385
    41  C        0.000309     30.555341     13.439694     -1.309146
    42  O        0.000261     32.850961     13.171315     -0.840569
    43  O        0.000077     29.463174     14.655979     -3.247608
    44  C        0.000002     31.311874     16.184257     -4.712675
    45  H        0.000229     28.019801      0.055823     -5.584500
    46  H       -0.000529     29.777057     -4.895279      4.971775
    47  H        0.001196     28.429909      5.640625     10.265181
    48  H       -0.001165     27.396909      9.364292     -5.186410
    49  H       -0.001303     28.339391      4.598913     -7.373579
    50  H       -0.000299     23.873175      6.790410     -4.677677
    51  H       -0.001036     24.186132      3.429456     -4.441272
    52  H       -0.000782     23.937463      4.766135     -7.436923
    53  H       -0.000218     32.257077      6.557558     -6.273116
    54  H       -0.000250     32.471523      9.556647     -4.646534
    55  H        0.000640     29.405953     10.200742     -9.013068
    56  H       -0.000337     31.603515      7.964364     -9.889277
    57  H        0.000096     29.638502     -3.442079     -6.589607
    58  H       -0.000534     29.128843     -6.336951     -5.192552
    59  H        0.000501     32.311747     -5.341746     -5.667005
    60  H       -0.001260     31.004699     -9.300004     -2.822589
    61  H        0.000046     33.276509    -10.765467     -0.601179
    62  H       -0.001380     34.058118     -8.094717     -2.504492
    63  H        0.006525     30.313758     -3.265674      9.473991
    64  H        0.005045     26.946417      0.878175     11.250957
    65  H        0.001574     26.750358     -5.399590     10.464094
    66  H        0.002448     25.262785     -3.903721      7.803378
    67  H        0.002108     25.005536     -2.589775     10.697173
    68  H        0.000524     30.642967     -0.811902     13.745131
    69  H        0.000557     30.451973      2.505380     13.597600
    70  H        0.000205     33.813550     -1.126201     11.141542
    71  H        0.000047     34.662944      1.785224     12.666305
    72  H        0.000661     33.360904      1.712904      9.482513
    73  H       -0.002409     28.927852     12.469150      9.291840
    74  H       -0.000427     28.082880      9.572748     10.861522
    75  H       -0.006115     25.756306     11.150461      8.904276
    76  H        0.000095     26.698750     12.248997     -0.653845
    77  H       -0.000003     30.607100     18.119563     -4.746841
    78  H        0.000004     31.562829     15.226034     -6.518969
    79  H       -0.000004     33.159705     16.458607     -3.842323
 ------------------------------------------------------


 -----------------
  Excitation -1 2 
 -----------------
 Setting up Delta-SCF
 Ground-Excited state overlap:           0.000000000
 No correction applied to the TDM.
 Excitation energy:                      0.164101792
 Excitation energy (in eV):              4.465437238
 Transition dipole:                      0.21791      -1.48571      -1.04848
 ------------------------------------------------------
           transition charges and positions           
           --------------------------------           
        atom     charge/e     x/bohr        y/bohr        z/bohr
 ------------------------------------------------------
     1  Mg       0.006411     29.793951      2.682277      2.263249
     2  C       -0.047016     28.990950      9.070704      0.190447
     3  C        0.051729     28.755244      0.869161     -3.836900
     4  C        0.036077     29.641809     -2.989773      4.191337
     5  C       -0.059743     28.639688      4.817781      8.385357
     6  N        0.013805     28.998868      4.869087     -1.213280
     7  C        0.020264     28.852452      7.313448     -1.773924
     8  C       -0.001081     28.680884      7.839793     -4.665602
     9  C        0.000218     27.554796      5.193818     -5.564733
    10  C       -0.008035     28.549604      3.529045     -3.449676
    11  C       -0.000665     24.674003      5.101127     -5.542056
    12  C        0.001953     31.332717      8.354309     -5.873193
    13  C       -0.000159     31.278199      9.483893     -8.537121
    14  H        0.000743     33.214639     11.304266     -9.242518
    15  N        0.093651     30.187014     -0.522982      0.390002
    16  C        0.002809     29.708006     -0.912171     -2.094554
    17  C        0.000270     30.290666     -3.601856     -2.579193
    18  C        0.004842     30.803670     -4.830820     -0.099778
    19  C        0.015469     30.174769     -2.815956      1.619571
    20  C        0.000374     30.409114     -4.723881     -5.175261
    21  C        0.002707     31.696981     -7.417893      0.608416
    22  O        0.002694     31.596901     -8.235237      2.879791
    23  C        0.000965     32.548095     -9.052450     -1.480563
    24  N       -0.044750     28.816396      1.047589      5.717763
    25  C       -0.016425     29.023037     -1.444450      6.086071
    26  C        0.000891     28.738596     -2.109501      8.826778
    27  C       -0.000003     28.750558      0.508469     10.327259
    28  C        0.018444     28.893138      2.331431      8.042334
    29  C       -0.001206     26.355727     -3.609490      9.523483
    30  C        0.001073     30.723526      0.802775     12.470359
    31  C       -0.000188     33.356822      0.869066     11.361903
    32  N       -0.065508     29.290131      6.323685      4.082545
    33  C        0.000908     28.787804      6.767903      6.646412
    34  C       -0.008081     28.396499      9.511162      6.938243
    35  C       -0.000356     28.669186     10.474620      4.502707
    36  C       -0.009221     29.148232      8.454937      2.789651
    37  C       -0.000034     27.756448     10.776409      9.222733
    38  C        0.000160     28.621149     12.735091      2.941718
    39  O        0.000334     28.477020     15.018882      3.369042
    40  C        0.001205     28.598983     11.890932      0.053385
    41  C       -0.005750     30.555341     13.439694     -1.309146
    42  O       -0.001644     32.850961     13.171315     -0.840569
    43  O       -0.000791     29.463174     14.655979     -3.247608
    44  C       -0.000343     31.311874     16.184257     -4.712675
    45  H        0.000281     28.019801      0.055823     -5.584500
    46  H       -0.000126     29.777057     -4.895279      4.971775
    47  H        0.000358     28.429909      5.640625     10.265181
    48  H        0.000246     27.396909      9.364292     -5.186410
    49  H       -0.000234     28.339391      4.598913     -7.373579
    50  H       -0.000335     23.873175      6.790410     -4.677677
    51  H       -0.000384     24.186132      3.429456     -4.441272
    52  H       -0.000185     23.937463      4.766135     -7.436923
    53  H        0.000122     32.257077      6.557558     -6.273116
    54  H        0.000175     32.471523      9.556647     -4.646534
    55  H       -0.000183     29.405953     10.200742     -9.013068
    56  H        0.000103     31.603515      7.964364     -9.889277
    57  H        0.000201     29.638502     -3.442079     -6.589607
    58  H        0.000006     29.128843     -6.336951     -5.192552
    59  H        0.000132     32.311747     -5.341746     -5.667005
    60  H        0.000407     31.004699     -9.300004     -2.822589
    61  H        0.000204     33.276509    -10.765467     -0.601179
    62  H        0.000466     34.058118     -8.094717     -2.504492
    63  H        0.000333     30.313758     -3.265674      9.473991
    64  H        0.001383     26.946417      0.878175     11.250957
    65  H       -0.000445     26.750358     -5.399590     10.464094
    66  H       -0.000596     25.262785     -3.903721      7.803378
    67  H       -0.000485     25.005536     -2.589775     10.697173
    68  H        0.000096     30.642967     -0.811902     13.745131
    69  H        0.000307     30.451973      2.505380     13.597600
    70  H        0.000044     33.813550     -1.126201     11.141542
    71  H        0.000020     34.662944      1.785224     12.666305
    72  H        0.000172     33.360904      1.712904      9.482513
    73  H       -0.000921     28.927852     12.469150      9.291840
    74  H        0.000088     28.082880      9.572748     10.861522
    75  H       -0.001452     25.756306     11.150461      8.904276
    76  H       -0.006594     26.698750     12.248997     -0.653845
    77  H       -0.000186     30.607100     18.119563     -4.746841
    78  H       -0.000167     31.562829     15.226034     -6.518969
    79  H        0.000150     33.159705     16.458607     -3.842323
 ------------------------------------------------------

 TOTAL ENERGY:                        -130.912426078

 --------------------------------------------------------------------------------

 End time:                               Wed Jun 30 13:19:40 2021
 Total wall-clock time:                  0.502 seconds
==================================================================================
