
================================================================================
          _____________ ________ _______________ ________     _________         
         / ___________// ______ \\_____   _____// ______ \   / ________)        
        / /_________  / /      \ \     | |     / /      \ \ | (_______          
       |  __________|| |        | |    | |    | |        | | \________ \        
        \ \_________ | |        | |    | |     \ \______/ /___________) |       
         \__________||_|        |_|    |_|      \________//____________/        
                                                                                
====================================[ Qcore ]===================================

 Git hash:   035eaa6e02832a1eaacaa1f2c2b4151870260895
 Git date:   Fri, 20 Aug 2021 11:46:14 +0100
 Compiler:   GNU 9.1.0
 Build type: Release
 Version:    2.0.0

 Start time: Fri Aug 20 13:47:30 2021

 Data directory: /home/of15641/.local/src/Qcore/release/share/entos/2.0.0/data
 Number of threads: 2
 Number of threads was determined by: command line argument
  - More threads can be used by running 'qcore -n 24'

 --------------------------------------------------------------------------------
                                   command: xtb                                  
 --------------------------------------------------------------------------------
 XTB basis setup:                        reference basis
 Implicit solvation model:               none
 Number of basis functions:            244
 GFN version:                            chlorophyll
 Integral screening threshold:           1.00e-10
 Total charge:                           0.000000000
 Number of electrons:                  218.000000000
 Electronic temperature (Kelvin):        0.000000000

 D3BJ energy:                           -0.062562656
 Repulsive energy:                       1.518574502

 ****************************************************
  Running robust self-consistent charge (SCC) solver 
 ****************************************************
 Number of SCC trials:                   4
 Using the stop-early mechanism for the first 3 trials

 Conv. threshold (charge):               1.00e-05
 Conv. threshold (energy):               1.00e-06
 Initial guess:                          eeq

 -------------
  SCC Trial 1 
 -------------
 Broyden mixing factor:                  0.400000000
 Max number of iterations:             128

 ---------------------------------------------------------------
                  energy        change          grad        time
 ---------------------------------------------------------------
   0      -125.881406447                    6.23e-01        0.01
   1      -126.546249980     -6.65e-01      3.67e-01        0.01
   2      -126.553342697     -7.09e-03      1.27e-01        0.01
   3      -126.591598693     -3.83e-02      1.49e-02        0.01
   4      -126.593959506     -2.36e-03      1.05e-02        0.01
   5      -126.601772280     -7.81e-03      3.00e-03        0.01
   6      -126.602329724     -5.57e-04      9.41e-04        0.01
   7      -126.602379184     -4.95e-05      2.60e-04        0.01
   8      -126.602382005     -2.82e-06      7.48e-05        0.01
   9      -126.602382053     -4.81e-08      3.01e-05        0.01
  10      -126.602382061     -8.57e-09      1.12e-05        0.01
  11      -126.602382063     -1.47e-09      3.93e-06        0.01
  12      -126.602382063     -1.05e-10      1.16e-06        0.01

 SCF converged in 11 iterations.

 Entropy contribution (-ST):             0.000000000
 Dipole moment (in Debye):              -1.833914      -2.916196      -1.618061

 ----------------
  Excitation 0 1 
 ----------------
 Setting up Delta-SCF
 Ground-Excited state overlap:          -0.000000000
 No correction applied to the TDM.
 Excitation energy:                      0.064990597
 Excitation energy (in eV):              1.768484244
 Transition dipole:                     -0.21018       2.78278       0.22027

 -----------------
  Excitation -1 1 
 -----------------
 Setting up Delta-SCF
 Ground-Excited state overlap:           0.000000000
 No correction applied to the TDM.
 Excitation energy:                      0.082077345
 Excitation energy (in eV):              2.233438340
 Transition dipole:                     -0.04030      -0.26825       1.74146

 ----------------
  Excitation 0 2 
 ----------------
 Setting up Delta-SCF
 Ground-Excited state overlap:           0.000000000
 No correction applied to the TDM.
 Excitation energy:                      0.112403783
 Excitation energy (in eV):              3.058662762
 Transition dipole:                     -0.15933      -0.12966       0.57191

 -----------------
  Excitation -1 2 
 -----------------
 Setting up Delta-SCF
 Ground-Excited state overlap:           0.000000000
 No correction applied to the TDM.
 Excitation energy:                      0.131256392
 Excitation energy (in eV):              3.571668385
 Transition dipole:                      0.14738      -0.66111      -0.20726
 TOTAL ENERGY:                        -126.602382063
 Saving results in set 'res'

 --------------------------------------------------------------------------------
                                  command: print                                 
 --------------------------------------------------------------------------------
 res.energy:                          -126.6023820631

 --------------------------------------------------------------------------------
                                  command: print                                 
 --------------------------------------------------------------------------------

 res.dipole:
                      1
 1        -0.7215174537
 2        -1.1473198471
 3        -0.6365940021

 --------------------------------------------------------------------------------
                                  command: print                                 
 --------------------------------------------------------------------------------

 res.atomic_charges:
                      1
 1         0.4471547424
 2        -0.0525440023
 3        -0.1035975171
 4        -0.0950745458
 5        -0.0775614128
 6        -0.2174400854
 7         0.1259168138
 8        -0.0264381443
 9        -0.0162677519
 10        0.1102252100
 11       -0.0941677947
 12       -0.0315485260
 13       -0.0754308889
 14        0.0132065656
 15       -0.2534145495
 16        0.1248603641
 17       -0.0206390259
 18       -0.1162102723
 19        0.1530201580
 20       -0.0939179180
 21        0.3637295624
 22       -0.4688279338
 23       -0.1393722079
 24       -0.2341780046
 25        0.1401786973
 26       -0.0078722379
 27       -0.0306197493
 28        0.1183837260
 29       -0.0934684473
 30       -0.0312728305
 31       -0.0953495742
 32       -0.2676608240
 33        0.0931496549
 34        0.0198569229
 35       -0.1209490113
 36        0.1327366492
 37       -0.0959559676
 38        0.3699907811
 39       -0.4469434350
 40       -0.0936785619
 41        0.5514714796
 42       -0.4939467871
 43       -0.3428734870
 44        0.1150078127
 45        0.0386158351
 46        0.0475098962
 47        0.0268374612
 48        0.0321198569
 49        0.0288844908
 50        0.0429926058
 51        0.0323202362
 52        0.0343928994
 53        0.0268565612
 54        0.0471174917
 55        0.0194626852
 56        0.0151008771
 57        0.0371971971
 58        0.0351612538
 59        0.0470038752
 60        0.0603388607
 61        0.0679765027
 62        0.0462360856
 63        0.0344428635
 64        0.0259596311
 65        0.0371592725
 66        0.0264788893
 67        0.0262292710
 68        0.0259738638
 69        0.0218028475
 70        0.0278748627
 71        0.0391145854
 72        0.0321000265
 73        0.0696815665
 74        0.0451626702
 75        0.0647493903
 76        0.0553868754
 77        0.0445070617
 78        0.0424184184
 79        0.0531655867

 --------------------------------------------------------------------------------
                                  command: print                                 
 --------------------------------------------------------------------------------
 res.excitation_1_energy:                0.0649905972

 --------------------------------------------------------------------------------
                                  command: print                                 
 --------------------------------------------------------------------------------
 res.excitation_1_transition_dipole : [
  -0.2101845525736333,
  2.7827847543305264,
  0.22026980474352303
]

 --------------------------------------------------------------------------------
                                  command: print                                 
 --------------------------------------------------------------------------------

 res.excitation_1_transition_charges:
                      1
 1        -0.0002572902
 2         0.0160192197
 3        -0.0107825849
 4        -0.0119678278
 5         0.0092367488
 6         0.0012848611
 7         0.0187218830
 8        -0.0001587453
 9         0.0000239065
 10       -0.0233677534
 11       -0.0025097725
 12        0.0016155252
 13        0.0001905918
 14        0.0003482290
 15       -0.0056066234
 16       -0.0343676323
 17       -0.0608110988
 18       -0.0212383956
 19       -0.0235703637
 20       -0.0007859410
 21       -0.0052819336
 22       -0.0077415901
 23       -0.0002051305
 24       -0.0003537595
 25       -0.0156547133
 26       -0.0004077768
 27        0.0006383956
 28        0.0292074061
 29       -0.0013210443
 30        0.0014080607
 31        0.0004295485
 32        0.0009964414
 33        0.0455155930
 34        0.0419127058
 35        0.0183304372
 36        0.0236998856
 37        0.0011767002
 38        0.0063689957
 39        0.0093744293
 40        0.0000461641
 41        0.0001019690
 42        0.0002241326
 43        0.0000246711
 44        0.0000032452
 45       -0.0000093504
 46       -0.0001069781
 47        0.0008778990
 48        0.0002728459
 49       -0.0002795622
 50       -0.0003780199
 51       -0.0005480713
 52       -0.0005440870
 53        0.0000840791
 54        0.0002120159
 55       -0.0000175998
 56        0.0000785526
 57       -0.0000199765
 58       -0.0042660638
 59       -0.0041346289
 60       -0.0004372211
 61        0.0000031473
 62       -0.0004564292
 63       -0.0006800511
 64        0.0024347762
 65       -0.0002242844
 66       -0.0002866142
 67       -0.0002746755
 68        0.0000725250
 69        0.0001692467
 70        0.0000030430
 71        0.0000381001
 72        0.0002047744
 73        0.0022826341
 74        0.0004550117
 75        0.0048632529
 76        0.0000963485
 77       -0.0000005369
 78        0.0000053958
 79        0.0000007331

 --------------------------------------------------------------------------------
                                  command: print                                 
 --------------------------------------------------------------------------------
 res.excitation_1_excited_dipole : [
  -1.0170737033918562,
  -1.1098900570797126,
  -0.712691625515145
]

 --------------------------------------------------------------------------------
                                  command: print                                 
 --------------------------------------------------------------------------------

 res.excitation_1_excited_atomic_charges:
                      1
 1         0.4476031289
 2        -0.1194632243
 3        -0.1472224634
 4        -0.1464616670
 5        -0.1111725702
 6        -0.2912757511
 7         0.1877428495
 8        -0.0250859721
 9        -0.0149032680
 10        0.1879117227
 11       -0.0888386580
 12       -0.0282369029
 13       -0.0755619392
 14        0.0132616280
 15       -0.2536586840
 16        0.1770771280
 17       -0.0480065378
 18       -0.1450432479
 19        0.2152366928
 20       -0.0926683587
 21        0.3404637825
 22       -0.4886035373
 23       -0.1397942079
 24       -0.3131350200
 25        0.2044346728
 26       -0.0071917991
 27       -0.0286678300
 28        0.1796674224
 29       -0.0879107009
 30       -0.0282774458
 31       -0.0943492373
 32       -0.2693195634
 33        0.1484892718
 34       -0.0030176039
 35       -0.1335161912
 36        0.1717072575
 37       -0.0947333349
 38        0.3540601573
 39       -0.4603970435
 40       -0.0937744574
 41        0.5503933716
 42       -0.4946147285
 43       -0.3429960582
 44        0.1149443545
 45        0.0386300373
 46        0.0480991728
 47        0.0283080359
 48        0.0339271614
 49        0.0305086062
 50        0.0431310771
 51        0.0326035181
 52        0.0351275246
 53        0.0267750728
 54        0.0472368962
 55        0.0194531154
 56        0.0151606452
 57        0.0371479047
 58        0.0354945371
 59        0.0462625556
 60        0.0585303822
 61        0.0679610743
 62        0.0447377222
 63        0.0389761608
 64        0.0343197207
 65        0.0380383628
 66        0.0271894828
 67        0.0270222884
 68        0.0261057271
 69        0.0218728463
 70        0.0278766236
 71        0.0392461152
 72        0.0322108556
 73        0.0687783682
 74        0.0451860466
 75        0.0648542326
 76        0.0540782035
 77        0.0445027303
 78        0.0423918833
 79        0.0531598766

 --------------------------------------------------------------------------------
                                  command: print                                 
 --------------------------------------------------------------------------------
 res.excitation_2_energy:                0.0820773451

 --------------------------------------------------------------------------------
                                  command: print                                 
 --------------------------------------------------------------------------------
 res.excitation_2_transition_dipole : [
  -0.0402965118850085,
  -0.26825374793199164,
  1.7414553430188222
]

 --------------------------------------------------------------------------------
                                  command: print                                 
 --------------------------------------------------------------------------------

 res.excitation_2_transition_charges:
                      1
 1         0.0017857339
 2        -0.0705870298
 3        -0.0446043648
 4         0.0482852097
 5         0.0387290231
 6        -0.0507325547
 7        -0.0080011924
 8         0.0005033390
 9        -0.0009842021
 10       -0.0043407300
 11       -0.0005495829
 12       -0.0005659769
 13        0.0000269001
 14       -0.0000505923
 15        0.0107650767
 16        0.0087139202
 17       -0.0223762811
 18        0.0188453570
 19       -0.0068314124
 20       -0.0003684480
 21        0.0034542850
 22        0.0055465153
 23        0.0003763147
 24        0.0522034051
 25        0.0042113309
 26        0.0011671420
 27        0.0007705652
 28        0.0113727773
 29        0.0004036883
 30        0.0004808606
 31        0.0000799753
 32       -0.0074289437
 33       -0.0009343384
 34        0.0236557610
 35       -0.0121059903
 36        0.0119341061
 37        0.0008454337
 38       -0.0031311381
 39       -0.0064155753
 40       -0.0006535595
 41       -0.0018797025
 42       -0.0013255773
 43       -0.0002236324
 44       -0.0001342198
 45        0.0000350571
 46       -0.0000315995
 47        0.0003552937
 48       -0.0000885802
 49       -0.0001194130
 50       -0.0003722077
 51       -0.0002899564
 52       -0.0002367156
 53       -0.0000236542
 54       -0.0001069883
 55        0.0000059561
 56       -0.0000185641
 57       -0.0000540868
 58       -0.0007979146
 59       -0.0022941287
 60        0.0004471212
 61        0.0000318879
 62        0.0003196241
 63        0.0000824130
 64        0.0009707615
 65        0.0000900651
 66        0.0001780328
 67        0.0003346609
 68       -0.0000276020
 69        0.0000836275
 70        0.0000020277
 71        0.0000243189
 72        0.0000591949
 73        0.0019930364
 74        0.0000311757
 75        0.0025514752
 76       -0.0029884034
 77       -0.0000170082
 78       -0.0000438420
 79       -0.0000167402

 --------------------------------------------------------------------------------
                                  command: print                                 
 --------------------------------------------------------------------------------
 res.excitation_3_energy:                0.1124037833

 --------------------------------------------------------------------------------
                                  command: print                                 
 --------------------------------------------------------------------------------
 res.excitation_3_transition_dipole : [
  -0.15933189952250162,
  -0.12966438024643737,
  0.5719116590065992
]

 --------------------------------------------------------------------------------
                                  command: print                                 
 --------------------------------------------------------------------------------

 res.excitation_3_transition_charges:
                      1
 1        -0.0001394984
 2        -0.0014299503
 3         0.0003215382
 4        -0.0042734865
 5        -0.0100561737
 6         0.0003898531
 7        -0.0045231044
 8         0.0000223489
 9         0.0001360332
 10        0.0124329493
 11        0.0017817653
 12       -0.0011495384
 13       -0.0001566176
 14       -0.0006963234
 15       -0.0098836345
 16        0.0111547760
 17       -0.0450240512
 18       -0.0150134726
 19        0.0582881631
 20       -0.0002313577
 21       -0.0148711084
 22       -0.0165669990
 23       -0.0002292617
 24        0.0000725956
 25        0.0562662455
 26       -0.0004967719
 27       -0.0000122101
 28        0.0323221039
 29        0.0047592289
 30        0.0013727952
 31        0.0003668387
 32        0.0010683209
 33        0.0104252699
 34       -0.0342092890
 35       -0.0078774113
 36       -0.0047334836
 37       -0.0004649709
 38       -0.0073990114
 39       -0.0084017454
 40        0.0000255016
 41        0.0000432358
 42       -0.0000208663
 43        0.0000059227
 44       -0.0000002833
 45        0.0000942976
 46       -0.0000917718
 47        0.0004376667
 48        0.0001002653
 49        0.0000720555
 50        0.0002963259
 51        0.0003194375
 52        0.0004909420
 53       -0.0000940020
 54       -0.0001832059
 55        0.0000614187
 56       -0.0001174086
 57       -0.0000144241
 58       -0.0027486563
 59       -0.0030797624
 60       -0.0012164291
 61        0.0000251341
 62       -0.0011483655
 63        0.0027247623
 64        0.0021132147
 65        0.0011362791
 66        0.0013618189
 67        0.0011825824
 68        0.0001823410
 69        0.0001540054
 70        0.0000116282
 71        0.0000091370
 72        0.0000805741
 73       -0.0015889733
 74       -0.0003119466
 75       -0.0037314051
 76        0.0000797453
 77       -0.0000014228
 78       -0.0000001068
 79       -0.0000006161

 --------------------------------------------------------------------------------
                                  command: print                                 
 --------------------------------------------------------------------------------
 res.excitation_4_energy:                0.1312563922

 --------------------------------------------------------------------------------
                                  command: print                                 
 --------------------------------------------------------------------------------
 res.excitation_4_transition_dipole : [
  0.14738195070490626,
  -0.6611092698433827,
  -0.2072621046835559
]

 --------------------------------------------------------------------------------
                                  command: print                                 
 --------------------------------------------------------------------------------

 res.excitation_4_transition_charges:
                      1
 1         0.0023644975
 2         0.0061460828
 3         0.0007911464
 4         0.0155844294
 5        -0.0427559953
 6         0.0093958627
 7         0.0019380179
 8        -0.0005460681
 9         0.0005579136
 10        0.0023243022
 11        0.0003039078
 12        0.0004087239
 13       -0.0001004195
 14        0.0001004035
 15        0.0217139055
 16       -0.0031406738
 17       -0.0168223320
 18        0.0130490333
 19        0.0171196410
 20       -0.0001460374
 21        0.0100710856
 22        0.0120315135
 23        0.0008482832
 24       -0.0273754919
 25       -0.0144797509
 26        0.0008273382
 27        0.0004115127
 28        0.0129577694
 29       -0.0008862080
 30        0.0005018013
 31        0.0000546989
 32       -0.0083904028
 33        0.0000170093
 34       -0.0192967375
 35        0.0050514541
 36       -0.0021428796
 37       -0.0003417025
 38        0.0035139314
 39        0.0055827330
 40        0.0000826151
 41       -0.0012619307
 42       -0.0003327167
 43       -0.0001587695
 44       -0.0001172149
 45        0.0001699865
 46       -0.0000282198
 47        0.0001706709
 48       -0.0000136627
 49        0.0000558792
 50        0.0002592682
 51        0.0000747141
 52        0.0002111427
 53        0.0000263903
 54        0.0000904953
 55       -0.0000172608
 56        0.0000290150
 57       -0.0000244035
 58       -0.0005568617
 59       -0.0017188173
 60        0.0013040264
 61        0.0002105208
 62        0.0008372658
 63       -0.0001155547
 64        0.0007737638
 65       -0.0004240840
 66       -0.0002238394
 67       -0.0006767892
 68        0.0000164996
 69        0.0000925788
 70        0.0000009095
 71        0.0000055717
 72        0.0000218823
 73       -0.0013917940
 74       -0.0000094911
 75       -0.0019588399
 76       -0.0025745545
 77       -0.0000509696
 78       -0.0000426417
 79        0.0000229207

 --------------------------------------------------------------------------------

 End time:                               Fri Aug 20 13:47:30 2021
 Total wall-clock time:                  0.450 seconds
==================================================================================
