
================================================================================
          _____________ ________ _______________ ________     _________         
         / ___________// ______ \\_____   _____// ______ \   / ________)        
        / /_________  / /      \ \     | |     / /      \ \ | (_______          
       |  __________|| |        | |    | |    | |        | | \________ \        
        \ \_________ | |        | |    | |     \ \______/ /___________) |       
         \__________||_|        |_|    |_|      \________//____________/        
                                                                                
====================================[ Qcore ]===================================

 Git hash:   ad9d0b24ea610736acb9cf13a2604964cd4d942e
 Git date:   Wed, 30 Jun 2021 12:42:56 +0100
 Compiler:   GNU 9.1.0
 Build type: Release
 Version:    1.4.1

 Start time: Wed Jun 30 13:19:22 2021

 Data directory: /home/of15641/.local/src/Qcore/release/share/entos/1.4.1/data
 Number of threads: 2
 Number of threads was determined by: command line argument
  - More threads can be used by running 'qcore -n 24'

 --------------------------------------------------------------------------------
                                   command: xtb                                  
 --------------------------------------------------------------------------------
 XTB basis setup:                        reference basis
 Number of basis functions:            488
 GFN version:                            chlorophyll
 Integral screening threshold:           1.00e-10
 Total charge:                           0.000000000
 Number of electrons:                  436.000000000
 Electronic temperature (Kelvin):        0.000000000

 D3BJ energy:                           -0.129379816
 Repulsive energy:                       3.043116110

 ****************************************************
  Running robust self-consistent charge (SCC) solver 
 ****************************************************
 Number of SCC trials:                   4
 Using the stop-early mechanism for the first 3 trials

 Conv. threshold (charge):               1.00e-05
 Conv. threshold (energy):               1.00e-06
 Initial guess:                          eeq

 -------------
  SCC Trial 1 
 -------------
 Broyden mixing factor:                  0.400000000
 Max number of iterations:             128

 ---------------------------------------------------------------
                  energy        change          grad        time
 ---------------------------------------------------------------
   0      -260.597857196                    6.61e-01        0.06
   1      -261.784135738     -1.19e+00      3.88e-01        0.05
   2      -261.802507374     -1.84e-02      1.04e-01        0.04
   3      -261.826102355     -2.36e-02      1.04e-02        0.04
   4      -261.827342389     -1.24e-03      5.37e-03        0.04
   5      -261.831123910     -3.78e-03      1.46e-03        0.05
   6      -261.831386729     -2.63e-04      4.53e-04        0.04
   7      -261.831407338     -2.06e-05      1.68e-04        0.05
   8      -261.831409326     -1.99e-06      5.85e-05        0.04
   9      -261.831409486     -1.60e-07      3.11e-05        0.04
  10      -261.831409570     -8.34e-08      9.54e-06        0.04
  11      -261.831409573     -3.47e-09      3.03e-06        0.04

 SCF converged in 10 iterations.

 Entropy contribution (-ST):             0.000000000
 Dipole moment (in Debye):              -5.412316       1.118956      -2.262414

 ----------------
  Excitation 0 1 
 ----------------
 Setting up Delta-SCF
 Ground-Excited state overlap:           0.000000000
 No correction applied to the TDM.
 Excitation energy:                      0.054946865
 Excitation energy (in eV):              1.495180353
 Transition dipole:                     -0.00219      -0.03141       0.01931
 ------------------------------------------------------
           transition charges and positions           
           --------------------------------           
        atom     charge/e     x/bohr        y/bohr        z/bohr
 ------------------------------------------------------
     1  Mg       0.000044      0.000000      0.000000      0.000000
     2  C        0.000818     -0.410071     -4.191413      5.293123
     3  C        0.000452     -2.371606      4.614711      3.828585
     4  C       -0.000623     -0.462983      3.495993     -4.845258
     5  C       -0.000315      0.275900     -5.336587     -3.849372
     6  N        0.001232     -1.165961     -0.017008      4.017558
     7  C        0.000227     -1.122497     -1.715871      5.867600
     8  C        0.000001     -1.768784     -0.583925      8.507547
     9  C        0.000003     -3.350484      1.821696      7.619376
    10  C       -0.000239     -2.182634      2.207200      5.026671
    11  C       -0.000015     -6.166176      1.294462      7.300012
    12  C        0.000028      0.651956      0.207870     10.013659
    13  C        0.000003      0.234326      0.750221     12.825571
    14  H        0.000004      2.207200      0.062361     14.613252
    15  N       -0.000348     -0.349599      3.705753     -0.287238
    16  C       -0.000284     -1.328477      5.291233      1.468317
    17  C       -0.000567     -1.171630      7.853702      0.364717
    18  C       -0.000213     -0.353379      7.587250     -2.314915
    19  C       -0.000279     -0.404401      4.881163     -2.607822
    20  C       -0.000008     -1.676187     10.215859      1.840593
    21  C       -0.000053      0.342040      9.473197     -4.302906
    22  O       -0.000043      0.572587      8.862816     -6.629159
    23  C        0.000000      0.585815     12.120703     -3.471427
    24  N       -0.001265     -0.500777     -0.780457     -3.834254
    25  C       -0.000134     -0.527234      1.075254     -5.550126
    26  C       -0.000018     -0.370386      0.045353     -8.186294
    27  C       -0.000001      0.234326     -2.896950     -7.899055
    28  C        0.000280      0.162516     -3.084033     -4.979428
    29  C       -0.000020     -2.741993      0.387394     -9.820907
    30  C        0.000018      2.594594     -3.911733     -9.303122
    31  C       -0.000022      4.962421     -2.815692     -8.137161
    32  N        0.000226      0.283459     -4.051573      0.572587
    33  C        0.000344      0.326923     -5.926181     -1.300132
    34  C        0.000356      0.326923     -8.386605      0.007559
    35  C        0.000145      0.251334     -7.768664      2.566248
    36  C        0.000271      0.156847     -5.092812      2.838369
    37  C        0.000012      0.281569    -10.799785     -1.177299
    38  C        0.000042      0.181414     -8.747542      5.132496
    39  O        0.000070      0.393063    -10.860256      6.086808
    40  C        0.000005     -0.481880     -6.477981      6.993876
    41  C        0.000034      1.354934     -6.580026      9.161392
    42  O        0.000019      3.649061     -6.151059      8.823131
    43  O        0.000003      0.071810     -6.719866     11.344026
    44  C        0.000002      1.782012     -6.770889     13.573903
    45  H       -0.000001     -3.513001      6.084918      4.718646
    46  H       -0.000000     -0.411960      4.635498     -6.564909
    47  H        0.000005      0.521564     -7.080804     -4.922737
    48  H        0.000005     -2.936634     -1.793350      9.698074
    49  H       -0.000007     -2.995216      3.460089      8.815572
    50  H       -0.000002     -6.583806     -0.712427      7.500323
    51  H       -0.000001     -6.634828      1.940749      5.400837
    52  H       -0.000003     -7.279225      2.458534      8.585026
    53  H        0.000003      1.264227      2.071140      9.384380
    54  H        0.000005      2.135391     -1.207535      9.805789
    55  H        0.000001     -1.594929      0.049133     13.464299
    56  H        0.000001      0.117163      2.791125     13.078795
    57  H        0.000000     -2.539792      9.800120      3.662289
    58  H       -0.000072     -3.119938     11.268437      0.816362
    59  H       -0.000069      0.013228     11.376151      2.048463
    60  H       -0.000005     -1.199976     12.744313     -2.655065
    61  H        0.000000      1.256668     13.171391     -5.109819
    62  H       -0.000001      1.980433     12.218969     -1.957756
    63  H       -0.000013      1.148953      0.946753     -9.242650
    64  H        0.000019     -1.307690     -4.074250     -8.592585
    65  H       -0.000002     -2.394283      1.398397    -11.582131
    66  H       -0.000006     -4.164956      1.349264     -8.685181
    67  H       -0.000003     -3.717091     -1.360603    -10.304677
    68  H        0.000003      2.562469     -3.324028    -11.275996
    69  H        0.000003      2.743882     -5.965865     -9.263437
    70  H       -0.000001      5.128717     -0.986437     -9.066906
    71  H       -0.000005      6.589475     -4.008109     -8.558570
    72  H       -0.000010      4.714867     -2.462313     -6.122713
    73  H        0.000033      1.638393    -11.967636     -0.158737
    74  H        0.000008      0.763449    -10.661835     -3.174740
    75  H        0.000081     -1.683746    -11.336467     -0.874943
    76  H        0.000044     -2.424519     -6.767109      7.611817
    77  H        0.000000      1.319029     -8.462194     14.654826
    78  H        0.000001      1.574142     -4.949193     14.513097
    79  H        0.000001      3.779452     -7.094032     13.182729
    80  Mg       0.000019     14.896976      1.341139      1.131625
    81  C       -0.000040     13.876259      8.012080      1.589959
    82  C        0.000013     13.663155      1.869808     -5.175223
    83  C        0.000021     14.942367     -4.643832      0.830270
    84  C       -0.000013     13.933839      1.028408      7.639123
    85  N        0.000004     13.921083      4.626749     -1.266910
    86  C       -0.000039     13.700174      7.099040     -0.880121
    87  C       -0.000003     13.405755      8.648029     -3.366528
    88  C       -0.000005     12.303440      6.482800     -5.148181
    89  C       -0.000002     13.414996      4.190883     -3.826771
    90  C        0.000028      9.428354      6.289235     -5.081115
    91  C       -0.000012     15.997231      9.662378     -4.371844
    92  C       -0.000000     15.815458     11.691811     -6.427015
    93  H       -0.000002     17.683320     13.709472     -6.463336
    94  N       -0.000010     15.286826     -0.932315     -1.803800
    95  C        0.000102     14.720834     -0.394443     -4.241887
    96  C        0.000086     15.342535     -2.694315     -5.702324
    97  C        0.000035     15.977370     -4.732271     -3.868024
    98  C        0.000001     15.371769     -3.516024     -1.508946
    99  C        0.000001     15.384978     -2.775535     -8.531490
   100  C        0.000006     16.953224     -7.365831     -4.191318
   101  O        0.000014     16.958629     -8.965843     -2.381036
   102  C        0.000001     17.758323     -8.084910     -6.759361
   103  N       -0.000006     14.089155     -1.484437      3.763144
   104  C        0.000050     14.363827     -3.928060      3.178425
   105  C        0.000002     14.199856     -5.565924      5.486064
   106  C        0.000000     14.212989     -3.686704      7.846918
   107  C       -0.000098     14.227710     -1.146100      6.394531
   108  C        0.000000     11.878743     -7.298141      5.645160
   109  C       -0.000003     16.260337     -4.135458      9.891186
   110  C        0.000000     18.846843     -3.574663      8.812813
   111  N       -0.000014     14.384917      4.035812      4.181208
   112  C       -0.000082     13.972427      3.486091      6.740672
   113  C       -0.000089     13.533293      5.913369      8.036495
   114  C       -0.000037     13.690820      7.715563      6.122921
   115  C       -0.000081     14.147057      6.487335      3.772063
   116  C       -0.000003     12.954621      6.224569     10.643731
   117  C       -0.000009     13.533595     10.389166      5.509893
   118  O       -0.000017     13.356584     12.348189      6.754883
   119  C       -0.000000     13.418265     10.668940      2.515906
   120  C       -0.000001     15.286524     12.677209      1.768330
   121  O       -0.000001     17.603800     12.334148      2.040375
   122  O       -0.000000     14.094258     14.484070      0.447884
   123  C       -0.000000     15.851476     16.507419     -0.399488
   124  H       -0.000000     12.878597      1.733181     -7.078461
   125  H       -0.000000     15.148914     -6.696963      0.847089
   126  H       -0.000002     13.778995      1.092602      9.695013
   127  H       -0.000004     12.069889     10.212023     -3.251028
   128  H       -0.000007     13.030342      6.623944     -7.069938
   129  H        0.000009      8.625050      7.512285     -3.631638
   130  H        0.000012      9.019701      4.313791     -4.662975
   131  H       -0.000013      8.626656      6.651212     -6.944290
   132  H       -0.000000     16.944192      8.172517     -5.433095
   133  H       -0.000001     17.156200     10.366263     -2.819906
   134  H       -0.000001     13.911143     12.468772     -6.551964
   135  H       -0.000000     16.121216     10.789883     -8.253549
   136  H       -0.000000     14.532750     -1.089956     -9.349892
   137  H        0.000008     14.140273     -4.311656     -9.108064
   138  H        0.000008     17.280166     -3.102779     -9.269579
   139  H        0.000001     16.169990     -7.873260     -8.054296
   140  H        0.000000     18.557092     -9.975297     -6.596032
   141  H        0.000001     19.206572     -6.765843     -7.398467
   142  H        0.000005     15.823527     -6.824349      5.615964
   143  H       -0.000009     12.438253     -3.745834      8.891747
   144  H       -0.000001     12.348113     -9.294183      5.846170
   145  H       -0.000001     10.726860     -6.974979      3.969256
   146  H        0.000003     10.553081     -6.829980      7.149760
   147  H       -0.000000     16.264079     -6.108067     10.480629
   148  H       -0.000000     15.995662     -2.978700     11.574988
   149  H       -0.000000     19.337870     -5.331220      7.857973
   150  H       -0.000000     20.182181     -3.159528     10.326503
   151  H       -0.000000     18.760086     -2.097861      7.379040
   152  H       -0.000009     14.090856      7.811825     11.300902
   153  H       -0.000001     13.370077      4.513573     11.711842
   154  H       -0.000019     10.936034      6.620618     10.541932
   155  H       -0.000000     11.484829     11.196892      2.044325
   156  H        0.000000     15.104108     18.293550      0.303679
   157  H       -0.000000     16.053242     16.291764     -2.438276
   158  H       -0.000000     17.725121     16.505000      0.458769
 ------------------------------------------------------


 -----------------
  Excitation -1 1 
 -----------------
 Setting up Delta-SCF
 Ground-Excited state overlap:          -0.000000000
 No correction applied to the TDM.
 Excitation energy:                      0.095877662
 Excitation energy (in eV):              2.608964085
 Transition dipole:                     -0.47041       4.35188      -0.21882
 ------------------------------------------------------
           transition charges and positions           
           --------------------------------           
        atom     charge/e     x/bohr        y/bohr        z/bohr
 ------------------------------------------------------
     1  Mg      -0.000011      0.000000      0.000000      0.000000
     2  C       -0.019961     -0.410071     -4.191413      5.293123
     3  C        0.018007     -2.371606      4.614711      3.828585
     4  C        0.015835     -0.462983      3.495993     -4.845258
     5  C       -0.014747      0.275900     -5.336587     -3.849372
     6  N       -0.000798     -1.165961     -0.017008      4.017558
     7  C       -0.030386     -1.122497     -1.715871      5.867600
     8  C        0.000141     -1.768784     -0.583925      8.507547
     9  C        0.000169     -3.350484      1.821696      7.619376
    10  C        0.036557     -2.182634      2.207200      5.026671
    11  C        0.004515     -6.166176      1.294462      7.300012
    12  C       -0.002930      0.651956      0.207870     10.013659
    13  C       -0.000205      0.234326      0.750221     12.825571
    14  H       -0.000510      2.207200      0.062361     14.613252
    15  N        0.010649     -0.349599      3.705753     -0.287238
    16  C        0.050601     -1.328477      5.291233      1.468317
    17  C        0.093185     -1.171630      7.853702      0.364717
    18  C        0.030164     -0.353379      7.587250     -2.314915
    19  C        0.040553     -0.404401      4.881163     -2.607822
    20  C        0.001251     -1.676187     10.215859      1.840593
    21  C        0.005485      0.342040      9.473197     -4.302906
    22  O        0.010608      0.572587      8.862816     -6.629159
    23  C        0.000274      0.585815     12.120703     -3.471427
    24  N       -0.005072     -0.500777     -0.780457     -3.834254
    25  C        0.024440     -0.527234      1.075254     -5.550126
    26  C        0.000348     -0.370386      0.045353     -8.186294
    27  C       -0.000992      0.234326     -2.896950     -7.899055
    28  C       -0.047917      0.162516     -3.084033     -4.979428
    29  C        0.002804     -2.741993      0.387394     -9.820907
    30  C       -0.003505      2.594594     -3.911733     -9.303122
    31  C       -0.000490      4.962421     -2.815692     -8.137161
    32  N       -0.001262      0.283459     -4.051573      0.572587
    33  C       -0.069750      0.326923     -5.926181     -1.300132
    34  C       -0.058001      0.326923     -8.386605      0.007559
    35  C       -0.028745      0.251334     -7.768664      2.566248
    36  C       -0.039123      0.156847     -5.092812      2.838369
    37  C       -0.001652      0.281569    -10.799785     -1.177299
    38  C       -0.007279      0.181414     -8.747542      5.132496
    39  O       -0.013483      0.393063    -10.860256      6.086808
    40  C       -0.000077     -0.481880     -6.477981      6.993876
    41  C       -0.000218      1.354934     -6.580026      9.161392
    42  O       -0.000374      3.649061     -6.151059      8.823131
    43  O       -0.000054      0.071810     -6.719866     11.344026
    44  C       -0.000012      1.782012     -6.770889     13.573903
    45  H        0.000017     -3.513001      6.084918      4.718646
    46  H        0.000087     -0.411960      4.635498     -6.564909
    47  H       -0.001385      0.521564     -7.080804     -4.922737
    48  H       -0.001047     -2.936634     -1.793350      9.698074
    49  H        0.001162     -2.995216      3.460089      8.815572
    50  H        0.000416     -6.583806     -0.712427      7.500323
    51  H        0.001184     -6.634828      1.940749      5.400837
    52  H        0.000831     -7.279225      2.458534      8.585026
    53  H       -0.000063      1.264227      2.071140      9.384380
    54  H       -0.000310      2.135391     -1.207535      9.805789
    55  H       -0.000083     -1.594929      0.049133     13.464299
    56  H       -0.000061      0.117163      2.791125     13.078795
    57  H        0.000016     -2.539792      9.800120      3.662289
    58  H        0.011735     -3.119938     11.268437      0.816362
    59  H        0.010051      0.013228     11.376151      2.048463
    60  H        0.000779     -1.199976     12.744313     -2.655065
    61  H       -0.000005      1.256668     13.171391     -5.109819
    62  H        0.000815      1.980433     12.218969     -1.957756
    63  H        0.001973      1.148953      0.946753     -9.242650
    64  H       -0.005334     -1.307690     -4.074250     -8.592585
    65  H        0.000243     -2.394283      1.398397    -11.582131
    66  H        0.000495     -4.164956      1.349264     -8.685181
    67  H        0.000282     -3.717091     -1.360603    -10.304677
    68  H       -0.000141      2.562469     -3.324028    -11.275996
    69  H       -0.000386      2.743882     -5.965865     -9.263437
    70  H       -0.000057      5.128717     -0.986437     -9.066906
    71  H       -0.000116      6.589475     -4.008109     -8.558570
    72  H       -0.000703      4.714867     -2.462313     -6.122713
    73  H       -0.005858      1.638393    -11.967636     -0.158737
    74  H       -0.000840      0.763449    -10.661835     -3.174740
    75  H       -0.011634     -1.683746    -11.336467     -0.874943
    76  H       -0.000088     -2.424519     -6.767109      7.611817
    77  H        0.000001      1.319029     -8.462194     14.654826
    78  H       -0.000014      1.574142     -4.949193     14.513097
    79  H       -0.000006      3.779452     -7.094032     13.182729
    80  Mg       0.000001     14.896976      1.341139      1.131625
    81  C        0.000002     13.876259      8.012080      1.589959
    82  C        0.000001     13.663155      1.869808     -5.175223
    83  C       -0.000001     14.942367     -4.643832      0.830270
    84  C       -0.000001     13.933839      1.028408      7.639123
    85  N        0.000004     13.921083      4.626749     -1.266910
    86  C       -0.000000     13.700174      7.099040     -0.880121
    87  C        0.000000     13.405755      8.648029     -3.366528
    88  C        0.000000     12.303440      6.482800     -5.148181
    89  C       -0.000000     13.414996      4.190883     -3.826771
    90  C        0.000002      9.428354      6.289235     -5.081115
    91  C       -0.000000     15.997231      9.662378     -4.371844
    92  C       -0.000000     15.815458     11.691811     -6.427015
    93  H       -0.000000     17.683320     13.709472     -6.463336
    94  N        0.000001     15.286826     -0.932315     -1.803800
    95  C        0.000001     14.720834     -0.394443     -4.241887
    96  C        0.000001     15.342535     -2.694315     -5.702324
    97  C        0.000000     15.977370     -4.732271     -3.868024
    98  C        0.000000     15.371769     -3.516024     -1.508946
    99  C        0.000000     15.384978     -2.775535     -8.531490
   100  C        0.000000     16.953224     -7.365831     -4.191318
   101  O        0.000000     16.958629     -8.965843     -2.381036
   102  C        0.000000     17.758323     -8.084910     -6.759361
   103  N       -0.000001     14.089155     -1.484437      3.763144
   104  C        0.000000     14.363827     -3.928060      3.178425
   105  C       -0.000000     14.199856     -5.565924      5.486064
   106  C        0.000000     14.212989     -3.686704      7.846918
   107  C       -0.000001     14.227710     -1.146100      6.394531
   108  C        0.000000     11.878743     -7.298141      5.645160
   109  C       -0.000000     16.260337     -4.135458      9.891186
   110  C        0.000000     18.846843     -3.574663      8.812813
   111  N        0.000002     14.384917      4.035812      4.181208
   112  C       -0.000001     13.972427      3.486091      6.740672
   113  C       -0.000001     13.533293      5.913369      8.036495
   114  C       -0.000000     13.690820      7.715563      6.122921
   115  C       -0.000001     14.147057      6.487335      3.772063
   116  C       -0.000000     12.954621      6.224569     10.643731
   117  C       -0.000000     13.533595     10.389166      5.509893
   118  O       -0.000000     13.356584     12.348189      6.754883
   119  C        0.000000     13.418265     10.668940      2.515906
   120  C        0.000000     15.286524     12.677209      1.768330
   121  O        0.000000     17.603800     12.334148      2.040375
   122  O        0.000000     14.094258     14.484070      0.447884
   123  C        0.000000     15.851476     16.507419     -0.399488
   124  H        0.000000     12.878597      1.733181     -7.078461
   125  H       -0.000000     15.148914     -6.696963      0.847089
   126  H       -0.000000     13.778995      1.092602      9.695013
   127  H       -0.000000     12.069889     10.212023     -3.251028
   128  H        0.000000     13.030342      6.623944     -7.069938
   129  H        0.000001      8.625050      7.512285     -3.631638
   130  H        0.000001      9.019701      4.313791     -4.662975
   131  H        0.000000      8.626656      6.651212     -6.944290
   132  H        0.000000     16.944192      8.172517     -5.433095
   133  H        0.000000     17.156200     10.366263     -2.819906
   134  H       -0.000000     13.911143     12.468772     -6.551964
   135  H       -0.000000     16.121216     10.789883     -8.253549
   136  H       -0.000000     14.532750     -1.089956     -9.349892
   137  H        0.000000     14.140273     -4.311656     -9.108064
   138  H        0.000000     17.280166     -3.102779     -9.269579
   139  H        0.000000     16.169990     -7.873260     -8.054296
   140  H        0.000000     18.557092     -9.975297     -6.596032
   141  H        0.000000     19.206572     -6.765843     -7.398467
   142  H        0.000000     15.823527     -6.824349      5.615964
   143  H       -0.000000     12.438253     -3.745834      8.891747
   144  H        0.000000     12.348113     -9.294183      5.846170
   145  H        0.000000     10.726860     -6.974979      3.969256
   146  H        0.000000     10.553081     -6.829980      7.149760
   147  H       -0.000000     16.264079     -6.108067     10.480629
   148  H       -0.000000     15.995662     -2.978700     11.574988
   149  H       -0.000000     19.337870     -5.331220      7.857973
   150  H       -0.000000     20.182181     -3.159528     10.326503
   151  H       -0.000000     18.760086     -2.097861      7.379040
   152  H       -0.000000     14.090856      7.811825     11.300902
   153  H       -0.000000     13.370077      4.513573     11.711842
   154  H       -0.000000     10.936034      6.620618     10.541932
   155  H        0.000000     11.484829     11.196892      2.044325
   156  H        0.000000     15.104108     18.293550      0.303679
   157  H        0.000000     16.053242     16.291764     -2.438276
   158  H        0.000000     17.725121     16.505000      0.458769
 ------------------------------------------------------


 ----------------
  Excitation 0 2 
 ----------------
 Setting up Delta-SCF
 Ground-Excited state overlap:          -0.000000000
 No correction applied to the TDM.
 Excitation energy:                      0.095673859
 Excitation energy (in eV):              2.603418319
 Transition dipole:                     -0.40756       2.58703       3.52112
 ------------------------------------------------------
           transition charges and positions           
           --------------------------------           
        atom     charge/e     x/bohr        y/bohr        z/bohr
 ------------------------------------------------------
     1  Mg      -0.000011      0.000000      0.000000      0.000000
     2  C       -0.000001     -0.410071     -4.191413      5.293123
     3  C       -0.000000     -2.371606      4.614711      3.828585
     4  C       -0.000002     -0.462983      3.495993     -4.845258
     5  C       -0.000001      0.275900     -5.336587     -3.849372
     6  N       -0.000003     -1.165961     -0.017008      4.017558
     7  C        0.000000     -1.122497     -1.715871      5.867600
     8  C       -0.000000     -1.768784     -0.583925      8.507547
     9  C       -0.000000     -3.350484      1.821696      7.619376
    10  C       -0.000001     -2.182634      2.207200      5.026671
    11  C       -0.000000     -6.166176      1.294462      7.300012
    12  C       -0.000000      0.651956      0.207870     10.013659
    13  C       -0.000000      0.234326      0.750221     12.825571
    14  H       -0.000000      2.207200      0.062361     14.613252
    15  N       -0.000007     -0.349599      3.705753     -0.287238
    16  C       -0.000000     -1.328477      5.291233      1.468317
    17  C       -0.000001     -1.171630      7.853702      0.364717
    18  C       -0.000000     -0.353379      7.587250     -2.314915
    19  C       -0.000001     -0.404401      4.881163     -2.607822
    20  C       -0.000000     -1.676187     10.215859      1.840593
    21  C       -0.000000      0.342040      9.473197     -4.302906
    22  O       -0.000000      0.572587      8.862816     -6.629159
    23  C       -0.000000      0.585815     12.120703     -3.471427
    24  N       -0.000007     -0.500777     -0.780457     -3.834254
    25  C        0.000000     -0.527234      1.075254     -5.550126
    26  C       -0.000000     -0.370386      0.045353     -8.186294
    27  C       -0.000000      0.234326     -2.896950     -7.899055
    28  C       -0.000000      0.162516     -3.084033     -4.979428
    29  C       -0.000000     -2.741993      0.387394     -9.820907
    30  C       -0.000000      2.594594     -3.911733     -9.303122
    31  C       -0.000002      4.962421     -2.815692     -8.137161
    32  N       -0.000005      0.283459     -4.051573      0.572587
    33  C        0.000001      0.326923     -5.926181     -1.300132
    34  C        0.000000      0.326923     -8.386605      0.007559
    35  C        0.000000      0.251334     -7.768664      2.566248
    36  C       -0.000000      0.156847     -5.092812      2.838369
    37  C       -0.000000      0.281569    -10.799785     -1.177299
    38  C        0.000000      0.181414     -8.747542      5.132496
    39  O        0.000000      0.393063    -10.860256      6.086808
    40  C       -0.000000     -0.481880     -6.477981      6.993876
    41  C       -0.000000      1.354934     -6.580026      9.161392
    42  O       -0.000000      3.649061     -6.151059      8.823131
    43  O       -0.000000      0.071810     -6.719866     11.344026
    44  C       -0.000000      1.782012     -6.770889     13.573903
    45  H       -0.000000     -3.513001      6.084918      4.718646
    46  H        0.000000     -0.411960      4.635498     -6.564909
    47  H        0.000000      0.521564     -7.080804     -4.922737
    48  H        0.000000     -2.936634     -1.793350      9.698074
    49  H       -0.000000     -2.995216      3.460089      8.815572
    50  H       -0.000000     -6.583806     -0.712427      7.500323
    51  H       -0.000000     -6.634828      1.940749      5.400837
    52  H        0.000000     -7.279225      2.458534      8.585026
    53  H        0.000000      1.264227      2.071140      9.384380
    54  H       -0.000000      2.135391     -1.207535      9.805789
    55  H        0.000000     -1.594929      0.049133     13.464299
    56  H        0.000000      0.117163      2.791125     13.078795
    57  H        0.000000     -2.539792      9.800120      3.662289
    58  H       -0.000000     -3.119938     11.268437      0.816362
    59  H       -0.000000      0.013228     11.376151      2.048463
    60  H       -0.000000     -1.199976     12.744313     -2.655065
    61  H       -0.000000      1.256668     13.171391     -5.109819
    62  H       -0.000000      1.980433     12.218969     -1.957756
    63  H       -0.000000      1.148953      0.946753     -9.242650
    64  H        0.000000     -1.307690     -4.074250     -8.592585
    65  H       -0.000000     -2.394283      1.398397    -11.582131
    66  H       -0.000000     -4.164956      1.349264     -8.685181
    67  H       -0.000000     -3.717091     -1.360603    -10.304677
    68  H       -0.000000      2.562469     -3.324028    -11.275996
    69  H       -0.000000      2.743882     -5.965865     -9.263437
    70  H       -0.000001      5.128717     -0.986437     -9.066906
    71  H       -0.000001      6.589475     -4.008109     -8.558570
    72  H       -0.000000      4.714867     -2.462313     -6.122713
    73  H        0.000000      1.638393    -11.967636     -0.158737
    74  H       -0.000000      0.763449    -10.661835     -3.174740
    75  H        0.000000     -1.683746    -11.336467     -0.874943
    76  H       -0.000000     -2.424519     -6.767109      7.611817
    77  H       -0.000000      1.319029     -8.462194     14.654826
    78  H       -0.000000      1.574142     -4.949193     14.513097
    79  H       -0.000000      3.779452     -7.094032     13.182729
    80  Mg      -0.000005     14.896976      1.341139      1.131625
    81  C        0.019687     13.876259      8.012080      1.589959
    82  C       -0.017449     13.663155      1.869808     -5.175223
    83  C       -0.016947     14.942367     -4.643832      0.830270
    84  C        0.015775     13.933839      1.028408      7.639123
    85  N        0.001030     13.921083      4.626749     -1.266910
    86  C        0.030019     13.700174      7.099040     -0.880121
    87  C       -0.000141     13.405755      8.648029     -3.366528
    88  C       -0.000164     12.303440      6.482800     -5.148181
    89  C       -0.036252     13.414996      4.190883     -3.826771
    90  C       -0.004491      9.428354      6.289235     -5.081115
    91  C        0.002899     15.997231      9.662378     -4.371844
    92  C        0.000206     15.815458     11.691811     -6.427015
    93  H        0.000507     17.683320     13.709472     -6.463336
    94  N       -0.010969     15.286826     -0.932315     -1.803800
    95  C       -0.050433     14.720834     -0.394443     -4.241887
    96  C       -0.092642     15.342535     -2.694315     -5.702324
    97  C       -0.031070     15.977370     -4.732271     -3.868024
    98  C       -0.039937     15.371769     -3.516024     -1.508946
    99  C       -0.001139     15.384978     -2.775535     -8.531490
   100  C       -0.005635     16.953224     -7.365831     -4.191318
   101  O       -0.010938     16.958629     -8.965843     -2.381036
   102  C       -0.000273     17.758323     -8.084910     -6.759361
   103  N        0.005350     14.089155     -1.484437      3.763144
   104  C       -0.024510     14.363827     -3.928060      3.178425
   105  C       -0.000386     14.199856     -5.565924      5.486064
   106  C        0.001080     14.212989     -3.686704      7.846918
   107  C        0.047441     14.227710     -1.146100      6.394531
   108  C       -0.002816     11.878743     -7.298141      5.645160
   109  C        0.003510     16.260337     -4.135458      9.891186
   110  C        0.000482     18.846843     -3.574663      8.812813
   111  N        0.001029     14.384917      4.035812      4.181208
   112  C        0.068752     13.972427      3.486091      6.740672
   113  C        0.058708     13.533293      5.913369      8.036495
   114  C        0.029011     13.690820      7.715563      6.122921
   115  C        0.038901     14.147057      6.487335      3.772063
   116  C        0.001566     12.954621      6.224569     10.643731
   117  C        0.007519     13.533595     10.389166      5.509893
   118  O        0.013686     13.356584     12.348189      6.754883
   119  C        0.000072     13.418265     10.668940      2.515906
   120  C        0.000195     15.286524     12.677209      1.768330
   121  O        0.000364     17.603800     12.334148      2.040375
   122  O        0.000051     14.094258     14.484070      0.447884
   123  C        0.000011     15.851476     16.507419     -0.399488
   124  H       -0.000017     12.878597      1.733181     -7.078461
   125  H       -0.000091     15.148914     -6.696963      0.847089
   126  H        0.001387     13.778995      1.092602      9.695013
   127  H        0.001030     12.069889     10.212023     -3.251028
   128  H       -0.001145     13.030342      6.623944     -7.069938
   129  H       -0.000411      8.625050      7.512285     -3.631638
   130  H       -0.001183      9.019701      4.313791     -4.662975
   131  H       -0.000828      8.626656      6.651212     -6.944290
   132  H        0.000062     16.944192      8.172517     -5.433095
   133  H        0.000309     17.156200     10.366263     -2.819906
   134  H        0.000081     13.911143     12.468772     -6.551964
   135  H        0.000060     16.121216     10.789883     -8.253549
   136  H       -0.000016     14.532750     -1.089956     -9.349892
   137  H       -0.011525     14.140273     -4.311656     -9.108064
   138  H       -0.009883     17.280166     -3.102779     -9.269579
   139  H       -0.000794     16.169990     -7.873260     -8.054296
   140  H        0.000005     18.557092     -9.975297     -6.596032
   141  H       -0.000833     19.206572     -6.765843     -7.398467
   142  H       -0.002027     15.823527     -6.824349      5.615964
   143  H        0.005436     12.438253     -3.745834      8.891747
   144  H       -0.000228     12.348113     -9.294183      5.846170
   145  H       -0.000452     10.726860     -6.974979      3.969256
   146  H       -0.000293     10.553081     -6.829980      7.149760
   147  H        0.000134     16.264079     -6.108067     10.480629
   148  H        0.000376     15.995662     -2.978700     11.574988
   149  H        0.000054     19.337870     -5.331220      7.857973
   150  H        0.000121     20.182181     -3.159528     10.326503
   151  H        0.000680     18.760086     -2.097861      7.379040
   152  H        0.005860     14.090856      7.811825     11.300902
   153  H        0.000838     13.370077      4.513573     11.711842
   154  H        0.011609     10.936034      6.620618     10.541932
   155  H        0.000061     11.484829     11.196892      2.044325
   156  H       -0.000001     15.104108     18.293550      0.303679
   157  H        0.000013     16.053242     16.291764     -2.438276
   158  H        0.000005     17.725121     16.505000      0.458769
 ------------------------------------------------------


 -----------------
  Excitation -1 2 
 -----------------
 Setting up Delta-SCF
 Ground-Excited state overlap:          -0.000000000
 No correction applied to the TDM.
 Excitation energy:                      0.065539585
 Excitation energy (in eV):              1.783422965
 Transition dipole:                     -0.00739      -0.00384       0.04046
 ------------------------------------------------------
           transition charges and positions           
           --------------------------------           
        atom     charge/e     x/bohr        y/bohr        z/bohr
 ------------------------------------------------------
     1  Mg      -0.000056      0.000000      0.000000      0.000000
     2  C        0.000020     -0.410071     -4.191413      5.293123
     3  C       -0.000009     -2.371606      4.614711      3.828585
     4  C        0.000048     -0.462983      3.495993     -4.845258
     5  C       -0.000037      0.275900     -5.336587     -3.849372
     6  N       -0.000021     -1.165961     -0.017008      4.017558
     7  C       -0.000054     -1.122497     -1.715871      5.867600
     8  C        0.000003     -1.768784     -0.583925      8.507547
     9  C        0.000003     -3.350484      1.821696      7.619376
    10  C        0.000178     -2.182634      2.207200      5.026671
    11  C        0.000001     -6.166176      1.294462      7.300012
    12  C        0.000000      0.651956      0.207870     10.013659
    13  C        0.000000      0.234326      0.750221     12.825571
    14  H        0.000001      2.207200      0.062361     14.613252
    15  N        0.000084     -0.349599      3.705753     -0.287238
    16  C        0.000007     -1.328477      5.291233      1.468317
    17  C        0.000205     -1.171630      7.853702      0.364717
    18  C        0.000050     -0.353379      7.587250     -2.314915
    19  C        0.000202     -0.404401      4.881163     -2.607822
    20  C        0.000004     -1.676187     10.215859      1.840593
    21  C        0.000013      0.342040      9.473197     -4.302906
    22  O        0.000008      0.572587      8.862816     -6.629159
    23  C       -0.000001      0.585815     12.120703     -3.471427
    24  N       -0.000032     -0.500777     -0.780457     -3.834254
    25  C       -0.000055     -0.527234      1.075254     -5.550126
    26  C        0.000009     -0.370386      0.045353     -8.186294
    27  C       -0.000004      0.234326     -2.896950     -7.899055
    28  C        0.000043      0.162516     -3.084033     -4.979428
    29  C        0.000008     -2.741993      0.387394     -9.820907
    30  C       -0.000003      2.594594     -3.911733     -9.303122
    31  C       -0.000030      4.962421     -2.815692     -8.137161
    32  N        0.000026      0.283459     -4.051573      0.572587
    33  C       -0.000157      0.326923     -5.926181     -1.300132
    34  C       -0.000031      0.326923     -8.386605      0.007559
    35  C       -0.000048      0.251334     -7.768664      2.566248
    36  C        0.000060      0.156847     -5.092812      2.838369
    37  C        0.000002      0.281569    -10.799785     -1.177299
    38  C       -0.000012      0.181414     -8.747542      5.132496
    39  O       -0.000024      0.393063    -10.860256      6.086808
    40  C        0.000001     -0.481880     -6.477981      6.993876
    41  C        0.000001      1.354934     -6.580026      9.161392
    42  O        0.000001      3.649061     -6.151059      8.823131
    43  O        0.000000      0.071810     -6.719866     11.344026
    44  C        0.000000      1.782012     -6.770889     13.573903
    45  H       -0.000000     -3.513001      6.084918      4.718646
    46  H       -0.000002     -0.411960      4.635498     -6.564909
    47  H       -0.000003      0.521564     -7.080804     -4.922737
    48  H       -0.000003     -2.936634     -1.793350      9.698074
    49  H        0.000008     -2.995216      3.460089      8.815572
    50  H        0.000001     -6.583806     -0.712427      7.500323
    51  H       -0.000002     -6.634828      1.940749      5.400837
    52  H       -0.000001     -7.279225      2.458534      8.585026
    53  H       -0.000000      1.264227      2.071140      9.384380
    54  H        0.000001      2.135391     -1.207535      9.805789
    55  H       -0.000000     -1.594929      0.049133     13.464299
    56  H       -0.000000      0.117163      2.791125     13.078795
    57  H       -0.000000     -2.539792      9.800120      3.662289
    58  H        0.000023     -3.119938     11.268437      0.816362
    59  H        0.000030      0.013228     11.376151      2.048463
    60  H        0.000001     -1.199976     12.744313     -2.655065
    61  H        0.000000      1.256668     13.171391     -5.109819
    62  H        0.000000      1.980433     12.218969     -1.957756
    63  H       -0.000004      1.148953      0.946753     -9.242650
    64  H       -0.000011     -1.307690     -4.074250     -8.592585
    65  H        0.000000     -2.394283      1.398397    -11.582131
    66  H        0.000003     -4.164956      1.349264     -8.685181
    67  H        0.000001     -3.717091     -1.360603    -10.304677
    68  H        0.000002      2.562469     -3.324028    -11.275996
    69  H        0.000001      2.743882     -5.965865     -9.263437
    70  H       -0.000008      5.128717     -0.986437     -9.066906
    71  H       -0.000003      6.589475     -4.008109     -8.558570
    72  H       -0.000024      4.714867     -2.462313     -6.122713
    73  H       -0.000002      1.638393    -11.967636     -0.158737
    74  H       -0.000000      0.763449    -10.661835     -3.174740
    75  H       -0.000003     -1.683746    -11.336467     -0.874943
    76  H        0.000000     -2.424519     -6.767109      7.611817
    77  H       -0.000000      1.319029     -8.462194     14.654826
    78  H        0.000000      1.574142     -4.949193     14.513097
    79  H        0.000000      3.779452     -7.094032     13.182729
    80  Mg      -0.000009     14.896976      1.341139      1.131625
    81  C       -0.000923     13.876259      8.012080      1.589959
    82  C       -0.000833     13.663155      1.869808     -5.175223
    83  C        0.000601     14.942367     -4.643832      0.830270
    84  C        0.000732     13.933839      1.028408      7.639123
    85  N       -0.001640     13.921083      4.626749     -1.266910
    86  C        0.000102     13.700174      7.099040     -0.880121
    87  C       -0.000001     13.405755      8.648029     -3.366528
    88  C       -0.000012     12.303440      6.482800     -5.148181
    89  C       -0.000223     13.414996      4.190883     -3.826771
    90  C       -0.000090      9.428354      6.289235     -5.081115
    91  C        0.000001     15.997231      9.662378     -4.371844
    92  C        0.000001     15.815458     11.691811     -6.427015
    93  H        0.000000     17.683320     13.709472     -6.463336
    94  N        0.000382     15.286826     -0.932315     -1.803800
    95  C       -0.000342     14.720834     -0.394443     -4.241887
    96  C       -0.000625     15.342535     -2.694315     -5.702324
    97  C       -0.000211     15.977370     -4.732271     -3.868024
    98  C       -0.000284     15.371769     -3.516024     -1.508946
    99  C       -0.000005     15.384978     -2.775535     -8.531490
   100  C       -0.000038     16.953224     -7.365831     -4.191318
   101  O       -0.000094     16.958629     -8.965843     -2.381036
   102  C        0.000001     17.758323     -8.084910     -6.759361
   103  N        0.001678     14.089155     -1.484437      3.763144
   104  C       -0.000150     14.363827     -3.928060      3.178425
   105  C        0.000009     14.199856     -5.565924      5.486064
   106  C        0.000019     14.212989     -3.686704      7.846918
   107  C        0.000379     14.227710     -1.146100      6.394531
   108  C       -0.000005     11.878743     -7.298141      5.645160
   109  C        0.000035     16.260337     -4.135458      9.891186
   110  C        0.000005     18.846843     -3.574663      8.812813
   111  N       -0.000253     14.384917      4.035812      4.181208
   112  C        0.000502     13.972427      3.486091      6.740672
   113  C        0.000459     13.533293      5.913369      8.036495
   114  C        0.000187     13.690820      7.715563      6.122921
   115  C        0.000291     14.147057      6.487335      3.772063
   116  C        0.000009     12.954621      6.224569     10.643731
   117  C        0.000038     13.533595     10.389166      5.509893
   118  O        0.000072     13.356584     12.348189      6.754883
   119  C       -0.000007     13.418265     10.668940      2.515906
   120  C       -0.000049     15.286524     12.677209      1.768330
   121  O       -0.000023     17.603800     12.334148      2.040375
   122  O       -0.000005     14.094258     14.484070      0.447884
   123  C       -0.000003     15.851476     16.507419     -0.399488
   124  H        0.000001     12.878597      1.733181     -7.078461
   125  H       -0.000001     15.148914     -6.696963      0.847089
   126  H        0.000015     13.778995      1.092602      9.695013
   127  H        0.000003     12.069889     10.212023     -3.251028
   128  H       -0.000003     13.030342      6.623944     -7.069938
   129  H       -0.000016      8.625050      7.512285     -3.631638
   130  H       -0.000057      9.019701      4.313791     -4.662975
   131  H       -0.000011      8.626656      6.651212     -6.944290
   132  H       -0.000001     16.944192      8.172517     -5.433095
   133  H       -0.000001     17.156200     10.366263     -2.819906
   134  H        0.000000     13.911143     12.468772     -6.551964
   135  H        0.000000     16.121216     10.789883     -8.253549
   136  H       -0.000002     14.532750     -1.089956     -9.349892
   137  H       -0.000062     14.140273     -4.311656     -9.108064
   138  H       -0.000068     17.280166     -3.102779     -9.269579
   139  H       -0.000006     16.169990     -7.873260     -8.054296
   140  H        0.000000     18.557092     -9.975297     -6.596032
   141  H       -0.000005     19.206572     -6.765843     -7.398467
   142  H       -0.000018     15.823527     -6.824349      5.615964
   143  H        0.000055     12.438253     -3.745834      8.891747
   144  H        0.000001     12.348113     -9.294183      5.846170
   145  H        0.000014     10.726860     -6.974979      3.969256
   146  H       -0.000002     10.553081     -6.829980      7.149760
   147  H        0.000001     16.264079     -6.108067     10.480629
   148  H        0.000005     15.995662     -2.978700     11.574988
   149  H        0.000001     19.337870     -5.331220      7.857973
   150  H        0.000002     20.182181     -3.159528     10.326503
   151  H        0.000007     18.760086     -2.097861      7.379040
   152  H        0.000048     14.090856      7.811825     11.300902
   153  H        0.000003     13.370077      4.513573     11.711842
   154  H        0.000079     10.936034      6.620618     10.541932
   155  H       -0.000067     11.484829     11.196892      2.044325
   156  H       -0.000000     15.104108     18.293550      0.303679
   157  H       -0.000001     16.053242     16.291764     -2.438276
   158  H       -0.000001     17.725121     16.505000      0.458769
 ------------------------------------------------------

 TOTAL ENERGY:                        -261.831409573

 --------------------------------------------------------------------------------

 End time:                               Wed Jun 30 13:19:24 2021
 Total wall-clock time:                  1.558 seconds
==================================================================================
