
================================================================================
          _____________ ________ _______________ ________     _________         
         / ___________// ______ \\_____   _____// ______ \   / ________)        
        / /_________  / /      \ \     | |     / /      \ \ | (_______          
       |  __________|| |        | |    | |    | |        | | \________ \        
        \ \_________ | |        | |    | |     \ \______/ /___________) |       
         \__________||_|        |_|    |_|      \________//____________/        
                                                                                
====================================[ Qcore ]===================================

 Git hash:   035eaa6e02832a1eaacaa1f2c2b4151870260895
 Git date:   Fri, 20 Aug 2021 11:46:14 +0100
 Compiler:   GNU 9.1.0
 Build type: Release
 Version:    2.0.0

 Start time: Fri Aug 20 13:47:24 2021

 Data directory: /home/of15641/.local/src/Qcore/release/share/entos/2.0.0/data
 Number of threads: 2
 Number of threads was determined by: command line argument
  - More threads can be used by running 'qcore -n 24'

 --------------------------------------------------------------------------------
                                   command: xtb                                  
 --------------------------------------------------------------------------------
 XTB basis setup:                        reference basis
 Implicit solvation model:               none
 Number of basis functions:            244
 GFN version:                            chlorophyll
 Integral screening threshold:           1.00e-10
 Total charge:                           0.000000000
 Number of electrons:                  218.000000000
 Electronic temperature (Kelvin):        0.000000000

 D3BJ energy:                           -0.062562637
 Repulsive energy:                       1.518577589

 ****************************************************
  Running robust self-consistent charge (SCC) solver 
 ****************************************************
 Number of SCC trials:                   4
 Using the stop-early mechanism for the first 3 trials

 Conv. threshold (charge):               1.00e-05
 Conv. threshold (energy):               1.00e-06
 Initial guess:                          eeq

 -------------
  SCC Trial 1 
 -------------
 Broyden mixing factor:                  0.400000000
 Max number of iterations:             128

 ---------------------------------------------------------------
                  energy        change          grad        time
 ---------------------------------------------------------------
   0      -125.881415945                    6.23e-01        0.01
   1      -126.546257542     -6.65e-01      3.67e-01        0.01
   2      -126.553349357     -7.09e-03      1.27e-01        0.01
   3      -126.591603436     -3.83e-02      1.49e-02        0.01
   4      -126.593964282     -2.36e-03      1.05e-02        0.01
   5      -126.601779292     -7.82e-03      3.00e-03        0.01
   6      -126.602336703     -5.57e-04      9.41e-04        0.01
   7      -126.602386152     -4.94e-05      2.60e-04        0.01
   8      -126.602388973     -2.82e-06      7.48e-05        0.01
   9      -126.602389021     -4.81e-08      3.01e-05        0.01
  10      -126.602389030     -8.57e-09      1.12e-05        0.01
  11      -126.602389031     -1.48e-09      3.93e-06        0.01
  12      -126.602389031     -1.05e-10      1.16e-06        0.01

 SCF converged in 11 iterations.

 Entropy contribution (-ST):             0.000000000
 Dipole moment (in Debye):              -2.484020       2.882561       0.068409

 ----------------
  Excitation 0 1 
 ----------------
 Setting up Delta-SCF
 Ground-Excited state overlap:          -0.000000000
 No correction applied to the TDM.
 Excitation energy:                      0.064990831
 Excitation energy (in eV):              1.768490608
 Transition dipole:                      0.22415      -2.63370       0.92191

 -----------------
  Excitation -1 1 
 -----------------
 Setting up Delta-SCF
 Ground-Excited state overlap:           0.000000000
 No correction applied to the TDM.
 Excitation energy:                      0.082077348
 Excitation energy (in eV):              2.233438417
 Transition dipole:                      0.23566      -0.43727      -1.69101

 ----------------
  Excitation 0 2 
 ----------------
 Setting up Delta-SCF
 Ground-Excited state overlap:           0.000000000
 No correction applied to the TDM.
 Excitation energy:                      0.112403356
 Excitation energy (in eV):              3.058651143
 Transition dipole:                     -0.07065      -0.13549      -0.58836

 -----------------
  Excitation -1 2 
 -----------------
 Setting up Delta-SCF
 Ground-Excited state overlap:           0.000000000
 No correction applied to the TDM.
 Excitation energy:                      0.131256125
 Excitation energy (in eV):              3.571661114
 Transition dipole:                      0.01383       0.70510      -0.06835
 TOTAL ENERGY:                        -126.602389031
 Saving results in set 'res'

 --------------------------------------------------------------------------------
                                  command: print                                 
 --------------------------------------------------------------------------------
 res.energy:                          -126.6023890314

 --------------------------------------------------------------------------------
                                  command: print                                 
 --------------------------------------------------------------------------------

 res.dipole:
                      1
 1        -0.9772885585
 2         1.1340868964
 3         0.0269142656

 --------------------------------------------------------------------------------
                                  command: print                                 
 --------------------------------------------------------------------------------

 res.atomic_charges:
                      1
 1         0.4471552573
 2        -0.0525446269
 3        -0.1035985067
 4        -0.0950724608
 5        -0.0775631219
 6        -0.2174418069
 7         0.1259177001
 8        -0.0264385202
 9        -0.0162681314
 10        0.1102255549
 11       -0.0941673949
 12       -0.0315490278
 13       -0.0754296127
 14        0.0132063139
 15       -0.2534150967
 16        0.1248612244
 17       -0.0206399942
 18       -0.1162102500
 19        0.1530193470
 20       -0.0939166665
 21        0.3637300812
 22       -0.4688275928
 23       -0.1393723611
 24       -0.2341778841
 25        0.1401768968
 26       -0.0078716048
 27       -0.0306205342
 28        0.1183856353
 29       -0.0934682071
 30       -0.0312719214
 31       -0.0953497255
 32       -0.2676601425
 33        0.0931488380
 34        0.0198554590
 35       -0.1209496380
 36        0.1327385762
 37       -0.0959560479
 38        0.3699934740
 39       -0.4469384469
 40       -0.0936812679
 41        0.5514739394
 42       -0.4939477233
 43       -0.3428721903
 44        0.1150076557
 45        0.0386150544
 46        0.0475058947
 47        0.0268385623
 48        0.0321192282
 49        0.0288845632
 50        0.0429910055
 51        0.0323209290
 52        0.0343943497
 53        0.0268562551
 54        0.0471179980
 55        0.0194620667
 56        0.0151002553
 57        0.0371960533
 58        0.0351628477
 59        0.0470027706
 60        0.0603393387
 61        0.0679757066
 62        0.0462363167
 63        0.0344436082
 64        0.0259573445
 65        0.0371603509
 66        0.0264794065
 67        0.0262279894
 68        0.0259730864
 69        0.0218031486
 70        0.0278759894
 71        0.0391131195
 72        0.0321009862
 73        0.0696812711
 74        0.0451643659
 75        0.0647493212
 76        0.0553836265
 77        0.0445075101
 78        0.0424177161
 79        0.0531665158

 --------------------------------------------------------------------------------
                                  command: print                                 
 --------------------------------------------------------------------------------
 res.excitation_1_energy:                0.0649908311

 --------------------------------------------------------------------------------
                                  command: print                                 
 --------------------------------------------------------------------------------
 res.excitation_1_transition_dipole : [
  0.22415064604576737,
  -2.633699258105885,
  0.9219126543628435
]

 --------------------------------------------------------------------------------
                                  command: print                                 
 --------------------------------------------------------------------------------

 res.excitation_1_transition_charges:
                      1
 1        -0.0002572128
 2         0.0160158196
 3        -0.0107845410
 4        -0.0119657825
 5         0.0092384548
 6         0.0012826855
 7         0.0187221636
 8        -0.0001587121
 9         0.0000238769
 10       -0.0233668670
 11       -0.0025096737
 12        0.0016156607
 13        0.0001905993
 14        0.0003482609
 15       -0.0056061652
 16       -0.0343664205
 17       -0.0608135095
 18       -0.0212373857
 19       -0.0235707208
 20       -0.0007859675
 21       -0.0052816828
 22       -0.0077412743
 23       -0.0002051212
 24       -0.0003516531
 25       -0.0156546726
 26       -0.0004077151
 27        0.0006383943
 28        0.0292077696
 29       -0.0013210142
 30        0.0014080292
 31        0.0004295405
 32        0.0009959161
 33        0.0455157979
 34        0.0419138467
 35        0.0183293461
 36        0.0237012364
 37        0.0011767311
 38        0.0063685078
 39        0.0093734826
 40        0.0000461442
 41        0.0001018830
 42        0.0002240699
 43        0.0000246604
 44        0.0000032398
 45       -0.0000093549
 46       -0.0001069873
 47        0.0008779322
 48        0.0002728548
 49       -0.0002795520
 50       -0.0003780248
 51       -0.0005480796
 52       -0.0005440771
 53        0.0000840852
 54        0.0002120163
 55       -0.0000175991
 56        0.0000785612
 57       -0.0000199827
 58       -0.0042661559
 59       -0.0041350820
 60       -0.0004371950
 61        0.0000031480
 62       -0.0004564067
 63       -0.0006800591
 64        0.0024348614
 65       -0.0002242760
 66       -0.0002866116
 67       -0.0002746654
 68        0.0000725266
 69        0.0001692534
 70        0.0000030432
 71        0.0000380986
 72        0.0002047806
 73        0.0022826388
 74        0.0004550113
 75        0.0048634518
 76        0.0000962316
 77       -0.0000005374
 78        0.0000053939
 79        0.0000007324

 --------------------------------------------------------------------------------
                                  command: print                                 
 --------------------------------------------------------------------------------
 res.excitation_1_excited_dipole : [
  -1.273507697750495,
  1.0704822827749547,
  0.07931403480779231
]

 --------------------------------------------------------------------------------
                                  command: print                                 
 --------------------------------------------------------------------------------

 res.excitation_1_excited_atomic_charges:
                      1
 1         0.4476031740
 2        -0.1194639909
 3        -0.1472232480
 4        -0.1464601882
 5        -0.1111751866
 6        -0.2912788154
 7         0.1877395522
 8        -0.0250865618
 9        -0.0149037000
 10        0.1879128481
 11       -0.0888383020
 12       -0.0282374452
 13       -0.0755606892
 14        0.0132613518
 15       -0.2536596003
 16        0.1770772749
 17       -0.0480036400
 18       -0.1450447584
 19        0.2152400681
 20       -0.0926669862
 21        0.3404640599
 22       -0.4886036369
 23       -0.1397944195
 24       -0.3131356976
 25        0.2044334729
 26       -0.0071912210
 27       -0.0286685816
 28        0.1796708813
 29       -0.0879105141
 30       -0.0282765732
 31       -0.0943494208
 32       -0.2693186337
 33        0.1484870650
 34       -0.0030178398
 35       -0.1335185796
 36        0.1717098280
 37       -0.0947333063
 38        0.3540633032
 39       -0.4603920569
 40       -0.0937771652
 41        0.5503959486
 42       -0.4946156377
 43       -0.3429947485
 44        0.1149442025
 45        0.0386292743
 46        0.0480952433
 47        0.0283091696
 48        0.0339265555
 49        0.0305087411
 50        0.0431295208
 51        0.0326042494
 52        0.0351289969
 53        0.0267747685
 54        0.0472373631
 55        0.0194525004
 56        0.0151600211
 57        0.0371467481
 58        0.0354963666
 59        0.0462617531
 60        0.0585308339
 61        0.0679602673
 62        0.0447379372
 63        0.0389770218
 64        0.0343176433
 65        0.0380394187
 66        0.0271900036
 67        0.0270209852
 68        0.0261049542
 69        0.0218731536
 70        0.0278777509
 71        0.0392446463
 72        0.0322118128
 73        0.0687782113
 74        0.0451877395
 75        0.0648543244
 76        0.0540749704
 77        0.0445031798
 78        0.0423911821
 79        0.0531608068

 --------------------------------------------------------------------------------
                                  command: print                                 
 --------------------------------------------------------------------------------
 res.excitation_2_energy:                0.0820773479

 --------------------------------------------------------------------------------
                                  command: print                                 
 --------------------------------------------------------------------------------
 res.excitation_2_transition_dipole : [
  0.2356639104546294,
  -0.43727439063482015,
  -1.6910109774832547
]

 --------------------------------------------------------------------------------
                                  command: print                                 
 --------------------------------------------------------------------------------

 res.excitation_2_transition_charges:
                      1
 1         0.0017858768
 2        -0.0705861714
 3        -0.0446051577
 4         0.0482849888
 5         0.0387301060
 6        -0.0507335299
 7        -0.0080023289
 8         0.0005033415
 9        -0.0009842341
 10       -0.0043396990
 11       -0.0005494671
 12       -0.0005661194
 13        0.0000268840
 14       -0.0000506274
 15        0.0107647264
 16        0.0087151289
 17       -0.0223748900
 18        0.0188464822
 19       -0.0068304664
 20       -0.0003684334
 21        0.0034545290
 22        0.0055469360
 23        0.0003763531
 24        0.0522035243
 25        0.0042119863
 26        0.0011671048
 27        0.0007705167
 28        0.0113713418
 29        0.0004037406
 30        0.0004807655
 31        0.0000799507
 32       -0.0074280226
 33       -0.0009364923
 34        0.0236537240
 35       -0.0121060695
 36        0.0119334259
 37        0.0008453621
 38       -0.0031311801
 39       -0.0064154220
 40       -0.0006535404
 41       -0.0018795622
 42       -0.0013255025
 43       -0.0002236142
 44       -0.0001342144
 45        0.0000350450
 46       -0.0000315958
 47        0.0003552489
 48       -0.0000885964
 49       -0.0001193941
 50       -0.0003721929
 51       -0.0002899427
 52       -0.0002366930
 53       -0.0000236620
 54       -0.0001069992
 55        0.0000059573
 56       -0.0000185723
 57       -0.0000540872
 58       -0.0007978102
 59       -0.0022941584
 60        0.0004471385
 61        0.0000318983
 62        0.0003196400
 63        0.0000824531
 64        0.0009706540
 65        0.0000900709
 66        0.0001780437
 67        0.0003346724
 68       -0.0000276063
 69        0.0000836207
 70        0.0000020277
 71        0.0000243151
 72        0.0000591885
 73        0.0019928626
 74        0.0000311539
 75        0.0025512533
 76       -0.0029883998
 77       -0.0000170060
 78       -0.0000438410
 79       -0.0000167373

 --------------------------------------------------------------------------------
                                  command: print                                 
 --------------------------------------------------------------------------------
 res.excitation_3_energy:                0.1124033563

 --------------------------------------------------------------------------------
                                  command: print                                 
 --------------------------------------------------------------------------------
 res.excitation_3_transition_dipole : [
  -0.07064564710751482,
  -0.13548859100986893,
  -0.5883619065219268
]

 --------------------------------------------------------------------------------
                                  command: print                                 
 --------------------------------------------------------------------------------

 res.excitation_3_transition_charges:
                      1
 1        -0.0001393125
 2        -0.0014272240
 3         0.0003240175
 4        -0.0042737853
 5        -0.0100585159
 6         0.0003901313
 7        -0.0045332807
 8         0.0000222856
 9         0.0001360604
 10        0.0124206824
 11        0.0017809496
 12       -0.0011505222
 13       -0.0001567257
 14       -0.0006967807
 15       -0.0098847790
 16        0.0111493190
 17       -0.0450178168
 18       -0.0150125818
 19        0.0582936109
 20       -0.0002313403
 21       -0.0148697947
 22       -0.0165656842
 23       -0.0002292523
 24        0.0000715080
 25        0.0562709980
 26       -0.0004968195
 27       -0.0000122037
 28        0.0323261852
 29        0.0047595073
 30        0.0013729863
 31        0.0003668829
 32        0.0010684648
 33        0.0104274973
 34       -0.0342082570
 35       -0.0078754037
 36       -0.0047388525
 37       -0.0004649597
 38       -0.0073971602
 39       -0.0083994978
 40        0.0000254924
 41        0.0000432114
 42       -0.0000208334
 43        0.0000059243
 44       -0.0000002894
 45        0.0000943328
 46       -0.0000918279
 47        0.0004377089
 48        0.0001001768
 49        0.0000718679
 50        0.0002962247
 51        0.0003192718
 52        0.0004907558
 53       -0.0000940628
 54       -0.0001833256
 55        0.0000614523
 56       -0.0001174947
 57       -0.0000144085
 58       -0.0027483366
 59       -0.0030794683
 60       -0.0012163071
 61        0.0000251345
 62       -0.0011482654
 63        0.0027250362
 64        0.0021134911
 65        0.0011363268
 66        0.0013619137
 67        0.0011826476
 68        0.0001823691
 69        0.0001540336
 70        0.0000116310
 71        0.0000091380
 72        0.0000805906
 73       -0.0015888594
 74       -0.0003119324
 75       -0.0037313649
 76        0.0000796576
 77       -0.0000014249
 78       -0.0000001089
 79       -0.0000006157

 --------------------------------------------------------------------------------
                                  command: print                                 
 --------------------------------------------------------------------------------
 res.excitation_4_energy:                0.1312561250

 --------------------------------------------------------------------------------
                                  command: print                                 
 --------------------------------------------------------------------------------
 res.excitation_4_transition_dipole : [
  0.013827372571194232,
  0.7050990970424821,
  -0.06834977182014977
]

 --------------------------------------------------------------------------------
                                  command: print                                 
 --------------------------------------------------------------------------------

 res.excitation_4_transition_charges:
                      1
 1         0.0023652517
 2         0.0061351986
 3         0.0008010559
 4         0.0155878679
 5        -0.0427592265
 6         0.0093967856
 7         0.0019427151
 8        -0.0005462229
 9         0.0005580176
 10        0.0023216121
 11        0.0003036678
 12        0.0004091319
 13       -0.0001004660
 14        0.0001005304
 15        0.0217180985
 16       -0.0031398394
 17       -0.0168183060
 18        0.0130496398
 19        0.0171185362
 20       -0.0001459552
 21        0.0100713570
 22        0.0120319136
 23        0.0008483431
 24       -0.0273761559
 25       -0.0144833262
 26        0.0008275511
 27        0.0004115201
 28        0.0129576221
 29       -0.0008864717
 30        0.0005017889
 31        0.0000546843
 32       -0.0083952736
 33        0.0000165451
 34       -0.0192939604
 35        0.0050505750
 36       -0.0021453493
 37       -0.0003416608
 38        0.0035133737
 39        0.0055816886
 40        0.0000826842
 41       -0.0012622470
 42       -0.0003329049
 43       -0.0001588069
 44       -0.0001172494
 45        0.0001700046
 46       -0.0000282320
 47        0.0001706578
 48       -0.0000136348
 49        0.0000558218
 50        0.0002591485
 51        0.0000746401
 52        0.0002110479
 53        0.0000264107
 54        0.0000905639
 55       -0.0000172742
 56        0.0000290454
 57       -0.0000243742
 58       -0.0005567100
 59       -0.0017184800
 60        0.0013040194
 61        0.0002105379
 62        0.0008372725
 63       -0.0001157322
 64        0.0007737461
 65       -0.0004241470
 66       -0.0002239265
 67       -0.0006768855
 68        0.0000164884
 69        0.0000925853
 70        0.0000009088
 71        0.0000055717
 72        0.0000218835
 73       -0.0013915695
 74       -0.0000094746
 75       -0.0019585679
 76       -0.0025749681
 77       -0.0000509802
 78       -0.0000426657
 79        0.0000229345

 --------------------------------------------------------------------------------

 End time:                               Fri Aug 20 13:47:24 2021
 Total wall-clock time:                  0.398 seconds
==================================================================================
