
================================================================================
          _____________ ________ _______________ ________     _________         
         / ___________// ______ \\_____   _____// ______ \   / ________)        
        / /_________  / /      \ \     | |     / /      \ \ | (_______          
       |  __________|| |        | |    | |    | |        | | \________ \        
        \ \_________ | |        | |    | |     \ \______/ /___________) |       
         \__________||_|        |_|    |_|      \________//____________/        
                                                                                
====================================[ Qcore ]===================================

 Git hash:   035eaa6e02832a1eaacaa1f2c2b4151870260895
 Git date:   Fri, 20 Aug 2021 11:46:14 +0100
 Compiler:   GNU 9.1.0
 Build type: Release
 Version:    2.0.0

 Start time: Fri Aug 20 14:49:19 2021

 Data directory: /home/of15641/.local/src/Qcore/release/share/entos/2.0.0/data
 Number of threads: 2
 Number of threads was determined by: command line argument
  - More threads can be used by running 'qcore -n 32'

 --------------------------------------------------------------------------------
                                   command: xtb                                  
 --------------------------------------------------------------------------------
 XTB basis setup:                        reference basis
 Implicit solvation model:               none
 Number of basis functions:            488
 GFN version:                            chlorophyll
 Integral screening threshold:           1.00e-10
 Total charge:                           0.000000000
 Number of electrons:                  436.000000000
 Electronic temperature (Kelvin):        0.000000000

 D3BJ energy:                           -0.125311499
 Repulsive energy:                       3.040142251

 ****************************************************
  Running robust self-consistent charge (SCC) solver 
 ****************************************************
 Number of SCC trials:                   4
 Using the stop-early mechanism for the first 3 trials

 Conv. threshold (charge):               1.00e-05
 Conv. threshold (energy):               1.00e-06
 Initial guess:                          eeq

 -------------
  SCC Trial 1 
 -------------
 Broyden mixing factor:                  0.400000000
 Max number of iterations:             128

 ---------------------------------------------------------------
                  energy        change          grad        time
 ---------------------------------------------------------------
   0      -251.769259177                    6.23e-01        0.06
   1      -253.099281955     -1.33e+00      3.67e-01        0.05
   2      -253.111860059     -1.26e-02      1.27e-01        0.04
   3      -253.186769965     -7.49e-02      1.55e-02        0.04
   4      -253.191729557     -4.96e-03      1.13e-02        0.04
   5      -253.210824696     -1.91e-02      3.20e-03        0.04
   6      -253.212091023     -1.27e-03      9.45e-04        0.04
   7      -253.212187429     -9.64e-05      2.71e-04        0.04
   8      -253.212193627     -6.20e-06      7.75e-05        0.04
   9      -253.212193713     -8.53e-08      3.37e-05        0.04
  10      -253.212193735     -2.25e-08      1.52e-05        0.04
  11      -253.212193740     -4.52e-09      9.74e-06        0.04
  12      -253.212193751     -1.12e-08      2.93e-06        0.04

 SCF converged in 11 iterations.

 Entropy contribution (-ST):             0.000000000
 Dipole moment (in Debye):              -5.086550       5.470668       0.695102

 ----------------
  Excitation 0 1 
 ----------------
 Setting up Delta-SCF
 Ground-Excited state overlap:           0.000000000
 No correction applied to the TDM.
 Excitation energy:                      0.050429933
 Excitation energy (in eV):              1.372268382
 Transition dipole:                      0.00010       0.00038      -0.00028

 -----------------
  Excitation -1 1 
 -----------------
 Setting up Delta-SCF
 Ground-Excited state overlap:           0.000000000
 No correction applied to the TDM.
 Excitation energy:                      0.067598810
 Excitation energy (in eV):              1.839457332
 Transition dipole:                      0.30387      -2.76537       0.11990

 ----------------
  Excitation 0 2 
 ----------------
 Setting up Delta-SCF
 Ground-Excited state overlap:           0.000000000
 No correction applied to the TDM.
 Excitation energy:                      0.067371752
 Excitation energy (in eV):              1.833278769
 Transition dipole:                     -0.20563       2.57104      -1.08655

 -----------------
  Excitation -1 2 
 -----------------
 Setting up Delta-SCF
 Ground-Excited state overlap:          -0.000000000
 No correction applied to the TDM.
 Excitation energy:                      0.054008713
 Excitation energy (in eV):              1.469651942
 Transition dipole:                      0.00007       0.00030      -0.00008
 TOTAL ENERGY:                        -253.212193751
 Saving results in set 'res'

 --------------------------------------------------------------------------------
                                  command: print                                 
 --------------------------------------------------------------------------------
 res.energy:                          -253.2121937508

 --------------------------------------------------------------------------------
                                  command: print                                 
 --------------------------------------------------------------------------------

 res.dipole:
                      1
 1        -2.0012027162
 2         2.1523262116
 3         0.2734742973

 --------------------------------------------------------------------------------
                                  command: print                                 
 --------------------------------------------------------------------------------

 res.atomic_charges:
                      1
 1         0.4468459336
 2        -0.0508243869
 3        -0.1069404975
 4        -0.0962477014
 5        -0.0783911574
 6        -0.2187559778
 7         0.1242833048
 8        -0.0241461565
 9        -0.0154716578
 10        0.1133478077
 11       -0.0941612376
 12       -0.0318374713
 13       -0.0763148453
 14        0.0144209278
 15       -0.2556494405
 16        0.1243466347
 17       -0.0208647882
 18       -0.1141873846
 19        0.1526459736
 20       -0.0940253351
 21        0.3643666465
 22       -0.4667515690
 23       -0.1398338769
 24       -0.2322792773
 25        0.1431117714
 26       -0.0073763368
 27       -0.0307676552
 28        0.1154378420
 29       -0.0949745581
 30       -0.0308606199
 31       -0.0961009939
 32       -0.2644758720
 33        0.0947129200
 34        0.0198416497
 35       -0.1214459212
 36        0.1327127464
 37       -0.0962849383
 38        0.3690323763
 39       -0.4447519532
 40       -0.0934791331
 41        0.5508500505
 42       -0.4976198627
 43       -0.3422968213
 44        0.1142210115
 45        0.0391146834
 46        0.0453150635
 47        0.0267262468
 48        0.0307014451
 49        0.0282847051
 50        0.0419462552
 51        0.0310159416
 52        0.0355773165
 53        0.0265494932
 54        0.0450729702
 55        0.0196672131
 56        0.0153846671
 57        0.0382467915
 58        0.0377426901
 59        0.0475803210
 60        0.0584100007
 61        0.0676755917
 62        0.0451677840
 63        0.0334039265
 64        0.0278701613
 65        0.0400394157
 66        0.0253024492
 67        0.0255458775
 68        0.0276761211
 69        0.0212098609
 70        0.0276016535
 71        0.0385934130
 72        0.0331476925
 73        0.0685105051
 74        0.0447801561
 75        0.0651923303
 76        0.0553747861
 77        0.0459478944
 78        0.0449406017
 79        0.0516233440
 80        0.4471346143
 81       -0.0522922770
 82       -0.1037034248
 83       -0.0951176810
 84       -0.0773980657
 85       -0.2173352991
 86        0.1259924119
 87       -0.0264405943
 88       -0.0162458248
 89        0.1101176996
 90       -0.0941722975
 91       -0.0315427721
 92       -0.0753111798
 93        0.0129680593
 94       -0.2534299688
 95        0.1247463526
 96       -0.0209158817
 97       -0.1162819321
 98        0.1529476355
 99       -0.0938009943
 100       0.3636893196
 101      -0.4688834668
 102      -0.1393233047
 103      -0.2340785474
 104       0.1401048155
 105      -0.0078415066
 106      -0.0306447555
 107       0.1184076367
 108      -0.0934280284
 109      -0.0312630150
 110      -0.0953272676
 111      -0.2676169154
 112       0.0933787842
 113       0.0203145556
 114      -0.1205777553
 115       0.1328549465
 116      -0.0961326437
 117       0.3702026065
 118      -0.4464497384
 119      -0.0937912906
 120       0.5514477847
 121      -0.4941729205
 122      -0.3427477754
 123       0.1150472688
 124       0.0382279229
 125       0.0474232575
 126       0.0269784049
 127       0.0322427037
 128       0.0284752846
 129       0.0436122170
 130       0.0323805232
 131       0.0337051756
 132       0.0267496118
 133       0.0471610517
 134       0.0193528036
 135       0.0148277112
 136       0.0368820257
 137       0.0349450273
 138       0.0467448525
 139       0.0602576123
 140       0.0678446605
 141       0.0460541810
 142       0.0343106757
 143       0.0260488182
 144       0.0369846496
 145       0.0265259022
 146       0.0260972089
 147       0.0258266553
 148       0.0218540128
 149       0.0277836665
 150       0.0390215260
 151       0.0321156196
 152       0.0697120959
 153       0.0450960186
 154       0.0659000815
 155       0.0560681121
 156       0.0444847097
 157       0.0421540332
 158       0.0530642815

 --------------------------------------------------------------------------------
                                  command: print                                 
 --------------------------------------------------------------------------------
 res.excitation_1_energy:                0.0504299329

 --------------------------------------------------------------------------------
                                  command: print                                 
 --------------------------------------------------------------------------------
 res.excitation_1_transition_dipole : [
  0.00010097682752800167,
  0.0003785125741981845,
  -0.00027572271264407033
]

 --------------------------------------------------------------------------------
                                  command: print                                 
 --------------------------------------------------------------------------------

 res.excitation_1_transition_charges:
                      1
 1        -0.0000005131
 2        -0.0000188406
 3        -0.0000091384
 4         0.0000149270
 5         0.0000067302
 6        -0.0000146600
 7        -0.0000057206
 8         0.0000000851
 9        -0.0000001878
 10        0.0000053197
 11        0.0000004813
 12       -0.0000005320
 13       -0.0000000600
 14       -0.0000000948
 15        0.0000054455
 16        0.0000087642
 17        0.0000157322
 18        0.0000052505
 19        0.0000055428
 20        0.0000002124
 21        0.0000014020
 22        0.0000017774
 23        0.0000000486
 24        0.0000142895
 25        0.0000043418
 26        0.0000001551
 27       -0.0000001119
 28       -0.0000065027
 29        0.0000003971
 30       -0.0000002525
 31        0.0000000813
 32       -0.0000030002
 33       -0.0000109586
 34       -0.0000094592
 35       -0.0000042984
 36       -0.0000055231
 37       -0.0000002755
 38       -0.0000016667
 39       -0.0000024624
 40       -0.0000001054
 41       -0.0000003653
 42       -0.0000002687
 43       -0.0000000363
 44       -0.0000000265
 45        0.0000000102
 46        0.0000000275
 47       -0.0000001504
 48       -0.0000000617
 49        0.0000000552
 50        0.0000000425
 51        0.0000000722
 52        0.0000000855
 53       -0.0000000225
 54       -0.0000000834
 55       -0.0000000000
 56       -0.0000000271
 57       -0.0000000078
 58        0.0000011821
 59        0.0000010298
 60        0.0000001066
 61        0.0000000008
 62        0.0000000970
 63        0.0000001984
 64       -0.0000004723
 65        0.0000000596
 66        0.0000000959
 67        0.0000000918
 68       -0.0000000288
 69       -0.0000000450
 70        0.0000000019
 71        0.0000000086
 72        0.0000000184
 73       -0.0000005383
 74       -0.0000001140
 75       -0.0000011118
 76       -0.0000006029
 77       -0.0000000025
 78       -0.0000000084
 79       -0.0000000025
 80       -0.0000008123
 81        0.0000032733
 82       -0.0000020563
 83       -0.0000009389
 84        0.0000004700
 85        0.0000002908
 86        0.0000023352
 87        0.0000000439
 88        0.0000000438
 89       -0.0000021680
 90       -0.0000006431
 91        0.0000003100
 92        0.0000000351
 93        0.0000000604
 94        0.0000000703
 95       -0.0000051935
 96       -0.0000070619
 97       -0.0000030180
 98       -0.0000019405
 99       -0.0000000816
 100      -0.0000007354
 101      -0.0000011065
 102      -0.0000000305
 103      -0.0000000703
 104      -0.0000021053
 105      -0.0000000917
 106       0.0000000020
 107       0.0000048714
 108       0.0000000382
 109       0.0000001319
 110       0.0000000160
 111       0.0000003650
 112       0.0000057356
 113       0.0000057140
 114       0.0000021799
 115       0.0000038672
 116       0.0000002093
 117       0.0000007628
 118       0.0000011388
 119       0.0000000131
 120       0.0000000246
 121       0.0000000456
 122       0.0000000050
 123       0.0000000008
 124      -0.0000000014
 125      -0.0000000136
 126       0.0000001137
 127       0.0000000089
 128       0.0000000788
 129      -0.0000000978
 130      -0.0000002240
 131      -0.0000001478
 132       0.0000000131
 133       0.0000000486
 134      -0.0000000031
 135       0.0000000140
 136      -0.0000000022
 137      -0.0000004997
 138      -0.0000004496
 139      -0.0000000618
 140       0.0000000004
 141      -0.0000000645
 142      -0.0000002197
 143       0.0000003813
 144       0.0000000319
 145       0.0000000830
 146       0.0000000316
 147       0.0000000059
 148       0.0000000155
 149      -0.0000000008
 150       0.0000000044
 151       0.0000000166
 152       0.0000003475
 153       0.0000000688
 154       0.0000006652
 155       0.0000000284
 156      -0.0000000002
 157       0.0000000012
 158       0.0000000002

 --------------------------------------------------------------------------------
                                  command: print                                 
 --------------------------------------------------------------------------------
 res.excitation_1_excited_dipole : [
  22.370998836913937,
  4.350153132411062,
  2.4231563864744103
]

 --------------------------------------------------------------------------------
                                  command: print                                 
 --------------------------------------------------------------------------------

 res.excitation_1_excited_atomic_charges:
                      1
 1         0.4463406376
 2        -0.1196093444
 3        -0.1602357034
 4        -0.1564940059
 5        -0.1186760674
 6        -0.2962366465
 7         0.1119525338
 8        -0.0245789972
 9        -0.0160477744
 10        0.0992933139
 11       -0.0964842311
 12       -0.0333583814
 13       -0.0767647337
 14        0.0139079759
 15       -0.2642886179
 16        0.0911165813
 17       -0.1373661262
 18       -0.1653095611
 19        0.1352706093
 20       -0.0948629587
 21        0.3377176884
 22       -0.4929683477
 23       -0.1404186931
 24       -0.3110331154
 25        0.1350596685
 26       -0.0081907141
 27       -0.0313084084
 28        0.0898794218
 29       -0.0957394811
 30       -0.0320486015
 31       -0.0964694035
 32       -0.2678157356
 33        0.0463371892
 34       -0.0562215034
 35       -0.1558432486
 36        0.1084898334
 37       -0.0975601598
 38        0.3488471705
 39       -0.4666818253
 40       -0.0936355001
 41        0.5499407125
 42       -0.4983622667
 43       -0.3424096082
 44        0.1141716566
 45        0.0390484059
 46        0.0452635041
 47        0.0259571247
 48        0.0305442267
 49        0.0280436353
 50        0.0413803091
 51        0.0302496777
 52        0.0350033476
 53        0.0262876374
 54        0.0447575566
 55        0.0196177659
 56        0.0152692339
 57        0.0381749910
 58        0.0307652704
 59        0.0405707212
 60        0.0563317878
 61        0.0676659253
 62        0.0434080823
 63        0.0330003185
 64        0.0263576313
 65        0.0399154929
 66        0.0250045578
 67        0.0252730016
 68        0.0276098661
 69        0.0209726898
 70        0.0275937565
 71        0.0385670383
 72        0.0328392000
 73        0.0644185835
 74        0.0441212571
 75        0.0579360317
 76        0.0542653776
 77        0.0459453913
 78        0.0449167844
 79        0.0516182740
 80        0.4480616237
 81       -0.0439737598
 82       -0.0976421333
 83       -0.0880627405
 84       -0.0718592085
 85       -0.2131478364
 86        0.1997578348
 87       -0.0246790938
 88       -0.0143344904
 89        0.2025696030
 90       -0.0865928054
 91       -0.0267232606
 92       -0.0750011082
 93        0.0135434774
 94       -0.2445510595
 95        0.2109953916
 96        0.0622195575
 97       -0.0940672797
 98        0.2325867686
 99       -0.0917835768
 100       0.3664428924
 101      -0.4629317684
 102      -0.1391311614
 103      -0.2338831082
 104       0.2129934392
 105      -0.0063819077
 106      -0.0282033080
 107       0.2042875948
 108      -0.0871164141
 109      -0.0270874657
 110      -0.0939847539
 111      -0.2649220325
 112       0.1978010714
 113       0.0756346661
 114      -0.0974319669
 115       0.1944114146
 116      -0.0935347048
 117       0.3749745267
 118      -0.4370400619
 119      -0.0936899800
 120       0.5514731684
 121      -0.4940122862
 122      -0.3427350032
 123       0.1150483052
 124       0.0382919363
 125       0.0480638203
 126       0.0292730024
 127       0.0342036310
 128       0.0303283729
 129       0.0443006750
 130       0.0334103824
 131       0.0350033617
 132       0.0269307483
 133       0.0476112828
 134       0.0193913674
 135       0.0150009049
 136       0.0369155975
 137       0.0418208450
 138       0.0528766405
 139       0.0604945600
 140       0.0678465813
 141       0.0463449899
 142       0.0392385966
 143       0.0359181624
 144       0.0379881295
 145       0.0275366550
 146       0.0271670182
 147       0.0260269524
 148       0.0221567990
 149       0.0277919158
 150       0.0391800384
 151       0.0325034835
 152       0.0728708736
 153       0.0458224711
 154       0.0736021054
 155       0.0560853631
 156       0.0444849675
 157       0.0421565480
 158       0.0530644752

 --------------------------------------------------------------------------------
                                  command: print                                 
 --------------------------------------------------------------------------------
 res.excitation_2_energy:                0.0675988101

 --------------------------------------------------------------------------------
                                  command: print                                 
 --------------------------------------------------------------------------------
 res.excitation_2_transition_dipole : [
  0.3038670774545761,
  -2.7653688861571823,
  0.119902901533787
]

 --------------------------------------------------------------------------------
                                  command: print                                 
 --------------------------------------------------------------------------------

 res.excitation_2_transition_charges:
                      1
 1        -0.0001291799
 2         0.0112132478
 3        -0.0137744507
 4        -0.0095962787
 5         0.0116201977
 6        -0.0015965099
 7         0.0185816438
 8        -0.0001372359
 9        -0.0000430085
 10       -0.0228404462
 11       -0.0026101134
 12        0.0015620974
 13        0.0001897821
 14        0.0003283193
 15       -0.0049019399
 16       -0.0328843880
 17       -0.0643222017
 18       -0.0193408935
 19       -0.0236918489
 20       -0.0008439852
 21       -0.0049411124
 22       -0.0072285014
 23       -0.0001633424
 24        0.0025536593
 25       -0.0148242833
 26       -0.0003703339
 27        0.0007068886
 28        0.0309942921
 29       -0.0013420332
 30        0.0014331170
 31        0.0004549020
 32        0.0003596956
 33        0.0450863632
 34        0.0419821830
 35        0.0174577605
 36        0.0257430800
 37        0.0011603283
 38        0.0061073881
 39        0.0088080129
 40        0.0000194208
 41       -0.0000100714
 42        0.0001559470
 43        0.0000120447
 44       -0.0000048592
 45       -0.0000071491
 46       -0.0001136812
 47        0.0008662581
 48        0.0002627754
 49       -0.0002875801
 50       -0.0004126171
 51       -0.0005686600
 52       -0.0005572494
 53        0.0000809220
 54        0.0002007426
 55       -0.0000171512
 56        0.0000766824
 57       -0.0000177823
 58       -0.0044913396
 59       -0.0042683065
 60       -0.0003897978
 61        0.0000056914
 62       -0.0004121501
 63       -0.0006801393
 64        0.0024735028
 65       -0.0002198085
 66       -0.0002750368
 67       -0.0002638061
 68        0.0000732532
 69        0.0001776165
 70        0.0000041232
 71        0.0000360812
 72        0.0002306405
 73        0.0023968554
 74        0.0004364110
 75        0.0047906353
 76       -0.0000645848
 77       -0.0000011404
 78        0.0000025845
 79       -0.0000001456
 80       -0.0000000007
 81       -0.0000000007
 82       -0.0000000013
 83        0.0000000001
 84        0.0000000003
 85       -0.0000000012
 86        0.0000000005
 87       -0.0000000000
 88       -0.0000000000
 89       -0.0000000005
 90       -0.0000000004
 91        0.0000000001
 92        0.0000000000
 93        0.0000000000
 94       -0.0000000001
 95       -0.0000000013
 96       -0.0000000018
 97       -0.0000000007
 98       -0.0000000005
 99       -0.0000000000
 100      -0.0000000002
 101      -0.0000000003
 102      -0.0000000000
 103       0.0000000003
 104      -0.0000000005
 105      -0.0000000000
 106       0.0000000000
 107       0.0000000013
 108      -0.0000000000
 109       0.0000000000
 110       0.0000000000
 111      -0.0000000006
 112       0.0000000014
 113       0.0000000015
 114       0.0000000005
 115       0.0000000010
 116       0.0000000000
 117       0.0000000002
 118       0.0000000003
 119      -0.0000000000
 120      -0.0000000000
 121      -0.0000000000
 122      -0.0000000000
 123      -0.0000000000
 124      -0.0000000000
 125      -0.0000000000
 126       0.0000000000
 127       0.0000000000
 128      -0.0000000000
 129      -0.0000000000
 130      -0.0000000001
 131      -0.0000000000
 132       0.0000000000
 133       0.0000000000
 134      -0.0000000000
 135       0.0000000000
 136      -0.0000000000
 137      -0.0000000001
 138      -0.0000000001
 139      -0.0000000000
 140       0.0000000000
 141      -0.0000000000
 142      -0.0000000001
 143       0.0000000001
 144       0.0000000000
 145       0.0000000000
 146       0.0000000000
 147       0.0000000000
 148       0.0000000000
 149      -0.0000000000
 150       0.0000000000
 151       0.0000000000
 152       0.0000000001
 153       0.0000000000
 154       0.0000000002
 155      -0.0000000001
 156      -0.0000000000
 157      -0.0000000000
 158      -0.0000000000

 --------------------------------------------------------------------------------
                                  command: print                                 
 --------------------------------------------------------------------------------
 res.excitation_3_energy:                0.0673717521

 --------------------------------------------------------------------------------
                                  command: print                                 
 --------------------------------------------------------------------------------
 res.excitation_3_transition_dipole : [
  -0.20562938152342564,
  2.5710375425521486,
  -1.0865549791558813
]

 --------------------------------------------------------------------------------
                                  command: print                                 
 --------------------------------------------------------------------------------

 res.excitation_3_transition_charges:
                      1
 1         0.0000000029
 2        -0.0000000003
 3        -0.0000000002
 4         0.0000000037
 5         0.0000000018
 6        -0.0000000003
 7        -0.0000000009
 8         0.0000000000
 9         0.0000000000
 10        0.0000000011
 11        0.0000000001
 12       -0.0000000000
 13       -0.0000000000
 14       -0.0000000000
 15        0.0000000028
 16        0.0000000009
 17        0.0000000025
 18        0.0000000006
 19        0.0000000012
 20        0.0000000000
 21        0.0000000002
 22        0.0000000002
 23        0.0000000000
 24        0.0000000037
 25        0.0000000006
 26        0.0000000000
 27       -0.0000000000
 28       -0.0000000006
 29        0.0000000001
 30       -0.0000000000
 31        0.0000000001
 32        0.0000000014
 33       -0.0000000017
 34       -0.0000000012
 35       -0.0000000007
 36       -0.0000000005
 37       -0.0000000000
 38       -0.0000000003
 39       -0.0000000004
 40        0.0000000000
 41        0.0000000000
 42        0.0000000000
 43        0.0000000000
 44        0.0000000000
 45        0.0000000000
 46        0.0000000000
 47       -0.0000000000
 48       -0.0000000000
 49        0.0000000000
 50        0.0000000000
 51        0.0000000000
 52        0.0000000000
 53       -0.0000000000
 54       -0.0000000000
 55       -0.0000000000
 56       -0.0000000000
 57       -0.0000000000
 58        0.0000000002
 59        0.0000000002
 60        0.0000000000
 61       -0.0000000000
 62        0.0000000000
 63        0.0000000000
 64       -0.0000000000
 65        0.0000000000
 66        0.0000000000
 67        0.0000000000
 68       -0.0000000000
 69       -0.0000000000
 70        0.0000000000
 71        0.0000000000
 72        0.0000000000
 73       -0.0000000001
 74       -0.0000000000
 75       -0.0000000001
 76        0.0000000001
 77        0.0000000000
 78        0.0000000000
 79       -0.0000000000
 80        0.0002570596
 81       -0.0158546319
 82        0.0108390437
 83        0.0120408598
 84       -0.0091555519
 85       -0.0011732107
 86       -0.0188522588
 87        0.0001575272
 88       -0.0000256384
 89        0.0232119707
 90        0.0024993370
 91       -0.0016240105
 92       -0.0001916552
 93       -0.0003505172
 94        0.0056094073
 95        0.0342697545
 96        0.0608895711
 97        0.0213003842
 98        0.0234572104
 99        0.0007795006
 100       0.0053239777
 101       0.0077830109
 102       0.0002054951
 103       0.0004630092
 104       0.0155447044
 105       0.0004074144
 106      -0.0006387657
 107      -0.0293412436
 108       0.0013128212
 109      -0.0014132922
 110      -0.0004309615
 111      -0.0009945392
 112      -0.0456757654
 113      -0.0418094697
 114      -0.0182616426
 115      -0.0238110164
 116      -0.0011906947
 117      -0.0063075753
 118      -0.0093207501
 119      -0.0000459412
 120      -0.0000997299
 121      -0.0002222423
 122      -0.0000243972
 123      -0.0000030987
 124       0.0000093711
 125       0.0001063363
 126      -0.0008810854
 127      -0.0002751438
 128       0.0002768333
 129       0.0003774552
 130       0.0005474688
 131       0.0005423143
 132      -0.0000843880
 133      -0.0002136593
 134       0.0000177184
 135      -0.0000788658
 136       0.0000201181
 137       0.0042618683
 138       0.0041332745
 139       0.0004402458
 140      -0.0000031442
 141       0.0004589407
 142       0.0006731722
 143      -0.0024449884
 144       0.0002229964
 145       0.0002856470
 146       0.0002732179
 147      -0.0000731607
 148      -0.0001700530
 149      -0.0000031011
 150      -0.0000381099
 151      -0.0002057180
 152      -0.0022828676
 153      -0.0004555714
 154      -0.0048719189
 155      -0.0000931727
 156       0.0000005522
 157      -0.0000053419
 158      -0.0000007166

 --------------------------------------------------------------------------------
                                  command: print                                 
 --------------------------------------------------------------------------------
 res.excitation_4_energy:                0.0540087127

 --------------------------------------------------------------------------------
                                  command: print                                 
 --------------------------------------------------------------------------------
 res.excitation_4_transition_dipole : [
  6.553919369488462e-05,
  0.00029866911872850657,
  -7.90167980907025e-05
]

 --------------------------------------------------------------------------------
                                  command: print                                 
 --------------------------------------------------------------------------------

 res.excitation_4_transition_charges:
                      1
 1         0.0000007150
 2         0.0000001814
 3        -0.0000002612
 4        -0.0000023100
 5         0.0000030485
 6        -0.0000002473
 7         0.0000029547
 8        -0.0000000483
 9         0.0000000069
 10       -0.0000045778
 11       -0.0000002892
 12        0.0000001756
 13        0.0000000126
 14        0.0000000475
 15       -0.0000018405
 16       -0.0000033905
 17       -0.0000101446
 18       -0.0000022684
 19       -0.0000051841
 20       -0.0000001448
 21       -0.0000006108
 22       -0.0000008400
 23       -0.0000000127
 24        0.0000007018
 25       -0.0000019816
 26       -0.0000000536
 27        0.0000001198
 28        0.0000028922
 29       -0.0000002250
 30        0.0000002127
 31        0.0000002015
 32       -0.0000000796
 33        0.0000069047
 34        0.0000052823
 35        0.0000027972
 36        0.0000021846
 37        0.0000001211
 38        0.0000009676
 39        0.0000013801
 40        0.0000000043
 41        0.0000000073
 42        0.0000000093
 43        0.0000000018
 44        0.0000000014
 45       -0.0000000021
 46       -0.0000000159
 47        0.0000001373
 48        0.0000001097
 49       -0.0000001255
 50       -0.0000000446
 51       -0.0000000477
 52       -0.0000000532
 53        0.0000000140
 54       -0.0000000009
 55        0.0000000008
 56        0.0000000080
 57       -0.0000000016
 58       -0.0000006865
 59       -0.0000007295
 60       -0.0000000434
 61       -0.0000000005
 62       -0.0000000481
 63       -0.0000000510
 64        0.0000002384
 65       -0.0000000347
 66       -0.0000000563
 67       -0.0000000346
 68        0.0000000034
 69        0.0000000204
 70        0.0000000050
 71       -0.0000000014
 72        0.0000000900
 73        0.0000002684
 74        0.0000000521
 75        0.0000006050
 76        0.0000000093
 77        0.0000000008
 78        0.0000000002
 79       -0.0000000001
 80        0.0000002737
 81        0.0000035807
 82        0.0000068949
 83       -0.0000016061
 84       -0.0000062403
 85        0.0000062320
 86       -0.0000040889
 87        0.0000000495
 88        0.0000000546
 89        0.0000058521
 90        0.0000010911
 91       -0.0000002712
 92       -0.0000000317
 93       -0.0000000546
 94       -0.0000001455
 95        0.0000083291
 96        0.0000155182
 97        0.0000049045
 98        0.0000061615
 99        0.0000001951
 100       0.0000011991
 101       0.0000018552
 102       0.0000000344
 103      -0.0000060653
 104       0.0000036930
 105       0.0000000447
 106      -0.0000002147
 107      -0.0000078772
 108       0.0000002762
 109      -0.0000004018
 110      -0.0000001261
 111       0.0000011561
 112      -0.0000114491
 113      -0.0000110510
 114      -0.0000043843
 115      -0.0000064392
 116      -0.0000002887
 117      -0.0000014151
 118      -0.0000020759
 119       0.0000000598
 120       0.0000001727
 121       0.0000000718
 122       0.0000000151
 123       0.0000000130
 124      -0.0000000011
 125       0.0000000298
 126      -0.0000002487
 127      -0.0000000609
 128       0.0000000649
 129       0.0000001432
 130       0.0000002785
 131       0.0000001832
 132      -0.0000000063
 133      -0.0000000323
 134       0.0000000041
 135      -0.0000000154
 136       0.0000000097
 137       0.0000010479
 138       0.0000010668
 139       0.0000000937
 140      -0.0000000032
 141       0.0000001066
 142       0.0000001762
 143      -0.0000006753
 144       0.0000000449
 145       0.0000000374
 146       0.0000000578
 147      -0.0000000185
 148      -0.0000000506
 149      -0.0000000009
 150      -0.0000000114
 151      -0.0000000574
 152      -0.0000006031
 153      -0.0000001082
 154      -0.0000012597
 155       0.0000002934
 156       0.0000000017
 157       0.0000000030
 158       0.0000000014

 --------------------------------------------------------------------------------

 End time:                               Fri Aug 20 14:49:20 2021
 Total wall-clock time:                  1.463 seconds
==================================================================================
