
================================================================================
          _____________ ________ _______________ ________     _________         
         / ___________// ______ \\_____   _____// ______ \   / ________)        
        / /_________  / /      \ \     | |     / /      \ \ | (_______          
       |  __________|| |        | |    | |    | |        | | \________ \        
        \ \_________ | |        | |    | |     \ \______/ /___________) |       
         \__________||_|        |_|    |_|      \________//____________/        
                                                                                
====================================[ Qcore ]===================================

 Git hash:   4f46786782e696c626e0064ff3d1a47267e124c4
 Git date:   Wed, 30 Jun 2021 10:19:53 +0100
 Compiler:   AppleClang 10.0.1.10010046
 Build type: Release
 Version:    1.4.1

 Start time: Mon Jul  5 14:44:04 2021

 Data directory: /Users/of15641/qcore/cmake-build-release/share/entos/1.4.1/data
 Number of threads: 2
 Number of threads was determined by: number of physical cores

 --------------------------------------------------------------------------------
                                   command: xtb                                  
 --------------------------------------------------------------------------------
 XTB basis setup:                        reference basis
 Number of basis functions:            488
 GFN version:                            chlorophyll
 Integral screening threshold:           1.00e-10
 Total charge:                           0.000000000
 Number of electrons:                  436.000000000
 Electronic temperature (Kelvin):        0.000000000

 D3BJ energy:                           -0.125970580
 Repulsive energy:                       3.040135508

 ****************************************************
  Running robust self-consistent charge (SCC) solver 
 ****************************************************
 Number of SCC trials:                   4
 Using the stop-early mechanism for the first 3 trials

 Conv. threshold (charge):               1.00e-05
 Conv. threshold (energy):               1.00e-06
 Initial guess:                          eeq

 -------------
  SCC Trial 1 
 -------------
 Broyden mixing factor:                  0.400000000
 Max number of iterations:             128

 ---------------------------------------------------------------
                  energy        change          grad        time
 ---------------------------------------------------------------
   0      -260.589600265                    6.60e-01        0.08
   1      -261.774308137     -1.18e+00      3.88e-01        0.04
   2      -261.792746746     -1.84e-02      1.03e-01        0.03
   3      -261.815895924     -2.31e-02      1.02e-02        0.03
   4      -261.817205719     -1.31e-03      5.04e-03        0.04
   5      -261.820395379     -3.19e-03      1.33e-03        0.03
   6      -261.820604405     -2.09e-04      3.52e-04        0.03
   7      -261.820613972     -9.57e-06      1.52e-04        0.03
   8      -261.820615569     -1.60e-06      4.31e-05        0.03
   9      -261.820615600     -3.17e-08      1.56e-05        0.03
  10      -261.820615602     -1.87e-09      6.08e-06        0.03
  11      -261.820615604     -1.40e-09      3.36e-06        0.03

 SCF converged in 10 iterations.

 Entropy contribution (-ST):             0.000000000
 Dipole moment (in Debye):              -5.198118      -0.589829       0.214581

 ----------------
  Excitation 0 1 
 ----------------
 Setting up Delta-SCF
 Ground-Excited state overlap:          -0.000000000
 No correction applied to the TDM.
 Excitation energy:                      0.057462651
 Excitation energy (in eV):              1.563638388
 Transition dipole:                      0.00072       0.01895      -0.00968

 -----------------
  Excitation -1 1 
 -----------------
 Setting up Delta-SCF
 Ground-Excited state overlap:           0.000000000
 No correction applied to the TDM.
 Excitation energy:                      0.096200964
 Excitation energy (in eV):              2.617761600
 Transition dipole:                      0.46930      -4.34914       0.23242

 ----------------
  Excitation 0 2 
 ----------------
 Setting up Delta-SCF
 Ground-Excited state overlap:           0.000000000
 No correction applied to the TDM.
 Excitation energy:                      0.095721334
 Excitation energy (in eV):              2.604710196
 Transition dipole:                      0.20717      -4.21988       1.19133

 -----------------
  Excitation -1 2 
 -----------------
 Setting up Delta-SCF
 Ground-Excited state overlap:          -0.000000000
 No correction applied to the TDM.
 Excitation energy:                      0.063495258
 Excitation energy (in eV):              1.727794001
 Transition dipole:                      0.00311      -0.02040      -0.00173
 TOTAL ENERGY:                        -261.820615604
 Saving results in set 'res'

 --------------------------------------------------------------------------------
                                  command: print                                 
 --------------------------------------------------------------------------------
 res.energy:                          -261.8206156037

 --------------------------------------------------------------------------------
                                  command: print                                 
 --------------------------------------------------------------------------------

 res.dipole:
                      1
 1        -2.0450970254
 2        -0.2320565193
 3         0.0844227933

 --------------------------------------------------------------------------------
                                  command: print                                 
 --------------------------------------------------------------------------------

 res.atomic_charges:
                      1
 1         0.3740662330
 2        -0.0562653147
 3        -0.1087093766
 4        -0.0932598239
 5        -0.0767715115
 6        -0.2370110440
 7         0.1298589905
 8        -0.0290792799
 9        -0.0284099326
 10        0.1181918815
 11       -0.0892111523
 12       -0.0577023948
 13       -0.0778040207
 14        0.0133177660
 15       -0.2949598992
 16        0.1403015136
 17       -0.0386746777
 18       -0.1140728286
 19        0.1617322602
 20       -0.0834364875
 21        0.3358330707
 22       -0.4208996430
 23       -0.1298957360
 24       -0.2504324731
 25        0.1496827276
 26       -0.0210106317
 27       -0.0355879836
 28        0.1158115606
 29       -0.0922797390
 30       -0.0525992170
 31       -0.0933921756
 32       -0.3013977070
 33        0.1030522009
 34        0.0038987121
 35       -0.1125593661
 36        0.1479932932
 37       -0.0865667356
 38        0.3448117393
 39       -0.3962848770
 40       -0.1067545178
 41        0.5194767227
 42       -0.4688919148
 43       -0.2894897241
 44        0.1050830376
 45        0.0515698109
 46        0.0516262582
 47        0.0393283818
 48        0.0427018419
 49        0.0453786292
 50        0.0435929470
 51        0.0362250679
 52        0.0360911338
 53        0.0400183468
 54        0.0595023579
 55        0.0257507024
 56        0.0204082426
 57        0.0357762523
 58        0.0384369052
 59        0.0477746710
 60        0.0592830213
 61        0.0598072028
 62        0.0498998044
 63        0.0481984081
 64        0.0380590025
 65        0.0412153169
 66        0.0329395541
 67        0.0304043290
 68        0.0356865021
 69        0.0321168088
 70        0.0297674847
 71        0.0347561826
 72        0.0398536866
 73        0.0623393999
 74        0.0378535555
 75        0.0631956312
 76        0.0598210920
 77        0.0328042699
 78        0.0305356962
 79        0.0475081600
 80        0.3738725339
 81       -0.0587290052
 82       -0.1049753935
 83       -0.0911796400
 84       -0.0755693112
 85       -0.2346858197
 86        0.1309772574
 87       -0.0310329670
 88       -0.0292465563
 89        0.1145946593
 90       -0.0895499005
 91       -0.0574528189
 92       -0.0768860531
 93        0.0116547843
 94       -0.2927382495
 95        0.1413774698
 96       -0.0380786101
 97       -0.1161189454
 98        0.1627305305
 99       -0.0833460213
 100       0.3354527179
 101      -0.4229210315
 102      -0.1289605940
 103      -0.2516771013
 104       0.1467523479
 105      -0.0214883001
 106      -0.0355049343
 107       0.1189952766
 108      -0.0910968562
 109      -0.0530044285
 110      -0.0927967998
 111      -0.3033725079
 112       0.1006944967
 113       0.0034957501
 114      -0.1120647113
 115       0.1477224889
 116      -0.0862120646
 117       0.3460803107
 118      -0.3986060779
 119      -0.1076614719
 120       0.5202998238
 121      -0.4649894677
 122      -0.2904407223
 123       0.1061021403
 124       0.0509575733
 125       0.0542797883
 126       0.0392524148
 127       0.0443374997
 128       0.0457157952
 129       0.0446357585
 130       0.0382144874
 131       0.0338658003
 132       0.0399053276
 133       0.0614145892
 134       0.0254485843
 135       0.0199215528
 136       0.0345178170
 137       0.0373088309
 138       0.0462960050
 139       0.0618322390
 140       0.0591154297
 141       0.0497735984
 142       0.0493322974
 143       0.0354706444
 144       0.0382008449
 145       0.0357441819
 146       0.0302093375
 147       0.0338539682
 148       0.0326939983
 149       0.0298714348
 150       0.0367803013
 151       0.0388815115
 152       0.0635549276
 153       0.0383032414
 154       0.0624476381
 155       0.0598202432
 156       0.0314557081
 157       0.0273015042
 158       0.0489407171

 --------------------------------------------------------------------------------
                                  command: print                                 
 --------------------------------------------------------------------------------
 res.excitation_1_energy:                0.0574626509

 --------------------------------------------------------------------------------
                                  command: print                                 
 --------------------------------------------------------------------------------
 res.excitation_1_transition_dipole : [
  0.0007174788407841415,
  0.018948457765428358,
  -0.009678016762255019
]

 --------------------------------------------------------------------------------
                                  command: print                                 
 --------------------------------------------------------------------------------

 res.excitation_1_transition_charges:
                      1
 1        -0.0000127658
 2        -0.0003214964
 3        -0.0001428059
 4         0.0002454203
 5         0.0000973189
 6        -0.0004337647
 7        -0.0001207813
 8        -0.0000000886
 9        -0.0000018758
 10        0.0001262279
 11        0.0000106155
 12       -0.0000138115
 13       -0.0000011922
 14       -0.0000020544
 15        0.0001576667
 16        0.0001642815
 17        0.0003226966
 18        0.0000994726
 19        0.0001455350
 20        0.0000045360
 21        0.0000189858
 22        0.0000286484
 23        0.0000009678
 24        0.0004267353
 25        0.0000851812
 26        0.0000061971
 27       -0.0000010313
 28       -0.0001568332
 29        0.0000111755
 30       -0.0000098762
 31        0.0000058223
 32       -0.0000791869
 33       -0.0002167623
 34       -0.0001962092
 35       -0.0000910616
 36       -0.0001385723
 37       -0.0000058255
 38       -0.0000257794
 39       -0.0000457647
 40       -0.0000020724
 41       -0.0000119710
 42       -0.0000069030
 43       -0.0000012853
 44       -0.0000007900
 45        0.0000001815
 46        0.0000002286
 47       -0.0000034832
 48       -0.0000031003
 49        0.0000039195
 50        0.0000010479
 51        0.0000015277
 52        0.0000019095
 53       -0.0000007105
 54       -0.0000025330
 55       -0.0000003387
 56       -0.0000002952
 57       -0.0000002283
 58        0.0000434884
 59        0.0000353154
 60        0.0000021065
 61        0.0000000201
 62        0.0000021343
 63        0.0000066528
 64       -0.0000126635
 65        0.0000010579
 66        0.0000029416
 67        0.0000015496
 68       -0.0000010372
 69       -0.0000012363
 70        0.0000004827
 71        0.0000036053
 72        0.0000032583
 73       -0.0000200536
 74       -0.0000033646
 75       -0.0000407161
 76       -0.0000165711
 77       -0.0000001168
 78       -0.0000002828
 79       -0.0000002893
 80       -0.0000080930
 81        0.0000324301
 82       -0.0000076069
 83       -0.0000174133
 84        0.0000067452
 85        0.0000150383
 86        0.0000271256
 87        0.0000007403
 88        0.0000013877
 89       -0.0000183219
 90       -0.0000109803
 91        0.0000050880
 92        0.0000002467
 93        0.0000008246
 94       -0.0000037072
 95       -0.0000517101
 96       -0.0000630011
 97       -0.0000273281
 98       -0.0000207796
 99       -0.0000006160
 100      -0.0000045712
 101      -0.0000094312
 102      -0.0000003146
 103      -0.0000039556
 104      -0.0000230395
 105      -0.0000004888
 106       0.0000004522
 107       0.0000482164
 108      -0.0000014487
 109       0.0000029220
 110       0.0000000459
 111       0.0000081509
 112       0.0000588135
 113       0.0000526178
 114       0.0000261602
 115       0.0000395518
 116       0.0000018820
 117       0.0000065401
 118       0.0000121972
 119       0.0000003304
 120       0.0000009580
 121       0.0000007761
 122       0.0000001392
 123       0.0000000638
 124       0.0000000415
 125      -0.0000001110
 126       0.0000012806
 127       0.0000014813
 128       0.0000010252
 129      -0.0000009121
 130      -0.0000062633
 131      -0.0000025742
 132       0.0000000688
 133       0.0000005508
 134       0.0000002035
 135       0.0000000968
 136      -0.0000000022
 137      -0.0000079022
 138      -0.0000061530
 139      -0.0000006951
 140       0.0000000022
 141      -0.0000007562
 142      -0.0000017560
 143       0.0000053066
 144      -0.0000000513
 145       0.0000001872
 146      -0.0000001004
 147       0.0000001449
 148       0.0000003194
 149       0.0000000190
 150       0.0000001082
 151       0.0000003067
 152       0.0000052710
 153       0.0000008265
 154       0.0000110181
 155       0.0000009916
 156       0.0000000064
 157       0.0000000313
 158       0.0000000224

 --------------------------------------------------------------------------------
                                  command: print                                 
 --------------------------------------------------------------------------------
 res.excitation_1_excited_dipole : [
  17.589961099509097,
  1.2813097975212653,
  1.3889103973445636
]

 --------------------------------------------------------------------------------
                                  command: print                                 
 --------------------------------------------------------------------------------

 res.excitation_1_excited_atomic_charges:
                      1
 1         0.3735619343
 2        -0.1139244342
 3        -0.1533536243
 4        -0.1441839230
 5        -0.1114263964
 6        -0.3413397532
 7         0.1162954370
 8        -0.0293086285
 9        -0.0291458559
 10        0.1021928596
 11       -0.0916540599
 12       -0.0592648877
 13       -0.0781164208
 14        0.0129670525
 15       -0.3051786005
 16        0.1069440001
 17       -0.1385828585
 18       -0.1628106090
 19        0.1406308782
 20       -0.0838670815
 21        0.3187709224
 22       -0.4431246183
 23       -0.1303694389
 24       -0.3607484010
 25        0.1405716766
 26       -0.0220020479
 27       -0.0361070868
 28        0.0892874435
 29       -0.0934143557
 30       -0.0544429220
 31       -0.0936878002
 32       -0.3045434732
 33        0.0540013116
 34       -0.0603492656
 35       -0.1489615228
 36        0.1234458841
 37       -0.0873495402
 38        0.3306320660
 39       -0.4159262011
 40       -0.1068771461
 41        0.5180357517
 42       -0.4696794207
 43       -0.2896602947
 44        0.1050158810
 45        0.0514940063
 46        0.0516154552
 47        0.0386656330
 48        0.0422944426
 49        0.0448374036
 50        0.0431036172
 51        0.0350216106
 52        0.0355083011
 53        0.0397508464
 54        0.0591021934
 55        0.0257168163
 56        0.0203641479
 57        0.0357204308
 58        0.0278376989
 59        0.0381320762
 60        0.0571953314
 61        0.0598037557
 62        0.0478658361
 63        0.0474493952
 64        0.0356724105
 65        0.0410789692
 66        0.0324495932
 67        0.0302007054
 68        0.0356022299
 69        0.0317395606
 70        0.0297295454
 71        0.0346939503
 72        0.0392103662
 73        0.0567128576
 74        0.0370504850
 75        0.0523383256
 76        0.0582691668
 77        0.0327971408
 78        0.0304981187
 79        0.0474792027
 80        0.3757796569
 81       -0.0433828192
 82       -0.1021978987
 83       -0.0802416388
 84       -0.0727253245
 85       -0.2293612109
 86        0.2038892473
 87       -0.0293784833
 88       -0.0272869584
 89        0.1982059405
 90       -0.0812455535
 91       -0.0509677163
 92       -0.0766495465
 93        0.0124773275
 94       -0.2754444734
 95        0.2236752774
 96        0.0428536377
 97       -0.0936140943
 98        0.2400910249
 99       -0.0805997931
 100       0.3374828967
 101      -0.4170479284
 102      -0.1286771012
 103      -0.2509759432
 104       0.2191599789
 105      -0.0199350703
 106      -0.0332726216
 107       0.1964616062
 108      -0.0836099916
 109      -0.0467410035
 110      -0.0919983663
 111      -0.2987825631
 112       0.1980625049
 113       0.0529487383
 114      -0.0879888408
 115       0.2027401502
 116      -0.0832814360
 117       0.3500304570
 118      -0.3885802220
 119      -0.1073819110
 120       0.5206299474
 121      -0.4645047015
 122      -0.2903684230
 123       0.1061262141
 124       0.0510126272
 125       0.0550793378
 126       0.0418917895
 127       0.0472555753
 128       0.0485299075
 129       0.0449421109
 130       0.0393080495
 131       0.0350383922
 132       0.0400772459
 133       0.0618528593
 134       0.0258945417
 135       0.0200716336
 136       0.0345378897
 137       0.0497197344
 138       0.0558499700
 139       0.0621710846
 140       0.0591169275
 141       0.0501619267
 142       0.0562550041
 143       0.0467403501
 144       0.0386820587
 145       0.0365255690
 146       0.0311090794
 147       0.0340697208
 148       0.0330313049
 149       0.0299456815
 150       0.0370737617
 151       0.0395501037
 152       0.0688661543
 153       0.0391864991
 154       0.0742830401
 155       0.0601163516
 156       0.0314572662
 157       0.0273174394
 158       0.0489519852

 --------------------------------------------------------------------------------
                                  command: print                                 
 --------------------------------------------------------------------------------
 res.excitation_2_energy:                0.0962009644

 --------------------------------------------------------------------------------
                                  command: print                                 
 --------------------------------------------------------------------------------
 res.excitation_2_transition_dipole : [
  0.4693044382004341,
  -4.349142277210082,
  0.23242336898529461
]

 --------------------------------------------------------------------------------
                                  command: print                                 
 --------------------------------------------------------------------------------

 res.excitation_2_transition_charges:
                      1
 1         0.0000066501
 2         0.0203374784
 3        -0.0176154695
 4        -0.0160211292
 5         0.0147700924
 6         0.0012787606
 7         0.0303814718
 8        -0.0001422606
 9        -0.0001633836
 10       -0.0367090235
 11       -0.0045271548
 12        0.0029302012
 13        0.0002044713
 14        0.0005098103
 15       -0.0106917855
 16       -0.0508648961
 17       -0.0926075864
 18       -0.0304430559
 19       -0.0408500371
 20       -0.0012194454
 21       -0.0053996197
 22       -0.0106160974
 23       -0.0002751716
 24        0.0050954438
 25       -0.0248309985
 26       -0.0003592225
 27        0.0009879949
 28        0.0476104353
 29       -0.0028441293
 30        0.0034876777
 31        0.0004872959
 32        0.0012731167
 33        0.0695300286
 34        0.0579658200
 35        0.0289921001
 36        0.0389825315
 37        0.0016104676
 38        0.0073327333
 39        0.0135895826
 40        0.0000802818
 41        0.0002305437
 42        0.0003845032
 43        0.0000556715
 44        0.0000127982
 45       -0.0000169576
 46       -0.0000892951
 47        0.0013765870
 48        0.0010472057
 49       -0.0011658065
 50       -0.0004158548
 51       -0.0011861000
 52       -0.0008344288
 53        0.0000630469
 54        0.0003084965
 55        0.0000834424
 56        0.0000611206
 57       -0.0000158185
 58       -0.0116433873
 59       -0.0099553537
 60       -0.0007701909
 61        0.0000046477
 62       -0.0008085959
 63       -0.0020128848
 64        0.0053070219
 65       -0.0002450240
 66       -0.0005000301
 67       -0.0002884268
 68        0.0001395343
 69        0.0003854915
 70        0.0000566970
 71        0.0001158218
 72        0.0006997727
 73        0.0058214799
 74        0.0008365047
 75        0.0115677856
 76        0.0001073354
 77       -0.0000009357
 78        0.0000138309
 79        0.0000061635
 80       -0.0000000943
 81       -0.0000001097
 82       -0.0000001305
 83        0.0000000394
 84        0.0000001145
 85       -0.0000003285
 86        0.0000000873
 87        0.0000000009
 88        0.0000000001
 89       -0.0000000690
 90       -0.0000001287
 91        0.0000000130
 92        0.0000000007
 93        0.0000000022
 94       -0.0000000059
 95       -0.0000001989
 96       -0.0000002385
 97       -0.0000001018
 98       -0.0000000796
 99       -0.0000000022
 100      -0.0000000164
 101      -0.0000000378
 102      -0.0000000008
 103       0.0000001885
 104      -0.0000000858
 105       0.0000000002
 106       0.0000000028
 107       0.0000001990
 108      -0.0000000087
 109       0.0000000132
 110       0.0000000002
 111      -0.0000001252
 112       0.0000002363
 113       0.0000002124
 114       0.0000001004
 115       0.0000001581
 116       0.0000000068
 117       0.0000000233
 118       0.0000000442
 119      -0.0000000035
 120      -0.0000000110
 121      -0.0000000044
 122      -0.0000000010
 123      -0.0000000007
 124      -0.0000000000
 125      -0.0000000005
 126       0.0000000060
 127       0.0000000046
 128       0.0000000011
 129      -0.0000000115
 130      -0.0000000617
 131      -0.0000000058
 132      -0.0000000002
 133       0.0000000011
 134       0.0000000006
 135       0.0000000003
 136      -0.0000000000
 137      -0.0000000278
 138      -0.0000000233
 139      -0.0000000027
 140       0.0000000001
 141      -0.0000000027
 142      -0.0000000075
 143       0.0000000239
 144      -0.0000000001
 145       0.0000000003
 146      -0.0000000006
 147       0.0000000005
 148       0.0000000016
 149       0.0000000001
 150       0.0000000005
 151       0.0000000014
 152       0.0000000216
 153       0.0000000028
 154       0.0000000425
 155      -0.0000000163
 156      -0.0000000002
 157      -0.0000000002
 158      -0.0000000002

 --------------------------------------------------------------------------------
                                  command: print                                 
 --------------------------------------------------------------------------------
 res.excitation_3_energy:                0.0957213341

 --------------------------------------------------------------------------------
                                  command: print                                 
 --------------------------------------------------------------------------------
 res.excitation_3_transition_dipole : [
  0.20717339597551498,
  -4.2198806091942425,
  1.1913319297877039
]

 --------------------------------------------------------------------------------
                                  command: print                                 
 --------------------------------------------------------------------------------

 res.excitation_3_transition_charges:
                      1
 1         0.0000005585
 2        -0.0000001181
 3        -0.0000000554
 4         0.0000003158
 5         0.0000001167
 6        -0.0000000587
 7        -0.0000001159
 8         0.0000000048
 9         0.0000000004
 10        0.0000002005
 11        0.0000000118
 12       -0.0000000041
 13       -0.0000000001
 14       -0.0000000008
 15        0.0000006261
 16        0.0000000919
 17        0.0000003419
 18        0.0000000887
 19        0.0000002249
 20        0.0000000053
 21        0.0000000170
 22        0.0000000226
 23        0.0000000008
 24        0.0000007336
 25        0.0000000216
 26        0.0000000172
 27       -0.0000000022
 28       -0.0000000470
 29        0.0000000151
 30        0.0000000029
 31        0.0000001888
 32        0.0000003327
 33       -0.0000002284
 34       -0.0000001382
 35       -0.0000000872
 36       -0.0000000286
 37       -0.0000000019
 38       -0.0000000241
 39       -0.0000000438
 40        0.0000000025
 41        0.0000000010
 42       -0.0000000015
 43       -0.0000000004
 44        0.0000000006
 45        0.0000000003
 46       -0.0000000002
 47       -0.0000000031
 48       -0.0000000052
 49        0.0000000106
 50        0.0000000010
 51        0.0000000008
 52        0.0000000005
 53       -0.0000000000
 54        0.0000000008
 55       -0.0000000001
 56       -0.0000000000
 57       -0.0000000004
 58        0.0000000454
 59        0.0000000416
 60        0.0000000017
 61        0.0000000001
 62        0.0000000018
 63        0.0000000007
 64       -0.0000000196
 65        0.0000000011
 66        0.0000000048
 67        0.0000000021
 68        0.0000000032
 69       -0.0000000004
 70        0.0000000254
 71        0.0000003673
 72        0.0000000293
 73       -0.0000000121
 74       -0.0000000023
 75       -0.0000000262
 76        0.0000000065
 77        0.0000000001
 78       -0.0000000000
 79       -0.0000000001
 80        0.0002318340
 81       -0.0308997628
 82        0.0103917753
 83        0.0222093916
 84       -0.0091803956
 85       -0.0126975628
 86       -0.0308256972
 87        0.0001603046
 88        0.0000159294
 89        0.0369433913
 90        0.0043199461
 91       -0.0030585060
 92       -0.0002123486
 93       -0.0005547395
 94        0.0137141721
 95        0.0528206081
 96        0.0875421513
 97        0.0329430659
 98        0.0399790741
 99        0.0011504182
 100       0.0057120672
 101       0.0112344337
 102       0.0003344303
 103       0.0070183646
 104       0.0261119670
 105       0.0004943782
 106      -0.0008603343
 107      -0.0441486587
 108       0.0027906000
 109      -0.0033726463
 110      -0.0004556053
 111      -0.0034694689
 112      -0.0692469363
 113      -0.0571192005
 114      -0.0300828076
 115      -0.0356050331
 116      -0.0015942879
 117      -0.0075903847
 118      -0.0143161438
 119      -0.0001450765
 120      -0.0007512954
 121      -0.0006379828
 122      -0.0001237410
 123      -0.0000436462
 124       0.0000209824
 125       0.0000837245
 126      -0.0013859635
 127      -0.0010546974
 128       0.0010987413
 129       0.0003709194
 130       0.0011387042
 131       0.0008312376
 132      -0.0000683006
 133      -0.0003406340
 134      -0.0000859073
 135      -0.0000633452
 136       0.0000060810
 137       0.0112340692
 138       0.0094061530
 139       0.0008231456
 140      -0.0000023208
 141       0.0009043541
 142       0.0019731791
 143      -0.0051469640
 144       0.0002556908
 145       0.0005279541
 146       0.0003070213
 147      -0.0001359424
 148      -0.0003518165
 149      -0.0000500563
 150      -0.0001156863
 151      -0.0006250467
 152      -0.0054235285
 153      -0.0008592454
 154      -0.0116091402
 155      -0.0007420537
 156      -0.0000040771
 157      -0.0000271508
 158      -0.0000195850

 --------------------------------------------------------------------------------
                                  command: print                                 
 --------------------------------------------------------------------------------
 res.excitation_4_energy:                0.0634952584

 --------------------------------------------------------------------------------
                                  command: print                                 
 --------------------------------------------------------------------------------
 res.excitation_4_transition_dipole : [
  0.0031120519823235934,
  -0.020399287201929194,
  -0.0017343579827682456
]

 --------------------------------------------------------------------------------
                                  command: print                                 
 --------------------------------------------------------------------------------

 res.excitation_4_transition_charges:
                      1
 1         0.0000151505
 2         0.0000075707
 3        -0.0000082872
 4        -0.0000201021
 5         0.0000172316
 6         0.0000055073
 7         0.0000292729
 8        -0.0000006896
 9        -0.0000007700
 10       -0.0000576685
 11       -0.0000020172
 12        0.0000011960
 13        0.0000000194
 14        0.0000002078
 15       -0.0000320962
 16       -0.0000279464
 17       -0.0000982830
 18       -0.0000264893
 19       -0.0000630648
 20       -0.0000014068
 21       -0.0000048085
 22       -0.0000083862
 23       -0.0000001491
 24        0.0000094872
 25       -0.0000062012
 26       -0.0000015301
 27        0.0000019517
 28        0.0000150078
 29       -0.0000036971
 30        0.0000034793
 31        0.0000090640
 32       -0.0000013440
 33        0.0000734106
 34        0.0000409145
 35        0.0000276217
 36        0.0000083606
 37        0.0000005970
 38        0.0000069809
 39        0.0000132780
 40       -0.0000001256
 41        0.0000000075
 42        0.0000001283
 43        0.0000000249
 44       -0.0000000060
 45        0.0000000797
 46        0.0000000692
 47        0.0000012100
 48        0.0000017268
 49       -0.0000025577
 50       -0.0000004503
 51       -0.0000000507
 52       -0.0000001753
 53        0.0000000721
 54       -0.0000001040
 55        0.0000000342
 56        0.0000000030
 57        0.0000000073
 58       -0.0000121458
 59       -0.0000117148
 60       -0.0000006097
 61        0.0000000031
 62       -0.0000006584
 63        0.0000002534
 64        0.0000085006
 65       -0.0000002592
 66       -0.0000008336
 67       -0.0000004278
 68       -0.0000003883
 69        0.0000001682
 70        0.0000015921
 71        0.0000020493
 72        0.0000066112
 73        0.0000035108
 74        0.0000005808
 75        0.0000074802
 76       -0.0000000465
 77        0.0000000010
 78        0.0000000023
 79        0.0000000028
 80        0.0000041685
 81        0.0001045045
 82        0.0001692623
 83       -0.0000520565
 84       -0.0001565003
 85        0.0002780275
 86       -0.0000992595
 87        0.0000005869
 88        0.0000020158
 89        0.0001374647
 90        0.0000276563
 91       -0.0000078712
 92       -0.0000005706
 93       -0.0000014723
 94       -0.0000342083
 95        0.0002031177
 96        0.0003311900
 97        0.0001224911
 98        0.0001531428
 99        0.0000039602
 100       0.0000206027
 101       0.0000450756
 102       0.0000007979
 103      -0.0003038380
 104       0.0000968487
 105      -0.0000003372
 106      -0.0000052155
 107      -0.0001821920
 108       0.0000082717
 109      -0.0000152694
 110      -0.0000023453
 111       0.0000510213
 112      -0.0002780474
 113      -0.0002305582
 114      -0.0001160484
 115      -0.0001422325
 116      -0.0000058722
 117      -0.0000269524
 118      -0.0000517268
 119       0.0000014038
 120       0.0000085106
 121       0.0000033053
 122       0.0000008679
 123       0.0000005035
 124      -0.0000001567
 125       0.0000003617
 126      -0.0000065149
 127      -0.0000033237
 128       0.0000033718
 129       0.0000018792
 130       0.0000114970
 131       0.0000028979
 132      -0.0000000177
 133      -0.0000007164
 134      -0.0000002295
 135      -0.0000001967
 136       0.0000001765
 137       0.0000393830
 138       0.0000356127
 139       0.0000031944
 140      -0.0000000649
 141       0.0000032799
 142       0.0000082778
 143      -0.0000233594
 144       0.0000004289
 145      -0.0000008395
 146       0.0000011562
 147      -0.0000005174
 148      -0.0000017752
 149      -0.0000002440
 150      -0.0000005715
 151      -0.0000029277
 152      -0.0000222429
 153      -0.0000028571
 154      -0.0000450083
 155       0.0000124247
 156       0.0000001008
 157       0.0000001516
 158       0.0000002086

 --------------------------------------------------------------------------------

 End time:                               Mon Jul  5 14:44:06 2021
 Total wall-clock time:                  1.631 seconds
==================================================================================
