
================================================================================
          _____________ ________ _______________ ________     _________         
         / ___________// ______ \\_____   _____// ______ \   / ________)        
        / /_________  / /      \ \     | |     / /      \ \ | (_______          
       |  __________|| |        | |    | |    | |        | | \________ \        
        \ \_________ | |        | |    | |     \ \______/ /___________) |       
         \__________||_|        |_|    |_|      \________//____________/        
                                                                                
====================================[ Qcore ]===================================

 Git hash:   4f46786782e696c626e0064ff3d1a47267e124c4
 Git date:   Wed, 30 Jun 2021 10:19:53 +0100
 Compiler:   AppleClang 10.0.1.10010046
 Build type: Release
 Version:    1.4.1

 Start time: Mon Jul  5 14:52:38 2021

 Data directory: /Users/of15641/qcore/cmake-build-release/share/entos/1.4.1/data
 Number of threads: 2
 Number of threads was determined by: number of physical cores

 --------------------------------------------------------------------------------
                                   command: xtb                                  
 --------------------------------------------------------------------------------
 XTB basis setup:                        reference basis
 Number of basis functions:            488
 GFN version:                            chlorophyll
 Integral screening threshold:           1.00e-10
 Total charge:                           0.000000000
 Number of electrons:                  436.000000000
 Electronic temperature (Kelvin):        0.000000000

 D3BJ energy:                           -0.125171172
 Repulsive energy:                       3.040140219

 ****************************************************
  Running robust self-consistent charge (SCC) solver 
 ****************************************************
 Number of SCC trials:                   4
 Using the stop-early mechanism for the first 3 trials

 Conv. threshold (charge):               1.00e-05
 Conv. threshold (energy):               1.00e-06
 Initial guess:                          eeq

 -------------
  SCC Trial 1 
 -------------
 Broyden mixing factor:                  0.400000000
 Max number of iterations:             128

 ---------------------------------------------------------------
                  energy        change          grad        time
 ---------------------------------------------------------------
   0      -260.589165771                    6.60e-01        0.07
   1      -261.773446702     -1.18e+00      3.88e-01        0.06
   2      -261.790749754     -1.73e-02      1.03e-01        0.05
   3      -261.813235673     -2.25e-02      1.06e-02        0.06
   4      -261.814243570     -1.01e-03      6.12e-03        0.09
   5      -261.819617214     -5.37e-03      1.37e-03        0.09
   6      -261.819839330     -2.22e-04      4.20e-04        0.06
   7      -261.819856005     -1.67e-05      1.59e-04        0.06
   8      -261.819857645     -1.64e-06      4.56e-05        0.05
   9      -261.819857676     -3.11e-08      1.65e-05        0.06
  10      -261.819857679     -2.75e-09      5.33e-06        0.05
  11      -261.819857680     -5.09e-10      2.23e-06        0.06

 SCF converged in 10 iterations.

 Entropy contribution (-ST):             0.000000000
 Dipole moment (in Debye):              -5.816752       5.122444       1.917401

 ----------------
  Excitation 0 1 
 ----------------
 Setting up Delta-SCF
 Ground-Excited state overlap:          -0.000000000
 No correction applied to the TDM.
 Excitation energy:                      0.059446826
 Excitation energy (in eV):              1.617630550
 Transition dipole:                      0.00000      -0.00063       0.00024

 -----------------
  Excitation -1 1 
 -----------------
 Setting up Delta-SCF
 Ground-Excited state overlap:          -0.000000000
 No correction applied to the TDM.
 Excitation energy:                      0.096574224
 Excitation energy (in eV):              2.627918521
 Transition dipole:                     -0.46904       4.35070      -0.22730

 ----------------
  Excitation 0 2 
 ----------------
 Setting up Delta-SCF
 Ground-Excited state overlap:           0.000000000
 No correction applied to the TDM.
 Excitation energy:                      0.096095990
 Excitation energy (in eV):              2.614905092
 Transition dipole:                     -0.51485       4.32160       0.58752

 -----------------
  Excitation -1 2 
 -----------------
 Setting up Delta-SCF
 Ground-Excited state overlap:          -0.000000000
 No correction applied to the TDM.
 Excitation energy:                      0.062245092
 Excitation energy (in eV):              1.693775245
 Transition dipole:                     -0.00004       0.00060       0.00024
 TOTAL ENERGY:                        -261.819857680
 Saving results in set 'res'

 --------------------------------------------------------------------------------
                                  command: print                                 
 --------------------------------------------------------------------------------
 res.energy:                          -261.8198576796

 --------------------------------------------------------------------------------
                                  command: print                                 
 --------------------------------------------------------------------------------

 res.dipole:
                      1
 1        -2.2884864195
 2         2.0153244955
 3         0.7543634230

 --------------------------------------------------------------------------------
                                  command: print                                 
 --------------------------------------------------------------------------------

 res.atomic_charges:
                      1
 1         0.3742976705
 2        -0.0564192026
 3        -0.1088605349
 4        -0.0932182076
 5        -0.0764831580
 6        -0.2371456161
 7         0.1298002791
 8        -0.0290733759
 9        -0.0283983270
 10        0.1180398728
 11       -0.0892016357
 12       -0.0577143200
 13       -0.0776513118
 14        0.0128009156
 15       -0.2948964474
 16        0.1401936955
 17       -0.0389962296
 18       -0.1142282481
 19        0.1616658013
 20       -0.0833309866
 21        0.3357338274
 22       -0.4212009357
 23       -0.1298456327
 24       -0.2502981596
 25        0.1498098454
 26       -0.0210895030
 27       -0.0354904781
 28        0.1162743790
 29       -0.0922123209
 30       -0.0526838181
 31       -0.0935416203
 32       -0.3013064516
 33        0.1034450173
 34        0.0043868954
 35       -0.1124412891
 36        0.1481035935
 37       -0.0866744434
 38        0.3448724336
 39       -0.3962289655
 40       -0.1067513411
 41        0.5194978220
 42       -0.4690459124
 43       -0.2894726309
 44        0.1052106740
 45        0.0513439093
 46        0.0514754509
 47        0.0398170614
 48        0.0425589314
 49        0.0452031648
 50        0.0435568296
 51        0.0362269615
 52        0.0358981499
 53        0.0401308108
 54        0.0594424924
 55        0.0256708376
 56        0.0203845038
 57        0.0356898883
 58        0.0381095914
 59        0.0474785223
 60        0.0592157903
 61        0.0590826027
 62        0.0496946090
 63        0.0484342885
 64        0.0378688245
 65        0.0410330012
 66        0.0326290192
 67        0.0303781418
 68        0.0356063724
 69        0.0323963133
 70        0.0297316042
 71        0.0367575652
 72        0.0398424055
 73        0.0629236107
 74        0.0383574515
 75        0.0630641394
 76        0.0596719393
 77        0.0326917456
 78        0.0303562547
 79        0.0470455898
 80        0.3738987347
 81       -0.0583633777
 82       -0.1053070174
 83       -0.0919460215
 84       -0.0754240308
 85       -0.2346662114
 86        0.1312990053
 87       -0.0310729596
 88       -0.0292660145
 89        0.1146709861
 90       -0.0896051784
 91       -0.0574130697
 92       -0.0769743121
 93        0.0118069536
 94       -0.2927799938
 95        0.1408882202
 96       -0.0392430219
 97       -0.1170617258
 98        0.1621362824
 99       -0.0830416058
 100       0.3350828625
 101      -0.4234235266
 102      -0.1289869612
 103      -0.2520220714
 104       0.1464114591
 105      -0.0216000629
 106      -0.0355179517
 107       0.1192942226
 108      -0.0909252415
 109      -0.0530693686
 110      -0.0928106590
 111      -0.3034297360
 112       0.1011415290
 113       0.0041257130
 114      -0.1117734138
 115       0.1479170754
 116      -0.0864366326
 117       0.3462181371
 118      -0.3980192809
 119      -0.1077301311
 120       0.5203624705
 121      -0.4649629737
 122      -0.2903186536
 123       0.1060801285
 124       0.0506367818
 125       0.0536305368
 126       0.0398862268
 127       0.0448072527
 128       0.0457962726
 129       0.0452794370
 130       0.0375463790
 131       0.0349499648
 132       0.0397629578
 133       0.0614008982
 134       0.0258055998
 135       0.0199307648
 136       0.0345439656
 137       0.0356018912
 138       0.0464255952
 139       0.0606959900
 140       0.0589579504
 141       0.0503173834
 142       0.0495174765
 143       0.0360443791
 144       0.0382751984
 145       0.0338564262
 146       0.0309271179
 147       0.0341488347
 148       0.0332003295
 149       0.0297840222
 150       0.0370658354
 151       0.0387777103
 152       0.0639492944
 153       0.0387139493
 154       0.0634592186
 155       0.0601415310
 156       0.0316837100
 157       0.0273742811
 158       0.0489622696

 --------------------------------------------------------------------------------
                                  command: print                                 
 --------------------------------------------------------------------------------
 res.excitation_1_energy:                0.0594468262

 --------------------------------------------------------------------------------
                                  command: print                                 
 --------------------------------------------------------------------------------
 res.excitation_1_transition_dipole : [
  4.769697111538046e-06,
  -0.0006294937234596811,
  0.0002402152998882721
]

 --------------------------------------------------------------------------------
                                  command: print                                 
 --------------------------------------------------------------------------------

 res.excitation_1_transition_charges:
                      1
 1         0.0000002088
 2         0.0000096118
 3         0.0000021485
 4        -0.0000074869
 5        -0.0000014347
 6         0.0000106180
 7         0.0000053461
 8        -0.0000000225
 9         0.0000000523
 10       -0.0000058759
 11       -0.0000006264
 12        0.0000005446
 13        0.0000000419
 14        0.0000000872
 15       -0.0000047211
 16       -0.0000080410
 17       -0.0000151550
 18       -0.0000048145
 19       -0.0000066242
 20       -0.0000002008
 21       -0.0000008724
 22       -0.0000015778
 23       -0.0000000516
 24       -0.0000099268
 25       -0.0000040764
 26       -0.0000001301
 27        0.0000001215
 28        0.0000073650
 29       -0.0000004922
 30        0.0000005125
 31        0.0000000201
 32        0.0000019782
 33        0.0000107392
 34        0.0000091901
 35        0.0000044447
 36        0.0000062717
 37        0.0000002646
 38        0.0000011848
 39        0.0000021807
 40        0.0000000533
 41        0.0000003322
 42        0.0000002036
 43        0.0000000402
 44        0.0000000197
 45       -0.0000000066
 46       -0.0000000132
 47        0.0000001927
 48        0.0000001659
 49       -0.0000001880
 50       -0.0000000539
 51       -0.0000001286
 52       -0.0000001122
 53        0.0000000160
 54        0.0000000738
 55        0.0000000138
 56        0.0000000112
 57        0.0000000042
 58       -0.0000019743
 59       -0.0000016189
 60       -0.0000001175
 61       -0.0000000002
 62       -0.0000001247
 63       -0.0000003259
 64        0.0000007881
 65       -0.0000000454
 66       -0.0000001118
 67       -0.0000000566
 68        0.0000000249
 69        0.0000000517
 70        0.0000000052
 71        0.0000000067
 72        0.0000000642
 73        0.0000009280
 74        0.0000001435
 75        0.0000018638
 76        0.0000004139
 77        0.0000000026
 78        0.0000000084
 79        0.0000000080
 80        0.0000002127
 81       -0.0000007686
 82        0.0000002394
 83        0.0000003699
 84       -0.0000001395
 85       -0.0000003203
 86       -0.0000005702
 87       -0.0000000040
 88       -0.0000000094
 89        0.0000004989
 90        0.0000001327
 91       -0.0000000792
 92       -0.0000000055
 93       -0.0000000129
 94        0.0000000204
 95        0.0000011835
 96        0.0000015499
 97        0.0000006642
 98        0.0000004963
 99        0.0000000180
 100       0.0000001155
 101       0.0000002330
 102       0.0000000073
 103       0.0000000876
 104       0.0000005746
 105       0.0000000105
 106      -0.0000000088
 107      -0.0000010925
 108       0.0000000316
 109      -0.0000000652
 110       0.0000000040
 111      -0.0000001969
 112      -0.0000012904
 113      -0.0000011944
 114      -0.0000005741
 115      -0.0000009023
 116      -0.0000000414
 117      -0.0000001421
 118      -0.0000002671
 119      -0.0000000056
 120      -0.0000000225
 121      -0.0000000170
 122      -0.0000000033
 123      -0.0000000014
 124       0.0000000004
 125       0.0000000022
 126      -0.0000000272
 127      -0.0000000192
 128       0.0000000021
 129       0.0000000116
 130       0.0000000589
 131       0.0000000288
 132      -0.0000000006
 133      -0.0000000100
 134      -0.0000000020
 135      -0.0000000016
 136       0.0000000002
 137       0.0000001969
 138       0.0000001571
 139       0.0000000170
 140      -0.0000000001
 141       0.0000000188
 142       0.0000000477
 143      -0.0000001168
 144       0.0000000004
 145      -0.0000000071
 146      -0.0000000023
 147      -0.0000000035
 148      -0.0000000073
 149      -0.0000000001
 150      -0.0000000030
 151      -0.0000000041
 152      -0.0000001207
 153      -0.0000000182
 154      -0.0000002492
 155      -0.0000000234
 156      -0.0000000002
 157      -0.0000000007
 158      -0.0000000005

 --------------------------------------------------------------------------------
                                  command: print                                 
 --------------------------------------------------------------------------------
 res.excitation_1_excited_dipole : [
  27.1763247441445,
  4.8743532379026515,
  3.547608769484789
]

 --------------------------------------------------------------------------------
                                  command: print                                 
 --------------------------------------------------------------------------------

 res.excitation_1_excited_atomic_charges:
                      1
 1         0.3737886226
 2        -0.1138568056
 3        -0.1533807947
 4        -0.1442443109
 5        -0.1112870597
 6        -0.3412962169
 7         0.1161210867
 8        -0.0293031223
 9        -0.0291312174
 10        0.1022219827
 11       -0.0916265193
 12       -0.0592905559
 13       -0.0779679110
 14        0.0124447443
 15       -0.3051798688
 16        0.1070638337
 17       -0.1388618206
 18       -0.1629513206
 19        0.1408573342
 20       -0.0837511547
 21        0.3185015412
 22       -0.4435485171
 23       -0.1303166072
 24       -0.3606144345
 25        0.1408595050
 26       -0.0220819594
 27       -0.0360167382
 28        0.0895272136
 29       -0.0933268653
 30       -0.0545391532
 31       -0.0938368265
 32       -0.3044169611
 33        0.0542020865
 34       -0.0600631529
 35       -0.1487965514
 36        0.1233599373
 37       -0.0874713660
 38        0.3307072433
 39       -0.4158506732
 40       -0.1068729014
 41        0.5180641745
 42       -0.4698297734
 43       -0.2896424683
 44        0.1051439879
 45        0.0512679132
 46        0.0514647730
 47        0.0391485372
 48        0.0421483391
 49        0.0446670616
 50        0.0430684987
 51        0.0350275900
 52        0.0353182193
 53        0.0398618414
 54        0.0590389244
 55        0.0256367789
 56        0.0203399193
 57        0.0356339489
 58        0.0275320281
 59        0.0378521183
 60        0.0571129750
 61        0.0590790157
 62        0.0476461603
 63        0.0476981776
 64        0.0354585884
 65        0.0408994158
 66        0.0321436464
 67        0.0301756079
 68        0.0355228020
 69        0.0320224222
 70        0.0296939565
 71        0.0366952282
 72        0.0392085617
 73        0.0572680649
 74        0.0375511408
 75        0.0521546721
 76        0.0581330161
 77        0.0326846975
 78        0.0303188327
 79        0.0470168881
 80        0.3757941512
 81       -0.0433229805
 82       -0.1023082450
 83       -0.0808329353
 84       -0.0726673090
 85       -0.2294899877
 86        0.2040538938
 87       -0.0294022645
 88       -0.0272837668
 89        0.1985125336
 90       -0.0812395170
 91       -0.0509191624
 92       -0.0767382118
 93        0.0126314848
 94       -0.2756601003
 95        0.2232416083
 96        0.0423522289
 97       -0.0941888664
 98        0.2395590516
 99       -0.0803487665
 100       0.3371849007
 101      -0.4174240100
 102      -0.1287016902
 103      -0.2512421032
 104       0.2188559650
 105      -0.0200477544
 106      -0.0332739212
 107       0.1965543483
 108      -0.0834270791
 109      -0.0468183721
 110      -0.0920139834
 111      -0.2988236458
 112       0.1982750094
 113       0.0532354756
 114      -0.0880103228
 115       0.2028498857
 116      -0.0834587936
 117       0.3500898554
 118      -0.3881287712
 119      -0.1074515447
 120       0.5206858842
 121      -0.4644826630
 122      -0.2902471815
 123       0.1061038933
 124       0.0506923228
 125       0.0544227994
 126       0.0425237690
 127       0.0477423415
 128       0.0486281550
 129       0.0455892391
 130       0.0386444874
 131       0.0361307879
 132       0.0399362477
 133       0.0618374005
 134       0.0262558681
 135       0.0200812428
 136       0.0345633800
 137       0.0480054894
 138       0.0560188550
 139       0.0610436876
 140       0.0589594048
 141       0.0507154757
 142       0.0564480199
 143       0.0473111279
 144       0.0387589199
 145       0.0346480023
 146       0.0318304307
 147       0.0343625166
 148       0.0335338063
 149       0.0298575377
 150       0.0373607055
 151       0.0394408098
 152       0.0692549958
 153       0.0395969048
 154       0.0753002413
 155       0.0604300778
 156       0.0316852402
 157       0.0273900498
 158       0.0489734125

 --------------------------------------------------------------------------------
                                  command: print                                 
 --------------------------------------------------------------------------------
 res.excitation_2_energy:                0.0965742244

 --------------------------------------------------------------------------------
                                  command: print                                 
 --------------------------------------------------------------------------------
 res.excitation_2_transition_dipole : [
  -0.46903805018620487,
  4.350702532696723,
  -0.22729559874532632
]

 --------------------------------------------------------------------------------
                                  command: print                                 
 --------------------------------------------------------------------------------

 res.excitation_2_transition_charges:
                      1
 1        -0.0000076624
 2        -0.0199190340
 3         0.0177027814
 4         0.0161762163
 5        -0.0149049452
 6        -0.0008934563
 7        -0.0304557699
 8         0.0001415848
 9         0.0001611329
 10        0.0364895498
 11        0.0045046740
 12       -0.0029354641
 13       -0.0002059851
 14       -0.0005119963
 15        0.0107332086
 16        0.0506809613
 17        0.0927348940
 18        0.0305492043
 19        0.0405615287
 20        0.0012023543
 21        0.0054763917
 22        0.0106986694
 23        0.0002738499
 24       -0.0049541354
 25        0.0246148730
 26        0.0003609454
 27       -0.0010042130
 28       -0.0478287118
 29        0.0028223123
 30       -0.0035059365
 31       -0.0004872851
 32       -0.0012113795
 33       -0.0696234078
 34       -0.0580576632
 35       -0.0288548767
 36       -0.0391469845
 37       -0.0016312000
 38       -0.0073026169
 39       -0.0135292020
 40       -0.0000779624
 41       -0.0002149061
 42       -0.0003752730
 43       -0.0000537726
 44       -0.0000118997
 45        0.0000170419
 46        0.0000881617
 47       -0.0013845598
 48       -0.0010476097
 49        0.0011574416
 50        0.0004153853
 51        0.0011862716
 52        0.0008322058
 53       -0.0000624479
 54       -0.0003100783
 55       -0.0000827747
 56       -0.0000611413
 57        0.0000160029
 58        0.0116303998
 59        0.0099506380
 60        0.0007777258
 61       -0.0000047223
 62        0.0008155917
 63        0.0019976538
 64       -0.0053513426
 65        0.0002424866
 66        0.0004966288
 67        0.0002854929
 68       -0.0001380506
 69       -0.0003818336
 70       -0.0000560144
 71       -0.0001178153
 72       -0.0006888715
 73       -0.0058475333
 74       -0.0008384420
 75       -0.0116108620
 76       -0.0000863083
 77        0.0000010494
 78       -0.0000134314
 79       -0.0000057314
 80        0.0000000001
 81       -0.0000000000
 82        0.0000000001
 83        0.0000000000
 84       -0.0000000001
 85        0.0000000001
 86       -0.0000000001
 87       -0.0000000000
 88       -0.0000000000
 89        0.0000000001
 90        0.0000000000
 91       -0.0000000000
 92       -0.0000000000
 93       -0.0000000000
 94        0.0000000000
 95        0.0000000002
 96        0.0000000003
 97        0.0000000001
 98        0.0000000001
 99        0.0000000000
 100       0.0000000000
 101       0.0000000000
 102       0.0000000000
 103      -0.0000000001
 104       0.0000000001
 105       0.0000000000
 106      -0.0000000000
 107      -0.0000000002
 108       0.0000000000
 109      -0.0000000000
 110       0.0000000000
 111       0.0000000001
 112      -0.0000000002
 113      -0.0000000002
 114      -0.0000000001
 115      -0.0000000002
 116      -0.0000000000
 117      -0.0000000000
 118      -0.0000000000
 119       0.0000000000
 120       0.0000000000
 121       0.0000000000
 122       0.0000000000
 123       0.0000000000
 124       0.0000000000
 125       0.0000000000
 126      -0.0000000000
 127      -0.0000000000
 128       0.0000000000
 129       0.0000000000
 130       0.0000000000
 131       0.0000000000
 132       0.0000000000
 133      -0.0000000000
 134      -0.0000000000
 135      -0.0000000000
 136       0.0000000000
 137       0.0000000000
 138       0.0000000000
 139       0.0000000000
 140      -0.0000000000
 141       0.0000000000
 142       0.0000000000
 143      -0.0000000000
 144       0.0000000000
 145      -0.0000000000
 146      -0.0000000000
 147      -0.0000000000
 148      -0.0000000000
 149      -0.0000000000
 150      -0.0000000000
 151      -0.0000000000
 152      -0.0000000000
 153      -0.0000000000
 154      -0.0000000000
 155       0.0000000000
 156       0.0000000000
 157       0.0000000000
 158       0.0000000000

 --------------------------------------------------------------------------------
                                  command: print                                 
 --------------------------------------------------------------------------------
 res.excitation_3_energy:                0.0960959897

 --------------------------------------------------------------------------------
                                  command: print                                 
 --------------------------------------------------------------------------------
 res.excitation_3_transition_dipole : [
  -0.5148516198263853,
  4.321597442953768,
  0.5875169663333969
]

 --------------------------------------------------------------------------------
                                  command: print                                 
 --------------------------------------------------------------------------------

 res.excitation_3_transition_charges:
                      1
 1         0.0000000002
 2        -0.0000000001
 3        -0.0000000000
 4         0.0000000002
 5         0.0000000000
 6        -0.0000000001
 7        -0.0000000001
 8         0.0000000000
 9        -0.0000000000
 10        0.0000000002
 11        0.0000000000
 12       -0.0000000000
 13       -0.0000000000
 14       -0.0000000000
 15        0.0000000003
 16        0.0000000001
 17        0.0000000003
 18        0.0000000001
 19        0.0000000002
 20        0.0000000000
 21        0.0000000000
 22        0.0000000000
 23        0.0000000000
 24        0.0000000003
 25        0.0000000001
 26        0.0000000000
 27       -0.0000000000
 28       -0.0000000001
 29        0.0000000000
 30       -0.0000000000
 31       -0.0000000000
 32        0.0000000001
 33       -0.0000000002
 34       -0.0000000002
 35       -0.0000000001
 36       -0.0000000001
 37       -0.0000000000
 38       -0.0000000000
 39       -0.0000000000
 40        0.0000000000
 41       -0.0000000000
 42       -0.0000000000
 43       -0.0000000000
 44        0.0000000000
 45        0.0000000000
 46        0.0000000000
 47       -0.0000000000
 48       -0.0000000000
 49        0.0000000000
 50        0.0000000000
 51        0.0000000000
 52        0.0000000000
 53       -0.0000000000
 54        0.0000000000
 55       -0.0000000000
 56       -0.0000000000
 57       -0.0000000000
 58        0.0000000000
 59        0.0000000000
 60        0.0000000000
 61       -0.0000000000
 62        0.0000000000
 63        0.0000000000
 64       -0.0000000000
 65        0.0000000000
 66        0.0000000000
 67        0.0000000000
 68       -0.0000000000
 69       -0.0000000000
 70       -0.0000000000
 71        0.0000000000
 72       -0.0000000000
 73       -0.0000000000
 74       -0.0000000000
 75       -0.0000000000
 76        0.0000000000
 77        0.0000000000
 78       -0.0000000000
 79       -0.0000000000
 80        0.0002220375
 81       -0.0306166858
 82        0.0108535260
 83        0.0223788345
 84       -0.0089981686
 85       -0.0120854853
 86       -0.0311851632
 87        0.0001521167
 88        0.0000190999
 89        0.0364422560
 90        0.0042810785
 91       -0.0030867839
 92       -0.0002112598
 93       -0.0005569604
 94        0.0135937243
 95        0.0523293524
 96        0.0879405380
 97        0.0331789291
 98        0.0395334648
 99        0.0011131417
 100       0.0058621701
 101       0.0114049448
 102       0.0003339589
 103       0.0075964979
 104       0.0256196815
 105       0.0004931172
 106      -0.0008709911
 107      -0.0445227976
 108       0.0027456130
 109      -0.0034006142
 110      -0.0004589820
 111      -0.0034945669
 112      -0.0696080126
 113      -0.0569406189
 114      -0.0299113982
 115      -0.0358041746
 116      -0.0016341170
 117      -0.0074919021
 118      -0.0142106379
 119      -0.0001471475
 120      -0.0007456929
 121      -0.0006375718
 122      -0.0001233981
 123      -0.0000435341
 124       0.0000209643
 125       0.0000804575
 126      -0.0013971671
 127      -0.0010689459
 128       0.0010876596
 129       0.0003690921
 130       0.0011300613
 131       0.0008229472
 132      -0.0000692717
 133      -0.0003392774
 134      -0.0000888230
 135      -0.0000640943
 136       0.0000066700
 137       0.0112076352
 138       0.0094221909
 139       0.0008388172
 140      -0.0000023137
 141       0.0009209677
 142       0.0019345006
 143      -0.0051997413
 144       0.0002522099
 145       0.0005279467
 146       0.0003012162
 147      -0.0001363625
 148      -0.0003508047
 149      -0.0000503211
 150      -0.0001170101
 151      -0.0006254556
 152      -0.0054325426
 153      -0.0008610703
 154      -0.0116406958
 155      -0.0007361356
 156      -0.0000040629
 157      -0.0000270804
 158      -0.0000195799

 --------------------------------------------------------------------------------
                                  command: print                                 
 --------------------------------------------------------------------------------
 res.excitation_4_energy:                0.0622450922

 --------------------------------------------------------------------------------
                                  command: print                                 
 --------------------------------------------------------------------------------
 res.excitation_4_transition_dipole : [
  -4.336065096997713e-05,
  0.0006047844474256901,
  0.0002383968814945255
]

 --------------------------------------------------------------------------------
                                  command: print                                 
 --------------------------------------------------------------------------------

 res.excitation_4_transition_charges:
                      1
 1         0.0000002401
 2         0.0000002151
 3        -0.0000002447
 4        -0.0000004246
 5         0.0000004063
 6        -0.0000000214
 7         0.0000007467
 8        -0.0000000077
 9        -0.0000000045
 10       -0.0000011279
 11       -0.0000000636
 12        0.0000000472
 13        0.0000000017
 14        0.0000000123
 15       -0.0000005903
 16       -0.0000007242
 17       -0.0000021326
 18       -0.0000005824
 19       -0.0000013175
 20       -0.0000000315
 21       -0.0000001077
 22       -0.0000001951
 23       -0.0000000043
 24        0.0000001383
 25       -0.0000003362
 26       -0.0000000107
 27        0.0000000296
 28        0.0000005846
 29       -0.0000000739
 30        0.0000000722
 31        0.0000000400
 32       -0.0000000321
 33        0.0000016020
 34        0.0000010422
 35        0.0000006213
 36        0.0000004107
 37        0.0000000210
 38        0.0000001597
 39        0.0000003011
 40       -0.0000000002
 41        0.0000000009
 42        0.0000000035
 43        0.0000000007
 44       -0.0000000000
 45        0.0000000001
 46       -0.0000000013
 47        0.0000000288
 48        0.0000000314
 49       -0.0000000508
 50       -0.0000000085
 51       -0.0000000069
 52       -0.0000000100
 53        0.0000000036
 54       -0.0000000002
 55        0.0000000030
 56        0.0000000011
 57       -0.0000000002
 58       -0.0000002707
 59       -0.0000002450
 60       -0.0000000143
 61       -0.0000000001
 62       -0.0000000143
 63       -0.0000000286
 64        0.0000000816
 65       -0.0000000078
 66       -0.0000000175
 67       -0.0000000078
 68        0.0000000010
 69        0.0000000067
 70        0.0000000041
 71        0.0000000025
 72        0.0000000384
 73        0.0000000907
 74        0.0000000163
 75        0.0000002030
 76       -0.0000000003
 77        0.0000000000
 78        0.0000000001
 79        0.0000000001
 80        0.0000001270
 81       -0.0000003898
 82        0.0000048953
 83        0.0000006371
 84       -0.0000041862
 85        0.0000050174
 86       -0.0000049257
 87        0.0000000260
 88        0.0000000508
 89        0.0000062112
 90        0.0000008848
 91       -0.0000004575
 92       -0.0000000303
 93       -0.0000000852
 94        0.0000004067
 95        0.0000089138
 96        0.0000148771
 97        0.0000055952
 98        0.0000067550
 99        0.0000001870
 100       0.0000009767
 101       0.0000019855
 102       0.0000000474
 103      -0.0000059298
 104       0.0000042747
 105       0.0000000314
 106      -0.0000001803
 107      -0.0000079123
 108       0.0000004366
 109      -0.0000006228
 110      -0.0000000953
 111       0.0000008097
 112      -0.0000121547
 113      -0.0000099215
 114      -0.0000051573
 115      -0.0000062373
 116      -0.0000002805
 117      -0.0000012453
 118      -0.0000023719
 119       0.0000000136
 120       0.0000001166
 121       0.0000000115
 122       0.0000000075
 123       0.0000000068
 124       0.0000000010
 125       0.0000000148
 126      -0.0000002630
 127      -0.0000001744
 128       0.0000001784
 129       0.0000000904
 130       0.0000003155
 131       0.0000001671
 132      -0.0000000070
 133      -0.0000000443
 134      -0.0000000139
 135      -0.0000000100
 136       0.0000000054
 137       0.0000018487
 138       0.0000016053
 139       0.0000001430
 140      -0.0000000015
 141       0.0000001534
 142       0.0000003345
 143      -0.0000009470
 144       0.0000000357
 145       0.0000000524
 146       0.0000000456
 147      -0.0000000228
 148      -0.0000000681
 149      -0.0000000098
 150      -0.0000000218
 151      -0.0000001197
 152      -0.0000009553
 153      -0.0000001390
 154      -0.0000020079
 155       0.0000001977
 156       0.0000000018
 157       0.0000000009
 158       0.0000000028

 --------------------------------------------------------------------------------

 End time:                               Mon Jul  5 14:52:41 2021
 Total wall-clock time:                  2.546 seconds
==================================================================================
