
================================================================================
          _____________ ________ _______________ ________     _________         
         / ___________// ______ \\_____   _____// ______ \   / ________)        
        / /_________  / /      \ \     | |     / /      \ \ | (_______          
       |  __________|| |        | |    | |    | |        | | \________ \        
        \ \_________ | |        | |    | |     \ \______/ /___________) |       
         \__________||_|        |_|    |_|      \________//____________/        
                                                                                
====================================[ Qcore ]===================================

 Git hash:   7200a4ff984a1591d3ca912b7a1362c2a46a44da
 Git date:   Mon, 7 Jun 2021 16:06:02 +0100
 Compiler:   GNU 9.1.0
 Build type: Release
 Version:    1.4.1

 Start time: Fri Jun 11 11:52:01 2021

 Data directory: /home/of15641/.local/src/Qcore/release/share/entos/1.4.1/data
 Number of threads: 18
 Number of threads was determined by: command line argument
  - More threads can be used by running 'qcore -n 24'

 --------------------------------------------------------------------------------
                                  command: bchla                                 
 --------------------------------------------------------------------------------
 XTB basis setup:                        reference basis
 Number of basis functions:            488
 GFN version:                            gfn1
 Integral screening threshold:           1.00e-10
 Total charge:                           0.000000000
 Number of electrons:                  436.000000000
 Electronic temperature (Kelvin):        0.000000000

 D3BJ energy:                           -0.129299178
 Repulsive energy:                       3.043118854

 ****************************************************
  Running robust self-consistent charge (SCC) solver 
 ****************************************************
 Number of SCC trials:                   4
 Using the stop-early mechanism for the first 3 trials

 Conv. threshold (charge):               1.00e-05
 Conv. threshold (energy):               1.00e-06
 Initial guess:                          SAD

 -------------
  SCC Trial 1 
 -------------
 Broyden mixing factor:                  0.400000000
 Max number of iterations:             128

 ---------------------------------------------------------------
                  energy        change          grad        time
 ---------------------------------------------------------------
   0      -260.745520612                    6.83e-01        0.04
   1      -261.802848688     -1.06e+00      3.95e-01        0.04
   2      -261.773710171      2.91e-02      7.79e-02        0.04
   3      -261.786679479     -1.30e-02      1.90e-02        0.04
   4      -261.828222731     -4.15e-02      4.66e-03        0.04
   5      -261.831141451     -2.92e-03      1.29e-03        0.04
   6      -261.831304201     -1.63e-04      5.10e-04        0.04
   7      -261.831329548     -2.53e-05      1.24e-04        0.04
   8      -261.831330518     -9.70e-07      4.55e-05        0.04
   9      -261.831330567     -4.88e-08      2.53e-05        0.04
  10      -261.831330606     -3.92e-08      1.22e-05        0.04
  11      -261.831330617     -1.07e-08      3.42e-06        0.04
  12      -261.831330617     -2.39e-10      9.67e-07        0.04

 SCF converged in 11 iterations.

 Entropy contribution (-ST):             0.000000000
 Dipole moment (in Debye):              -5.402967       2.223379      -2.455123

 -----------------
  Excitation -1 2 
 -----------------
 Setting up Delta-SCF
 Ground-Excited state overlap:          -0.000000000
 No correction applied to the TDM.
 Excitation energy:                      0.065372887
 Excitation energy (in eV):              1.778886885
 Transition dipole:                      0.00786       0.00784      -0.03787

 -----------------
  Excitation -1 1 
 -----------------
 Setting up Delta-SCF
 Ground-Excited state overlap:           0.000000000
 No correction applied to the TDM.
 Excitation energy:                      0.095787357
 Excitation energy (in eV):              2.606506772
 Transition dipole:                      0.46951      -4.35455       0.22081

 ----------------
  Excitation 0 1 
 ----------------
 Setting up Delta-SCF
 Ground-Excited state overlap:           0.000000000
 No correction applied to the TDM.
 Excitation energy:                      0.055012350
 Excitation energy (in eV):              1.496962294
 Transition dipole:                      0.00435       0.03608      -0.01092

 ----------------
  Excitation 0 2 
 ----------------
 Setting up Delta-SCF
 Ground-Excited state overlap:           0.000000000
 No correction applied to the TDM.
 Excitation energy:                      0.095667343
 Excitation energy (in eV):              2.603241021
 Transition dipole:                      0.32559      -1.07543      -4.24089

 --------------------------------------------------------------------------------

 End time:                               Fri Jun 11 11:52:03 2021
 Total wall-clock time:                  1.417 seconds
==================================================================================
