
================================================================================
          _____________ ________ _______________ ________     _________         
         / ___________// ______ \\_____   _____// ______ \   / ________)        
        / /_________  / /      \ \     | |     / /      \ \ | (_______          
       |  __________|| |        | |    | |    | |        | | \________ \        
        \ \_________ | |        | |    | |     \ \______/ /___________) |       
         \__________||_|        |_|    |_|      \________//____________/        
                                                                                
====================================[ Qcore ]===================================

 Git hash:   4f46786782e696c626e0064ff3d1a47267e124c4
 Git date:   Wed, 30 Jun 2021 10:19:53 +0100
 Compiler:   AppleClang 10.0.1.10010046
 Build type: Release
 Version:    1.4.1

 Start time: Mon Jul  5 14:48:39 2021

 Data directory: /Users/of15641/qcore/cmake-build-release/share/entos/1.4.1/data
 Number of threads: 2
 Number of threads was determined by: number of physical cores

 --------------------------------------------------------------------------------
                                   command: xtb                                  
 --------------------------------------------------------------------------------
 XTB basis setup:                        reference basis
 Number of basis functions:            488
 GFN version:                            chlorophyll
 Integral screening threshold:           1.00e-10
 Total charge:                           0.000000000
 Number of electrons:                  436.000000000
 Electronic temperature (Kelvin):        0.000000000

 D3BJ energy:                           -0.125314540
 Repulsive energy:                       3.040135109

 ****************************************************
  Running robust self-consistent charge (SCC) solver 
 ****************************************************
 Number of SCC trials:                   4
 Using the stop-early mechanism for the first 3 trials

 Conv. threshold (charge):               1.00e-05
 Conv. threshold (energy):               1.00e-06
 Initial guess:                          eeq

 -------------
  SCC Trial 1 
 -------------
 Broyden mixing factor:                  0.400000000
 Max number of iterations:             128

 ---------------------------------------------------------------
                  energy        change          grad        time
 ---------------------------------------------------------------
   0      -260.589454430                    6.60e-01        0.09
   1      -261.773739421     -1.18e+00      3.88e-01        0.06
   2      -261.791898070     -1.82e-02      1.03e-01        0.05
   3      -261.814841873     -2.29e-02      1.03e-02        0.05
   4      -261.816039774     -1.20e-03      5.35e-03        0.05
   5      -261.819806203     -3.77e-03      1.35e-03        0.05
   6      -261.820021945     -2.16e-04      3.72e-04        0.05
   7      -261.820033459     -1.15e-05      1.55e-04        0.05
   8      -261.820035090     -1.63e-06      4.39e-05        0.05
   9      -261.820035121     -3.15e-08      1.57e-05        0.06
  10      -261.820035124     -2.67e-09      5.00e-06        0.04
  11      -261.820035124     -3.57e-10      1.97e-06        0.05

 SCF converged in 10 iterations.

 Entropy contribution (-ST):             0.000000000
 Dipole moment (in Debye):              -5.206398      -0.554060       0.514294

 ----------------
  Excitation 0 1 
 ----------------
 Setting up Delta-SCF
 Ground-Excited state overlap:          -0.000000000
 No correction applied to the TDM.
 Excitation energy:                      0.058679891
 Excitation energy (in eV):              1.596761174
 Transition dipole:                      0.00006       0.00478      -0.00201

 -----------------
  Excitation -1 1 
 -----------------
 Setting up Delta-SCF
 Ground-Excited state overlap:           0.000000000
 No correction applied to the TDM.
 Excitation energy:                      0.096445589
 Excitation energy (in eV):              2.624418174
 Transition dipole:                      0.46923      -4.35022       0.23036

 ----------------
  Excitation 0 2 
 ----------------
 Setting up Delta-SCF
 Ground-Excited state overlap:           0.000000000
 No correction applied to the TDM.
 Excitation energy:                      0.095971965
 Excitation energy (in eV):              2.611530198
 Transition dipole:                      0.15174      -4.04054       1.71199

 -----------------
  Excitation -1 2 
 -----------------
 Setting up Delta-SCF
 Ground-Excited state overlap:           0.000000000
 No correction applied to the TDM.
 Excitation energy:                      0.062759741
 Excitation energy (in eV):              1.707779553
 Transition dipole:                      0.00064      -0.00497       0.00066
 TOTAL ENERGY:                        -261.820035124
 Saving results in set 'res'

 --------------------------------------------------------------------------------
                                  command: print                                 
 --------------------------------------------------------------------------------
 res.energy:                          -261.8200351241

 --------------------------------------------------------------------------------
                                  command: print                                 
 --------------------------------------------------------------------------------

 res.dipole:
                      1
 1        -2.0483547510
 2        -0.2179839757
 3         0.2023388452

 --------------------------------------------------------------------------------
                                  command: print                                 
 --------------------------------------------------------------------------------

 res.atomic_charges:
                      1
 1         0.3742302587
 2        -0.0563598046
 3        -0.1087301157
 4        -0.0932273925
 5        -0.0766423650
 6        -0.2370711363
 7         0.1298528044
 8        -0.0290805893
 9        -0.0284158039
 10        0.1181808107
 11       -0.0892008148
 12       -0.0577228263
 13       -0.0777909252
 14        0.0133041831
 15       -0.2949154299
 16        0.1402941291
 17       -0.0387528901
 18       -0.1141402701
 19        0.1617235737
 20       -0.0834000592
 21        0.3357809029
 22       -0.4210675668
 23       -0.1298790497
 24       -0.2503809251
 25        0.1497745344
 26       -0.0210567079
 27       -0.0355223683
 28        0.1160462264
 29       -0.0922391481
 30       -0.0526446961
 31       -0.0934928184
 32       -0.3013564865
 33        0.1031983808
 34        0.0040339726
 35       -0.1125782011
 36        0.1480133557
 37       -0.0865862831
 38        0.3447978112
 39       -0.3964418138
 40       -0.1067418455
 41        0.5194803904
 42       -0.4690323004
 43       -0.2894730630
 44        0.1051507072
 45        0.0514991251
 46        0.0515606640
 47        0.0395002230
 48        0.0426003336
 49        0.0453839854
 50        0.0435400475
 51        0.0361932839
 52        0.0360167350
 53        0.0401949822
 54        0.0594763558
 55        0.0256183783
 56        0.0205011771
 57        0.0357917795
 58        0.0382710822
 59        0.0477203921
 60        0.0592765891
 61        0.0593824847
 62        0.0498250631
 63        0.0483768832
 64        0.0378948104
 65        0.0411282533
 66        0.0327710573
 67        0.0303561263
 68        0.0356229291
 69        0.0321316873
 70        0.0298778628
 71        0.0359029941
 72        0.0398474076
 73        0.0624437450
 74        0.0380478341
 75        0.0630744268
 76        0.0597461477
 77        0.0326753829
 78        0.0306113164
 79        0.0472190119
 80        0.3739084759
 81       -0.0586584991
 82       -0.1050865019
 83       -0.0916154509
 84       -0.0755106173
 85       -0.2347117462
 86        0.1310946907
 87       -0.0310455459
 88       -0.0292714893
 89        0.1146736559
 90       -0.0896095690
 91       -0.0574472921
 92       -0.0769424857
 93        0.0117092552
 94       -0.2927755171
 95        0.1411767157
 96       -0.0384918125
 97       -0.1166329563
 98        0.1624210128
 99       -0.0832901112
 100       0.3352666481
 101      -0.4232352938
 102      -0.1290094410
 103      -0.2519066290
 104       0.1465489144
 105      -0.0215568012
 106      -0.0355049314
 107       0.1191254519
 108      -0.0909840979
 109      -0.0530344268
 110      -0.0928085064
 111      -0.3034050120
 112       0.1008714851
 113       0.0037507023
 114      -0.1120230304
 115       0.1477911738
 116      -0.0863068935
 117       0.3460938496
 118      -0.3985019452
 119      -0.1076526764
 120       0.5203273049
 121      -0.4648955803
 122      -0.2904902181
 123       0.1060814592
 124       0.0510800552
 125       0.0539093210
 126       0.0395617371
 127       0.0444030743
 128       0.0458983666
 129       0.0446190612
 130       0.0380429776
 131       0.0347560978
 132       0.0399124177
 133       0.0613645582
 134       0.0255638442
 135       0.0200486743
 136       0.0347472341
 137       0.0367309210
 138       0.0464763369
 139       0.0614080753
 140       0.0591084537
 141       0.0501187104
 142       0.0494582522
 143       0.0357560683
 144       0.0382500155
 145       0.0345686532
 146       0.0306200001
 147       0.0339961909
 148       0.0329382917
 149       0.0298426044
 150       0.0369258775
 151       0.0388426386
 152       0.0637044997
 153       0.0385394429
 154       0.0628608597
 155       0.0596518566
 156       0.0314563498
 157       0.0273917285
 158       0.0490121338

 --------------------------------------------------------------------------------
                                  command: print                                 
 --------------------------------------------------------------------------------
 res.excitation_1_energy:                0.0586798908

 --------------------------------------------------------------------------------
                                  command: print                                 
 --------------------------------------------------------------------------------
 res.excitation_1_transition_dipole : [
  5.880201310522298e-05,
  0.004779381212627479,
  -0.0020111228545582065
]

 --------------------------------------------------------------------------------
                                  command: print                                 
 --------------------------------------------------------------------------------

 res.excitation_1_transition_charges:
                      1
 1        -0.0000019402
 2        -0.0000661700
 3        -0.0000225849
 4         0.0000508571
 5         0.0000153404
 6        -0.0000809390
 7        -0.0000304017
 8         0.0000000571
 9        -0.0000003664
 10        0.0000325627
 11        0.0000031771
 12       -0.0000032202
 13       -0.0000002606
 14       -0.0000005045
 15        0.0000323910
 16        0.0000439147
 17        0.0000838431
 18        0.0000261474
 19        0.0000369302
 20        0.0000011392
 21        0.0000047946
 22        0.0000081865
 23        0.0000002856
 24        0.0000779019
 25        0.0000224838
 26        0.0000010618
 27       -0.0000005340
 28       -0.0000404271
 29        0.0000027990
 30       -0.0000027518
 31        0.0000002919
 32       -0.0000148421
 33       -0.0000582471
 34       -0.0000508107
 35       -0.0000242617
 36       -0.0000349110
 37       -0.0000014669
 38       -0.0000066431
 39       -0.0000121015
 40       -0.0000003962
 41       -0.0000023865
 42       -0.0000014228
 43       -0.0000002773
 44       -0.0000001495
 45        0.0000000408
 46        0.0000000676
 47       -0.0000010010
 48       -0.0000008750
 49        0.0000010284
 50        0.0000002871
 51        0.0000005792
 52        0.0000005680
 53       -0.0000001307
 54       -0.0000005068
 55       -0.0000000834
 56       -0.0000000678
 57       -0.0000000388
 58        0.0000110865
 59        0.0000090041
 60        0.0000006049
 61        0.0000000033
 62        0.0000006403
 63        0.0000017729
 64       -0.0000040934
 65        0.0000002668
 66        0.0000006833
 67        0.0000003462
 68       -0.0000001731
 69       -0.0000002954
 70       -0.0000000161
 71        0.0000000294
 72       -0.0000001556
 73       -0.0000051347
 74       -0.0000008222
 75       -0.0000103692
 76       -0.0000031467
 77       -0.0000000208
 78       -0.0000000591
 79       -0.0000000575
 80       -0.0000015390
 81        0.0000074473
 82       -0.0000020533
 83       -0.0000040484
 84        0.0000016002
 85        0.0000031446
 86        0.0000062580
 87        0.0000000937
 88        0.0000002065
 89       -0.0000054866
 90       -0.0000018072
 91        0.0000009740
 92        0.0000000560
 93        0.0000001617
 94       -0.0000011503
 95       -0.0000116679
 96       -0.0000155450
 97       -0.0000065276
 98       -0.0000056088
 99       -0.0000001825
 100      -0.0000011148
 101      -0.0000022539
 102      -0.0000000714
 103      -0.0000010411
 104      -0.0000054236
 105      -0.0000000992
 106       0.0000001267
 107       0.0000108320
 108      -0.0000003878
 109       0.0000006956
 110       0.0000000053
 111       0.0000016346
 112       0.0000138168
 113       0.0000122074
 114       0.0000060721
 115       0.0000088209
 116       0.0000004089
 117       0.0000015148
 118       0.0000028458
 119       0.0000000586
 120       0.0000002106
 121       0.0000001678
 122       0.0000000315
 123       0.0000000134
 124       0.0000000028
 125      -0.0000000226
 126       0.0000002928
 127       0.0000002800
 128       0.0000000179
 129      -0.0000001642
 130      -0.0000008795
 131      -0.0000004021
 132       0.0000000099
 133       0.0000001091
 134       0.0000000328
 135       0.0000000186
 136      -0.0000000011
 137      -0.0000019869
 138      -0.0000015822
 139      -0.0000001653
 140       0.0000000005
 141      -0.0000001813
 142      -0.0000004264
 143       0.0000011954
 144      -0.0000000204
 145       0.0000000049
 146      -0.0000000219
 147       0.0000000345
 148       0.0000000756
 149       0.0000000044
 150       0.0000000295
 151       0.0000000745
 152       0.0000012115
 153       0.0000001880
 154       0.0000025352
 155       0.0000002165
 156       0.0000000014
 157       0.0000000070
 158       0.0000000050

 --------------------------------------------------------------------------------
                                  command: print                                 
 --------------------------------------------------------------------------------
 res.excitation_1_excited_dipole : [
  22.54953910888826,
  1.6965967632849157,
  1.9332959863504744
]

 --------------------------------------------------------------------------------
                                  command: print                                 
 --------------------------------------------------------------------------------

 res.excitation_1_excited_atomic_charges:
                      1
 1         0.3737233767
 2        -0.1139422175
 3        -0.1533277400
 4        -0.1441959275
 5        -0.1113793390
 6        -0.3413084649
 7         0.1162707451
 8        -0.0293099436
 9        -0.0291503999
 10        0.1022394082
 11       -0.0916375487
 12       -0.0592873927
 13       -0.0781037304
 14        0.0129528602
 15       -0.3051686520
 16        0.1070200473
 17       -0.1386823406
 18       -0.1628678426
 19        0.1407374139
 20       -0.0838272576
 21        0.3186385201
 22       -0.4433492430
 23       -0.1303514335
 24       -0.3606846193
 25        0.1407222108
 26       -0.0220484255
 27       -0.0360443674
 28        0.0894651147
 29       -0.0933658256
 30       -0.0544904981
 31       -0.0937876370
 32       -0.3044887219
 33        0.0541258944
 34       -0.0603255161
 35       -0.1489654186
 36        0.1234184351
 37       -0.0873718420
 38        0.3306006978
 39       -0.4160882586
 40       -0.1068637066
 41        0.5180430432
 42       -0.4698178608
 43       -0.2896433009
 44        0.1050838111
 45        0.0514232537
 46        0.0515498876
 47        0.0388358011
 48        0.0421923806
 49        0.0448445806
 50        0.0430511926
 51        0.0349911788
 52        0.0354350233
 53        0.0399276651
 54        0.0590759202
 55        0.0255844419
 56        0.0204570210
 57        0.0357359266
 58        0.0276756895
 59        0.0380795167
 60        0.0571818578
 61        0.0593789735
 62        0.0477843357
 63        0.0476331117
 64        0.0355011173
 65        0.0409930368
 66        0.0322828383
 67        0.0301528232
 68        0.0355392615
 69        0.0317567415
 70        0.0298401995
 71        0.0358406984
 72        0.0392108012
 73        0.0568057742
 74        0.0372433327
 75        0.0521961004
 76        0.0582012990
 77        0.0326682993
 78        0.0305738083
 79        0.0471901902
 80        0.3758058492
 81       -0.0434503931
 82       -0.1021958349
 83       -0.0806721045
 84       -0.0726838925
 85       -0.2294552893
 86        0.2039314728
 87       -0.0293826847
 88       -0.0272978184
 89        0.1984066498
 90       -0.0812727692
 91       -0.0509548897
 92       -0.0767059133
 93        0.0125333146
 94       -0.2756118375
 95        0.2234863437
 96        0.0427348515
 97       -0.0940416555
 98        0.2398359955
 99       -0.0805517559
 100       0.3373199014
 101      -0.4173283603
 102      -0.1287253157
 103      -0.2511850446
 104       0.2189407995
 105      -0.0200076027
 106      -0.0332665558
 107       0.1965364857
 108      -0.0834964379
 109      -0.0467749958
 110      -0.0920108053
 111      -0.2988183245
 112       0.1981569014
 113       0.0531219263
 114      -0.0880805118
 115       0.2027945053
 116      -0.0833534145
 117       0.3500175908
 118      -0.3885315994
 119      -0.1073743969
 120       0.5206535192
 121      -0.4644140365
 122      -0.2904184772
 123       0.1061053210
 124       0.0511354142
 125       0.0547054396
 126       0.0422014365
 127       0.0473295687
 128       0.0487231422
 129       0.0449271991
 130       0.0391373136
 131       0.0359328995
 132       0.0400849686
 133       0.0618020878
 134       0.0260121508
 135       0.0201990745
 136       0.0347670119
 137       0.0491566828
 138       0.0560617400
 139       0.0617497607
 140       0.0591099392
 141       0.0505101166
 142       0.0563807771
 143       0.0470258939
 144       0.0387324616
 145       0.0353557037
 146       0.0315210389
 147       0.0342110327
 148       0.0332741581
 149       0.0299165448
 150       0.0372201070
 151       0.0395089446
 152       0.0690202590
 153       0.0394233080
 154       0.0747129058
 155       0.0599432806
 156       0.0314578842
 157       0.0274075556
 158       0.0490233010

 --------------------------------------------------------------------------------
                                  command: print                                 
 --------------------------------------------------------------------------------
 res.excitation_2_energy:                0.0964455890

 --------------------------------------------------------------------------------
                                  command: print                                 
 --------------------------------------------------------------------------------
 res.excitation_2_transition_dipole : [
  0.46923351323110785,
  -4.35022294185782,
  0.23035956592250403
]

 --------------------------------------------------------------------------------
                                  command: print                                 
 --------------------------------------------------------------------------------

 res.excitation_2_transition_charges:
                      1
 1         0.0000071694
 2         0.0201953311
 3        -0.0176498855
 4        -0.0160769624
 5         0.0148555582
 6         0.0011447696
 7         0.0303781702
 8        -0.0001417739
 9        -0.0001629794
 10       -0.0366353564
 11       -0.0045193538
 12        0.0029295131
 13        0.0002045431
 14        0.0005097458
 15       -0.0107119345
 16       -0.0507898725
 17       -0.0926750913
 18       -0.0304729714
 19       -0.0407314551
 20       -0.0012137261
 21       -0.0054327414
 22       -0.0106481609
 23       -0.0002744023
 24        0.0050682661
 25       -0.0247493162
 26       -0.0003601995
 27        0.0009954986
 28        0.0476685450
 29       -0.0028356449
 30        0.0034933905
 31        0.0004867475
 32        0.0012458115
 33        0.0695195195
 34        0.0580374897
 35        0.0289536193
 36        0.0390190307
 37        0.0016143098
 38        0.0073366497
 39        0.0135782145
 40        0.0000791650
 41        0.0002245279
 42        0.0003807869
 43        0.0000549388
 44        0.0000124345
 45       -0.0000169622
 46       -0.0000889667
 47        0.0013791172
 48        0.0010466918
 49       -0.0011629735
 50       -0.0004156923
 51       -0.0011861653
 52       -0.0008335224
 53        0.0000628748
 54        0.0003083853
 55        0.0000833940
 56        0.0000611340
 57       -0.0000158936
 58       -0.0116409287
 59       -0.0099567690
 60       -0.0007732318
 61        0.0000046812
 62       -0.0008114035
 63       -0.0020077142
 64        0.0053238585
 65       -0.0002439276
 66       -0.0004985777
 67       -0.0002873192
 68        0.0001385378
 69        0.0003833403
 70        0.0000562072
 71        0.0001167721
 72        0.0006927578
 73        0.0058312396
 74        0.0008373622
 75        0.0115839866
 76        0.0000991148
 77       -0.0000009815
 78        0.0000136763
 79        0.0000059883
 80       -0.0000000039
 81       -0.0000000018
 82       -0.0000000064
 83        0.0000000003
 84        0.0000000050
 85       -0.0000000111
 86        0.0000000054
 87        0.0000000001
 88        0.0000000000
 89       -0.0000000052
 90       -0.0000000036
 91        0.0000000007
 92        0.0000000000
 93        0.0000000001
 94       -0.0000000005
 95       -0.0000000112
 96       -0.0000000148
 97       -0.0000000062
 98       -0.0000000054
 99       -0.0000000002
 100      -0.0000000010
 101      -0.0000000022
 102      -0.0000000001
 103       0.0000000073
 104      -0.0000000051
 105      -0.0000000000
 106       0.0000000002
 107       0.0000000110
 108      -0.0000000004
 109       0.0000000007
 110       0.0000000000
 111      -0.0000000039
 112       0.0000000137
 113       0.0000000121
 114       0.0000000059
 115       0.0000000087
 116       0.0000000004
 117       0.0000000014
 118       0.0000000026
 119      -0.0000000001
 120      -0.0000000003
 121      -0.0000000001
 122      -0.0000000000
 123      -0.0000000000
 124       0.0000000000
 125      -0.0000000000
 126       0.0000000003
 127       0.0000000002
 128      -0.0000000000
 129      -0.0000000004
 130      -0.0000000017
 131      -0.0000000006
 132      -0.0000000000
 133       0.0000000001
 134       0.0000000000
 135       0.0000000000
 136      -0.0000000000
 137      -0.0000000018
 138      -0.0000000015
 139      -0.0000000002
 140       0.0000000000
 141      -0.0000000002
 142      -0.0000000004
 143       0.0000000013
 144      -0.0000000000
 145       0.0000000000
 146      -0.0000000000
 147       0.0000000000
 148       0.0000000001
 149       0.0000000000
 150       0.0000000000
 151       0.0000000001
 152       0.0000000012
 153       0.0000000002
 154       0.0000000025
 155      -0.0000000005
 156      -0.0000000000
 157      -0.0000000000
 158      -0.0000000000

 --------------------------------------------------------------------------------
                                  command: print                                 
 --------------------------------------------------------------------------------
 res.excitation_3_energy:                0.0959719646

 --------------------------------------------------------------------------------
                                  command: print                                 
 --------------------------------------------------------------------------------
 res.excitation_3_transition_dipole : [
  0.15174104630003177,
  -4.0405425598138285,
  1.7119867108643203
]

 --------------------------------------------------------------------------------
                                  command: print                                 
 --------------------------------------------------------------------------------

 res.excitation_3_transition_charges:
                      1
 1         0.0000000125
 2        -0.0000000082
 3        -0.0000000029
 4         0.0000000137
 5         0.0000000041
 6        -0.0000000075
 7        -0.0000000069
 8         0.0000000001
 9         0.0000000000
 10        0.0000000102
 11        0.0000000006
 12       -0.0000000004
 13       -0.0000000000
 14       -0.0000000001
 15        0.0000000216
 16        0.0000000068
 17        0.0000000196
 18        0.0000000053
 19        0.0000000114
 20        0.0000000003
 21        0.0000000010
 22        0.0000000016
 23        0.0000000000
 24        0.0000000259
 25        0.0000000027
 26        0.0000000004
 27       -0.0000000002
 28       -0.0000000051
 29        0.0000000008
 30       -0.0000000005
 31        0.0000000006
 32        0.0000000084
 33       -0.0000000135
 34       -0.0000000092
 35       -0.0000000053
 36       -0.0000000038
 37       -0.0000000002
 38       -0.0000000015
 39       -0.0000000027
 40        0.0000000000
 41       -0.0000000001
 42       -0.0000000001
 43       -0.0000000000
 44        0.0000000000
 45        0.0000000000
 46        0.0000000000
 47       -0.0000000002
 48       -0.0000000003
 49        0.0000000005
 50        0.0000000001
 51        0.0000000001
 52        0.0000000001
 53       -0.0000000000
 54       -0.0000000000
 55       -0.0000000000
 56       -0.0000000000
 57       -0.0000000000
 58        0.0000000026
 59        0.0000000023
 60        0.0000000001
 61        0.0000000000
 62        0.0000000001
 63        0.0000000002
 64       -0.0000000008
 65        0.0000000001
 66        0.0000000002
 67        0.0000000001
 68        0.0000000000
 69       -0.0000000000
 70        0.0000000000
 71        0.0000000002
 72       -0.0000000000
 73       -0.0000000008
 74       -0.0000000002
 75       -0.0000000018
 76       -0.0000000000
 77        0.0000000000
 78       -0.0000000000
 79       -0.0000000000
 80        0.0002258471
 81       -0.0307757185
 82        0.0106296161
 83        0.0221970475
 84       -0.0091397182
 85       -0.0124312238
 86       -0.0309253164
 87        0.0001572906
 88        0.0000198376
 89        0.0367965676
 90        0.0043095259
 91       -0.0030660117
 92       -0.0002116081
 93       -0.0005548105
 94        0.0136373402
 95        0.0526431361
 96        0.0877359849
 97        0.0329814046
 98        0.0398433679
 99        0.0011434441
 100       0.0057610920
 101       0.0112807070
 102       0.0003342991
 103       0.0071646458
 104       0.0259211454
 105       0.0004923393
 106      -0.0008650667
 107      -0.0442962931
 108       0.0027732118
 109      -0.0033836155
 110      -0.0004568765
 111      -0.0034778460
 112      -0.0693804282
 113      -0.0570855069
 114      -0.0300045142
 115      -0.0356709289
 116      -0.0016116819
 117      -0.0075595860
 118      -0.0142738155
 119      -0.0001449807
 120      -0.0007476888
 121      -0.0006367915
 122      -0.0001234228
 123      -0.0000435202
 124       0.0000209321
 125       0.0000824550
 126      -0.0013903062
 127      -0.0010591647
 128       0.0010963942
 129       0.0003702829
 130       0.0011341357
 131       0.0008282302
 132      -0.0000686891
 133      -0.0003394743
 134      -0.0000870538
 135      -0.0000636024
 136       0.0000063481
 137       0.0112378430
 138       0.0094254146
 139       0.0008282705
 140      -0.0000023285
 141       0.0009097786
 142       0.0019579462
 143      -0.0051680309
 144       0.0002545678
 145       0.0005293891
 146       0.0003046468
 147      -0.0001360222
 148      -0.0003513097
 149      -0.0000501494
 150      -0.0001162433
 151      -0.0006250008
 152      -0.0054311625
 153      -0.0008604096
 154      -0.0116306720
 155      -0.0007372992
 156      -0.0000040557
 157      -0.0000270884
 158      -0.0000195340

 --------------------------------------------------------------------------------
                                  command: print                                 
 --------------------------------------------------------------------------------
 res.excitation_4_energy:                0.0627597410

 --------------------------------------------------------------------------------
                                  command: print                                 
 --------------------------------------------------------------------------------
 res.excitation_4_transition_dipole : [
  0.0006432258091611509,
  -0.004972197500047151,
  0.0006626693970679823
]

 --------------------------------------------------------------------------------
                                  command: print                                 
 --------------------------------------------------------------------------------

 res.excitation_4_transition_charges:
                      1
 1         0.0000023231
 2         0.0000025179
 3        -0.0000025284
 4        -0.0000042563
 5         0.0000038813
 6         0.0000006800
 7         0.0000068802
 8        -0.0000001070
 9        -0.0000001099
 10       -0.0000113780
 11       -0.0000006404
 12        0.0000004192
 13        0.0000000181
 14        0.0000000843
 15       -0.0000058112
 16       -0.0000078404
 17       -0.0000216748
 18       -0.0000061480
 19       -0.0000126145
 20       -0.0000003059
 21       -0.0000011123
 22       -0.0000020318
 23       -0.0000000428
 24        0.0000016909
 25       -0.0000029676
 26       -0.0000001677
 27        0.0000002721
 28        0.0000060528
 29       -0.0000007321
 30        0.0000007122
 31        0.0000006522
 32       -0.0000001556
 33        0.0000161771
 34        0.0000105689
 35        0.0000063487
 36        0.0000042680
 37        0.0000002150
 38        0.0000016135
 39        0.0000030285
 40       -0.0000000096
 41        0.0000000154
 42        0.0000000437
 43        0.0000000073
 44       -0.0000000001
 45        0.0000000086
 46       -0.0000000025
 47        0.0000002771
 48        0.0000003383
 49       -0.0000004800
 50       -0.0000000956
 51       -0.0000000897
 52       -0.0000000910
 53        0.0000000202
 54        0.0000000042
 55        0.0000000148
 56        0.0000000063
 57       -0.0000000005
 58       -0.0000027125
 59       -0.0000024912
 60       -0.0000001480
 61        0.0000000007
 62       -0.0000001556
 63       -0.0000001941
 64        0.0000010081
 65       -0.0000000698
 66       -0.0000001682
 67       -0.0000000862
 68       -0.0000000077
 69        0.0000000561
 70        0.0000000695
 71        0.0000000467
 72        0.0000004951
 73        0.0000009560
 74        0.0000001563
 75        0.0000020298
 76       -0.0000000003
 77        0.0000000001
 78        0.0000000013
 79        0.0000000008
 80        0.0000008662
 81        0.0000072703
 82        0.0000322340
 83       -0.0000019091
 84       -0.0000288395
 85        0.0000422377
 86       -0.0000266750
 87        0.0000001509
 88        0.0000003583
 89        0.0000349775
 90        0.0000057903
 91       -0.0000023364
 92       -0.0000001631
 93       -0.0000004386
 94       -0.0000012339
 95        0.0000507119
 96        0.0000833637
 97        0.0000312652
 98        0.0000383033
 99        0.0000010517
 100       0.0000053631
 101       0.0000111864
 102       0.0000002478
 103      -0.0000477485
 104       0.0000242887
 105       0.0000000903
 106      -0.0000011072
 107      -0.0000448128
 108       0.0000023352
 109      -0.0000036124
 110      -0.0000005576
 111       0.0000073568
 112      -0.0000687635
 113      -0.0000564685
 114      -0.0000291381
 115      -0.0000351896
 116      -0.0000015335
 117      -0.0000069652
 118      -0.0000132655
 119       0.0000001668
 120       0.0000011487
 121       0.0000003158
 122       0.0000001000
 123       0.0000000670
 124      -0.0000000097
 125       0.0000000874
 126      -0.0000015274
 127      -0.0000009235
 128       0.0000009478
 129       0.0000005637
 130       0.0000023218
 131       0.0000010094
 132      -0.0000000220
 133      -0.0000002241
 134      -0.0000000710
 135      -0.0000000540
 136       0.0000000343
 137       0.0000102545
 138       0.0000090033
 139       0.0000008012
 140      -0.0000000107
 141       0.0000008485
 142       0.0000019647
 143      -0.0000054944
 144       0.0000001669
 145       0.0000001015
 146       0.0000002739
 147      -0.0000001285
 148      -0.0000004037
 149      -0.0000000571
 150      -0.0000001292
 151      -0.0000006959
 152      -0.0000054270
 153      -0.0000007609
 154      -0.0000112929
 155       0.0000017718
 156       0.0000000152
 157       0.0000000161
 158       0.0000000277

 --------------------------------------------------------------------------------

 End time:                               Mon Jul  5 14:48:41 2021
 Total wall-clock time:                  2.191 seconds
==================================================================================
