
================================================================================
          _____________ ________ _______________ ________     _________         
         / ___________// ______ \\_____   _____// ______ \   / ________)        
        / /_________  / /      \ \     | |     / /      \ \ | (_______          
       |  __________|| |        | |    | |    | |        | | \________ \        
        \ \_________ | |        | |    | |     \ \______/ /___________) |       
         \__________||_|        |_|    |_|      \________//____________/        
                                                                                
====================================[ Qcore ]===================================

 Git hash:   035eaa6e02832a1eaacaa1f2c2b4151870260895
 Git date:   Fri, 20 Aug 2021 11:46:14 +0100
 Compiler:   GNU 9.1.0
 Build type: Release
 Version:    2.0.0

 Start time: Fri Aug 20 14:49:32 2021

 Data directory: /home/of15641/.local/src/Qcore/release/share/entos/2.0.0/data
 Number of threads: 2
 Number of threads was determined by: command line argument
  - More threads can be used by running 'qcore -n 24'

 --------------------------------------------------------------------------------
                                   command: xtb                                  
 --------------------------------------------------------------------------------
 XTB basis setup:                        reference basis
 Implicit solvation model:               none
 Number of basis functions:            244
 GFN version:                            chlorophyll
 Integral screening threshold:           1.00e-10
 Total charge:                           0.000000000
 Number of electrons:                  218.000000000
 Electronic temperature (Kelvin):        0.000000000

 D3BJ energy:                           -0.062562629
 Repulsive energy:                       1.518579233

 ****************************************************
  Running robust self-consistent charge (SCC) solver 
 ****************************************************
 Number of SCC trials:                   4
 Using the stop-early mechanism for the first 3 trials

 Conv. threshold (charge):               1.00e-05
 Conv. threshold (energy):               1.00e-06
 Initial guess:                          eeq

 -------------
  SCC Trial 1 
 -------------
 Broyden mixing factor:                  0.400000000
 Max number of iterations:             128

 ---------------------------------------------------------------
                  energy        change          grad        time
 ---------------------------------------------------------------
   0      -125.881407628                    6.23e-01        0.02
   1      -126.546251770     -6.65e-01      3.67e-01        0.01
   2      -126.553345514     -7.09e-03      1.27e-01        0.01
   3      -126.591602628     -3.83e-02      1.49e-02        0.01
   4      -126.593963280     -2.36e-03      1.05e-02        0.01
   5      -126.601773282     -7.81e-03      3.00e-03        0.01
   6      -126.602330737     -5.57e-04      9.41e-04        0.01
   7      -126.602380213     -4.95e-05      2.60e-04        0.01
   8      -126.602383033     -2.82e-06      7.48e-05        0.01
   9      -126.602383081     -4.81e-08      3.01e-05        0.01
  10      -126.602383090     -8.57e-09      1.12e-05        0.01
  11      -126.602383091     -1.47e-09      3.93e-06        0.01
  12      -126.602383092     -1.05e-10      1.16e-06        0.01

 SCF converged in 11 iterations.

 Entropy contribution (-ST):             0.000000000
 Dipole moment (in Debye):              -1.875178      -3.238720      -0.693109

 ----------------
  Excitation 0 1 
 ----------------
 Setting up Delta-SCF
 Ground-Excited state overlap:          -0.000000000
 No correction applied to the TDM.
 Excitation energy:                      0.064990304
 Excitation energy (in eV):              1.768476258
 Transition dipole:                     -0.13752       2.71731      -0.65877

 -----------------
  Excitation -1 1 
 -----------------
 Setting up Delta-SCF
 Ground-Excited state overlap:           0.000000000
 No correction applied to the TDM.
 Excitation energy:                      0.082076910
 Excitation energy (in eV):              2.233426489
 Transition dipole:                     -0.08985       0.28609       1.73677

 ----------------
  Excitation 0 2 
 ----------------
 Setting up Delta-SCF
 Ground-Excited state overlap:           0.000000000
 No correction applied to the TDM.
 Excitation energy:                      0.112403584
 Excitation energy (in eV):              3.058657348
 Transition dipole:                     -0.17667       0.05722       0.57847

 -----------------
  Excitation -1 2 
 -----------------
 Setting up Delta-SCF
 Ground-Excited state overlap:           0.000000000
 No correction applied to the TDM.
 Excitation energy:                      0.131255755
 Excitation energy (in eV):              3.571651040
 Transition dipole:                      0.13379      -0.69535       0.01231
 TOTAL ENERGY:                        -126.602383092
 Saving results in set 'res'

 --------------------------------------------------------------------------------
                                  command: print                                 
 --------------------------------------------------------------------------------
 res.energy:                          -126.6023830916

 --------------------------------------------------------------------------------
                                  command: print                                 
 --------------------------------------------------------------------------------

 res.dipole:
                      1
 1        -0.7377518551
 2        -1.2742104490
 3        -0.2726899546

 --------------------------------------------------------------------------------
                                  command: print                                 
 --------------------------------------------------------------------------------

 res.atomic_charges:
                      1
 1         0.4471560091
 2        -0.0525451338
 3        -0.1035984820
 4        -0.0950738172
 5        -0.0775601138
 6        -0.2174388880
 7         0.1259179688
 8        -0.0264378684
 9        -0.0162656986
 10        0.1102246651
 11       -0.0941676902
 12       -0.0315484163
 13       -0.0754299731
 14        0.0132050125
 15       -0.2534114571
 16        0.1248631629
 17       -0.0206401987
 18       -0.1162100141
 19        0.1530189944
 20       -0.0939163964
 21        0.3637298034
 22       -0.4688290022
 23       -0.1393718191
 24       -0.2341802582
 25        0.1401785635
 26       -0.0078714409
 27       -0.0306203542
 28        0.1183834873
 29       -0.0934685425
 30       -0.0312732467
 31       -0.0953494377
 32       -0.2676653072
 33        0.0931485338
 34        0.0198573119
 35       -0.1209468269
 36        0.1327378782
 37       -0.0959560449
 38        0.3699891660
 39       -0.4469448932
 40       -0.0936804907
 41        0.5514744913
 42       -0.4939456670
 43       -0.3428723737
 44        0.1150096917
 45        0.0386146775
 46        0.0475088243
 47        0.0268375705
 48        0.0321181876
 49        0.0288836316
 50        0.0429919860
 51        0.0323196790
 52        0.0343944380
 53        0.0268550879
 54        0.0471184405
 55        0.0194633468
 56        0.0151032400
 57        0.0371973351
 58        0.0351613601
 59        0.0470032743
 60        0.0603389780
 61        0.0679752707
 62        0.0462359088
 63        0.0344426806
 64        0.0259581001
 65        0.0371602456
 66        0.0264785307
 67        0.0262287549
 68        0.0259744006
 69        0.0218052862
 70        0.0278748523
 71        0.0391131742
 72        0.0321003753
 73        0.0696817907
 74        0.0451625907
 75        0.0647488723
 76        0.0553868970
 77        0.0445059983
 78        0.0424166300
 79        0.0531646969

 --------------------------------------------------------------------------------
                                  command: print                                 
 --------------------------------------------------------------------------------
 res.excitation_1_energy:                0.0649903038

 --------------------------------------------------------------------------------
                                  command: print                                 
 --------------------------------------------------------------------------------
 res.excitation_1_transition_dipole : [
  -0.13751589127958572,
  2.717305528475674,
  -0.6587690456209782
]

 --------------------------------------------------------------------------------
                                  command: print                                 
 --------------------------------------------------------------------------------

 res.excitation_1_transition_charges:
                      1
 1        -0.0002573384
 2         0.0160210475
 3        -0.0107819377
 4        -0.0119678982
 5         0.0092361661
 6         0.0012856543
 7         0.0187219322
 8        -0.0001587635
 9         0.0000239316
 10       -0.0233673073
 11       -0.0025097082
 12        0.0016156298
 13        0.0001905924
 14        0.0003482483
 15       -0.0056068093
 16       -0.0343665482
 17       -0.0608132803
 18       -0.0212371889
 19       -0.0235711845
 20       -0.0007859795
 21       -0.0052816074
 22       -0.0077412202
 23       -0.0002051326
 24       -0.0003542794
 25       -0.0156553273
 26       -0.0004077452
 27        0.0006383776
 28        0.0292065032
 29       -0.0013210524
 30        0.0014079478
 31        0.0004295293
 32        0.0009966984
 33        0.0455156596
 34        0.0419126203
 35        0.0183306199
 36        0.0236988525
 37        0.0011767166
 38        0.0063690609
 39        0.0093746008
 40        0.0000461840
 41        0.0001019999
 42        0.0002241488
 43        0.0000246733
 44        0.0000032468
 45       -0.0000093555
 46       -0.0001069486
 47        0.0008779521
 48        0.0002728556
 49       -0.0002795750
 50       -0.0003780051
 51       -0.0005480661
 52       -0.0005440566
 53        0.0000840847
 54        0.0002120198
 55       -0.0000175998
 56        0.0000785569
 57       -0.0000199811
 58       -0.0042663273
 59       -0.0041350457
 60       -0.0004371841
 61        0.0000031458
 62       -0.0004564109
 63       -0.0006801110
 64        0.0024346976
 65       -0.0002242818
 66       -0.0002866218
 67       -0.0002746760
 68        0.0000725194
 69        0.0001692405
 70        0.0000030432
 71        0.0000380966
 72        0.0002047702
 73        0.0022825808
 74        0.0004550263
 75        0.0048633118
 76        0.0000964187
 77       -0.0000005367
 78        0.0000053965
 79        0.0000007333

 --------------------------------------------------------------------------------
                                  command: print                                 
 --------------------------------------------------------------------------------
 res.excitation_1_excited_dipole : [
  -1.0302228257420607,
  -1.2566367228054318,
  -0.36598294657550845
]

 --------------------------------------------------------------------------------
                                  command: print                                 
 --------------------------------------------------------------------------------

 res.excitation_1_excited_atomic_charges:
                      1
 1         0.4476045823
 2        -0.1194651312
 3        -0.1472243253
 4        -0.1464594983
 5        -0.1111712966
 6        -0.2912732172
 7         0.1877452073
 8        -0.0250856821
 9        -0.0149010635
 10        0.1879114994
 11       -0.0888386082
 12       -0.0282364605
 13       -0.0755610141
 14        0.0132601097
 15       -0.2536540369
 16        0.1770803103
 17       -0.0480072542
 18       -0.1450430955
 19        0.2152354920
 20       -0.0926667403
 21        0.3404647838
 22       -0.4886043515
 23       -0.1397938413
 24       -0.3131391176
 25        0.2044333072
 26       -0.0071909719
 27       -0.0286685107
 28        0.1796642876
 29       -0.0879109779
 30       -0.0282780537
 31       -0.0943491323
 32       -0.2693240320
 33        0.1484885273
 34       -0.0030168629
 35       -0.1335134316
 36        0.1717066978
 37       -0.0947334008
 38        0.3540586876
 39       -0.4603982502
 40       -0.0937763908
 41        0.5503963850
 42       -0.4946135892
 43       -0.3429949405
 44        0.1149462348
 45        0.0386288668
 46        0.0480980775
 47        0.0283081920
 48        0.0339255639
 49        0.0305078908
 50        0.0431304449
 51        0.0326029669
 52        0.0351290239
 53        0.0267736191
 54        0.0472378745
 55        0.0194537835
 56        0.0151630147
 57        0.0371480280
 58        0.0354948243
 59        0.0462618677
 60        0.0585306054
 61        0.0679598346
 62        0.0447375548
 63        0.0389759639
 64        0.0343177336
 65        0.0380393092
 66        0.0271891108
 67        0.0270217384
 68        0.0261062642
 69        0.0218752896
 70        0.0278766146
 71        0.0392446908
 72        0.0322112137
 73        0.0687785880
 74        0.0451859758
 75        0.0648537612
 76        0.0540781317
 77        0.0445016668
 78        0.0423900942
 79        0.0531589869

 --------------------------------------------------------------------------------
                                  command: print                                 
 --------------------------------------------------------------------------------
 res.excitation_2_energy:                0.0820769096

 --------------------------------------------------------------------------------
                                  command: print                                 
 --------------------------------------------------------------------------------
 res.excitation_2_transition_dipole : [
  -0.08984973749002743,
  0.2860884993605587,
  1.736770033299466
]

 --------------------------------------------------------------------------------
                                  command: print                                 
 --------------------------------------------------------------------------------

 res.excitation_2_transition_charges:
                      1
 1         0.0017857808
 2        -0.0705885429
 3        -0.0446042042
 4         0.0482847464
 5         0.0387288003
 6        -0.0507314144
 7        -0.0080009868
 8         0.0005033251
 9        -0.0009840958
 10       -0.0043408460
 11       -0.0005495792
 12       -0.0005660140
 13        0.0000268866
 14       -0.0000506094
 15        0.0107642368
 16        0.0087132994
 17       -0.0223777996
 18        0.0188454949
 19       -0.0068318408
 20       -0.0003684958
 21        0.0034543276
 22        0.0055466684
 23        0.0003763307
 24        0.0522052110
 25        0.0042114102
 26        0.0011670333
 27        0.0007705634
 28        0.0113731310
 29        0.0004036822
 30        0.0004808534
 31        0.0000799761
 32       -0.0074294521
 33       -0.0009334093
 34        0.0236569268
 35       -0.0121059499
 36        0.0119343406
 37        0.0008454882
 38       -0.0031311142
 39       -0.0064155708
 40       -0.0006535712
 41       -0.0018797187
 42       -0.0013255680
 43       -0.0002236283
 44       -0.0001342213
 45        0.0000350516
 46       -0.0000316004
 47        0.0003553399
 48       -0.0000885820
 49       -0.0001194155
 50       -0.0003721966
 51       -0.0002899586
 52       -0.0002367017
 53       -0.0000236578
 54       -0.0001069877
 55        0.0000059553
 56       -0.0000185681
 57       -0.0000540873
 58       -0.0007980508
 59       -0.0022943789
 60        0.0004471115
 61        0.0000318953
 62        0.0003196284
 63        0.0000824149
 64        0.0009707885
 65        0.0000900594
 66        0.0001780295
 67        0.0003346579
 68       -0.0000275970
 69        0.0000836266
 70        0.0000020279
 71        0.0000243185
 72        0.0000591959
 73        0.0019930426
 74        0.0000312045
 75        0.0025516864
 76       -0.0029885395
 77       -0.0000170086
 78       -0.0000438443
 79       -0.0000167401

 --------------------------------------------------------------------------------
                                  command: print                                 
 --------------------------------------------------------------------------------
 res.excitation_3_energy:                0.1124035843

 --------------------------------------------------------------------------------
                                  command: print                                 
 --------------------------------------------------------------------------------
 res.excitation_3_transition_dipole : [
  -0.1766662576490145,
  0.05722104588335512,
  0.5784722242394892
]

 --------------------------------------------------------------------------------
                                  command: print                                 
 --------------------------------------------------------------------------------

 res.excitation_3_transition_charges:
                      1
 1        -0.0001395939
 2        -0.0014318626
 3         0.0003200008
 4        -0.0042729833
 5        -0.0100547286
 6         0.0003897802
 7        -0.0045165867
 8         0.0000223869
 9         0.0001360208
 10        0.0124414658
 11        0.0017823278
 12       -0.0011490149
 13       -0.0001565396
 14       -0.0006960421
 15       -0.0098831049
 16        0.0111589240
 17       -0.0450314214
 18       -0.0150135671
 19        0.0582873543
 20       -0.0002313726
 21       -0.0148710388
 22       -0.0165671043
 23       -0.0002292970
 24        0.0000728495
 25        0.0562633386
 26       -0.0004967918
 27       -0.0000121750
 28        0.0323167676
 29        0.0047588592
 30        0.0013725241
 31        0.0003667780
 32        0.0010681892
 33        0.0104227300
 34       -0.0342087632
 35       -0.0078782087
 36       -0.0047305227
 37       -0.0004649716
 38       -0.0073994940
 39       -0.0084023638
 40        0.0000255004
 41        0.0000432356
 42       -0.0000208905
 43        0.0000059189
 44       -0.0000002816
 45        0.0000942659
 46       -0.0000917420
 47        0.0004376106
 48        0.0001003314
 49        0.0000721967
 50        0.0002964006
 51        0.0003195704
 52        0.0004910641
 53       -0.0000939677
 54       -0.0001831332
 55        0.0000613970
 56       -0.0001173593
 57       -0.0000144365
 58       -0.0027491190
 59       -0.0030805230
 60       -0.0012163823
 61        0.0000251218
 62       -0.0011483883
 63        0.0027247137
 64        0.0021127634
 65        0.0011361806
 66        0.0013617415
 67        0.0011824712
 68        0.0001823171
 69        0.0001539791
 70        0.0000116294
 71        0.0000091321
 72        0.0000805622
 73       -0.0015889500
 74       -0.0003119477
 75       -0.0037313730
 76        0.0000797870
 77       -0.0000014220
 78       -0.0000001064
 79       -0.0000006162

 --------------------------------------------------------------------------------
                                  command: print                                 
 --------------------------------------------------------------------------------
 res.excitation_4_energy:                0.1312557548

 --------------------------------------------------------------------------------
                                  command: print                                 
 --------------------------------------------------------------------------------
 res.excitation_4_transition_dipole : [
  0.13379419999478734,
  -0.6953509623391082,
  0.012305630452237341
]

 --------------------------------------------------------------------------------
                                  command: print                                 
 --------------------------------------------------------------------------------

 res.excitation_4_transition_charges:
                      1
 1         0.0023636932
 2         0.0061539761
 3         0.0007849557
 4         0.0155822544
 5        -0.0427523500
 6         0.0093959318
 7         0.0019350990
 8        -0.0005459111
 9         0.0005578324
 10        0.0023259573
 11        0.0003040359
 12        0.0004085400
 13       -0.0001003600
 14        0.0001003914
 15        0.0217099786
 16       -0.0031415395
 17       -0.0168256302
 18        0.0130498807
 19        0.0171199085
 20       -0.0001460865
 21        0.0100717008
 22        0.0120324454
 23        0.0008482900
 24       -0.0273763174
 25       -0.0144787239
 26        0.0008274146
 27        0.0004115185
 28        0.0129564485
 29       -0.0008861310
 30        0.0005017354
 31        0.0000546903
 32       -0.0083873111
 33        0.0000172207
 34       -0.0192974769
 35        0.0050518735
 36       -0.0021415464
 37       -0.0003417174
 38        0.0035141159
 39        0.0055830502
 40        0.0000825401
 41       -0.0012616032
 42       -0.0003325859
 43       -0.0001587266
 44       -0.0001171935
 45        0.0001699733
 46       -0.0000282204
 47        0.0001706618
 48       -0.0000136844
 49        0.0000559205
 50        0.0002593484
 51        0.0000747694
 52        0.0002111932
 53        0.0000263860
 54        0.0000904543
 55       -0.0000172523
 56        0.0000290083
 57       -0.0000244332
 58       -0.0005570106
 59       -0.0017192583
 60        0.0013040511
 61        0.0002105215
 62        0.0008373179
 63       -0.0001155585
 64        0.0007736408
 65       -0.0004240286
 66       -0.0002238253
 67       -0.0006767180
 68        0.0000165128
 69        0.0000925654
 70        0.0000009094
 71        0.0000055689
 72        0.0000218809
 73       -0.0013918112
 74       -0.0000095125
 75       -0.0019589623
 76       -0.0025739986
 77       -0.0000509622
 78       -0.0000426287
 79        0.0000229130

 --------------------------------------------------------------------------------

 End time:                               Fri Aug 20 14:49:33 2021
 Total wall-clock time:                  0.557 seconds
==================================================================================
