
================================================================================
          _____________ ________ _______________ ________     _________         
         / ___________// ______ \\_____   _____// ______ \   / ________)        
        / /_________  / /      \ \     | |     / /      \ \ | (_______          
       |  __________|| |        | |    | |    | |        | | \________ \        
        \ \_________ | |        | |    | |     \ \______/ /___________) |       
         \__________||_|        |_|    |_|      \________//____________/        
                                                                                
====================================[ Qcore ]===================================

 Git hash:   ad9d0b24ea610736acb9cf13a2604964cd4d942e
 Git date:   Wed, 30 Jun 2021 12:42:56 +0100
 Compiler:   GNU 9.1.0
 Build type: Release
 Version:    1.4.1

 Start time: Wed Jun 30 13:19:22 2021

 Data directory: /home/of15641/.local/src/Qcore/release/share/entos/1.4.1/data
 Number of threads: 2
 Number of threads was determined by: command line argument
  - More threads can be used by running 'qcore -n 24'

 --------------------------------------------------------------------------------
                                   command: xtb                                  
 --------------------------------------------------------------------------------
 XTB basis setup:                        reference basis
 Number of basis functions:            488
 GFN version:                            chlorophyll
 Integral screening threshold:           1.00e-10
 Total charge:                           0.000000000
 Number of electrons:                  436.000000000
 Electronic temperature (Kelvin):        0.000000000

 D3BJ energy:                           -0.129756218
 Repulsive energy:                       3.043117999

 ****************************************************
  Running robust self-consistent charge (SCC) solver 
 ****************************************************
 Number of SCC trials:                   4
 Using the stop-early mechanism for the first 3 trials

 Conv. threshold (charge):               1.00e-05
 Conv. threshold (energy):               1.00e-06
 Initial guess:                          eeq

 -------------
  SCC Trial 1 
 -------------
 Broyden mixing factor:                  0.400000000
 Max number of iterations:             128

 ---------------------------------------------------------------
                  energy        change          grad        time
 ---------------------------------------------------------------
   0      -260.595936845                    6.61e-01        0.05
   1      -261.782646645     -1.19e+00      3.88e-01        0.04
   2      -261.801553745     -1.89e-02      1.04e-01        0.04
   3      -261.825371609     -2.38e-02      1.02e-02        0.04
   4      -261.826826374     -1.45e-03      4.78e-03        0.04
   5      -261.829605035     -2.78e-03      1.35e-03        0.04
   6      -261.829820829     -2.16e-04      3.52e-04        0.04
   7      -261.829830067     -9.24e-06      1.56e-04        0.04
   8      -261.829831912     -1.85e-06      5.28e-05        0.04
   9      -261.829832028     -1.16e-07      2.89e-05        0.04
  10      -261.829832107     -7.96e-08      9.65e-06        0.04
  11      -261.829832112     -5.14e-09      2.97e-06        0.04

 SCF converged in 10 iterations.

 Entropy contribution (-ST):             0.000000000
 Dipole moment (in Debye):              -5.306440      -0.614869       1.627215

 ----------------
  Excitation 0 1 
 ----------------
 Setting up Delta-SCF
 Ground-Excited state overlap:           0.000000000
 No correction applied to the TDM.
 Excitation energy:                      0.055342653
 Excitation energy (in eV):              1.505950299
 Transition dipole:                     -0.00329      -0.02694       0.02861
 ------------------------------------------------------
           transition charges and positions           
           --------------------------------           
        atom     charge/e     x/bohr        y/bohr        z/bohr
 ------------------------------------------------------
     1  Mg       0.000057      0.000000      0.000000      0.000000
     2  C        0.000799     -0.410071     -4.191413      5.293123
     3  C        0.000476     -2.371606      4.614711      3.828585
     4  C       -0.000570     -0.462983      3.495993     -4.845258
     5  C       -0.000326      0.275900     -5.336587     -3.849372
     6  N        0.001230     -1.165961     -0.017008      4.017558
     7  C        0.000194     -1.122497     -1.715871      5.867600
     8  C        0.000002     -1.768784     -0.583925      8.507547
     9  C        0.000005     -3.350484      1.821696      7.619376
    10  C       -0.000187     -2.182634      2.207200      5.026671
    11  C       -0.000007     -6.166176      1.294462      7.300012
    12  C        0.000025      0.651956      0.207870     10.013659
    13  C        0.000003      0.234326      0.750221     12.825571
    14  H        0.000004      2.207200      0.062361     14.613252
    15  N       -0.000413     -0.349599      3.705753     -0.287238
    16  C       -0.000207     -1.328477      5.291233      1.468317
    17  C       -0.000490     -1.171630      7.853702      0.364717
    18  C       -0.000112     -0.353379      7.587250     -2.314915
    19  C       -0.000234     -0.404401      4.881163     -2.607822
    20  C       -0.000008     -1.676187     10.215859      1.840593
    21  C       -0.000021      0.342040      9.473197     -4.302906
    22  O       -0.000017      0.572587      8.862816     -6.629159
    23  C       -0.000001      0.585815     12.120703     -3.471427
    24  N       -0.001195     -0.500777     -0.780457     -3.834254
    25  C       -0.000117     -0.527234      1.075254     -5.550126
    26  C       -0.000028     -0.370386      0.045353     -8.186294
    27  C       -0.000013      0.234326     -2.896950     -7.899055
    28  C        0.000279      0.162516     -3.084033     -4.979428
    29  C       -0.000019     -2.741993      0.387394     -9.820907
    30  C        0.000008      2.594594     -3.911733     -9.303122
    31  C       -0.000102      4.962421     -2.815692     -8.137161
    32  N        0.000233      0.283459     -4.051573      0.572587
    33  C        0.000284      0.326923     -5.926181     -1.300132
    34  C        0.000301      0.326923     -8.386605      0.007559
    35  C        0.000117      0.251334     -7.768664      2.566248
    36  C        0.000232      0.156847     -5.092812      2.838369
    37  C        0.000009      0.281569    -10.799785     -1.177299
    38  C        0.000038      0.181414     -8.747542      5.132496
    39  O        0.000062      0.393063    -10.860256      6.086808
    40  C        0.000006     -0.481880     -6.477981      6.993876
    41  C        0.000031      1.354934     -6.580026      9.161392
    42  O        0.000017      3.649061     -6.151059      8.823131
    43  O        0.000003      0.071810     -6.719866     11.344026
    44  C        0.000002      1.782012     -6.770889     13.573903
    45  H       -0.000000     -3.513001      6.084918      4.718646
    46  H       -0.000000     -0.411960      4.635498     -6.564909
    47  H        0.000002      0.521564     -7.080804     -4.922737
    48  H        0.000004     -2.936634     -1.793350      9.698074
    49  H       -0.000006     -2.995216      3.460089      8.815572
    50  H       -0.000001     -6.583806     -0.712427      7.500323
    51  H        0.000001     -6.634828      1.940749      5.400837
    52  H       -0.000001     -7.279225      2.458534      8.585026
    53  H       -0.000002      1.264227      2.071140      9.384380
    54  H        0.000005      2.135391     -1.207535      9.805789
    55  H        0.000001     -1.594929      0.049133     13.464299
    56  H        0.000001      0.117163      2.791125     13.078795
    57  H        0.000001     -2.539792      9.800120      3.662289
    58  H       -0.000071     -3.119938     11.268437      0.816362
    59  H       -0.000055      0.013228     11.376151      2.048463
    60  H       -0.000001     -1.199976     12.744313     -2.655065
    61  H       -0.000000      1.256668     13.171391     -5.109819
    62  H        0.000000      1.980433     12.218969     -1.957756
    63  H       -0.000007      1.148953      0.946753     -9.242650
    64  H       -0.000053     -1.307690     -4.074250     -8.592585
    65  H       -0.000001     -2.394283      1.398397    -11.582131
    66  H       -0.000005     -4.164956      1.349264     -8.685181
    67  H       -0.000005     -3.717091     -1.360603    -10.304677
    68  H        0.000011      2.562469     -3.324028    -11.275996
    69  H       -0.000007      2.743882     -5.965865     -9.263437
    70  H       -0.000015      5.128717     -0.986437     -9.066906
    71  H       -0.000067      6.589475     -4.008109     -8.558570
    72  H       -0.000117      4.714867     -2.462313     -6.122713
    73  H        0.000032      1.638393    -11.967636     -0.158737
    74  H        0.000006      0.763449    -10.661835     -3.174740
    75  H        0.000065     -1.683746    -11.336467     -0.874943
    76  H        0.000046     -2.424519     -6.767109      7.611817
    77  H        0.000000      1.319029     -8.462194     14.654826
    78  H        0.000001      1.574142     -4.949193     14.513097
    79  H        0.000001      3.779452     -7.094032     13.182729
    80  Mg       0.000025     14.896976      1.341139      1.131625
    81  C       -0.000036     14.948206      2.157557     -5.582837
    82  C        0.000025     13.876977     -4.938006      0.078065
    83  C        0.000018     13.990020      0.710329      7.021655
    84  C       -0.000015     13.779581      7.812298      1.630021
    85  N       -0.000008     14.502306     -0.881274     -2.390541
    86  C       -0.000036     14.672722     -0.360673     -4.842196
    87  C       -0.000005     14.674498     -2.760399     -6.547939
    88  C       -0.000001     13.272246     -4.668927     -4.685463
    89  C       -0.000024     13.979060     -3.465852     -2.177947
    90  C        0.000036     10.402470     -4.639126     -4.953048
    91  C       -0.000011     17.412466     -3.684267     -7.184569
    92  C       -0.000001     17.594503     -5.625885     -9.322888
    93  H       -0.000003     19.761357     -5.533572    -11.013286
    94  N       -0.000021     14.970864     -1.711582      3.279355
    95  C        0.000114     14.542009     -4.121379      2.529077
    96  C        0.000114     14.814017     -5.700756      4.818272
    97  C        0.000047     15.081734     -3.975965      7.026077
    98  C        0.000021     14.636193     -1.559005      5.855090
    99  C        0.000000     14.893687     -8.529562      4.755193
   100  C        0.000008     15.629471     -4.435112      9.761324
   101  O        0.000017     15.346447     -2.715933     11.435092
   102  C        0.000001     16.355183     -7.031406     10.463281
   103  N       -0.000008     13.600567      3.805134      3.926171
   104  C        0.000054     13.491360      3.088984      6.347685
   105  C        0.000001     13.026166      5.301079      8.057924
   106  C        0.000000     13.297266      7.762088      6.333020
   107  C       -0.000098     13.744205      6.452338      3.754432
   108  C        0.000001     10.455401      5.342936      9.400669
   109  C       -0.000003     15.209499      9.797247      7.212593
   110  C        0.000000     17.871310      8.775340      7.018311
   111  N       -0.000011     14.767813      4.529957     -1.444828
   112  C       -0.000075     14.226841      7.051248     -0.833653
   113  C       -0.000087     14.158357      8.474987     -3.227822
   114  C       -0.000035     14.636401      6.665329     -5.080132
   115  C       -0.000095     14.932465      4.254586     -3.920917
   116  C       -0.000005     13.590192     11.089971     -3.489323
   117  C       -0.000009     14.919803      6.199398     -7.772954
   118  O       -0.000015     15.036059      7.548927     -9.666195
   119  C       -0.000001     14.904459      3.224477     -8.225921
   120  C       -0.000001     17.082973      2.606140     -9.944703
   121  O       -0.000001     19.310280      2.880169     -9.219841
   122  O       -0.000000     16.218896      1.376514    -11.987062
   123  C       -0.000000     18.292001      0.658324    -13.743808
   124  H       -0.000000     13.114983     -6.853035     -0.014211
   125  H        0.000000     13.865223      0.615692      9.079265
   126  H       -0.000002     13.600113      9.867092      1.650827
   127  H       -0.000003     13.604101     -2.571067     -8.297882
   128  H       -0.000003     14.046750     -6.573186     -4.809636
   129  H        0.000007      9.779219     -3.131824     -6.210717
   130  H        0.000026      9.675719     -4.334446     -3.049583
   131  H        0.000005      9.702572     -6.486806     -5.537370
   132  H       -0.000000     18.127878     -4.817365     -5.620310
   133  H       -0.000001     18.641033     -2.085237     -7.609852
   134  H       -0.000001     15.841517     -5.725303    -10.401223
   135  H       -0.000000     17.784817     -7.496506     -8.481658
   136  H        0.000000     14.336823     -9.261510      2.913618
   137  H        0.000013     13.429887     -9.201492      6.038620
   138  H        0.000010     16.725097     -9.267104      5.343087
   139  H        0.000001     14.844649     -8.327248      9.930851
   140  H        0.000000     16.838272     -6.965304     12.463424
   141  H        0.000001     18.006973     -7.583358      9.362024
   142  H        0.000005     14.425073      5.376290      9.565964
   143  H       -0.000010     11.517465      8.785658      6.161547
   144  H       -0.000000     10.595827      5.437781     11.454008
   145  H       -0.000006      9.400310      3.676897      8.808259
   146  H       -0.000001      9.194897      6.858799      8.806010
   147  H       -0.000000     14.887111     10.276935      9.188623
   148  H       -0.000000     15.103031     11.539820      6.119236
   149  H        0.000000     18.092162      7.729585      8.777816
   150  H       -0.000000     19.228474     10.321892      6.903925
   151  H        0.000000     18.047603      7.424545      5.472855
   152  H       -0.000010     14.953667     11.844199     -4.836300
   153  H       -0.000002     13.707431     12.065807     -1.679607
   154  H       -0.000019     11.663087     10.991611     -4.209365
   155  H       -0.000000     13.089131      2.764972     -9.081910
   156  H        0.000000     17.827431      1.452103    -15.587009
   157  H       -0.000000     18.493257     -1.387324    -13.606916
   158  H       -0.000000     20.125451      1.532379    -13.394908
 ------------------------------------------------------


 -----------------
  Excitation -1 1 
 -----------------
 Setting up Delta-SCF
 Ground-Excited state overlap:           0.000000000
 No correction applied to the TDM.
 Excitation energy:                      0.095940583
 Excitation energy (in eV):              2.610676259
 Transition dipole:                     -0.46834       4.34896      -0.24180
 ------------------------------------------------------
           transition charges and positions           
           --------------------------------           
        atom     charge/e     x/bohr        y/bohr        z/bohr
 ------------------------------------------------------
     1  Mg      -0.000002      0.000000      0.000000      0.000000
     2  C       -0.020836     -0.410071     -4.191413      5.293123
     3  C        0.017439     -2.371606      4.614711      3.828585
     4  C        0.016073     -0.462983      3.495993     -4.845258
     5  C       -0.014715      0.275900     -5.336587     -3.849372
     6  N       -0.001795     -1.165961     -0.017008      4.017558
     7  C       -0.030227     -1.122497     -1.715871      5.867600
     8  C        0.000142     -1.768784     -0.583925      8.507547
     9  C        0.000164     -3.350484      1.821696      7.619376
    10  C        0.036794     -2.182634      2.207200      5.026671
    11  C        0.004535     -6.166176      1.294462      7.300012
    12  C       -0.002917      0.651956      0.207870     10.013659
    13  C       -0.000202      0.234326      0.750221     12.825571
    14  H       -0.000506      2.207200      0.062361     14.613252
    15  N        0.010736     -0.349599      3.705753     -0.287238
    16  C        0.050906     -1.328477      5.291233      1.468317
    17  C        0.092552     -1.171630      7.853702      0.364717
    18  C        0.030473     -0.353379      7.587250     -2.314915
    19  C        0.040943     -0.404401      4.881163     -2.607822
    20  C        0.001214     -1.676187     10.215859      1.840593
    21  C        0.005380      0.342040      9.473197     -4.302906
    22  O        0.010621      0.572587      8.862816     -6.629159
    23  C        0.000274      0.585815     12.120703     -3.471427
    24  N       -0.005162     -0.500777     -0.780457     -3.834254
    25  C        0.024996     -0.527234      1.075254     -5.550126
    26  C        0.000364     -0.370386      0.045353     -8.186294
    27  C       -0.000978      0.234326     -2.896950     -7.899055
    28  C       -0.047293      0.162516     -3.084033     -4.979428
    29  C        0.002861     -2.741993      0.387394     -9.820907
    30  C       -0.003467      2.594594     -3.911733     -9.303122
    31  C       -0.000477      4.962421     -2.815692     -8.137161
    32  N       -0.001339      0.283459     -4.051573      0.572587
    33  C       -0.069262      0.326923     -5.926181     -1.300132
    34  C       -0.057986      0.326923     -8.386605      0.007559
    35  C       -0.029127      0.251334     -7.768664      2.566248
    36  C       -0.038744      0.156847     -5.092812      2.838369
    37  C       -0.001589      0.281569    -10.799785     -1.177299
    38  C       -0.007404      0.181414     -8.747542      5.132496
    39  O       -0.013671      0.393063    -10.860256      6.086808
    40  C       -0.000082     -0.481880     -6.477981      6.993876
    41  C       -0.000248      1.354934     -6.580026      9.161392
    42  O       -0.000394      3.649061     -6.151059      8.823131
    43  O       -0.000058      0.071810     -6.719866     11.344026
    44  C       -0.000014      1.782012     -6.770889     13.573903
    45  H        0.000017     -3.513001      6.084918      4.718646
    46  H        0.000090     -0.411960      4.635498     -6.564909
    47  H       -0.001368      0.521564     -7.080804     -4.922737
    48  H       -0.001043     -2.936634     -1.793350      9.698074
    49  H        0.001169     -2.995216      3.460089      8.815572
    50  H        0.000415     -6.583806     -0.712427      7.500323
    51  H        0.001182     -6.634828      1.940749      5.400837
    52  H        0.000834     -7.279225      2.458534      8.585026
    53  H       -0.000063      1.264227      2.071140      9.384380
    54  H       -0.000306      2.135391     -1.207535      9.805789
    55  H       -0.000084     -1.594929      0.049133     13.464299
    56  H       -0.000061      0.117163      2.791125     13.078795
    57  H        0.000016     -2.539792      9.800120      3.662289
    58  H        0.011637     -3.119938     11.268437      0.816362
    59  H        0.009939      0.013228     11.376151      2.048463
    60  H        0.000767     -1.199976     12.744313     -2.655065
    61  H       -0.000005      1.256668     13.171391     -5.109819
    62  H        0.000805      1.980433     12.218969     -1.957756
    63  H        0.002030      1.148953      0.946753     -9.242650
    64  H       -0.005260     -1.307690     -4.074250     -8.592585
    65  H        0.000245     -2.394283      1.398397    -11.582131
    66  H        0.000500     -4.164956      1.349264     -8.685181
    67  H        0.000292     -3.717091     -1.360603    -10.304677
    68  H       -0.000141      2.562469     -3.324028    -11.275996
    69  H       -0.000387      2.743882     -5.965865     -9.263437
    70  H       -0.000056      5.128717     -0.986437     -9.066906
    71  H       -0.000112      6.589475     -4.008109     -8.558570
    72  H       -0.000702      4.714867     -2.462313     -6.122713
    73  H       -0.005800      1.638393    -11.967636     -0.158737
    74  H       -0.000836      0.763449    -10.661835     -3.174740
    75  H       -0.011541     -1.683746    -11.336467     -0.874943
    76  H       -0.000131     -2.424519     -6.767109      7.611817
    77  H        0.000001      1.319029     -8.462194     14.654826
    78  H       -0.000014      1.574142     -4.949193     14.513097
    79  H       -0.000007      3.779452     -7.094032     13.182729
    80  Mg       0.000001     14.896976      1.341139      1.131625
    81  C        0.000002     14.948206      2.157557     -5.582837
    82  C        0.000001     13.876977     -4.938006      0.078065
    83  C       -0.000001     13.990020      0.710329      7.021655
    84  C       -0.000001     13.779581      7.812298      1.630021
    85  N        0.000005     14.502306     -0.881274     -2.390541
    86  C       -0.000000     14.672722     -0.360673     -4.842196
    87  C        0.000000     14.674498     -2.760399     -6.547939
    88  C       -0.000000     13.272246     -4.668927     -4.685463
    89  C       -0.000000     13.979060     -3.465852     -2.177947
    90  C        0.000001     10.402470     -4.639126     -4.953048
    91  C        0.000000     17.412466     -3.684267     -7.184569
    92  C       -0.000000     17.594503     -5.625885     -9.322888
    93  H        0.000000     19.761357     -5.533572    -11.013286
    94  N        0.000001     14.970864     -1.711582      3.279355
    95  C        0.000001     14.542009     -4.121379      2.529077
    96  C        0.000001     14.814017     -5.700756      4.818272
    97  C        0.000000     15.081734     -3.975965      7.026077
    98  C        0.000000     14.636193     -1.559005      5.855090
    99  C        0.000000     14.893687     -8.529562      4.755193
   100  C        0.000000     15.629471     -4.435112      9.761324
   101  O        0.000000     15.346447     -2.715933     11.435092
   102  C       -0.000000     16.355183     -7.031406     10.463281
   103  N       -0.000001     13.600567      3.805134      3.926171
   104  C        0.000000     13.491360      3.088984      6.347685
   105  C       -0.000000     13.026166      5.301079      8.057924
   106  C        0.000000     13.297266      7.762088      6.333020
   107  C       -0.000001     13.744205      6.452338      3.754432
   108  C        0.000000     10.455401      5.342936      9.400669
   109  C       -0.000000     15.209499      9.797247      7.212593
   110  C        0.000000     17.871310      8.775340      7.018311
   111  N        0.000002     14.767813      4.529957     -1.444828
   112  C       -0.000000     14.226841      7.051248     -0.833653
   113  C       -0.000001     14.158357      8.474987     -3.227822
   114  C       -0.000000     14.636401      6.665329     -5.080132
   115  C       -0.000001     14.932465      4.254586     -3.920917
   116  C       -0.000000     13.590192     11.089971     -3.489323
   117  C       -0.000000     14.919803      6.199398     -7.772954
   118  O       -0.000000     15.036059      7.548927     -9.666195
   119  C        0.000000     14.904459      3.224477     -8.225921
   120  C        0.000000     17.082973      2.606140     -9.944703
   121  O        0.000000     19.310280      2.880169     -9.219841
   122  O        0.000000     16.218896      1.376514    -11.987062
   123  C        0.000000     18.292001      0.658324    -13.743808
   124  H        0.000000     13.114983     -6.853035     -0.014211
   125  H        0.000000     13.865223      0.615692      9.079265
   126  H       -0.000000     13.600113      9.867092      1.650827
   127  H       -0.000000     13.604101     -2.571067     -8.297882
   128  H       -0.000000     14.046750     -6.573186     -4.809636
   129  H       -0.000004      9.779219     -3.131824     -6.210717
   130  H        0.000001      9.675719     -4.334446     -3.049583
   131  H       -0.000000      9.702572     -6.486806     -5.537370
   132  H       -0.000000     18.127878     -4.817365     -5.620310
   133  H        0.000000     18.641033     -2.085237     -7.609852
   134  H        0.000000     15.841517     -5.725303    -10.401223
   135  H       -0.000000     17.784817     -7.496506     -8.481658
   136  H       -0.000000     14.336823     -9.261510      2.913618
   137  H        0.000000     13.429887     -9.201492      6.038620
   138  H        0.000000     16.725097     -9.267104      5.343087
   139  H        0.000000     14.844649     -8.327248      9.930851
   140  H        0.000000     16.838272     -6.965304     12.463424
   141  H        0.000000     18.006973     -7.583358      9.362024
   142  H        0.000000     14.425073      5.376290      9.565964
   143  H       -0.000000     11.517465      8.785658      6.161547
   144  H        0.000000     10.595827      5.437781     11.454008
   145  H        0.000000      9.400310      3.676897      8.808259
   146  H       -0.000000      9.194897      6.858799      8.806010
   147  H       -0.000000     14.887111     10.276935      9.188623
   148  H       -0.000000     15.103031     11.539820      6.119236
   149  H        0.000000     18.092162      7.729585      8.777816
   150  H       -0.000000     19.228474     10.321892      6.903925
   151  H        0.000000     18.047603      7.424545      5.472855
   152  H       -0.000000     14.953667     11.844199     -4.836300
   153  H       -0.000000     13.707431     12.065807     -1.679607
   154  H       -0.000000     11.663087     10.991611     -4.209365
   155  H        0.000000     13.089131      2.764972     -9.081910
   156  H        0.000000     17.827431      1.452103    -15.587009
   157  H        0.000000     18.493257     -1.387324    -13.606916
   158  H        0.000000     20.125451      1.532379    -13.394908
 ------------------------------------------------------


 ----------------
  Excitation 0 2 
 ----------------
 Setting up Delta-SCF
 Ground-Excited state overlap:           0.000000000
 No correction applied to the TDM.
 Excitation energy:                      0.096011934
 Excitation energy (in eV):              2.612617832
 Transition dipole:                      0.04493      -3.64628       2.41529
 ------------------------------------------------------
           transition charges and positions           
           --------------------------------           
        atom     charge/e     x/bohr        y/bohr        z/bohr
 ------------------------------------------------------
     1  Mg       0.000012      0.000000      0.000000      0.000000
     2  C        0.000001     -0.410071     -4.191413      5.293123
     3  C        0.000000     -2.371606      4.614711      3.828585
     4  C        0.000002     -0.462983      3.495993     -4.845258
     5  C        0.000001      0.275900     -5.336587     -3.849372
     6  N        0.000003     -1.165961     -0.017008      4.017558
     7  C       -0.000000     -1.122497     -1.715871      5.867600
     8  C        0.000000     -1.768784     -0.583925      8.507547
     9  C        0.000000     -3.350484      1.821696      7.619376
    10  C        0.000001     -2.182634      2.207200      5.026671
    11  C        0.000000     -6.166176      1.294462      7.300012
    12  C        0.000000      0.651956      0.207870     10.013659
    13  C        0.000000      0.234326      0.750221     12.825571
    14  H        0.000000      2.207200      0.062361     14.613252
    15  N        0.000006     -0.349599      3.705753     -0.287238
    16  C        0.000000     -1.328477      5.291233      1.468317
    17  C        0.000001     -1.171630      7.853702      0.364717
    18  C        0.000000     -0.353379      7.587250     -2.314915
    19  C        0.000001     -0.404401      4.881163     -2.607822
    20  C        0.000000     -1.676187     10.215859      1.840593
    21  C        0.000000      0.342040      9.473197     -4.302906
    22  O        0.000000      0.572587      8.862816     -6.629159
    23  C        0.000000      0.585815     12.120703     -3.471427
    24  N        0.000007     -0.500777     -0.780457     -3.834254
    25  C       -0.000000     -0.527234      1.075254     -5.550126
    26  C        0.000001     -0.370386      0.045353     -8.186294
    27  C        0.000001      0.234326     -2.896950     -7.899055
    28  C        0.000001      0.162516     -3.084033     -4.979428
    29  C        0.000000     -2.741993      0.387394     -9.820907
    30  C        0.000006      2.594594     -3.911733     -9.303122
    31  C        0.000070      4.962421     -2.815692     -8.137161
    32  N        0.000006      0.283459     -4.051573      0.572587
    33  C       -0.000001      0.326923     -5.926181     -1.300132
    34  C       -0.000000      0.326923     -8.386605      0.007559
    35  C       -0.000000      0.251334     -7.768664      2.566248
    36  C        0.000001      0.156847     -5.092812      2.838369
    37  C        0.000000      0.281569    -10.799785     -1.177299
    38  C       -0.000000      0.181414     -8.747542      5.132496
    39  O       -0.000000      0.393063    -10.860256      6.086808
    40  C        0.000000     -0.481880     -6.477981      6.993876
    41  C        0.000000      1.354934     -6.580026      9.161392
    42  O        0.000000      3.649061     -6.151059      8.823131
    43  O       -0.000000      0.071810     -6.719866     11.344026
    44  C        0.000000      1.782012     -6.770889     13.573903
    45  H        0.000000     -3.513001      6.084918      4.718646
    46  H       -0.000000     -0.411960      4.635498     -6.564909
    47  H       -0.000000      0.521564     -7.080804     -4.922737
    48  H       -0.000000     -2.936634     -1.793350      9.698074
    49  H        0.000000     -2.995216      3.460089      8.815572
    50  H        0.000000     -6.583806     -0.712427      7.500323
    51  H        0.000000     -6.634828      1.940749      5.400837
    52  H        0.000000     -7.279225      2.458534      8.585026
    53  H       -0.000000      1.264227      2.071140      9.384380
    54  H        0.000000      2.135391     -1.207535      9.805789
    55  H        0.000000     -1.594929      0.049133     13.464299
    56  H        0.000000      0.117163      2.791125     13.078795
    57  H       -0.000000     -2.539792      9.800120      3.662289
    58  H        0.000000     -3.119938     11.268437      0.816362
    59  H        0.000000      0.013228     11.376151      2.048463
    60  H        0.000000     -1.199976     12.744313     -2.655065
    61  H       -0.000000      1.256668     13.171391     -5.109819
    62  H       -0.000000      1.980433     12.218969     -1.957756
    63  H        0.000000      1.148953      0.946753     -9.242650
    64  H        0.000001     -1.307690     -4.074250     -8.592585
    65  H        0.000000     -2.394283      1.398397    -11.582131
    66  H        0.000000     -4.164956      1.349264     -8.685181
    67  H        0.000000     -3.717091     -1.360603    -10.304677
    68  H        0.000001      2.562469     -3.324028    -11.275996
    69  H        0.000001      2.743882     -5.965865     -9.263437
    70  H        0.000005      5.128717     -0.986437     -9.066906
    71  H        0.000086      6.589475     -4.008109     -8.558570
    72  H        0.000024      4.714867     -2.462313     -6.122713
    73  H       -0.000000      1.638393    -11.967636     -0.158737
    74  H       -0.000000      0.763449    -10.661835     -3.174740
    75  H       -0.000000     -1.683746    -11.336467     -0.874943
    76  H        0.000000     -2.424519     -6.767109      7.611817
    77  H        0.000000      1.319029     -8.462194     14.654826
    78  H        0.000000      1.574142     -4.949193     14.513097
    79  H        0.000000      3.779452     -7.094032     13.182729
    80  Mg       0.000007     14.896976      1.341139      1.131625
    81  C       -0.020365     14.948206      2.157557     -5.582837
    82  C        0.016889     13.876977     -4.938006      0.078065
    83  C        0.015412     13.990020      0.710329      7.021655
    84  C       -0.014968     13.779581      7.812298      1.630021
    85  N       -0.001838     14.502306     -0.881274     -2.390541
    86  C       -0.029949     14.672722     -0.360673     -4.842196
    87  C        0.000157     14.674498     -2.760399     -6.547939
    88  C        0.000148     13.272246     -4.668927     -4.685463
    89  C        0.037538     13.979060     -3.465852     -2.177947
    90  C        0.004602     10.402470     -4.639126     -4.953048
    91  C       -0.002901     17.412466     -3.684267     -7.184569
    92  C       -0.000209     17.594503     -5.625885     -9.322888
    93  H       -0.000511     19.761357     -5.533572    -11.013286
    94  N        0.010884     14.970864     -1.711582      3.279355
    95  C        0.051641     14.542009     -4.121379      2.529077
    96  C        0.092251     14.814017     -5.700756      4.818272
    97  C        0.029694     15.081734     -3.975965      7.026077
    98  C        0.041495     14.636193     -1.559005      5.855090
    99  C        0.001316     14.893687     -8.529562      4.755193
   100  C        0.005193     15.629471     -4.435112      9.761324
   101  O        0.010280     15.346447     -2.715933     11.435092
   102  C        0.000272     16.355183     -7.031406     10.463281
   103  N       -0.006013     13.600567      3.805134      3.926171
   104  C        0.025391     13.491360      3.088984      6.347685
   105  C        0.000350     13.026166      5.301079      8.057924
   106  C       -0.000959     13.297266      7.762088      6.333020
   107  C       -0.047281     13.744205      6.452338      3.754432
   108  C        0.002894     10.455401      5.342936      9.400669
   109  C       -0.003455     15.209499      9.797247      7.212593
   110  C       -0.000483     17.871310      8.775340      7.018311
   111  N       -0.001240     14.767813      4.529957     -1.444828
   112  C       -0.069312     14.226841      7.051248     -0.833653
   113  C       -0.058124     14.158357      8.474987     -3.227822
   114  C       -0.029030     14.636401      6.665329     -5.080132
   115  C       -0.038879     14.932465      4.254586     -3.920917
   116  C       -0.001597     13.590192     11.089971     -3.489323
   117  C       -0.007391     14.919803      6.199398     -7.772954
   118  O       -0.013633     15.036059      7.548927     -9.666195
   119  C       -0.000078     14.904459      3.224477     -8.225921
   120  C       -0.000229     17.082973      2.606140     -9.944703
   121  O       -0.000382     19.310280      2.880169     -9.219841
   122  O       -0.000055     16.218896      1.376514    -11.987062
   123  C       -0.000013     18.292001      0.658324    -13.743808
   124  H        0.000017     13.114983     -6.853035     -0.014211
   125  H        0.000094     13.865223      0.615692      9.079265
   126  H       -0.001363     13.600113      9.867092      1.650827
   127  H       -0.001028     13.604101     -2.571067     -8.297882
   128  H        0.001178     14.046750     -6.573186     -4.809636
   129  H        0.000402      9.779219     -3.131824     -6.210717
   130  H        0.001194      9.675719     -4.334446     -3.049583
   131  H        0.000845      9.702572     -6.486806     -5.537370
   132  H       -0.000061     18.127878     -4.817365     -5.620310
   133  H       -0.000313     18.641033     -2.085237     -7.609852
   134  H       -0.000078     15.841517     -5.725303    -10.401223
   135  H       -0.000060     17.784817     -7.496506     -8.481658
   136  H        0.000015     14.336823     -9.261510      2.913618
   137  H        0.011776     13.429887     -9.201492      6.038620
   138  H        0.009975     16.725097     -9.267104      5.343087
   139  H        0.000745     14.844649     -8.327248      9.930851
   140  H       -0.000005     16.838272     -6.965304     12.463424
   141  H        0.000782     18.006973     -7.583358      9.362024
   142  H        0.002048     14.425073      5.376290      9.565964
   143  H       -0.005230     11.517465      8.785658      6.161547
   144  H        0.000253     10.595827      5.437781     11.454008
   145  H        0.000512      9.400310      3.676897      8.808259
   146  H        0.000293      9.194897      6.858799      8.806010
   147  H       -0.000140     14.887111     10.276935      9.188623
   148  H       -0.000388     15.103031     11.539820      6.119236
   149  H       -0.000056     18.092162      7.729585      8.777816
   150  H       -0.000114     19.228474     10.321892      6.903925
   151  H       -0.000694     18.047603      7.424545      5.472855
   152  H       -0.005825     14.953667     11.844199     -4.836300
   153  H       -0.000836     13.707431     12.065807     -1.679607
   154  H       -0.011570     11.663087     10.991611     -4.209365
   155  H       -0.000104     13.089131      2.764972     -9.081910
   156  H        0.000001     17.827431      1.452103    -15.587009
   157  H       -0.000014     18.493257     -1.387324    -13.606916
   158  H       -0.000006     20.125451      1.532379    -13.394908
 ------------------------------------------------------


 -----------------
  Excitation -1 2 
 -----------------
 Setting up Delta-SCF
 Ground-Excited state overlap:           0.000000000
 No correction applied to the TDM.
 Excitation energy:                      0.065627779
 Excitation energy (in eV):              1.785822831
 Transition dipole:                      0.00600      -0.04170      -0.01952
 ------------------------------------------------------
           transition charges and positions           
           --------------------------------           
        atom     charge/e     x/bohr        y/bohr        z/bohr
 ------------------------------------------------------
     1  Mg       0.000068      0.000000      0.000000      0.000000
     2  C       -0.000016     -0.410071     -4.191413      5.293123
     3  C        0.000004     -2.371606      4.614711      3.828585
     4  C       -0.000043     -0.462983      3.495993     -4.845258
     5  C        0.000025      0.275900     -5.336587     -3.849372
     6  N        0.000018     -1.165961     -0.017008      4.017558
     7  C        0.000053     -1.122497     -1.715871      5.867600
     8  C       -0.000003     -1.768784     -0.583925      8.507547
     9  C       -0.000003     -3.350484      1.821696      7.619376
    10  C       -0.000164     -2.182634      2.207200      5.026671
    11  C        0.000004     -6.166176      1.294462      7.300012
    12  C       -0.000002      0.651956      0.207870     10.013659
    13  C       -0.000000      0.234326      0.750221     12.825571
    14  H       -0.000001      2.207200      0.062361     14.613252
    15  N       -0.000118     -0.349599      3.705753     -0.287238
    16  C        0.000013     -1.328477      5.291233      1.468317
    17  C       -0.000207     -1.171630      7.853702      0.364717
    18  C       -0.000038     -0.353379      7.587250     -2.314915
    19  C       -0.000184     -0.404401      4.881163     -2.607822
    20  C       -0.000003     -1.676187     10.215859      1.840593
    21  C       -0.000007      0.342040      9.473197     -4.302906
    22  O       -0.000010      0.572587      8.862816     -6.629159
    23  C       -0.000000      0.585815     12.120703     -3.471427
    24  N        0.000034     -0.500777     -0.780457     -3.834254
    25  C        0.000039     -0.527234      1.075254     -5.550126
    26  C       -0.000015     -0.370386      0.045353     -8.186294
    27  C        0.000024      0.234326     -2.896950     -7.899055
    28  C       -0.000130      0.162516     -3.084033     -4.979428
    29  C       -0.000016     -2.741993      0.387394     -9.820907
    30  C        0.000008      2.594594     -3.911733     -9.303122
    31  C        0.000156      4.962421     -2.815692     -8.137161
    32  N        0.000003      0.283459     -4.051573      0.572587
    33  C        0.000159      0.326923     -5.926181     -1.300132
    34  C        0.000025      0.326923     -8.386605      0.007559
    35  C        0.000049      0.251334     -7.768664      2.566248
    36  C       -0.000078      0.156847     -5.092812      2.838369
    37  C       -0.000002      0.281569    -10.799785     -1.177299
    38  C        0.000012      0.181414     -8.747542      5.132496
    39  O        0.000024      0.393063    -10.860256      6.086808
    40  C       -0.000001     -0.481880     -6.477981      6.993876
    41  C       -0.000000      1.354934     -6.580026      9.161392
    42  O       -0.000000      3.649061     -6.151059      8.823131
    43  O        0.000000      0.071810     -6.719866     11.344026
    44  C       -0.000000      1.782012     -6.770889     13.573903
    45  H        0.000001     -3.513001      6.084918      4.718646
    46  H        0.000000     -0.411960      4.635498     -6.564909
    47  H        0.000004      0.521564     -7.080804     -4.922737
    48  H        0.000004     -2.936634     -1.793350      9.698074
    49  H       -0.000010     -2.995216      3.460089      8.815572
    50  H       -0.000001     -6.583806     -0.712427      7.500323
    51  H        0.000003     -6.634828      1.940749      5.400837
    52  H        0.000002     -7.279225      2.458534      8.585026
    53  H       -0.000000      1.264227      2.071140      9.384380
    54  H       -0.000000      2.135391     -1.207535      9.805789
    55  H       -0.000000     -1.594929      0.049133     13.464299
    56  H       -0.000000      0.117163      2.791125     13.078795
    57  H        0.000000     -2.539792      9.800120      3.662289
    58  H       -0.000025     -3.119938     11.268437      0.816362
    59  H       -0.000027      0.013228     11.376151      2.048463
    60  H       -0.000001     -1.199976     12.744313     -2.655065
    61  H        0.000000      1.256668     13.171391     -5.109819
    62  H       -0.000002      1.980433     12.218969     -1.957756
    63  H        0.000020      1.148953      0.946753     -9.242650
    64  H        0.000133     -1.307690     -4.074250     -8.592585
    65  H        0.000001     -2.394283      1.398397    -11.582131
    66  H       -0.000002     -4.164956      1.349264     -8.685181
    67  H       -0.000001     -3.717091     -1.360603    -10.304677
    68  H       -0.000013      2.562469     -3.324028    -11.275996
    69  H        0.000004      2.743882     -5.965865     -9.263437
    70  H        0.000022      5.128717     -0.986437     -9.066906
    71  H        0.000037      6.589475     -4.008109     -8.558570
    72  H        0.000132      4.714867     -2.462313     -6.122713
    73  H        0.000000      1.638393    -11.967636     -0.158737
    74  H        0.000000      0.763449    -10.661835     -3.174740
    75  H        0.000001     -1.683746    -11.336467     -0.874943
    76  H       -0.000001     -2.424519     -6.767109      7.611817
    77  H        0.000000      1.319029     -8.462194     14.654826
    78  H       -0.000000      1.574142     -4.949193     14.513097
    79  H        0.000000      3.779452     -7.094032     13.182729
    80  Mg       0.000006     14.896976      1.341139      1.131625
    81  C        0.000987     14.948206      2.157557     -5.582837
    82  C        0.000871     13.876977     -4.938006      0.078065
    83  C       -0.000705     13.990020      0.710329      7.021655
    84  C       -0.000738     13.779581      7.812298      1.630021
    85  N        0.001627     14.502306     -0.881274     -2.390541
    86  C       -0.000063     14.672722     -0.360673     -4.842196
    87  C       -0.000003     14.674498     -2.760399     -6.547939
    88  C        0.000015     13.272246     -4.668927     -4.685463
    89  C        0.000179     13.979060     -3.465852     -2.177947
    90  C        0.000069     10.402470     -4.639126     -4.953048
    91  C        0.000001     17.412466     -3.684267     -7.184569
    92  C       -0.000000     17.594503     -5.625885     -9.322888
    93  H        0.000000     19.761357     -5.533572    -11.013286
    94  N       -0.000423     14.970864     -1.711582      3.279355
    95  C        0.000255     14.542009     -4.121379      2.529077
    96  C        0.000489     14.814017     -5.700756      4.818272
    97  C        0.000133     15.081734     -3.975965      7.026077
    98  C        0.000229     14.636193     -1.559005      5.855090
    99  C        0.000004     14.893687     -8.529562      4.755193
   100  C        0.000023     15.629471     -4.435112      9.761324
   101  O        0.000066     15.346447     -2.715933     11.435092
   102  C       -0.000002     16.355183     -7.031406     10.463281
   103  N       -0.001775     13.600567      3.805134      3.926171
   104  C        0.000108     13.491360      3.088984      6.347685
   105  C       -0.000011     13.026166      5.301079      8.057924
   106  C       -0.000016     13.297266      7.762088      6.333020
   107  C       -0.000324     13.744205      6.452338      3.754432
   108  C        0.000003     10.455401      5.342936      9.400669
   109  C       -0.000029     15.209499      9.797247      7.212593
   110  C       -0.000004     17.871310      8.775340      7.018311
   111  N        0.000267     14.767813      4.529957     -1.444828
   112  C       -0.000416     14.226841      7.051248     -0.833653
   113  C       -0.000393     14.158357      8.474987     -3.227822
   114  C       -0.000149     14.636401      6.665329     -5.080132
   115  C       -0.000249     14.932465      4.254586     -3.920917
   116  C       -0.000008     13.590192     11.089971     -3.489323
   117  C       -0.000029     14.919803      6.199398     -7.772954
   118  O       -0.000053     15.036059      7.548927     -9.666195
   119  C        0.000008     14.904459      3.224477     -8.225921
   120  C        0.000052     17.082973      2.606140     -9.944703
   121  O        0.000025     19.310280      2.880169     -9.219841
   122  O        0.000006     16.218896      1.376514    -11.987062
   123  C        0.000003     18.292001      0.658324    -13.743808
   124  H       -0.000002     13.114983     -6.853035     -0.014211
   125  H        0.000001     13.865223      0.615692      9.079265
   126  H       -0.000012     13.600113      9.867092      1.650827
   127  H       -0.000006     13.604101     -2.571067     -8.297882
   128  H        0.000005     14.046750     -6.573186     -4.809636
   129  H       -0.000032      9.779219     -3.131824     -6.210717
   130  H        0.000039      9.675719     -4.334446     -3.049583
   131  H        0.000000      9.702572     -6.486806     -5.537370
   132  H       -0.000000     18.127878     -4.817365     -5.620310
   133  H        0.000000     18.641033     -2.085237     -7.609852
   134  H        0.000000     15.841517     -5.725303    -10.401223
   135  H       -0.000000     17.784817     -7.496506     -8.481658
   136  H        0.000001     14.336823     -9.261510      2.913618
   137  H        0.000041     13.429887     -9.201492      6.038620
   138  H        0.000055     16.725097     -9.267104      5.343087
   139  H        0.000004     14.844649     -8.327248      9.930851
   140  H       -0.000000     16.838272     -6.965304     12.463424
   141  H        0.000003     18.006973     -7.583358      9.362024
   142  H        0.000013     14.425073      5.376290      9.565964
   143  H       -0.000045     11.517465      8.785658      6.161547
   144  H       -0.000001     10.595827      5.437781     11.454008
   145  H       -0.000007      9.400310      3.676897      8.808259
   146  H        0.000001      9.194897      6.858799      8.806010
   147  H       -0.000001     14.887111     10.276935      9.188623
   148  H       -0.000005     15.103031     11.539820      6.119236
   149  H       -0.000001     18.092162      7.729585      8.777816
   150  H       -0.000001     19.228474     10.321892      6.903925
   151  H       -0.000006     18.047603      7.424545      5.472855
   152  H       -0.000043     14.953667     11.844199     -4.836300
   153  H       -0.000002     13.707431     12.065807     -1.679607
   154  H       -0.000067     11.663087     10.991611     -4.209365
   155  H        0.000070     13.089131      2.764972     -9.081910
   156  H        0.000000     17.827431      1.452103    -15.587009
   157  H        0.000001     18.493257     -1.387324    -13.606916
   158  H        0.000001     20.125451      1.532379    -13.394908
 ------------------------------------------------------

 TOTAL ENERGY:                        -261.829832112

 --------------------------------------------------------------------------------

 End time:                               Wed Jun 30 13:19:24 2021
 Total wall-clock time:                  1.455 seconds
==================================================================================
