
================================================================================
          _____________ ________ _______________ ________     _________         
         / ___________// ______ \\_____   _____// ______ \   / ________)        
        / /_________  / /      \ \     | |     / /      \ \ | (_______          
       |  __________|| |        | |    | |    | |        | | \________ \        
        \ \_________ | |        | |    | |     \ \______/ /___________) |       
         \__________||_|        |_|    |_|      \________//____________/        
                                                                                
====================================[ Qcore ]===================================

 Git hash:   4f46786782e696c626e0064ff3d1a47267e124c4
 Git date:   Wed, 30 Jun 2021 10:19:53 +0100
 Compiler:   AppleClang 10.0.1.10010046
 Build type: Release
 Version:    1.4.1

 Start time: Tue Jul  6 09:37:25 2021

 Data directory: /Users/of15641/qcore/cmake-build-release/share/entos/1.4.1/data
 Number of threads: 2
 Number of threads was determined by: number of physical cores

 --------------------------------------------------------------------------------
                                   command: xtb                                  
 --------------------------------------------------------------------------------
 XTB basis setup:                        reference basis
 Number of basis functions:            244
 GFN version:                            chlorophyll
 Integral screening threshold:           1.00e-10
 Total charge:                           0.000000000
 Number of electrons:                  218.000000000
 Electronic temperature (Kelvin):        0.000000000

 D3BJ energy:                           -0.062562659
 Repulsive energy:                       1.518583561

 ****************************************************
  Running robust self-consistent charge (SCC) solver 
 ****************************************************
 Number of SCC trials:                   4
 Using the stop-early mechanism for the first 3 trials

 Conv. threshold (charge):               1.00e-05
 Conv. threshold (energy):               1.00e-06
 Initial guess:                          eeq

 -------------
  SCC Trial 1 
 -------------
 Broyden mixing factor:                  0.400000000
 Max number of iterations:             128

 ---------------------------------------------------------------
                  energy        change          grad        time
 ---------------------------------------------------------------
   0      -130.292184904                    6.60e-01        0.01
   1      -130.884267569     -5.92e-01      3.88e-01        0.01
   2      -130.893053751     -8.79e-03      1.03e-01        0.01
   3      -130.904351789     -1.13e-02      1.05e-02        0.01
   4      -130.904889233     -5.37e-04      5.83e-03        0.01
   5      -130.907234309     -2.35e-03      1.35e-03        0.01
   6      -130.907342159     -1.08e-04      3.93e-04        0.01
   7      -130.907349094     -6.94e-06      1.59e-04        0.01
   8      -130.907349960     -8.66e-07      4.52e-05        0.01
   9      -130.907349977     -1.69e-08      1.63e-05        0.01
  10      -130.907349979     -1.42e-09      4.99e-06        0.01
  11      -130.907349979     -1.68e-10      1.76e-06        0.01

 SCF converged in 10 iterations.

 Entropy contribution (-ST):             0.000000000
 Dipole moment (in Debye):              -2.365748      -2.995351       1.176540

 ----------------
  Excitation 0 1 
 ----------------
 Setting up Delta-SCF
 Ground-Excited state overlap:          -0.000000000
 No correction applied to the TDM.
 Excitation energy:                      0.094811757
 Excitation energy (in eV):              2.579959348
 Transition dipole:                      0.06699       2.92433      -3.27531

 -----------------
  Excitation -1 1 
 -----------------
 Setting up Delta-SCF
 Ground-Excited state overlap:           0.000000000
 No correction applied to the TDM.
 Excitation energy:                      0.101903288
 Excitation energy (in eV):              2.772929732
 Transition dipole:                     -0.22943       2.02901       1.65958

 ----------------
  Excitation 0 2 
 ----------------
 Setting up Delta-SCF
 Ground-Excited state overlap:           0.000000000
 No correction applied to the TDM.
 Excitation energy:                      0.149332274
 Excitation energy (in eV):              4.063538184
 Transition dipole:                     -0.25071       1.42571       1.29679

 -----------------
  Excitation -1 2 
 -----------------
 Setting up Delta-SCF
 Ground-Excited state overlap:           0.000000000
 No correction applied to the TDM.
 Excitation energy:                      0.162784040
 Excitation energy (in eV):              4.429579392
 Transition dipole:                      0.01053      -1.22298       1.30690
 TOTAL ENERGY:                        -130.907349979
 Saving results in set 'res'

 --------------------------------------------------------------------------------
                                  command: print                                 
 --------------------------------------------------------------------------------
 res.energy:                          -130.9073499788

 --------------------------------------------------------------------------------
                                  command: print                                 
 --------------------------------------------------------------------------------

 res.dipole:
                      1
 1        -0.9307566783
 2        -1.1784618991
 3         0.4628866108

 --------------------------------------------------------------------------------
                                  command: print                                 
 --------------------------------------------------------------------------------

 res.atomic_charges:
                      1
 1         0.3739079026
 2        -0.0585611212
 3        -0.1052956804
 4        -0.0918975716
 5        -0.0754660903
 6        -0.2347874873
 7         0.1311595747
 8        -0.0310266744
 9        -0.0293002421
 10        0.1146174244
 11       -0.0895433611
 12       -0.0574342803
 13       -0.0770437564
 14        0.0120144409
 15       -0.2927764280
 16        0.1409368504
 17       -0.0390515366
 18       -0.1169475540
 19        0.1621804680
 20       -0.0831276360
 21        0.3351439508
 22       -0.4233054519
 23       -0.1290216161
 24       -0.2520890028
 25        0.1464356585
 26       -0.0216309653
 27       -0.0354954161
 28        0.1192969317
 29       -0.0909126068
 30       -0.0530865493
 31       -0.0928313112
 32       -0.3034562030
 33        0.1010568846
 34        0.0040088959
 35       -0.1119401255
 36        0.1478666749
 37       -0.0863957074
 38        0.3461439766
 39       -0.3982364423
 40       -0.1076591423
 41        0.5203700937
 42       -0.4647516554
 43       -0.2905269973
 44        0.1060455829
 45        0.0507584202
 46        0.0537442986
 47        0.0399274095
 48        0.0445145176
 49        0.0460337286
 50        0.0446848046
 51        0.0374125149
 52        0.0349392763
 53        0.0399247085
 54        0.0614570861
 55        0.0256567033
 56        0.0201038089
 57        0.0346431476
 58        0.0358421034
 59        0.0466776770
 60        0.0608355262
 61        0.0591640020
 62        0.0504346528
 63        0.0496708445
 64        0.0359886823
 65        0.0384001450
 66        0.0337218957
 67        0.0308886131
 68        0.0342571611
 69        0.0332399195
 70        0.0298540900
 71        0.0371898994
 72        0.0387553074
 73        0.0640046904
 74        0.0388431312
 75        0.0630902028
 76        0.0595825778
 77        0.0315847913
 78        0.0274567255
 79        0.0491302384

 --------------------------------------------------------------------------------
                                  command: print                                 
 --------------------------------------------------------------------------------
 res.excitation_1_energy:                0.0948117573

 --------------------------------------------------------------------------------
                                  command: print                                 
 --------------------------------------------------------------------------------
 res.excitation_1_transition_dipole : [
  0.06699455209494261,
  2.9243341710700705,
  -3.275312102310727
]

 --------------------------------------------------------------------------------
                                  command: print                                 
 --------------------------------------------------------------------------------

 res.excitation_1_transition_charges:
                      1
 1        -0.0002234870
 2         0.0305957668
 3        -0.0107706841
 4        -0.0223154842
 5         0.0091004087
 6         0.0121328462
 7         0.0310821433
 8        -0.0001539029
 9        -0.0000187202
 10       -0.0365782017
 11       -0.0042912231
 12        0.0030784293
 13        0.0002110816
 14        0.0005556927
 15       -0.0136110203
 16       -0.0524610617
 17       -0.0878269616
 18       -0.0331068341
 19       -0.0396538557
 20       -0.0011252407
 21       -0.0058169812
 22       -0.0113524176
 23       -0.0003344125
 24       -0.0074145410
 25       -0.0257320123
 26       -0.0004933788
 27        0.0008730760
 28        0.0444651339
 29       -0.0027558156
 30        0.0033975703
 31        0.0004580505
 32        0.0034695249
 33        0.0695263344
 34        0.0570423257
 35        0.0299253450
 36        0.0357758398
 37        0.0016291624
 38        0.0075171773
 39        0.0142277028
 40        0.0001454307
 41        0.0007423409
 42        0.0006355022
 43        0.0001229374
 44        0.0000433377
 45       -0.0000208577
 46       -0.0000812826
 47        0.0013957617
 48        0.0010653108
 49       -0.0010903762
 50       -0.0003701171
 51       -0.0011348409
 52       -0.0008255021
 53        0.0000689434
 54        0.0003385507
 55        0.0000885387
 56        0.0000639780
 57       -0.0000065595
 58       -0.0112145225
 59       -0.0094230675
 60       -0.0008342759
 61        0.0000023206
 62       -0.0009164055
 63       -0.0019443840
 64        0.0051973998
 65       -0.0002528231
 66       -0.0005289204
 67       -0.0003024714
 68        0.0001357345
 69        0.0003499641
 70        0.0000501014
 71        0.0001171714
 72        0.0006236050
 73        0.0054397805
 74        0.0008614090
 75        0.0116492473
 76        0.0007311628
 77        0.0000040299
 78        0.0000269958
 79        0.0000194770

 --------------------------------------------------------------------------------
                                  command: print                                 
 --------------------------------------------------------------------------------
 res.excitation_1_excited_dipole : [
  -1.0953974097844181,
  -1.4771871558535974,
  0.483757451205987
]

 --------------------------------------------------------------------------------
                                  command: print                                 
 --------------------------------------------------------------------------------

 res.excitation_1_excited_atomic_charges:
                      1
 1         0.3753141952
 2        -0.1064591755
 3        -0.1438472389
 4        -0.1302360228
 5        -0.1065302932
 6        -0.3345672004
 7         0.1903560881
 8        -0.0295863842
 9        -0.0280506777
 10        0.1822218648
 11       -0.0835328128
 12       -0.0525594140
 13       -0.0771227871
 14        0.0124617526
 15       -0.2865034198
 16        0.1896805653
 17       -0.0524207680
 18       -0.1428639518
 19        0.2191605307
 20       -0.0807977138
 21        0.3202554557
 22       -0.4394225575
 23       -0.1292252785
 24       -0.3616035137
 25        0.2095452279
 26       -0.0210211210
 27       -0.0337136407
 28        0.1708205716
 29       -0.0844876689
 30       -0.0486827945
 31       -0.0923046163
 32       -0.3030758851
 33        0.1484284487
 34       -0.0128020546
 35       -0.1259622322
 36        0.1795792955
 37       -0.0842696950
 38        0.3355270877
 39       -0.4087611724
 40       -0.1075224443
 41        0.5189668334
 42       -0.4651619111
 43       -0.2906665699
 44        0.1059853957
 45        0.0507646707
 46        0.0545275688
 47        0.0418349898
 48        0.0470317827
 49        0.0483394342
 50        0.0445108494
 51        0.0373370959
 52        0.0355381926
 53        0.0398262827
 54        0.0614687054
 55        0.0260721875
 56        0.0202094783
 57        0.0346052523
 58        0.0381468650
 59        0.0470541386
 60        0.0591182638
 61        0.0591597329
 62        0.0487187142
 63        0.0558954928
 64        0.0448539596
 65        0.0387481859
 66        0.0340343234
 67        0.0315867656
 68        0.0343836503
 69        0.0332087665
 70        0.0298923968
 71        0.0374235796
 72        0.0388347920
 73        0.0637810055
 74        0.0388868665
 75        0.0635523565
 76        0.0580034074
 77        0.0315753707
 78        0.0274263312
 79        0.0491062477

 --------------------------------------------------------------------------------
                                  command: print                                 
 --------------------------------------------------------------------------------
 res.excitation_2_energy:                0.1019032881

 --------------------------------------------------------------------------------
                                  command: print                                 
 --------------------------------------------------------------------------------
 res.excitation_2_transition_dipole : [
  -0.22942544461866296,
  2.029009793254012,
  1.6595815651183634
]

 --------------------------------------------------------------------------------
                                  command: print                                 
 --------------------------------------------------------------------------------

 res.excitation_2_transition_charges:
                      1
 1         0.0018794482
 2        -0.0891997119
 3        -0.0635900102
 4         0.0633708080
 5         0.0545200729
 6        -0.1113344698
 7        -0.0073005486
 8         0.0002092030
 9        -0.0012806984
 10       -0.0086478196
 11       -0.0009898061
 12       -0.0005580342
 13       -0.0000045478
 14       -0.0000350250
 15        0.0280457010
 16        0.0027095826
 17       -0.0187440021
 18        0.0060538253
 19       -0.0111474399
 20       -0.0002561093
 21        0.0008096096
 22        0.0011438789
 23        0.0003473589
 24        0.1196804928
 25        0.0022838375
 26        0.0014220857
 27        0.0008846961
 28        0.0176123313
 29        0.0002409959
 30        0.0012036584
 31       -0.0000187355
 32       -0.0187457519
 33        0.0078717523
 34        0.0220827095
 35       -0.0027296414
 36        0.0150000504
 37        0.0008012026
 38       -0.0009303171
 39       -0.0027564760
 40       -0.0007176372
 41       -0.0046882137
 42       -0.0025192038
 43       -0.0006092660
 44       -0.0002771301
 45        0.0000429827
 46       -0.0000350481
 47        0.0006583308
 48       -0.0001450712
 49       -0.0003265616
 50       -0.0003721982
 51       -0.0006413159
 52       -0.0002851882
 53       -0.0000585757
 54       -0.0001548350
 55       -0.0000111052
 56       -0.0000119827
 57       -0.0000939921
 58       -0.0011871582
 59       -0.0028644793
 60        0.0001537039
 61        0.0000282205
 62        0.0002168895
 63       -0.0001845799
 64        0.0022395061
 65        0.0000742750
 66        0.0003116477
 67        0.0002516290
 68        0.0000196649
 69        0.0002446641
 70        0.0000270730
 71        0.0000643816
 72        0.0002042333
 73        0.0028719218
 74       -0.0000238736
 75        0.0043197286
 76       -0.0061351310
 77       -0.0000518630
 78       -0.0001099466
 79       -0.0001286526

 --------------------------------------------------------------------------------
                                  command: print                                 
 --------------------------------------------------------------------------------
 res.excitation_3_energy:                0.1493322739

 --------------------------------------------------------------------------------
                                  command: print                                 
 --------------------------------------------------------------------------------
 res.excitation_3_transition_dipole : [
  -0.25071263269753347,
  1.425712604267282,
  1.296789557295111
]

 --------------------------------------------------------------------------------
                                  command: print                                 
 --------------------------------------------------------------------------------

 res.excitation_3_transition_charges:
                      1
 1         0.0003510895
 2         0.0154509647
 3         0.0086506461
 4        -0.0129744303
 5        -0.0095333964
 6        -0.0022820857
 7        -0.0633064330
 8        -0.0003126647
 9        -0.0001860452
 10       -0.0531371715
 11       -0.0036640500
 12       -0.0078201056
 13       -0.0004989583
 14       -0.0061772460
 15       -0.0340547527
 16       -0.0231102222
 17       -0.0017974894
 18       -0.0179970198
 19        0.0834630180
 20       -0.0003174066
 21       -0.0100529928
 22       -0.0147242917
 23       -0.0000015384
 24        0.0024503256
 25        0.0878815314
 26       -0.0010663014
 27       -0.0004781420
 28        0.0605742087
 29        0.0090605889
 30        0.0044769289
 31        0.0006659404
 32        0.0114477282
 33        0.0344949321
 34       -0.0301333261
 35        0.0033272911
 36       -0.0325258382
 37       -0.0000783314
 38       -0.0008653729
 39       -0.0011138332
 40       -0.0002114819
 41        0.0009055986
 42        0.0004151678
 43        0.0001576849
 44        0.0000346568
 45        0.0002251142
 46       -0.0004879368
 47        0.0009871054
 48       -0.0012081584
 49       -0.0010782467
 50       -0.0001969342
 51       -0.0008807354
 52       -0.0005650431
 53       -0.0002564634
 54       -0.0002853641
 55        0.0008148556
 56       -0.0003993154
 57        0.0000719922
 58       -0.0007343230
 59        0.0002535681
 60       -0.0013710201
 61        0.0000183128
 62       -0.0015510969
 63        0.0061032362
 64        0.0048742874
 65        0.0015672590
 66        0.0024785908
 67        0.0020702693
 68        0.0004872380
 69        0.0005014375
 70        0.0001852806
 71        0.0000444019
 72        0.0006101587
 73       -0.0021499491
 74       -0.0004424919
 75       -0.0058550164
 76        0.0007623944
 77        0.0000193597
 78        0.0000264648
 79       -0.0000266057

 --------------------------------------------------------------------------------
                                  command: print                                 
 --------------------------------------------------------------------------------
 res.excitation_4_energy:                0.1627840402

 --------------------------------------------------------------------------------
                                  command: print                                 
 --------------------------------------------------------------------------------
 res.excitation_4_transition_dipole : [
  0.010532142052192252,
  -1.2229794527768727,
  1.3068962341529864
]

 --------------------------------------------------------------------------------
                                  command: print                                 
 --------------------------------------------------------------------------------

 res.excitation_4_transition_charges:
                      1
 1         0.0063330702
 2        -0.0458122530
 3         0.0498373806
 4         0.0335001700
 5        -0.0587445223
 6         0.0193403857
 7         0.0148204982
 8        -0.0012448859
 9         0.0003432322
 10       -0.0122386389
 11       -0.0009126236
 12        0.0014508580
 13       -0.0002116249
 14        0.0003444721
 15        0.0849466083
 16        0.0002590783
 17       -0.0002103653
 18        0.0034350399
 19        0.0231662384
 20        0.0003268483
 21        0.0020932896
 22        0.0016903422
 23        0.0009279265
 24       -0.0450119564
 25       -0.0069597618
 26        0.0007929446
 27       -0.0001515291
 28        0.0247365969
 29       -0.0000761309
 30        0.0016260232
 31       -0.0001219480
 32       -0.0651798401
 33        0.0050644070
 34       -0.0115431559
 35       -0.0001063559
 36       -0.0131051908
 37       -0.0000495130
 38        0.0000026709
 39        0.0000862977
 40        0.0012331346
 41       -0.0056363816
 42       -0.0016620083
 43       -0.0008028424
 44       -0.0003073425
 45        0.0003609124
 46       -0.0001865034
 47        0.0004400627
 48        0.0001288634
 49       -0.0003485242
 50       -0.0003208645
 51       -0.0004024100
 52       -0.0001844960
 53        0.0001152958
 54        0.0001703178
 55       -0.0001560759
 56        0.0000772263
 57        0.0001816003
 58       -0.0000678173
 59        0.0001066881
 60        0.0003024879
 61        0.0002014052
 62        0.0003728458
 63        0.0010552660
 64        0.0020119395
 65       -0.0002899165
 66       -0.0003153505
 67       -0.0002486344
 68        0.0001532921
 69        0.0003443372
 70        0.0000626412
 71        0.0000245621
 72        0.0002331416
 73       -0.0011459081
 74        0.0000336807
 75       -0.0021865450
 76       -0.0065744169
 77       -0.0002150924
 78       -0.0002150870
 79        0.0002124337

 --------------------------------------------------------------------------------

 End time:                               Tue Jul  6 09:37:25 2021
 Total wall-clock time:                  0.472 seconds
==================================================================================
