
================================================================================
          _____________ ________ _______________ ________     _________         
         / ___________// ______ \\_____   _____// ______ \   / ________)        
        / /_________  / /      \ \     | |     / /      \ \ | (_______          
       |  __________|| |        | |    | |    | |        | | \________ \        
        \ \_________ | |        | |    | |     \ \______/ /___________) |       
         \__________||_|        |_|    |_|      \________//____________/        
                                                                                
====================================[ Qcore ]===================================

 Git hash:   4f46786782e696c626e0064ff3d1a47267e124c4
 Git date:   Wed, 30 Jun 2021 10:19:53 +0100
 Compiler:   AppleClang 10.0.1.10010046
 Build type: Release
 Version:    1.4.1

 Start time: Mon Jul  5 15:00:20 2021

 Data directory: /Users/of15641/qcore/cmake-build-release/share/entos/1.4.1/data
 Number of threads: 2
 Number of threads was determined by: number of physical cores

 --------------------------------------------------------------------------------
                                   command: xtb                                  
 --------------------------------------------------------------------------------
 XTB basis setup:                        reference basis
 Number of basis functions:            244
 GFN version:                            chlorophyll
 Integral screening threshold:           1.00e-10
 Total charge:                           0.000000000
 Number of electrons:                  218.000000000
 Electronic temperature (Kelvin):        0.000000000

 D3BJ energy:                           -0.062562657
 Repulsive energy:                       1.518575282

 ****************************************************
  Running robust self-consistent charge (SCC) solver 
 ****************************************************
 Number of SCC trials:                   4
 Using the stop-early mechanism for the first 3 trials

 Conv. threshold (charge):               1.00e-05
 Conv. threshold (energy):               1.00e-06
 Initial guess:                          eeq

 -------------
  SCC Trial 1 
 -------------
 Broyden mixing factor:                  0.400000000
 Max number of iterations:             128

 ---------------------------------------------------------------
                  energy        change          grad        time
 ---------------------------------------------------------------
   0      -130.292181026                    6.60e-01        0.01
   1      -130.884266723     -5.92e-01      3.88e-01        0.01
   2      -130.893050629     -8.78e-03      1.03e-01        0.01
   3      -130.904347998     -1.13e-02      1.05e-02        0.01
   4      -130.904885796     -5.38e-04      5.83e-03        0.01
   5      -130.907233746     -2.35e-03      1.35e-03        0.01
   6      -130.907341537     -1.08e-04      3.93e-04        0.01
   7      -130.907348474     -6.94e-06      1.59e-04        0.01
   8      -130.907349340     -8.66e-07      4.52e-05        0.01
   9      -130.907349357     -1.69e-08      1.63e-05        0.01
  10      -130.907349358     -1.42e-09      4.99e-06        0.01
  11      -130.907349358     -1.68e-10      1.76e-06        0.01

 SCF converged in 10 iterations.

 Entropy contribution (-ST):             0.000000000
 Dipole moment (in Debye):              -2.204248      -1.165087      -3.120274

 ----------------
  Excitation 0 1 
 ----------------
 Setting up Delta-SCF
 Ground-Excited state overlap:          -0.000000000
 No correction applied to the TDM.
 Excitation energy:                      0.094811607
 Excitation energy (in eV):              2.579955265
 Transition dipole:                     -0.42600       2.81691       3.34177

 -----------------
  Excitation -1 1 
 -----------------
 Setting up Delta-SCF
 Ground-Excited state overlap:           0.000000000
 No correction applied to the TDM.
 Excitation energy:                      0.101904216
 Excitation energy (in eV):              2.772954990
 Transition dipole:                      0.11735      -1.92911       1.78563

 ----------------
  Excitation 0 2 
 ----------------
 Setting up Delta-SCF
 Ground-Excited state overlap:           0.000000000
 No correction applied to the TDM.
 Excitation energy:                      0.149330265
 Excitation energy (in eV):              4.063483529
 Transition dipole:                      0.01709      -1.49877       1.23721

 -----------------
  Excitation -1 2 
 -----------------
 Setting up Delta-SCF
 Ground-Excited state overlap:           0.000000000
 No correction applied to the TDM.
 Excitation energy:                      0.162783245
 Excitation energy (in eV):              4.429557753
 Transition dipole:                      0.20516      -1.10999      -1.38911
 TOTAL ENERGY:                        -130.907349358
 Saving results in set 'res'

 --------------------------------------------------------------------------------
                                  command: print                                 
 --------------------------------------------------------------------------------
 res.energy:                          -130.9073493582

 --------------------------------------------------------------------------------
                                  command: print                                 
 --------------------------------------------------------------------------------

 res.dipole:
                      1
 1        -0.8672179819
 2        -0.4583803625
 3        -1.2276102504

 --------------------------------------------------------------------------------
                                  command: print                                 
 --------------------------------------------------------------------------------

 res.atomic_charges:
                      1
 1         0.3739084106
 2        -0.0585635502
 3        -0.1052976206
 4        -0.0918966109
 5        -0.0754677383
 6        -0.2347866355
 7         0.1311602650
 8        -0.0310252113
 9        -0.0293015604
 10        0.1146183134
 11       -0.0895445216
 12       -0.0574324866
 13       -0.0770426608
 14        0.0120157659
 15       -0.2927784615
 16        0.1409392134
 17       -0.0390523781
 18       -0.1169485840
 19        0.1621780785
 20       -0.0831263202
 21        0.3351444193
 22       -0.4233041016
 23       -0.1290229017
 24       -0.2520896066
 25        0.1464361056
 26       -0.0216309294
 27       -0.0354955260
 28        0.1192973936
 29       -0.0909135626
 30       -0.0530849992
 31       -0.0928290359
 32       -0.3034529797
 33        0.1010555361
 34        0.0040109790
 35       -0.1119374859
 36        0.1478674738
 37       -0.0863953924
 38        0.3461444943
 39       -0.3982358577
 40       -0.1076566583
 41        0.5203672121
 42       -0.4647606454
 43       -0.2905200671
 44        0.1060474807
 45        0.0507579323
 46        0.0537425968
 47        0.0399276653
 48        0.0445127549
 49        0.0460336707
 50        0.0446838852
 51        0.0374136700
 52        0.0349409436
 53        0.0399239164
 54        0.0614564038
 55        0.0256549608
 56        0.0201025633
 57        0.0346411450
 58        0.0358423464
 59        0.0466782060
 60        0.0608361579
 61        0.0591627794
 62        0.0504341138
 63        0.0496710040
 64        0.0359889215
 65        0.0383998657
 66        0.0337230149
 67        0.0308886881
 68        0.0342572434
 69        0.0332400101
 70        0.0298528592
 71        0.0371905308
 72        0.0387532724
 73        0.0640045503
 74        0.0388436297
 75        0.0630892027
 76        0.0595842005
 77        0.0315845752
 78        0.0274554570
 79        0.0491302115

 --------------------------------------------------------------------------------
                                  command: print                                 
 --------------------------------------------------------------------------------
 res.excitation_1_energy:                0.0948116072

 --------------------------------------------------------------------------------
                                  command: print                                 
 --------------------------------------------------------------------------------
 res.excitation_1_transition_dipole : [
  -0.42599922530160395,
  2.8169098202613627,
  3.3417650375833046
]

 --------------------------------------------------------------------------------
                                  command: print                                 
 --------------------------------------------------------------------------------

 res.excitation_1_transition_charges:
                      1
 1        -0.0002236571
 2         0.0305998051
 3        -0.0107677070
 4        -0.0223191461
 5         0.0090967008
 6         0.0121376359
 7         0.0310835285
 8        -0.0001538990
 9        -0.0000186477
 10       -0.0365755515
 11       -0.0042910422
 12        0.0030785278
 13        0.0002110876
 14        0.0005557158
 15       -0.0136133226
 16       -0.0524590933
 17       -0.0878284474
 18       -0.0331069912
 19       -0.0396521788
 20       -0.0011252347
 21       -0.0058170344
 22       -0.0113524751
 23       -0.0003344214
 24       -0.0074218874
 25       -0.0257316805
 26       -0.0004934164
 27        0.0008729971
 28        0.0444649274
 29       -0.0027559380
 30        0.0033976092
 31        0.0004580620
 32        0.0034707284
 33        0.0695284272
 34        0.0570392520
 35        0.0299251399
 36        0.0357756713
 37        0.0016290144
 38        0.0075172958
 39        0.0142276894
 40        0.0001454414
 41        0.0007424935
 42        0.0006355752
 43        0.0001229469
 44        0.0000433419
 45       -0.0000208588
 46       -0.0000812782
 47        0.0013957958
 48        0.0010654150
 49       -0.0010902856
 50       -0.0003700896
 51       -0.0011347752
 52       -0.0008254378
 53        0.0000689466
 54        0.0003385713
 55        0.0000885416
 56        0.0000639828
 57       -0.0000065557
 58       -0.0112150244
 59       -0.0094233961
 60       -0.0008342601
 61        0.0000023206
 62       -0.0009164027
 63       -0.0019444267
 64        0.0051973559
 65       -0.0002528323
 66       -0.0005289408
 67       -0.0003024713
 68        0.0001357379
 69        0.0003499618
 70        0.0000501035
 71        0.0001171793
 72        0.0006236142
 73        0.0054394386
 74        0.0008614038
 75        0.0116489290
 76        0.0007313842
 77        0.0000040306
 78        0.0000270003
 79        0.0000194801

 --------------------------------------------------------------------------------
                                  command: print                                 
 --------------------------------------------------------------------------------
 res.excitation_1_excited_dipole : [
  -1.0336527762344936,
  -0.4679865586867322,
  -1.5260261187022746
]

 --------------------------------------------------------------------------------
                                  command: print                                 
 --------------------------------------------------------------------------------

 res.excitation_1_excited_atomic_charges:
                      1
 1         0.3753152728
 2        -0.1064588665
 3        -0.1438515329
 4        -0.1302312891
 5        -0.1065324976
 6        -0.3345628545
 7         0.1903584039
 8        -0.0295849153
 9        -0.0280520591
 10        0.1822212974
 11       -0.0835340118
 12       -0.0525575867
 13       -0.0771217134
 14        0.0124630660
 15       -0.2865006005
 16        0.1896837034
 17       -0.0524210445
 18       -0.1428650024
 19        0.2191573266
 20       -0.0807963168
 21        0.3202557333
 22       -0.4394214067
 23       -0.1292265785
 24       -0.3616017826
 25        0.2095476968
 26       -0.0210209591
 27       -0.0337139430
 28        0.1708160196
 29       -0.0844881343
 30       -0.0486815197
 31       -0.0923023539
 32       -0.3030716197
 33        0.1484241969
 34       -0.0128038764
 35       -0.1259599431
 36        0.1795760396
 37       -0.0842696908
 38        0.3355272861
 39       -0.4087608780
 40       -0.1075199178
 41        0.5189641721
 42       -0.4651707468
 43       -0.2906595970
 44        0.1059873117
 45        0.0507641798
 46        0.0545258818
 47        0.0418349880
 48        0.0470302646
 49        0.0483393149
 50        0.0445099080
 51        0.0373382240
 52        0.0355398326
 53        0.0398254964
 54        0.0614680293
 55        0.0260704674
 56        0.0202082378
 57        0.0346032500
 58        0.0381473768
 59        0.0470546931
 60        0.0591189474
 61        0.0591585105
 62        0.0487182032
 63        0.0558957236
 64        0.0448534226
 65        0.0387479530
 66        0.0340354973
 67        0.0315868846
 68        0.0343837210
 69        0.0332088277
 70        0.0298911678
 71        0.0374242070
 72        0.0388327444
 73        0.0637802964
 74        0.0388873306
 75        0.0635503676
 76        0.0580053103
 77        0.0315751573
 78        0.0274250676
 79        0.0491062278

 --------------------------------------------------------------------------------
                                  command: print                                 
 --------------------------------------------------------------------------------
 res.excitation_2_energy:                0.1019042163

 --------------------------------------------------------------------------------
                                  command: print                                 
 --------------------------------------------------------------------------------
 res.excitation_2_transition_dipole : [
  0.11734832822492779,
  -1.929112739348988,
  1.7856260351975053
]

 --------------------------------------------------------------------------------
                                  command: print                                 
 --------------------------------------------------------------------------------

 res.excitation_2_transition_charges:
                      1
 1         0.0018796184
 2        -0.0891988634
 3        -0.0635923639
 4         0.0633697804
 5         0.0545195980
 6        -0.1113313419
 7        -0.0072983169
 8         0.0002092055
 9        -0.0012807843
 10       -0.0086499036
 11       -0.0009900981
 12       -0.0005577936
 13       -0.0000045280
 14       -0.0000349756
 15        0.0280460548
 16        0.0027066576
 17       -0.0187483126
 18        0.0060526162
 19       -0.0111492210
 20       -0.0002561670
 21        0.0008094961
 22        0.0011435543
 23        0.0003473789
 24        0.1196798591
 25        0.0022826170
 26        0.0014218853
 27        0.0008846818
 28        0.0176145237
 29        0.0002408608
 30        0.0012038509
 31       -0.0000187252
 32       -0.0187471531
 33        0.0078750234
 34        0.0220852857
 35       -0.0027287830
 36        0.0150022372
 37        0.0008012692
 38       -0.0009299638
 39       -0.0027557417
 40       -0.0007175345
 41       -0.0046879349
 42       -0.0025189538
 43       -0.0006091722
 44       -0.0002770997
 45        0.0000429914
 46       -0.0000350592
 47        0.0006584715
 48       -0.0001450027
 49       -0.0003266314
 50       -0.0003722210
 51       -0.0006413810
 52       -0.0002852349
 53       -0.0000585714
 54       -0.0001548187
 55       -0.0000110970
 56       -0.0000119770
 57       -0.0000940009
 58       -0.0011877619
 59       -0.0028650536
 60        0.0001536795
 61        0.0000282179
 62        0.0002168447
 63       -0.0001846592
 64        0.0022397947
 65        0.0000742567
 66        0.0003115953
 67        0.0002515974
 68        0.0000196735
 69        0.0002446830
 70        0.0000270758
 71        0.0000643931
 72        0.0002042657
 73        0.0028721676
 74       -0.0000238260
 75        0.0043204069
 76       -0.0061347022
 77       -0.0000518554
 78       -0.0001099431
 79       -0.0001286408

 --------------------------------------------------------------------------------
                                  command: print                                 
 --------------------------------------------------------------------------------
 res.excitation_3_energy:                0.1493302654

 --------------------------------------------------------------------------------
                                  command: print                                 
 --------------------------------------------------------------------------------
 res.excitation_3_transition_dipole : [
  0.017094528430244945,
  -1.498773193298982,
  1.237211312493995
]

 --------------------------------------------------------------------------------
                                  command: print                                 
 --------------------------------------------------------------------------------

 res.excitation_3_transition_charges:
                      1
 1         0.0003506536
 2         0.0154535133
 3         0.0086484619
 4        -0.0129756943
 5        -0.0095293492
 6        -0.0022834708
 7        -0.0633101107
 8        -0.0003125829
 9        -0.0001861360
 10       -0.0531371521
 11       -0.0036640544
 12       -0.0078205917
 13       -0.0004990575
 14       -0.0061779109
 15       -0.0340605464
 16       -0.0231103911
 17       -0.0017955740
 18       -0.0179970234
 19        0.0834599169
 20       -0.0003174263
 21       -0.0100525730
 22       -0.0147236509
 23       -0.0000015712
 24        0.0024531078
 25        0.0878807191
 26       -0.0010663669
 27       -0.0004780821
 28        0.0605709207
 29        0.0090608729
 30        0.0044767774
 31        0.0006659658
 32        0.0114508078
 33        0.0344951188
 34       -0.0301294758
 35        0.0033279548
 36       -0.0325251378
 37       -0.0000782996
 38       -0.0008650393
 39       -0.0011133473
 40       -0.0002115218
 41        0.0009058013
 42        0.0004152317
 43        0.0001577007
 44        0.0000346611
 45        0.0002250964
 46       -0.0004878899
 47        0.0009869572
 48       -0.0012084102
 49       -0.0010782432
 50       -0.0001969105
 51       -0.0008806736
 52       -0.0005649966
 53       -0.0002565041
 54       -0.0002853464
 55        0.0008149866
 56       -0.0003993765
 57        0.0000719811
 58       -0.0007341245
 59        0.0002537805
 60       -0.0013709074
 61        0.0000183120
 62       -0.0015510117
 63        0.0061033343
 64        0.0048739787
 65        0.0015672822
 66        0.0024785757
 67        0.0020702201
 68        0.0004872213
 69        0.0005014020
 70        0.0001852913
 71        0.0000444076
 72        0.0006101848
 73       -0.0021495988
 74       -0.0004424871
 75       -0.0058544469
 76        0.0007626349
 77        0.0000193657
 78        0.0000264807
 79       -0.0000266141

 --------------------------------------------------------------------------------
                                  command: print                                 
 --------------------------------------------------------------------------------
 res.excitation_4_energy:                0.1627832450

 --------------------------------------------------------------------------------
                                  command: print                                 
 --------------------------------------------------------------------------------
 res.excitation_4_transition_dipole : [
  0.20515559039515802,
  -1.1099852580561762,
  -1.3891114714742399
]

 --------------------------------------------------------------------------------
                                  command: print                                 
 --------------------------------------------------------------------------------

 res.excitation_4_transition_charges:
                      1
 1         0.0063321900
 2        -0.0458133027
 3         0.0498401921
 4         0.0334980694
 5        -0.0587433330
 6         0.0193426710
 7         0.0148161829
 8        -0.0012450161
 9         0.0003431819
 10       -0.0122425722
 11       -0.0009129306
 12        0.0014502940
 13       -0.0002116731
 14        0.0003439422
 15        0.0849449069
 16        0.0002578959
 17       -0.0002100222
 18        0.0034344144
 19        0.0231700967
 20        0.0003268234
 21        0.0020930468
 22        0.0016898704
 23        0.0009280658
 24       -0.0450111687
 25       -0.0069556410
 26        0.0007928886
 27       -0.0001516104
 28        0.0247383692
 29       -0.0000757342
 30        0.0016262010
 31       -0.0001219372
 32       -0.0651793773
 33        0.0050659103
 34       -0.0115436324
 35       -0.0001063046
 36       -0.0131070112
 37       -0.0000495089
 38        0.0000025894
 39        0.0000861519
 40        0.0012330398
 41       -0.0056361556
 42       -0.0016619357
 43       -0.0008027510
 44       -0.0003073171
 45        0.0003609293
 46       -0.0001865650
 47        0.0004400802
 48        0.0001288057
 49       -0.0003486388
 50       -0.0003208813
 51       -0.0004024600
 52       -0.0001845254
 53        0.0001152848
 54        0.0001702932
 55       -0.0001560361
 56        0.0000771907
 57        0.0001816111
 58       -0.0000678317
 59        0.0001067646
 60        0.0003024384
 61        0.0002014208
 62        0.0003727547
 63        0.0010555018
 64        0.0020121006
 65       -0.0002898285
 66       -0.0003152656
 67       -0.0002485245
 68        0.0001533108
 69        0.0003443327
 70        0.0000626503
 71        0.0000245671
 72        0.0002331801
 73       -0.0011458932
 74        0.0000336536
 75       -0.0021867361
 76       -0.0065739889
 77       -0.0002150927
 78       -0.0002151085
 79        0.0002124467

 --------------------------------------------------------------------------------

 End time:                               Mon Jul  5 15:00:21 2021
 Total wall-clock time:                  0.467 seconds
==================================================================================
