
================================================================================
          _____________ ________ _______________ ________     _________         
         / ___________// ______ \\_____   _____// ______ \   / ________)        
        / /_________  / /      \ \     | |     / /      \ \ | (_______          
       |  __________|| |        | |    | |    | |        | | \________ \        
        \ \_________ | |        | |    | |     \ \______/ /___________) |       
         \__________||_|        |_|    |_|      \________//____________/        
                                                                                
====================================[ Qcore ]===================================

 Git hash:   035eaa6e02832a1eaacaa1f2c2b4151870260895
 Git date:   Fri, 20 Aug 2021 11:46:14 +0100
 Compiler:   GNU 9.1.0
 Build type: Release
 Version:    2.0.0

 Start time: Fri Aug 20 14:44:07 2021

 Data directory: /home/of15641/.local/src/Qcore/release/share/entos/2.0.0/data
 Number of threads: 2
 Number of threads was determined by: command line argument
  - More threads can be used by running 'qcore -n 32'

 --------------------------------------------------------------------------------
                                   command: xtb                                  
 --------------------------------------------------------------------------------
 XTB basis setup:                        reference basis
 Implicit solvation model:               none
 Number of basis functions:            244
 GFN version:                            chlorophyll
 Integral screening threshold:           1.00e-10
 Total charge:                           0.000000000
 Number of electrons:                  218.000000000
 Electronic temperature (Kelvin):        0.000000000

 D3BJ energy:                           -0.062562635
 Repulsive energy:                       1.518574966

 ****************************************************
  Running robust self-consistent charge (SCC) solver 
 ****************************************************
 Number of SCC trials:                   4
 Using the stop-early mechanism for the first 3 trials

 Conv. threshold (charge):               1.00e-05
 Conv. threshold (energy):               1.00e-06
 Initial guess:                          eeq

 -------------
  SCC Trial 1 
 -------------
 Broyden mixing factor:                  0.400000000
 Max number of iterations:             128

 ---------------------------------------------------------------
                  energy        change          grad        time
 ---------------------------------------------------------------
   0      -125.881403320                    6.23e-01        0.01
   1      -126.546247481     -6.65e-01      3.67e-01        0.01
   2      -126.553338656     -7.09e-03      1.27e-01        0.01
   3      -126.591591943     -3.83e-02      1.49e-02        0.01
   4      -126.593953376     -2.36e-03      1.05e-02        0.01
   5      -126.601769509     -7.82e-03      3.00e-03        0.01
   6      -126.602326960     -5.57e-04      9.41e-04        0.01
   7      -126.602376407     -4.94e-05      2.60e-04        0.01
   8      -126.602379228     -2.82e-06      7.48e-05        0.01
   9      -126.602379276     -4.81e-08      3.01e-05        0.01
  10      -126.602379285     -8.57e-09      1.12e-05        0.01
  11      -126.602379286     -1.48e-09      3.93e-06        0.01
  12      -126.602379286     -1.05e-10      1.16e-06        0.01

 SCF converged in 11 iterations.

 Entropy contribution (-ST):             0.000000000
 Dipole moment (in Debye):              -2.524233       1.209729       2.578867

 ----------------
  Excitation 0 1 
 ----------------
 Setting up Delta-SCF
 Ground-Excited state overlap:          -0.000000000
 No correction applied to the TDM.
 Excitation energy:                      0.064990480
 Excitation energy (in eV):              1.768481050
 Transition dipole:                      0.38367      -2.14984      -1.75145

 -----------------
  Excitation -1 1 
 -----------------
 Setting up Delta-SCF
 Ground-Excited state overlap:           0.000000000
 No correction applied to the TDM.
 Excitation energy:                      0.082077249
 Excitation energy (in eV):              2.233435736
 Transition dipole:                      0.05545       1.21439      -1.27611

 ----------------
  Excitation 0 2 
 ----------------
 Setting up Delta-SCF
 Ground-Excited state overlap:           0.000000000
 No correction applied to the TDM.
 Excitation energy:                      0.112404130
 Excitation energy (in eV):              3.058672187
 Transition dipole:                     -0.13275       0.41508      -0.42361

 -----------------
  Excitation -1 2 
 -----------------
 Setting up Delta-SCF
 Ground-Excited state overlap:           0.000000000
 No correction applied to the TDM.
 Excitation energy:                      0.131256830
 Excitation energy (in eV):              3.571680299
 Transition dipole:                     -0.00946       0.43326       0.56039
 TOTAL ENERGY:                        -126.602379286
 Saving results in set 'res'

 --------------------------------------------------------------------------------
                                  command: print                                 
 --------------------------------------------------------------------------------
 res.energy:                          -126.6023792863

 --------------------------------------------------------------------------------
                                  command: print                                 
 --------------------------------------------------------------------------------

 res.dipole:
                      1
 1        -0.9931098494
 2         0.4759440996
 3         1.0146042493

 --------------------------------------------------------------------------------
                                  command: print                                 
 --------------------------------------------------------------------------------

 res.atomic_charges:
                      1
 1         0.4471558618
 2        -0.0525458516
 3        -0.1035962228
 4        -0.0950761104
 5        -0.0775604254
 6        -0.2174414937
 7         0.1259177237
 8        -0.0264383299
 9        -0.0162662638
 10        0.1102247420
 11       -0.0941671986
 12       -0.0315502460
 13       -0.0754309219
 14        0.0132063406
 15       -0.2534158844
 16        0.1248605054
 17       -0.0206402394
 18       -0.1162121277
 19        0.1530208187
 20       -0.0939171399
 21        0.3637320886
 22       -0.4688244269
 23       -0.1393735805
 24       -0.2341780153
 25        0.1401790156
 26       -0.0078712617
 27       -0.0306210613
 28        0.1183836394
 29       -0.0934679493
 30       -0.0312731076
 31       -0.0953493503
 32       -0.2676604787
 33        0.0931463784
 34        0.0198570270
 35       -0.1209457858
 36        0.1327372568
 37       -0.0959562184
 38        0.3699907231
 39       -0.4469446814
 40       -0.0936760041
 41        0.5514712110
 42       -0.4939553668
 43       -0.3428684676
 44        0.1150070005
 45        0.0386139566
 46        0.0475082856
 47        0.0268385161
 48        0.0321184920
 49        0.0288842336
 50        0.0429903299
 51        0.0323204359
 52        0.0343934060
 53        0.0268581238
 54        0.0471183780
 55        0.0194638226
 56        0.0151016238
 57        0.0371970245
 58        0.0351619494
 59        0.0470025580
 60        0.0603407294
 61        0.0679754416
 62        0.0462362446
 63        0.0344425865
 64        0.0259581457
 65        0.0371585487
 66        0.0264796576
 67        0.0262288858
 68        0.0259728643
 69        0.0218051432
 70        0.0278749282
 71        0.0391128253
 72        0.0321007985
 73        0.0696815525
 74        0.0451628204
 75        0.0647509580
 76        0.0553842711
 77        0.0445089400
 78        0.0424187001
 79        0.0531687012

 --------------------------------------------------------------------------------
                                  command: print                                 
 --------------------------------------------------------------------------------
 res.excitation_1_energy:                0.0649904799

 --------------------------------------------------------------------------------
                                  command: print                                 
 --------------------------------------------------------------------------------
 res.excitation_1_transition_dipole : [
  0.3836654842760755,
  -2.149841550497679,
  -1.751447609144872
]

 --------------------------------------------------------------------------------
                                  command: print                                 
 --------------------------------------------------------------------------------

 res.excitation_1_transition_charges:
                      1
 1        -0.0002573111
 2         0.0160198513
 3        -0.0107820775
 4        -0.0119689313
 5         0.0092356287
 6         0.0012850930
 7         0.0187222261
 8        -0.0001587385
 9         0.0000239067
 10       -0.0233678118
 11       -0.0025097833
 12        0.0016156727
 13        0.0001906010
 14        0.0003482567
 15       -0.0056068338
 16       -0.0343673424
 17       -0.0608114160
 18       -0.0212387899
 19       -0.0235695923
 20       -0.0007859307
 21       -0.0052818451
 22       -0.0077414422
 23       -0.0002051327
 24       -0.0003548238
 25       -0.0156543336
 26       -0.0004077678
 27        0.0006383684
 28        0.0292072897
 29       -0.0013209914
 30        0.0014080199
 31        0.0004295331
 32        0.0009965587
 33        0.0455172276
 34        0.0419125215
 35        0.0183296618
 36        0.0237003055
 37        0.0011767072
 38        0.0063688730
 39        0.0093741962
 40        0.0000461791
 41        0.0001019656
 42        0.0002241362
 43        0.0000246695
 44        0.0000032444
 45       -0.0000093561
 46       -0.0001069670
 47        0.0008779297
 48        0.0002728594
 49       -0.0002795735
 50       -0.0003780262
 51       -0.0005480625
 52       -0.0005440854
 53        0.0000840843
 54        0.0002120220
 55       -0.0000175999
 56        0.0000785595
 57       -0.0000199753
 58       -0.0042660437
 59       -0.0041347626
 60       -0.0004372041
 61        0.0000031471
 62       -0.0004564242
 63       -0.0006800344
 64        0.0024347442
 65       -0.0002242759
 66       -0.0002866182
 67       -0.0002746681
 68        0.0000725260
 69        0.0001692462
 70        0.0000030436
 71        0.0000380989
 72        0.0002047730
 73        0.0022826193
 74        0.0004550438
 75        0.0048632227
 76        0.0000963674
 77       -0.0000005369
 78        0.0000053956
 79        0.0000007330

 --------------------------------------------------------------------------------
                                  command: print                                 
 --------------------------------------------------------------------------------
 res.excitation_1_excited_dipole : [
  -1.280180348597801,
  0.36662043384886367,
  1.000501557609054
]

 --------------------------------------------------------------------------------
                                  command: print                                 
 --------------------------------------------------------------------------------

 res.excitation_1_excited_atomic_charges:
                      1
 1         0.4476043397
 2        -0.1194656477
 3        -0.1472204305
 4        -0.1464645114
 5        -0.1111709356
 6        -0.2912784581
 7         0.1877437665
 8        -0.0250862039
 9        -0.0149017863
 10        0.1879104714
 11       -0.0888380941
 12       -0.0282383579
 13       -0.0755619769
 14        0.0132614130
 15       -0.2536597057
 16        0.1770776559
 17       -0.0480069648
 18       -0.1450454157
 19        0.2152356586
 20       -0.0926675753
 21        0.3404669912
 22       -0.4885995187
 23       -0.1397956015
 24       -0.3131347344
 25        0.2044349187
 26       -0.0071908553
 27       -0.0286692246
 28        0.1796653579
 29       -0.0879103845
 30       -0.0282778798
 31       -0.0943490616
 32       -0.2693187562
 33        0.1484878090
 34       -0.0030163671
 35       -0.1335126486
 36        0.1717073632
 37       -0.0947335836
 38        0.3540602779
 39       -0.4603981014
 40       -0.0937719013
 41        0.5503931714
 42       -0.4946232876
 43       -0.3429910280
 44        0.1149435472
 45        0.0386281746
 46        0.0480975797
 47        0.0283091854
 48        0.0339258843
 49        0.0305083928
 50        0.0431287813
 51        0.0326037083
 52        0.0351280197
 53        0.0267766444
 54        0.0472377826
 55        0.0194542565
 56        0.0151613973
 57        0.0371477310
 58        0.0354952417
 59        0.0462612942
 60        0.0585323419
 61        0.0679600050
 62        0.0447379236
 63        0.0389758922
 64        0.0343179105
 65        0.0380376197
 66        0.0271902391
 67        0.0270218923
 68        0.0261047245
 69        0.0218751392
 70        0.0278766893
 71        0.0392443476
 72        0.0322116268
 73        0.0687783429
 74        0.0451862239
 75        0.0648559153
 76        0.0540755809
 77        0.0445046100
 78        0.0423921656
 79        0.0531629923

 --------------------------------------------------------------------------------
                                  command: print                                 
 --------------------------------------------------------------------------------
 res.excitation_2_energy:                0.0820772494

 --------------------------------------------------------------------------------
                                  command: print                                 
 --------------------------------------------------------------------------------
 res.excitation_2_transition_dipole : [
  0.055452600052834713,
  1.2143898685492691,
  -1.2761149372906084
]

 --------------------------------------------------------------------------------
                                  command: print                                 
 --------------------------------------------------------------------------------

 res.excitation_2_transition_charges:
                      1
 1         0.0017857539
 2        -0.0705879075
 3        -0.0446034550
 4         0.0482872920
 5         0.0387275329
 6        -0.0507331859
 7        -0.0080012144
 8         0.0005033198
 9        -0.0009842060
 10       -0.0043409741
 11       -0.0005495917
 12       -0.0005660306
 13        0.0000268899
 14       -0.0000506074
 15        0.0107646178
 16        0.0087133589
 17       -0.0223787589
 18        0.0188466685
 19       -0.0068317538
 20       -0.0003684957
 21        0.0034544872
 22        0.0055467848
 23        0.0003763420
 24        0.0522036938
 25        0.0042112431
 26        0.0011670887
 27        0.0007705134
 28        0.0113728236
 29        0.0004036814
 30        0.0004808502
 31        0.0000799701
 32       -0.0074289877
 33       -0.0009336292
 34        0.0236557413
 35       -0.0121050835
 36        0.0119346736
 37        0.0008454363
 38       -0.0031309541
 39       -0.0064152067
 40       -0.0006535595
 41       -0.0018796123
 42       -0.0013255447
 43       -0.0002236049
 44       -0.0001342151
 45        0.0000350458
 46       -0.0000316048
 47        0.0003552920
 48       -0.0000885825
 49       -0.0001194144
 50       -0.0003722197
 51       -0.0002899565
 52       -0.0002367105
 53       -0.0000236579
 54       -0.0001069906
 55        0.0000059559
 56       -0.0000185678
 57       -0.0000540853
 58       -0.0007981332
 59       -0.0022943409
 60        0.0004471309
 61        0.0000318967
 62        0.0003196396
 63        0.0000824162
 64        0.0009707503
 65        0.0000900629
 66        0.0001780339
 67        0.0003346523
 68       -0.0000276011
 69        0.0000836259
 70        0.0000020280
 71        0.0000243185
 72        0.0000591939
 73        0.0019930277
 74        0.0000311890
 75        0.0025514777
 76       -0.0029884743
 77       -0.0000170040
 78       -0.0000438411
 79       -0.0000167369

 --------------------------------------------------------------------------------
                                  command: print                                 
 --------------------------------------------------------------------------------
 res.excitation_3_energy:                0.1124041296

 --------------------------------------------------------------------------------
                                  command: print                                 
 --------------------------------------------------------------------------------
 res.excitation_3_transition_dipole : [
  -0.13274612570528313,
  0.4150777471677786,
  -0.42361057718847195
]

 --------------------------------------------------------------------------------
                                  command: print                                 
 --------------------------------------------------------------------------------

 res.excitation_3_transition_charges:
                      1
 1        -0.0001395029
 2        -0.0014291840
 3         0.0003221788
 4        -0.0042740273
 5        -0.0100552713
 6         0.0003897662
 7        -0.0045263716
 8         0.0000223378
 9         0.0001360579
 10        0.0124295173
 11        0.0017816129
 12       -0.0011499790
 13       -0.0001566660
 14       -0.0006965651
 15       -0.0098844526
 16        0.0111531981
 17       -0.0450215730
 18       -0.0150138189
 19        0.0582882255
 20       -0.0002313327
 21       -0.0148707339
 22       -0.0165665518
 23       -0.0002292751
 24        0.0000731733
 25        0.0562675212
 26       -0.0004968201
 27       -0.0000122023
 28        0.0323230108
 29        0.0047591913
 30        0.0013728318
 31        0.0003668521
 32        0.0010686397
 33        0.0104271841
 34       -0.0342092346
 35       -0.0078765779
 36       -0.0047350286
 37       -0.0004649833
 38       -0.0073987684
 39       -0.0084014066
 40        0.0000254947
 41        0.0000432490
 42       -0.0000208522
 43        0.0000059248
 44       -0.0000002846
 45        0.0000943136
 46       -0.0000917884
 47        0.0004377484
 48        0.0001002457
 49        0.0000719956
 50        0.0002963073
 51        0.0003194006
 52        0.0004909076
 53       -0.0000940319
 54       -0.0001832584
 55        0.0000614386
 56       -0.0001174527
 57       -0.0000144188
 58       -0.0027484929
 59       -0.0030796583
 60       -0.0012163731
 61        0.0000251317
 62       -0.0011483392
 63        0.0027248653
 64        0.0021132261
 65        0.0011362773
 66        0.0013618473
 67        0.0011825838
 68        0.0001823483
 69        0.0001540150
 70        0.0000116307
 71        0.0000091356
 72        0.0000805854
 73       -0.0015889779
 74       -0.0003119685
 75       -0.0037313703
 76        0.0000797701
 77       -0.0000014234
 78       -0.0000001073
 79       -0.0000006164

 --------------------------------------------------------------------------------
                                  command: print                                 
 --------------------------------------------------------------------------------
 res.excitation_4_energy:                0.1312568300

 --------------------------------------------------------------------------------
                                  command: print                                 
 --------------------------------------------------------------------------------
 res.excitation_4_transition_dipole : [
  -0.009455729208713093,
  0.43326346664893745,
  0.5603856242016696
]

 --------------------------------------------------------------------------------
                                  command: print                                 
 --------------------------------------------------------------------------------

 res.excitation_4_transition_charges:
                      1
 1         0.0023645623
 2         0.0061424613
 3         0.0007937006
 4         0.0155857301
 5        -0.0427557693
 6         0.0093964604
 7         0.0019394039
 8        -0.0005461292
 9         0.0005579280
 10        0.0023238001
 11        0.0003038769
 12        0.0004088777
 13       -0.0001004371
 14        0.0001004605
 15        0.0217138345
 16       -0.0031401160
 17       -0.0168231789
 18        0.0130499776
 19        0.0171210395
 20       -0.0001460227
 21        0.0100715818
 22        0.0120319938
 23        0.0008483531
 24       -0.0273763186
 25       -0.0144801277
 26        0.0008274404
 27        0.0004115253
 28        0.0129582430
 29       -0.0008862364
 30        0.0005018181
 31        0.0000546971
 32       -0.0083920948
 33        0.0000171601
 34       -0.0192968149
 35        0.0050507858
 36       -0.0021437193
 37       -0.0003417097
 38        0.0035136752
 39        0.0055823313
 40        0.0000826462
 41       -0.0012621390
 42       -0.0003328315
 43       -0.0001587861
 44       -0.0001172449
 45        0.0001700118
 46       -0.0000282334
 47        0.0001706966
 48       -0.0000136539
 49        0.0000558606
 50        0.0002592514
 51        0.0000746978
 52        0.0002111247
 53        0.0000263999
 54        0.0000905193
 55       -0.0000172651
 56        0.0000290293
 57       -0.0000243918
 58       -0.0005569698
 59       -0.0017188612
 60        0.0013040506
 61        0.0002105552
 62        0.0008372977
 63       -0.0001155653
 64        0.0007737707
 65       -0.0004240890
 66       -0.0002238770
 67       -0.0006767852
 68        0.0000165027
 69        0.0000925810
 70        0.0000009099
 71        0.0000055708
 72        0.0000218856
 73       -0.0013918013
 74       -0.0000095003
 75       -0.0019588365
 76       -0.0025748729
 77       -0.0000509763
 78       -0.0000426558
 79        0.0000229306

 --------------------------------------------------------------------------------

 End time:                               Fri Aug 20 14:44:07 2021
 Total wall-clock time:                  0.467 seconds
==================================================================================
