
================================================================================
          _____________ ________ _______________ ________     _________         
         / ___________// ______ \\_____   _____// ______ \   / ________)        
        / /_________  / /      \ \     | |     / /      \ \ | (_______          
       |  __________|| |        | |    | |    | |        | | \________ \        
        \ \_________ | |        | |    | |     \ \______/ /___________) |       
         \__________||_|        |_|    |_|      \________//____________/        
                                                                                
====================================[ Qcore ]===================================

 Git hash:   035eaa6e02832a1eaacaa1f2c2b4151870260895
 Git date:   Fri, 20 Aug 2021 11:46:14 +0100
 Compiler:   GNU 9.1.0
 Build type: Release
 Version:    2.0.0

 Start time: Fri Aug 20 14:49:13 2021

 Data directory: /home/of15641/.local/src/Qcore/release/share/entos/2.0.0/data
 Number of threads: 2
 Number of threads was determined by: command line argument
  - More threads can be used by running 'qcore -n 28'

 --------------------------------------------------------------------------------
                                   command: xtb                                  
 --------------------------------------------------------------------------------
 XTB basis setup:                        reference basis
 Implicit solvation model:               none
 Number of basis functions:            244
 GFN version:                            chlorophyll
 Integral screening threshold:           1.00e-10
 Total charge:                           0.000000000
 Number of electrons:                  218.000000000
 Electronic temperature (Kelvin):        0.000000000

 D3BJ energy:                           -0.062562655
 Repulsive energy:                       1.518579189

 ****************************************************
  Running robust self-consistent charge (SCC) solver 
 ****************************************************
 Number of SCC trials:                   4
 Using the stop-early mechanism for the first 3 trials

 Conv. threshold (charge):               1.00e-05
 Conv. threshold (energy):               1.00e-06
 Initial guess:                          eeq

 -------------
  SCC Trial 1 
 -------------
 Broyden mixing factor:                  0.400000000
 Max number of iterations:             128

 ---------------------------------------------------------------
                  energy        change          grad        time
 ---------------------------------------------------------------
   0      -125.881411635                    6.23e-01        0.02
   1      -126.546252888     -6.65e-01      3.67e-01        0.01
   2      -126.553344412     -7.09e-03      1.27e-01        0.01
   3      -126.591598327     -3.83e-02      1.49e-02        0.01
   4      -126.593959432     -2.36e-03      1.05e-02        0.01
   5      -126.601774766     -7.82e-03      3.00e-03        0.01
   6      -126.602332179     -5.57e-04      9.41e-04        0.01
   7      -126.602381626     -4.94e-05      2.60e-04        0.01
   8      -126.602384447     -2.82e-06      7.48e-05        0.01
   9      -126.602384495     -4.81e-08      3.01e-05        0.01
  10      -126.602384504     -8.57e-09      1.12e-05        0.01
  11      -126.602384505     -1.48e-09      3.93e-06        0.01
  12      -126.602384505     -1.05e-10      1.16e-06        0.01

 SCF converged in 11 iterations.

 Entropy contribution (-ST):             0.000000000
 Dipole moment (in Debye):              -1.868562      -1.335830      -3.034540

 ----------------
  Excitation 0 1 
 ----------------
 Setting up Delta-SCF
 Ground-Excited state overlap:          -0.000000000
 No correction applied to the TDM.
 Excitation energy:                      0.064990827
 Excitation energy (in eV):              1.768490509
 Transition dipole:                     -0.27013       1.98209       1.95828

 -----------------
  Excitation -1 1 
 -----------------
 Setting up Delta-SCF
 Ground-Excited state overlap:           0.000000000
 No correction applied to the TDM.
 Excitation energy:                      0.082077973
 Excitation energy (in eV):              2.233455420
 Transition dipole:                      0.09787      -1.31774       1.16627

 ----------------
  Excitation 0 2 
 ----------------
 Setting up Delta-SCF
 Ground-Excited state overlap:           0.000000000
 No correction applied to the TDM.
 Excitation energy:                      0.112402939
 Excitation energy (in eV):              3.058639792
 Transition dipole:                     -0.11232      -0.47490       0.36235

 -----------------
  Excitation -1 2 
 -----------------
 Setting up Delta-SCF
 Ground-Excited state overlap:           0.000000000
 No correction applied to the TDM.
 Excitation energy:                      0.131256075
 Excitation energy (in eV):              3.571659749
 Transition dipole:                      0.14970      -0.36558      -0.58808
 TOTAL ENERGY:                        -126.602384505
 Saving results in set 'res'

 --------------------------------------------------------------------------------
                                  command: print                                 
 --------------------------------------------------------------------------------
 res.energy:                          -126.6023845052

 --------------------------------------------------------------------------------
                                  command: print                                 
 --------------------------------------------------------------------------------

 res.dipole:
                      1
 1        -0.7351489485
 2        -0.5255560680
 3        -1.1938799854

 --------------------------------------------------------------------------------
                                  command: print                                 
 --------------------------------------------------------------------------------

 res.atomic_charges:
                      1
 1         0.4471552534
 2        -0.0525480265
 3        -0.1035963732
 4        -0.0950732977
 5        -0.0775621775
 6        -0.2174404568
 7         0.1259200349
 8        -0.0264391859
 9        -0.0162682295
 10        0.1102221522
 11       -0.0941683021
 12       -0.0315502326
 13       -0.0754310616
 14        0.0132065709
 15       -0.2534133873
 16        0.1248623449
 17       -0.0206412174
 18       -0.1162092241
 19        0.1530173785
 20       -0.0939171716
 21        0.3637312676
 22       -0.4688252524
 23       -0.1393737303
 24       -0.2341782729
 25        0.1401768593
 26       -0.0078717638
 27       -0.0306197504
 28        0.1183854769
 29       -0.0934673790
 30       -0.0312717513
 31       -0.0953497932
 32       -0.2676623700
 33        0.0931485953
 34        0.0198560140
 35       -0.1209479657
 36        0.1327397819
 37       -0.0959579641
 38        0.3699933232
 39       -0.4469388386
 40       -0.0936805342
 41        0.5514729952
 42       -0.4939485302
 43       -0.3428711667
 44        0.1150073496
 45        0.0386142005
 46        0.0475075425
 47        0.0268385468
 48        0.0321198113
 49        0.0288846295
 50        0.0429923910
 51        0.0323196477
 52        0.0343947378
 53        0.0268588124
 54        0.0471177155
 55        0.0194627763
 56        0.0151010285
 57        0.0371968764
 58        0.0351605335
 59        0.0470022034
 60        0.0603401310
 61        0.0679747656
 62        0.0462367427
 63        0.0344409430
 64        0.0259579059
 65        0.0371606401
 66        0.0264799840
 67        0.0262287693
 68        0.0259716369
 69        0.0218036841
 70        0.0278749073
 71        0.0391136213
 72        0.0321006553
 73        0.0696826252
 74        0.0451632774
 75        0.0647492482
 76        0.0553844128
 77        0.0445073194
 78        0.0424173481
 79        0.0531679380

 --------------------------------------------------------------------------------
                                  command: print                                 
 --------------------------------------------------------------------------------
 res.excitation_1_energy:                0.0649908275

 --------------------------------------------------------------------------------
                                  command: print                                 
 --------------------------------------------------------------------------------
 res.excitation_1_transition_dipole : [
  -0.2701254638016804,
  1.98208876067311,
  1.958283095460655
]

 --------------------------------------------------------------------------------
                                  command: print                                 
 --------------------------------------------------------------------------------

 res.excitation_1_transition_charges:
                      1
 1        -0.0002572993
 2         0.0160188856
 3        -0.0107820492
 4        -0.0119672856
 5         0.0092371892
 6         0.0012846437
 7         0.0187214623
 8        -0.0001587597
 9         0.0000239055
 10       -0.0233676562
 11       -0.0025097595
 12        0.0016155715
 13        0.0001905904
 14        0.0003482389
 15       -0.0056069712
 16       -0.0343667115
 17       -0.0608141084
 18       -0.0212366617
 19       -0.0235708951
 20       -0.0007859425
 21       -0.0052815916
 22       -0.0077410236
 23       -0.0002051115
 24       -0.0003533700
 25       -0.0156546506
 26       -0.0004077857
 27        0.0006383954
 28        0.0292084548
 29       -0.0013209828
 30        0.0014080824
 31        0.0004295654
 32        0.0009960809
 33        0.0455159271
 34        0.0419116942
 35        0.0183310394
 36        0.0236991642
 37        0.0011765948
 38        0.0063691557
 39        0.0093743531
 40        0.0000461656
 41        0.0001019376
 42        0.0002241172
 43        0.0000246675
 44        0.0000032420
 45       -0.0000093515
 46       -0.0001069877
 47        0.0008779425
 48        0.0002728411
 49       -0.0002795524
 50       -0.0003780168
 51       -0.0005480652
 52       -0.0005440631
 53        0.0000840766
 54        0.0002120193
 55       -0.0000176003
 56        0.0000785550
 57       -0.0000199770
 58       -0.0042662066
 59       -0.0041350080
 60       -0.0004371709
 61        0.0000031477
 62       -0.0004563842
 63       -0.0006800349
 64        0.0024349659
 65       -0.0002242787
 66       -0.0002866137
 67       -0.0002746718
 68        0.0000725301
 69        0.0001692548
 70        0.0000030436
 71        0.0000380985
 72        0.0002047872
 73        0.0022823391
 74        0.0004549872
 75        0.0048629684
 76        0.0000963262
 77       -0.0000005372
 78        0.0000053951
 79        0.0000007328

 --------------------------------------------------------------------------------
                                  command: print                                 
 --------------------------------------------------------------------------------
 res.excitation_1_excited_dipole : [
  -1.0364792211293294,
  -0.4690184248204332,
  -1.2166951768593517
]

 --------------------------------------------------------------------------------
                                  command: print                                 
 --------------------------------------------------------------------------------

 res.excitation_1_excited_atomic_charges:
                      1
 1         0.4476036244
 2        -0.1194693507
 3        -0.1472179296
 4        -0.1464598462
 5        -0.1111745406
 6        -0.2912749039
 7         0.1877428566
 8        -0.0250870934
 9        -0.0149036792
 10        0.1879102587
 11       -0.0888389900
 12       -0.0282386802
 13       -0.0755621439
 14        0.0132615993
 15       -0.2536565181
 16        0.1770808631
 17       -0.0480021531
 18       -0.1450429084
 19        0.2152388665
 20       -0.0926674444
 21        0.3404656099
 22       -0.4886009004
 23       -0.1397957522
 24       -0.3131362395
 25        0.2044356933
 26       -0.0071913958
 27       -0.0286678817
 28        0.1796689716
 29       -0.0879097699
 30       -0.0282764981
 31       -0.0943494704
 32       -0.2693214404
 33        0.1484840765
 34       -0.0030231986
 35       -0.1335164046
 36        0.1717061374
 37       -0.0947355897
 38        0.3540619211
 39       -0.4603931039
 40       -0.0937764065
 41        0.5503949912
 42       -0.4946164425
 43       -0.3429937250
 44        0.1149439016
 45        0.0386284095
 46        0.0480968741
 47        0.0283091712
 48        0.0339270436
 49        0.0305087608
 50        0.0431308965
 51        0.0326029860
 52        0.0351293800
 53        0.0267773105
 54        0.0472370973
 55        0.0194532087
 56        0.0151607881
 57        0.0371475813
 58        0.0354943148
 59        0.0462613899
 60        0.0585317196
 61        0.0679593328
 62        0.0447384338
 63        0.0389744553
 64        0.0343182284
 65        0.0380397260
 66        0.0271906058
 67        0.0270218071
 68        0.0261034983
 69        0.0218736703
 70        0.0278766671
 71        0.0392451416
 72        0.0322114640
 73        0.0687792590
 74        0.0451866128
 75        0.0648534060
 76        0.0540757563
 77        0.0445029897
 78        0.0423908146
 79        0.0531622289

 --------------------------------------------------------------------------------
                                  command: print                                 
 --------------------------------------------------------------------------------
 res.excitation_2_energy:                0.0820779728

 --------------------------------------------------------------------------------
                                  command: print                                 
 --------------------------------------------------------------------------------
 res.excitation_2_transition_dipole : [
  0.09787357275481359,
  -1.3177430309657021,
  1.1662709141255556
]

 --------------------------------------------------------------------------------
                                  command: print                                 
 --------------------------------------------------------------------------------

 res.excitation_2_transition_charges:
                      1
 1         0.0017858724
 2        -0.0705897243
 3        -0.0446014131
 4         0.0482836610
 5         0.0387301330
 6        -0.0507320883
 7        -0.0080015772
 8         0.0005033481
 9        -0.0009841550
 10       -0.0043401483
 11       -0.0005494969
 12       -0.0005660507
 13        0.0000268911
 14       -0.0000506104
 15        0.0107646656
 16        0.0087140422
 17       -0.0223764755
 18        0.0188454076
 19       -0.0068312787
 20       -0.0003684535
 21        0.0034543823
 22        0.0055466395
 23        0.0003763130
 24        0.0522033113
 25        0.0042111280
 26        0.0011671806
 27        0.0007705705
 28        0.0113730161
 29        0.0004036703
 30        0.0004808649
 31        0.0000799790
 32       -0.0074292868
 33       -0.0009346387
 34        0.0236549014
 35       -0.0121052529
 36        0.0119340980
 37        0.0008453608
 38       -0.0031310055
 39       -0.0064151217
 40       -0.0006535551
 41       -0.0018796009
 42       -0.0013255159
 43       -0.0002236130
 44       -0.0001342102
 45        0.0000350508
 46       -0.0000315957
 47        0.0003552700
 48       -0.0000885879
 49       -0.0001193957
 50       -0.0003721806
 51       -0.0002899270
 52       -0.0002366858
 53       -0.0000236588
 54       -0.0001069982
 55        0.0000059570
 56       -0.0000185684
 57       -0.0000540893
 58       -0.0007979106
 59       -0.0022942190
 60        0.0004471076
 61        0.0000318904
 62        0.0003196217
 63        0.0000824005
 64        0.0009708370
 65        0.0000900634
 66        0.0001780312
 67        0.0003346610
 68       -0.0000276047
 69        0.0000836285
 70        0.0000020281
 71        0.0000243179
 72        0.0000592005
 73        0.0019928028
 74        0.0000311703
 75        0.0025512831
 76       -0.0029884798
 77       -0.0000170053
 78       -0.0000438408
 79       -0.0000167379

 --------------------------------------------------------------------------------
                                  command: print                                 
 --------------------------------------------------------------------------------
 res.excitation_3_energy:                0.1124029391

 --------------------------------------------------------------------------------
                                  command: print                                 
 --------------------------------------------------------------------------------
 res.excitation_3_transition_dipole : [
  -0.11231868708785286,
  -0.47489970543172677,
  0.3623508057642211
]

 --------------------------------------------------------------------------------
                                  command: print                                 
 --------------------------------------------------------------------------------

 res.excitation_3_transition_charges:
                      1
 1        -0.0001394289
 2        -0.0014285650
 3         0.0003228661
 4        -0.0042737403
 5        -0.0100568653
 6         0.0003897886
 7        -0.0045290505
 8         0.0000223232
 9         0.0001360365
 10        0.0124260642
 11        0.0017813532
 12       -0.0011501191
 13       -0.0001566787
 14       -0.0006965960
 15       -0.0098852024
 16        0.0111515346
 17       -0.0450223182
 18       -0.0150128434
 19        0.0582917952
 20       -0.0002313383
 21       -0.0148699171
 22       -0.0165656671
 23       -0.0002292528
 24        0.0000723919
 25        0.0562690329
 26       -0.0004967347
 27       -0.0000122480
 28        0.0323248867
 29        0.0047592248
 30        0.0013728634
 31        0.0003668668
 32        0.0010683216
 33        0.0104266101
 34       -0.0342077042
 35       -0.0078767471
 36       -0.0047364414
 37       -0.0004649266
 38       -0.0073984214
 39       -0.0084008919
 40        0.0000254976
 41        0.0000432314
 42       -0.0000208501
 43        0.0000059239
 44       -0.0000002869
 45        0.0000943079
 46       -0.0000917914
 47        0.0004377343
 48        0.0001002149
 49        0.0000719429
 50        0.0002962724
 51        0.0003193448
 52        0.0004908258
 53       -0.0000940329
 54       -0.0001832794
 55        0.0000614421
 56       -0.0001174585
 57       -0.0000144163
 58       -0.0027485691
 59       -0.0030797230
 60       -0.0012162743
 61        0.0000251366
 62       -0.0011482356
 63        0.0027248819
 64        0.0021135634
 65        0.0011363058
 66        0.0013618630
 67        0.0011826262
 68        0.0001823522
 69        0.0001540174
 70        0.0000116292
 71        0.0000091357
 72        0.0000805817
 73       -0.0015887154
 74       -0.0003119165
 75       -0.0037311312
 76        0.0000797359
 77       -0.0000014242
 78       -0.0000001076
 79       -0.0000006160

 --------------------------------------------------------------------------------
                                  command: print                                 
 --------------------------------------------------------------------------------
 res.excitation_4_energy:                0.1312560748

 --------------------------------------------------------------------------------
                                  command: print                                 
 --------------------------------------------------------------------------------
 res.excitation_4_transition_dipole : [
  0.14969847014740617,
  -0.36557938238231524,
  -0.5880825766661635
]

 --------------------------------------------------------------------------------
                                  command: print                                 
 --------------------------------------------------------------------------------

 res.excitation_4_transition_charges:
                      1
 1         0.0023649923
 2         0.0061402781
 3         0.0007966153
 4         0.0155855436
 5        -0.0427581764
 6         0.0093964187
 7         0.0019407545
 8        -0.0005461640
 9         0.0005579751
 10        0.0023227621
 11        0.0003037669
 12        0.0004089645
 13       -0.0001004498
 14        0.0001004761
 15        0.0217147329
 16       -0.0031399395
 17       -0.0168209838
 18        0.0130496075
 19        0.0171199104
 20       -0.0001460006
 21        0.0100711894
 22        0.0120316687
 23        0.0008483124
 24       -0.0273747917
 25       -0.0144798227
 26        0.0008272640
 27        0.0004115143
 28        0.0129586703
 29       -0.0008861800
 30        0.0005018230
 31        0.0000547036
 32       -0.0083939216
 33        0.0000169592
 34       -0.0192956368
 35        0.0050505844
 36       -0.0021444482
 37       -0.0003416808
 38        0.0035134064
 39        0.0055818198
 40        0.0000826590
 41       -0.0012621575
 42       -0.0003328398
 43       -0.0001587961
 44       -0.0001172403
 45        0.0001699951
 46       -0.0000282200
 47        0.0001706758
 48       -0.0000136504
 49        0.0000558424
 50        0.0002591932
 51        0.0000746660
 52        0.0002110761
 53        0.0000264027
 54        0.0000905372
 55       -0.0000172693
 56        0.0000290329
 57       -0.0000243884
 58       -0.0005568197
 59       -0.0017187037
 60        0.0013039725
 61        0.0002105276
 62        0.0008372480
 63       -0.0001155153
 64        0.0007738948
 65       -0.0004240943
 66       -0.0002238458
 67       -0.0006767969
 68        0.0000164970
 69        0.0000925820
 70        0.0000009101
 71        0.0000055708
 72        0.0000218849
 73       -0.0013915847
 74       -0.0000094861
 75       -0.0019586635
 76       -0.0025749084
 77       -0.0000509786
 78       -0.0000426573
 79        0.0000229305

 --------------------------------------------------------------------------------

 End time:                               Fri Aug 20 14:49:14 2021
 Total wall-clock time:                  0.737 seconds
==================================================================================
