
================================================================================
          _____________ ________ _______________ ________     _________         
         / ___________// ______ \\_____   _____// ______ \   / ________)        
        / /_________  / /      \ \     | |     / /      \ \ | (_______          
       |  __________|| |        | |    | |    | |        | | \________ \        
        \ \_________ | |        | |    | |     \ \______/ /___________) |       
         \__________||_|        |_|    |_|      \________//____________/        
                                                                                
====================================[ Qcore ]===================================

 Git hash:   4f46786782e696c626e0064ff3d1a47267e124c4
 Git date:   Wed, 30 Jun 2021 10:19:53 +0100
 Compiler:   AppleClang 10.0.1.10010046
 Build type: Release
 Version:    1.4.1

 Start time: Mon Jul  5 14:56:39 2021

 Data directory: /Users/of15641/qcore/cmake-build-release/share/entos/1.4.1/data
 Number of threads: 2
 Number of threads was determined by: number of physical cores

 --------------------------------------------------------------------------------
                                   command: xtb                                  
 --------------------------------------------------------------------------------
 XTB basis setup:                        reference basis
 Number of basis functions:            244
 GFN version:                            chlorophyll
 Integral screening threshold:           1.00e-10
 Total charge:                           0.000000000
 Number of electrons:                  218.000000000
 Electronic temperature (Kelvin):        0.000000000

 D3BJ energy:                           -0.062562653
 Repulsive energy:                       1.518583358

 ****************************************************
  Running robust self-consistent charge (SCC) solver 
 ****************************************************
 Number of SCC trials:                   4
 Using the stop-early mechanism for the first 3 trials

 Conv. threshold (charge):               1.00e-05
 Conv. threshold (energy):               1.00e-06
 Initial guess:                          eeq

 -------------
  SCC Trial 1 
 -------------
 Broyden mixing factor:                  0.400000000
 Max number of iterations:             128

 ---------------------------------------------------------------
                  energy        change          grad        time
 ---------------------------------------------------------------
   0      -130.292183562                    6.60e-01        0.01
   1      -130.884268979     -5.92e-01      3.88e-01        0.01
   2      -130.893052716     -8.78e-03      1.03e-01        0.01
   3      -130.904349988     -1.13e-02      1.05e-02        0.01
   4      -130.904887774     -5.38e-04      5.83e-03        0.01
   5      -130.907236226     -2.35e-03      1.35e-03        0.01
   6      -130.907343994     -1.08e-04      3.93e-04        0.01
   7      -130.907350930     -6.94e-06      1.59e-04        0.01
   8      -130.907351796     -8.66e-07      4.52e-05        0.01
   9      -130.907351813     -1.69e-08      1.63e-05        0.01
  10      -130.907351814     -1.42e-09      4.99e-06        0.01
  11      -130.907351815     -1.68e-10      1.76e-06        0.01

 SCF converged in 10 iterations.

 Entropy contribution (-ST):             0.000000000
 Dipole moment (in Debye):              -2.835101       0.987269       2.634287

 ----------------
  Excitation 0 1 
 ----------------
 Setting up Delta-SCF
 Ground-Excited state overlap:          -0.000000000
 No correction applied to the TDM.
 Excitation energy:                      0.094811751
 Excitation energy (in eV):              2.579959184
 Transition dipole:                      0.59258      -3.10837      -3.04479

 -----------------
  Excitation -1 1 
 -----------------
 Setting up Delta-SCF
 Ground-Excited state overlap:           0.000000000
 No correction applied to the TDM.
 Excitation energy:                      0.101903798
 Excitation energy (in eV):              2.772943603
 Transition dipole:                      0.06833       1.76658      -1.94896

 ----------------
  Excitation 0 2 
 ----------------
 Setting up Delta-SCF
 Ground-Excited state overlap:           0.000000000
 No correction applied to the TDM.
 Excitation energy:                      0.149331559
 Excitation energy (in eV):              4.063518732
 Transition dipole:                     -0.04271       1.37094      -1.37683

 -----------------
  Excitation -1 2 
 -----------------
 Setting up Delta-SCF
 Ground-Excited state overlap:           0.000000000
 No correction applied to the TDM.
 Excitation energy:                      0.162783078
 Excitation energy (in eV):              4.429553222
 Transition dipole:                     -0.20865       1.23754       1.27615
 TOTAL ENERGY:                        -130.907351815
 Saving results in set 'res'

 --------------------------------------------------------------------------------
                                  command: print                                 
 --------------------------------------------------------------------------------
 res.energy:                          -130.9073518146

 --------------------------------------------------------------------------------
                                  command: print                                 
 --------------------------------------------------------------------------------

 res.dipole:
                      1
 1        -1.1154147404
 2         0.3884214388
 3         1.0364083593

 --------------------------------------------------------------------------------
                                  command: print                                 
 --------------------------------------------------------------------------------

 res.atomic_charges:
                      1
 1         0.3739080443
 2        -0.0585634204
 3        -0.1052961056
 4        -0.0918976000
 5        -0.0754642833
 6        -0.2347891366
 7         0.1311624386
 8        -0.0310263179
 9        -0.0293018292
 10        0.1146190707
 11       -0.0895444146
 12       -0.0574333504
 13       -0.0770437825
 14        0.0120154309
 15       -0.2927764077
 16        0.1409377182
 17       -0.0390536626
 18       -0.1169485044
 19        0.1621792791
 20       -0.0831270397
 21        0.3351420387
 22       -0.4233089292
 23       -0.1290212902
 24       -0.2520889011
 25        0.1464368319
 26       -0.0216315286
 27       -0.0354956978
 28        0.1192965440
 29       -0.0909134962
 30       -0.0530866703
 31       -0.0928306990
 32       -0.3034557393
 33        0.1010558477
 34        0.0040115014
 35       -0.1119391960
 36        0.1478673332
 37       -0.0863956784
 38        0.3461426565
 39       -0.3982356326
 40       -0.1076578344
 41        0.5203723023
 42       -0.4647556229
 43       -0.2905204737
 44        0.1060473963
 45        0.0507577682
 46        0.0537445681
 47        0.0399252430
 48        0.0445124545
 49        0.0460336799
 50        0.0446834492
 51        0.0374137402
 52        0.0349405347
 53        0.0399257930
 54        0.0614545316
 55        0.0256567806
 56        0.0201034394
 57        0.0346411044
 58        0.0358418807
 59        0.0466779765
 60        0.0608367063
 61        0.0591641660
 62        0.0504346118
 63        0.0496720036
 64        0.0359897267
 65        0.0383995097
 66        0.0337238335
 67        0.0308876853
 68        0.0342572507
 69        0.0332406350
 70        0.0298526334
 71        0.0371898689
 72        0.0387556903
 73        0.0640055482
 74        0.0388430037
 75        0.0630907130
 76        0.0595842163
 77        0.0315838599
 78        0.0274556109
 79        0.0491285936

 --------------------------------------------------------------------------------
                                  command: print                                 
 --------------------------------------------------------------------------------
 res.excitation_1_energy:                0.0948117513

 --------------------------------------------------------------------------------
                                  command: print                                 
 --------------------------------------------------------------------------------
 res.excitation_1_transition_dipole : [
  0.5925804149545791,
  -3.1083689957016474,
  -3.0447874856391204
]

 --------------------------------------------------------------------------------
                                  command: print                                 
 --------------------------------------------------------------------------------

 res.excitation_1_transition_charges:
                      1
 1        -0.0002238081
 2         0.0306058404
 3        -0.0107633906
 4        -0.0223241653
 5         0.0090934283
 6         0.0121449551
 7         0.0310832660
 8        -0.0001539163
 9        -0.0000185390
 10       -0.0365739021
 11       -0.0042908984
 12        0.0030784905
 13        0.0002110771
 14        0.0005556724
 15       -0.0136158850
 16       -0.0524605029
 17       -0.0878268218
 18       -0.0331078911
 19       -0.0396507388
 20       -0.0011252399
 21       -0.0058171644
 22       -0.0113528338
 23       -0.0003344618
 24       -0.0074293344
 25       -0.0257309588
 26       -0.0004935119
 27        0.0008730077
 28        0.0444647882
 29       -0.0027558223
 30        0.0033974812
 31        0.0004580576
 32        0.0034714050
 33        0.0695284353
 34        0.0570360138
 35        0.0299269590
 36        0.0357743161
 37        0.0016289516
 38        0.0075174224
 39        0.0142279928
 40        0.0001454884
 41        0.0007428300
 42        0.0006357413
 43        0.0001229929
 44        0.0000433684
 45       -0.0000208583
 46       -0.0000812773
 47        0.0013957813
 48        0.0010654168
 49       -0.0010902543
 50       -0.0003700634
 51       -0.0011347100
 52       -0.0008254040
 53        0.0000689551
 54        0.0003385734
 55        0.0000885382
 56        0.0000639793
 57       -0.0000065460
 58       -0.0112149392
 59       -0.0094230276
 60       -0.0008342961
 61        0.0000023183
 62       -0.0009164504
 63       -0.0019443275
 64        0.0051971429
 65       -0.0002528327
 66       -0.0005289558
 67       -0.0003024836
 68        0.0001357342
 69        0.0003499415
 70        0.0000501013
 71        0.0001171653
 72        0.0006235815
 73        0.0054391730
 74        0.0008613555
 75        0.0116481746
 76        0.0007317667
 77        0.0000040353
 78        0.0000270078
 79        0.0000194894

 --------------------------------------------------------------------------------
                                  command: print                                 
 --------------------------------------------------------------------------------
 res.excitation_1_excited_dipole : [
  -1.326080709196603,
  0.3913432753572952,
  1.3056691649036427
]

 --------------------------------------------------------------------------------
                                  command: print                                 
 --------------------------------------------------------------------------------

 res.excitation_1_excited_atomic_charges:
                      1
 1         0.3753155397
 2        -0.1064550033
 3        -0.1438502367
 4        -0.1302310922
 5        -0.1065302844
 6        -0.3345636617
 7         0.1903597802
 8        -0.0295860029
 9        -0.0280523030
 10        0.1822180370
 11       -0.0835341762
 12       -0.0525585039
 13       -0.0771228261
 14        0.0124627099
 15       -0.2864947058
 16        0.1896848449
 17       -0.0524212927
 18       -0.1428635723
 19        0.2191575866
 20       -0.0807970305
 21        0.3202532570
 22       -0.4394261942
 23       -0.1292249609
 24       -0.3616006065
 25        0.2095502275
 26       -0.0210215110
 27       -0.0337142815
 28        0.1708116058
 29       -0.0844879664
 30       -0.0486835584
 31       -0.0923040046
 32       -0.3030728018
 33        0.1484230367
 34       -0.0128063468
 35       -0.1259608594
 36        0.1795719336
 37       -0.0842702365
 38        0.3355256857
 39       -0.4087600333
 40       -0.1075210053
 41        0.5189693732
 42       -0.4651655422
 43       -0.2906599785
 44        0.1059872280
 45        0.0507640055
 46        0.0545277577
 47        0.0418324971
 48        0.0470299229
 49        0.0483392839
 50        0.0445094411
 51        0.0373382678
 52        0.0355394049
 53        0.0398273822
 54        0.0614661840
 55        0.0260722585
 56        0.0202091073
 57        0.0346032269
 58        0.0381471549
 59        0.0470544889
 60        0.0591194559
 61        0.0591598950
 62        0.0487186611
 63        0.0558967347
 64        0.0448536188
 65        0.0387476208
 66        0.0340363436
 67        0.0315859145
 68        0.0343837196
 69        0.0332094158
 70        0.0298909365
 71        0.0374235026
 72        0.0388351319
 73        0.0637809450
 74        0.0388866615
 75        0.0635510564
 76        0.0580054533
 77        0.0315744413
 78        0.0274252258
 79        0.0491046153

 --------------------------------------------------------------------------------
                                  command: print                                 
 --------------------------------------------------------------------------------
 res.excitation_2_energy:                0.1019037978

 --------------------------------------------------------------------------------
                                  command: print                                 
 --------------------------------------------------------------------------------
 res.excitation_2_transition_dipole : [
  0.06833072512657265,
  1.7665772514675746,
  -1.9489605404490915
]

 --------------------------------------------------------------------------------
                                  command: print                                 
 --------------------------------------------------------------------------------

 res.excitation_2_transition_charges:
                      1
 1         0.0018796252
 2        -0.0891995877
 3        -0.0635904470
 4         0.0633701812
 5         0.0545190563
 6        -0.1113325116
 7        -0.0072967391
 8         0.0002091902
 9        -0.0012807235
 10       -0.0086516181
 11       -0.0009903166
 12       -0.0005576285
 13       -0.0000045195
 14       -0.0000349430
 15        0.0280457187
 16        0.0027034436
 17       -0.0187541435
 18        0.0060516637
 19       -0.0111514784
 20       -0.0002562738
 21        0.0008093738
 22        0.0011432569
 23        0.0003473512
 24        0.1196786690
 25        0.0022808228
 26        0.0014219081
 27        0.0008848010
 28        0.0176179296
 29        0.0002406746
 30        0.0012040624
 31       -0.0000186870
 32       -0.0187468820
 33        0.0078801086
 34        0.0220882018
 35       -0.0027266115
 36        0.0150046154
 37        0.0008013834
 38       -0.0009295828
 39       -0.0027549188
 40       -0.0007175859
 41       -0.0046882827
 42       -0.0025192012
 43       -0.0006092353
 44       -0.0002771516
 45        0.0000429892
 46       -0.0000350631
 47        0.0006585668
 48       -0.0001449421
 49       -0.0003266791
 50       -0.0003722406
 51       -0.0006414227
 52       -0.0002852698
 53       -0.0000585619
 54       -0.0001548029
 55       -0.0000110917
 56       -0.0000119734
 57       -0.0000939875
 58       -0.0011885997
 59       -0.0028656278
 60        0.0001536587
 61        0.0000282210
 62        0.0002168360
 63       -0.0001847828
 64        0.0022401030
 65        0.0000742447
 66        0.0003115724
 67        0.0002515833
 68        0.0000196806
 69        0.0002447027
 70        0.0000270792
 71        0.0000643966
 72        0.0002042893
 73        0.0028724647
 74       -0.0000237775
 75        0.0043210207
 76       -0.0061350854
 77       -0.0000518688
 78       -0.0001099479
 79       -0.0001286530

 --------------------------------------------------------------------------------
                                  command: print                                 
 --------------------------------------------------------------------------------
 res.excitation_3_energy:                0.1493315590

 --------------------------------------------------------------------------------
                                  command: print                                 
 --------------------------------------------------------------------------------
 res.excitation_3_transition_dipole : [
  -0.04270975119490466,
  1.3709442881900133,
  -1.3768345859209272
]

 --------------------------------------------------------------------------------
                                  command: print                                 
 --------------------------------------------------------------------------------

 res.excitation_3_transition_charges:
                      1
 1         0.0003502679
 2         0.0154542615
 3         0.0086445534
 4        -0.0129782089
 5        -0.0095261097
 6        -0.0022847707
 7        -0.0633053184
 8        -0.0003124577
 9        -0.0001861159
 10       -0.0531277857
 11       -0.0036633001
 12       -0.0078201036
 13       -0.0004989384
 14       -0.0061773011
 15       -0.0340661180
 16       -0.0231068154
 17       -0.0018027179
 18       -0.0179984565
 19        0.0834615196
 20       -0.0003174189
 21       -0.0100541980
 22       -0.0147259312
 23       -0.0000016386
 24        0.0024561321
 25        0.0878837554
 26       -0.0010664489
 27       -0.0004780845
 28        0.0605694618
 29        0.0090611055
 30        0.0044765354
 31        0.0006659496
 32        0.0114530003
 33        0.0344935965
 34       -0.0301313243
 35        0.0033263746
 36       -0.0325228811
 37       -0.0000783062
 38       -0.0008659159
 39       -0.0011146142
 40       -0.0002115838
 41        0.0009061103
 42        0.0004152814
 43        0.0001577403
 44        0.0000346988
 45        0.0002250617
 46       -0.0004878959
 47        0.0009870157
 48       -0.0012082861
 49       -0.0010780545
 50       -0.0001968367
 51       -0.0008805082
 52       -0.0005648407
 53       -0.0002564768
 54       -0.0002853117
 55        0.0008149422
 56       -0.0003993140
 57        0.0000719613
 58       -0.0007348651
 59        0.0002529701
 60       -0.0013711531
 61        0.0000182953
 62       -0.0015512794
 63        0.0061034710
 64        0.0048736276
 65        0.0015673700
 66        0.0024787219
 67        0.0020703110
 68        0.0004872068
 69        0.0005013693
 70        0.0001852864
 71        0.0000443964
 72        0.0006101296
 73       -0.0021498084
 74       -0.0004424865
 75       -0.0058547428
 76        0.0007629904
 77        0.0000193831
 78        0.0000264980
 79       -0.0000266286

 --------------------------------------------------------------------------------
                                  command: print                                 
 --------------------------------------------------------------------------------
 res.excitation_4_energy:                0.1627830785

 --------------------------------------------------------------------------------
                                  command: print                                 
 --------------------------------------------------------------------------------
 res.excitation_4_transition_dipole : [
  -0.2086492220066978,
  1.2375355556488916,
  1.276152798821005
]

 --------------------------------------------------------------------------------
                                  command: print                                 
 --------------------------------------------------------------------------------

 res.excitation_4_transition_charges:
                      1
 1         0.0063326172
 2        -0.0458067895
 3         0.0498355663
 4         0.0334972474
 5        -0.0587446373
 6         0.0193455240
 7         0.0148119517
 8        -0.0012449332
 9         0.0003433367
 10       -0.0122434187
 11       -0.0009129752
 12        0.0014497993
 13       -0.0002116498
 14        0.0003435710
 15        0.0849381343
 16        0.0002562560
 17       -0.0002117215
 18        0.0034338983
 19        0.0231762104
 20        0.0003267754
 21        0.0020930043
 22        0.0016896408
 23        0.0009280004
 24       -0.0450149740
 25       -0.0069498757
 26        0.0007928872
 27       -0.0001515961
 28        0.0247425095
 29       -0.0000751128
 30        0.0016264548
 31       -0.0001218840
 32       -0.0651773080
 33        0.0050682767
 34       -0.0115465650
 35       -0.0001059063
 36       -0.0131086991
 37       -0.0000495202
 38        0.0000026561
 39        0.0000863313
 40        0.0012330424
 41       -0.0056360052
 42       -0.0016619157
 43       -0.0008027304
 44       -0.0003073824
 45        0.0003609487
 46       -0.0001865935
 47        0.0004401790
 48        0.0001287214
 49       -0.0003486327
 50       -0.0003208435
 51       -0.0004024275
 52       -0.0001845042
 53        0.0001152593
 54        0.0001702679
 55       -0.0001559831
 56        0.0000771622
 57        0.0001815799
 58       -0.0000679704
 59        0.0001065371
 60        0.0003024403
 61        0.0002014105
 62        0.0003727803
 63        0.0010559802
 64        0.0020123223
 65       -0.0002897646
 66       -0.0003151339
 67       -0.0002484168
 68        0.0001533394
 69        0.0003443647
 70        0.0000626613
 71        0.0000245635
 72        0.0002331946
 73       -0.0011461782
 74        0.0000336318
 75       -0.0021872971
 76       -0.0065739414
 77       -0.0002151172
 78       -0.0002150986
 79        0.0002124672

 --------------------------------------------------------------------------------

 End time:                               Mon Jul  5 14:56:39 2021
 Total wall-clock time:                  0.467 seconds
==================================================================================
