
================================================================================
          _____________ ________ _______________ ________     _________         
         / ___________// ______ \\_____   _____// ______ \   / ________)        
        / /_________  / /      \ \     | |     / /      \ \ | (_______          
       |  __________|| |        | |    | |    | |        | | \________ \        
        \ \_________ | |        | |    | |     \ \______/ /___________) |       
         \__________||_|        |_|    |_|      \________//____________/        
                                                                                
====================================[ Qcore ]===================================

 Git hash:   035eaa6e02832a1eaacaa1f2c2b4151870260895
 Git date:   Fri, 20 Aug 2021 11:46:14 +0100
 Compiler:   GNU 9.1.0
 Build type: Release
 Version:    2.0.0

 Start time: Fri Aug 20 14:49:09 2021

 Data directory: /home/of15641/.local/src/Qcore/release/share/entos/2.0.0/data
 Number of threads: 2
 Number of threads was determined by: command line argument
  - More threads can be used by running 'qcore -n 24'

 --------------------------------------------------------------------------------
                                   command: xtb                                  
 --------------------------------------------------------------------------------
 XTB basis setup:                        reference basis
 Implicit solvation model:               none
 Number of basis functions:            488
 GFN version:                            chlorophyll
 Integral screening threshold:           1.00e-10
 Total charge:                           0.000000000
 Number of electrons:                  436.000000000
 Electronic temperature (Kelvin):        0.000000000

 D3BJ energy:                           -0.129256432
 Repulsive energy:                       3.040140609

 ****************************************************
  Running robust self-consistent charge (SCC) solver 
 ****************************************************
 Number of SCC trials:                   4
 Using the stop-early mechanism for the first 3 trials

 Conv. threshold (charge):               1.00e-05
 Conv. threshold (energy):               1.00e-06
 Initial guess:                          eeq

 -------------
  SCC Trial 1 
 -------------
 Broyden mixing factor:                  0.400000000
 Max number of iterations:             128

 ---------------------------------------------------------------
                  energy        change          grad        time
 ---------------------------------------------------------------
   0      -251.777292801                    6.23e-01        0.05
   1      -253.105287994     -1.33e+00      3.67e-01        0.05
   2      -253.120309267     -1.50e-02      1.27e-01        0.04
   3      -253.196421408     -7.61e-02      1.47e-02        0.04
   4      -253.198706717     -2.29e-03      1.09e-02        0.04
   5      -253.216293613     -1.76e-02      3.03e-03        0.04
   6      -253.217404373     -1.11e-03      8.59e-04        0.04
   7      -253.217474687     -7.03e-05      2.75e-04        0.04
   8      -253.217480610     -5.92e-06      1.10e-04        0.04
   9      -253.217481009     -3.99e-07      7.42e-05        0.04
  10      -253.217481678     -6.69e-07      2.13e-05        0.04
  11      -253.217481696     -1.75e-08      7.62e-06        0.04
  12      -253.217481697     -1.53e-09      2.95e-06        0.04

 SCF converged in 11 iterations.

 Entropy contribution (-ST):             0.000000000
 Dipole moment (in Debye):              -4.977662       0.646146       3.350486

 ----------------
  Excitation 0 1 
 ----------------
 Setting up Delta-SCF
 Ground-Excited state overlap:           0.000000000
 No correction applied to the TDM.
 Excitation energy:                      0.047161251
 Excitation energy (in eV):              1.283323030
 Transition dipole:                     -0.00456      -0.00946       0.01325

 -----------------
  Excitation -1 1 
 -----------------
 Setting up Delta-SCF
 Ground-Excited state overlap:          -0.000000000
 No correction applied to the TDM.
 Excitation energy:                      0.067017232
 Excitation energy (in eV):              1.823631783
 Transition dipole:                     -0.30476       2.76710      -0.11837

 ----------------
  Excitation 0 2 
 ----------------
 Setting up Delta-SCF
 Ground-Excited state overlap:           0.000000000
 No correction applied to the TDM.
 Excitation energy:                      0.066840068
 Excitation energy (in eV):              1.818810907
 Transition dipole:                     -0.21712      -0.55863       2.73503

 -----------------
  Excitation -1 2 
 -----------------
 Setting up Delta-SCF
 Ground-Excited state overlap:          -0.000000000
 No correction applied to the TDM.
 Excitation energy:                      0.056142216
 Excitation energy (in eV):              1.527707515
 Transition dipole:                      0.00181      -0.01394       0.00600
 TOTAL ENERGY:                        -253.217481697
 Saving results in set 'res'

 --------------------------------------------------------------------------------
                                  command: print                                 
 --------------------------------------------------------------------------------
 res.energy:                          -253.2174816971

 --------------------------------------------------------------------------------
                                  command: print                                 
 --------------------------------------------------------------------------------

 res.dipole:
                      1
 1        -1.9583628289
 2         0.2542132730
 3         1.3181824195

 --------------------------------------------------------------------------------
                                  command: print                                 
 --------------------------------------------------------------------------------

 res.atomic_charges:
                      1
 1         0.4460561680
 2        -0.0517356574
 3        -0.1064259180
 4        -0.0962025872
 5        -0.0787526372
 6        -0.2189120262
 7         0.1242901596
 8        -0.0242498803
 9        -0.0154598985
 10        0.1138306984
 11       -0.0942027904
 12       -0.0319189576
 13       -0.0764639777
 14        0.0143066079
 15       -0.2557908473
 16        0.1247572841
 17       -0.0200792763
 18       -0.1141826882
 19        0.1527500586
 20       -0.0942722663
 21        0.3642598867
 22       -0.4666990520
 23       -0.1399039269
 24       -0.2322526996
 25        0.1433967485
 26       -0.0074321915
 27       -0.0308538298
 28        0.1153902454
 29       -0.0950201805
 30       -0.0310362311
 31       -0.0961672637
 32       -0.2652634054
 33        0.0937334668
 34        0.0185935624
 35       -0.1228440288
 36        0.1318552234
 37       -0.0962151159
 38        0.3683509570
 39       -0.4460369823
 40       -0.0935182965
 41        0.5509979534
 42       -0.5005675982
 43       -0.3414185093
 44        0.1144380962
 45        0.0398202823
 46        0.0455976090
 47        0.0266960404
 48        0.0306026876
 49        0.0291007724
 50        0.0419170721
 51        0.0311547509
 52        0.0360994720
 53        0.0277125624
 54        0.0436695429
 55        0.0194909171
 56        0.0170115764
 57        0.0389598594
 58        0.0382169546
 59        0.0483179208
 60        0.0590749266
 61        0.0677597706
 62        0.0450098166
 63        0.0337969894
 64        0.0282773229
 65        0.0406838213
 66        0.0253101983
 67        0.0259391595
 68        0.0295334296
 69        0.0214511524
 70        0.0287150633
 71        0.0397922088
 72        0.0306392778
 73        0.0667873372
 74        0.0449215192
 75        0.0659828139
 76        0.0560989783
 77        0.0460697901
 78        0.0458683321
 79        0.0495976150
 80        0.4466450792
 81       -0.0533947919
 82       -0.1022435128
 83       -0.0956234276
 84       -0.0777540294
 85       -0.2177388983
 86        0.1256590270
 87       -0.0266689434
 88       -0.0160207541
 89        0.1107157495
 90       -0.0945577172
 91       -0.0315625670
 92       -0.0753629563
 93        0.0123049621
 94       -0.2534620690
 95        0.1257428945
 96       -0.0177500995
 97       -0.1169925125
 98        0.1532921956
 99       -0.0946328521
 100       0.3635498220
 101      -0.4703922289
 102      -0.1394069700
 103      -0.2348648921
 104       0.1395127679
 105      -0.0078384042
 106      -0.0305245055
 107       0.1177125528
 108      -0.0927260019
 109      -0.0311717778
 110      -0.0952890702
 111      -0.2678639725
 112       0.0927381492
 113       0.0195778518
 114      -0.1217648176
 115       0.1323024342
 116      -0.0959206313
 117       0.3695434363
 118      -0.4480207531
 119      -0.0933609694
 120       0.5514867399
 121      -0.4937322007
 122      -0.3432743177
 123       0.1150128669
 124       0.0449002850
 125       0.0465088027
 126       0.0270282777
 127       0.0310723356
 128       0.0306407864
 129       0.0389508666
 130       0.0361231469
 131       0.0392527202
 132       0.0270880843
 133       0.0464358163
 134       0.0193910698
 135       0.0159059486
 136       0.0413357275
 137       0.0373847376
 138       0.0457393189
 139       0.0604381531
 140       0.0668296471
 141       0.0463441293
 142       0.0342346437
 143       0.0253646676
 144       0.0357743986
 145       0.0250689332
 146       0.0242117836
 147       0.0250999831
 148       0.0220623135
 149       0.0275790341
 150       0.0389909222
 151       0.0325095851
 152       0.0691754582
 153       0.0455438067
 154       0.0651912606
 155       0.0533505663
 156       0.0438959379
 157       0.0426999770
 158       0.0531910508

 --------------------------------------------------------------------------------
                                  command: print                                 
 --------------------------------------------------------------------------------
 res.excitation_1_energy:                0.0471612515

 --------------------------------------------------------------------------------
                                  command: print                                 
 --------------------------------------------------------------------------------
 res.excitation_1_transition_dipole : [
  -0.004555100735210227,
  -0.009456498091290495,
  0.013253772332815269
]

 --------------------------------------------------------------------------------
                                  command: print                                 
 --------------------------------------------------------------------------------

 res.excitation_1_transition_charges:
                      1
 1         0.0000286844
 2         0.0003457647
 3         0.0002272156
 4        -0.0002592336
 5        -0.0001374553
 6         0.0003119591
 7         0.0000710748
 8         0.0000001255
 9         0.0000037320
 10       -0.0000517017
 11       -0.0000021230
 12        0.0000098301
 13        0.0000014268
 14        0.0000017624
 15       -0.0001328460
 16       -0.0000893567
 17       -0.0001855255
 18       -0.0000372643
 19       -0.0000624086
 20       -0.0000027268
 21       -0.0000070146
 22       -0.0000027171
 23       -0.0000015309
 24       -0.0002793820
 25       -0.0000509516
 26       -0.0000062744
 27       -0.0000000727
 28        0.0000750838
 29       -0.0000055911
 30        0.0000018380
 31       -0.0000060494
 32        0.0000664111
 33        0.0001192130
 34        0.0001019988
 35        0.0000607412
 36        0.0000690070
 37        0.0000032101
 38        0.0000268829
 39        0.0000367984
 40        0.0000015717
 41        0.0000064711
 42        0.0000043048
 43        0.0000003589
 44        0.0000006451
 45       -0.0000000758
 46       -0.0000003624
 47        0.0000022102
 48        0.0000003119
 49       -0.0000004191
 50        0.0000001451
 51       -0.0000002253
 52       -0.0000001799
 53        0.0000004089
 54        0.0000019038
 55        0.0000002409
 56        0.0000006291
 57        0.0000004511
 58       -0.0000189738
 59       -0.0000083649
 60       -0.0000007858
 61       -0.0000001683
 62       -0.0000018084
 63       -0.0000020757
 64        0.0000050464
 65       -0.0000010494
 66       -0.0000015380
 67       -0.0000018723
 68        0.0000010389
 69        0.0000009974
 70       -0.0000003325
 71       -0.0000007197
 72       -0.0000043561
 73        0.0000115159
 74       -0.0000001053
 75        0.0000102373
 76        0.0000109827
 77        0.0000000700
 78        0.0000001280
 79       -0.0000000303
 80        0.0000152853
 81       -0.0000650574
 82        0.0000255885
 83        0.0000092592
 84       -0.0000036180
 85       -0.0000061098
 86       -0.0000383944
 87       -0.0000061458
 88       -0.0000050316
 89        0.0000048664
 90        0.0000339197
 91       -0.0000129025
 92       -0.0000010156
 93       -0.0000022393
 94       -0.0000006519
 95        0.0000754341
 96        0.0000795069
 97        0.0000385695
 98        0.0000164284
 99        0.0000010122
 100       0.0000089820
 101       0.0000136766
 102       0.0000003721
 103       0.0000013630
 104       0.0000240824
 105       0.0000012788
 106      -0.0000004980
 107      -0.0000948903
 108       0.0000017588
 109      -0.0000034595
 110      -0.0000009494
 111      -0.0000154291
 112      -0.0000981033
 113      -0.0000959903
 114      -0.0000397683
 115      -0.0000733821
 116      -0.0000049769
 117      -0.0000136657
 118      -0.0000193775
 119      -0.0000005926
 120      -0.0000005755
 121      -0.0000010790
 122      -0.0000001121
 123      -0.0000000280
 124       0.0000001187
 125       0.0000003759
 126      -0.0000015076
 127      -0.0000014661
 128      -0.0000084369
 129       0.0000059680
 130       0.0000094713
 131       0.0000071269
 132      -0.0000005930
 133      -0.0000022213
 134      -0.0000000237
 135      -0.0000004114
 136       0.0000000664
 137       0.0000064936
 138       0.0000043639
 139       0.0000007389
 140      -0.0000000054
 141       0.0000007862
 142       0.0000015367
 143      -0.0000078815
 144      -0.0000000157
 145      -0.0000000891
 146       0.0000005075
 147      -0.0000000736
 148      -0.0000002508
 149      -0.0000000027
 150      -0.0000000509
 151      -0.0000004040
 152      -0.0000058136
 153      -0.0000015694
 154      -0.0000119366
 155      -0.0000008777
 156       0.0000000052
 157      -0.0000000267
 158      -0.0000000019

 --------------------------------------------------------------------------------
                                  command: print                                 
 --------------------------------------------------------------------------------
 res.excitation_1_excited_dipole : [
  12.555082863932522,
  1.110177902953506,
  2.4152273675275193
]

 --------------------------------------------------------------------------------
                                  command: print                                 
 --------------------------------------------------------------------------------

 res.excitation_1_excited_atomic_charges:
                      1
 1         0.4455418847
 2        -0.1205850742
 3        -0.1595852170
 4        -0.1565660465
 5        -0.1193850836
 6        -0.2962170748
 7         0.1124949739
 8        -0.0246794560
 9        -0.0160351124
 10        0.0992563727
 11       -0.0965729101
 12       -0.0333874514
 13       -0.0768983555
 14        0.0138140020
 15       -0.2644807633
 16        0.0910095522
 17       -0.1366768318
 18       -0.1653191416
 19        0.1350369204
 20       -0.0951310600
 21        0.3378440860
 22       -0.4927705270
 23       -0.1404900700
 24       -0.3110942051
 25        0.1350769480
 26       -0.0082482101
 27       -0.0313916312
 28        0.0904354732
 29       -0.0958034997
 30       -0.0321961487
 31       -0.0965268136
 32       -0.2685976394
 33        0.0462342787
 34       -0.0578425872
 35       -0.1571412178
 36        0.1081479670
 37       -0.0974824809
 38        0.3478005393
 39       -0.4681422156
 40       -0.0936697997
 41        0.5500858821
 42       -0.5013069410
 43       -0.3415330714
 44        0.1143892806
 45        0.0397546397
 46        0.0455448848
 47        0.0259403451
 48        0.0304521159
 49        0.0288551048
 50        0.0413464687
 51        0.0303819868
 52        0.0355167212
 53        0.0274568515
 54        0.0433623116
 55        0.0194429419
 56        0.0168999942
 57        0.0388892122
 58        0.0312038103
 59        0.0412830593
 60        0.0570110372
 61        0.0677503358
 62        0.0432613149
 63        0.0333852223
 64        0.0267961721
 65        0.0405575787
 66        0.0250095198
 67        0.0256613783
 68        0.0294706484
 69        0.0212217692
 70        0.0287076652
 71        0.0397663596
 72        0.0303372111
 73        0.0626907091
 74        0.0442603953
 75        0.0587104343
 76        0.0550122992
 77        0.0460673814
 78        0.0458443861
 79        0.0495926917
 80        0.4475527894
 81       -0.0445589985
 82       -0.0959356705
 83       -0.0894200107
 84       -0.0720551386
 85       -0.2135343605
 86        0.1998740201
 87       -0.0248728902
 88       -0.0140447833
 89        0.2035317527
 90       -0.0869095581
 91       -0.0266617528
 92       -0.0750461892
 93        0.0128917048
 94       -0.2449756932
 95        0.2114941570
 96        0.0655770343
 97       -0.0959929322
 98        0.2331493433
 99       -0.0925045819
 100       0.3661680030
 101      -0.4647533207
 102      -0.1392242252
 103      -0.2346826738
 104       0.2116244868
 105      -0.0064726474
 106      -0.0281674579
 107       0.2037579025
 108      -0.0865250946
 109      -0.0270425194
 110      -0.0939630249
 111      -0.2651372149
 112       0.1974190817
 113       0.0757454623
 114      -0.0984442171
 115       0.1939833705
 116      -0.0933174454
 117       0.3744615976
 118      -0.4384729253
 119      -0.0932577061
 120       0.5515159990
 121      -0.4935639457
 122      -0.3432607272
 123       0.1150140479
 124       0.0449661866
 125       0.0471402099
 126       0.0293251809
 127       0.0330578905
 128       0.0325359336
 129       0.0396394530
 130       0.0371264840
 131       0.0405617329
 132       0.0272720115
 133       0.0468933125
 134       0.0194307301
 135       0.0160827278
 136       0.0413693862
 137       0.0443946039
 138       0.0519608773
 139       0.0606616628
 140       0.0668317233
 141       0.0466202290
 142       0.0390269130
 143       0.0350630564
 144       0.0367720660
 145       0.0260884623
 146       0.0252752779
 147       0.0253018947
 148       0.0223681969
 149       0.0275872834
 150       0.0391440875
 151       0.0329012282
 152       0.0723750505
 153       0.0462770439
 154       0.0729673092
 155       0.0533721509
 156       0.0438961564
 157       0.0427026743
 158       0.0531912833

 --------------------------------------------------------------------------------
                                  command: print                                 
 --------------------------------------------------------------------------------
 res.excitation_2_energy:                0.0670172319

 --------------------------------------------------------------------------------
                                  command: print                                 
 --------------------------------------------------------------------------------
 res.excitation_2_transition_dipole : [
  -0.3047564754811793,
  2.767096437225031,
  -0.11836884577785908
]

 --------------------------------------------------------------------------------
                                  command: print                                 
 --------------------------------------------------------------------------------

 res.excitation_2_transition_charges:
                      1
 1         0.0001277633
 2        -0.0114939784
 3         0.0136250464
 4         0.0094461399
 5        -0.0119714612
 6         0.0013318729
 7        -0.0181791190
 8         0.0001399212
 9         0.0000487064
 10        0.0232323109
 11        0.0026363798
 12       -0.0015379477
 13       -0.0001875896
 14       -0.0003227632
 15        0.0049149031
 16        0.0330829976
 17        0.0641740028
 18        0.0191724444
 19        0.0238884701
 20        0.0008605700
 21        0.0048599574
 22        0.0071392474
 23        0.0001622405
 24       -0.0028715208
 25        0.0150468407
 26        0.0003720103
 27       -0.0007155402
 28       -0.0306533071
 29        0.0013586735
 30       -0.0014227181
 31       -0.0004518349
 32       -0.0003503104
 33       -0.0446405759
 34       -0.0423413031
 35       -0.0175039582
 36       -0.0254511739
 37       -0.0011568279
 38       -0.0062556117
 39       -0.0089104638
 40       -0.0000194822
 41        0.0000046523
 42       -0.0001588813
 43       -0.0000130134
 44        0.0000046225
 45        0.0000071528
 46        0.0001155727
 47       -0.0008594364
 48       -0.0002550565
 49        0.0002955810
 50        0.0004140820
 51        0.0005684177
 52        0.0005606013
 53       -0.0000804089
 54       -0.0001977653
 55        0.0000168912
 56       -0.0000760517
 57        0.0000174773
 58        0.0045036563
 59        0.0042756865
 60        0.0003837901
 61       -0.0000056542
 62        0.0004069454
 63        0.0006978068
 64       -0.0024615573
 65        0.0002214897
 66        0.0002743756
 67        0.0002663678
 68       -0.0000706365
 69       -0.0001739827
 70       -0.0000038252
 71       -0.0000365265
 72       -0.0002285608
 73       -0.0024067827
 74       -0.0004385692
 75       -0.0048118096
 76        0.0000592534
 77        0.0000010940
 78       -0.0000026878
 79        0.0000001076
 80        0.0000000830
 81        0.0000008939
 82        0.0000004307
 83       -0.0000000904
 84       -0.0000000661
 85        0.0000009096
 86       -0.0000000686
 87        0.0000000246
 88        0.0000000495
 89        0.0000000102
 90        0.0000008134
 91       -0.0000000075
 92       -0.0000000015
 93       -0.0000000014
 94        0.0000000715
 95        0.0000001968
 96        0.0000002454
 97        0.0000000722
 98        0.0000000532
 99        0.0000000025
 100       0.0000000163
 101       0.0000000325
 102      -0.0000000003
 103      -0.0000001115
 104       0.0000000596
 105      -0.0000000023
 106      -0.0000000034
 107      -0.0000003470
 108       0.0000000059
 109      -0.0000000150
 110      -0.0000000032
 111       0.0000004794
 112      -0.0000002843
 113      -0.0000003490
 114      -0.0000000783
 115      -0.0000002832
 116      -0.0000000161
 117      -0.0000000253
 118      -0.0000000302
 119       0.0000000249
 120       0.0000000384
 121       0.0000000238
 122       0.0000000038
 123       0.0000000032
 124      -0.0000000006
 125       0.0000000010
 126      -0.0000000062
 127      -0.0000000045
 128       0.0000000424
 129      -0.0000002977
 130       0.0000000760
 131       0.0000000162
 132       0.0000000011
 133       0.0000000058
 134       0.0000000000
 135      -0.0000000006
 136       0.0000000007
 137       0.0000000155
 138       0.0000000144
 139       0.0000000011
 140      -0.0000000002
 141       0.0000000017
 142       0.0000000060
 143      -0.0000000319
 144      -0.0000000001
 145      -0.0000000014
 146       0.0000000011
 147      -0.0000000004
 148      -0.0000000014
 149      -0.0000000000
 150      -0.0000000003
 151      -0.0000000016
 152      -0.0000000233
 153      -0.0000000044
 154      -0.0000000423
 155       0.0000000433
 156       0.0000000006
 157       0.0000000007
 158       0.0000000001

 --------------------------------------------------------------------------------
                                  command: print                                 
 --------------------------------------------------------------------------------
 res.excitation_3_energy:                0.0668400680

 --------------------------------------------------------------------------------
                                  command: print                                 
 --------------------------------------------------------------------------------
 res.excitation_3_transition_dipole : [
  -0.21711979178099888,
  -0.5586315277405488,
  2.735033801769269
]

 --------------------------------------------------------------------------------
                                  command: print                                 
 --------------------------------------------------------------------------------

 res.excitation_3_transition_charges:
                      1
 1         0.0000024185
 2         0.0000003340
 3         0.0000002452
 4         0.0000013578
 5         0.0000007615
 6         0.0000003069
 7        -0.0000002034
 8         0.0000000048
 9         0.0000000109
 10        0.0000002155
 11        0.0000000054
 12        0.0000000295
 13        0.0000000050
 14       -0.0000000038
 15        0.0000015674
 16        0.0000001126
 17        0.0000005239
 18        0.0000000845
 19        0.0000002683
 20        0.0000000060
 21        0.0000000124
 22        0.0000000041
 23        0.0000000050
 24        0.0000015236
 25        0.0000000867
 26        0.0000000191
 27       -0.0000000047
 28       -0.0000000643
 29        0.0000000174
 30        0.0000000098
 31        0.0000001839
 32        0.0000014973
 33       -0.0000003553
 34       -0.0000001779
 35       -0.0000001332
 36       -0.0000000073
 37        0.0000000227
 38       -0.0000000723
 39       -0.0000001012
 40        0.0000000078
 41        0.0000000272
 42        0.0000000114
 43       -0.0000000013
 44        0.0000000128
 45        0.0000000014
 46        0.0000000022
 47       -0.0000000069
 48        0.0000000005
 49        0.0000000148
 50       -0.0000000002
 51       -0.0000000002
 52        0.0000000003
 53        0.0000000005
 54        0.0000000092
 55        0.0000000010
 56       -0.0000000003
 57        0.0000000006
 58        0.0000000515
 59        0.0000000272
 60        0.0000000017
 61        0.0000000014
 62        0.0000000161
 63        0.0000000003
 64       -0.0000000035
 65        0.0000000037
 66        0.0000000057
 67        0.0000000048
 68        0.0000000124
 69        0.0000000005
 70       -0.0000000502
 71       -0.0000001470
 72        0.0000000741
 73        0.0000000217
 74        0.0000000014
 75       -0.0000000177
 76        0.0000000595
 77        0.0000000027
 78        0.0000000023
 79        0.0000000165
 80        0.0002449633
 81       -0.0164114550
 82        0.0111167639
 83        0.0110917037
 84       -0.0092499167
 85       -0.0015344400
 86       -0.0182907616
 87        0.0001650135
 88       -0.0000104711
 89        0.0241036135
 90        0.0025637166
 91       -0.0015901538
 92       -0.0001890370
 93       -0.0003442457
 94        0.0054540841
 95        0.0344837225
 96        0.0612661463
 97        0.0205650547
 98        0.0239684281
 99        0.0008317975
 100       0.0051695741
 101       0.0075321312
 102       0.0001986303
 103      -0.0001208310
 104       0.0157532784
 105       0.0003940836
 106      -0.0006176184
 107      -0.0290197778
 108       0.0013319957
 109      -0.0013933691
 110      -0.0004254254
 111      -0.0010665811
 112      -0.0453807385
 113      -0.0420852016
 114      -0.0183001987
 115      -0.0234321340
 116      -0.0011823537
 117      -0.0064574804
 118      -0.0094161569
 119      -0.0000463155
 120      -0.0001093012
 121      -0.0002289682
 122      -0.0000256331
 123      -0.0000036729
 124       0.0000090212
 125       0.0001067736
 126      -0.0008714185
 127      -0.0002644780
 128       0.0002949356
 129       0.0003801495
 130       0.0005400165
 131       0.0005517714
 132      -0.0000838216
 133      -0.0002091480
 134       0.0000175996
 135      -0.0000777052
 136       0.0000199375
 137       0.0043484184
 138       0.0041973267
 139       0.0004252877
 140      -0.0000033591
 141       0.0004454262
 142       0.0006770603
 143      -0.0023880447
 144       0.0002300699
 145       0.0002991715
 146       0.0002750886
 147      -0.0000732498
 148      -0.0001704647
 149      -0.0000033273
 150      -0.0000368335
 151      -0.0002064431
 152      -0.0022918867
 153      -0.0004566464
 154      -0.0048833230
 155      -0.0001052019
 156       0.0000004916
 157      -0.0000055641
 158      -0.0000007747

 --------------------------------------------------------------------------------
                                  command: print                                 
 --------------------------------------------------------------------------------
 res.excitation_4_energy:                0.0561422156

 --------------------------------------------------------------------------------
                                  command: print                                 
 --------------------------------------------------------------------------------
 res.excitation_4_transition_dipole : [
  0.0018058571078004924,
  -0.01393517393363029,
  0.006004493446855339
]

 --------------------------------------------------------------------------------
                                  command: print                                 
 --------------------------------------------------------------------------------

 res.excitation_4_transition_charges:
                      1
 1         0.0000233409
 2        -0.0000111701
 3         0.0000143687
 4        -0.0000481005
 5         0.0000649922
 6        -0.0000057577
 7         0.0000531032
 8        -0.0000010613
 9         0.0000006935
 10       -0.0000938968
 11       -0.0000029264
 12        0.0000010609
 13       -0.0000002322
 14        0.0000007523
 15       -0.0000499827
 16       -0.0000422364
 17       -0.0001836873
 18       -0.0000337053
 19       -0.0001034255
 20       -0.0000020643
 21       -0.0000085077
 22       -0.0000118484
 23       -0.0000004121
 24        0.0000163549
 25       -0.0000252379
 26       -0.0000012135
 27        0.0000025112
 28        0.0000285545
 29       -0.0000040526
 30        0.0000039252
 31        0.0000097123
 32        0.0000080711
 33        0.0001378640
 34        0.0000922799
 35        0.0000473841
 36        0.0000057104
 37        0.0000011260
 38        0.0000171637
 39        0.0000251126
 40        0.0000001338
 41        0.0000002499
 42        0.0000001890
 43        0.0000000385
 44        0.0000000847
 45        0.0000001213
 46       -0.0000005938
 47        0.0000016572
 48        0.0000033065
 49       -0.0000034187
 50       -0.0000004652
 51       -0.0000004386
 52       -0.0000003829
 53        0.0000002966
 54       -0.0000010943
 55        0.0000001188
 56        0.0000000115
 57       -0.0000000576
 58       -0.0000123315
 59       -0.0000131969
 60       -0.0000007283
 61        0.0000000418
 62       -0.0000007998
 63        0.0000006544
 64        0.0000026626
 65       -0.0000007637
 66       -0.0000010353
 67       -0.0000007005
 68       -0.0000005896
 69       -0.0000000026
 70       -0.0000007847
 71       -0.0000010238
 72        0.0000058136
 73        0.0000037453
 74        0.0000017839
 75        0.0000082643
 76        0.0000003105
 77        0.0000000382
 78        0.0000000220
 79       -0.0000000326
 80        0.0000043683
 81        0.0002259185
 82        0.0001799387
 83       -0.0001280415
 84       -0.0001714297
 85        0.0002185160
 86       -0.0000328306
 87       -0.0000003551
 88        0.0000028011
 89        0.0000658470
 90        0.0000249867
 91       -0.0000010357
 92       -0.0000002949
 93       -0.0000002193
 94       -0.0000429828
 95        0.0000905118
 96        0.0001929484
 97        0.0000385756
 98        0.0000785096
 99        0.0000017915
 100       0.0000093000
 101       0.0000177920
 102      -0.0000001145
 103      -0.0002241183
 104       0.0000389863
 105      -0.0000003179
 106      -0.0000037605
 107      -0.0001061973
 108       0.0000012239
 109      -0.0000060225
 110      -0.0000015310
 111       0.0000452803
 112      -0.0001312808
 113      -0.0001540753
 114      -0.0000404034
 115      -0.0000906332
 116      -0.0000041757
 117      -0.0000123325
 118      -0.0000149262
 119       0.0000019721
 120       0.0000064331
 121       0.0000035638
 122       0.0000006542
 123       0.0000003819
 124      -0.0000002630
 125       0.0000002686
 126      -0.0000034987
 127      -0.0000006920
 128       0.0000003428
 129      -0.0000034481
 130       0.0000069272
 131       0.0000023564
 132       0.0000000605
 133       0.0000000090
 134       0.0000000173
 135      -0.0000001632
 136       0.0000002789
 137       0.0000104498
 138       0.0000138912
 139       0.0000006678
 140      -0.0000000983
 141       0.0000009341
 142       0.0000022687
 143      -0.0000095325
 144       0.0000002346
 145      -0.0000005186
 146       0.0000003752
 147      -0.0000003368
 148      -0.0000009332
 149      -0.0000000201
 150      -0.0000002068
 151      -0.0000008296
 152      -0.0000091718
 153      -0.0000012595
 154      -0.0000172208
 155       0.0000099837
 156       0.0000000539
 157       0.0000001197
 158       0.0000000640

 --------------------------------------------------------------------------------

 End time:                               Fri Aug 20 14:49:10 2021
 Total wall-clock time:                  1.499 seconds
==================================================================================
