
================================================================================
          _____________ ________ _______________ ________     _________         
         / ___________// ______ \\_____   _____// ______ \   / ________)        
        / /_________  / /      \ \     | |     / /      \ \ | (_______          
       |  __________|| |        | |    | |    | |        | | \________ \        
        \ \_________ | |        | |    | |     \ \______/ /___________) |       
         \__________||_|        |_|    |_|      \________//____________/        
                                                                                
====================================[ Qcore ]===================================

 Git hash:   7200a4ff984a1591d3ca912b7a1362c2a46a44da
 Git date:   Mon, 7 Jun 2021 16:06:02 +0100
 Compiler:   GNU 9.1.0
 Build type: Release
 Version:    1.4.1

 Start time: Mon Jun 14 09:47:20 2021

 Data directory: /home/of15641/.local/src/Qcore/release/share/entos/1.4.1/data
 Number of threads: 18
 Number of threads was determined by: command line argument
  - More threads can be used by running 'qcore -n 28'

 --------------------------------------------------------------------------------
                                  command: bchla                                 
 --------------------------------------------------------------------------------
 XTB basis setup:                        reference basis
 Number of basis functions:            488
 GFN version:                            gfn1
 Integral screening threshold:           1.00e-10
 Total charge:                           0.000000000
 Number of electrons:                  436.000000000
 Electronic temperature (Kelvin):        0.000000000

 D3BJ energy:                           -0.129152347
 Repulsive energy:                       3.043118857

 ****************************************************
  Running robust self-consistent charge (SCC) solver 
 ****************************************************
 Number of SCC trials:                   4
 Using the stop-early mechanism for the first 3 trials

 Conv. threshold (charge):               1.00e-05
 Conv. threshold (energy):               1.00e-06
 Initial guess:                          SAD

 -------------
  SCC Trial 1 
 -------------
 Broyden mixing factor:                  0.400000000
 Max number of iterations:             128

 ---------------------------------------------------------------
                  energy        change          grad        time
 ---------------------------------------------------------------
   0      -260.744291094                    6.83e-01        0.06
   1      -261.801773642     -1.06e+00      3.95e-01        0.05
   2      -261.766767522      3.50e-02      7.82e-02        0.05
   3      -261.774224223     -7.46e-03      2.07e-02        0.05
   4      -261.827172627     -5.29e-02      4.93e-03        0.05
   5      -261.830588447     -3.42e-03      1.39e-03        0.05
   6      -261.830793229     -2.05e-04      5.60e-04        0.05
   7      -261.830825509     -3.23e-05      1.36e-04        0.05
   8      -261.830826764     -1.25e-06      5.51e-05        0.05
   9      -261.830826953     -1.90e-07      2.87e-05        0.05
  10      -261.830827001     -4.76e-08      1.16e-05        0.05
  11      -261.830827006     -5.01e-09      3.55e-06        0.05
  12      -261.830827006     -3.27e-10      1.03e-06        0.06

 SCF converged in 11 iterations.

 Entropy contribution (-ST):             0.000000000
 Dipole moment (in Debye):              -5.477434       4.255227      -1.490224

 -----------------
  Excitation -1 2 
 -----------------
 Setting up Delta-SCF
 Ground-Excited state overlap:           0.000000000
 No correction applied to the TDM.
 Excitation energy:                      0.065257173
 Excitation energy (in eV):              1.775738139
 Transition dipole:                      0.00120       0.04008      -0.01197

 -----------------
  Excitation -1 1 
 -----------------
 Setting up Delta-SCF
 Ground-Excited state overlap:           0.000000000
 No correction applied to the TDM.
 Excitation energy:                      0.095721073
 Excitation energy (in eV):              2.604703083
 Transition dipole:                      0.46745      -4.35439       0.23205

 ----------------
  Excitation 0 1 
 ----------------
 Setting up Delta-SCF
 Ground-Excited state overlap:          -0.000000000
 No correction applied to the TDM.
 Excitation energy:                      0.055215383
 Excitation energy (in eV):              1.502487111
 Transition dipole:                     -0.00057       0.03194      -0.02294

 ----------------
  Excitation 0 2 
 ----------------
 Setting up Delta-SCF
 Ground-Excited state overlap:          -0.000000000
 No correction applied to the TDM.
 Excitation energy:                      0.095802223
 Excitation energy (in eV):              2.606911290
 Transition dipole:                      0.00153       2.15109      -3.81549

 --------------------------------------------------------------------------------

 End time:                               Mon Jun 14 09:47:22 2021
 Total wall-clock time:                  1.515 seconds
==================================================================================
