
================================================================================
          _____________ ________ _______________ ________     _________         
         / ___________// ______ \\_____   _____// ______ \   / ________)        
        / /_________  / /      \ \     | |     / /      \ \ | (_______          
       |  __________|| |        | |    | |    | |        | | \________ \        
        \ \_________ | |        | |    | |     \ \______/ /___________) |       
         \__________||_|        |_|    |_|      \________//____________/        
                                                                                
====================================[ Qcore ]===================================

 Git hash:   4f46786782e696c626e0064ff3d1a47267e124c4
 Git date:   Wed, 30 Jun 2021 10:19:53 +0100
 Compiler:   AppleClang 10.0.1.10010046
 Build type: Release
 Version:    1.4.1

 Start time: Mon Jul  5 14:48:52 2021

 Data directory: /Users/of15641/qcore/cmake-build-release/share/entos/1.4.1/data
 Number of threads: 2
 Number of threads was determined by: number of physical cores

 --------------------------------------------------------------------------------
                                   command: xtb                                  
 --------------------------------------------------------------------------------
 XTB basis setup:                        reference basis
 Number of basis functions:            488
 GFN version:                            chlorophyll
 Integral screening threshold:           1.00e-10
 Total charge:                           0.000000000
 Number of electrons:                  436.000000000
 Electronic temperature (Kelvin):        0.000000000

 D3BJ energy:                           -0.125314888
 Repulsive energy:                       3.040136351

 ****************************************************
  Running robust self-consistent charge (SCC) solver 
 ****************************************************
 Number of SCC trials:                   4
 Using the stop-early mechanism for the first 3 trials

 Conv. threshold (charge):               1.00e-05
 Conv. threshold (energy):               1.00e-06
 Initial guess:                          eeq

 -------------
  SCC Trial 1 
 -------------
 Broyden mixing factor:                  0.400000000
 Max number of iterations:             128

 ---------------------------------------------------------------
                  energy        change          grad        time
 ---------------------------------------------------------------
   0      -260.589366332                    6.60e-01        0.04
   1      -261.773723851     -1.18e+00      3.88e-01        0.04
   2      -261.791917051     -1.82e-02      1.03e-01        0.03
   3      -261.814892065     -2.30e-02      1.03e-02        0.03
   4      -261.816110645     -1.22e-03      5.30e-03        0.03
   5      -261.819786373     -3.68e-03      1.34e-03        0.03
   6      -261.820001162     -2.15e-04      3.71e-04        0.03
   7      -261.820012685     -1.15e-05      1.55e-04        0.03
   8      -261.820014333     -1.65e-06      4.39e-05        0.04
   9      -261.820014364     -3.13e-08      1.59e-05        0.05
  10      -261.820014366     -2.18e-09      5.98e-06        0.03
  11      -261.820014367     -1.14e-09      3.26e-06        0.03

 SCF converged in 10 iterations.

 Entropy contribution (-ST):             0.000000000
 Dipole moment (in Debye):              -5.148130      -0.425138      -0.443241

 ----------------
  Excitation 0 1 
 ----------------
 Setting up Delta-SCF
 Ground-Excited state overlap:           0.000000000
 No correction applied to the TDM.
 Excitation energy:                      0.058706683
 Excitation energy (in eV):              1.597490229
 Transition dipole:                      0.00003       0.00484      -0.00175

 -----------------
  Excitation -1 1 
 -----------------
 Setting up Delta-SCF
 Ground-Excited state overlap:           0.000000000
 No correction applied to the TDM.
 Excitation energy:                      0.096447711
 Excitation energy (in eV):              2.624475920
 Transition dipole:                      0.46932      -4.35003       0.22983

 ----------------
  Excitation 0 2 
 ----------------
 Setting up Delta-SCF
 Ground-Excited state overlap:           0.000000000
 No correction applied to the TDM.
 Excitation energy:                      0.095959690
 Excitation energy (in eV):              2.611196200
 Transition dipole:                      0.28316      -4.36623       0.37112

 -----------------
  Excitation -1 2 
 -----------------
 Setting up Delta-SCF
 Ground-Excited state overlap:          -0.000000000
 No correction applied to the TDM.
 Excitation energy:                      0.062723532
 Excitation energy (in eV):              1.706794254
 Transition dipole:                      0.00073      -0.00495      -0.00064
 TOTAL ENERGY:                        -261.820014367
 Saving results in set 'res'

 --------------------------------------------------------------------------------
                                  command: print                                 
 --------------------------------------------------------------------------------
 res.energy:                          -261.8200143672

 --------------------------------------------------------------------------------
                                  command: print                                 
 --------------------------------------------------------------------------------

 res.dipole:
                      1
 1        -2.0254299834
 2        -0.1672620625
 3        -0.1743843188

 --------------------------------------------------------------------------------
                                  command: print                                 
 --------------------------------------------------------------------------------

 res.atomic_charges:
                      1
 1         0.3742275616
 2        -0.0563263772
 3        -0.1087224984
 4        -0.0932673716
 5        -0.0766357900
 6        -0.2370545579
 7         0.1298526430
 8        -0.0290767768
 9        -0.0284167164
 10        0.1181654608
 11       -0.0892032927
 12       -0.0577249304
 13       -0.0777528509
 14        0.0131559633
 15       -0.2949254131
 16        0.1402790169
 17       -0.0387354804
 18       -0.1141726345
 19        0.1616880086
 20       -0.0834188615
 21        0.3357698023
 22       -0.4212257631
 23       -0.1298988999
 24       -0.2504030217
 25        0.1497239977
 26       -0.0210369638
 27       -0.0355322703
 28        0.1160249457
 29       -0.0922397662
 30       -0.0526302371
 31       -0.0934722557
 32       -0.3013454777
 33        0.1032388134
 34        0.0041115488
 35       -0.1125080965
 36        0.1480442919
 37       -0.0866026840
 38        0.3448325468
 39       -0.3963123582
 40       -0.1067426881
 41        0.5194934118
 42       -0.4689746418
 43       -0.2894762814
 44        0.1051551080
 45        0.0515151251
 46        0.0514806366
 47        0.0395182227
 48        0.0426080043
 49        0.0453815686
 50        0.0435453010
 51        0.0361960454
 52        0.0360195863
 53        0.0401945413
 54        0.0594710514
 55        0.0256467178
 56        0.0204982883
 57        0.0358041639
 58        0.0382833001
 59        0.0478201421
 60        0.0593118980
 61        0.0593781913
 62        0.0499479903
 63        0.0482346339
 64        0.0379036479
 65        0.0410415079
 66        0.0328018471
 67        0.0303597431
 68        0.0355078838
 69        0.0321988514
 70        0.0296686440
 71        0.0358891385
 72        0.0399396152
 73        0.0625880868
 74        0.0380525960
 75        0.0630684389
 76        0.0597371115
 77        0.0327177552
 78        0.0305145442
 79        0.0472259189
 80        0.3739106181
 81       -0.0586884407
 82       -0.1051531222
 83       -0.0915680437
 84       -0.0754859186
 85       -0.2347398183
 86        0.1310980781
 87       -0.0310471372
 88       -0.0292707771
 89        0.1146575984
 90       -0.0895846133
 91       -0.0574405296
 92       -0.0769471212
 93        0.0117248359
 94       -0.2927729151
 95        0.1411502403
 96       -0.0386428633
 97       -0.1165907784
 98        0.1624289994
 99       -0.0832196222
 100       0.3352667780
 101      -0.4230374719
 102      -0.1289865493
 103      -0.2518299099
 104       0.1466394175
 105      -0.0215578182
 106      -0.0355248953
 107       0.1191857665
 108      -0.0910795874
 109      -0.0530444713
 110      -0.0928114760
 111      -0.3034079295
 112       0.1008702491
 113       0.0037072861
 114      -0.1120667459
 115       0.1477813285
 116      -0.0862880058
 117       0.3460675390
 118      -0.3985995753
 119      -0.1076484778
 120       0.5203224556
 121      -0.4649037819
 122      -0.2904667929
 123       0.1060859347
 124       0.0508658075
 125       0.0540450713
 126       0.0395714979
 127       0.0444700476
 128       0.0458367900
 129       0.0447803827
 130       0.0378726832
 131       0.0346591469
 132       0.0398848470
 133       0.0613720541
 134       0.0256170931
 135       0.0200045275
 136       0.0345770241
 137       0.0364734090
 138       0.0464693967
 139       0.0612730278
 140       0.0591885287
 141       0.0500799205
 142       0.0494722287
 143       0.0358711089
 144       0.0384547802
 145       0.0348009688
 146       0.0308236527
 147       0.0340899894
 148       0.0329027010
 149       0.0298751101
 150       0.0369010313
 151       0.0387852740
 152       0.0636599726
 153       0.0385770736
 154       0.0627188419
 155       0.0596632834
 156       0.0314689203
 157       0.0274159241
 158       0.0489870453

 --------------------------------------------------------------------------------
                                  command: print                                 
 --------------------------------------------------------------------------------
 res.excitation_1_energy:                0.0587066831

 --------------------------------------------------------------------------------
                                  command: print                                 
 --------------------------------------------------------------------------------
 res.excitation_1_transition_dipole : [
  2.699324301958353e-05,
  0.0048375079133973625,
  -0.0017527531953157919
]

 --------------------------------------------------------------------------------
                                  command: print                                 
 --------------------------------------------------------------------------------

 res.excitation_1_transition_charges:
                      1
 1        -0.0000019175
 2        -0.0000663804
 3        -0.0000227831
 4         0.0000510358
 5         0.0000155943
 6        -0.0000812538
 7        -0.0000304087
 8         0.0000000562
 9        -0.0000003560
 10        0.0000325114
 11        0.0000031748
 12       -0.0000032164
 13       -0.0000002600
 14       -0.0000005057
 15        0.0000321703
 16        0.0000438869
 17        0.0000835120
 18        0.0000262708
 19        0.0000368287
 20        0.0000011335
 21        0.0000048302
 22        0.0000082379
 23        0.0000002816
 24        0.0000784001
 25        0.0000224174
 26        0.0000010646
 27       -0.0000005211
 28       -0.0000402917
 29        0.0000027866
 30       -0.0000027470
 31        0.0000002998
 32       -0.0000148932
 33       -0.0000581079
 34       -0.0000506001
 35       -0.0000241850
 36       -0.0000348115
 37       -0.0000014673
 38       -0.0000066106
 39       -0.0000120590
 40       -0.0000003978
 41       -0.0000024033
 42       -0.0000014319
 43       -0.0000002802
 44       -0.0000001506
 45        0.0000000415
 46        0.0000000665
 47       -0.0000009959
 48       -0.0000008761
 49        0.0000010221
 50        0.0000002876
 51        0.0000005786
 52        0.0000005692
 53       -0.0000001313
 54       -0.0000005064
 55       -0.0000000836
 56       -0.0000000677
 57       -0.0000000381
 58        0.0000110238
 59        0.0000089889
 60        0.0000006107
 61        0.0000000029
 62        0.0000006441
 63        0.0000017692
 64       -0.0000040664
 65        0.0000002654
 66        0.0000006819
 67        0.0000003459
 68       -0.0000001743
 69       -0.0000002947
 70       -0.0000000154
 71        0.0000000310
 72       -0.0000001501
 73       -0.0000050911
 74       -0.0000008281
 75       -0.0000103587
 76       -0.0000031693
 77       -0.0000000210
 78       -0.0000000594
 79       -0.0000000580
 80       -0.0000015354
 81        0.0000074554
 82       -0.0000020547
 83       -0.0000040897
 84        0.0000016102
 85        0.0000031472
 86        0.0000062599
 87        0.0000000926
 88        0.0000002025
 89       -0.0000055020
 90       -0.0000017958
 91        0.0000009675
 92        0.0000000559
 93        0.0000001607
 94       -0.0000011617
 95       -0.0000117150
 96       -0.0000156341
 97       -0.0000065678
 98       -0.0000056379
 99       -0.0000001797
 100      -0.0000011215
 101      -0.0000022691
 102      -0.0000000719
 103      -0.0000010488
 104      -0.0000054635
 105      -0.0000001034
 106       0.0000001263
 107       0.0000108223
 108      -0.0000003785
 109       0.0000006924
 110       0.0000000053
 111       0.0000016235
 112       0.0000138282
 113       0.0000122411
 114       0.0000060839
 115       0.0000088223
 116       0.0000004027
 117       0.0000015181
 118       0.0000028526
 119       0.0000000570
 120       0.0000002099
 121       0.0000001669
 122       0.0000000314
 123       0.0000000133
 124       0.0000000033
 125      -0.0000000222
 126       0.0000002926
 127       0.0000002768
 128       0.0000000126
 129      -0.0000001612
 130      -0.0000008787
 131      -0.0000003976
 132       0.0000000095
 133       0.0000001087
 134       0.0000000324
 135       0.0000000185
 136      -0.0000000010
 137      -0.0000019938
 138      -0.0000015875
 139      -0.0000001665
 140       0.0000000005
 141      -0.0000001824
 142      -0.0000004351
 143       0.0000011917
 144      -0.0000000181
 145       0.0000000172
 146      -0.0000000187
 147       0.0000000343
 148       0.0000000752
 149       0.0000000043
 150       0.0000000294
 151       0.0000000744
 152       0.0000012117
 153       0.0000001877
 154       0.0000025374
 155       0.0000002156
 156       0.0000000014
 157       0.0000000070
 158       0.0000000050

 --------------------------------------------------------------------------------
                                  command: print                                 
 --------------------------------------------------------------------------------
 res.excitation_1_excited_dipole : [
  22.570694023620717,
  1.8508005978688953,
  1.4665229474253305
]

 --------------------------------------------------------------------------------
                                  command: print                                 
 --------------------------------------------------------------------------------

 res.excitation_1_excited_atomic_charges:
                      1
 1         0.3737215686
 2        -0.1139169442
 3        -0.1533329338
 4        -0.1442086096
 5        -0.1113403644
 6        -0.3413190978
 7         0.1162502549
 8        -0.0293061997
 9        -0.0291515436
 10        0.1022337623
 11       -0.0916391560
 12       -0.0592916634
 13       -0.0780663153
 14        0.0128038441
 15       -0.3051721540
 16        0.1070151260
 17       -0.1386632852
 18       -0.1628745075
 19        0.1407041673
 20       -0.0838474210
 21        0.3186274025
 22       -0.4434973443
 23       -0.1303716432
 24       -0.3606903505
 25        0.1406826642
 26       -0.0220285025
 27       -0.0360539924
 28        0.0894091546
 29       -0.0933657940
 30       -0.0544787699
 31       -0.0937676995
 32       -0.3044820069
 33        0.0541132256
 34       -0.0602213829
 35       -0.1488956262
 36        0.1234266023
 37       -0.0873901357
 38        0.3306523129
 39       -0.4159497016
 40       -0.1068647864
 41        0.5180546991
 42       -0.4697607641
 43       -0.2896466402
 44        0.1050881220
 45        0.0514392735
 46        0.0514698801
 47        0.0388532354
 48        0.0421995071
 49        0.0448423391
 50        0.0430564133
 51        0.0349940752
 52        0.0354379894
 53        0.0399269404
 54        0.0590700769
 55        0.0256127567
 56        0.0204540527
 57        0.0357483022
 58        0.0276865761
 59        0.0381773165
 60        0.0572168442
 61        0.0593746856
 62        0.0479069944
 63        0.0474911612
 64        0.0355074457
 65        0.0409062369
 66        0.0323135890
 67        0.0301567124
 68        0.0354238663
 69        0.0318230270
 70        0.0296308423
 71        0.0358267376
 72        0.0393012985
 73        0.0569501395
 74        0.0372482698
 75        0.0521911672
 76        0.0581901260
 77        0.0327106563
 78        0.0304770173
 79        0.0471970636
 80        0.3758087679
 81       -0.0434819217
 82       -0.1022788000
 83       -0.0805611843
 84       -0.0726468667
 85       -0.2294823282
 86        0.2039093114
 87       -0.0293854350
 88       -0.0272997652
 89        0.1983432257
 90       -0.0812542840
 91       -0.0509516403
 92       -0.0767106420
 93        0.0125484401
 94       -0.2755707012
 95        0.2234347922
 96        0.0425373780
 97       -0.0939342264
 98        0.2397978615
 99       -0.0804968589
 100       0.3373251945
 101      -0.4171122529
 102      -0.1287022211
 103      -0.2511042587
 104       0.2190493161
 105      -0.0199961703
 106      -0.0332740209
 107       0.1965965768
 108      -0.0835803998
 109      -0.0467755875
 110      -0.0920130070
 111      -0.2988339285
 112       0.1981237353
 113       0.0530927547
 114      -0.0881084926
 115       0.2027676715
 116      -0.0833407006
 117       0.3499971152
 118      -0.3886217494
 119      -0.1073705221
 120       0.5206481499
 121      -0.4644226787
 122      -0.2903951398
 123       0.1061097583
 124       0.0509210362
 125       0.0548421968
 126       0.0422122910
 127       0.0473948436
 128       0.0486590712
 129       0.0450882004
 130       0.0389671615
 131       0.0358351879
 132       0.0400573529
 133       0.0618094168
 134       0.0260651631
 135       0.0201548477
 136       0.0345967554
 137       0.0488748910
 138       0.0560391094
 139       0.0616153985
 140       0.0591900123
 141       0.0504722327
 142       0.0564125668
 143       0.0471686920
 144       0.0389359117
 145       0.0355852169
 146       0.0317243016
 147       0.0343046483
 148       0.0332381847
 149       0.0299489726
 150       0.0371963833
 151       0.0394513368
 152       0.0689739999
 153       0.0394607009
 154       0.0745650033
 155       0.0599540801
 156       0.0314704498
 157       0.0274317369
 158       0.0489981949

 --------------------------------------------------------------------------------
                                  command: print                                 
 --------------------------------------------------------------------------------
 res.excitation_2_energy:                0.0964477111

 --------------------------------------------------------------------------------
                                  command: print                                 
 --------------------------------------------------------------------------------
 res.excitation_2_transition_dipole : [
  0.46932261420682553,
  -4.350025381331081,
  0.22982733472428135
]

 --------------------------------------------------------------------------------
                                  command: print                                 
 --------------------------------------------------------------------------------

 res.excitation_2_transition_charges:
                      1
 1         0.0000074105
 2         0.0201774500
 3        -0.0176701791
 4        -0.0160570762
 5         0.0148242451
 6         0.0011158591
 7         0.0304022492
 8        -0.0001417998
 9        -0.0001629254
 10       -0.0366291989
 11       -0.0045190982
 12        0.0029315638
 13        0.0002047884
 14        0.0005102384
 15       -0.0107041839
 16       -0.0507881768
 17       -0.0926921510
 18       -0.0304543438
 19       -0.0407351777
 20       -0.0012163775
 21       -0.0054319543
 22       -0.0106413723
 23       -0.0002746932
 24        0.0050474630
 25       -0.0247343467
 26       -0.0003590265
 27        0.0009938235
 28        0.0476991129
 29       -0.0028341317
 30        0.0034946104
 31        0.0004871717
 32        0.0012494586
 33        0.0695637199
 34        0.0580094315
 35        0.0289410271
 36        0.0390411928
 37        0.0016172547
 38        0.0073245234
 39        0.0135680496
 40        0.0000792611
 41        0.0002243588
 42        0.0003807629
 43        0.0000549226
 44        0.0000124351
 45       -0.0000169521
 46       -0.0000888044
 47        0.0013796005
 48        0.0010474034
 49       -0.0011628473
 50       -0.0004157928
 51       -0.0011864095
 52       -0.0008335657
 53        0.0000628851
 54        0.0003086912
 55        0.0000833468
 56        0.0000611644
 57       -0.0000159026
 58       -0.0116456748
 59       -0.0099617514
 60       -0.0007733223
 61        0.0000046764
 62       -0.0008114942
 63       -0.0020052309
 64        0.0053235993
 65       -0.0002441463
 66       -0.0004990247
 67       -0.0002869921
 68        0.0001389314
 69        0.0003839540
 70        0.0000563683
 71        0.0001166459
 72        0.0006940553
 73        0.0058317810
 74        0.0008372278
 75        0.0115838758
 76        0.0000988668
 77       -0.0000009821
 78        0.0000136709
 79        0.0000059874
 80       -0.0000000039
 81       -0.0000000018
 82       -0.0000000064
 83        0.0000000003
 84        0.0000000051
 85       -0.0000000111
 86        0.0000000054
 87        0.0000000001
 88        0.0000000000
 89       -0.0000000052
 90       -0.0000000036
 91        0.0000000007
 92        0.0000000000
 93        0.0000000001
 94       -0.0000000005
 95       -0.0000000113
 96       -0.0000000148
 97       -0.0000000062
 98       -0.0000000054
 99       -0.0000000002
 100      -0.0000000010
 101      -0.0000000022
 102      -0.0000000001
 103       0.0000000073
 104      -0.0000000051
 105      -0.0000000000
 106       0.0000000002
 107       0.0000000109
 108      -0.0000000004
 109       0.0000000007
 110       0.0000000000
 111      -0.0000000039
 112       0.0000000137
 113       0.0000000121
 114       0.0000000059
 115       0.0000000087
 116       0.0000000004
 117       0.0000000014
 118       0.0000000026
 119      -0.0000000001
 120      -0.0000000003
 121      -0.0000000001
 122      -0.0000000000
 123      -0.0000000000
 124       0.0000000000
 125      -0.0000000000
 126       0.0000000003
 127       0.0000000002
 128      -0.0000000000
 129      -0.0000000004
 130      -0.0000000017
 131      -0.0000000006
 132      -0.0000000000
 133       0.0000000001
 134       0.0000000000
 135       0.0000000000
 136      -0.0000000000
 137      -0.0000000018
 138      -0.0000000015
 139      -0.0000000002
 140       0.0000000000
 141      -0.0000000002
 142      -0.0000000004
 143       0.0000000013
 144      -0.0000000000
 145       0.0000000000
 146      -0.0000000000
 147       0.0000000000
 148       0.0000000001
 149       0.0000000000
 150       0.0000000000
 151       0.0000000001
 152       0.0000000012
 153       0.0000000002
 154       0.0000000025
 155      -0.0000000005
 156      -0.0000000000
 157      -0.0000000000
 158      -0.0000000000

 --------------------------------------------------------------------------------
                                  command: print                                 
 --------------------------------------------------------------------------------
 res.excitation_3_energy:                0.0959596904

 --------------------------------------------------------------------------------
                                  command: print                                 
 --------------------------------------------------------------------------------
 res.excitation_3_transition_dipole : [
  0.28316060967296214,
  -4.366226250242994,
  0.3711151953321156
]

 --------------------------------------------------------------------------------
                                  command: print                                 
 --------------------------------------------------------------------------------

 res.excitation_3_transition_charges:
                      1
 1         0.0000000125
 2        -0.0000000082
 3        -0.0000000029
 4         0.0000000138
 5         0.0000000042
 6        -0.0000000075
 7        -0.0000000069
 8         0.0000000001
 9         0.0000000000
 10        0.0000000102
 11        0.0000000006
 12       -0.0000000004
 13       -0.0000000000
 14       -0.0000000001
 15        0.0000000214
 16        0.0000000068
 17        0.0000000195
 18        0.0000000054
 19        0.0000000114
 20        0.0000000003
 21        0.0000000010
 22        0.0000000016
 23        0.0000000000
 24        0.0000000261
 25        0.0000000027
 26        0.0000000004
 27       -0.0000000002
 28       -0.0000000052
 29        0.0000000007
 30       -0.0000000005
 31        0.0000000007
 32        0.0000000085
 33       -0.0000000136
 34       -0.0000000093
 35       -0.0000000053
 36       -0.0000000039
 37       -0.0000000002
 38       -0.0000000015
 39       -0.0000000027
 40        0.0000000000
 41       -0.0000000001
 42       -0.0000000001
 43       -0.0000000000
 44        0.0000000000
 45        0.0000000000
 46        0.0000000000
 47       -0.0000000002
 48       -0.0000000003
 49        0.0000000005
 50        0.0000000001
 51        0.0000000001
 52        0.0000000001
 53       -0.0000000000
 54       -0.0000000000
 55       -0.0000000000
 56       -0.0000000000
 57       -0.0000000000
 58        0.0000000026
 59        0.0000000023
 60        0.0000000001
 61        0.0000000000
 62        0.0000000001
 63        0.0000000002
 64       -0.0000000008
 65        0.0000000001
 66        0.0000000002
 67        0.0000000001
 68        0.0000000000
 69       -0.0000000000
 70        0.0000000000
 71        0.0000000002
 72       -0.0000000000
 73       -0.0000000008
 74       -0.0000000002
 75       -0.0000000018
 76       -0.0000000000
 77        0.0000000000
 78       -0.0000000000
 79       -0.0000000000
 80        0.0002273298
 81       -0.0307646880
 82        0.0105934267
 83        0.0222829735
 84       -0.0091703818
 85       -0.0124394144
 86       -0.0309230169
 87        0.0001570148
 88        0.0000188751
 89        0.0367575188
 90        0.0043054075
 91       -0.0030657364
 92       -0.0002115960
 93       -0.0005547337
 94        0.0136613560
 95        0.0526221787
 96        0.0876937286
 97        0.0330489061
 98        0.0398003389
 99        0.0011348275
 100       0.0057702393
 101       0.0113043685
 102       0.0003344307
 103       0.0071907907
 104       0.0259203821
 105       0.0004947691
 106      -0.0008689363
 107      -0.0442819510
 108       0.0027733271
 109      -0.0033845440
 110      -0.0004565924
 111      -0.0034646227
 112      -0.0693407383
 113      -0.0571155718
 114      -0.0300156526
 115      -0.0356671628
 116      -0.0016081687
 117      -0.0075688581
 118      -0.0142826956
 119      -0.0001448075
 120      -0.0007464556
 121      -0.0006362153
 122      -0.0001232532
 123      -0.0000434451
 124       0.0000209459
 125       0.0000825959
 126      -0.0013906977
 127      -0.0010590182
 128       0.0010949872
 129       0.0003699900
 130       0.0011342458
 131       0.0008276782
 132      -0.0000686831
 133      -0.0003394844
 134      -0.0000870774
 135      -0.0000635954
 136       0.0000063457
 137       0.0112204245
 138       0.0094133685
 139       0.0008293116
 140      -0.0000023210
 141       0.0009110351
 142       0.0019599950
 143      -0.0051734272
 144       0.0002536901
 145       0.0005267152
 146       0.0003050337
 147      -0.0001357021
 148      -0.0003507326
 149      -0.0000500176
 150      -0.0001164960
 151      -0.0006242079
 152      -0.0054313514
 153      -0.0008604823
 154      -0.0116297092
 155      -0.0007357870
 156      -0.0000040441
 157      -0.0000270592
 158      -0.0000195020

 --------------------------------------------------------------------------------
                                  command: print                                 
 --------------------------------------------------------------------------------
 res.excitation_4_energy:                0.0627235319

 --------------------------------------------------------------------------------
                                  command: print                                 
 --------------------------------------------------------------------------------
 res.excitation_4_transition_dipole : [
  0.0007332382284312949,
  -0.004945731223114448,
  -0.0006413706115299283
]

 --------------------------------------------------------------------------------
                                  command: print                                 
 --------------------------------------------------------------------------------

 res.excitation_4_transition_charges:
                      1
 1         0.0000023035
 2         0.0000025042
 3        -0.0000025138
 4        -0.0000042768
 5         0.0000039007
 6         0.0000007593
 7         0.0000068825
 8        -0.0000001113
 9        -0.0000001158
 10       -0.0000113906
 11       -0.0000006482
 12        0.0000004241
 13        0.0000000196
 14        0.0000000810
 15       -0.0000056848
 16       -0.0000078694
 17       -0.0000216794
 18       -0.0000061725
 19       -0.0000126324
 20       -0.0000003055
 21       -0.0000011220
 22       -0.0000020458
 23       -0.0000000429
 24        0.0000017055
 25       -0.0000029441
 26       -0.0000001738
 27        0.0000002785
 28        0.0000061140
 29       -0.0000007190
 30        0.0000007042
 31        0.0000006602
 32       -0.0000002694
 33        0.0000162353
 34        0.0000106144
 35        0.0000063562
 36        0.0000043373
 37        0.0000002137
 38        0.0000016160
 39        0.0000030323
 40       -0.0000000091
 41        0.0000000144
 42        0.0000000427
 43        0.0000000069
 44       -0.0000000001
 45        0.0000000080
 46        0.0000000005
 47        0.0000002820
 48        0.0000003361
 49       -0.0000004696
 50       -0.0000000973
 51       -0.0000000907
 52       -0.0000000924
 53        0.0000000193
 54        0.0000000067
 55        0.0000000141
 56        0.0000000065
 57       -0.0000000005
 58       -0.0000027020
 59       -0.0000025006
 60       -0.0000001488
 61        0.0000000002
 62       -0.0000001553
 63       -0.0000002018
 64        0.0000010275
 65       -0.0000000677
 66       -0.0000001681
 67       -0.0000000849
 68       -0.0000000089
 69        0.0000000550
 70        0.0000000723
 71        0.0000000454
 72        0.0000004997
 73        0.0000009717
 74        0.0000001541
 75        0.0000020317
 76       -0.0000000005
 77        0.0000000001
 78        0.0000000013
 79        0.0000000007
 80        0.0000008695
 81        0.0000073157
 82        0.0000322284
 83       -0.0000019067
 84       -0.0000288797
 85        0.0000421929
 86       -0.0000266100
 87        0.0000001497
 88        0.0000003606
 89        0.0000348708
 90        0.0000057424
 91       -0.0000023361
 92       -0.0000001626
 93       -0.0000004390
 94       -0.0000012781
 95        0.0000505729
 96        0.0000831468
 97        0.0000312713
 98        0.0000381760
 99        0.0000010414
 100       0.0000053635
 101       0.0000111911
 102       0.0000002471
 103      -0.0000478168
 104       0.0000242305
 105       0.0000000918
 106      -0.0000011111
 107      -0.0000446924
 108       0.0000023247
 109      -0.0000036074
 110      -0.0000005560
 111       0.0000073610
 112      -0.0000685699
 113      -0.0000563847
 114      -0.0000290911
 115      -0.0000351054
 116      -0.0000015250
 117      -0.0000069620
 118      -0.0000132493
 119       0.0000001663
 120       0.0000011487
 121       0.0000003160
 122       0.0000001001
 123       0.0000000670
 124      -0.0000000093
 125       0.0000000872
 126      -0.0000015252
 127      -0.0000009236
 128       0.0000009466
 129       0.0000005608
 130       0.0000022969
 131       0.0000010052
 132      -0.0000000225
 133      -0.0000002235
 134      -0.0000000711
 135      -0.0000000538
 136       0.0000000345
 137       0.0000102143
 138       0.0000089740
 139       0.0000008008
 140      -0.0000000107
 141       0.0000008482
 142       0.0000019647
 143      -0.0000054916
 144       0.0000001644
 145       0.0000000922
 146       0.0000002755
 147      -0.0000001280
 148      -0.0000004024
 149      -0.0000000569
 150      -0.0000001294
 151      -0.0000006938
 152      -0.0000054144
 153      -0.0000007593
 154      -0.0000112657
 155       0.0000017703
 156       0.0000000151
 157       0.0000000161
 158       0.0000000277

 --------------------------------------------------------------------------------

 End time:                               Mon Jul  5 14:48:53 2021
 Total wall-clock time:                  1.610 seconds
==================================================================================
