
================================================================================
          _____________ ________ _______________ ________     _________         
         / ___________// ______ \\_____   _____// ______ \   / ________)        
        / /_________  / /      \ \     | |     / /      \ \ | (_______          
       |  __________|| |        | |    | |    | |        | | \________ \        
        \ \_________ | |        | |    | |     \ \______/ /___________) |       
         \__________||_|        |_|    |_|      \________//____________/        
                                                                                
====================================[ Qcore ]===================================

 Git hash:   4f46786782e696c626e0064ff3d1a47267e124c4
 Git date:   Wed, 30 Jun 2021 10:19:53 +0100
 Compiler:   AppleClang 10.0.1.10010046
 Build type: Release
 Version:    1.4.1

 Start time: Mon Jul  5 14:40:40 2021

 Data directory: /Users/of15641/qcore/cmake-build-release/share/entos/1.4.1/data
 Number of threads: 2
 Number of threads was determined by: number of physical cores

 --------------------------------------------------------------------------------
                                   command: xtb                                  
 --------------------------------------------------------------------------------
 XTB basis setup:                        reference basis
 Number of basis functions:            488
 GFN version:                            chlorophyll
 Integral screening threshold:           1.00e-10
 Total charge:                           0.000000000
 Number of electrons:                  436.000000000
 Electronic temperature (Kelvin):        0.000000000

 D3BJ energy:                           -0.129172944
 Repulsive energy:                       3.040142319

 ****************************************************
  Running robust self-consistent charge (SCC) solver 
 ****************************************************
 Number of SCC trials:                   4
 Using the stop-early mechanism for the first 3 trials

 Conv. threshold (charge):               1.00e-05
 Conv. threshold (energy):               1.00e-06
 Initial guess:                          eeq

 -------------
  SCC Trial 1 
 -------------
 Broyden mixing factor:                  0.400000000
 Max number of iterations:             128

 ---------------------------------------------------------------
                  energy        change          grad        time
 ---------------------------------------------------------------
   0      -260.592599490                    6.61e-01        0.08
   1      -261.778361229     -1.19e+00      3.88e-01        0.07
   2      -261.794955514     -1.66e-02      1.04e-01        0.07
   3      -261.817382213     -2.24e-02      1.11e-02        0.08
   4      -261.818321449     -9.39e-04      6.79e-03        0.07
   5      -261.825361343     -7.04e-03      1.46e-03        0.07
   6      -261.825617372     -2.56e-04      4.89e-04        0.05
   7      -261.825642742     -2.54e-05      1.67e-04        0.06
   8      -261.825644484     -1.74e-06      5.27e-05        0.07
   9      -261.825644532     -4.80e-08      2.70e-05        0.05
  10      -261.825644584     -5.17e-08      1.09e-05        0.07
  11      -261.825644592     -8.38e-09      3.11e-06        0.09
  12      -261.825644592     -1.96e-10      9.88e-07        0.07

 SCF converged in 11 iterations.

 Entropy contribution (-ST):             0.000000000
 Dipole moment (in Debye):              -5.435300       4.384375      -1.250778

 ----------------
  Excitation 0 1 
 ----------------
 Setting up Delta-SCF
 Ground-Excited state overlap:          -0.000000000
 No correction applied to the TDM.
 Excitation energy:                      0.055599399
 Excitation energy (in eV):              1.512936711
 Transition dipole:                     -0.00095       0.04675      -0.03006

 -----------------
  Excitation -1 1 
 -----------------
 Setting up Delta-SCF
 Ground-Excited state overlap:           0.000000000
 No correction applied to the TDM.
 Excitation energy:                      0.095723240
 Excitation energy (in eV):              2.604762067
 Transition dipole:                      0.46736      -4.35389       0.23264

 ----------------
  Excitation 0 2 
 ----------------
 Setting up Delta-SCF
 Ground-Excited state overlap:          -0.000000000
 No correction applied to the TDM.
 Excitation energy:                      0.095336801
 Excitation energy (in eV):              2.594246523
 Transition dipole:                      0.01583       2.14621      -3.82734

 -----------------
  Excitation -1 2 
 -----------------
 Setting up Delta-SCF
 Ground-Excited state overlap:           0.000000000
 No correction applied to the TDM.
 Excitation energy:                      0.064537247
 Excitation energy (in eV):              1.756147953
 Transition dipole:                      0.00171       0.04808      -0.02712
 TOTAL ENERGY:                        -261.825644592
 Saving results in set 'res'

 --------------------------------------------------------------------------------
                                  command: print                                 
 --------------------------------------------------------------------------------
 res.energy:                          -261.8256445924

 --------------------------------------------------------------------------------
                                  command: print                                 
 --------------------------------------------------------------------------------

 res.dipole:
                      1
 1        -2.1384114810
 2         1.7249459847
 3        -0.4920940684

 --------------------------------------------------------------------------------
                                  command: print                                 
 --------------------------------------------------------------------------------

 res.atomic_charges:
                      1
 1         0.3726845586
 2        -0.0561139556
 3        -0.1093416707
 4        -0.0933010733
 5        -0.0764518582
 6        -0.2370565480
 7         0.1300720841
 8        -0.0292018582
 9        -0.0283508133
 10        0.1180504936
 11       -0.0891985951
 12       -0.0574322348
 13       -0.0786552025
 14        0.0163822955
 15       -0.2952690578
 16        0.1396384124
 17       -0.0402534527
 18       -0.1151635700
 19        0.1614057682
 20       -0.0832593031
 21        0.3351872664
 22       -0.4212464012
 23       -0.1296068670
 24       -0.2499898817
 25        0.1499572055
 26       -0.0211245358
 27       -0.0354936293
 28        0.1165680370
 29       -0.0922406543
 30       -0.0527965099
 31       -0.0933284462
 32       -0.3010859998
 33        0.1034637926
 34        0.0040935827
 35       -0.1126448601
 36        0.1481097823
 37       -0.0866535673
 38        0.3446790317
 39       -0.3963349832
 40       -0.1068376338
 41        0.5195744402
 42       -0.4697997723
 43       -0.2893666962
 44        0.1049607259
 45        0.0513924063
 46        0.0513662314
 47        0.0397323653
 48        0.0429921765
 49        0.0452723743
 50        0.0437304161
 51        0.0361298255
 52        0.0361699023
 53        0.0390419911
 54        0.0595670664
 55        0.0255872468
 56        0.0202775947
 57        0.0359828614
 58        0.0385071319
 59        0.0454944625
 60        0.0599316362
 61        0.0585289382
 62        0.0475078183
 63        0.0486716544
 64        0.0380502776
 65        0.0412188740
 66        0.0325694062
 67        0.0305947546
 68        0.0364403077
 69        0.0321785620
 70        0.0309427904
 71        0.0368928016
 72        0.0391430503
 73        0.0622015157
 74        0.0382421145
 75        0.0635583808
 76        0.0601105983
 77        0.0328832128
 78        0.0316547968
 79        0.0475448835
 80        0.3730332762
 81       -0.0586354744
 82       -0.1053272111
 83       -0.0921513807
 84       -0.0738132840
 85       -0.2344185179
 86        0.1308513490
 87       -0.0309191521
 88       -0.0293686745
 89        0.1139189707
 90       -0.0886718314
 91       -0.0575042481
 92       -0.0767295181
 93        0.0115617939
 94       -0.2925629095
 95        0.1407068333
 96       -0.0391362438
 97       -0.1174444287
 98        0.1618129894
 99       -0.0831354473
 100       0.3349683304
 101      -0.4243465864
 102      -0.1290400492
 103      -0.2509961750
 104       0.1459257908
 105      -0.0214753161
 106      -0.0356882652
 107       0.1197925877
 108      -0.0901917563
 109      -0.0531282553
 110      -0.0927564105
 111      -0.3029140670
 112       0.1028263132
 113       0.0072760278
 114      -0.1112395360
 115       0.1484992118
 116      -0.0876705350
 117       0.3465324998
 118      -0.3990657564
 119      -0.1077270012
 120       0.5200945804
 121      -0.4649273571
 122      -0.2911037370
 123       0.1061225364
 124       0.0504174927
 125       0.0527952317
 126       0.0416663145
 127       0.0434094794
 128       0.0452184796
 129       0.0443200917
 130       0.0394525509
 131       0.0319306926
 132       0.0400923584
 133       0.0616820137
 134       0.0247177792
 135       0.0197093869
 136       0.0344915645
 137       0.0368313424
 138       0.0458642375
 139       0.0612194639
 140       0.0585110463
 141       0.0501824734
 142       0.0491683161
 143       0.0376810318
 144       0.0369108648
 145       0.0318598908
 146       0.0310667558
 147       0.0337243887
 148       0.0340356138
 149       0.0293766370
 150       0.0369261814
 151       0.0386925055
 152       0.0624581306
 153       0.0396563795
 154       0.0708784688
 155       0.0589372341
 156       0.0308406276
 157       0.0269493715
 158       0.0491533661

 --------------------------------------------------------------------------------
                                  command: print                                 
 --------------------------------------------------------------------------------
 res.excitation_1_energy:                0.0555993986

 --------------------------------------------------------------------------------
                                  command: print                                 
 --------------------------------------------------------------------------------
 res.excitation_1_transition_dipole : [
  -0.0009549348695880081,
  0.04675361785117848,
  -0.030058503890042155
]

 --------------------------------------------------------------------------------
                                  command: print                                 
 --------------------------------------------------------------------------------

 res.excitation_1_transition_charges:
                      1
 1        -0.0000438293
 2        -0.0011224801
 3        -0.0005236801
 4         0.0009014851
 5         0.0003904891
 6        -0.0016190482
 7        -0.0003607329
 8         0.0000037434
 9        -0.0000108183
 10        0.0003960980
 11        0.0000339781
 12       -0.0000458616
 13       -0.0000034384
 14       -0.0000046652
 15        0.0005034790
 16        0.0004875728
 17        0.0009707877
 18        0.0003652000
 19        0.0004775044
 20        0.0000160766
 21        0.0000823026
 22        0.0001143697
 23       -0.0000021604
 24        0.0016476526
 25        0.0002624874
 26        0.0000125026
 27       -0.0000065677
 28       -0.0004669397
 29        0.0000356204
 30       -0.0000316128
 31        0.0000065957
 32       -0.0002955720
 33       -0.0006109665
 34       -0.0005886056
 35       -0.0002598103
 36       -0.0004375194
 37       -0.0000186974
 38       -0.0000732777
 39       -0.0001252386
 40       -0.0000065687
 41       -0.0000440340
 42       -0.0000238206
 43       -0.0000042711
 44       -0.0000030876
 45        0.0000008630
 46        0.0000006534
 47       -0.0000094019
 48       -0.0000104646
 49        0.0000127823
 50        0.0000023375
 51        0.0000036276
 52        0.0000060520
 53       -0.0000030150
 54       -0.0000099364
 55       -0.0000005091
 56       -0.0000006824
 57       -0.0000009611
 58        0.0001326285
 59        0.0001193281
 60        0.0000081482
 61       -0.0000001623
 62       -0.0000001311
 63        0.0000240168
 64       -0.0000547778
 65        0.0000034237
 66        0.0000095182
 67        0.0000036776
 68       -0.0000019111
 69       -0.0000056423
 70       -0.0000017631
 71       -0.0000129161
 72       -0.0000058187
 73       -0.0000603456
 74       -0.0000106723
 75       -0.0001259612
 76       -0.0000586508
 77       -0.0000004928
 78       -0.0000008722
 79       -0.0000005219
 80       -0.0000333438
 81        0.0000294501
 82       -0.0000057505
 83       -0.0000101488
 84       -0.0000024521
 85        0.0000007398
 86        0.0000029704
 87        0.0000019129
 88        0.0000021093
 89        0.0000291566
 90       -0.0000125809
 91        0.0000038680
 92        0.0000001821
 93        0.0000007752
 94        0.0000328397
 95       -0.0000589258
 96       -0.0000243521
 97       -0.0000182740
 98        0.0000262043
 99        0.0000009625
 100      -0.0000029084
 101      -0.0000082295
 102      -0.0000003852
 103       0.0000073732
 104      -0.0000462002
 105      -0.0000006523
 106      -0.0000043273
 107       0.0000512983
 108       0.0000075214
 109      -0.0000007508
 110      -0.0000016472
 111       0.0000266482
 112      -0.0000018005
 113       0.0000224116
 114       0.0000046562
 115       0.0000353429
 116       0.0000019008
 117       0.0000010745
 118       0.0000017680
 119       0.0000004557
 120       0.0000012277
 121       0.0000008892
 122       0.0000001677
 123       0.0000000860
 124       0.0000001607
 125      -0.0000003416
 126       0.0000004288
 127      -0.0000010098
 128       0.0000020724
 129      -0.0000006671
 130      -0.0000095245
 131      -0.0000070171
 132      -0.0000000049
 133       0.0000005557
 134       0.0000002210
 135       0.0000000965
 136      -0.0000000139
 137      -0.0000017819
 138       0.0000000464
 139      -0.0000005936
 140      -0.0000000044
 141      -0.0000006023
 142      -0.0000014343
 143       0.0000016878
 144       0.0000027051
 145       0.0000144516
 146       0.0000030332
 147      -0.0000001474
 148       0.0000002481
 149      -0.0000000861
 150      -0.0000001419
 151      -0.0000006080
 152       0.0000030853
 153       0.0000004656
 154       0.0000059368
 155       0.0000013566
 156       0.0000000096
 157       0.0000000350
 158       0.0000000316

 --------------------------------------------------------------------------------
                                  command: print                                 
 --------------------------------------------------------------------------------
 res.excitation_1_excited_dipole : [
  12.41956305725737,
  3.528962762282326,
  0.7158867345534823
]

 --------------------------------------------------------------------------------
                                  command: print                                 
 --------------------------------------------------------------------------------

 res.excitation_1_excited_atomic_charges:
                      1
 1         0.3721910962
 2        -0.1137052194
 3        -0.1540791080
 4        -0.1443264722
 5        -0.1112613870
 6        -0.3410645269
 7         0.1162279887
 8        -0.0294282486
 9        -0.0290820739
 10        0.1026662055
 11       -0.0915665919
 12       -0.0590133923
 13       -0.0789633267
 14        0.0160345043
 15       -0.3055124643
 16        0.1071110360
 17       -0.1404081963
 18       -0.1638961716
 19        0.1411169791
 20       -0.0836579767
 21        0.3175908120
 22       -0.4438881954
 23       -0.1300711359
 24       -0.3599761006
 25        0.1412882649
 26       -0.0221157446
 27       -0.0360257287
 28        0.0896629441
 29       -0.0933225931
 30       -0.0546603104
 31       -0.0936214370
 32       -0.3041854067
 33        0.0540818712
 34       -0.0604792200
 35       -0.1491325509
 36        0.1233002291
 37       -0.0874500394
 38        0.3304879156
 39       -0.4160147514
 40       -0.1069613851
 41        0.5181404250
 42       -0.4705862544
 43       -0.2895368708
 44        0.1048938836
 45        0.0513157435
 46        0.0513559581
 47        0.0390583077
 48        0.0425785219
 49        0.0447486301
 50        0.0432521865
 51        0.0349522542
 52        0.0356052169
 53        0.0387787614
 54        0.0591684955
 55        0.0255525656
 56        0.0202337178
 57        0.0359259650
 58        0.0279349779
 59        0.0358719607
 60        0.0577946560
 61        0.0585251347
 62        0.0454296708
 63        0.0479570166
 64        0.0356247865
 65        0.0410897341
 66        0.0320939226
 67        0.0303947854
 68        0.0363572860
 69        0.0318068898
 70        0.0309055705
 71        0.0368348985
 72        0.0385143125
 73        0.0565404669
 74        0.0374340044
 75        0.0526308419
 76        0.0585640067
 77        0.0328761645
 78        0.0316172022
 79        0.0475160172
 80        0.3748909407
 81       -0.0450996951
 82       -0.1021547786
 83       -0.0811916663
 84       -0.0709569580
 85       -0.2296068995
 86        0.2029533256
 87       -0.0293147916
 88       -0.0274599101
 89        0.1979476454
 90       -0.0803613636
 91       -0.0511458832
 92       -0.0764981108
 93        0.0123677256
 94       -0.2755893119
 95        0.2233320029
 96        0.0431297087
 97       -0.0946316468
 98        0.2397337777
 99       -0.0803974029
 100       0.3370830555
 101      -0.4183532548
 102      -0.1287545134
 103      -0.2502106976
 104       0.2185636817
 105      -0.0199554635
 106      -0.0334145837
 107       0.1975313774
 108      -0.0826832641
 109      -0.0468579130
 110      -0.0919581631
 111      -0.2985491639
 112       0.2003694917
 113       0.0566874423
 114      -0.0885329123
 115       0.2040331000
 116      -0.0843952581
 117       0.3502604231
 118      -0.3895980489
 119      -0.1074732904
 120       0.5203618932
 121      -0.4645073400
 122      -0.2910421106
 123       0.1061422690
 124       0.0504733098
 125       0.0535880094
 126       0.0443416972
 127       0.0462638767
 128       0.0480067205
 129       0.0446337206
 130       0.0405811554
 131       0.0331125124
 132       0.0402576300
 133       0.0621123557
 134       0.0251482377
 135       0.0198554955
 136       0.0345110455
 137       0.0493628783
 138       0.0555481937
 139       0.0615687130
 140       0.0585125405
 141       0.0505809845
 142       0.0560951584
 143       0.0490043514
 144       0.0374020968
 145       0.0326686260
 146       0.0319770728
 147       0.0339389543
 148       0.0343705143
 149       0.0294503892
 150       0.0372223656
 151       0.0393602911
 152       0.0678922791
 153       0.0405622975
 154       0.0831353092
 155       0.0591585036
 156       0.0308416750
 157       0.0269632032
 158       0.0491624656

 --------------------------------------------------------------------------------
                                  command: print                                 
 --------------------------------------------------------------------------------
 res.excitation_2_energy:                0.0957232404

 --------------------------------------------------------------------------------
                                  command: print                                 
 --------------------------------------------------------------------------------
 res.excitation_2_transition_dipole : [
  0.46735692749622726,
  -4.35388687031301,
  0.23263768505416832
]

 --------------------------------------------------------------------------------
                                  command: print                                 
 --------------------------------------------------------------------------------

 res.excitation_2_transition_charges:
                      1
 1         0.0000070638
 2         0.0200054284
 3        -0.0179841186
 4        -0.0165239073
 5         0.0148193741
 6         0.0006734809
 7         0.0306283603
 8        -0.0001324504
 9        -0.0001613781
 10       -0.0359895286
 11       -0.0044609262
 12        0.0029466484
 13        0.0002011901
 14        0.0005087908
 15       -0.0107400316
 16       -0.0501728091
 17       -0.0931135880
 18       -0.0308234024
 19       -0.0400046564
 20       -0.0011668047
 21       -0.0056438613
 22       -0.0108990478
 23       -0.0002718398
 24        0.0044748221
 25       -0.0242287802
 26       -0.0003660121
 27        0.0010159875
 28        0.0479014893
 29       -0.0027839669
 30        0.0035153057
 31        0.0004864110
 32        0.0012322889
 33        0.0695943900
 34        0.0579871460
 35        0.0288994384
 36        0.0391239086
 37        0.0016248813
 38        0.0073010870
 39        0.0135407925
 40        0.0000795069
 41        0.0002181450
 42        0.0003776108
 43        0.0000543799
 44        0.0000121664
 45       -0.0000172051
 46       -0.0000853539
 47        0.0013887247
 48        0.0010567054
 49       -0.0011445385
 50       -0.0004124010
 51       -0.0011740657
 52       -0.0008224519
 53        0.0000631804
 54        0.0003053924
 55        0.0000873588
 56        0.0000616302
 57       -0.0000163732
 58       -0.0116255529
 59       -0.0099395541
 60       -0.0007954224
 61        0.0000047839
 62       -0.0008306268
 63       -0.0019688500
 64        0.0053782615
 65       -0.0002378336
 66       -0.0004889736
 67       -0.0002816980
 68        0.0001368083
 69        0.0003784724
 70        0.0000553525
 71        0.0001185507
 72        0.0006824462
 73        0.0058304498
 74        0.0008379776
 75        0.0115913447
 76        0.0000914899
 77       -0.0000010422
 78        0.0000136329
 79        0.0000059049
 80       -0.0000011313
 81       -0.0000007325
 82       -0.0000005064
 83        0.0000001817
 84       -0.0000001753
 85       -0.0000021171
 86        0.0000000213
 87        0.0000000010
 88        0.0000000216
 89        0.0000003300
 90       -0.0000007338
 91        0.0000000266
 92        0.0000000014
 93        0.0000000055
 94       -0.0000009803
 95       -0.0000007288
 96       -0.0000003094
 97       -0.0000002305
 98        0.0000003318
 99        0.0000000114
 100      -0.0000000335
 101      -0.0000001148
 102      -0.0000000062
 103      -0.0000012902
 104      -0.0000005617
 105       0.0000000073
 106      -0.0000000919
 107       0.0000007159
 108       0.0000000252
 109      -0.0000000123
 110      -0.0000000253
 111      -0.0000018848
 112      -0.0000000243
 113       0.0000003046
 114       0.0000000401
 115       0.0000004756
 116       0.0000000211
 117       0.0000000117
 118       0.0000000192
 119      -0.0000000403
 120      -0.0000000890
 121      -0.0000000428
 122      -0.0000000093
 123      -0.0000000062
 124      -0.0000000005
 125      -0.0000000022
 126       0.0000000061
 127      -0.0000000091
 128       0.0000000047
 129      -0.0000000069
 130      -0.0000003463
 131      -0.0000002336
 132      -0.0000000018
 133       0.0000000020
 134       0.0000000015
 135       0.0000000007
 136       0.0000000013
 137      -0.0000000199
 138       0.0000000007
 139      -0.0000000080
 140      -0.0000000007
 141      -0.0000000069
 142      -0.0000000257
 143       0.0000000182
 144       0.0000000677
 145       0.0000003433
 146       0.0000000482
 147      -0.0000000026
 148       0.0000000048
 149      -0.0000000013
 150      -0.0000000027
 151      -0.0000000097
 152       0.0000000435
 153       0.0000000049
 154       0.0000000857
 155      -0.0000001351
 156      -0.0000000015
 157      -0.0000000013
 158      -0.0000000021

 --------------------------------------------------------------------------------
                                  command: print                                 
 --------------------------------------------------------------------------------
 res.excitation_3_energy:                0.0953368013

 --------------------------------------------------------------------------------
                                  command: print                                 
 --------------------------------------------------------------------------------
 res.excitation_3_transition_dipole : [
  0.015834786373110876,
  2.146205898755621,
  -3.827343156890973
]

 --------------------------------------------------------------------------------
                                  command: print                                 
 --------------------------------------------------------------------------------

 res.excitation_3_transition_charges:
                      1
 1         0.0000132280
 2         0.0000023969
 3         0.0000006565
 4         0.0000021895
 5         0.0000010564
 6         0.0000058418
 7        -0.0000007928
 8         0.0000000141
 9         0.0000000107
 10        0.0000013037
 11        0.0000000069
 12        0.0000001868
 13        0.0000000198
 14       -0.0000000123
 15        0.0000094815
 16       -0.0000006109
 17        0.0000009972
 18        0.0000001259
 19        0.0000021622
 20        0.0000002864
 21        0.0000000818
 22        0.0000000516
 23        0.0000001182
 24        0.0000073372
 25       -0.0000002875
 26        0.0000000066
 27        0.0000000808
 28        0.0000007078
 29        0.0000001070
 30        0.0000000040
 31        0.0000007400
 32        0.0000071602
 33       -0.0000007805
 34       -0.0000000069
 35       -0.0000001617
 36        0.0000008504
 37        0.0000000345
 38       -0.0000000730
 39       -0.0000001357
 40        0.0000000466
 41        0.0000002155
 42        0.0000000423
 43        0.0000000091
 44        0.0000000052
 45       -0.0000000011
 46       -0.0000000056
 47       -0.0000000130
 48       -0.0000000258
 49        0.0000000942
 50        0.0000000008
 51       -0.0000000128
 52       -0.0000000059
 53        0.0000000486
 54        0.0000000143
 55       -0.0000000059
 56       -0.0000000023
 57        0.0000000023
 58        0.0000001930
 59        0.0000006788
 60        0.0000000004
 61        0.0000000117
 62        0.0000002808
 63        0.0000000286
 64        0.0000001840
 65        0.0000000141
 66        0.0000000471
 67        0.0000000078
 68       -0.0000000077
 69        0.0000000428
 70        0.0000000706
 71        0.0000022258
 72        0.0000000178
 73        0.0000000352
 74       -0.0000000027
 75        0.0000000207
 76        0.0000003148
 77        0.0000000034
 78        0.0000000009
 79       -0.0000000997
 80        0.0002278113
 81       -0.0288584664
 82        0.0110988671
 83        0.0222188114
 84       -0.0091783451
 85       -0.0105501506
 86       -0.0313862035
 87        0.0001564892
 88        0.0000060885
 89        0.0362103288
 90        0.0042698673
 91       -0.0031044797
 92       -0.0002176372
 93       -0.0005670017
 94        0.0136120153
 95        0.0522686624
 96        0.0879977944
 97        0.0330386514
 98        0.0392317877
 99        0.0011275970
 100       0.0058881721
 101       0.0113888810
 102       0.0003324865
 103       0.0075666830
 104       0.0251728620
 105       0.0004809975
 106      -0.0008889954
 107      -0.0453953165
 108       0.0027028218
 109      -0.0034603281
 110      -0.0004657016
 111      -0.0033541716
 112      -0.0704381640
 113      -0.0573093953
 114      -0.0290411246
 115      -0.0365038106
 116      -0.0018304615
 117      -0.0073227454
 118      -0.0138237409
 119      -0.0001330000
 120      -0.0006743801
 121      -0.0005938918
 122      -0.0001140854
 123      -0.0000393237
 124       0.0000205265
 125       0.0000784254
 126      -0.0014271213
 127      -0.0010670836
 128       0.0010706799
 129       0.0003754616
 130       0.0011590158
 131       0.0008305433
 132      -0.0000657225
 133      -0.0003460339
 134      -0.0000854920
 135      -0.0000640069
 136       0.0000069399
 137       0.0112379451
 138       0.0094328230
 139       0.0008416079
 140      -0.0000024535
 141       0.0009225303
 142       0.0018930789
 143      -0.0053021116
 144       0.0002510505
 145       0.0005317222
 146       0.0002930874
 147      -0.0001396336
 148      -0.0003559385
 149      -0.0000515032
 150      -0.0001189938
 151      -0.0006361832
 152      -0.0055443385
 153      -0.0008816104
 154      -0.0119798462
 155      -0.0006368857
 156      -0.0000033244
 157      -0.0000252571
 158      -0.0000175100

 --------------------------------------------------------------------------------
                                  command: print                                 
 --------------------------------------------------------------------------------
 res.excitation_4_energy:                0.0645372469

 --------------------------------------------------------------------------------
                                  command: print                                 
 --------------------------------------------------------------------------------
 res.excitation_4_transition_dipole : [
  0.0017072195741761255,
  0.048078339297202906,
  -0.02712229828164636
]

 --------------------------------------------------------------------------------
                                  command: print                                 
 --------------------------------------------------------------------------------

 res.excitation_4_transition_charges:
                      1
 1         0.0000526144
 2        -0.0000429042
 3         0.0000198220
 4        -0.0000354004
 5         0.0000378419
 6        -0.0000229798
 7         0.0000681026
 8        -0.0000005190
 9         0.0000009074
 10       -0.0001172428
 11        0.0000046093
 12        0.0000001407
 13       -0.0000007030
 14        0.0000012542
 15       -0.0000715167
 16        0.0000681432
 17       -0.0000868550
 18       -0.0000083380
 19       -0.0001796026
 20       -0.0000108922
 21       -0.0000059832
 22       -0.0000043244
 23        0.0000020620
 24        0.0000124299
 25        0.0000270424
 26       -0.0000013535
 27        0.0000014827
 28       -0.0000718909
 29       -0.0000058181
 30       -0.0000005517
 31       -0.0000049995
 32       -0.0000287661
 33        0.0000919680
 34        0.0000005906
 35        0.0000223510
 36       -0.0000765257
 37       -0.0000026246
 38        0.0000072247
 39        0.0000147022
 40       -0.0000002667
 41       -0.0000008410
 42       -0.0000007003
 43       -0.0000000522
 44       -0.0000000574
 45        0.0000000449
 46        0.0000006816
 47        0.0000018462
 48        0.0000027051
 49       -0.0000067046
 50       -0.0000001841
 51        0.0000038866
 52        0.0000008612
 53        0.0000014431
 54       -0.0000005450
 55        0.0000010253
 56        0.0000002078
 57        0.0000003616
 58       -0.0000169964
 59       -0.0000162438
 60       -0.0000000687
 61       -0.0000003190
 62        0.0000024780
 63       -0.0000018827
 64       -0.0000177007
 65       -0.0000009604
 66       -0.0000025701
 67       -0.0000007653
 68        0.0000006428
 69       -0.0000006827
 70       -0.0000003405
 71       -0.0000031805
 72        0.0000001562
 73       -0.0000033992
 74        0.0000001743
 75       -0.0000016794
 76       -0.0000005161
 77        0.0000000161
 78       -0.0000000437
 79       -0.0000001782
 80        0.0000102855
 81        0.0007167261
 82        0.0007800623
 83       -0.0004013706
 84       -0.0006982587
 85        0.0014587110
 86       -0.0002964752
 87        0.0000020800
 88        0.0000107004
 89        0.0004314406
 90        0.0001062483
 91       -0.0000210255
 92       -0.0000018204
 93       -0.0000040642
 94       -0.0002708177
 95        0.0006501319
 96        0.0010891431
 97        0.0003944780
 98        0.0005020586
 99        0.0000124192
 100       0.0000683049
 101       0.0001525872
 102       0.0000010813
 103      -0.0014919913
 104       0.0002984015
 105      -0.0000042847
 106      -0.0000208939
 107      -0.0006324483
 108       0.0000257709
 109      -0.0000547164
 110      -0.0000073532
 111       0.0002675220
 112      -0.0009440933
 113      -0.0007899638
 114      -0.0003558510
 115      -0.0004894679
 116      -0.0000209282
 117      -0.0000788482
 118      -0.0001541756
 119       0.0000081007
 120       0.0000470816
 121       0.0000208779
 122       0.0000052011
 123       0.0000027928
 124      -0.0000007195
 125       0.0000010418
 126      -0.0000241865
 127      -0.0000101472
 128       0.0000085811
 129       0.0000057180
 130       0.0000470838
 131       0.0000217173
 132       0.0000006813
 133      -0.0000013534
 134      -0.0000005871
 135      -0.0000005891
 136       0.0000011095
 137       0.0001223869
 138       0.0001201483
 139       0.0000107183
 140      -0.0000003607
 141       0.0000104605
 142       0.0000278087
 143      -0.0000848154
 144       0.0000012915
 145       0.0000166593
 146       0.0000030699
 147      -0.0000017928
 148      -0.0000067254
 149      -0.0000009085
 150      -0.0000022763
 151      -0.0000102251
 152      -0.0000780315
 153      -0.0000090292
 154      -0.0001525966
 155       0.0000667315
 156       0.0000005211
 157       0.0000009402
 158       0.0000011659

 --------------------------------------------------------------------------------

 End time:                               Mon Jul  5 14:40:43 2021
 Total wall-clock time:                  2.891 seconds
==================================================================================
