
================================================================================
          _____________ ________ _______________ ________     _________         
         / ___________// ______ \\_____   _____// ______ \   / ________)        
        / /_________  / /      \ \     | |     / /      \ \ | (_______          
       |  __________|| |        | |    | |    | |        | | \________ \        
        \ \_________ | |        | |    | |     \ \______/ /___________) |       
         \__________||_|        |_|    |_|      \________//____________/        
                                                                                
====================================[ Qcore ]===================================

 Git hash:   4f46786782e696c626e0064ff3d1a47267e124c4
 Git date:   Wed, 30 Jun 2021 10:19:53 +0100
 Compiler:   AppleClang 10.0.1.10010046
 Build type: Release
 Version:    1.4.1

 Start time: Tue Jul  6 09:37:25 2021

 Data directory: /Users/of15641/qcore/cmake-build-release/share/entos/1.4.1/data
 Number of threads: 2
 Number of threads was determined by: number of physical cores

 --------------------------------------------------------------------------------
                                   command: xtb                                  
 --------------------------------------------------------------------------------
 XTB basis setup:                        reference basis
 Number of basis functions:            244
 GFN version:                            chlorophyll
 Integral screening threshold:           1.00e-10
 Total charge:                           0.000000000
 Number of electrons:                  218.000000000
 Electronic temperature (Kelvin):        0.000000000

 D3BJ energy:                           -0.062562633
 Repulsive energy:                       1.518571866

 ****************************************************
  Running robust self-consistent charge (SCC) solver 
 ****************************************************
 Number of SCC trials:                   4
 Using the stop-early mechanism for the first 3 trials

 Conv. threshold (charge):               1.00e-05
 Conv. threshold (energy):               1.00e-06
 Initial guess:                          eeq

 -------------
  SCC Trial 1 
 -------------
 Broyden mixing factor:                  0.400000000
 Max number of iterations:             128

 ---------------------------------------------------------------
                  energy        change          grad        time
 ---------------------------------------------------------------
   0      -130.292179470                    6.60e-01        0.01
   1      -130.884265749     -5.92e-01      3.88e-01        0.01
   2      -130.893050269     -8.78e-03      1.03e-01        0.00
   3      -130.904347857     -1.13e-02      1.05e-02        0.01
   4      -130.904885624     -5.38e-04      5.83e-03        0.01
   5      -130.907232638     -2.35e-03      1.35e-03        0.00
   6      -130.907340441     -1.08e-04      3.93e-04        0.01
   7      -130.907347378     -6.94e-06      1.59e-04        0.00
   8      -130.907348244     -8.66e-07      4.52e-05        0.01
   9      -130.907348261     -1.69e-08      1.63e-05        0.01
  10      -130.907348262     -1.42e-09      4.99e-06        0.00
  11      -130.907348262     -1.68e-10      1.76e-06        0.01

 SCF converged in 10 iterations.

 Entropy contribution (-ST):             0.000000000
 Dipole moment (in Debye):              -2.867543       2.429213       1.352454

 ----------------
  Excitation 0 1 
 ----------------
 Setting up Delta-SCF
 Ground-Excited state overlap:          -0.000000000
 No correction applied to the TDM.
 Excitation energy:                      0.094811628
 Excitation energy (in eV):              2.579955820
 Transition dipole:                      0.51524      -4.32102      -0.58928

 -----------------
  Excitation -1 1 
 -----------------
 Setting up Delta-SCF
 Ground-Excited state overlap:           0.000000000
 No correction applied to the TDM.
 Excitation energy:                      0.101903468
 Excitation energy (in eV):              2.772934620
 Transition dipole:                      0.25254       0.27371      -2.60480

 ----------------
  Excitation 0 2 
 ----------------
 Setting up Delta-SCF
 Ground-Excited state overlap:           0.000000000
 No correction applied to the TDM.
 Excitation energy:                      0.149331464
 Excitation energy (in eV):              4.063516132
 Transition dipole:                      0.09533       0.29499      -1.91861

 -----------------
  Excitation -1 2 
 -----------------
 Setting up Delta-SCF
 Ground-Excited state overlap:           0.000000000
 No correction applied to the TDM.
 Excitation energy:                      0.162783668
 Excitation energy (in eV):              4.429569275
 Transition dipole:                     -0.18039       1.75734       0.28808
 TOTAL ENERGY:                        -130.907348262
 Saving results in set 'res'

 --------------------------------------------------------------------------------
                                  command: print                                 
 --------------------------------------------------------------------------------
 res.energy:                          -130.9073482623

 --------------------------------------------------------------------------------
                                  command: print                                 
 --------------------------------------------------------------------------------

 res.dipole:
                      1
 1        -1.1281781156
 2         0.9557259378
 3         0.5320965048

 --------------------------------------------------------------------------------
                                  command: print                                 
 --------------------------------------------------------------------------------

 res.atomic_charges:
                      1
 1         0.3739083957
 2        -0.0585617595
 3        -0.1052936338
 4        -0.0918984631
 5        -0.0754680356
 6        -0.2347876033
 7         0.1311600370
 8        -0.0310263607
 9        -0.0293012919
 10        0.1146186389
 11       -0.0895446101
 12       -0.0574331951
 13       -0.0770428110
 14        0.0120151771
 15       -0.2927762862
 16        0.1409343486
 17       -0.0390501416
 18       -0.1169480487
 19        0.1621808794
 20       -0.0831268528
 21        0.3351435864
 22       -0.4233081870
 23       -0.1290214122
 24       -0.2520882901
 25        0.1464346798
 26       -0.0216307940
 27       -0.0354966125
 28        0.1192986266
 29       -0.0909135985
 30       -0.0530864532
 31       -0.0928299097
 32       -0.3034559411
 33        0.1010581789
 34        0.0040108070
 35       -0.1119384694
 36        0.1478666379
 37       -0.0863948568
 38        0.3461429770
 39       -0.3982409840
 40       -0.1076549000
 41        0.5203695787
 42       -0.4647552866
 43       -0.2905214118
 44        0.1060469358
 45        0.0507569255
 46        0.0537436264
 47        0.0399274859
 48        0.0445114541
 49        0.0460324576
 50        0.0446854346
 51        0.0374136699
 52        0.0349402236
 53        0.0399249774
 54        0.0614559874
 55        0.0256560328
 56        0.0201033139
 57        0.0346420668
 58        0.0358415467
 59        0.0466778929
 60        0.0608358557
 61        0.0591635682
 62        0.0504346509
 63        0.0496716517
 64        0.0359897793
 65        0.0383997625
 66        0.0337240181
 67        0.0308876629
 68        0.0342593667
 69        0.0332398087
 70        0.0298526124
 71        0.0371901498
 72        0.0387552076
 73        0.0640050101
 74        0.0388416761
 75        0.0630895893
 76        0.0595837209
 77        0.0315830155
 78        0.0274564436
 79        0.0491300700

 --------------------------------------------------------------------------------
                                  command: print                                 
 --------------------------------------------------------------------------------
 res.excitation_1_energy:                0.0948116276

 --------------------------------------------------------------------------------
                                  command: print                                 
 --------------------------------------------------------------------------------
 res.excitation_1_transition_dipole : [
  0.515235018116667,
  -4.321024281912086,
  -0.5892819788202015
]

 --------------------------------------------------------------------------------
                                  command: print                                 
 --------------------------------------------------------------------------------

 res.excitation_1_transition_charges:
                      1
 1        -0.0002234720
 2         0.0305949031
 3        -0.0107717093
 4        -0.0223147557
 5         0.0091005074
 6         0.0121313136
 7         0.0310829808
 8        -0.0001539136
 9        -0.0000187207
 10       -0.0365778318
 11       -0.0042913283
 12        0.0030785455
 13        0.0002110687
 14        0.0005557086
 15       -0.0136105110
 16       -0.0524614212
 17       -0.0878261692
 18       -0.0331080913
 19       -0.0396524828
 20       -0.0011252068
 21       -0.0058173422
 22       -0.0113531675
 23       -0.0003344350
 24       -0.0074135982
 25       -0.0257308118
 26       -0.0004933361
 27        0.0008730269
 28        0.0444653935
 29       -0.0027557358
 30        0.0033976635
 31        0.0004580420
 32        0.0034696636
 33        0.0695261188
 34        0.0570416451
 35        0.0299251483
 36        0.0357759940
 37        0.0016291011
 38        0.0075173465
 39        0.0142280577
 40        0.0001454289
 41        0.0007422547
 42        0.0006354737
 43        0.0001229207
 44        0.0000433301
 45       -0.0000208616
 46       -0.0000812617
 47        0.0013957590
 48        0.0010654178
 49       -0.0010904140
 50       -0.0003701237
 51       -0.0011348360
 52       -0.0008254909
 53        0.0000689451
 54        0.0003385524
 55        0.0000885497
 56        0.0000639809
 57       -0.0000065605
 58       -0.0112149379
 59       -0.0094232269
 60       -0.0008343362
 61        0.0000023211
 62       -0.0009164731
 63       -0.0019444001
 64        0.0051972834
 65       -0.0002528211
 66       -0.0005289185
 67       -0.0003024504
 68        0.0001357416
 69        0.0003499681
 70        0.0000501024
 71        0.0001171778
 72        0.0006236090
 73        0.0054396163
 74        0.0008614839
 75        0.0116494367
 76        0.0007310733
 77        0.0000040290
 78        0.0000269941
 79        0.0000194745

 --------------------------------------------------------------------------------
                                  command: print                                 
 --------------------------------------------------------------------------------
 res.excitation_1_excited_dipole : [
  -1.3484727777985022,
  1.1227463153619972,
  0.7332243459955876
]

 --------------------------------------------------------------------------------
                                  command: print                                 
 --------------------------------------------------------------------------------

 res.excitation_1_excited_atomic_charges:
                      1
 1         0.3753145676
 2        -0.1064615393
 3        -0.1438443969
 4        -0.1302364367
 5        -0.1065323068
 6        -0.3345675867
 7         0.1903568629
 8        -0.0295860350
 9        -0.0280516371
 10        0.1822255308
 11       -0.0835335866
 12       -0.0525582261
 13       -0.0771218594
 14        0.0124624977
 15       -0.2865041990
 16        0.1896816891
 17       -0.0524173029
 18       -0.1428629712
 19        0.2191632017
 20       -0.0807968540
 21        0.3202548614
 22       -0.4394253343
 23       -0.1292250527
 24       -0.3616009127
 25        0.2095449466
 26       -0.0210208023
 27       -0.0337149503
 28        0.1708199132
 29       -0.0844885385
 30       -0.0486828060
 31       -0.0923032484
 32       -0.3030760583
 33        0.1484259837
 34       -0.0128025169
 35       -0.1259619080
 36        0.1795783882
 37       -0.0842689439
 38        0.3355252930
 39       -0.4087667664
 40       -0.1075182355
 41        0.5189663426
 42       -0.4651655911
 43       -0.2906609810
 44        0.1059867508
 45        0.0507631911
 46        0.0545268552
 47        0.0418348321
 48        0.0470290113
 49        0.0483383319
 50        0.0445114994
 51        0.0373383006
 52        0.0355391774
 53        0.0398265579
 54        0.0614676152
 55        0.0260715585
 56        0.0202089862
 57        0.0346041775
 58        0.0381466378
 59        0.0470545386
 60        0.0591185698
 61        0.0591593025
 62        0.0487186721
 63        0.0558964392
 64        0.0448544718
 65        0.0387478262
 66        0.0340364799
 67        0.0315858193
 68        0.0343858583
 69        0.0332086425
 70        0.0298909235
 71        0.0374238266
 72        0.0388346923
 73        0.0637810399
 74        0.0388853947
 75        0.0635512166
 76        0.0580045875
 77        0.0315735949
 78        0.0274260476
 79        0.0491060788

 --------------------------------------------------------------------------------
                                  command: print                                 
 --------------------------------------------------------------------------------
 res.excitation_2_energy:                0.1019034677

 --------------------------------------------------------------------------------
                                  command: print                                 
 --------------------------------------------------------------------------------
 res.excitation_2_transition_dipole : [
  0.25253726896113465,
  0.273712832493074,
  -2.6047983391446747
]

 --------------------------------------------------------------------------------
                                  command: print                                 
 --------------------------------------------------------------------------------

 res.excitation_2_transition_charges:
                      1
 1         0.0018794087
 2        -0.0892003808
 3        -0.0635889229
 4         0.0633712153
 5         0.0545209615
 6        -0.1113332389
 7        -0.0073006902
 8         0.0002092225
 9        -0.0012807191
 10       -0.0086475383
 11       -0.0009898022
 12       -0.0005580399
 13       -0.0000045400
 14       -0.0000350225
 15        0.0280454473
 16        0.0027097556
 17       -0.0187437067
 18        0.0060541319
 19       -0.0111469091
 20       -0.0002560932
 21        0.0008096734
 22        0.0011440428
 23        0.0003473487
 24        0.1196799985
 25        0.0022841581
 26        0.0014218498
 27        0.0008845899
 28        0.0176121605
 29        0.0002410300
 30        0.0012036811
 31       -0.0000187510
 32       -0.0187471111
 33        0.0078707655
 34        0.0220819273
 35       -0.0027299063
 36        0.0149997582
 37        0.0008011607
 38       -0.0009303466
 39       -0.0027566113
 40       -0.0007176239
 41       -0.0046880755
 42       -0.0025191461
 43       -0.0006092167
 44       -0.0002771160
 45        0.0000429749
 46       -0.0000350438
 47        0.0006583320
 48       -0.0001450935
 49       -0.0003265623
 50       -0.0003721917
 51       -0.0006412878
 52       -0.0002851677
 53       -0.0000585762
 54       -0.0001548363
 55       -0.0000111065
 56       -0.0000119825
 57       -0.0000939876
 58       -0.0011872349
 59       -0.0028645193
 60        0.0001537199
 61        0.0000282123
 62        0.0002169028
 63       -0.0001845134
 64        0.0022394213
 65        0.0000742700
 66        0.0003116218
 67        0.0002516125
 68        0.0000196702
 69        0.0002446646
 70        0.0000270725
 71        0.0000643851
 72        0.0002042309
 73        0.0028718211
 74       -0.0000238858
 75        0.0043196790
 76       -0.0061349236
 77       -0.0000518633
 78       -0.0001099453
 79       -0.0001286485

 --------------------------------------------------------------------------------
                                  command: print                                 
 --------------------------------------------------------------------------------
 res.excitation_3_energy:                0.1493314635

 --------------------------------------------------------------------------------
                                  command: print                                 
 --------------------------------------------------------------------------------
 res.excitation_3_transition_dipole : [
  0.09532877342638535,
  0.29498953896909264,
  -1.9186090208993316
]

 --------------------------------------------------------------------------------
                                  command: print                                 
 --------------------------------------------------------------------------------

 res.excitation_3_transition_charges:
                      1
 1         0.0003511459
 2         0.0154500780
 3         0.0086513172
 4        -0.0129742224
 5        -0.0095335405
 6        -0.0022821221
 7        -0.0633072464
 8        -0.0003126336
 9        -0.0001860749
 10       -0.0531355553
 11       -0.0036640169
 12       -0.0078203624
 13       -0.0004988844
 14       -0.0061771777
 15       -0.0340537148
 16       -0.0231098325
 17       -0.0017980134
 18       -0.0179979980
 19        0.0834647695
 20       -0.0003174201
 21       -0.0100535981
 22       -0.0147252573
 23       -0.0000015352
 24        0.0024500724
 25        0.0878826883
 26       -0.0010663710
 27       -0.0004781445
 28        0.0605733875
 29        0.0090607077
 30        0.0044769907
 31        0.0006659566
 32        0.0114473710
 33        0.0344940386
 34       -0.0301326177
 35        0.0033270697
 36       -0.0325253681
 37       -0.0000782989
 38       -0.0008655451
 39       -0.0011140882
 40       -0.0002114603
 41        0.0009055167
 42        0.0004151475
 43        0.0001576667
 44        0.0000346536
 45        0.0002251331
 46       -0.0004878937
 47        0.0009870004
 48       -0.0012082913
 49       -0.0010782324
 50       -0.0001969107
 51       -0.0008806677
 52       -0.0005650042
 53       -0.0002564721
 54       -0.0002853377
 55        0.0008148713
 56       -0.0003993074
 57        0.0000719960
 58       -0.0007343819
 59        0.0002535122
 60       -0.0013711116
 61        0.0000183185
 62       -0.0015512086
 63        0.0061036520
 64        0.0048740248
 65        0.0015672951
 66        0.0024786266
 67        0.0020702237
 68        0.0004872584
 69        0.0005014308
 70        0.0001853030
 71        0.0000444036
 72        0.0006101883
 73       -0.0021498657
 74       -0.0004425319
 75       -0.0058550413
 76        0.0007623171
 77        0.0000193572
 78        0.0000264699
 79       -0.0000266015

 --------------------------------------------------------------------------------
                                  command: print                                 
 --------------------------------------------------------------------------------
 res.excitation_4_energy:                0.1627836684

 --------------------------------------------------------------------------------
                                  command: print                                 
 --------------------------------------------------------------------------------
 res.excitation_4_transition_dipole : [
  -0.180385392501432,
  1.7573417410042025,
  0.28808300121451424
]

 --------------------------------------------------------------------------------
                                  command: print                                 
 --------------------------------------------------------------------------------

 res.excitation_4_transition_charges:
                      1
 1         0.0063327298
 2        -0.0458114537
 3         0.0498355527
 4         0.0335010929
 5        -0.0587455977
 6         0.0193423763
 7         0.0148205925
 8        -0.0012449680
 9         0.0003432036
 10       -0.0122379559
 11       -0.0009126043
 12        0.0014508734
 13       -0.0002116602
 14        0.0003444276
 15        0.0849473195
 16        0.0002591578
 17       -0.0002104726
 18        0.0034353906
 19        0.0231665328
 20        0.0003268186
 21        0.0020934149
 22        0.0016905797
 23        0.0009279404
 24       -0.0450121357
 25       -0.0069612752
 26        0.0007931410
 27       -0.0001515591
 28        0.0247358252
 29       -0.0000762892
 30        0.0016260262
 31       -0.0001219736
 32       -0.0651805357
 33        0.0050638336
 34       -0.0115426233
 35       -0.0001063586
 36       -0.0131046840
 37       -0.0000494999
 38        0.0000026890
 39        0.0000863500
 40        0.0012331306
 41       -0.0056363639
 42       -0.0016619859
 43       -0.0008028059
 44       -0.0003073613
 45        0.0003609705
 46       -0.0001865167
 47        0.0004400154
 48        0.0001288821
 49       -0.0003485063
 50       -0.0003208368
 51       -0.0004023677
 52       -0.0001844730
 53        0.0001153009
 54        0.0001703070
 55       -0.0001560827
 56        0.0000772180
 57        0.0001815875
 58       -0.0000678268
 59        0.0001066677
 60        0.0003025163
 61        0.0002014052
 62        0.0003728681
 63        0.0010550975
 64        0.0020117857
 65       -0.0002899270
 66       -0.0003154299
 67       -0.0002486488
 68        0.0001532987
 69        0.0003443214
 70        0.0000626414
 71        0.0000245629
 72        0.0002331491
 73       -0.0011458585
 74        0.0000336855
 75       -0.0021864955
 76       -0.0065743620
 77       -0.0002151088
 78       -0.0002151010
 79        0.0002124260

 --------------------------------------------------------------------------------

 End time:                               Tue Jul  6 09:37:26 2021
 Total wall-clock time:                  0.449 seconds
==================================================================================
