
================================================================================
          _____________ ________ _______________ ________     _________         
         / ___________// ______ \\_____   _____// ______ \   / ________)        
        / /_________  / /      \ \     | |     / /      \ \ | (_______          
       |  __________|| |        | |    | |    | |        | | \________ \        
        \ \_________ | |        | |    | |     \ \______/ /___________) |       
         \__________||_|        |_|    |_|      \________//____________/        
                                                                                
====================================[ Qcore ]===================================

 Git hash:   4f46786782e696c626e0064ff3d1a47267e124c4
 Git date:   Wed, 30 Jun 2021 10:19:53 +0100
 Compiler:   AppleClang 10.0.1.10010046
 Build type: Release
 Version:    1.4.1

 Start time: Mon Jul  5 14:39:10 2021

 Data directory: /Users/of15641/qcore/cmake-build-release/share/entos/1.4.1/data
 Number of threads: 2
 Number of threads was determined by: number of physical cores

 --------------------------------------------------------------------------------
                                   command: xtb                                  
 --------------------------------------------------------------------------------
 XTB basis setup:                        reference basis
 Number of basis functions:            488
 GFN version:                            chlorophyll
 Integral screening threshold:           1.00e-10
 Total charge:                           0.000000000
 Number of electrons:                  436.000000000
 Electronic temperature (Kelvin):        0.000000000

 D3BJ energy:                           -0.129735389
 Repulsive energy:                       3.040138040

 ****************************************************
  Running robust self-consistent charge (SCC) solver 
 ****************************************************
 Number of SCC trials:                   4
 Using the stop-early mechanism for the first 3 trials

 Conv. threshold (charge):               1.00e-05
 Conv. threshold (energy):               1.00e-06
 Initial guess:                          eeq

 -------------
  SCC Trial 1 
 -------------
 Broyden mixing factor:                  0.400000000
 Max number of iterations:             128

 ---------------------------------------------------------------
                  energy        change          grad        time
 ---------------------------------------------------------------
   0      -260.591945949                    6.61e-01        0.04
   1      -261.779275398     -1.19e+00      3.88e-01        0.04
   2      -261.797941008     -1.87e-02      1.04e-01        0.04
   3      -261.821632951     -2.37e-02      1.02e-02        0.04
   4      -261.823050405     -1.42e-03      4.90e-03        0.03
   5      -261.825941209     -2.89e-03      1.39e-03        0.03
   6      -261.826177974     -2.37e-04      4.39e-04        0.03
   7      -261.826198439     -2.05e-05      1.81e-04        0.03
   8      -261.826201525     -3.09e-06      6.13e-05        0.03
   9      -261.826201767     -2.42e-07      2.92e-05        0.03
  10      -261.826201824     -5.70e-08      9.30e-06        0.03
  11      -261.826201827     -2.58e-09      3.14e-06        0.03

 SCF converged in 10 iterations.

 Entropy contribution (-ST):             0.000000000
 Dipole moment (in Debye):              -5.272353       0.141219      -1.511033

 ----------------
  Excitation 0 1 
 ----------------
 Setting up Delta-SCF
 Ground-Excited state overlap:          -0.000000000
 No correction applied to the TDM.
 Excitation energy:                      0.055635453
 Excitation energy (in eV):              1.513917804
 Transition dipole:                      0.00199       0.04697      -0.02933

 -----------------
  Excitation -1 1 
 -----------------
 Setting up Delta-SCF
 Ground-Excited state overlap:           0.000000000
 No correction applied to the TDM.
 Excitation energy:                      0.095981278
 Excitation energy (in eV):              2.611783627
 Transition dipole:                      0.47048      -4.34782       0.22447

 ----------------
  Excitation 0 2 
 ----------------
 Setting up Delta-SCF
 Ground-Excited state overlap:          -0.000000000
 No correction applied to the TDM.
 Excitation energy:                      0.095311374
 Excitation energy (in eV):              2.593554610
 Transition dipole:                      0.41457      -3.99321      -1.78618

 -----------------
  Excitation -1 2 
 -----------------
 Setting up Delta-SCF
 Ground-Excited state overlap:           0.000000000
 No correction applied to the TDM.
 Excitation energy:                      0.064714806
 Excitation energy (in eV):              1.760979574
 Transition dipole:                      0.01092      -0.03096      -0.04727
 TOTAL ENERGY:                        -261.826201827
 Saving results in set 'res'

 --------------------------------------------------------------------------------
                                  command: print                                 
 --------------------------------------------------------------------------------
 res.energy:                          -261.8262018266

 --------------------------------------------------------------------------------
                                  command: print                                 
 --------------------------------------------------------------------------------

 res.dipole:
                      1
 1        -2.0743032167
 2         0.0555599884
 3        -0.5944860693

 --------------------------------------------------------------------------------
                                  command: print                                 
 --------------------------------------------------------------------------------

 res.atomic_charges:
                      1
 1         0.3726647112
 2        -0.0563871929
 3        -0.1084456176
 4        -0.0937974336
 5        -0.0766598581
 6        -0.2367762311
 7         0.1297043846
 8        -0.0290963125
 9        -0.0283836531
 10        0.1181498442
 11       -0.0892568392
 12       -0.0576002326
 13       -0.0777232601
 14        0.0120754861
 15       -0.2948122939
 16        0.1403884437
 17       -0.0380249948
 18       -0.1145129652
 19        0.1613750972
 20       -0.0837271817
 21        0.3354888782
 22       -0.4225554943
 23       -0.1301929256
 24       -0.2504904934
 25        0.1491367728
 26       -0.0208159655
 27       -0.0357864354
 28        0.1154461515
 29       -0.0923456237
 30       -0.0524642239
 31       -0.0928391583
 32       -0.3010738739
 33        0.1032334129
 34        0.0044925093
 35       -0.1122029863
 36        0.1480332645
 37       -0.0867091159
 38        0.3449505395
 39       -0.3955997813
 40       -0.1068048928
 41        0.5197995715
 42       -0.4702031825
 43       -0.2890577099
 44        0.1052541169
 45        0.0518294880
 46        0.0508519795
 47        0.0394754659
 48        0.0427388969
 49        0.0454693325
 50        0.0436369587
 51        0.0363736606
 52        0.0362828491
 53        0.0401021722
 54        0.0584302883
 55        0.0262225677
 56        0.0208001118
 57        0.0359865726
 58        0.0387293634
 59        0.0490872423
 60        0.0599124478
 61        0.0596779496
 62        0.0512304207
 63        0.0467100340
 64        0.0384659862
 65        0.0409290552
 66        0.0333132954
 67        0.0306671696
 68        0.0355243514
 69        0.0329293280
 70        0.0270513556
 71        0.0345822354
 72        0.0402838795
 73        0.0634069920
 74        0.0379554177
 75        0.0632704379
 76        0.0600393109
 77        0.0334119812
 78        0.0303082051
 79        0.0462723827
 80        0.3728953304
 81       -0.0591348112
 82       -0.1056085432
 83       -0.0907856403
 84       -0.0754442631
 85       -0.2348006263
 86        0.1310517814
 87       -0.0310779171
 88       -0.0292185121
 89        0.1145790718
 90       -0.0886800896
 91       -0.0573766479
 92       -0.0769311004
 93        0.0113083763
 94       -0.2926161328
 95        0.1410459491
 96       -0.0395587062
 97       -0.1161434162
 98        0.1627083071
 99       -0.0828002401
 100       0.3352282422
 101      -0.4216757403
 102      -0.1288300514
 103      -0.2504564795
 104       0.1481637317
 105      -0.0217432813
 106      -0.0357252075
 107       0.1196674939
 108      -0.0923263993
 109      -0.0529868847
 110      -0.0927365121
 111      -0.3031323555
 112       0.1005672789
 113       0.0028586372
 114      -0.1127418062
 115       0.1476409064
 116      -0.0859300921
 117       0.3456190778
 118      -0.4000246704
 119      -0.1075461742
 120       0.5202142573
 121      -0.4649938854
 122      -0.2903573034
 123       0.1061446120
 124       0.0492170933
 125       0.0554976535
 126       0.0388866865
 127       0.0453463698
 128       0.0454131621
 129       0.0478648198
 130       0.0363917863
 131       0.0337720640
 132       0.0396445613
 133       0.0612190830
 134       0.0262340501
 135       0.0197470178
 136       0.0334720738
 137       0.0350881505
 138       0.0462579686
 139       0.0604746609
 140       0.0591431422
 141       0.0496398901
 142       0.0484763004
 143       0.0361504643
 144       0.0395577041
 145       0.0421460102
 146       0.0346067018
 147       0.0341650846
 148       0.0317260798
 149       0.0300165446
 150       0.0361087004
 151       0.0384262205
 152       0.0631076181
 153       0.0384573893
 154       0.0608112120
 155       0.0592190648
 156       0.0311313490
 157       0.0277266160
 158       0.0487407021

 --------------------------------------------------------------------------------
                                  command: print                                 
 --------------------------------------------------------------------------------
 res.excitation_1_energy:                0.0556354531

 --------------------------------------------------------------------------------
                                  command: print                                 
 --------------------------------------------------------------------------------
 res.excitation_1_transition_dipole : [
  0.001987456525637634,
  0.04697089969515357,
  -0.029328924411166607
]

 --------------------------------------------------------------------------------
                                  command: print                                 
 --------------------------------------------------------------------------------

 res.excitation_1_transition_charges:
                      1
 1        -0.0000615915
 2        -0.0010527531
 3        -0.0005385632
 4         0.0008167162
 5         0.0003523873
 6        -0.0015564901
 7        -0.0003313961
 8        -0.0000013946
 9        -0.0000045948
 10        0.0003609644
 11        0.0000255288
 12       -0.0000399760
 13       -0.0000042855
 14       -0.0000069175
 15        0.0004914236
 16        0.0004356272
 17        0.0008967537
 18        0.0002983225
 19        0.0004337549
 20        0.0000126131
 21        0.0000633505
 22        0.0000785626
 23        0.0000010727
 24        0.0015983263
 25        0.0002201671
 26        0.0000296221
 27        0.0000022953
 28       -0.0004628075
 29        0.0000330684
 30       -0.0000320917
 31        0.0000450363
 32       -0.0002895034
 33       -0.0005789445
 34       -0.0005693638
 35       -0.0002454824
 36       -0.0004335757
 37       -0.0000180944
 38       -0.0000651754
 39       -0.0001102926
 40       -0.0000058760
 41       -0.0000476022
 42       -0.0000161812
 43       -0.0000038192
 44       -0.0000012277
 45        0.0000006871
 46        0.0000004843
 47       -0.0000080186
 48       -0.0000076047
 49        0.0000107985
 50        0.0000031170
 51        0.0000026254
 52        0.0000049470
 53       -0.0000019207
 54       -0.0000015945
 55       -0.0000008726
 56       -0.0000008099
 57       -0.0000006451
 58        0.0001180835
 59        0.0001056974
 60        0.0000064701
 61       -0.0000000341
 62        0.0000052121
 63        0.0000237392
 64       -0.0000205709
 65        0.0000027132
 66        0.0000085388
 67        0.0000047209
 68       -0.0000039780
 69       -0.0000130126
 70        0.0000112660
 71        0.0000041231
 72        0.0000375494
 73       -0.0000572675
 74       -0.0000112661
 75       -0.0001234018
 76       -0.0000495712
 77       -0.0000002230
 78       -0.0000008101
 79       -0.0000019616
 80       -0.0000301011
 81        0.0000454706
 82       -0.0000066784
 83       -0.0000102505
 84        0.0000040150
 85        0.0000228183
 86        0.0000225030
 87       -0.0000027611
 88        0.0000013669
 89        0.0000289551
 90       -0.0000089273
 91        0.0000019321
 92        0.0000002676
 93        0.0000003133
 94        0.0000320010
 95       -0.0000719746
 96       -0.0000524211
 97       -0.0000215481
 98        0.0000065110
 99        0.0000005712
 100      -0.0000034466
 101      -0.0000089156
 102      -0.0000004982
 103       0.0000024564
 104      -0.0000424016
 105      -0.0000002318
 106       0.0000015167
 107       0.0000662825
 108      -0.0000078144
 109       0.0000040730
 110      -0.0000002909
 111       0.0000273268
 112       0.0000486316
 113       0.0000630081
 114       0.0000259884
 115       0.0000590239
 116       0.0000023382
 117       0.0000066931
 118       0.0000121294
 119       0.0000007269
 120       0.0000016866
 121       0.0000012873
 122       0.0000002341
 123       0.0000001085
 124       0.0000005939
 125       0.0000001985
 126       0.0000016550
 127       0.0000012082
 128       0.0000069147
 129       0.0000051230
 130      -0.0000061272
 131       0.0000049649
 132       0.0000003601
 133       0.0000003203
 134       0.0000000718
 135       0.0000000971
 136       0.0000000810
 137      -0.0000047908
 138      -0.0000024044
 139      -0.0000007021
 140       0.0000000001
 141      -0.0000007111
 142      -0.0000032028
 143       0.0000094297
 144      -0.0000020238
 145      -0.0000072280
 146      -0.0000142975
 147       0.0000003261
 148       0.0000004654
 149       0.0000000379
 150       0.0000001440
 151       0.0000000056
 152       0.0000063595
 153       0.0000009419
 154       0.0000135479
 155       0.0000017517
 156       0.0000000121
 157       0.0000000543
 158       0.0000000449

 --------------------------------------------------------------------------------
                                  command: print                                 
 --------------------------------------------------------------------------------
 res.excitation_1_excited_dipole : [
  12.593050238859504,
  1.4020709752384306,
  0.23385771044387837
]

 --------------------------------------------------------------------------------
                                  command: print                                 
 --------------------------------------------------------------------------------

 res.excitation_1_excited_atomic_charges:
                      1
 1         0.3721785895
 2        -0.1140352081
 3        -0.1531609840
 4        -0.1445131615
 5        -0.1110932081
 6        -0.3412417208
 7         0.1161556798
 8        -0.0293263936
 9        -0.0291211078
 10        0.1020941140
 11       -0.0917084184
 12       -0.0591645820
 13       -0.0780394973
 14        0.0117206469
 15       -0.3049869810
 16        0.1069742838
 17       -0.1380690105
 18       -0.1630065973
 19        0.1402046112
 20       -0.0841790590
 21        0.3184382215
 22       -0.4446717474
 23       -0.1306718159
 24       -0.3606911582
 25        0.1400711177
 26       -0.0218052587
 27       -0.0363029215
 28        0.0887762040
 29       -0.0934789281
 30       -0.0543196590
 31       -0.0931251612
 32       -0.3042292693
 33        0.0539481465
 34       -0.0595897312
 35       -0.1485249260
 36        0.1234099901
 37       -0.0875070315
 38        0.3308584086
 39       -0.4151676777
 40       -0.1069265649
 41        0.5183489472
 42       -0.4709888061
 43       -0.2892296050
 44        0.1051867915
 45        0.0517539792
 46        0.0508411408
 47        0.0388110628
 48        0.0423324725
 49        0.0449262741
 50        0.0431464793
 51        0.0351686572
 52        0.0356980461
 53        0.0398318789
 54        0.0580251120
 55        0.0261888446
 56        0.0207556954
 57        0.0359309405
 58        0.0280887267
 59        0.0394033978
 60        0.0578217009
 61        0.0596745597
 62        0.0491938191
 63        0.0459610375
 64        0.0360703548
 65        0.0407919684
 66        0.0328232159
 67        0.0304651327
 68        0.0354378125
 69        0.0325465417
 70        0.0270265241
 71        0.0345198341
 72        0.0396277417
 73        0.0577782644
 74        0.0371532221
 75        0.0524144912
 76        0.0584838410
 77        0.0334048482
 78        0.0302703811
 79        0.0462436040
 80        0.3748154532
 81       -0.0437142722
 82       -0.1029947839
 83       -0.0791218144
 84       -0.0724216808
 85       -0.2294412317
 86        0.2036492297
 87       -0.0294341819
 88       -0.0272794228
 89        0.1975328685
 90       -0.0804300900
 91       -0.0509244150
 92       -0.0766952475
 93        0.0121262522
 94       -0.2748761915
 95        0.2228922534
 96        0.0408866342
 97       -0.0930451527
 98        0.2392875364
 99       -0.0801947356
 100       0.3373262665
 101      -0.4156255770
 102      -0.1285454593
 103      -0.2497492799
 104       0.2206165984
 105      -0.0200107721
 106      -0.0333493302
 107       0.1971197485
 108      -0.0846997847
 109      -0.0466027505
 110      -0.0919290477
 111      -0.2986954273
 112       0.1975955295
 113       0.0525898922
 114      -0.0884428432
 115       0.2024270415
 116      -0.0830745838
 117       0.3496635447
 118      -0.3898937028
 119      -0.1072721586
 120       0.5205398702
 121      -0.4645152674
 122      -0.2902859337
 123       0.1061682693
 124       0.0492710427
 125       0.0563096018
 126       0.0415352386
 127       0.0482518117
 128       0.0482020539
 129       0.0481681695
 130       0.0374775186
 131       0.0349347147
 132       0.0398166378
 133       0.0616558039
 134       0.0266779464
 135       0.0198965917
 136       0.0334917223
 137       0.0472743218
 138       0.0556681187
 139       0.0608216629
 140       0.0591446005
 141       0.0500387394
 142       0.0556201884
 143       0.0477718255
 144       0.0400160120
 145       0.0428687334
 146       0.0354919234
 147       0.0343812919
 148       0.0320625842
 149       0.0300907601
 150       0.0364137808
 151       0.0390969866
 152       0.0684107110
 153       0.0393368745
 154       0.0725934167
 155       0.0595086094
 156       0.0311328489
 157       0.0277423926
 158       0.0487517497

 --------------------------------------------------------------------------------
                                  command: print                                 
 --------------------------------------------------------------------------------
 res.excitation_2_energy:                0.0959812780

 --------------------------------------------------------------------------------
                                  command: print                                 
 --------------------------------------------------------------------------------
 res.excitation_2_transition_dipole : [
  0.4704751081563413,
  -4.347821595621938,
  0.2244681973493942
]

 --------------------------------------------------------------------------------
                                  command: print                                 
 --------------------------------------------------------------------------------

 res.excitation_2_transition_charges:
                      1
 1         0.0000083781
 2         0.0201932509
 3        -0.0177379312
 4        -0.0157374129
 5         0.0146308038
 6         0.0011663799
 7         0.0303700985
 8        -0.0001448061
 9        -0.0001662392
 10       -0.0368068648
 11       -0.0045372820
 12        0.0029307110
 13        0.0002066078
 14        0.0005118983
 15       -0.0106457008
 16       -0.0509264054
 17       -0.0927857575
 18       -0.0301402148
 19       -0.0409630905
 20       -0.0012583384
 21       -0.0053655122
 22       -0.0105022520
 23       -0.0002779396
 24        0.0051803366
 25       -0.0247602100
 26       -0.0003477899
 27        0.0009765640
 28        0.0477580591
 29       -0.0028366075
 30        0.0034914887
 31        0.0004897810
 32        0.0012936145
 33        0.0697568793
 34        0.0578733868
 35        0.0288538169
 36        0.0390917088
 37        0.0016369240
 38        0.0072708330
 39        0.0135162396
 40        0.0000792482
 41        0.0002285942
 42        0.0003806476
 43        0.0000556192
 44        0.0000126101
 45       -0.0000168272
 46       -0.0000890334
 47        0.0013781312
 48        0.0010446680
 49       -0.0011691554
 50       -0.0004168725
 51       -0.0011877433
 52       -0.0008360518
 53        0.0000627860
 54        0.0003124809
 55        0.0000819576
 56        0.0000610269
 57       -0.0000158208
 58       -0.0117082777
 59       -0.0100181748
 60       -0.0007678633
 61        0.0000045990
 62       -0.0008064423
 63       -0.0019972518
 64        0.0052966912
 65       -0.0002466452
 66       -0.0005014898
 67       -0.0002863026
 68        0.0001424188
 69        0.0003905015
 70        0.0000578758
 71        0.0001144903
 72        0.0007130231
 73        0.0058373023
 74        0.0008369978
 75        0.0115911607
 76        0.0001022274
 77       -0.0000009702
 78        0.0000137978
 79        0.0000060481
 80       -0.0000010058
 81       -0.0000011142
 82       -0.0000006217
 83        0.0000001614
 84        0.0000003026
 85       -0.0000029521
 86        0.0000001749
 87        0.0000000108
 88        0.0000000525
 89        0.0000003024
 90       -0.0000005404
 91        0.0000000092
 92        0.0000000016
 93        0.0000000013
 94       -0.0000009308
 95       -0.0000008211
 96       -0.0000006127
 97       -0.0000002448
 98        0.0000000779
 99        0.0000000067
 100      -0.0000000341
 101      -0.0000001129
 102      -0.0000000051
 103       0.0000000318
 104      -0.0000004756
 105       0.0000000222
 106       0.0000000305
 107       0.0000008510
 108      -0.0000001032
 109       0.0000000607
 110      -0.0000000036
 111      -0.0000018943
 112       0.0000005990
 113       0.0000007938
 114       0.0000002692
 115       0.0000007331
 116       0.0000000243
 117       0.0000000658
 118       0.0000001197
 119      -0.0000000528
 120      -0.0000001121
 121      -0.0000000538
 122      -0.0000000113
 123      -0.0000000073
 124       0.0000000296
 125       0.0000000034
 126       0.0000000264
 127       0.0000000115
 128       0.0000000355
 129       0.0000001433
 130      -0.0000007148
 131       0.0000000142
 132       0.0000000015
 133       0.0000000051
 134       0.0000000004
 135       0.0000000006
 136       0.0000000184
 137      -0.0000000463
 138      -0.0000000278
 139      -0.0000000090
 140      -0.0000000006
 141      -0.0000000074
 142      -0.0000000424
 143       0.0000001451
 144      -0.0000000277
 145       0.0000000354
 146      -0.0000000760
 147       0.0000000046
 148       0.0000000084
 149       0.0000000006
 150       0.0000000026
 151       0.0000000001
 152       0.0000000841
 153       0.0000000082
 154       0.0000001573
 155      -0.0000001584
 156      -0.0000000017
 157      -0.0000000020
 158      -0.0000000028

 --------------------------------------------------------------------------------
                                  command: print                                 
 --------------------------------------------------------------------------------
 res.excitation_3_energy:                0.0953113739

 --------------------------------------------------------------------------------
                                  command: print                                 
 --------------------------------------------------------------------------------
 res.excitation_3_transition_dipole : [
  0.4145743982482682,
  -3.993210593031654,
  -1.786180836386371
]

 --------------------------------------------------------------------------------
                                  command: print                                 
 --------------------------------------------------------------------------------

 res.excitation_3_transition_charges:
                      1
 1         0.0000136527
 2         0.0000015752
 3         0.0000007243
 4         0.0000023535
 5         0.0000005538
 6         0.0000041942
 7        -0.0000003539
 8         0.0000000912
 9         0.0000000227
 10        0.0000015503
 11        0.0000001144
 12        0.0000000304
 13        0.0000000050
 14        0.0000000257
 15        0.0000088220
 16       -0.0000001573
 17        0.0000016619
 18        0.0000003185
 19        0.0000018854
 20        0.0000000519
 21        0.0000000930
 22        0.0000000646
 23        0.0000000081
 24        0.0000081691
 25       -0.0000006680
 26        0.0000006660
 27        0.0000000102
 28        0.0000010388
 29        0.0000001591
 30        0.0000014392
 31        0.0000123366
 32        0.0000060951
 33       -0.0000009399
 34        0.0000001492
 35       -0.0000002388
 36        0.0000011787
 37        0.0000000351
 38       -0.0000000654
 39       -0.0000001248
 40        0.0000000664
 41        0.0000003930
 42        0.0000000385
 43        0.0000000190
 44        0.0000000044
 45        0.0000000042
 46       -0.0000000147
 47       -0.0000000082
 48       -0.0000000257
 49        0.0000001005
 50        0.0000000058
 51        0.0000000009
 52       -0.0000000073
 53        0.0000000078
 54       -0.0000000086
 55        0.0000000021
 56        0.0000000015
 57       -0.0000000039
 58        0.0000001842
 59        0.0000002646
 60        0.0000000050
 61        0.0000000003
 62        0.0000000061
 63        0.0000001308
 64       -0.0000000809
 65       -0.0000000014
 66        0.0000000388
 67        0.0000000242
 68        0.0000000832
 69        0.0000005018
 70        0.0000142811
 71        0.0000021409
 72        0.0000030649
 73        0.0000000295
 74        0.0000000110
 75        0.0000000759
 76        0.0000001559
 77       -0.0000000001
 78        0.0000000044
 79        0.0000001878
 80        0.0002612476
 81       -0.0308816804
 82        0.0100236858
 83        0.0232050549
 84       -0.0095872843
 85       -0.0129007122
 86       -0.0306429358
 87        0.0001539994
 88        0.0000095353
 89        0.0365469318
 90        0.0042966405
 91       -0.0030447910
 92       -0.0002116758
 93       -0.0005515373
 94        0.0140310459
 95        0.0525466049
 96        0.0872460176
 97        0.0335826214
 98        0.0393313572
 99        0.0010766629
 100       0.0058580854
 101       0.0114979544
 102       0.0003352594
 103       0.0070049081
 104       0.0260330307
 105       0.0005259559
 106      -0.0009005555
 107      -0.0438990146
 108       0.0027892029
 109      -0.0033764259
 110      -0.0004513001
 111      -0.0033390058
 112      -0.0687012257
 113      -0.0575004261
 114      -0.0302155829
 115      -0.0354618901
 116      -0.0015497486
 117      -0.0077304008
 118      -0.0144259051
 119      -0.0001406691
 120      -0.0007393740
 121      -0.0006301324
 122      -0.0001219300
 123      -0.0000428417
 124       0.0000208417
 125       0.0000864836
 126      -0.0013873899
 127      -0.0010492551
 128       0.0010845976
 129       0.0003679465
 130       0.0011376541
 131       0.0008257550
 132      -0.0000684307
 133      -0.0003402688
 134      -0.0000858718
 135      -0.0000631171
 136       0.0000059751
 137       0.0110930968
 138       0.0093112034
 139       0.0008385275
 140      -0.0000022277
 141       0.0009226468
 142       0.0020001056
 143      -0.0051986964
 144       0.0002415668
 145       0.0004767486
 146       0.0003131240
 147      -0.0001331200
 148      -0.0003477512
 149      -0.0000486653
 150      -0.0001179364
 151      -0.0006179751
 152      -0.0054296716
 153      -0.0008586149
 154      -0.0115992746
 155      -0.0007250271
 156      -0.0000039453
 157      -0.0000268257
 158      -0.0000191770

 --------------------------------------------------------------------------------
                                  command: print                                 
 --------------------------------------------------------------------------------
 res.excitation_4_energy:                0.0647148057

 --------------------------------------------------------------------------------
                                  command: print                                 
 --------------------------------------------------------------------------------
 res.excitation_4_transition_dipole : [
  0.010918977016315097,
  -0.030957829391286495,
  -0.04726574661511409
]

 --------------------------------------------------------------------------------
                                  command: print                                 
 --------------------------------------------------------------------------------

 res.excitation_4_transition_charges:
                      1
 1         0.0000612305
 2        -0.0000299095
 3         0.0000176439
 4        -0.0000418359
 5         0.0000203005
 6         0.0000257497
 7         0.0000330682
 8        -0.0000033564
 9        -0.0000038635
 10       -0.0001573844
 11        0.0000033272
 12       -0.0000025640
 13       -0.0000002949
 14       -0.0000018392
 15       -0.0000904450
 16        0.0000265664
 17       -0.0001673506
 18       -0.0000317439
 19       -0.0001745648
 20       -0.0000026608
 21       -0.0000078976
 22       -0.0000073572
 23        0.0000001016
 24        0.0000335005
 25        0.0000743898
 26       -0.0000166976
 27        0.0000080204
 28       -0.0000908521
 29       -0.0000141103
 30       -0.0000012134
 31        0.0000649614
 32       -0.0000187709
 33        0.0001144853
 34       -0.0000147160
 35        0.0000280495
 36       -0.0001029297
 37       -0.0000031058
 38        0.0000083407
 39        0.0000167169
 40       -0.0000006193
 41       -0.0000013939
 42       -0.0000010121
 43       -0.0000002099
 44        0.0000000262
 45        0.0000003446
 46        0.0000018670
 47        0.0000025002
 48        0.0000034173
 49       -0.0000076524
 50       -0.0000009526
 51        0.0000033035
 52        0.0000015521
 53        0.0000000710
 54        0.0000010030
 55       -0.0000001618
 56       -0.0000001283
 57        0.0000000698
 58       -0.0000180938
 59       -0.0000251568
 60       -0.0000006021
 61       -0.0000000571
 62       -0.0000010152
 63        0.0000098597
 64        0.0000365974
 65        0.0000001958
 66       -0.0000030119
 67       -0.0000019305
 68       -0.0000037845
 69       -0.0000099100
 70        0.0000283955
 71        0.0000026968
 72        0.0000576687
 73       -0.0000028634
 74       -0.0000007800
 75       -0.0000070044
 76       -0.0000003670
 77        0.0000000069
 78       -0.0000000486
 79       -0.0000002024
 80        0.0000123711
 81        0.0007524919
 82        0.0007540424
 83       -0.0004092624
 84       -0.0007151230
 85        0.0014405573
 86       -0.0002511119
 87        0.0000009883
 88        0.0000111277
 89        0.0003926263
 90        0.0001110832
 91       -0.0000142360
 92       -0.0000014993
 93       -0.0000022835
 94       -0.0002821506
 95        0.0006024045
 96        0.0009939659
 97        0.0003689133
 98        0.0004613180
 99        0.0000101680
 100       0.0000618930
 101       0.0001444726
 102       0.0000007080
 103      -0.0015497128
 104       0.0002853425
 105      -0.0000046777
 106      -0.0000211225
 107      -0.0005654916
 108       0.0000186101
 109      -0.0000506190
 110      -0.0000070040
 111       0.0002688067
 112      -0.0008394187
 113      -0.0007281514
 114      -0.0003369883
 115      -0.0004404598
 116      -0.0000168124
 117      -0.0000755766
 118      -0.0001440829
 119       0.0000079728
 120       0.0000477392
 121       0.0000215928
 122       0.0000053493
 123       0.0000028339
 124       0.0000015540
 125       0.0000011441
 126      -0.0000220349
 127      -0.0000082890
 128       0.0000090025
 129       0.0000110852
 130       0.0000399015
 131       0.0000198777
 132       0.0000003456
 133      -0.0000012433
 134      -0.0000003354
 135      -0.0000005087
 136       0.0000019651
 137       0.0001080701
 138       0.0001086140
 139       0.0000099393
 140      -0.0000003653
 141       0.0000096004
 142       0.0000271579
 143      -0.0000788230
 144      -0.0000000572
 145      -0.0000096955
 146       0.0000036718
 147      -0.0000015589
 148      -0.0000063130
 149      -0.0000008067
 150      -0.0000021233
 151      -0.0000092603
 152      -0.0000718249
 153      -0.0000074550
 154      -0.0001360329
 155       0.0000669097
 156       0.0000005341
 157       0.0000009598
 158       0.0000011936

 --------------------------------------------------------------------------------

 End time:                               Mon Jul  5 14:39:13 2021
 Total wall-clock time:                  3.258 seconds
==================================================================================
