
================================================================================
          _____________ ________ _______________ ________     _________         
         / ___________// ______ \\_____   _____// ______ \   / ________)        
        / /_________  / /      \ \     | |     / /      \ \ | (_______          
       |  __________|| |        | |    | |    | |        | | \________ \        
        \ \_________ | |        | |    | |     \ \______/ /___________) |       
         \__________||_|        |_|    |_|      \________//____________/        
                                                                                
====================================[ Qcore ]===================================

 Git hash:   4f46786782e696c626e0064ff3d1a47267e124c4
 Git date:   Wed, 30 Jun 2021 10:19:53 +0100
 Compiler:   AppleClang 10.0.1.10010046
 Build type: Release
 Version:    1.4.1

 Start time: Mon Jul  5 14:56:20 2021

 Data directory: /Users/of15641/qcore/cmake-build-release/share/entos/1.4.1/data
 Number of threads: 2
 Number of threads was determined by: number of physical cores

 --------------------------------------------------------------------------------
                                   command: xtb                                  
 --------------------------------------------------------------------------------
 XTB basis setup:                        reference basis
 Number of basis functions:            244
 GFN version:                            chlorophyll
 Integral screening threshold:           1.00e-10
 Total charge:                           0.000000000
 Number of electrons:                  218.000000000
 Electronic temperature (Kelvin):        0.000000000

 D3BJ energy:                           -0.062562621
 Repulsive energy:                       1.518575474

 ****************************************************
  Running robust self-consistent charge (SCC) solver 
 ****************************************************
 Number of SCC trials:                   4
 Using the stop-early mechanism for the first 3 trials

 Conv. threshold (charge):               1.00e-05
 Conv. threshold (energy):               1.00e-06
 Initial guess:                          eeq

 -------------
  SCC Trial 1 
 -------------
 Broyden mixing factor:                  0.400000000
 Max number of iterations:             128

 ---------------------------------------------------------------
                  energy        change          grad        time
 ---------------------------------------------------------------
   0      -130.292176389                    6.60e-01        0.04
   1      -130.884262863     -5.92e-01      3.88e-01        0.03
   2      -130.893046476     -8.78e-03      1.03e-01        0.01
   3      -130.904343631     -1.13e-02      1.05e-02        0.01
   4      -130.904881425     -5.38e-04      5.83e-03        0.01
   5      -130.907230096     -2.35e-03      1.35e-03        0.01
   6      -130.907337866     -1.08e-04      3.93e-04        0.01
   7      -130.907344803     -6.94e-06      1.59e-04        0.01
   8      -130.907345669     -8.66e-07      4.52e-05        0.01
   9      -130.907345686     -1.69e-08      1.63e-05        0.01
  10      -130.907345687     -1.42e-09      4.99e-06        0.01
  11      -130.907345687     -1.68e-10      1.76e-06        0.01

 SCF converged in 10 iterations.

 Entropy contribution (-ST):             0.000000000
 Dipole moment (in Debye):              -2.377319       0.756635      -3.118913

 ----------------
  Excitation 0 1 
 ----------------
 Setting up Delta-SCF
 Ground-Excited state overlap:           0.000000000
 No correction applied to the TDM.
 Excitation energy:                      0.094811419
 Excitation energy (in eV):              2.579950138
 Transition dipole:                     -0.27624       0.28294       4.37351

 -----------------
  Excitation -1 1 
 -----------------
 Setting up Delta-SCF
 Ground-Excited state overlap:           0.000000000
 No correction applied to the TDM.
 Excitation energy:                      0.101903919
 Excitation energy (in eV):              2.772946911
 Transition dipole:                      0.29068      -2.59830       0.29688

 ----------------
  Excitation 0 2 
 ----------------
 Setting up Delta-SCF
 Ground-Excited state overlap:           0.000000000
 No correction applied to the TDM.
 Excitation energy:                      0.149332124
 Excitation energy (in eV):              4.063534095
 Transition dipole:                      0.14180      -1.93498       0.11248

 -----------------
  Excitation -1 2 
 -----------------
 Setting up Delta-SCF
 Ground-Excited state overlap:           0.000000000
 No correction applied to the TDM.
 Excitation energy:                      0.162784405
 Excitation energy (in eV):              4.429589328
 Transition dipole:                      0.14116      -0.06665      -1.78305
 TOTAL ENERGY:                        -130.907345687
 Saving results in set 'res'

 --------------------------------------------------------------------------------
                                  command: print                                 
 --------------------------------------------------------------------------------
 res.energy:                          -130.9073456874

 --------------------------------------------------------------------------------
                                  command: print                                 
 --------------------------------------------------------------------------------

 res.dipole:
                      1
 1        -0.9353091592
 2         0.2976831354
 3        -1.2270747258

 --------------------------------------------------------------------------------
                                  command: print                                 
 --------------------------------------------------------------------------------

 res.atomic_charges:
                      1
 1         0.3739083699
 2        -0.0585633359
 3        -0.1052945573
 4        -0.0918977449
 5        -0.0754660124
 6        -0.2347872530
 7         0.1311627251
 8        -0.0310262691
 9        -0.0292996133
 10        0.1146165743
 11       -0.0895456425
 12       -0.0574333016
 13       -0.0770430901
 14        0.0120166991
 15       -0.2927768012
 16        0.1409376237
 17       -0.0390536868
 18       -0.1169471493
 19        0.1621798370
 20       -0.0831276394
 21        0.3351432434
 22       -0.4233092804
 23       -0.1290218053
 24       -0.2520906506
 25        0.1464347806
 26       -0.0216308604
 27       -0.0354962111
 28        0.1192973283
 29       -0.0909126908
 30       -0.0530861411
 31       -0.0928304098
 32       -0.3034527008
 33        0.1010579651
 34        0.0040104151
 35       -0.1119359181
 36        0.1478650031
 37       -0.0863941822
 38        0.3461442131
 39       -0.3982363771
 40       -0.1076575780
 41        0.5203683077
 42       -0.4647584167
 43       -0.2905209108
 44        0.1060461965
 45        0.0507576100
 46        0.0537441491
 47        0.0399251292
 48        0.0445134624
 49        0.0460322307
 50        0.0446835965
 51        0.0374142492
 52        0.0349407201
 53        0.0399226158
 54        0.0614564360
 55        0.0256550131
 56        0.0201034823
 57        0.0346424444
 58        0.0358423159
 59        0.0466775802
 60        0.0608364953
 61        0.0591634307
 62        0.0504340775
 63        0.0496719801
 64        0.0359897689
 65        0.0383984460
 66        0.0337236057
 67        0.0308884269
 68        0.0342572996
 69        0.0332407878
 70        0.0298545346
 71        0.0371905196
 72        0.0387533478
 73        0.0640029845
 74        0.0388437305
 75        0.0630901602
 76        0.0595845978
 77        0.0315848024
 78        0.0274565105
 79        0.0491304070

 --------------------------------------------------------------------------------
                                  command: print                                 
 --------------------------------------------------------------------------------
 res.excitation_1_energy:                0.0948114188

 --------------------------------------------------------------------------------
                                  command: print                                 
 --------------------------------------------------------------------------------
 res.excitation_1_transition_dipole : [
  -0.276243331328341,
  0.2829435805334668,
  4.373508335170527
]

 --------------------------------------------------------------------------------
                                  command: print                                 
 --------------------------------------------------------------------------------

 res.excitation_1_transition_charges:
                      1
 1        -0.0002236375
 2         0.0305994782
 3        -0.0107681670
 4        -0.0223186968
 5         0.0090967977
 6         0.0121374056
 7         0.0310830039
 8        -0.0001539049
 9        -0.0000187058
 10       -0.0365765193
 11       -0.0042913892
 12        0.0030783956
 13        0.0002110691
 14        0.0005556535
 15       -0.0136129584
 16       -0.0524600268
 17       -0.0878282639
 18       -0.0331067101
 19       -0.0396525598
 20       -0.0011252800
 21       -0.0058170024
 22       -0.0113526889
 23       -0.0003344342
 24       -0.0074210721
 25       -0.0257309109
 26       -0.0004934627
 27        0.0008730063
 28        0.0444645822
 29       -0.0027556874
 30        0.0033974880
 31        0.0004580456
 32        0.0034708021
 33        0.0695276224
 34        0.0570410839
 35        0.0299241161
 36        0.0357769770
 37        0.0016290397
 38        0.0075170880
 39        0.0142274009
 40        0.0001454698
 41        0.0007424847
 42        0.0006355885
 43        0.0001229501
 44        0.0000433437
 45       -0.0000208635
 46       -0.0000812872
 47        0.0013958264
 48        0.0010653401
 49       -0.0010904248
 50       -0.0003701198
 51       -0.0011347953
 52       -0.0008254788
 53        0.0000689420
 54        0.0003385558
 55        0.0000885390
 56        0.0000639751
 57       -0.0000065558
 58       -0.0112147252
 59       -0.0094230675
 60       -0.0008342761
 61        0.0000023203
 62       -0.0009164165
 63       -0.0019442388
 64        0.0051970346
 65       -0.0002528237
 66       -0.0005289107
 67       -0.0003024703
 68        0.0001357318
 69        0.0003499506
 70        0.0000500998
 71        0.0001171736
 72        0.0006235889
 73        0.0054399964
 74        0.0008614741
 75        0.0116492314
 76        0.0007313493
 77        0.0000040311
 78        0.0000269994
 79        0.0000194800

 --------------------------------------------------------------------------------
                                  command: print                                 
 --------------------------------------------------------------------------------
 res.excitation_1_excited_dipole : [
  -1.1211870147496406,
  0.45496109524015615,
  -1.4671379068718586
]

 --------------------------------------------------------------------------------
                                  command: print                                 
 --------------------------------------------------------------------------------

 res.excitation_1_excited_atomic_charges:
                      1
 1         0.3753153081
 2        -0.1064607793
 3        -0.1438465993
 4        -0.1302325305
 5        -0.1065304620
 6        -0.3345661121
 7         0.1903576023
 8        -0.0295859808
 9        -0.0280500823
 10        0.1822215344
 11       -0.0835344533
 12       -0.0525587430
 13       -0.0771221516
 14        0.0124639281
 15       -0.2864993702
 16        0.1896852891
 17       -0.0524181934
 18       -0.1428610751
 19        0.2191609198
 20       -0.0807976005
 21        0.3202551059
 22       -0.4394259174
 23       -0.1292254799
 24       -0.3616039803
 25        0.2095449581
 26       -0.0210209605
 27       -0.0337147317
 28        0.1708138188
 29       -0.0844877866
 30       -0.0486829612
 31       -0.0923037552
 32       -0.3030711201
 33        0.1484248587
 34       -0.0128044958
 35       -0.1259596426
 36        0.1795742009
 37       -0.0842683982
 38        0.3355268532
 39       -0.4087619085
 40       -0.1075208657
 41        0.5189651846
 42       -0.4651685899
 43       -0.2906604579
 44        0.1059860198
 45        0.0507638718
 46        0.0545274486
 47        0.0418325094
 48        0.0470307223
 49        0.0483381754
 50        0.0445096654
 51        0.0373388858
 52        0.0355396762
 53        0.0398241948
 54        0.0614680538
 55        0.0260704950
 56        0.0202091451
 57        0.0346045543
 58        0.0381478211
 59        0.0470545146
 60        0.0591193062
 61        0.0591591600
 62        0.0487181982
 63        0.0558961971
 64        0.0448535593
 65        0.0387465142
 66        0.0340360495
 67        0.0315865786
 68        0.0343837674
 69        0.0332095931
 70        0.0298928347
 71        0.0374241759
 72        0.0388327976
 73        0.0637787569
 74        0.0388874304
 75        0.0635513921
 76        0.0580056352
 77        0.0315753833
 78        0.0274261184
 79        0.0491064212

 --------------------------------------------------------------------------------
                                  command: print                                 
 --------------------------------------------------------------------------------
 res.excitation_2_energy:                0.1019039194

 --------------------------------------------------------------------------------
                                  command: print                                 
 --------------------------------------------------------------------------------
 res.excitation_2_transition_dipole : [
  0.2906809236227037,
  -2.598301409916082,
  0.29688336764526857
]

 --------------------------------------------------------------------------------
                                  command: print                                 
 --------------------------------------------------------------------------------

 res.excitation_2_transition_charges:
                      1
 1         0.0018795091
 2        -0.0892001460
 3        -0.0635899760
 4         0.0633703039
 5         0.0545193872
 6        -0.1113338508
 7        -0.0072987064
 8         0.0002091980
 9        -0.0012807038
 10       -0.0086497829
 11       -0.0009901202
 12       -0.0005578020
 13       -0.0000045308
 14       -0.0000349766
 15        0.0280453509
 16        0.0027066455
 17       -0.0187479282
 18        0.0060523090
 19       -0.0111490414
 20       -0.0002561593
 21        0.0008094675
 22        0.0011434881
 23        0.0003473787
 24        0.1196826329
 25        0.0022828893
 26        0.0014219744
 27        0.0008847104
 28        0.0176142567
 29        0.0002408871
 30        0.0012037980
 31       -0.0000187302
 32       -0.0187468748
 33        0.0078743485
 34        0.0220854676
 35       -0.0027292607
 36        0.0150025027
 37        0.0008012661
 38       -0.0009301026
 39       -0.0027560302
 40       -0.0007175999
 41       -0.0046880247
 42       -0.0025190894
 43       -0.0006091998
 44       -0.0002771152
 45        0.0000429717
 46       -0.0000350580
 47        0.0006584752
 48       -0.0001450041
 49       -0.0003266454
 50       -0.0003722164
 51       -0.0006413412
 52       -0.0002852204
 53       -0.0000585693
 54       -0.0001548172
 55       -0.0000110980
 56       -0.0000119772
 57       -0.0000939907
 58       -0.0011877025
 59       -0.0028649282
 60        0.0001536738
 61        0.0000282223
 62        0.0002168444
 63       -0.0001846194
 64        0.0022396307
 65        0.0000742655
 66        0.0003116178
 67        0.0002516135
 68        0.0000196712
 69        0.0002446796
 70        0.0000270737
 71        0.0000643901
 72        0.0002042502
 73        0.0028723877
 74       -0.0000238196
 75        0.0043204079
 76       -0.0061347412
 77       -0.0000518608
 78       -0.0001099417
 79       -0.0001286438

 --------------------------------------------------------------------------------
                                  command: print                                 
 --------------------------------------------------------------------------------
 res.excitation_3_energy:                0.1493321236

 --------------------------------------------------------------------------------
                                  command: print                                 
 --------------------------------------------------------------------------------
 res.excitation_3_transition_dipole : [
  0.14179588410601732,
  -1.93498425713644,
  0.11247585319954974
]

 --------------------------------------------------------------------------------
                                  command: print                                 
 --------------------------------------------------------------------------------

 res.excitation_3_transition_charges:
                      1
 1         0.0003505583
 2         0.0154506833
 3         0.0086484333
 4        -0.0129758611
 5        -0.0095297578
 6        -0.0022829507
 7        -0.0633017822
 8        -0.0003125962
 9        -0.0001859886
 10       -0.0531324955
 11       -0.0036640242
 12       -0.0078194464
 13       -0.0004988840
 14       -0.0061765209
 15       -0.0340604294
 16       -0.0231072647
 17       -0.0018023444
 18       -0.0179986436
 19        0.0834670937
 20       -0.0003174507
 21       -0.0100543605
 22       -0.0147263724
 23       -0.0000015755
 24        0.0024529948
 25        0.0878833679
 26       -0.0010663392
 27       -0.0004780717
 28        0.0605706037
 29        0.0090606888
 30        0.0044766095
 31        0.0006659301
 32        0.0114505655
 33        0.0344940331
 34       -0.0301334475
 35        0.0033257952
 36       -0.0325241155
 37       -0.0000782587
 38       -0.0008659713
 39       -0.0011147090
 40       -0.0002114829
 41        0.0009057267
 42        0.0004151866
 43        0.0001576925
 44        0.0000346701
 45        0.0002251152
 46       -0.0004879308
 47        0.0009870501
 48       -0.0012080623
 49       -0.0010782559
 50       -0.0001969210
 51       -0.0008806442
 52       -0.0005650076
 53       -0.0002564481
 54       -0.0002853266
 55        0.0008148705
 56       -0.0003992725
 57        0.0000719765
 58       -0.0007348423
 59        0.0002530654
 60       -0.0013711810
 61        0.0000183114
 62       -0.0015513031
 63        0.0061031373
 64        0.0048736010
 65        0.0015673170
 66        0.0024786215
 67        0.0020702567
 68        0.0004872057
 69        0.0005013848
 70        0.0001852725
 71        0.0000444058
 72        0.0006101410
 73       -0.0021500782
 74       -0.0004425553
 75       -0.0058551589
 76        0.0007625306
 77        0.0000193661
 78        0.0000264816
 79       -0.0000266114

 --------------------------------------------------------------------------------
                                  command: print                                 
 --------------------------------------------------------------------------------
 res.excitation_4_energy:                0.1627844053

 --------------------------------------------------------------------------------
                                  command: print                                 
 --------------------------------------------------------------------------------
 res.excitation_4_transition_dipole : [
  0.14116080385029997,
  -0.06665057127664183,
  -1.7830459509146688
]

 --------------------------------------------------------------------------------
                                  command: print                                 
 --------------------------------------------------------------------------------

 res.excitation_4_transition_charges:
                      1
 1         0.0063327992
 2        -0.0458061003
 3         0.0498359591
 4         0.0334991279
 5        -0.0587449991
 6         0.0193413117
 7         0.0148152232
 8        -0.0012448848
 9         0.0003432089
 10       -0.0122409807
 11       -0.0009128585
 12        0.0014501644
 13       -0.0002116215
 14        0.0003439170
 15        0.0849453769
 16        0.0002575800
 17       -0.0002114872
 18        0.0034345460
 19        0.0231714598
 20        0.0003268214
 21        0.0020932927
 22        0.0016900408
 23        0.0009281422
 24       -0.0450156482
 25       -0.0069570035
 26        0.0007928931
 27       -0.0001515664
 28        0.0247380813
 29       -0.0000758122
 30        0.0016261308
 31       -0.0001219420
 32       -0.0651757684
 33        0.0050654719
 34       -0.0115448890
 35       -0.0001062042
 36       -0.0131062814
 37       -0.0000494889
 38        0.0000027331
 39        0.0000864612
 40        0.0012329777
 41       -0.0056358924
 42       -0.0016618541
 43       -0.0008027276
 44       -0.0003073528
 45        0.0003609650
 46       -0.0001865519
 47        0.0004401173
 48        0.0001287796
 49       -0.0003485862
 50       -0.0003208520
 51       -0.0004024213
 52       -0.0001845136
 53        0.0001152675
 54        0.0001702871
 55       -0.0001560168
 56        0.0000771892
 57        0.0001815986
 58       -0.0000679104
 59        0.0001065466
 60        0.0003024816
 61        0.0002014465
 62        0.0003728195
 63        0.0010554437
 64        0.0020119131
 65       -0.0002898846
 66       -0.0003152990
 67       -0.0002485920
 68        0.0001533056
 69        0.0003443326
 70        0.0000626445
 71        0.0000245662
 72        0.0002331598
 73       -0.0011461170
 74        0.0000336557
 75       -0.0021869450
 76       -0.0065734409
 77       -0.0002150950
 78       -0.0002150814
 79        0.0002124304

 --------------------------------------------------------------------------------

 End time:                               Mon Jul  5 14:56:20 2021
 Total wall-clock time:                  0.557 seconds
==================================================================================
