
================================================================================
          _____________ ________ _______________ ________     _________         
         / ___________// ______ \\_____   _____// ______ \   / ________)        
        / /_________  / /      \ \     | |     / /      \ \ | (_______          
       |  __________|| |        | |    | |    | |        | | \________ \        
        \ \_________ | |        | |    | |     \ \______/ /___________) |       
         \__________||_|        |_|    |_|      \________//____________/        
                                                                                
====================================[ Qcore ]===================================

 Git hash:   4f46786782e696c626e0064ff3d1a47267e124c4
 Git date:   Wed, 30 Jun 2021 10:19:53 +0100
 Compiler:   AppleClang 10.0.1.10010046
 Build type: Release
 Version:    1.4.1

 Start time: Mon Jul  5 14:42:50 2021

 Data directory: /Users/of15641/qcore/cmake-build-release/share/entos/1.4.1/data
 Number of threads: 2
 Number of threads was determined by: number of physical cores

 --------------------------------------------------------------------------------
                                   command: xtb                                  
 --------------------------------------------------------------------------------
 XTB basis setup:                        reference basis
 Number of basis functions:            244
 GFN version:                            chlorophyll
 Integral screening threshold:           1.00e-10
 Total charge:                           0.000000000
 Number of electrons:                  218.000000000
 Electronic temperature (Kelvin):        0.000000000

 D3BJ energy:                           -0.062562628
 Repulsive energy:                       1.518574963

 ****************************************************
  Running robust self-consistent charge (SCC) solver 
 ****************************************************
 Number of SCC trials:                   4
 Using the stop-early mechanism for the first 3 trials

 Conv. threshold (charge):               1.00e-05
 Conv. threshold (energy):               1.00e-06
 Initial guess:                          eeq

 -------------
  SCC Trial 1 
 -------------
 Broyden mixing factor:                  0.400000000
 Max number of iterations:             128

 ---------------------------------------------------------------
                  energy        change          grad        time
 ---------------------------------------------------------------
   0      -130.292180116                    6.60e-01        0.01
   1      -130.884265264     -5.92e-01      3.88e-01        0.01
   2      -130.893048938     -8.78e-03      1.03e-01        0.01
   3      -130.904346353     -1.13e-02      1.05e-02        0.01
   4      -130.904884225     -5.38e-04      5.83e-03        0.01
   5      -130.907232408     -2.35e-03      1.35e-03        0.01
   6      -130.907340180     -1.08e-04      3.93e-04        0.01
   7      -130.907347117     -6.94e-06      1.59e-04        0.01
   8      -130.907347983     -8.66e-07      4.52e-05        0.01
   9      -130.907348000     -1.69e-08      1.63e-05        0.01
  10      -130.907348002     -1.42e-09      4.99e-06        0.01
  11      -130.907348002     -1.68e-10      1.76e-06        0.01

 SCF converged in 10 iterations.

 Entropy contribution (-ST):             0.000000000
 Dipole moment (in Debye):              -2.420881       1.118138      -2.973346

 ----------------
  Excitation 0 1 
 ----------------
 Setting up Delta-SCF
 Ground-Excited state overlap:          -0.000000000
 No correction applied to the TDM.
 Excitation energy:                      0.094811659
 Excitation energy (in eV):              2.579956677
 Transition dipole:                     -0.22659      -0.27165       4.37707

 -----------------
  Excitation -1 1 
 -----------------
 Setting up Delta-SCF
 Ground-Excited state overlap:           0.000000000
 No correction applied to the TDM.
 Excitation energy:                      0.101903832
 Excitation energy (in eV):              2.772944535
 Transition dipole:                      0.31714      -2.61189      -0.03529

 ----------------
  Excitation 0 2 
 ----------------
 Setting up Delta-SCF
 Ground-Excited state overlap:           0.000000000
 No correction applied to the TDM.
 Excitation energy:                      0.149331766
 Excitation energy (in eV):              4.063524352
 Transition dipole:                      0.16022      -1.93230      -0.13325

 -----------------
  Excitation -1 2 
 -----------------
 Setting up Delta-SCF
 Ground-Excited state overlap:           0.000000000
 No correction applied to the TDM.
 Excitation energy:                      0.162783797
 Excitation energy (in eV):              4.429572765
 Transition dipole:                      0.12048       0.15932      -1.77874
 TOTAL ENERGY:                        -130.907348002
 Saving results in set 'res'

 --------------------------------------------------------------------------------
                                  command: print                                 
 --------------------------------------------------------------------------------
 res.energy:                          -130.9073480019

 --------------------------------------------------------------------------------
                                  command: print                                 
 --------------------------------------------------------------------------------

 res.dipole:
                      1
 1        -0.9524477719
 2         0.4399093259
 3        -1.1698041583

 --------------------------------------------------------------------------------
                                  command: print                                 
 --------------------------------------------------------------------------------

 res.atomic_charges:
                      1
 1         0.3739082344
 2        -0.0585626464
 3        -0.1052964933
 4        -0.0918979724
 5        -0.0754645967
 6        -0.2347860204
 7         0.1311613988
 8        -0.0310255767
 9        -0.0293011676
 10        0.1146180220
 11       -0.0895450048
 12       -0.0574334141
 13       -0.0770433405
 14        0.0120162347
 15       -0.2927750740
 16        0.1409375779
 17       -0.0390536495
 18       -0.1169492794
 19        0.1621820401
 20       -0.0831254156
 21        0.3351414589
 22       -0.4233100069
 23       -0.1290209823
 24       -0.2520898018
 25        0.1464340841
 26       -0.0216312955
 27       -0.0354952496
 28        0.1192979072
 29       -0.0909141632
 30       -0.0530856353
 31       -0.0928304998
 32       -0.3034581611
 33        0.1010564061
 34        0.0040112500
 35       -0.1119390363
 36        0.1478681289
 37       -0.0863952666
 38        0.3461439141
 39       -0.3982366359
 40       -0.1076573516
 41        0.5203695702
 42       -0.4647527903
 43       -0.2905240284
 44        0.1060474705
 45        0.0507581662
 46        0.0537448413
 47        0.0399254125
 48        0.0445128105
 49        0.0460329552
 50        0.0446838417
 51        0.0374148871
 52        0.0349401408
 53        0.0399243440
 54        0.0614563758
 55        0.0256561581
 56        0.0201025684
 57        0.0346402930
 58        0.0358419624
 59        0.0466778590
 60        0.0608356462
 61        0.0591644254
 62        0.0504340385
 63        0.0496712755
 64        0.0359891965
 65        0.0384012086
 66        0.0337231250
 67        0.0308881063
 68        0.0342568828
 69        0.0332402389
 70        0.0298549827
 71        0.0371891897
 72        0.0387552499
 73        0.0640050874
 74        0.0388428556
 75        0.0630901383
 76        0.0595842248
 77        0.0315831173
 78        0.0274555120
 79        0.0491297406

 --------------------------------------------------------------------------------
                                  command: print                                 
 --------------------------------------------------------------------------------
 res.excitation_1_energy:                0.0948116591

 --------------------------------------------------------------------------------
                                  command: print                                 
 --------------------------------------------------------------------------------
 res.excitation_1_transition_dipole : [
  -0.22659191487609018,
  -0.2716491880525786,
  4.377073016605931
]

 --------------------------------------------------------------------------------
                                  command: print                                 
 --------------------------------------------------------------------------------

 res.excitation_1_transition_charges:
                      1
 1        -0.0002236614
 2         0.0306035071
 3        -0.0107657548
 4        -0.0223216550
 5         0.0090951340
 6         0.0121415900
 7         0.0310836046
 8        -0.0001538950
 9        -0.0000186387
 10       -0.0365752746
 11       -0.0042911628
 12        0.0030785431
 13        0.0002110830
 14        0.0005556875
 15       -0.0136140558
 16       -0.0524603876
 17       -0.0878265272
 18       -0.0331086144
 19       -0.0396502215
 20       -0.0011252059
 21       -0.0058173607
 22       -0.0113531849
 23       -0.0003344637
 24       -0.0074252544
 25       -0.0257307957
 26       -0.0004934747
 27        0.0008729813
 28        0.0444646255
 29       -0.0027557899
 30        0.0033974693
 31        0.0004580491
 32        0.0034713330
 33        0.0695270804
 34        0.0570378643
 35        0.0299268395
 36        0.0357735746
 37        0.0016289877
 38        0.0075174417
 39        0.0142281577
 40        0.0001454895
 41        0.0007426563
 42        0.0006356617
 43        0.0001229705
 44        0.0000433504
 45       -0.0000208621
 46       -0.0000812854
 47        0.0013957458
 48        0.0010653837
 49       -0.0010903408
 50       -0.0003700973
 51       -0.0011347587
 52       -0.0008254537
 53        0.0000689505
 54        0.0003385710
 55        0.0000885423
 56        0.0000639817
 57       -0.0000065502
 58       -0.0112150573
 59       -0.0094231944
 60       -0.0008343226
 61        0.0000023190
 62       -0.0009164729
 63       -0.0019442746
 64        0.0051971979
 65       -0.0002528169
 66       -0.0005289351
 67       -0.0003024610
 68        0.0001357353
 69        0.0003499485
 70        0.0000501015
 71        0.0001171707
 72        0.0006235921
 73        0.0054391986
 74        0.0008614638
 75        0.0116485251
 76        0.0007316314
 77        0.0000040327
 78        0.0000270039
 79        0.0000194846

 --------------------------------------------------------------------------------
                                  command: print                                 
 --------------------------------------------------------------------------------
 res.excitation_1_excited_dipole : [
  -1.142572394306944,
  0.6242210405465514,
  -1.3861553400817552
]

 --------------------------------------------------------------------------------
                                  command: print                                 
 --------------------------------------------------------------------------------

 res.excitation_1_excited_atomic_charges:
                      1
 1         0.3753153230
 2        -0.1064565077
 3        -0.1438499836
 4        -0.1302317452
 5        -0.1065299098
 6        -0.3345607487
 7         0.1903599526
 8        -0.0295853011
 9        -0.0280515934
 10        0.1822215219
 11       -0.0835341417
 12       -0.0525584165
 13       -0.0771223799
 14        0.0124635231
 15       -0.2864962145
 16        0.1896859536
 17       -0.0524214726
 18       -0.1428638348
 19        0.2191609796
 20       -0.0807954104
 21        0.3202525865
 22       -0.4394272063
 23       -0.1292246507
 24       -0.3616016749
 25        0.2095472198
 26       -0.0210212928
 27       -0.0337138272
 28        0.1708131901
 29       -0.0844886942
 30       -0.0486825250
 31       -0.0923038492
 32       -0.3030760434
 33        0.1484219465
 34       -0.0128066807
 35       -0.1259621144
 36        0.1795739574
 37       -0.0842697470
 38        0.3355264757
 39       -0.4087618922
 40       -0.1075205871
 41        0.5189665944
 42       -0.4651628207
 43       -0.2906635538
 44        0.1059873062
 45        0.0507644094
 46        0.0545281132
 47        0.0418327528
 48        0.0470302971
 49        0.0483387592
 50        0.0445098785
 51        0.0373394579
 52        0.0355390644
 53        0.0398259441
 54        0.0614680126
 55        0.0260716601
 56        0.0202082451
 57        0.0346024111
 58        0.0381471206
 59        0.0470543863
 60        0.0591183900
 61        0.0591601549
 62        0.0487180902
 63        0.0558959148
 64        0.0448531529
 65        0.0387493072
 66        0.0340356345
 67        0.0315863225
 68        0.0343833555
 69        0.0332090344
 70        0.0298932848
 71        0.0374228404
 72        0.0388346743
 73        0.0637804841
 74        0.0388865321
 75        0.0635506242
 76        0.0580053974
 77        0.0315736994
 78        0.0274251237
 79        0.0491057593

 --------------------------------------------------------------------------------
                                  command: print                                 
 --------------------------------------------------------------------------------
 res.excitation_2_energy:                0.1019038321

 --------------------------------------------------------------------------------
                                  command: print                                 
 --------------------------------------------------------------------------------
 res.excitation_2_transition_dipole : [
  0.3171396590707876,
  -2.611893206255791,
  -0.03528999497234882
]

 --------------------------------------------------------------------------------
                                  command: print                                 
 --------------------------------------------------------------------------------

 res.excitation_2_transition_charges:
                      1
 1         0.0018795308
 2        -0.0891996600
 3        -0.0635903092
 4         0.0633702267
 5         0.0545196982
 6        -0.1113298602
 7        -0.0072976920
 8         0.0002092039
 9        -0.0012806914
 10       -0.0086507442
 11       -0.0009902146
 12       -0.0005577193
 13       -0.0000045252
 14       -0.0000349612
 15        0.0280449538
 16        0.0027048918
 17       -0.0187520299
 18        0.0060526026
 19       -0.0111503005
 20       -0.0002562241
 21        0.0008095041
 22        0.0011435476
 23        0.0003473702
 24        0.1196803944
 25        0.0022815941
 26        0.0014219145
 27        0.0008847434
 28        0.0176163801
 29        0.0002407532
 30        0.0012039504
 31       -0.0000187048
 32       -0.0187485187
 33        0.0078772648
 34        0.0220866118
 35       -0.0027276129
 36        0.0150027327
 37        0.0008013186
 38       -0.0009297881
 39       -0.0027554045
 40       -0.0007175645
 41       -0.0046881096
 42       -0.0025190552
 43       -0.0006092259
 44       -0.0002771144
 45        0.0000429863
 46       -0.0000350627
 47        0.0006584555
 48       -0.0001449703
 49       -0.0003266749
 50       -0.0003722298
 51       -0.0006413802
 52       -0.0002852432
 53       -0.0000585664
 54       -0.0001548088
 55       -0.0000110951
 56       -0.0000119757
 57       -0.0000939885
 58       -0.0011883596
 59       -0.0028654721
 60        0.0001536849
 61        0.0000282215
 62        0.0002168556
 63       -0.0001847216
 64        0.0022399645
 65        0.0000742458
 66        0.0003115786
 67        0.0002515798
 68        0.0000196774
 69        0.0002446929
 70        0.0000270776
 71        0.0000643950
 72        0.0002042823
 73        0.0028722311
 74       -0.0000237856
 75        0.0043206793
 76       -0.0061349700
 77       -0.0000518630
 78       -0.0001099482
 79       -0.0001286493

 --------------------------------------------------------------------------------
                                  command: print                                 
 --------------------------------------------------------------------------------
 res.excitation_3_energy:                0.1493317656

 --------------------------------------------------------------------------------
                                  command: print                                 
 --------------------------------------------------------------------------------
 res.excitation_3_transition_dipole : [
  0.1602207500242681,
  -1.9322962960942003,
  -0.13325225740854285
]

 --------------------------------------------------------------------------------
                                  command: print                                 
 --------------------------------------------------------------------------------

 res.excitation_3_transition_charges:
                      1
 1         0.0003505365
 2         0.0154539861
 3         0.0086470369
 4        -0.0129774677
 5        -0.0095278562
 6        -0.0022842036
 7        -0.0633095051
 8        -0.0003125265
 9        -0.0001860933
 10       -0.0531341801
 11       -0.0036639670
 12       -0.0078204444
 13       -0.0004989696
 14       -0.0061769886
 15       -0.0340623892
 16       -0.0231084095
 17       -0.0017983013
 18       -0.0179979755
 19        0.0834610987
 20       -0.0003174436
 21       -0.0100538195
 22       -0.0147253955
 23       -0.0000016162
 24        0.0024545206
 25        0.0878843850
 26       -0.0010663942
 27       -0.0004781116
 28        0.0605703650
 29        0.0090610744
 30        0.0044765834
 31        0.0006659290
 32        0.0114524929
 33        0.0344944376
 34       -0.0301309484
 35        0.0033272918
 36       -0.0325241583
 37       -0.0000783045
 38       -0.0008654239
 39       -0.0011139132
 40       -0.0002115408
 41        0.0009059637
 42        0.0004152540
 43        0.0001577256
 44        0.0000346746
 45        0.0002250831
 46       -0.0004879141
 47        0.0009871442
 48       -0.0012083029
 49       -0.0010782386
 50       -0.0001968867
 51       -0.0008805945
 52       -0.0005649882
 53       -0.0002564771
 54       -0.0002854123
 55        0.0008148607
 56       -0.0003993279
 57        0.0000719704
 58       -0.0007344275
 59        0.0002534905
 60       -0.0013711036
 61        0.0000183006
 62       -0.0015512181
 63        0.0061033519
 64        0.0048737812
 65        0.0015673011
 66        0.0024786818
 67        0.0020702554
 68        0.0004872159
 69        0.0005013959
 70        0.0001852806
 71        0.0000444015
 72        0.0006101268
 73       -0.0021496955
 74       -0.0004425155
 75       -0.0058546512
 76        0.0007628575
 77        0.0000193730
 78        0.0000264896
 79       -0.0000266163

 --------------------------------------------------------------------------------
                                  command: print                                 
 --------------------------------------------------------------------------------
 res.excitation_4_energy:                0.1627837967

 --------------------------------------------------------------------------------
                                  command: print                                 
 --------------------------------------------------------------------------------
 res.excitation_4_transition_dipole : [
  0.12047839479768312,
  0.15931667117939138,
  -1.7787377169465544
]

 --------------------------------------------------------------------------------
                                  command: print                                 
 --------------------------------------------------------------------------------

 res.excitation_4_transition_charges:
                      1
 1         0.0063327514
 2        -0.0458096550
 3         0.0498389304
 4         0.0334991469
 5        -0.0587448140
 6         0.0193447790
 7         0.0148147122
 8        -0.0012449755
 9         0.0003432289
 10       -0.0122431761
 11       -0.0009129903
 12        0.0014500692
 13       -0.0002116325
 14        0.0003437470
 15        0.0849403897
 16        0.0002569820
 17       -0.0002107012
 18        0.0034343687
 19        0.0231739598
 20        0.0003267916
 21        0.0020931566
 22        0.0016899378
 23        0.0009280149
 24       -0.0450141979
 25       -0.0069526281
 26        0.0007929304
 27       -0.0001516004
 28        0.0247408704
 29       -0.0000753910
 30        0.0016263304
 31       -0.0001219009
 32       -0.0651818451
 33        0.0050670250
 34       -0.0115452230
 35       -0.0001060757
 36       -0.0131078493
 37       -0.0000495145
 38        0.0000026136
 39        0.0000862353
 40        0.0012330826
 41       -0.0056361685
 42       -0.0016618679
 43       -0.0008027920
 44       -0.0003073417
 45        0.0003609572
 46       -0.0001865759
 47        0.0004401775
 48        0.0001287645
 49       -0.0003486317
 50       -0.0003208537
 51       -0.0004024407
 52       -0.0001845291
 53        0.0001152688
 54        0.0001703075
 55       -0.0001559876
 56        0.0000771806
 57        0.0001815969
 58       -0.0000679052
 59        0.0001066891
 60        0.0003024667
 61        0.0002014124
 62        0.0003727910
 63        0.0010557904
 64        0.0020122339
 65       -0.0002897803
 66       -0.0003151688
 67       -0.0002484398
 68        0.0001533272
 69        0.0003443625
 70        0.0000626549
 71        0.0000245652
 72        0.0002331834
 73       -0.0011460215
 74        0.0000336356
 75       -0.0021870263
 76       -0.0065739209
 77       -0.0002151081
 78       -0.0002151102
 79        0.0002124217

 --------------------------------------------------------------------------------

 End time:                               Mon Jul  5 14:42:50 2021
 Total wall-clock time:                  0.514 seconds
==================================================================================
