
================================================================================
          _____________ ________ _______________ ________     _________         
         / ___________// ______ \\_____   _____// ______ \   / ________)        
        / /_________  / /      \ \     | |     / /      \ \ | (_______          
       |  __________|| |        | |    | |    | |        | | \________ \        
        \ \_________ | |        | |    | |     \ \______/ /___________) |       
         \__________||_|        |_|    |_|      \________//____________/        
                                                                                
====================================[ Qcore ]===================================

 Git hash:   ad9d0b24ea610736acb9cf13a2604964cd4d942e
 Git date:   Wed, 30 Jun 2021 12:42:56 +0100
 Compiler:   GNU 9.1.0
 Build type: Release
 Version:    1.4.1

 Start time: Wed Jun 30 13:19:34 2021

 Data directory: /home/of15641/.local/src/Qcore/release/share/entos/1.4.1/data
 Number of threads: 2
 Number of threads was determined by: command line argument
  - More threads can be used by running 'qcore -n 24'

 --------------------------------------------------------------------------------
                                   command: xtb                                  
 --------------------------------------------------------------------------------
 XTB basis setup:                        reference basis
 Number of basis functions:            244
 GFN version:                            chlorophyll
 Integral screening threshold:           1.00e-10
 Total charge:                           0.000000000
 Number of electrons:                  218.000000000
 Electronic temperature (Kelvin):        0.000000000

 D3BJ energy:                           -0.062532604
 Repulsive energy:                       1.521557550

 ****************************************************
  Running robust self-consistent charge (SCC) solver 
 ****************************************************
 Number of SCC trials:                   4
 Using the stop-early mechanism for the first 3 trials

 Conv. threshold (charge):               1.00e-05
 Conv. threshold (energy):               1.00e-06
 Initial guess:                          eeq

 -------------
  SCC Trial 1 
 -------------
 Broyden mixing factor:                  0.400000000
 Max number of iterations:             128

 ---------------------------------------------------------------
                  energy        change          grad        time
 ---------------------------------------------------------------
   0      -130.296903131                    6.61e-01        0.01
   1      -130.889100032     -5.92e-01      3.88e-01        0.01
   2      -130.898031698     -8.93e-03      1.03e-01        0.01
   3      -130.909491422     -1.15e-02      1.05e-02        0.01
   4      -130.910043931     -5.53e-04      5.71e-03        0.01
   5      -130.912306963     -2.26e-03      1.38e-03        0.01
   6      -130.912420601     -1.14e-04      4.09e-04        0.01
   7      -130.912428305     -7.70e-06      1.58e-04        0.01
   8      -130.912429095     -7.90e-07      4.48e-05        0.01
   9      -130.912429110     -1.42e-08      1.59e-05        0.01
  10      -130.912429111     -1.31e-09      4.94e-06        0.01
  11      -130.912429111     -1.80e-10      1.72e-06        0.01

 SCF converged in 10 iterations.

 Entropy contribution (-ST):             0.000000000
 Dipole moment (in Debye):              -2.900982       0.884365       2.736966

 ----------------
  Excitation 0 1 
 ----------------
 Setting up Delta-SCF
 Ground-Excited state overlap:          -0.000000000
 No correction applied to the TDM.
 Excitation energy:                      0.095287772
 Excitation energy (in eV):              2.592912382
 Transition dipole:                      0.59534      -2.67606      -3.41861
 ------------------------------------------------------
           transition charges and positions           
           --------------------------------           
        atom     charge/e     x/bohr        y/bohr        z/bohr
 ------------------------------------------------------
     1  Mg       0.000008     14.896976      1.341139      1.131625
     2  C        0.020012     15.142583     -5.411741      0.828909
     3  C       -0.017704     12.826781      0.712842      7.205979
     4  C       -0.016140     13.846836      7.241034      1.166774
     5  C        0.014891     14.898771      1.358108     -5.454165
     6  N        0.000949     14.157129     -2.022668      3.506066
     7  C        0.030429     14.434352     -4.500931      3.202651
     8  C       -0.000141     14.039758     -6.032554      5.685959
     9  C       -0.000161     12.316385     -4.069261      7.186987
    10  C       -0.036514     13.197809     -1.638922      5.941526
    11  C       -0.004507      9.496308     -4.397430      6.689442
    12  C        0.002933     16.584539     -6.545728      7.105843
    13  C        0.000205     16.449461     -8.537367      9.201190
    14  H        0.000511     18.614067    -10.185019      9.602398
    15  N       -0.010726     14.429873      3.700159      3.987171
    16  C       -0.050688     13.601417      3.113248      6.337310
    17  C       -0.092760     13.580347      5.513389      7.768286
    18  C       -0.030516     14.120846      7.598929      5.957381
    19  C       -0.040595     14.104972      6.251252      3.592048
    20  C       -0.001205     13.175530      5.651906     10.566404
    21  C       -0.005472     14.559376     10.370496      6.301745
    22  O       -0.010687     14.560718     11.912474      4.441782
    23  C       -0.000274     14.824486     11.268872      8.925252
    24  N        0.004973     14.018045      3.927342     -1.714492
    25  C       -0.024637     13.767940      6.390638     -1.206307
    26  C       -0.000360     13.673831      7.930406     -3.584319
    27  C        0.001001     14.376129      6.041984     -5.830637
    28  C        0.047780     14.613743      3.572093     -4.279020
    29  C       -0.002824     11.137120      9.213530     -4.160610
    30  C        0.003502     16.600923      6.814882     -7.569884
    31  C        0.000487     19.050253      6.748193     -6.098940
    32  N        0.001222     15.336431     -1.456204     -1.835718
    33  C        0.069577     15.229624     -1.035891     -4.450116
    34  C        0.058066     15.425456     -3.525530     -5.685865
    35  C        0.028898     15.602240     -5.235165     -3.690786
    36  C        0.039098     15.472019     -3.902738     -1.356086
    37  C        0.001622     15.315115     -3.982730     -8.333163
    38  C        0.007322     15.824019     -7.881953     -2.987865
    39  O        0.013550     16.185032     -9.862953     -4.155905
    40  C        0.000078     15.303815     -8.123895     -0.033807
    41  C        0.000218     17.358608     -9.749399      1.069831
    42  O        0.000377     19.593909     -8.999934      1.126163
    43  O        0.000054     16.313873    -11.717228      2.280654
    44  C        0.000012     18.248046    -13.375727      3.467288
    45  H       -0.000017     11.749259      0.740338      8.965144
    46  H       -0.000088     13.690688      9.297169      1.088123
    47  H        0.001383     15.073230      1.230061     -7.505482
    48  H        0.001048     13.032005     -7.813205      5.445851
    49  H       -0.001158     12.754782     -4.042634      9.199092
    50  H       -0.000416      9.150470     -5.770997      5.194158
    51  H       -0.001187      8.816650     -2.535635      6.127324
    52  H       -0.000832      8.495547     -4.864098      8.428953
    53  H        0.000063     17.082633     -4.890914      8.226620
    54  H        0.000309     18.071961     -7.057447      5.774342
    55  H        0.000083     14.714277     -9.641931      9.079737
    56  H        0.000061     16.310075     -7.562382     11.010357
    57  H       -0.000016     12.516922      3.855533     11.325677
    58  H       -0.011636     11.607813      6.949128     10.884067
    59  H       -0.009958     14.848882      6.328088     11.559530
    60  H       -0.000777     13.119027     10.798235      9.980853
    61  H        0.000005     15.295216     13.268882      8.796184
    62  H       -0.000815     16.366578     10.243657      9.828957
    63  H       -0.001999     15.052481      9.457909     -3.530670
    64  H        0.005343     12.799096      5.761964     -7.126535
    65  H       -0.000243     11.274711     11.257495     -4.380064
    66  H       -0.000498      9.817524      8.718629     -2.659393
    67  H       -0.000286     10.159394      8.487421     -5.821093
    68  H        0.000138     16.349003      8.745029     -8.240548
    69  H        0.000382     16.803123      5.599221     -9.220522
    70  H        0.000056     19.074423      8.581341     -5.162335
    71  H        0.000118     20.652817      6.552909     -7.379721
    72  H        0.000688     19.005675      5.305973     -4.628506
    73  H        0.005841     16.798588     -5.351194     -8.744122
    74  H        0.000838     15.582568     -2.244428     -9.404506
    75  H        0.011599     13.405585     -4.733632     -8.511440
    76  H        0.000090     13.443776     -8.982549      0.171757
    77  H       -0.000001     17.941324    -15.279570      2.742975
    78  H        0.000013     18.095299    -13.090586      5.501786
    79  H        0.000006     20.201021    -13.051677      2.894475
 ------------------------------------------------------


 -----------------
  Excitation -1 1 
 -----------------
 Setting up Delta-SCF
 Ground-Excited state overlap:           0.000000000
 No correction applied to the TDM.
 Excitation energy:                      0.102301616
 Excitation energy (in eV):              2.783768796
 Transition dipole:                      0.00496       2.09945      -1.54298
 ------------------------------------------------------
           transition charges and positions           
           --------------------------------           
        atom     charge/e     x/bohr        y/bohr        z/bohr
 ------------------------------------------------------
     1  Mg       0.001802     14.896976      1.341139      1.131625
     2  C       -0.085889     15.142583     -5.411741      0.828909
     3  C       -0.067019     12.826781      0.712842      7.205979
     4  C        0.067534     13.846836      7.241034      1.166774
     5  C        0.053812     14.898771      1.358108     -5.454165
     6  N       -0.113094     14.157129     -2.022668      3.506066
     7  C       -0.010082     14.434352     -4.500931      3.202651
     8  C        0.000210     14.039758     -6.032554      5.685959
     9  C       -0.001257     12.316385     -4.069261      7.186987
    10  C       -0.005264     13.197809     -1.638922      5.941526
    11  C       -0.000627      9.496308     -4.397430      6.689442
    12  C       -0.000799     16.584539     -6.545728      7.105843
    13  C       -0.000022     16.449461     -8.537367      9.201190
    14  H       -0.000077     18.614067    -10.185019      9.602398
    15  N        0.029363     14.429873      3.700159      3.987171
    16  C        0.007766     13.601417      3.113248      6.337310
    17  C       -0.010903     13.580347      5.513389      7.768286
    18  C        0.008366     14.120846      7.598929      5.957381
    19  C       -0.007439     14.104972      6.251252      3.592048
    20  C       -0.000112     13.175530      5.651906     10.566404
    21  C        0.001143     14.559376     10.370496      6.301745
    22  O        0.001899     14.560718     11.912474      4.441782
    23  C        0.000358     14.824486     11.268872      8.925252
    24  N        0.118663     14.018045      3.927342     -1.714492
    25  C        0.004892     13.767940      6.390638     -1.206307
    26  C        0.001514     13.673831      7.930406     -3.584319
    27  C        0.000827     14.376129      6.041984     -5.830637
    28  C        0.012634     14.613743      3.572093     -4.279020
    29  C        0.000574     11.137120      9.213530     -4.160610
    30  C        0.000765     16.600923      6.814882     -7.569884
    31  C       -0.000067     19.050253      6.748193     -6.098940
    32  N       -0.015936     15.336431     -1.456204     -1.835718
    33  C       -0.000315     15.229624     -1.035891     -4.450116
    34  C        0.014840     15.425456     -3.525530     -5.685865
    35  C       -0.005252     15.602240     -5.235165     -3.690786
    36  C        0.010890     15.472019     -3.902738     -1.356086
    37  C        0.000546     15.315115     -3.982730     -8.333163
    38  C       -0.001518     15.824019     -7.881953     -2.987865
    39  O       -0.003851     16.185032     -9.862953     -4.155905
    40  C       -0.000559     15.303815     -8.123895     -0.033807
    41  C       -0.004150     17.358608     -9.749399      1.069831
    42  O       -0.002229     19.593909     -8.999934      1.126163
    43  O       -0.000509     16.313873    -11.717228      2.280654
    44  C       -0.000241     18.248046    -13.375727      3.467288
    45  H        0.000061     11.749259      0.740338      8.965144
    46  H       -0.000025     13.690688      9.297169      1.088123
    47  H        0.000437     15.073230      1.230061     -7.505482
    48  H       -0.000246     13.032005     -7.813205      5.445851
    49  H       -0.000227     12.754782     -4.042634      9.199092
    50  H       -0.000340      9.150470     -5.770997      5.194158
    51  H       -0.000558      8.816650     -2.535635      6.127324
    52  H       -0.000207      8.495547     -4.864098      8.428953
    53  H       -0.000066     17.082633     -4.890914      8.226620
    54  H       -0.000171     18.071961     -7.057447      5.774342
    55  H       -0.000019     14.714277     -9.641931      9.079737
    56  H       -0.000018     16.310075     -7.562382     11.010357
    57  H       -0.000092     12.516922      3.855533     11.325677
    58  H       -0.000121     11.607813      6.949128     10.884067
    59  H       -0.002020     14.848882      6.328088     11.559530
    60  H        0.000217     13.119027     10.798235      9.980853
    61  H        0.000020     15.295216     13.268882      8.796184
    62  H        0.000269     16.366578     10.243657      9.828957
    63  H        0.000054     15.052481      9.457909     -3.530670
    64  H        0.001548     12.799096      5.761964     -7.126535
    65  H        0.000096     11.274711     11.257495     -4.380064
    66  H        0.000368      9.817524      8.718629     -2.659393
    67  H        0.000281     10.159394      8.487421     -5.821093
    68  H        0.000002     16.349003      8.745029     -8.240548
    69  H        0.000211     16.803123      5.599221     -9.220522
    70  H        0.000023     19.074423      8.581341     -5.162335
    71  H        0.000046     20.652817      6.552909     -7.379721
    72  H        0.000147     19.005675      5.305973     -4.628506
    73  H        0.002205     16.798588     -5.351194     -8.744122
    74  H       -0.000121     15.582568     -2.244428     -9.404506
    75  H        0.002724     13.405585     -4.733632     -8.511440
    76  H       -0.005423     13.443776     -8.982549      0.171757
    77  H       -0.000039     17.941324    -15.279570      2.742975
    78  H       -0.000093     18.095299    -13.090586      5.501786
    79  H       -0.000112     20.201021    -13.051677      2.894475
 ------------------------------------------------------


 ----------------
  Excitation 0 2 
 ----------------
 Setting up Delta-SCF
 Ground-Excited state overlap:           0.000000000
 No correction applied to the TDM.
 Excitation energy:                      0.149820114
 Excitation energy (in eV):              4.076812995
 Transition dipole:                     -0.07030       1.63736      -1.13978
 ------------------------------------------------------
           transition charges and positions           
           --------------------------------           
        atom     charge/e     x/bohr        y/bohr        z/bohr
 ------------------------------------------------------
     1  Mg       0.000998     14.896976      1.341139      1.131625
     2  C        0.010739     15.142583     -5.411741      0.828909
     3  C        0.013927     12.826781      0.712842      7.205979
     4  C       -0.009779     13.846836      7.241034      1.166774
     5  C       -0.016185     14.898771      1.358108     -5.454165
     6  N       -0.000198     14.157129     -2.022668      3.506066
     7  C       -0.061184     14.434352     -4.500931      3.202651
     8  C       -0.000436     14.039758     -6.032554      5.685959
     9  C       -0.000150     12.316385     -4.069261      7.186987
    10  C       -0.057624     13.197809     -1.638922      5.941526
    11  C       -0.004536      9.496308     -4.397430      6.689442
    12  C       -0.007065     16.584539     -6.545728      7.105843
    13  C       -0.000461     16.449461     -8.537367      9.201190
    14  H       -0.005135     18.614067    -10.185019      9.602398
    15  N       -0.026878     14.429873      3.700159      3.987171
    16  C       -0.024415     13.601417      3.113248      6.337310
    17  C        0.000289     13.580347      5.513389      7.768286
    18  C       -0.016892     14.120846      7.598929      5.957381
    19  C        0.086182     14.104972      6.251252      3.592048
    20  C       -0.000309     13.175530      5.651906     10.566404
    21  C       -0.009221     14.559376     10.370496      6.301745
    22  O       -0.013760     14.560718     11.912474      4.441782
    23  C        0.000127     14.824486     11.268872      8.925252
    24  N       -0.002229     14.018045      3.927342     -1.714492
    25  C        0.086877     13.767940      6.390638     -1.206307
    26  C       -0.001068     13.673831      7.930406     -3.584319
    27  C       -0.000405     14.376129      6.041984     -5.830637
    28  C        0.066778     14.613743      3.572093     -4.279020
    29  C        0.009572     11.137120      9.213530     -4.160610
    30  C        0.004708     16.600923      6.814882     -7.569884
    31  C        0.000693     19.050253      6.748193     -6.098940
    32  N        0.004480     15.336431     -1.456204     -1.835718
    33  C        0.034326     15.229624     -1.035891     -4.450116
    34  C       -0.032056     15.425456     -3.525530     -5.685865
    35  C        0.002810     15.602240     -5.235165     -3.690786
    36  C       -0.034681     15.472019     -3.902738     -1.356086
    37  C       -0.000077     15.315115     -3.982730     -8.333163
    38  C       -0.001198     15.824019     -7.881953     -2.987865
    39  O       -0.001558     16.185032     -9.862953     -4.155905
    40  C       -0.000105     15.303815     -8.123895     -0.033807
    41  C        0.000308     17.358608     -9.749399      1.069831
    42  O        0.000261     19.593909     -8.999934      1.126163
    43  O        0.000077     16.313873    -11.717228      2.280654
    44  C        0.000002     18.248046    -13.375727      3.467288
    45  H        0.000229     11.749259      0.740338      8.965144
    46  H       -0.000529     13.690688      9.297169      1.088123
    47  H        0.001196     15.073230      1.230061     -7.505482
    48  H       -0.001165     13.032005     -7.813205      5.445851
    49  H       -0.001303     12.754782     -4.042634      9.199092
    50  H       -0.000299      9.150470     -5.770997      5.194158
    51  H       -0.001036      8.816650     -2.535635      6.127324
    52  H       -0.000782      8.495547     -4.864098      8.428953
    53  H       -0.000218     17.082633     -4.890914      8.226620
    54  H       -0.000250     18.071961     -7.057447      5.774342
    55  H        0.000640     14.714277     -9.641931      9.079737
    56  H       -0.000337     16.310075     -7.562382     11.010357
    57  H        0.000096     12.516922      3.855533     11.325677
    58  H       -0.000533     11.607813      6.949128     10.884067
    59  H        0.000503     14.848882      6.328088     11.559530
    60  H       -0.001260     13.119027     10.798235      9.980853
    61  H        0.000046     15.295216     13.268882      8.796184
    62  H       -0.001379     16.366578     10.243657      9.828957
    63  H        0.006525     15.052481      9.457909     -3.530670
    64  H        0.005045     12.799096      5.761964     -7.126535
    65  H        0.001574     11.274711     11.257495     -4.380064
    66  H        0.002447      9.817524      8.718629     -2.659393
    67  H        0.002108     10.159394      8.487421     -5.821093
    68  H        0.000524     16.349003      8.745029     -8.240548
    69  H        0.000557     16.803123      5.599221     -9.220522
    70  H        0.000205     19.074423      8.581341     -5.162335
    71  H        0.000047     20.652817      6.552909     -7.379721
    72  H        0.000661     19.005675      5.305973     -4.628506
    73  H       -0.002409     16.798588     -5.351194     -8.744122
    74  H       -0.000427     15.582568     -2.244428     -9.404506
    75  H       -0.006114     13.405585     -4.733632     -8.511440
    76  H        0.000094     13.443776     -8.982549      0.171757
    77  H       -0.000003     17.941324    -15.279570      2.742975
    78  H        0.000004     18.095299    -13.090586      5.501786
    79  H       -0.000003     20.201021    -13.051677      2.894475
 ------------------------------------------------------


 -----------------
  Excitation -1 2 
 -----------------
 Setting up Delta-SCF
 Ground-Excited state overlap:           0.000000000
 No correction applied to the TDM.
 Excitation energy:                      0.164102029
 Excitation energy (in eV):              4.465443685
 Transition dipole:                     -0.20242       1.03507       1.49731
 ------------------------------------------------------
           transition charges and positions           
           --------------------------------           
        atom     charge/e     x/bohr        y/bohr        z/bohr
 ------------------------------------------------------
     1  Mg       0.006411     14.896976      1.341139      1.131625
     2  C       -0.047023     15.142583     -5.411741      0.828909
     3  C        0.051733     12.826781      0.712842      7.205979
     4  C        0.036079     13.846836      7.241034      1.166774
     5  C       -0.059740     14.898771      1.358108     -5.454165
     6  N        0.013802     14.157129     -2.022668      3.506066
     7  C        0.020270     14.434352     -4.500931      3.202651
     8  C       -0.001081     14.039758     -6.032554      5.685959
     9  C        0.000218     12.316385     -4.069261      7.186987
    10  C       -0.008032     13.197809     -1.638922      5.941526
    11  C       -0.000664      9.496308     -4.397430      6.689442
    12  C        0.001954     16.584539     -6.545728      7.105843
    13  C       -0.000159     16.449461     -8.537367      9.201190
    14  H        0.000744     18.614067    -10.185019      9.602398
    15  N        0.093654     14.429873      3.700159      3.987171
    16  C        0.002812     13.601417      3.113248      6.337310
    17  C        0.000271     13.580347      5.513389      7.768286
    18  C        0.004842     14.120846      7.598929      5.957381
    19  C        0.015460     14.104972      6.251252      3.592048
    20  C        0.000374     13.175530      5.651906     10.566404
    21  C        0.002707     14.559376     10.370496      6.301745
    22  O        0.002694     14.560718     11.912474      4.441782
    23  C        0.000965     14.824486     11.268872      8.925252
    24  N       -0.044743     14.018045      3.927342     -1.714492
    25  C       -0.016432     13.767940      6.390638     -1.206307
    26  C        0.000891     13.673831      7.930406     -3.584319
    27  C       -0.000003     14.376129      6.041984     -5.830637
    28  C        0.018439     14.613743      3.572093     -4.279020
    29  C       -0.001206     11.137120      9.213530     -4.160610
    30  C        0.001072     16.600923      6.814882     -7.569884
    31  C       -0.000188     19.050253      6.748193     -6.098940
    32  N       -0.065511     15.336431     -1.456204     -1.835718
    33  C        0.000905     15.229624     -1.035891     -4.450116
    34  C       -0.008079     15.425456     -3.525530     -5.685865
    35  C       -0.000356     15.602240     -5.235165     -3.690786
    36  C       -0.009219     15.472019     -3.902738     -1.356086
    37  C       -0.000034     15.315115     -3.982730     -8.333163
    38  C        0.000160     15.824019     -7.881953     -2.987865
    39  O        0.000334     16.185032     -9.862953     -4.155905
    40  C        0.001205     15.303815     -8.123895     -0.033807
    41  C       -0.005751     17.358608     -9.749399      1.069831
    42  O       -0.001644     19.593909     -8.999934      1.126163
    43  O       -0.000791     16.313873    -11.717228      2.280654
    44  C       -0.000343     18.248046    -13.375727      3.467288
    45  H        0.000281     11.749259      0.740338      8.965144
    46  H       -0.000126     13.690688      9.297169      1.088123
    47  H        0.000358     15.073230      1.230061     -7.505482
    48  H        0.000246     13.032005     -7.813205      5.445851
    49  H       -0.000234     12.754782     -4.042634      9.199092
    50  H       -0.000335      9.150470     -5.770997      5.194158
    51  H       -0.000384      8.816650     -2.535635      6.127324
    52  H       -0.000185      8.495547     -4.864098      8.428953
    53  H        0.000122     17.082633     -4.890914      8.226620
    54  H        0.000175     18.071961     -7.057447      5.774342
    55  H       -0.000183     14.714277     -9.641931      9.079737
    56  H        0.000104     16.310075     -7.562382     11.010357
    57  H        0.000201     12.516922      3.855533     11.325677
    58  H        0.000006     11.607813      6.949128     10.884067
    59  H        0.000133     14.848882      6.328088     11.559530
    60  H        0.000407     13.119027     10.798235      9.980853
    61  H        0.000204     15.295216     13.268882      8.796184
    62  H        0.000466     16.366578     10.243657      9.828957
    63  H        0.000332     15.052481      9.457909     -3.530670
    64  H        0.001383     12.799096      5.761964     -7.126535
    65  H       -0.000445     11.274711     11.257495     -4.380064
    66  H       -0.000596      9.817524      8.718629     -2.659393
    67  H       -0.000485     10.159394      8.487421     -5.821093
    68  H        0.000096     16.349003      8.745029     -8.240548
    69  H        0.000307     16.803123      5.599221     -9.220522
    70  H        0.000044     19.074423      8.581341     -5.162335
    71  H        0.000020     20.652817      6.552909     -7.379721
    72  H        0.000172     19.005675      5.305973     -4.628506
    73  H       -0.000921     16.798588     -5.351194     -8.744122
    74  H        0.000088     15.582568     -2.244428     -9.404506
    75  H       -0.001451     13.405585     -4.733632     -8.511440
    76  H       -0.006595     13.443776     -8.982549      0.171757
    77  H       -0.000186     17.941324    -15.279570      2.742975
    78  H       -0.000167     18.095299    -13.090586      5.501786
    79  H        0.000150     20.201021    -13.051677      2.894475
 ------------------------------------------------------

 TOTAL ENERGY:                        -130.912429111

 --------------------------------------------------------------------------------

 End time:                               Wed Jun 30 13:19:34 2021
 Total wall-clock time:                  0.305 seconds
==================================================================================
