
================================================================================
          _____________ ________ _______________ ________     _________         
         / ___________// ______ \\_____   _____// ______ \   / ________)        
        / /_________  / /      \ \     | |     / /      \ \ | (_______          
       |  __________|| |        | |    | |    | |        | | \________ \        
        \ \_________ | |        | |    | |     \ \______/ /___________) |       
         \__________||_|        |_|    |_|      \________//____________/        
                                                                                
====================================[ Qcore ]===================================

 Git hash:   4f46786782e696c626e0064ff3d1a47267e124c4
 Git date:   Wed, 30 Jun 2021 10:19:53 +0100
 Compiler:   AppleClang 10.0.1.10010046
 Build type: Release
 Version:    1.4.1

 Start time: Mon Jul  5 14:59:04 2021

 Data directory: /Users/of15641/qcore/cmake-build-release/share/entos/1.4.1/data
 Number of threads: 2
 Number of threads was determined by: number of physical cores

 --------------------------------------------------------------------------------
                                   command: xtb                                  
 --------------------------------------------------------------------------------
 XTB basis setup:                        reference basis
 Number of basis functions:            488
 GFN version:                            chlorophyll
 Integral screening threshold:           1.00e-10
 Total charge:                           0.000000000
 Number of electrons:                  436.000000000
 Electronic temperature (Kelvin):        0.000000000

 D3BJ energy:                           -0.125096594
 Repulsive energy:                       3.040138881

 ****************************************************
  Running robust self-consistent charge (SCC) solver 
 ****************************************************
 Number of SCC trials:                   4
 Using the stop-early mechanism for the first 3 trials

 Conv. threshold (charge):               1.00e-05
 Conv. threshold (energy):               1.00e-06
 Initial guess:                          eeq

 -------------
  SCC Trial 1 
 -------------
 Broyden mixing factor:                  0.400000000
 Max number of iterations:             128

 ---------------------------------------------------------------
                  energy        change          grad        time
 ---------------------------------------------------------------
   0      -260.589089376                    6.60e-01        0.04
   1      -261.773361275     -1.18e+00      3.88e-01        0.03
   2      -261.791026543     -1.77e-02      1.03e-01        0.03
   3      -261.813751821     -2.27e-02      1.05e-02        0.03
   4      -261.814832076     -1.08e-03      5.81e-03        0.03
   5      -261.819534038     -4.70e-03      1.37e-03        0.03
   6      -261.819755520     -2.21e-04      4.03e-04        0.03
   7      -261.819770442     -1.49e-05      1.58e-04        0.03
   8      -261.819772093     -1.65e-06      4.51e-05        0.03
   9      -261.819772124     -3.10e-08      1.62e-05        0.03
  10      -261.819772127     -2.78e-09      5.19e-06        0.03
  11      -261.819772127     -4.29e-10      2.11e-06        0.03

 SCF converged in 10 iterations.

 Entropy contribution (-ST):             0.000000000
 Dipole moment (in Debye):              -5.677036       5.625606       0.049447

 ----------------
  Excitation 0 1 
 ----------------
 Setting up Delta-SCF
 Ground-Excited state overlap:          -0.000000000
 No correction applied to the TDM.
 Excitation energy:                      0.095415688
 Excitation energy (in eV):              2.596393144
 Transition dipole:                      0.26844      -3.84820       2.09846

 -----------------
  Excitation -1 1 
 -----------------
 Setting up Delta-SCF
 Ground-Excited state overlap:           0.000000000
 No correction applied to the TDM.
 Excitation energy:                      0.060188654
 Excitation energy (in eV):              1.637816725
 Transition dipole:                     -0.00000       0.00000      -0.00000

 ----------------
  Excitation 0 2 
 ----------------
 Setting up Delta-SCF
 Ground-Excited state overlap:          -0.000000000
 No correction applied to the TDM.
 Excitation energy:                      0.060139731
 Excitation energy (in eV):              1.636485438
 Transition dipole:                     -0.00000       0.00000      -0.00000

 -----------------
  Excitation -1 2 
 -----------------
 Setting up Delta-SCF
 Ground-Excited state overlap:          -0.000000000
 No correction applied to the TDM.
 Excitation energy:                      0.095892982
 Excitation energy (in eV):              2.609380980
 Transition dipole:                     -0.46904       4.35095      -0.22843
 TOTAL ENERGY:                        -261.819772127
 Saving results in set 'res'

 --------------------------------------------------------------------------------
                                  command: print                                 
 --------------------------------------------------------------------------------
 res.energy:                          -261.8197721270

 --------------------------------------------------------------------------------
                                  command: print                                 
 --------------------------------------------------------------------------------

 res.dipole:
                      1
 1        -2.2335179550
 2         2.2132836240
 3         0.0194539307

 --------------------------------------------------------------------------------
                                  command: print                                 
 --------------------------------------------------------------------------------

 res.atomic_charges:
                      1
 1         0.3744114481
 2        -0.0563506766
 3        -0.1087791121
 4        -0.0932223555
 5        -0.0765082873
 6        -0.2370749348
 7         0.1298554342
 8        -0.0290621003
 9        -0.0284263798
 10        0.1181197302
 11       -0.0891838244
 12       -0.0577441598
 13       -0.0777199243
 14        0.0131507419
 15       -0.2948127926
 16        0.1402446665
 17       -0.0389196297
 18       -0.1142199463
 19        0.1616832438
 20       -0.0833285124
 21        0.3357428867
 22       -0.4213094248
 23       -0.1298554689
 24       -0.2503469625
 25        0.1497998443
 26       -0.0210926037
 27       -0.0354725865
 28        0.1162651027
 29       -0.0921856183
 30       -0.0526701160
 31       -0.0935622539
 32       -0.3012584258
 33        0.1034209436
 34        0.0042963871
 35       -0.1124729580
 36        0.1481257531
 37       -0.0866350963
 38        0.3448554289
 39       -0.3964075850
 40       -0.1067244459
 41        0.5194838999
 42       -0.4688609768
 43       -0.2895500968
 44        0.1051948312
 45        0.0513368764
 46        0.0514136907
 47        0.0397252848
 48        0.0424852219
 49        0.0453094522
 50        0.0434823315
 51        0.0361352865
 52        0.0358568977
 53        0.0403207585
 54        0.0595838155
 55        0.0254883110
 56        0.0204724107
 57        0.0357374961
 58        0.0379987964
 59        0.0476239962
 60        0.0591556592
 61        0.0589591969
 62        0.0498233955
 63        0.0484472660
 64        0.0377520156
 65        0.0409533909
 66        0.0325764166
 67        0.0302964574
 68        0.0355299206
 69        0.0323183560
 70        0.0297664229
 71        0.0368349629
 72        0.0399370852
 73        0.0627872693
 74        0.0382902176
 75        0.0629189915
 76        0.0595809254
 77        0.0325373641
 78        0.0304985840
 79        0.0471723887
 80        0.3739031675
 81       -0.0585546590
 82       -0.1053009365
 83       -0.0919016636
 84       -0.0754515842
 85       -0.2347766431
 86        0.1311706868
 87       -0.0310313406
 88       -0.0292976080
 89        0.1146161802
 90       -0.0895510593
 91       -0.0574311342
 92       -0.0770286488
 93        0.0119737492
 94       -0.2927796814
 95        0.1409294374
 96       -0.0390723160
 97       -0.1169598807
 98        0.1621757881
 99       -0.0831193607
 100       0.3351367214
 101      -0.4233166048
 102      -0.1290155748
 103      -0.2520751021
 104       0.1464411095
 105      -0.0216280047
 106      -0.0355038299
 107       0.1193023702
 108      -0.0909237195
 109      -0.0530873934
 110      -0.0928263305
 111      -0.3034559347
 112       0.1010695096
 113       0.0040362140
 114      -0.1119253761
 115       0.1478719721
 116      -0.0864053549
 117       0.3461480421
 118      -0.3982214860
 119      -0.1076592680
 120       0.5203652289
 121      -0.4647851862
 122      -0.2905056210
 123       0.1060500999
 124       0.0507453924
 125       0.0537395379
 126       0.0399466400
 127       0.0445248327
 128       0.0460010081
 129       0.0447185422
 130       0.0374388531
 131       0.0349316759
 132       0.0399083131
 133       0.0614501123
 134       0.0256609503
 135       0.0200804206
 136       0.0346283626
 137       0.0358317984
 138       0.0466367255
 139       0.0608302962
 140       0.0591369368
 141       0.0504065389
 142       0.0496506702
 143       0.0360297115
 144       0.0383942636
 145       0.0337469970
 146       0.0309261666
 147       0.0342583364
 148       0.0332532835
 149       0.0298404679
 150       0.0371716089
 151       0.0387449107
 152       0.0640016448
 153       0.0388525676
 154       0.0631563392
 155       0.0596172910
 156       0.0315868547
 157       0.0274396637
 158       0.0491133113

 --------------------------------------------------------------------------------
                                  command: print                                 
 --------------------------------------------------------------------------------
 res.excitation_1_energy:                0.0954156881

 --------------------------------------------------------------------------------
                                  command: print                                 
 --------------------------------------------------------------------------------
 res.excitation_1_transition_dipole : [
  0.2684426233455477,
  -3.848201640662644,
  2.0984569839180445
]

 --------------------------------------------------------------------------------
                                  command: print                                 
 --------------------------------------------------------------------------------

 res.excitation_1_transition_charges:
                      1
 1         0.0000000000
 2         0.0000000000
 3         0.0000000000
 4         0.0000000000
 5         0.0000000000
 6         0.0000000000
 7         0.0000000000
 8         0.0000000000
 9         0.0000000000
 10        0.0000000000
 11        0.0000000000
 12        0.0000000000
 13        0.0000000000
 14        0.0000000000
 15        0.0000000000
 16        0.0000000000
 17        0.0000000000
 18        0.0000000000
 19        0.0000000000
 20        0.0000000000
 21        0.0000000000
 22        0.0000000000
 23        0.0000000000
 24        0.0000000000
 25        0.0000000000
 26        0.0000000000
 27        0.0000000000
 28        0.0000000000
 29        0.0000000000
 30        0.0000000000
 31        0.0000000000
 32        0.0000000000
 33        0.0000000000
 34        0.0000000000
 35        0.0000000000
 36        0.0000000000
 37        0.0000000000
 38        0.0000000000
 39        0.0000000000
 40        0.0000000000
 41        0.0000000000
 42        0.0000000000
 43        0.0000000000
 44        0.0000000000
 45        0.0000000000
 46        0.0000000000
 47        0.0000000000
 48        0.0000000000
 49        0.0000000000
 50        0.0000000000
 51        0.0000000000
 52        0.0000000000
 53        0.0000000000
 54        0.0000000000
 55        0.0000000000
 56        0.0000000000
 57        0.0000000000
 58        0.0000000000
 59        0.0000000000
 60        0.0000000000
 61        0.0000000000
 62        0.0000000000
 63        0.0000000000
 64        0.0000000000
 65        0.0000000000
 66        0.0000000000
 67        0.0000000000
 68        0.0000000000
 69        0.0000000000
 70        0.0000000000
 71        0.0000000000
 72        0.0000000000
 73        0.0000000000
 74        0.0000000000
 75        0.0000000000
 76        0.0000000000
 77        0.0000000000
 78        0.0000000000
 79        0.0000000000
 80       -0.0002236229
 81        0.0305865920
 82       -0.0107728044
 83       -0.0223321188
 84        0.0090932824
 85        0.0121254885
 86        0.0310909033
 87       -0.0001538888
 88       -0.0000185584
 89       -0.0365619684
 90       -0.0042900201
 91        0.0030790961
 92        0.0002111793
 93        0.0005558954
 94       -0.0136151539
 95       -0.0524484243
 96       -0.0878323610
 97       -0.0331193045
 98       -0.0396334586
 99       -0.0011238628
 100      -0.0058226471
 101      -0.0113599595
 102      -0.0003344126
 103      -0.0074384394
 104      -0.0257160252
 105      -0.0004935422
 106       0.0008735357
 107       0.0444764975
 108      -0.0027545053
 109       0.0033983922
 110       0.0004581627
 111       0.0034700442
 112       0.0695396722
 113       0.0570341248
 114       0.0299192117
 115       0.0357827845
 116       0.0016308459
 117       0.0075144443
 118       0.0142244381
 119       0.0001454398
 120       0.0007421310
 121       0.0006353151
 122       0.0001228920
 123       0.0000433210
 124      -0.0000208649
 125      -0.0000811980
 126       0.0013961800
 127       0.0010655254
 128      -0.0010899547
 129      -0.0003700105
 130      -0.0011344437
 131      -0.0008252368
 132       0.0000689266
 133       0.0003387420
 134       0.0000884923
 135       0.0000639780
 136      -0.0000065620
 137      -0.0112135956
 138      -0.0094217605
 139      -0.0008348895
 140       0.0000023194
 141      -0.0009170307
 142      -0.0019431974
 143       0.0051990045
 144      -0.0002526557
 145      -0.0005285619
 146      -0.0003023132
 147       0.0001357723
 148       0.0003499754
 149       0.0000501185
 150       0.0001172097
 151       0.0006237816
 152       0.0054400665
 153       0.0008614671
 154       0.0116507405
 155       0.0007308850
 156       0.0000040267
 157       0.0000269858
 158       0.0000194662

 --------------------------------------------------------------------------------
                                  command: print                                 
 --------------------------------------------------------------------------------
 res.excitation_1_excited_dipole : [
  -2.588723062271079,
  2.640140381717078,
  0.3294526018196251
]

 --------------------------------------------------------------------------------
                                  command: print                                 
 --------------------------------------------------------------------------------

 res.excitation_1_excited_atomic_charges:
                      1
 1         0.3744114481
 2        -0.0563506766
 3        -0.1087791121
 4        -0.0932223555
 5        -0.0765082873
 6        -0.2370749348
 7         0.1298554342
 8        -0.0290621003
 9        -0.0284263798
 10        0.1181197302
 11       -0.0891838244
 12       -0.0577441598
 13       -0.0777199243
 14        0.0131507419
 15       -0.2948127926
 16        0.1402446665
 17       -0.0389196297
 18       -0.1142199463
 19        0.1616832438
 20       -0.0833285124
 21        0.3357428867
 22       -0.4213094248
 23       -0.1298554689
 24       -0.2503469625
 25        0.1497998443
 26       -0.0210926037
 27       -0.0354725865
 28        0.1162651027
 29       -0.0921856183
 30       -0.0526701160
 31       -0.0935622539
 32       -0.3012584258
 33        0.1034209436
 34        0.0042963871
 35       -0.1124729580
 36        0.1481257531
 37       -0.0866350963
 38        0.3448554289
 39       -0.3964075850
 40       -0.1067244459
 41        0.5194838999
 42       -0.4688609768
 43       -0.2895500968
 44        0.1051948312
 45        0.0513368764
 46        0.0514136907
 47        0.0397252848
 48        0.0424852219
 49        0.0453094522
 50        0.0434823315
 51        0.0361352865
 52        0.0358568977
 53        0.0403207585
 54        0.0595838155
 55        0.0254883110
 56        0.0204724107
 57        0.0357374961
 58        0.0379987964
 59        0.0476239962
 60        0.0591556592
 61        0.0589591969
 62        0.0498233955
 63        0.0484472660
 64        0.0377520156
 65        0.0409533909
 66        0.0325764166
 67        0.0302964574
 68        0.0355299206
 69        0.0323183560
 70        0.0297664229
 71        0.0368349629
 72        0.0399370852
 73        0.0627872693
 74        0.0382902176
 75        0.0629189915
 76        0.0595809254
 77        0.0325373641
 78        0.0304985840
 79        0.0471723887
 80        0.3753100838
 81       -0.1064572673
 82       -0.1438506086
 83       -0.1302323079
 84       -0.1065165512
 85       -0.3345511291
 86        0.1903528218
 87       -0.0295915528
 88       -0.0280482391
 89        0.1822339288
 90       -0.0835388938
 91       -0.0525583061
 92       -0.0771080992
 93        0.0124204241
 94       -0.2865033037
 95        0.1896935720
 96       -0.0524292977
 97       -0.1428629333
 98        0.2191691170
 99       -0.0807907735
 100       0.3202400108
 101      -0.4394377718
 102      -0.1292190308
 103      -0.3615806469
 104       0.2095645162
 105      -0.0210174740
 106      -0.0337214547
 107       0.1708049983
 108      -0.0844964394
 109      -0.0486847397
 110      -0.0922997797
 111      -0.3030755703
 112       0.1484202346
 113      -0.0127878459
 114      -0.1259554924
 115       0.1795712505
 116      -0.0842785512
 117       0.3355316018
 118      -0.4087486091
 119      -0.1075227414
 120       0.5189616887
 121      -0.4651957396
 122      -0.2906452327
 123       0.1059898945
 124       0.0507516313
 125       0.0545227150
 126       0.0418538042
 127       0.0470415216
 128       0.0483067963
 129       0.0445448422
 130       0.0373640324
 131       0.0355309452
 132       0.0398096605
 133       0.0614615148
 134       0.0260761730
 135       0.0201859870
 136       0.0345904540
 137       0.0381370556
 138       0.0470133263
 139       0.0591123596
 140       0.0591326575
 141       0.0486899315
 142       0.0558767589
 143       0.0448946403
 144       0.0387424632
 145       0.0340596803
 146       0.0316243987
 147       0.0343847599
 148       0.0332219350
 149       0.0298787490
 150       0.0374052662
 151       0.0388241804
 152       0.0637768615
 153       0.0388961982
 154       0.0636170393
 155       0.0580378932
 156       0.0315774339
 157       0.0274092587
 158       0.0490893155

 --------------------------------------------------------------------------------
                                  command: print                                 
 --------------------------------------------------------------------------------
 res.excitation_2_energy:                0.0601886545

 --------------------------------------------------------------------------------
                                  command: print                                 
 --------------------------------------------------------------------------------
 res.excitation_2_transition_dipole : [
  -2.6606597914594058e-12,
  4.6127163638576044e-11,
  -2.422596780778454e-11
]

 --------------------------------------------------------------------------------
                                  command: print                                 
 --------------------------------------------------------------------------------

 res.excitation_2_transition_charges:
                      1
 1         0.0000000000
 2         0.0000000000
 3        -0.0000000000
 4        -0.0000000000
 5         0.0000000000
 6         0.0000000000
 7         0.0000000000
 8        -0.0000000000
 9        -0.0000000000
 10       -0.0000000000
 11       -0.0000000000
 12        0.0000000000
 13        0.0000000000
 14        0.0000000000
 15       -0.0000000000
 16       -0.0000000000
 17       -0.0000000000
 18       -0.0000000000
 19       -0.0000000000
 20       -0.0000000000
 21       -0.0000000000
 22       -0.0000000000
 23       -0.0000000000
 24        0.0000000000
 25       -0.0000000000
 26       -0.0000000000
 27        0.0000000000
 28        0.0000000000
 29       -0.0000000000
 30        0.0000000000
 31        0.0000000000
 32        0.0000000000
 33        0.0000000000
 34        0.0000000000
 35        0.0000000000
 36        0.0000000000
 37        0.0000000000
 38        0.0000000000
 39        0.0000000000
 40        0.0000000000
 41        0.0000000000
 42        0.0000000000
 43        0.0000000000
 44        0.0000000000
 45       -0.0000000000
 46       -0.0000000000
 47        0.0000000000
 48        0.0000000000
 49       -0.0000000000
 50       -0.0000000000
 51       -0.0000000000
 52       -0.0000000000
 53        0.0000000000
 54        0.0000000000
 55        0.0000000000
 56        0.0000000000
 57       -0.0000000000
 58       -0.0000000000
 59       -0.0000000000
 60       -0.0000000000
 61        0.0000000000
 62       -0.0000000000
 63       -0.0000000000
 64        0.0000000000
 65       -0.0000000000
 66       -0.0000000000
 67       -0.0000000000
 68        0.0000000000
 69        0.0000000000
 70        0.0000000000
 71        0.0000000000
 72        0.0000000000
 73        0.0000000000
 74        0.0000000000
 75        0.0000000000
 76        0.0000000000
 77       -0.0000000000
 78        0.0000000000
 79        0.0000000000
 80        0.0000000000
 81       -0.0000000000
 82        0.0000000000
 83        0.0000000000
 84       -0.0000000000
 85       -0.0000000000
 86       -0.0000000000
 87        0.0000000000
 88        0.0000000000
 89        0.0000000000
 90        0.0000000000
 91       -0.0000000000
 92       -0.0000000000
 93       -0.0000000000
 94        0.0000000000
 95        0.0000000000
 96        0.0000000000
 97        0.0000000000
 98        0.0000000000
 99        0.0000000000
 100       0.0000000000
 101       0.0000000000
 102       0.0000000000
 103       0.0000000000
 104       0.0000000000
 105       0.0000000000
 106      -0.0000000000
 107      -0.0000000000
 108       0.0000000000
 109      -0.0000000000
 110      -0.0000000000
 111      -0.0000000000
 112      -0.0000000000
 113      -0.0000000000
 114      -0.0000000000
 115      -0.0000000000
 116      -0.0000000000
 117      -0.0000000000
 118      -0.0000000000
 119      -0.0000000000
 120      -0.0000000000
 121      -0.0000000000
 122      -0.0000000000
 123      -0.0000000000
 124       0.0000000000
 125       0.0000000000
 126      -0.0000000000
 127      -0.0000000000
 128       0.0000000000
 129       0.0000000000
 130       0.0000000000
 131       0.0000000000
 132      -0.0000000000
 133      -0.0000000000
 134      -0.0000000000
 135      -0.0000000000
 136       0.0000000000
 137       0.0000000000
 138       0.0000000000
 139       0.0000000000
 140      -0.0000000000
 141       0.0000000000
 142       0.0000000000
 143      -0.0000000000
 144       0.0000000000
 145       0.0000000000
 146       0.0000000000
 147      -0.0000000000
 148      -0.0000000000
 149      -0.0000000000
 150      -0.0000000000
 151      -0.0000000000
 152      -0.0000000000
 153      -0.0000000000
 154      -0.0000000000
 155      -0.0000000000
 156      -0.0000000000
 157      -0.0000000000
 158      -0.0000000000

 --------------------------------------------------------------------------------
                                  command: print                                 
 --------------------------------------------------------------------------------
 res.excitation_3_energy:                0.0601397306

 --------------------------------------------------------------------------------
                                  command: print                                 
 --------------------------------------------------------------------------------
 res.excitation_3_transition_dipole : [
  -4.466456054528063e-12,
  5.176251282985954e-11,
  -4.082990213267424e-12
]

 --------------------------------------------------------------------------------
                                  command: print                                 
 --------------------------------------------------------------------------------

 res.excitation_3_transition_charges:
                      1
 1        -0.0000000000
 2        -0.0000000000
 3         0.0000000000
 4         0.0000000000
 5        -0.0000000000
 6        -0.0000000000
 7        -0.0000000000
 8         0.0000000000
 9         0.0000000000
 10        0.0000000000
 11        0.0000000000
 12       -0.0000000000
 13       -0.0000000000
 14       -0.0000000000
 15        0.0000000000
 16        0.0000000000
 17        0.0000000000
 18        0.0000000000
 19        0.0000000000
 20        0.0000000000
 21        0.0000000000
 22        0.0000000000
 23        0.0000000000
 24        0.0000000000
 25        0.0000000000
 26        0.0000000000
 27       -0.0000000000
 28       -0.0000000000
 29        0.0000000000
 30       -0.0000000000
 31       -0.0000000000
 32       -0.0000000000
 33       -0.0000000000
 34       -0.0000000000
 35       -0.0000000000
 36       -0.0000000000
 37       -0.0000000000
 38       -0.0000000000
 39       -0.0000000000
 40       -0.0000000000
 41       -0.0000000000
 42       -0.0000000000
 43       -0.0000000000
 44       -0.0000000000
 45        0.0000000000
 46        0.0000000000
 47       -0.0000000000
 48       -0.0000000000
 49        0.0000000000
 50        0.0000000000
 51        0.0000000000
 52        0.0000000000
 53       -0.0000000000
 54       -0.0000000000
 55       -0.0000000000
 56       -0.0000000000
 57        0.0000000000
 58        0.0000000000
 59        0.0000000000
 60        0.0000000000
 61       -0.0000000000
 62        0.0000000000
 63        0.0000000000
 64       -0.0000000000
 65        0.0000000000
 66        0.0000000000
 67        0.0000000000
 68       -0.0000000000
 69       -0.0000000000
 70       -0.0000000000
 71       -0.0000000000
 72       -0.0000000000
 73       -0.0000000000
 74       -0.0000000000
 75       -0.0000000000
 76       -0.0000000000
 77       -0.0000000000
 78       -0.0000000000
 79       -0.0000000000
 80       -0.0000000000
 81        0.0000000000
 82       -0.0000000000
 83       -0.0000000000
 84        0.0000000000
 85        0.0000000000
 86        0.0000000000
 87       -0.0000000000
 88        0.0000000000
 89       -0.0000000000
 90       -0.0000000000
 91        0.0000000000
 92        0.0000000000
 93        0.0000000000
 94       -0.0000000000
 95       -0.0000000000
 96       -0.0000000000
 97       -0.0000000000
 98       -0.0000000000
 99       -0.0000000000
 100      -0.0000000000
 101      -0.0000000000
 102      -0.0000000000
 103      -0.0000000000
 104      -0.0000000000
 105      -0.0000000000
 106       0.0000000000
 107       0.0000000000
 108      -0.0000000000
 109       0.0000000000
 110       0.0000000000
 111       0.0000000000
 112       0.0000000000
 113       0.0000000000
 114       0.0000000000
 115       0.0000000000
 116       0.0000000000
 117       0.0000000000
 118       0.0000000000
 119       0.0000000000
 120       0.0000000000
 121       0.0000000000
 122       0.0000000000
 123       0.0000000000
 124      -0.0000000000
 125      -0.0000000000
 126       0.0000000000
 127       0.0000000000
 128      -0.0000000000
 129      -0.0000000000
 130      -0.0000000000
 131      -0.0000000000
 132       0.0000000000
 133       0.0000000000
 134       0.0000000000
 135       0.0000000000
 136      -0.0000000000
 137      -0.0000000000
 138      -0.0000000000
 139      -0.0000000000
 140       0.0000000000
 141      -0.0000000000
 142      -0.0000000000
 143       0.0000000000
 144      -0.0000000000
 145      -0.0000000000
 146      -0.0000000000
 147       0.0000000000
 148       0.0000000000
 149       0.0000000000
 150       0.0000000000
 151       0.0000000000
 152       0.0000000000
 153       0.0000000000
 154       0.0000000000
 155       0.0000000000
 156       0.0000000000
 157       0.0000000000
 158       0.0000000000

 --------------------------------------------------------------------------------
                                  command: print                                 
 --------------------------------------------------------------------------------
 res.excitation_4_energy:                0.0958929823

 --------------------------------------------------------------------------------
                                  command: print                                 
 --------------------------------------------------------------------------------
 res.excitation_4_transition_dipole : [
  -0.4690398196239459,
  4.350952739883544,
  -0.22842956064068415
]

 --------------------------------------------------------------------------------
                                  command: print                                 
 --------------------------------------------------------------------------------

 res.excitation_4_transition_charges:
                      1
 1        -0.0000075028
 2        -0.0200099746
 3         0.0177057232
 4         0.0161534761
 5        -0.0148824095
 6        -0.0009457718
 7        -0.0304398078
 8         0.0001410108
 9         0.0001612168
 10        0.0365009487
 11        0.0045059505
 12       -0.0029339284
 13       -0.0002050537
 14       -0.0005108079
 15        0.0107287334
 16        0.0506790465
 17        0.0927651418
 18        0.0305254671
 19        0.0405803040
 20        0.0012039241
 21        0.0054765597
 22        0.0106928265
 23        0.0002737199
 24       -0.0049502863
 25        0.0246256305
 26        0.0003604933
 27       -0.0010015811
 28       -0.0477881567
 29        0.0028231352
 30       -0.0035024423
 31       -0.0004869464
 32       -0.0012237179
 33       -0.0695875287
 34       -0.0580587832
 35       -0.0288927772
 36       -0.0391034386
 37       -0.0016231583
 38       -0.0073184663
 39       -0.0135478663
 40       -0.0000782985
 41       -0.0002177717
 42       -0.0003771218
 43       -0.0000541103
 44       -0.0000120647
 45        0.0000169973
 46        0.0000881826
 47       -0.0013830836
 48       -0.0010479654
 49        0.0011579941
 50        0.0004154661
 51        0.0011866320
 52        0.0008321534
 53       -0.0000626533
 54       -0.0003087486
 55       -0.0000833329
 56       -0.0000612078
 57        0.0000160053
 58        0.0116346151
 59        0.0099565640
 60        0.0007774907
 61       -0.0000047144
 62        0.0008154460
 63        0.0019976737
 64       -0.0053437902
 65        0.0002428731
 66        0.0004976385
 67        0.0002856135
 68       -0.0001380366
 69       -0.0003818169
 70       -0.0000559736
 71       -0.0001176494
 72       -0.0006880065
 73       -0.0058417158
 74       -0.0008380415
 75       -0.0115997554
 76       -0.0000901058
 77        0.0000010278
 78       -0.0000135002
 79       -0.0000058105
 80        0.0000000000
 81        0.0000000000
 82        0.0000000000
 83        0.0000000000
 84        0.0000000000
 85        0.0000000000
 86        0.0000000000
 87        0.0000000000
 88        0.0000000000
 89        0.0000000000
 90        0.0000000000
 91        0.0000000000
 92        0.0000000000
 93        0.0000000000
 94        0.0000000000
 95        0.0000000000
 96        0.0000000000
 97        0.0000000000
 98        0.0000000000
 99        0.0000000000
 100       0.0000000000
 101       0.0000000000
 102       0.0000000000
 103       0.0000000000
 104       0.0000000000
 105       0.0000000000
 106       0.0000000000
 107       0.0000000000
 108       0.0000000000
 109       0.0000000000
 110       0.0000000000
 111       0.0000000000
 112       0.0000000000
 113       0.0000000000
 114       0.0000000000
 115       0.0000000000
 116       0.0000000000
 117       0.0000000000
 118       0.0000000000
 119       0.0000000000
 120       0.0000000000
 121       0.0000000000
 122       0.0000000000
 123       0.0000000000
 124       0.0000000000
 125       0.0000000000
 126       0.0000000000
 127       0.0000000000
 128       0.0000000000
 129       0.0000000000
 130       0.0000000000
 131       0.0000000000
 132       0.0000000000
 133       0.0000000000
 134       0.0000000000
 135       0.0000000000
 136       0.0000000000
 137       0.0000000000
 138       0.0000000000
 139       0.0000000000
 140       0.0000000000
 141       0.0000000000
 142       0.0000000000
 143       0.0000000000
 144       0.0000000000
 145       0.0000000000
 146       0.0000000000
 147       0.0000000000
 148       0.0000000000
 149       0.0000000000
 150       0.0000000000
 151       0.0000000000
 152       0.0000000000
 153       0.0000000000
 154       0.0000000000
 155       0.0000000000
 156       0.0000000000
 157       0.0000000000
 158       0.0000000000

 --------------------------------------------------------------------------------

 End time:                               Mon Jul  5 14:59:05 2021
 Total wall-clock time:                  1.441 seconds
==================================================================================
