
================================================================================
          _____________ ________ _______________ ________     _________         
         / ___________// ______ \\_____   _____// ______ \   / ________)        
        / /_________  / /      \ \     | |     / /      \ \ | (_______          
       |  __________|| |        | |    | |    | |        | | \________ \        
        \ \_________ | |        | |    | |     \ \______/ /___________) |       
         \__________||_|        |_|    |_|      \________//____________/        
                                                                                
====================================[ Qcore ]===================================

 Git hash:   4f46786782e696c626e0064ff3d1a47267e124c4
 Git date:   Wed, 30 Jun 2021 10:19:53 +0100
 Compiler:   AppleClang 10.0.1.10010046
 Build type: Release
 Version:    1.4.1

 Start time: Mon Jul  5 14:47:00 2021

 Data directory: /Users/of15641/qcore/cmake-build-release/share/entos/1.4.1/data
 Number of threads: 2
 Number of threads was determined by: number of physical cores

 --------------------------------------------------------------------------------
                                   command: xtb                                  
 --------------------------------------------------------------------------------
 XTB basis setup:                        reference basis
 Number of basis functions:            244
 GFN version:                            chlorophyll
 Integral screening threshold:           1.00e-10
 Total charge:                           0.000000000
 Number of electrons:                  218.000000000
 Electronic temperature (Kelvin):        0.000000000

 D3BJ energy:                           -0.062562659
 Repulsive energy:                       1.518577225

 ****************************************************
  Running robust self-consistent charge (SCC) solver 
 ****************************************************
 Number of SCC trials:                   4
 Using the stop-early mechanism for the first 3 trials

 Conv. threshold (charge):               1.00e-05
 Conv. threshold (energy):               1.00e-06
 Initial guess:                          eeq

 -------------
  SCC Trial 1 
 -------------
 Broyden mixing factor:                  0.400000000
 Max number of iterations:             128

 ---------------------------------------------------------------
                  energy        change          grad        time
 ---------------------------------------------------------------
   0      -130.292182891                    6.60e-01        0.01
   1      -130.884270247     -5.92e-01      3.88e-01        0.01
   2      -130.893053408     -8.78e-03      1.03e-01        0.01
   3      -130.904350569     -1.13e-02      1.05e-02        0.01
   4      -130.904888497     -5.38e-04      5.83e-03        0.01
   5      -130.907237440     -2.35e-03      1.35e-03        0.01
   6      -130.907345198     -1.08e-04      3.93e-04        0.01
   7      -130.907352135     -6.94e-06      1.59e-04        0.01
   8      -130.907353001     -8.66e-07      4.52e-05        0.01
   9      -130.907353018     -1.69e-08      1.63e-05        0.01
  10      -130.907353019     -1.42e-09      4.99e-06        0.01
  11      -130.907353019     -1.68e-10      1.76e-06        0.01

 SCF converged in 10 iterations.

 Entropy contribution (-ST):             0.000000000
 Dipole moment (in Debye):              -2.230913      -0.786352      -3.218346

 ----------------
  Excitation 0 1 
 ----------------
 Setting up Delta-SCF
 Ground-Excited state overlap:          -0.000000000
 No correction applied to the TDM.
 Excitation energy:                      0.094811711
 Excitation energy (in eV):              2.579958091
 Transition dipole:                     -0.41101       2.37025       3.67382

 -----------------
  Excitation -1 1 
 -----------------
 Setting up Delta-SCF
 Ground-Excited state overlap:           0.000000000
 No correction applied to the TDM.
 Excitation energy:                      0.101903734
 Excitation energy (in eV):              2.772941867
 Transition dipole:                      0.15565      -2.13681       1.52764

 ----------------
  Excitation 0 2 
 ----------------
 Setting up Delta-SCF
 Ground-Excited state overlap:           0.000000000
 No correction applied to the TDM.
 Excitation energy:                      0.149332147
 Excitation energy (in eV):              4.063534722
 Transition dipole:                      0.04507      -1.64204       1.03870

 -----------------
  Excitation -1 2 
 -----------------
 Setting up Delta-SCF
 Ground-Excited state overlap:           0.000000000
 No correction applied to the TDM.
 Excitation energy:                      0.162784107
 Excitation energy (in eV):              4.429581206
 Transition dipole:                      0.19838      -0.92456      -1.51975
 TOTAL ENERGY:                        -130.907353019
 Saving results in set 'res'

 --------------------------------------------------------------------------------
                                  command: print                                 
 --------------------------------------------------------------------------------
 res.energy:                          -130.9073530195

 --------------------------------------------------------------------------------
                                  command: print                                 
 --------------------------------------------------------------------------------

 res.dipole:
                      1
 1        -0.8777085902
 2        -0.3093747650
 3        -1.2661946600

 --------------------------------------------------------------------------------
                                  command: print                                 
 --------------------------------------------------------------------------------

 res.atomic_charges:
                      1
 1         0.3739083082
 2        -0.0585621295
 3        -0.1052958543
 4        -0.0918954605
 5        -0.0754650839
 6        -0.2347861145
 7         0.1311628898
 8        -0.0310278394
 9        -0.0293009932
 10        0.1146200573
 11       -0.0895449585
 12       -0.0574341333
 13       -0.0770431195
 14        0.0120150167
 15       -0.2927781244
 16        0.1409361865
 17       -0.0390519870
 18       -0.1169493641
 19        0.1621782754
 20       -0.0831255363
 21        0.3351443631
 22       -0.4233043482
 23       -0.1290222050
 24       -0.2520893455
 25        0.1464345349
 26       -0.0216306088
 27       -0.0354943904
 28        0.1192973727
 29       -0.0909133932
 30       -0.0530851353
 31       -0.0928299178
 32       -0.3034569834
 33        0.1010574064
 34        0.0040117195
 35       -0.1119361247
 36        0.1478669112
 37       -0.0863952795
 38        0.3461433731
 39       -0.3982383311
 40       -0.1076552799
 41        0.5203682789
 42       -0.4647619320
 43       -0.2905186340
 44        0.1060468920
 45        0.0507585419
 46        0.0537428670
 47        0.0399246866
 48        0.0445134981
 49        0.0460329592
 50        0.0446849680
 51        0.0374127740
 52        0.0349399336
 53        0.0399243707
 54        0.0614573021
 55        0.0256563120
 56        0.0201021645
 57        0.0346412728
 58        0.0358416108
 59        0.0466784619
 60        0.0608358159
 61        0.0591635580
 62        0.0504334622
 63        0.0496713470
 64        0.0359877325
 65        0.0384003236
 66        0.0337239359
 67        0.0308884764
 68        0.0342571273
 69        0.0332398859
 70        0.0298524842
 71        0.0371903807
 72        0.0387548914
 73        0.0640045379
 74        0.0388420954
 75        0.0630896288
 76        0.0595821363
 77        0.0315843660
 78        0.0274573506
 79        0.0491297619

 --------------------------------------------------------------------------------
                                  command: print                                 
 --------------------------------------------------------------------------------
 res.excitation_1_energy:                0.0948117111

 --------------------------------------------------------------------------------
                                  command: print                                 
 --------------------------------------------------------------------------------
 res.excitation_1_transition_dipole : [
  -0.4110141010492145,
  2.3702540520464135,
  3.673815143013105
]

 --------------------------------------------------------------------------------
                                  command: print                                 
 --------------------------------------------------------------------------------

 res.excitation_1_transition_charges:
                      1
 1        -0.0002238267
 2         0.0306071333
 3        -0.0107635926
 4        -0.0223229410
 5         0.0090936538
 6         0.0121451945
 7         0.0310830387
 8        -0.0001539204
 9        -0.0000185818
 10       -0.0365747535
 11       -0.0042911472
 12        0.0030785535
 13        0.0002110760
 14        0.0005557046
 15       -0.0136148384
 16       -0.0524610393
 17       -0.0878259128
 18       -0.0331079853
 19       -0.0396514630
 20       -0.0011252194
 21       -0.0058170003
 22       -0.0113525169
 23       -0.0003344557
 24       -0.0074288364
 25       -0.0257319263
 26       -0.0004934812
 27        0.0008729548
 28        0.0444630135
 29       -0.0027557281
 30        0.0033973328
 31        0.0004580413
 32        0.0034721499
 33        0.0695265832
 34        0.0570375824
 35        0.0299266881
 36        0.0357732106
 37        0.0016289697
 38        0.0075176957
 39        0.0142287107
 40        0.0001455125
 41        0.0007428664
 42        0.0006357790
 43        0.0001229923
 44        0.0000433659
 45       -0.0000208552
 46       -0.0000812702
 47        0.0013957226
 48        0.0010653987
 49       -0.0010903130
 50       -0.0003700757
 51       -0.0011347264
 52       -0.0008254386
 53        0.0000689558
 54        0.0003385770
 55        0.0000885417
 56        0.0000639812
 57       -0.0000065431
 58       -0.0112153262
 59       -0.0094233069
 60       -0.0008342783
 61        0.0000023187
 62       -0.0009164257
 63       -0.0019443592
 64        0.0051971017
 65       -0.0002528215
 66       -0.0005289546
 67       -0.0003024767
 68        0.0001357329
 69        0.0003499302
 70        0.0000500991
 71        0.0001171615
 72        0.0006235615
 73        0.0054392684
 74        0.0008614139
 75        0.0116483564
 76        0.0007318811
 77        0.0000040348
 78        0.0000270076
 79        0.0000194898

 --------------------------------------------------------------------------------
                                  command: print                                 
 --------------------------------------------------------------------------------
 res.excitation_1_excited_dipole : [
  -1.0475764125622185,
  -0.28312729266717085,
  -1.5618254706034413
]

 --------------------------------------------------------------------------------
                                  command: print                                 
 --------------------------------------------------------------------------------

 res.excitation_1_excited_atomic_charges:
                      1
 1         0.3753158218
 2        -0.1064546125
 3        -0.1438504507
 4        -0.1302273777
 5        -0.1065316520
 6        -0.3345597258
 7         0.1903622960
 8        -0.0295874139
 9        -0.0280514890
 10        0.1822209066
 11       -0.0835343088
 12       -0.0525589084
 13       -0.0771221425
 14        0.0124623667
 15       -0.2864967389
 16        0.1896839596
 17       -0.0524196844
 18       -0.1428641670
 19        0.2191559023
 20       -0.0807954780
 21        0.3202564302
 22       -0.4394207761
 23       -0.1292258556
 24       -0.3616015085
 25        0.2095471216
 26       -0.0210205890
 27       -0.0337129806
 28        0.1708107836
 29       -0.0844883925
 30       -0.0486822044
 31       -0.0923032411
 32       -0.3030741275
 33        0.1484233044
 34       -0.0128066795
 35       -0.1259583889
 36        0.1795719163
 37       -0.0842697975
 38        0.3355257714
 39       -0.4087635466
 40       -0.1075184568
 41        0.5189653253
 42       -0.4651718549
 43       -0.2906581394
 44        0.1059867278
 45        0.0507647742
 46        0.0545260517
 47        0.0418319236
 48        0.0470310185
 49        0.0483387345
 50        0.0445109877
 51        0.0373373158
 52        0.0355388254
 53        0.0398259669
 54        0.0614689621
 55        0.0260718245
 56        0.0202078444
 57        0.0346033891
 58        0.0381468691
 59        0.0470549855
 60        0.0591186707
 61        0.0591592893
 62        0.0487176139
 63        0.0558958894
 64        0.0448515933
 65        0.0387483961
 66        0.0340364304
 67        0.0315866797
 68        0.0343835919
 69        0.0332086692
 70        0.0298907852
 71        0.0374240098
 72        0.0388343223
 73        0.0637798921
 74        0.0388857692
 75        0.0635500078
 76        0.0580032739
 77        0.0315749483
 78        0.0274269659
 79        0.0491057838

 --------------------------------------------------------------------------------
                                  command: print                                 
 --------------------------------------------------------------------------------
 res.excitation_2_energy:                0.1019037340

 --------------------------------------------------------------------------------
                                  command: print                                 
 --------------------------------------------------------------------------------
 res.excitation_2_transition_dipole : [
  0.15564762994685358,
  -2.1368142104718695,
  1.5276391777477154
]

 --------------------------------------------------------------------------------
                                  command: print                                 
 --------------------------------------------------------------------------------

 res.excitation_2_transition_charges:
                      1
 1         0.0018796318
 2        -0.0892000951
 3        -0.0635903221
 4         0.0633683984
 5         0.0545206153
 6        -0.1113292844
 7        -0.0072966076
 8         0.0002091811
 9        -0.0012807455
 10       -0.0086517105
 11       -0.0009903565
 12       -0.0005576246
 13       -0.0000045213
 14       -0.0000349449
 15        0.0280442817
 16        0.0027034544
 17       -0.0187539715
 18        0.0060518444
 19       -0.0111516888
 20       -0.0002562703
 21        0.0008093790
 22        0.0011433176
 23        0.0003473426
 24        0.1196804446
 25        0.0022809009
 26        0.0014218323
 27        0.0008847369
 28        0.0176177605
 29        0.0002406594
 30        0.0012040592
 31       -0.0000186896
 32       -0.0187489678
 33        0.0078798233
 34        0.0220884155
 35       -0.0027263937
 36        0.0150042694
 37        0.0008013814
 38       -0.0009295690
 39       -0.0027549652
 40       -0.0007176370
 41       -0.0046883056
 42       -0.0025192199
 43       -0.0006092100
 44       -0.0002771335
 45        0.0000429946
 46       -0.0000350625
 47        0.0006585449
 48       -0.0001449399
 49       -0.0003266826
 50       -0.0003722296
 51       -0.0006414097
 52       -0.0002852736
 53       -0.0000585644
 54       -0.0001548014
 55       -0.0000110918
 56       -0.0000119738
 57       -0.0000939943
 58       -0.0011886692
 59       -0.0028657031
 60        0.0001536659
 61        0.0000282149
 62        0.0002168294
 63       -0.0001847956
 64        0.0022401592
 65        0.0000742415
 66        0.0003115692
 67        0.0002515787
 68        0.0000196820
 69        0.0002446991
 70        0.0000270785
 71        0.0000643970
 72        0.0002042927
 73        0.0028725002
 74       -0.0000237828
 75        0.0043209856
 76       -0.0061354960
 77       -0.0000518638
 78       -0.0001099438
 79       -0.0001286504

 --------------------------------------------------------------------------------
                                  command: print                                 
 --------------------------------------------------------------------------------
 res.excitation_3_energy:                0.1493321467

 --------------------------------------------------------------------------------
                                  command: print                                 
 --------------------------------------------------------------------------------
 res.excitation_3_transition_dipole : [
  0.04507475609034836,
  -1.6420368259663822,
  1.0387030837788598
]

 --------------------------------------------------------------------------------
                                  command: print                                 
 --------------------------------------------------------------------------------

 res.excitation_3_transition_charges:
                      1
 1         0.0003500813
 2         0.0154565685
 3         0.0086455794
 4        -0.0129777386
 5        -0.0095260459
 6        -0.0022846890
 7        -0.0633102512
 8        -0.0003125232
 9        -0.0001860627
 10       -0.0531368589
 11       -0.0036642347
 12       -0.0078207907
 13       -0.0004989360
 14       -0.0061778634
 15       -0.0340654223
 16       -0.0231119950
 17       -0.0017943784
 18       -0.0179974571
 19        0.0834596523
 20       -0.0003174421
 21       -0.0100527594
 22       -0.0147239273
 23       -0.0000016209
 24        0.0024557846
 25        0.0878819370
 26       -0.0010663658
 27       -0.0004781312
 28        0.0605679910
 29        0.0090602534
 30        0.0044764627
 31        0.0006659326
 32        0.0114547797
 33        0.0344939610
 34       -0.0301282770
 35        0.0033282189
 36       -0.0325237102
 37       -0.0000782995
 38       -0.0008649524
 39       -0.0011132365
 40       -0.0002116044
 41        0.0009061828
 42        0.0004153288
 43        0.0001577492
 44        0.0000346938
 45        0.0002250663
 46       -0.0004879156
 47        0.0009870245
 48       -0.0012083285
 49       -0.0010782842
 50       -0.0001969107
 51       -0.0008807045
 52       -0.0005650351
 53       -0.0002564922
 54       -0.0002853793
 55        0.0008149810
 56       -0.0003993593
 57        0.0000719551
 58       -0.0007340190
 59        0.0002539030
 60       -0.0013709648
 61        0.0000182987
 62       -0.0015510789
 63        0.0061031462
 64        0.0048737583
 65        0.0015672503
 66        0.0024786343
 67        0.0020701994
 68        0.0004872093
 69        0.0005013798
 70        0.0001852790
 71        0.0000443941
 72        0.0006101091
 73       -0.0021495097
 74       -0.0004424666
 75       -0.0058540765
 76        0.0007631082
 77        0.0000193819
 78        0.0000264914
 79       -0.0000266281

 --------------------------------------------------------------------------------
                                  command: print                                 
 --------------------------------------------------------------------------------
 res.excitation_4_energy:                0.1627841068

 --------------------------------------------------------------------------------
                                  command: print                                 
 --------------------------------------------------------------------------------
 res.excitation_4_transition_dipole : [
  0.1983825970099657,
  -0.9245565693710405,
  -1.5197536711030888
]

 --------------------------------------------------------------------------------
                                  command: print                                 
 --------------------------------------------------------------------------------

 res.excitation_4_transition_charges:
                      1
 1         0.0063330569
 2        -0.0458118095
 3         0.0498403918
 4         0.0334970745
 5        -0.0587441567
 6         0.0193427449
 7         0.0148129673
 8        -0.0012449933
 9         0.0003432683
 10       -0.0122453887
 11       -0.0009131612
 12        0.0014498889
 13       -0.0002116390
 14        0.0003436081
 15        0.0849402326
 16        0.0002565264
 17       -0.0002099398
 18        0.0034338835
 19        0.0231756975
 20        0.0003267810
 21        0.0020928414
 22        0.0016895642
 23        0.0009279652
 24       -0.0450130701
 25       -0.0069497968
 26        0.0007928616
 27       -0.0001516797
 28        0.0247426186
 29       -0.0000750613
 30        0.0016264927
 31       -0.0001218861
 32       -0.0651799909
 33        0.0050682578
 34       -0.0115451852
 35       -0.0001060208
 36       -0.0131091669
 37       -0.0000495145
 38        0.0000025399
 39        0.0000860635
 40        0.0012330984
 41       -0.0056361778
 42       -0.0016619595
 43       -0.0008027370
 44       -0.0003073593
 45        0.0003609452
 46       -0.0001866174
 47        0.0004401874
 48        0.0001287160
 49       -0.0003486792
 50       -0.0003208994
 51       -0.0004025095
 52       -0.0001845643
 53        0.0001152644
 54        0.0001702962
 55       -0.0001559858
 56        0.0000771727
 57        0.0001816130
 58       -0.0000678770
 59        0.0001068227
 60        0.0003024215
 61        0.0002013998
 62        0.0003727316
 63        0.0010559323
 64        0.0020124387
 65       -0.0002897358
 66       -0.0003151127
 67       -0.0002483755
 68        0.0001533436
 69        0.0003443739
 70        0.0000626601
 71        0.0000245632
 72        0.0002331991
 73       -0.0011460133
 74        0.0000336336
 75       -0.0021869965
 76       -0.0065743500
 77       -0.0002151043
 78       -0.0002150834
 79        0.0002124584

 --------------------------------------------------------------------------------

 End time:                               Mon Jul  5 14:47:01 2021
 Total wall-clock time:                  0.678 seconds
==================================================================================
