
================================================================================
          _____________ ________ _______________ ________     _________         
         / ___________// ______ \\_____   _____// ______ \   / ________)        
        / /_________  / /      \ \     | |     / /      \ \ | (_______          
       |  __________|| |        | |    | |    | |        | | \________ \        
        \ \_________ | |        | |    | |     \ \______/ /___________) |       
         \__________||_|        |_|    |_|      \________//____________/        
                                                                                
====================================[ Qcore ]===================================

 Git hash:   7200a4ff984a1591d3ca912b7a1362c2a46a44da
 Git date:   Mon, 7 Jun 2021 16:06:02 +0100
 Compiler:   GNU 9.1.0
 Build type: Release
 Version:    1.4.1

 Start time: Mon Jun 14 09:47:20 2021

 Data directory: /home/of15641/.local/src/Qcore/release/share/entos/1.4.1/data
 Number of threads: 18
 Number of threads was determined by: command line argument
  - More threads can be used by running 'qcore -n 24'

 --------------------------------------------------------------------------------
                                  command: bchla                                 
 --------------------------------------------------------------------------------
 XTB basis setup:                        reference basis
 Number of basis functions:            488
 GFN version:                            gfn1
 Integral screening threshold:           1.00e-10
 Total charge:                           0.000000000
 Number of electrons:                  436.000000000
 Electronic temperature (Kelvin):        0.000000000

 D3BJ energy:                           -0.129341478
 Repulsive energy:                       3.043118857

 ****************************************************
  Running robust self-consistent charge (SCC) solver 
 ****************************************************
 Number of SCC trials:                   4
 Using the stop-early mechanism for the first 3 trials

 Conv. threshold (charge):               1.00e-05
 Conv. threshold (energy):               1.00e-06
 Initial guess:                          SAD

 -------------
  SCC Trial 1 
 -------------
 Broyden mixing factor:                  0.400000000
 Max number of iterations:             128

 ---------------------------------------------------------------
                  energy        change          grad        time
 ---------------------------------------------------------------
   0      -260.745565529                    6.83e-01        0.04
   1      -261.803349830     -1.06e+00      3.95e-01        0.04
   2      -261.776917043      2.64e-02      7.78e-02        0.04
   3      -261.791918960     -1.50e-02      1.81e-02        0.04
   4      -261.828545881     -3.66e-02      4.51e-03        0.04
   5      -261.831215412     -2.67e-03      1.28e-03        0.04
   6      -261.831375445     -1.60e-04      5.14e-04        0.04
   7      -261.831402029     -2.66e-05      1.34e-04        0.04
   8      -261.831403228     -1.20e-06      5.86e-05        0.04
   9      -261.831403513     -2.84e-07      2.72e-05        0.04
  10      -261.831403560     -4.76e-08      1.07e-05        0.03
  11      -261.831403564     -4.06e-09      3.35e-06        0.03
  12      -261.831403565     -1.71e-10      9.39e-07        0.04

 SCF converged in 11 iterations.

 Entropy contribution (-ST):             0.000000000
 Dipole moment (in Debye):              -5.414136       1.477294      -2.379038

 -----------------
  Excitation -1 2 
 -----------------
 Setting up Delta-SCF
 Ground-Excited state overlap:           0.000000000
 No correction applied to the TDM.
 Excitation energy:                      0.065502551
 Excitation energy (in eV):              1.782415209
 Transition dipole:                      0.00747       0.00556      -0.03956

 -----------------
  Excitation -1 1 
 -----------------
 Setting up Delta-SCF
 Ground-Excited state overlap:           0.000000000
 No correction applied to the TDM.
 Excitation energy:                      0.095844955
 Excitation energy (in eV):              2.608074080
 Transition dipole:                      0.47017      -4.35293       0.21885

 ----------------
  Excitation 0 1 
 ----------------
 Setting up Delta-SCF
 Ground-Excited state overlap:          -0.000000000
 No correction applied to the TDM.
 Excitation energy:                      0.054934759
 Excitation energy (in eV):              1.494850940
 Transition dipole:                      0.00258       0.03311      -0.01683

 ----------------
  Excitation 0 2 
 ----------------
 Setting up Delta-SCF
 Ground-Excited state overlap:           0.000000000
 No correction applied to the TDM.
 Excitation energy:                      0.095662371
 Excitation energy (in eV):              2.603105718
 Transition dipole:                      0.38809      -2.11503      -3.82540

 --------------------------------------------------------------------------------

 End time:                               Mon Jun 14 09:47:22 2021
 Total wall-clock time:                  1.276 seconds
==================================================================================
