
================================================================================
          _____________ ________ _______________ ________     _________         
         / ___________// ______ \\_____   _____// ______ \   / ________)        
        / /_________  / /      \ \     | |     / /      \ \ | (_______          
       |  __________|| |        | |    | |    | |        | | \________ \        
        \ \_________ | |        | |    | |     \ \______/ /___________) |       
         \__________||_|        |_|    |_|      \________//____________/        
                                                                                
====================================[ Qcore ]===================================

 Git hash:   ad9d0b24ea610736acb9cf13a2604964cd4d942e
 Git date:   Wed, 30 Jun 2021 12:42:56 +0100
 Compiler:   GNU 9.1.0
 Build type: Release
 Version:    1.4.1

 Start time: Wed Jun 30 13:19:44 2021

 Data directory: /home/of15641/.local/src/Qcore/release/share/entos/1.4.1/data
 Number of threads: 2
 Number of threads was determined by: command line argument
  - More threads can be used by running 'qcore -n 24'

 --------------------------------------------------------------------------------
                                   command: xtb                                  
 --------------------------------------------------------------------------------
 XTB basis setup:                        reference basis
 Number of basis functions:            244
 GFN version:                            chlorophyll
 Integral screening threshold:           1.00e-10
 Total charge:                           0.000000000
 Number of electrons:                  218.000000000
 Electronic temperature (Kelvin):        0.000000000

 D3BJ energy:                           -0.062532568
 Repulsive energy:                       1.521564242

 ****************************************************
  Running robust self-consistent charge (SCC) solver 
 ****************************************************
 Number of SCC trials:                   4
 Using the stop-early mechanism for the first 3 trials

 Conv. threshold (charge):               1.00e-05
 Conv. threshold (energy):               1.00e-06
 Initial guess:                          eeq

 -------------
  SCC Trial 1 
 -------------
 Broyden mixing factor:                  0.400000000
 Max number of iterations:             128

 ---------------------------------------------------------------
                  energy        change          grad        time
 ---------------------------------------------------------------
   0      -130.296904445                    6.61e-01        0.01
   1      -130.889101754     -5.92e-01      3.88e-01        0.01
   2      -130.898032753     -8.93e-03      1.03e-01        0.01
   3      -130.909492141     -1.15e-02      1.05e-02        0.01
   4      -130.910044537     -5.52e-04      5.71e-03        0.01
   5      -130.912309065     -2.26e-03      1.38e-03        0.01
   6      -130.912422669     -1.14e-04      4.09e-04        0.01
   7      -130.912430369     -7.70e-06      1.58e-04        0.01
   8      -130.912431159     -7.90e-07      4.48e-05        0.01
   9      -130.912431174     -1.42e-08      1.59e-05        0.01
  10      -130.912431175     -1.31e-09      4.94e-06        0.01
  11      -130.912431175     -1.80e-10      1.72e-06        0.01

 SCF converged in 10 iterations.

 Entropy contribution (-ST):             0.000000000
 Dipole moment (in Debye):              -2.374646      -3.248281       0.705742

 ----------------
  Excitation 0 1 
 ----------------
 Setting up Delta-SCF
 Ground-Excited state overlap:          -0.000000000
 No correction applied to the TDM.
 Excitation energy:                      0.095288013
 Excitation energy (in eV):              2.592918926
 Transition dipole:                     -0.04977       3.65024      -2.42403
 ------------------------------------------------------
           transition charges and positions           
           --------------------------------           
        atom     charge/e     x/bohr        y/bohr        z/bohr
 ------------------------------------------------------
     1  Mg       0.000007     59.587902      5.364555      4.526518
     2  C        0.020021     59.639133      6.180973     -2.187963
     3  C       -0.017698     58.567904     -0.914590      3.472939
     4  C       -0.016146     58.680947      4.733745     10.416529
     5  C        0.014886     58.470507     11.835714      5.024895
     6  N        0.000958     59.193233      3.142142      1.004352
     7  C        0.030431     59.363649      3.662743     -1.447303
     8  C       -0.000141     59.365425      1.263017     -3.153065
     9  C       -0.000161     57.963173     -0.645512     -1.290570
    10  C       -0.036513     58.669987      0.557564      1.216946
    11  C       -0.004507     55.093397     -0.615711     -1.558174
    12  C        0.002933     62.103392      0.339149     -3.789676
    13  C        0.000205     62.285430     -1.602469     -5.927995
    14  H        0.000511     64.452265     -1.510156     -7.618393
    15  N       -0.010729     59.661772      2.311834      6.674248
    16  C       -0.050691     59.232936     -0.097963      5.923970
    17  C       -0.092755     59.504943     -1.677321      8.213147
    18  C       -0.030519     59.772661      0.047470     10.420951
    19  C       -0.040595     59.327120      2.464411      9.249983
    20  C       -0.001205     59.584614     -4.506146      8.150086
    21  C       -0.005472     60.320398     -0.411696     13.156217
    22  O       -0.010687     60.037374      1.307483     14.829966
    23  C       -0.000274     61.046110     -3.007990     13.858155
    24  N        0.004962     58.291475      7.828550      7.321045
    25  C       -0.024637     58.182267      7.112400      9.742578
    26  C       -0.000360     57.717074      9.324495     11.452799
    27  C        0.001001     57.988193     11.785523      9.727913
    28  C        0.047778     58.435132     10.475753      7.149306
    29  C       -0.002824     55.146328      9.366352     12.795543
    30  C        0.003502     59.900406     13.820663     10.607486
    31  C        0.000487     62.562237     12.798756     10.413185
    32  N        0.001224     59.458740      8.553392      1.950046
    33  C        0.069577     58.917749     11.074683      2.561240
    34  C        0.058066     58.849284     12.498403      0.167071
    35  C        0.028898     59.327328     10.688744     -1.685258
    36  C        0.039095     59.623391      8.278002     -0.526043
    37  C        0.001622     58.281119     15.113406     -0.094430
    38  C        0.007322     59.610711     10.222814     -4.378080
    39  O        0.013551     59.726986     11.572343     -6.271302
    40  C        0.000078     59.595386      7.247893     -4.831047
    41  C        0.000218     61.773900      6.629556     -6.549810
    42  O        0.000377     64.001207      6.903585     -5.824948
    43  O        0.000054     60.909823      5.399930     -8.592169
    44  C        0.000012     62.982928      4.681740    -10.348934
    45  H       -0.000017     57.805891     -2.829619      3.380682
    46  H       -0.000088     58.556150      4.639108     12.474139
    47  H        0.001383     58.291040     13.890507      5.045720
    48  H        0.001048     58.295027      1.452368     -4.903008
    49  H       -0.001158     58.737677     -2.549770     -1.414743
    50  H       -0.000416     54.470146      0.891592     -2.815843
    51  H       -0.001187     54.366646     -0.311030      0.345291
    52  H       -0.000832     54.393499     -2.463390     -2.142477
    53  H        0.000063     62.818786     -0.793950     -2.225417
    54  H        0.000309     63.331960      1.938179     -4.214959
    55  H        0.000083     60.532444     -1.701887     -7.006349
    56  H        0.000061     62.475744     -3.473090     -5.086765
    57  H       -0.000016     59.027750     -5.238075      6.308492
    58  H       -0.011635     58.120814     -5.178076      9.433513
    59  H       -0.009957     61.416023     -5.243688      8.737980
    60  H       -0.000777     59.535576     -4.303832     13.325744
    61  H        0.000005     61.529199     -2.941888     15.858298
    62  H       -0.000815     62.697900     -3.559942     12.756917
    63  H       -0.001999     59.116000      9.399706     12.960838
    64  H        0.005342     56.208392     12.809093      9.556421
    65  H       -0.000243     55.286753      9.461197     14.848882
    66  H       -0.000498     54.091218      7.700313     12.203133
    67  H       -0.000286     53.885824     10.882215     12.200884
    68  H        0.000138     59.578038     14.300351     12.583497
    69  H        0.000382     59.793958     15.563236      9.514129
    70  H        0.000056     62.783089     11.753000     12.172709
    71  H        0.000118     63.919381     14.345308     10.298818
    72  H        0.000688     62.738529     11.447961      8.867748
    73  H        0.005841     59.644594     15.867615     -1.441426
    74  H        0.000838     58.398358     16.089223      1.715267
    75  H        0.011599     56.353995     15.015027     -0.814491
    76  H        0.000090     57.780039      6.788388     -5.687017
    77  H       -0.000001     62.518338      5.475519    -12.192116
    78  H        0.000014     63.184165      2.636111    -10.212042
    79  H        0.000006     64.816378      5.555795    -10.000034
 ------------------------------------------------------


 -----------------
  Excitation -1 1 
 -----------------
 Setting up Delta-SCF
 Ground-Excited state overlap:           0.000000000
 No correction applied to the TDM.
 Excitation energy:                      0.102301271
 Excitation energy (in eV):              2.783759408
 Transition dipole:                     -0.21411       1.36920       2.20636
 ------------------------------------------------------
           transition charges and positions           
           --------------------------------           
        atom     charge/e     x/bohr        y/bohr        z/bohr
 ------------------------------------------------------
     1  Mg       0.001802     59.587902      5.364555      4.526518
     2  C       -0.085892     59.639133      6.180973     -2.187963
     3  C       -0.067017     58.567904     -0.914590      3.472939
     4  C        0.067532     58.680947      4.733745     10.416529
     5  C        0.053814     58.470507     11.835714      5.024895
     6  N       -0.113094     59.193233      3.142142      1.004352
     7  C       -0.010080     59.363649      3.662743     -1.447303
     8  C        0.000210     59.365425      1.263017     -3.153065
     9  C       -0.001257     57.963173     -0.645512     -1.290570
    10  C       -0.005267     58.669987      0.557564      1.216946
    11  C       -0.000628     55.093397     -0.615711     -1.558174
    12  C       -0.000799     62.103392      0.339149     -3.789676
    13  C       -0.000022     62.285430     -1.602469     -5.927995
    14  H       -0.000077     64.452265     -1.510156     -7.618393
    15  N        0.029363     59.661772      2.311834      6.674248
    16  C        0.007761     59.232936     -0.097963      5.923970
    17  C       -0.010910     59.504943     -1.677321      8.213147
    18  C        0.008363     59.772661      0.047470     10.420951
    19  C       -0.007443     59.327120      2.464411      9.249983
    20  C       -0.000112     59.584614     -4.506146      8.150086
    21  C        0.001143     60.320398     -0.411696     13.156217
    22  O        0.001898     60.037374      1.307483     14.829966
    23  C        0.000358     61.046110     -3.007990     13.858155
    24  N        0.118665     58.291475      7.828550      7.321045
    25  C        0.004889     58.182267      7.112400      9.742578
    26  C        0.001514     57.717074      9.324495     11.452799
    27  C        0.000827     57.988193     11.785523      9.727913
    28  C        0.012639     58.435132     10.475753      7.149306
    29  C        0.000574     55.146328      9.366352     12.795543
    30  C        0.000765     59.900406     13.820663     10.607486
    31  C       -0.000067     62.562237     12.798756     10.413185
    32  N       -0.015938     59.458740      8.553392      1.950046
    33  C       -0.000308     58.917749     11.074683      2.561240
    34  C        0.014846     58.849284     12.498403      0.167071
    35  C       -0.005250     59.327328     10.688744     -1.685258
    36  C        0.010893     59.623391      8.278002     -0.526043
    37  C        0.000546     58.281119     15.113406     -0.094430
    38  C       -0.001518     59.610711     10.222814     -4.378080
    39  O       -0.003850     59.726986     11.572343     -6.271302
    40  C       -0.000559     59.595386      7.247893     -4.831047
    41  C       -0.004150     61.773900      6.629556     -6.549810
    42  O       -0.002229     64.001207      6.903585     -5.824948
    43  O       -0.000509     60.909823      5.399930     -8.592169
    44  C       -0.000241     62.982928      4.681740    -10.348934
    45  H        0.000061     57.805891     -2.829619      3.380682
    46  H       -0.000025     58.556150      4.639108     12.474139
    47  H        0.000438     58.291040     13.890507      5.045720
    48  H       -0.000245     58.295027      1.452368     -4.903008
    49  H       -0.000227     58.737677     -2.549770     -1.414743
    50  H       -0.000340     54.470146      0.891592     -2.815843
    51  H       -0.000558     54.366646     -0.311030      0.345291
    52  H       -0.000207     54.393499     -2.463390     -2.142477
    53  H       -0.000066     62.818786     -0.793950     -2.225417
    54  H       -0.000171     63.331960      1.938179     -4.214959
    55  H       -0.000019     60.532444     -1.701887     -7.006349
    56  H       -0.000018     62.475744     -3.473090     -5.086765
    57  H       -0.000092     59.027750     -5.238075      6.308492
    58  H       -0.000122     58.120814     -5.178076      9.433513
    59  H       -0.002021     61.416023     -5.243688      8.737980
    60  H        0.000217     59.535576     -4.303832     13.325744
    61  H        0.000020     61.529199     -2.941888     15.858298
    62  H        0.000269     62.697900     -3.559942     12.756917
    63  H        0.000054     59.116000      9.399706     12.960838
    64  H        0.001549     56.208392     12.809093      9.556421
    65  H        0.000096     55.286753      9.461197     14.848882
    66  H        0.000368     54.091218      7.700313     12.203133
    67  H        0.000281     53.885824     10.882215     12.200884
    68  H        0.000002     59.578038     14.300351     12.583497
    69  H        0.000211     59.793958     15.563236      9.514129
    70  H        0.000023     62.783089     11.753000     12.172709
    71  H        0.000046     63.919381     14.345308     10.298818
    72  H        0.000147     62.738529     11.447961      8.867748
    73  H        0.002205     59.644594     15.867615     -1.441426
    74  H       -0.000121     58.398358     16.089223      1.715267
    75  H        0.002725     56.353995     15.015027     -0.814491
    76  H       -0.005423     57.780039      6.788388     -5.687017
    77  H       -0.000039     62.518338      5.475519    -12.192116
    78  H       -0.000093     63.184165      2.636111    -10.212042
    79  H       -0.000112     64.816378      5.555795    -10.000034
 ------------------------------------------------------


 ----------------
  Excitation 0 2 
 ----------------
 Setting up Delta-SCF
 Ground-Excited state overlap:           0.000000000
 No correction applied to the TDM.
 Excitation energy:                      0.149822522
 Excitation energy (in eV):              4.076878504
 Transition dipole:                     -0.22925       0.99262       1.71673
 ------------------------------------------------------
           transition charges and positions           
           --------------------------------           
        atom     charge/e     x/bohr        y/bohr        z/bohr
 ------------------------------------------------------
     1  Mg       0.000997     59.587902      5.364555      4.526518
     2  C        0.010744     59.639133      6.180973     -2.187963
     3  C        0.013924     58.567904     -0.914590      3.472939
     4  C       -0.009783     58.680947      4.733745     10.416529
     5  C       -0.016179     58.470507     11.835714      5.024895
     6  N       -0.000199     59.193233      3.142142      1.004352
     7  C       -0.061190     59.363649      3.662743     -1.447303
     8  C       -0.000436     59.365425      1.263017     -3.153065
     9  C       -0.000150     57.963173     -0.645512     -1.290570
    10  C       -0.057624     58.669987      0.557564      1.216946
    11  C       -0.004536     55.093397     -0.615711     -1.558174
    12  C       -0.007066     62.103392      0.339149     -3.789676
    13  C       -0.000461     62.285430     -1.602469     -5.927995
    14  H       -0.005135     64.452265     -1.510156     -7.618393
    15  N       -0.026885     59.661772      2.311834      6.674248
    16  C       -0.024418     59.232936     -0.097963      5.923970
    17  C        0.000292     59.504943     -1.677321      8.213147
    18  C       -0.016893     59.772661      0.047470     10.420951
    19  C        0.086178     59.327120      2.464411      9.249983
    20  C       -0.000309     59.584614     -4.506146      8.150086
    21  C       -0.009221     60.320398     -0.411696     13.156217
    22  O       -0.013760     60.037374      1.307483     14.829966
    23  C        0.000127     61.046110     -3.007990     13.858155
    24  N       -0.002225     58.291475      7.828550      7.321045
    25  C        0.086877     58.182267      7.112400      9.742578
    26  C       -0.001068     57.717074      9.324495     11.452799
    27  C       -0.000405     57.988193     11.785523      9.727913
    28  C        0.066777     58.435132     10.475753      7.149306
    29  C        0.009572     55.146328      9.366352     12.795543
    30  C        0.004707     59.900406     13.820663     10.607486
    31  C        0.000693     62.562237     12.798756     10.413185
    32  N        0.004486     59.458740      8.553392      1.950046
    33  C        0.034328     58.917749     11.074683      2.561240
    34  C       -0.032054     58.849284     12.498403      0.167071
    35  C        0.002811     59.327328     10.688744     -1.685258
    36  C       -0.034680     59.623391      8.278002     -0.526043
    37  C       -0.000077     58.281119     15.113406     -0.094430
    38  C       -0.001198     59.610711     10.222814     -4.378080
    39  O       -0.001557     59.726986     11.572343     -6.271302
    40  C       -0.000105     59.595386      7.247893     -4.831047
    41  C        0.000309     61.773900      6.629556     -6.549810
    42  O        0.000261     64.001207      6.903585     -5.824948
    43  O        0.000077     60.909823      5.399930     -8.592169
    44  C        0.000002     62.982928      4.681740    -10.348934
    45  H        0.000229     57.805891     -2.829619      3.380682
    46  H       -0.000529     58.556150      4.639108     12.474139
    47  H        0.001196     58.291040     13.890507      5.045720
    48  H       -0.001165     58.295027      1.452368     -4.903008
    49  H       -0.001303     58.737677     -2.549770     -1.414743
    50  H       -0.000299     54.470146      0.891592     -2.815843
    51  H       -0.001036     54.366646     -0.311030      0.345291
    52  H       -0.000782     54.393499     -2.463390     -2.142477
    53  H       -0.000218     62.818786     -0.793950     -2.225417
    54  H       -0.000250     63.331960      1.938179     -4.214959
    55  H        0.000640     60.532444     -1.701887     -7.006349
    56  H       -0.000337     62.475744     -3.473090     -5.086765
    57  H        0.000096     59.027750     -5.238075      6.308492
    58  H       -0.000532     58.120814     -5.178076      9.433513
    59  H        0.000503     61.416023     -5.243688      8.737980
    60  H       -0.001260     59.535576     -4.303832     13.325744
    61  H        0.000046     61.529199     -2.941888     15.858298
    62  H       -0.001379     62.697900     -3.559942     12.756917
    63  H        0.006524     59.116000      9.399706     12.960838
    64  H        0.005045     56.208392     12.809093      9.556421
    65  H        0.001574     55.286753      9.461197     14.848882
    66  H        0.002448     54.091218      7.700313     12.203133
    67  H        0.002108     53.885824     10.882215     12.200884
    68  H        0.000524     59.578038     14.300351     12.583497
    69  H        0.000557     59.793958     15.563236      9.514129
    70  H        0.000205     62.783089     11.753000     12.172709
    71  H        0.000047     63.919381     14.345308     10.298818
    72  H        0.000661     62.738529     11.447961      8.867748
    73  H       -0.002408     59.644594     15.867615     -1.441426
    74  H       -0.000427     58.398358     16.089223      1.715267
    75  H       -0.006114     56.353995     15.015027     -0.814491
    76  H        0.000095     57.780039      6.788388     -5.687017
    77  H       -0.000003     62.518338      5.475519    -12.192116
    78  H        0.000004     63.184165      2.636111    -10.212042
    79  H       -0.000004     64.816378      5.555795    -10.000034
 ------------------------------------------------------


 -----------------
  Excitation -1 2 
 -----------------
 Setting up Delta-SCF
 Ground-Excited state overlap:           0.000000000
 No correction applied to the TDM.
 Excitation energy:                      0.164102916
 Excitation energy (in eV):              4.465467830
 Transition dipole:                      0.07642      -1.57909       0.92465
 ------------------------------------------------------
           transition charges and positions           
           --------------------------------           
        atom     charge/e     x/bohr        y/bohr        z/bohr
 ------------------------------------------------------
     1  Mg       0.006412     59.587902      5.364555      4.526518
     2  C       -0.047026     59.639133      6.180973     -2.187963
     3  C        0.051735     58.567904     -0.914590      3.472939
     4  C        0.036079     58.680947      4.733745     10.416529
     5  C       -0.059741     58.470507     11.835714      5.024895
     6  N        0.013806     59.193233      3.142142      1.004352
     7  C        0.020266     59.363649      3.662743     -1.447303
     8  C       -0.001081     59.365425      1.263017     -3.153065
     9  C        0.000218     57.963173     -0.645512     -1.290570
    10  C       -0.008037     58.669987      0.557564      1.216946
    11  C       -0.000665     55.093397     -0.615711     -1.558174
    12  C        0.001953     62.103392      0.339149     -3.789676
    13  C       -0.000159     62.285430     -1.602469     -5.927995
    14  H        0.000743     64.452265     -1.510156     -7.618393
    15  N        0.093647     59.661772      2.311834      6.674248
    16  C        0.002810     59.232936     -0.097963      5.923970
    17  C        0.000271     59.504943     -1.677321      8.213147
    18  C        0.004841     59.772661      0.047470     10.420951
    19  C        0.015467     59.327120      2.464411      9.249983
    20  C        0.000374     59.584614     -4.506146      8.150086
    21  C        0.002706     60.320398     -0.411696     13.156217
    22  O        0.002693     60.037374      1.307483     14.829966
    23  C        0.000965     61.046110     -3.007990     13.858155
    24  N       -0.044741     58.291475      7.828550      7.321045
    25  C       -0.016424     58.182267      7.112400      9.742578
    26  C        0.000891     57.717074      9.324495     11.452799
    27  C       -0.000003     57.988193     11.785523      9.727913
    28  C        0.018446     58.435132     10.475753      7.149306
    29  C       -0.001206     55.146328      9.366352     12.795543
    30  C        0.001073     59.900406     13.820663     10.607486
    31  C       -0.000188     62.562237     12.798756     10.413185
    32  N       -0.065516     59.458740      8.553392      1.950046
    33  C        0.000909     58.917749     11.074683      2.561240
    34  C       -0.008081     58.849284     12.498403      0.167071
    35  C       -0.000356     59.327328     10.688744     -1.685258
    36  C       -0.009222     59.623391      8.278002     -0.526043
    37  C       -0.000034     58.281119     15.113406     -0.094430
    38  C        0.000160     59.610711     10.222814     -4.378080
    39  O        0.000334     59.726986     11.572343     -6.271302
    40  C        0.001205     59.595386      7.247893     -4.831047
    41  C       -0.005751     61.773900      6.629556     -6.549810
    42  O       -0.001644     64.001207      6.903585     -5.824948
    43  O       -0.000791     60.909823      5.399930     -8.592169
    44  C       -0.000343     62.982928      4.681740    -10.348934
    45  H        0.000281     57.805891     -2.829619      3.380682
    46  H       -0.000126     58.556150      4.639108     12.474139
    47  H        0.000358     58.291040     13.890507      5.045720
    48  H        0.000246     58.295027      1.452368     -4.903008
    49  H       -0.000234     58.737677     -2.549770     -1.414743
    50  H       -0.000335     54.470146      0.891592     -2.815843
    51  H       -0.000384     54.366646     -0.311030      0.345291
    52  H       -0.000185     54.393499     -2.463390     -2.142477
    53  H        0.000122     62.818786     -0.793950     -2.225417
    54  H        0.000175     63.331960      1.938179     -4.214959
    55  H       -0.000183     60.532444     -1.701887     -7.006349
    56  H        0.000103     62.475744     -3.473090     -5.086765
    57  H        0.000201     59.027750     -5.238075      6.308492
    58  H        0.000006     58.120814     -5.178076      9.433513
    59  H        0.000133     61.416023     -5.243688      8.737980
    60  H        0.000407     59.535576     -4.303832     13.325744
    61  H        0.000204     61.529199     -2.941888     15.858298
    62  H        0.000466     62.697900     -3.559942     12.756917
    63  H        0.000333     59.116000      9.399706     12.960838
    64  H        0.001384     56.208392     12.809093      9.556421
    65  H       -0.000445     55.286753      9.461197     14.848882
    66  H       -0.000596     54.091218      7.700313     12.203133
    67  H       -0.000485     53.885824     10.882215     12.200884
    68  H        0.000096     59.578038     14.300351     12.583497
    69  H        0.000307     59.793958     15.563236      9.514129
    70  H        0.000044     62.783089     11.753000     12.172709
    71  H        0.000020     63.919381     14.345308     10.298818
    72  H        0.000172     62.738529     11.447961      8.867748
    73  H       -0.000921     59.644594     15.867615     -1.441426
    74  H        0.000088     58.398358     16.089223      1.715267
    75  H       -0.001452     56.353995     15.015027     -0.814491
    76  H       -0.006595     57.780039      6.788388     -5.687017
    77  H       -0.000186     62.518338      5.475519    -12.192116
    78  H       -0.000167     63.184165      2.636111    -10.212042
    79  H        0.000150     64.816378      5.555795    -10.000034
 ------------------------------------------------------

 TOTAL ENERGY:                        -130.912431175

 --------------------------------------------------------------------------------

 End time:                               Wed Jun 30 13:19:44 2021
 Total wall-clock time:                  0.327 seconds
==================================================================================
