
================================================================================
          _____________ ________ _______________ ________     _________         
         / ___________// ______ \\_____   _____// ______ \   / ________)        
        / /_________  / /      \ \     | |     / /      \ \ | (_______          
       |  __________|| |        | |    | |    | |        | | \________ \        
        \ \_________ | |        | |    | |     \ \______/ /___________) |       
         \__________||_|        |_|    |_|      \________//____________/        
                                                                                
====================================[ Qcore ]===================================

 Git hash:   035eaa6e02832a1eaacaa1f2c2b4151870260895
 Git date:   Fri, 20 Aug 2021 11:46:14 +0100
 Compiler:   GNU 9.1.0
 Build type: Release
 Version:    2.0.0

 Start time: Fri Aug 20 14:49:09 2021

 Data directory: /home/of15641/.local/src/Qcore/release/share/entos/2.0.0/data
 Number of threads: 2
 Number of threads was determined by: command line argument
  - More threads can be used by running 'qcore -n 24'

 --------------------------------------------------------------------------------
                                   command: xtb                                  
 --------------------------------------------------------------------------------
 XTB basis setup:                        reference basis
 Implicit solvation model:               none
 Number of basis functions:            488
 GFN version:                            chlorophyll
 Integral screening threshold:           1.00e-10
 Total charge:                           0.000000000
 Number of electrons:                  436.000000000
 Electronic temperature (Kelvin):        0.000000000

 D3BJ energy:                           -0.129684411
 Repulsive energy:                       3.040137001

 ****************************************************
  Running robust self-consistent charge (SCC) solver 
 ****************************************************
 Number of SCC trials:                   4
 Using the stop-early mechanism for the first 3 trials

 Conv. threshold (charge):               1.00e-05
 Conv. threshold (energy):               1.00e-06
 Initial guess:                          eeq

 -------------
  SCC Trial 1 
 -------------
 Broyden mixing factor:                  0.400000000
 Max number of iterations:             128

 ---------------------------------------------------------------
                  energy        change          grad        time
 ---------------------------------------------------------------
   0      -251.772642863                    6.23e-01        0.05
   1      -253.103594631     -1.33e+00      3.67e-01        0.04
   2      -253.111125712     -7.53e-03      1.27e-01        0.04
   3      -253.177105432     -6.60e-02      1.74e-02        0.04
   4      -253.184410902     -7.31e-03      1.36e-02        0.04
   5      -253.214933621     -3.05e-02      3.57e-03        0.04
   6      -253.216478936     -1.55e-03      1.03e-03        0.04
   7      -253.216583001     -1.04e-04      3.42e-04        0.04
   8      -253.216593868     -1.09e-05      1.14e-04        0.04
   9      -253.216594141     -2.73e-07      7.96e-05        0.04
  10      -253.216594724     -5.83e-07      2.50e-05        0.04
  11      -253.216594736     -1.23e-08      9.82e-06        0.04
  12      -253.216594740     -4.23e-09      3.17e-06        0.04

 SCF converged in 11 iterations.

 Entropy contribution (-ST):             0.000000000
 Dipole moment (in Debye):              -5.292039       4.724181       2.226124

 ----------------
  Excitation 0 1 
 ----------------
 Setting up Delta-SCF
 Ground-Excited state overlap:           0.000000000
 No correction applied to the TDM.
 Excitation energy:                      0.047214874
 Excitation energy (in eV):              1.284782161
 Transition dipole:                      0.00515      -0.00640      -0.00870

 -----------------
  Excitation -1 1 
 -----------------
 Setting up Delta-SCF
 Ground-Excited state overlap:           0.000000000
 No correction applied to the TDM.
 Excitation energy:                      0.066837056
 Excitation energy (in eV):              1.818728958
 Transition dipole:                      0.30411      -2.76223       0.11836

 ----------------
  Excitation 0 2 
 ----------------
 Setting up Delta-SCF
 Ground-Excited state overlap:          -0.000000000
 No correction applied to the TDM.
 Excitation energy:                      0.066551626
 Excitation energy (in eV):              1.810962001
 Transition dipole:                     -0.32673       2.76516       0.28730

 -----------------
  Excitation -1 2 
 -----------------
 Setting up Delta-SCF
 Ground-Excited state overlap:           0.000000000
 No correction applied to the TDM.
 Excitation energy:                      0.055659842
 Excitation energy (in eV):              1.514581449
 Transition dipole:                     -0.00030      -0.00915       0.00691
 TOTAL ENERGY:                        -253.216594740
 Saving results in set 'res'

 --------------------------------------------------------------------------------
                                  command: print                                 
 --------------------------------------------------------------------------------
 res.energy:                          -253.2165947402

 --------------------------------------------------------------------------------
                                  command: print                                 
 --------------------------------------------------------------------------------

 res.dipole:
                      1
 1        -2.0820484880
 2         1.8586356210
 3         0.8758245456

 --------------------------------------------------------------------------------
                                  command: print                                 
 --------------------------------------------------------------------------------

 res.atomic_charges:
                      1
 1         0.4459307505
 2        -0.0517030975
 3        -0.1073292872
 4        -0.0959682251
 5        -0.0784133006
 6        -0.2194136323
 7         0.1235928093
 8        -0.0241773360
 9        -0.0153293969
 10        0.1127746602
 11       -0.0941887598
 12       -0.0315229461
 13       -0.0764180370
 14        0.0130838024
 15       -0.2560690152
 16        0.1241896478
 17       -0.0209117080
 18       -0.1136369491
 19        0.1527391917
 20       -0.0940971063
 21        0.3647901718
 22       -0.4656689366
 23       -0.1398448443
 24       -0.2321994648
 25        0.1431030090
 26       -0.0073413536
 27       -0.0308566869
 28        0.1152085556
 29       -0.0950599125
 30       -0.0308213765
 31       -0.0958926565
 32       -0.2649003780
 33        0.0945164508
 34        0.0201445941
 35       -0.1212782571
 36        0.1323181073
 37       -0.0964818792
 38        0.3691484224
 39       -0.4433515004
 40       -0.0936663591
 41        0.5512243992
 42       -0.4996609066
 43       -0.3418118485
 44        0.1141588419
 45        0.0392651451
 46        0.0457892511
 47        0.0268453372
 48        0.0311686297
 49        0.0279328077
 50        0.0422288545
 51        0.0315003744
 52        0.0358491047
 53        0.0250715038
 54        0.0426570708
 55        0.0209187897
 56        0.0154825182
 57        0.0379281826
 58        0.0383053599
 59        0.0475056890
 60        0.0581812851
 61        0.0693136942
 62        0.0455832391
 63        0.0333727875
 64        0.0283093004
 65        0.0404215144
 66        0.0256034323
 67        0.0257415303
 68        0.0279674790
 69        0.0213779638
 70        0.0273801387
 71        0.0370951457
 72        0.0330973962
 73        0.0695118355
 74        0.0447684871
 75        0.0656702886
 76        0.0557914844
 77        0.0469355036
 78        0.0441912956
 79        0.0512897497
 80        0.4466078691
 81       -0.0499225540
 82       -0.1042978392
 83       -0.0955340083
 84       -0.0782933455
 85       -0.2170456120
 86        0.1273597125
 87       -0.0265650834
 88       -0.0159116864
 89        0.1103363227
 90       -0.0949967555
 91       -0.0315564750
 92       -0.0749851581
 93        0.0123660862
 94       -0.2536324709
 95        0.1241673613
 96       -0.0222057390
 97       -0.1166990207
 98        0.1526669158
 99       -0.0933192520
 100       0.3634372748
 101      -0.4685817989
 102      -0.1391863628
 103      -0.2348755625
 104       0.1398046936
 105      -0.0079757329
 106      -0.0304836930
 107       0.1178965781
 108      -0.0933702677
 109      -0.0311522011
 110      -0.0952919882
 111      -0.2677014382
 112       0.0932226707
 113       0.0197117490
 114      -0.1193844928
 115       0.1328795330
 116      -0.0959187665
 117       0.3708512649
 118      -0.4451322569
 119      -0.0946399084
 120       0.5514302121
 121      -0.4953633640
 122      -0.3411032576
 123       0.1151744210
 124       0.0370054840
 125       0.0476751172
 126       0.0260072303
 127       0.0357668939
 128       0.0272434042
 129       0.0526190169
 130       0.0299933244
 131       0.0312024415
 132       0.0260708747
 133       0.0470875708
 134       0.0195377252
 135       0.0140528578
 136       0.0361884544
 137       0.0331120039
 138       0.0465486854
 139       0.0591670789
 140       0.0675958752
 141       0.0459622964
 142       0.0344442761
 143       0.0243244098
 144       0.0382163605
 145       0.0274819517
 146       0.0244449936
 147       0.0256619882
 148       0.0212963532
 149       0.0278931461
 150       0.0388630872
 151       0.0323665813
 152       0.0697732770
 153       0.0439204588
 154       0.0650431425
 155       0.0630440426
 156       0.0446911483
 157       0.0415705751
 158       0.0523808742

 --------------------------------------------------------------------------------
                                  command: print                                 
 --------------------------------------------------------------------------------
 res.excitation_1_energy:                0.0472148736

 --------------------------------------------------------------------------------
                                  command: print                                 
 --------------------------------------------------------------------------------
 res.excitation_1_transition_dipole : [
  0.005152512524199578,
  -0.006400566501826498,
  -0.008702113137301655
]

 --------------------------------------------------------------------------------
                                  command: print                                 
 --------------------------------------------------------------------------------

 res.excitation_1_transition_charges:
                      1
 1        -0.0000072117
 2        -0.0002753660
 3        -0.0002484014
 4         0.0002418021
 5         0.0001587829
 6        -0.0003332115
 7        -0.0000275319
 8         0.0000019876
 9        -0.0000076094
 10        0.0000083269
 11       -0.0000074609
 12       -0.0000265947
 13       -0.0000025995
 14       -0.0000000032
 15        0.0000987853
 16        0.0000224617
 17        0.0000504413
 18        0.0000027395
 19        0.0000239710
 20        0.0000012166
 21        0.0000022368
 22       -0.0000055579
 23       -0.0000006629
 24        0.0002762117
 25        0.0000250165
 26       -0.0000016637
 27       -0.0000020544
 28       -0.0000023994
 29        0.0000025538
 30        0.0000008534
 31        0.0000014126
 32       -0.0000567905
 33       -0.0000153680
 34       -0.0000226514
 35        0.0000005829
 36       -0.0000131870
 37       -0.0000009653
 38       -0.0000042785
 39       -0.0000047666
 40       -0.0000018276
 41       -0.0000028178
 42       -0.0000063913
 43        0.0000006354
 44       -0.0000006258
 45        0.0000002583
 46        0.0000003555
 47        0.0000007109
 48        0.0000014967
 49        0.0000000692
 50       -0.0000028867
 51       -0.0000025972
 52       -0.0000032388
 53       -0.0000136731
 54       -0.0000310522
 55       -0.0000015807
 56       -0.0000007896
 57       -0.0000002088
 58        0.0000061928
 59        0.0000036465
 60       -0.0000005157
 61        0.0000000055
 62       -0.0000007235
 63        0.0000016874
 64       -0.0000039273
 65        0.0000001924
 66        0.0000005125
 67        0.0000000373
 68       -0.0000000916
 69        0.0000008780
 70       -0.0000017352
 71       -0.0000024584
 72       -0.0000016582
 73       -0.0000035072
 74       -0.0000003171
 75       -0.0000018146
 76       -0.0000113742
 77       -0.0000001228
 78       -0.0000000056
 79        0.0000000817
 80       -0.0000166613
 81        0.0000859319
 82       -0.0000374476
 83       -0.0000279904
 84        0.0000115192
 85        0.0000069572
 86        0.0000651803
 87        0.0000035490
 88        0.0000041621
 89       -0.0000513654
 90       -0.0000251879
 91        0.0000125595
 92        0.0000011647
 93        0.0000022129
 94       -0.0000009198
 95       -0.0001172212
 96       -0.0001470099
 97       -0.0000665047
 98       -0.0000390395
 99       -0.0000018321
 100      -0.0000158666
 101      -0.0000241154
 102      -0.0000006445
 103      -0.0000031187
 104      -0.0000489696
 105      -0.0000033720
 106      -0.0000020492
 107       0.0001425089
 108       0.0000041369
 109       0.0000032202
 110       0.0000014510
 111       0.0000112636
 112       0.0001517491
 113       0.0001362019
 114       0.0000589689
 115       0.0000986742
 116       0.0000065886
 117       0.0000194203
 118       0.0000294520
 119       0.0000004643
 120       0.0000006998
 121       0.0000012415
 122       0.0000001344
 123       0.0000000258
 124      -0.0000000423
 125       0.0000000640
 126       0.0000024998
 127       0.0000009211
 128       0.0000043786
 129      -0.0000045241
 130      -0.0000121589
 131      -0.0000121425
 132       0.0000003057
 133       0.0000017923
 134      -0.0000000622
 135       0.0000004340
 136      -0.0000000696
 137      -0.0000103568
 138      -0.0000096437
 139      -0.0000013016
 140       0.0000000076
 141      -0.0000014059
 142      -0.0000060217
 143       0.0000095355
 144       0.0000010862
 145       0.0000019929
 146       0.0000022426
 147      -0.0000000900
 148       0.0000001507
 149      -0.0000000425
 150      -0.0000000608
 151       0.0000005911
 152       0.0000089718
 153       0.0000018957
 154       0.0000161063
 155       0.0000009256
 156      -0.0000000053
 157       0.0000000321
 158       0.0000000056

 --------------------------------------------------------------------------------
                                  command: print                                 
 --------------------------------------------------------------------------------
 res.excitation_1_excited_dipole : [
  12.38219920322656,
  3.0754122854157533,
  2.3348021441741693
]

 --------------------------------------------------------------------------------
                                  command: print                                 
 --------------------------------------------------------------------------------

 res.excitation_1_excited_atomic_charges:
                      1
 1         0.4454141094
 2        -0.1200996486
 3        -0.1603066414
 4        -0.1565103824
 5        -0.1188968919
 6        -0.2969580422
 7         0.1113167677
 8        -0.0246203568
 9        -0.0159074983
 10        0.0984690856
 11       -0.0965551706
 12       -0.0330560704
 13       -0.0768846244
 14        0.0125507248
 15       -0.2647033607
 16        0.0904695697
 17       -0.1366707815
 18       -0.1650348617
 19        0.1350722145
 20       -0.0949354263
 21        0.3386592592
 22       -0.4916289945
 23       -0.1404327215
 24       -0.3113863423
 25        0.1348596837
 26       -0.0081597120
 27       -0.0313969035
 28        0.0896946028
 29       -0.0958413305
 30       -0.0320079551
 31       -0.0962590712
 32       -0.2681776084
 33        0.0461073552
 34       -0.0558557426
 35       -0.1555345943
 36        0.1079287690
 37       -0.0977735035
 38        0.3491307936
 39       -0.4651807399
 40       -0.0938219459
 41        0.5503145701
 42       -0.5003990886
 43       -0.3419250817
 44        0.1141097178
 45        0.0391988470
 46        0.0457367776
 47        0.0260762466
 48        0.0310114862
 49        0.0276881144
 50        0.0416541050
 51        0.0307253082
 52        0.0352634301
 53        0.0248018039
 54        0.0423368018
 55        0.0208660612
 56        0.0153635630
 57        0.0378572926
 58        0.0313583870
 59        0.0405394734
 60        0.0561347974
 61        0.0693044781
 62        0.0438463499
 63        0.0329609616
 64        0.0268011205
 65        0.0402950381
 66        0.0253019071
 67        0.0254646767
 68        0.0279008178
 69        0.0211392068
 70        0.0273740737
 71        0.0370704771
 72        0.0327858827
 73        0.0654102306
 74        0.0441095273
 75        0.0583991913
 76        0.0546871581
 77        0.0469330580
 78        0.0441673869
 79        0.0512847141
 80        0.4475556010
 81       -0.0412171626
 82       -0.0979891753
 83       -0.0882492286
 84       -0.0732304011
 85       -0.2128124544
 86        0.2015047488
 87       -0.0247560958
 88       -0.0139568326
 89        0.2030801997
 90       -0.0873441609
 91       -0.0266875483
 92       -0.0746762434
 93        0.0129434203
 94       -0.2447882533
 95        0.2105350410
 96        0.0613834967
 97       -0.0939553613
 98        0.2322269375
 99       -0.0913542837
 100       0.3662935297
 101      -0.4624631253
 102      -0.1389911715
 103      -0.2346613054
 104       0.2128152539
 105      -0.0065226599
 106      -0.0281324904
 107       0.2030947469
 108      -0.0870747790
 109      -0.0270284424
 110      -0.0939689295
 111      -0.2648871051
 112       0.1974535084
 113       0.0738807020
 114      -0.0959137214
 115       0.1939799290
 116      -0.0934042100
 117       0.3755535921
 118      -0.4356693915
 119      -0.0945315764
 120       0.5514598398
 121      -0.4951945258
 122      -0.3410896710
 123       0.1151756604
 124       0.0370698886
 125       0.0483110593
 126       0.0282756153
 127       0.0377747622
 128       0.0291240362
 129       0.0533163048
 130       0.0310186358
 131       0.0325016418
 132       0.0262565481
 133       0.0475431866
 134       0.0195775159
 135       0.0142266455
 136       0.0362218666
 137       0.0399538966
 138       0.0526696136
 139       0.0594120024
 140       0.0675976998
 141       0.0462610162
 142       0.0393344013
 143       0.0340306069
 144       0.0392198469
 145       0.0284884020
 146       0.0255153997
 147       0.0258628034
 148       0.0215985424
 149       0.0279015758
 150       0.0390167139
 151       0.0327523721
 152       0.0728498371
 153       0.0446342573
 154       0.0725581650
 155       0.0630685883
 156       0.0446913435
 157       0.0415732975
 158       0.0523811287

 --------------------------------------------------------------------------------
                                  command: print                                 
 --------------------------------------------------------------------------------
 res.excitation_2_energy:                0.0668370564

 --------------------------------------------------------------------------------
                                  command: print                                 
 --------------------------------------------------------------------------------
 res.excitation_2_transition_dipole : [
  0.3041106347617961,
  -2.7622320016750317,
  0.11836446182506724
]

 --------------------------------------------------------------------------------
                                  command: print                                 
 --------------------------------------------------------------------------------

 res.excitation_2_transition_charges:
                      1
 1        -0.0001306049
 2         0.0110285322
 3        -0.0135377395
 4        -0.0095959365
 5         0.0117061360
 6        -0.0015184091
 7         0.0185368845
 8        -0.0001389587
 9        -0.0000452086
 10       -0.0230332707
 11       -0.0026282372
 12        0.0015669197
 13        0.0001944447
 14        0.0003347003
 15       -0.0049218407
 16       -0.0331571396
 17       -0.0639172390
 18       -0.0193757199
 19       -0.0239068218
 20       -0.0008452451
 21       -0.0048313447
 22       -0.0071652013
 23       -0.0001638427
 24        0.0026531190
 25       -0.0150127886
 26       -0.0003719998
 27        0.0007078528
 28        0.0310115841
 29       -0.0013578338
 30        0.0014342950
 31        0.0004534250
 32        0.0003338100
 33        0.0451617368
 34        0.0419939744
 35        0.0173720473
 36        0.0258829021
 37        0.0011767204
 38        0.0060483961
 39        0.0087661147
 40        0.0000186861
 41       -0.0000118614
 42        0.0001539161
 43        0.0000119493
 44       -0.0000049841
 45       -0.0000073328
 46       -0.0001153205
 47        0.0008677745
 48        0.0002585704
 49       -0.0002900805
 50       -0.0004144417
 51       -0.0005707469
 52       -0.0005614344
 53        0.0000816195
 54        0.0002073098
 55       -0.0000175006
 56        0.0000773835
 57       -0.0000174953
 58       -0.0044746156
 59       -0.0042454937
 60       -0.0003831487
 61        0.0000056162
 62       -0.0004074395
 63       -0.0006916940
 64        0.0024731824
 65       -0.0002219889
 66       -0.0002765489
 67       -0.0002664754
 68        0.0000738804
 69        0.0001791666
 70        0.0000042646
 71        0.0000357911
 72        0.0002332367
 73        0.0024085818
 74        0.0004370889
 75        0.0048109474
 76       -0.0000680270
 77       -0.0000011424
 78        0.0000025625
 79       -0.0000001613
 80        0.0000000013
 81       -0.0000014071
 82       -0.0000007204
 83        0.0000004460
 84        0.0000002208
 85       -0.0000012222
 86       -0.0000000080
 87       -0.0000000115
 88        0.0000000426
 89       -0.0000000194
 90       -0.0000000908
 91        0.0000000011
 92        0.0000000007
 93        0.0000000012
 94       -0.0000000363
 95       -0.0000000189
 96       -0.0000001916
 97        0.0000000285
 98       -0.0000000592
 99       -0.0000000012
 100       0.0000000046
 101      -0.0000000014
 102       0.0000000020
 103       0.0000003785
 104      -0.0000000081
 105       0.0000000120
 106       0.0000000040
 107       0.0000002635
 108      -0.0000000010
 109       0.0000000067
 110       0.0000000022
 111      -0.0000006166
 112       0.0000001623
 113       0.0000002790
 114       0.0000000163
 115       0.0000002056
 116       0.0000000028
 117      -0.0000000032
 118      -0.0000000083
 119      -0.0000000364
 120      -0.0000000535
 121      -0.0000000343
 122      -0.0000000054
 123      -0.0000000038
 124       0.0000000016
 125       0.0000000001
 126       0.0000000065
 127       0.0000000005
 128      -0.0000000282
 129       0.0000001028
 130       0.0000001244
 131       0.0000004470
 132      -0.0000000011
 133      -0.0000000038
 134       0.0000000001
 135       0.0000000000
 136      -0.0000000011
 137      -0.0000000043
 138      -0.0000000170
 139       0.0000000014
 140       0.0000000003
 141       0.0000000003
 142      -0.0000000077
 143       0.0000000368
 144      -0.0000000005
 145       0.0000000045
 146       0.0000000610
 147      -0.0000000000
 148       0.0000000005
 149       0.0000000001
 150      -0.0000000001
 151       0.0000000010
 152       0.0000000205
 153       0.0000000017
 154       0.0000000255
 155      -0.0000001009
 156      -0.0000000007
 157      -0.0000000010
 158      -0.0000000004

 --------------------------------------------------------------------------------
                                  command: print                                 
 --------------------------------------------------------------------------------
 res.excitation_3_energy:                0.0665516260

 --------------------------------------------------------------------------------
                                  command: print                                 
 --------------------------------------------------------------------------------
 res.excitation_3_transition_dipole : [
  -0.3267264063692461,
  2.7651582353451634,
  0.2873043845279543
]

 --------------------------------------------------------------------------------
                                  command: print                                 
 --------------------------------------------------------------------------------

 res.excitation_3_transition_charges:
                      1
 1         0.0000025779
 2        -0.0000003524
 3         0.0000000641
 4         0.0000015732
 5         0.0000010685
 6         0.0000003002
 7        -0.0000000983
 8         0.0000002767
 9         0.0000000903
 10        0.0000000432
 11        0.0000000211
 12        0.0000022919
 13        0.0000002798
 14        0.0000001463
 15        0.0000015138
 16        0.0000000415
 17        0.0000001866
 18        0.0000000057
 19        0.0000001288
 20        0.0000000077
 21        0.0000000068
 22       -0.0000000150
 23        0.0000000024
 24        0.0000019741
 25        0.0000000680
 26       -0.0000000049
 27        0.0000000145
 28       -0.0000000017
 29        0.0000000126
 30        0.0000000235
 31        0.0000001239
 32        0.0000006646
 33       -0.0000000654
 34       -0.0000000703
 35        0.0000000024
 36       -0.0000000181
 37       -0.0000000011
 38       -0.0000000195
 39       -0.0000000223
 40        0.0000000210
 41        0.0000000822
 42        0.0000000179
 43        0.0000000220
 44        0.0000000162
 45        0.0000000010
 46        0.0000000013
 47        0.0000000029
 48        0.0000001923
 49       -0.0000000024
 50        0.0000000118
 51        0.0000000124
 52        0.0000000111
 53        0.0000015581
 54        0.0000033675
 55        0.0000000739
 56        0.0000000058
 57       -0.0000000007
 58        0.0000000225
 59        0.0000000163
 60       -0.0000000013
 61       -0.0000000001
 62       -0.0000000002
 63        0.0000000025
 64       -0.0000000042
 65        0.0000000009
 66        0.0000000023
 67        0.0000000000
 68       -0.0000000009
 69        0.0000000118
 70        0.0000004824
 71        0.0000001076
 72        0.0000000152
 73       -0.0000000103
 74       -0.0000000009
 75       -0.0000000057
 76        0.0000000532
 77        0.0000000090
 78        0.0000000001
 79        0.0000000086
 80        0.0002542147
 81       -0.0162956246
 82        0.0111489131
 83        0.0122329702
 84       -0.0086691438
 85       -0.0011396116
 86       -0.0193645297
 87        0.0001506143
 88       -0.0000320893
 89        0.0226915489
 90        0.0024610645
 91       -0.0016538741
 92       -0.0001917436
 93       -0.0003530714
 94        0.0055419903
 95        0.0338653469
 96        0.0612063094
 97        0.0215496072
 98        0.0232151842
 99        0.0007553324
 100       0.0054690051
 101       0.0079394128
 102       0.0002068036
 103       0.0008330662
 104       0.0153261884
 105       0.0004078265
 106      -0.0006220160
 107      -0.0293731753
 108       0.0012962493
 109      -0.0014113179
 110      -0.0004306741
 111      -0.0010765046
 112      -0.0459094964
 113      -0.0411487484
 114      -0.0185023542
 115      -0.0237853116
 116      -0.0011576104
 117      -0.0062165024
 118      -0.0093416352
 119      -0.0000538367
 120      -0.0001115648
 121      -0.0002309430
 122      -0.0000257320
 123      -0.0000038919
 124       0.0000094983
 125       0.0001042633
 126      -0.0008780242
 127      -0.0002874730
 128       0.0002730711
 129       0.0003724522
 130       0.0005371316
 131       0.0005302926
 132      -0.0000865044
 133      -0.0002159180
 134       0.0000179347
 135      -0.0000795817
 136       0.0000206178
 137       0.0042446422
 138       0.0041344553
 139       0.0004504173
 140      -0.0000030674
 141       0.0004677606
 142       0.0006598697
 143      -0.0024318071
 144       0.0002203582
 145       0.0002823756
 146       0.0002701009
 147      -0.0000742573
 148      -0.0001711486
 149      -0.0000032893
 150      -0.0000373694
 151      -0.0002066687
 152      -0.0022388975
 153      -0.0004492061
 154      -0.0047797070
 155      -0.0001159268
 156       0.0000004750
 157      -0.0000056249
 158      -0.0000008345

 --------------------------------------------------------------------------------
                                  command: print                                 
 --------------------------------------------------------------------------------
 res.excitation_4_energy:                0.0556598416

 --------------------------------------------------------------------------------
                                  command: print                                 
 --------------------------------------------------------------------------------
 res.excitation_4_transition_dipole : [
  -0.00030291159919197425,
  -0.009154144044690277,
  0.0069125470774368935
]

 --------------------------------------------------------------------------------
                                  command: print                                 
 --------------------------------------------------------------------------------

 res.excitation_4_transition_charges:
                      1
 1         0.0000243899
 2         0.0000138404
 3         0.0000038012
 4        -0.0000609043
 5         0.0000785521
 6        -0.0000090484
 7         0.0000645446
 8         0.0000034967
 9         0.0000076256
 10       -0.0001200597
 11        0.0000060590
 12       -0.0000170782
 13       -0.0000050958
 14        0.0000002175
 15       -0.0000502277
 16       -0.0000683100
 17       -0.0002396558
 18       -0.0000528651
 19       -0.0001285114
 20       -0.0000037406
 21       -0.0000142922
 22       -0.0000193954
 23       -0.0000002182
 24        0.0000188813
 25       -0.0000380699
 26       -0.0000009163
 27        0.0000019067
 28        0.0000912807
 29       -0.0000051593
 30        0.0000057566
 31       -0.0000005898
 32        0.0000013363
 33        0.0002029607
 34        0.0001446054
 35        0.0000832315
 36        0.0000441243
 37        0.0000032737
 38        0.0000279959
 39        0.0000412728
 40       -0.0000000027
 41        0.0000008521
 42        0.0000000773
 43        0.0000004027
 44        0.0000001079
 45       -0.0000000799
 46       -0.0000003174
 47        0.0000035731
 48        0.0000130340
 49       -0.0000027670
 50        0.0000004576
 51        0.0000009619
 52        0.0000019332
 53       -0.0000004592
 54       -0.0000257486
 55        0.0000009609
 56       -0.0000008918
 57       -0.0000000077
 58       -0.0000162509
 59       -0.0000178993
 60       -0.0000009844
 61       -0.0000000194
 62       -0.0000010729
 63       -0.0000008971
 64        0.0000022068
 65       -0.0000010121
 66       -0.0000013650
 67       -0.0000007787
 68        0.0000006305
 69        0.0000015956
 70       -0.0000011483
 71        0.0000003354
 72        0.0000000227
 73        0.0000070571
 74        0.0000012807
 75        0.0000169935
 76        0.0000002913
 77        0.0000000888
 78        0.0000000482
 79       -0.0000000173
 80        0.0000020564
 81        0.0002671052
 82        0.0002152136
 83       -0.0002002804
 84       -0.0001677591
 85        0.0002349183
 86        0.0000032640
 87       -0.0000002983
 88        0.0000030470
 89        0.0000190887
 90        0.0000120885
 91       -0.0000001021
 92       -0.0000001159
 93       -0.0000002020
 94       -0.0000688883
 95        0.0000065954
 96        0.0000804731
 97       -0.0000108455
 98        0.0000359983
 99        0.0000005416
 100      -0.0000015862
 101       0.0000003760
 102      -0.0000008593
 103      -0.0002559165
 104       0.0000021170
 105      -0.0000023055
 106      -0.0000019988
 107      -0.0000542038
 108       0.0000001214
 109      -0.0000027232
 110      -0.0000007431
 111       0.0000507347
 112      -0.0000487966
 113      -0.0000842932
 114      -0.0000063906
 115      -0.0000494388
 116      -0.0000011399
 117       0.0000006382
 118       0.0000022113
 119       0.0000033227
 120       0.0000075471
 121       0.0000049447
 122       0.0000008001
 123       0.0000005272
 124      -0.0000002651
 125       0.0000002007
 126      -0.0000021000
 127      -0.0000001001
 128      -0.0000001925
 129      -0.0000064118
 130      -0.0000028224
 131      -0.0000051071
 132       0.0000002189
 133       0.0000003904
 134      -0.0000000126
 135      -0.0000000322
 136       0.0000003069
 137       0.0000017619
 138       0.0000072644
 139      -0.0000004518
 140      -0.0000001302
 141      -0.0000000968
 142       0.0000005748
 143      -0.0000029034
 144      -0.0000000299
 145       0.0000005020
 146      -0.0000005424
 147      -0.0000000621
 148      -0.0000004915
 149       0.0000000018
 150      -0.0000000882
 151      -0.0000003156
 152      -0.0000051079
 153      -0.0000003495
 154      -0.0000078504
 155       0.0000129091
 156       0.0000000632
 157       0.0000001597
 158       0.0000000599

 --------------------------------------------------------------------------------

 End time:                               Fri Aug 20 14:49:10 2021
 Total wall-clock time:                  1.499 seconds
==================================================================================
