
================================================================================
          _____________ ________ _______________ ________     _________         
         / ___________// ______ \\_____   _____// ______ \   / ________)        
        / /_________  / /      \ \     | |     / /      \ \ | (_______          
       |  __________|| |        | |    | |    | |        | | \________ \        
        \ \_________ | |        | |    | |     \ \______/ /___________) |       
         \__________||_|        |_|    |_|      \________//____________/        
                                                                                
====================================[ Qcore ]===================================

 Git hash:   035eaa6e02832a1eaacaa1f2c2b4151870260895
 Git date:   Fri, 20 Aug 2021 11:46:14 +0100
 Compiler:   GNU 9.1.0
 Build type: Release
 Version:    2.0.0

 Start time: Fri Aug 20 14:49:19 2021

 Data directory: /home/of15641/.local/src/Qcore/release/share/entos/2.0.0/data
 Number of threads: 2
 Number of threads was determined by: command line argument
  - More threads can be used by running 'qcore -n 24'

 --------------------------------------------------------------------------------
                                   command: xtb                                  
 --------------------------------------------------------------------------------
 XTB basis setup:                        reference basis
 Implicit solvation model:               none
 Number of basis functions:            244
 GFN version:                            chlorophyll
 Integral screening threshold:           1.00e-10
 Total charge:                           0.000000000
 Number of electrons:                  218.000000000
 Electronic temperature (Kelvin):        0.000000000

 D3BJ energy:                           -0.062562630
 Repulsive energy:                       1.518578820

 ****************************************************
  Running robust self-consistent charge (SCC) solver 
 ****************************************************
 Number of SCC trials:                   4
 Using the stop-early mechanism for the first 3 trials

 Conv. threshold (charge):               1.00e-05
 Conv. threshold (energy):               1.00e-06
 Initial guess:                          eeq

 -------------
  SCC Trial 1 
 -------------
 Broyden mixing factor:                  0.400000000
 Max number of iterations:             128

 ---------------------------------------------------------------
                  energy        change          grad        time
 ---------------------------------------------------------------
   0      -125.881406212                    6.23e-01        0.01
   1      -126.546250109     -6.65e-01      3.67e-01        0.01
   2      -126.553343190     -7.09e-03      1.27e-01        0.01
   3      -126.591598931     -3.83e-02      1.49e-02        0.01
   4      -126.593959356     -2.36e-03      1.05e-02        0.01
   5      -126.601772238     -7.81e-03      3.00e-03        0.01
   6      -126.602329670     -5.57e-04      9.41e-04        0.01
   7      -126.602379128     -4.95e-05      2.60e-04        0.01
   8      -126.602381949     -2.82e-06      7.48e-05        0.01
   9      -126.602381997     -4.81e-08      3.01e-05        0.01
  10      -126.602382006     -8.57e-09      1.12e-05        0.01
  11      -126.602382007     -1.47e-09      3.93e-06        0.01
  12      -126.602382007     -1.05e-10      1.16e-06        0.01

 SCF converged in 11 iterations.

 Entropy contribution (-ST):             0.000000000
 Dipole moment (in Debye):              -2.132630      -2.539402       1.867688

 ----------------
  Excitation 0 1 
 ----------------
 Setting up Delta-SCF
 Ground-Excited state overlap:          -0.000000000
 No correction applied to the TDM.
 Excitation energy:                      0.064990534
 Excitation energy (in eV):              1.768482513
 Transition dipole:                      0.13891       1.21556      -2.51788

 -----------------
  Excitation -1 1 
 -----------------
 Setting up Delta-SCF
 Ground-Excited state overlap:           0.000000000
 No correction applied to the TDM.
 Excitation energy:                      0.082077280
 Excitation energy (in eV):              2.233436563
 Transition dipole:                     -0.13570       1.52658       0.87026

 ----------------
  Excitation 0 2 
 ----------------
 Setting up Delta-SCF
 Ground-Excited state overlap:           0.000000000
 No correction applied to the TDM.
 Excitation energy:                      0.112402560
 Excitation energy (in eV):              3.058629471
 Transition dipole:                     -0.19468       0.48829       0.30498

 -----------------
  Excitation -1 2 
 -----------------
 Setting up Delta-SCF
 Ground-Excited state overlap:           0.000000000
 No correction applied to the TDM.
 Excitation energy:                      0.131255191
 Excitation energy (in eV):              3.571635698
 Transition dipole:                      0.06906      -0.43451       0.55518
 TOTAL ENERGY:                        -126.602382007
 Saving results in set 'res'

 --------------------------------------------------------------------------------
                                  command: print                                 
 --------------------------------------------------------------------------------
 res.energy:                          -126.6023820074

 --------------------------------------------------------------------------------
                                  command: print                                 
 --------------------------------------------------------------------------------

 res.dipole:
                      1
 1        -0.8390411404
 2        -0.9990775404
 3         0.7348049646

 --------------------------------------------------------------------------------
                                  command: print                                 
 --------------------------------------------------------------------------------

 res.atomic_charges:
                      1
 1         0.4471554056
 2        -0.0525465301
 3        -0.1035969697
 4        -0.0950743204
 5        -0.0775605474
 6        -0.2174413079
 7         0.1259197077
 8        -0.0264396933
 9        -0.0162672832
 10        0.1102248573
 11       -0.0941678004
 12       -0.0315477845
 13       -0.0754302383
 14        0.0132062565
 15       -0.2534140083
 16        0.1248619624
 17       -0.0206405972
 18       -0.1162077081
 19        0.1530206601
 20       -0.0939171743
 21        0.3637268285
 22       -0.4688321446
 23       -0.1393718311
 24       -0.2341753931
 25        0.1401777214
 26       -0.0078728983
 27       -0.0306203449
 28        0.1183841721
 29       -0.0934687065
 30       -0.0312724778
 31       -0.0953502275
 32       -0.2676621508
 33        0.0931476715
 34        0.0198567579
 35       -0.1209474667
 36        0.1327370874
 37       -0.0959571086
 38        0.3699921751
 39       -0.4469431415
 40       -0.0936798416
 41        0.5514740144
 42       -0.4939484171
 43       -0.3428728912
 44        0.1150062046
 45        0.0386139453
 46        0.0475081954
 47        0.0268369689
 48        0.0321191918
 49        0.0288842759
 50        0.0429925156
 51        0.0323189238
 52        0.0343950305
 53        0.0268558211
 54        0.0471174617
 55        0.0194634544
 56        0.0151011159
 57        0.0371974815
 58        0.0351609508
 59        0.0470028752
 60        0.0603394884
 61        0.0679771629
 62        0.0462370501
 63        0.0344442687
 64        0.0259586679
 65        0.0371603596
 66        0.0264793691
 67        0.0262294653
 68        0.0259708914
 69        0.0218042588
 70        0.0278761577
 71        0.0391138871
 72        0.0321010533
 73        0.0696819369
 74        0.0451639551
 75        0.0647506191
 76        0.0553841853
 77        0.0445085263
 78        0.0424193555
 79        0.0531666555

 --------------------------------------------------------------------------------
                                  command: print                                 
 --------------------------------------------------------------------------------
 res.excitation_1_energy:                0.0649905336

 --------------------------------------------------------------------------------
                                  command: print                                 
 --------------------------------------------------------------------------------
 res.excitation_1_transition_dipole : [
  0.13890555798352297,
  1.215564085902008,
  -2.517877484567706
]

 --------------------------------------------------------------------------------
                                  command: print                                 
 --------------------------------------------------------------------------------

 res.excitation_1_transition_charges:
                      1
 1        -0.0002573268
 2         0.0160189798
 3        -0.0107818124
 4        -0.0119685542
 5         0.0092363418
 6         0.0012849358
 7         0.0187215115
 8        -0.0001587697
 9         0.0000239155
 10       -0.0233670938
 11       -0.0025096721
 12        0.0016155100
 13        0.0001905800
 14        0.0003482184
 15       -0.0056072385
 16       -0.0343665068
 17       -0.0608133232
 18       -0.0212374699
 19       -0.0235693422
 20       -0.0007859634
 21       -0.0052819097
 22       -0.0077416364
 23       -0.0002051301
 24       -0.0003543211
 25       -0.0156547818
 26       -0.0004077430
 27        0.0006383869
 28        0.0292078553
 29       -0.0013210243
 30        0.0014080656
 31        0.0004295653
 32        0.0009964663
 33        0.0455160167
 34        0.0419135184
 35        0.0183297271
 36        0.0237002526
 37        0.0011767217
 38        0.0063687396
 39        0.0093740933
 40        0.0000461673
 41        0.0001019461
 42        0.0002241111
 43        0.0000246671
 44        0.0000032434
 45       -0.0000093566
 46       -0.0001069534
 47        0.0008780131
 48        0.0002728327
 49       -0.0002795567
 50       -0.0003779996
 51       -0.0005480459
 52       -0.0005440484
 53        0.0000840753
 54        0.0002120068
 55       -0.0000176000
 56        0.0000785529
 57       -0.0000199743
 58       -0.0042663357
 59       -0.0041348451
 60       -0.0004372115
 61        0.0000031475
 62       -0.0004564163
 63       -0.0006800722
 64        0.0024349154
 65       -0.0002242756
 66       -0.0002866219
 67       -0.0002746658
 68        0.0000725247
 69        0.0001692521
 70        0.0000030435
 71        0.0000380985
 72        0.0002047844
 73        0.0022825886
 74        0.0004550377
 75        0.0048632649
 76        0.0000963329
 77       -0.0000005370
 78        0.0000053950
 79        0.0000007328

 --------------------------------------------------------------------------------
                                  command: print                                 
 --------------------------------------------------------------------------------
 res.excitation_1_excited_dipole : [
  -1.1245511909362804,
  -1.0524441994792646,
  0.6338621782584273
]

 --------------------------------------------------------------------------------
                                  command: print                                 
 --------------------------------------------------------------------------------

 res.excitation_1_excited_atomic_charges:
                      1
 1         0.4476038663
 2        -0.1194652287
 3        -0.1472202146
 4        -0.1464621626
 5        -0.1111719545
 6        -0.2912765569
 7         0.1877424890
 8        -0.0250876087
 9        -0.0149027968
 10        0.1879091778
 11       -0.0888389415
 12       -0.0282363825
 13       -0.0755613271
 14        0.0132612711
 15       -0.2536577285
 16        0.1770785358
 17       -0.0480080013
 18       -0.1450416415
 19        0.2152372109
 20       -0.0926675359
 21        0.3404598078
 22       -0.4886090041
 23       -0.1397938745
 24       -0.3131314029
 25        0.2044368376
 26       -0.0071924175
 27       -0.0286684177
 28        0.1796689215
 29       -0.0879108107
 30       -0.0282770287
 31       -0.0943498431
 32       -0.2693204001
 33        0.1484884706
 34       -0.0030178811
 35       -0.1335148356
 36        0.1717068899
 37       -0.0947344794
 38        0.3540620504
 39       -0.4603965169
 40       -0.0937757251
 41        0.5503960391
 42       -0.4946163029
 43       -0.3429954453
 44        0.1149427562
 45        0.0386281528
 46        0.0480974710
 47        0.0283077042
 48        0.0339263908
 49        0.0305084086
 50        0.0431309620
 51        0.0326021939
 52        0.0351295777
 53        0.0267743253
 54        0.0472368578
 55        0.0194538864
 56        0.0151608739
 57        0.0371481911
 58        0.0354943266
 59        0.0462615642
 60        0.0585309316
 61        0.0679617319
 62        0.0447386301
 63        0.0389777034
 64        0.0343189554
 65        0.0380394789
 66        0.0271900106
 67        0.0270225040
 68        0.0261027551
 69        0.0218742660
 70        0.0278779185
 71        0.0392454154
 72        0.0322118910
 73        0.0687787439
 74        0.0451873420
 75        0.0648554736
 76        0.0540755389
 77        0.0445041969
 78        0.0423928229
 79        0.0531609465

 --------------------------------------------------------------------------------
                                  command: print                                 
 --------------------------------------------------------------------------------
 res.excitation_2_energy:                0.0820772798

 --------------------------------------------------------------------------------
                                  command: print                                 
 --------------------------------------------------------------------------------
 res.excitation_2_transition_dipole : [
  -0.13570179687905573,
  1.5265848250562617,
  0.8702642793960305
]

 --------------------------------------------------------------------------------
                                  command: print                                 
 --------------------------------------------------------------------------------

 res.excitation_2_transition_charges:
                      1
 1         0.0017858778
 2        -0.0705876415
 3        -0.0446032028
 4         0.0482858476
 5         0.0387285006
 6        -0.0507333724
 7        -0.0080012619
 8         0.0005033492
 9        -0.0009841310
 10       -0.0043407143
 11       -0.0005495657
 12       -0.0005660062
 13        0.0000268919
 14       -0.0000506037
 15        0.0107653920
 16        0.0087135407
 17       -0.0223775965
 18        0.0188456659
 19       -0.0068313492
 20       -0.0003684679
 21        0.0034545021
 22        0.0055469398
 23        0.0003763377
 24        0.0522021216
 25        0.0042112422
 26        0.0011670619
 27        0.0007705629
 28        0.0113728188
 29        0.0004036814
 30        0.0004808568
 31        0.0000799777
 32       -0.0074289417
 33       -0.0009341045
 34        0.0236558784
 35       -0.0121054023
 36        0.0119344831
 37        0.0008454382
 38       -0.0031310016
 39       -0.0064153488
 40       -0.0006535258
 41       -0.0018795558
 42       -0.0013254897
 43       -0.0002236057
 44       -0.0001342106
 45        0.0000350472
 46       -0.0000316021
 47        0.0003553372
 48       -0.0000885812
 49       -0.0001194067
 50       -0.0003721929
 51       -0.0002899483
 52       -0.0002366996
 53       -0.0000236573
 54       -0.0001069886
 55        0.0000059561
 56       -0.0000185673
 57       -0.0000540849
 58       -0.0007980306
 59       -0.0022942741
 60        0.0004471413
 61        0.0000318908
 62        0.0003196308
 63        0.0000824237
 64        0.0009708090
 65        0.0000900576
 66        0.0001780343
 67        0.0003346497
 68       -0.0000276018
 69        0.0000836267
 70        0.0000020279
 71        0.0000243175
 72        0.0000591979
 73        0.0019929691
 74        0.0000311950
 75        0.0025514531
 76       -0.0029884176
 77       -0.0000170035
 78       -0.0000438393
 79       -0.0000167377

 --------------------------------------------------------------------------------
                                  command: print                                 
 --------------------------------------------------------------------------------
 res.excitation_3_energy:                0.1124025598

 --------------------------------------------------------------------------------
                                  command: print                                 
 --------------------------------------------------------------------------------
 res.excitation_3_transition_dipole : [
  -0.19468365312451918,
  0.4882890104576098,
  0.3049790559888887
]

 --------------------------------------------------------------------------------
                                  command: print                                 
 --------------------------------------------------------------------------------

 res.excitation_3_transition_charges:
                      1
 1        -0.0001394885
 2        -0.0014297366
 3         0.0003220237
 4        -0.0042737025
 5        -0.0100559571
 6         0.0003898169
 7        -0.0045251571
 8         0.0000223609
 9         0.0001360221
 10        0.0124310973
 11        0.0017816175
 12       -0.0011496926
 13       -0.0001566189
 14       -0.0006963286
 15       -0.0098846299
 16        0.0111545521
 17       -0.0450238961
 18       -0.0150124449
 19        0.0582879252
 20       -0.0002313582
 21       -0.0148706362
 22       -0.0165666409
 23       -0.0002292688
 24        0.0000728974
 25        0.0562686713
 26       -0.0004967971
 27       -0.0000121939
 28        0.0323228271
 29        0.0047592769
 30        0.0013728510
 31        0.0003668663
 32        0.0010685487
 33        0.0104253668
 34       -0.0342099433
 35       -0.0078771525
 36       -0.0047352818
 37       -0.0004650002
 38       -0.0073984151
 39       -0.0084011648
 40        0.0000254935
 41        0.0000432285
 42       -0.0000208621
 43        0.0000059219
 44       -0.0000002848
 45        0.0000942979
 46       -0.0000917743
 47        0.0004376987
 48        0.0001002386
 49        0.0000720323
 50        0.0002963008
 51        0.0003194118
 52        0.0004908910
 53       -0.0000940037
 54       -0.0001832236
 55        0.0000614219
 56       -0.0001174147
 57       -0.0000144151
 58       -0.0027487461
 59       -0.0030797762
 60       -0.0012163654
 61        0.0000251332
 62       -0.0011483077
 63        0.0027248957
 64        0.0021133096
 65        0.0011362705
 66        0.0013618596
 67        0.0011825786
 68        0.0001823437
 69        0.0001540134
 70        0.0000116302
 71        0.0000091354
 72        0.0000805841
 73       -0.0015889499
 74       -0.0003119626
 75       -0.0037314043
 76        0.0000797310
 77       -0.0000014234
 78       -0.0000001070
 79       -0.0000006159

 --------------------------------------------------------------------------------
                                  command: print                                 
 --------------------------------------------------------------------------------
 res.excitation_4_energy:                0.1312551910

 --------------------------------------------------------------------------------
                                  command: print                                 
 --------------------------------------------------------------------------------
 res.excitation_4_transition_dipole : [
  0.06906200295939686,
  -0.43451317503586473,
  0.5551832753326922
]

 --------------------------------------------------------------------------------
                                  command: print                                 
 --------------------------------------------------------------------------------

 res.excitation_4_transition_charges:
                      1
 1         0.0023643311
 2         0.0061452530
 3         0.0007931750
 4         0.0155844821
 5        -0.0427564760
 6         0.0093970236
 7         0.0019389609
 8        -0.0005460882
 9         0.0005579125
 10        0.0023240211
 11        0.0003038830
 12        0.0004088000
 13       -0.0001004124
 14        0.0001004300
 15        0.0217137403
 16       -0.0031405502
 17       -0.0168226680
 18        0.0130489084
 19        0.0171202167
 20       -0.0001460214
 21        0.0100714314
 22        0.0120320976
 23        0.0008482920
 24       -0.0273756011
 25       -0.0144799837
 26        0.0008274367
 27        0.0004115091
 28        0.0129578951
 29       -0.0008862285
 30        0.0005018149
 31        0.0000547008
 32       -0.0083918248
 33        0.0000170855
 34       -0.0192968572
 35        0.0050512589
 36       -0.0021438362
 37       -0.0003417202
 38        0.0035136398
 39        0.0055823532
 40        0.0000825938
 41       -0.0012619550
 42       -0.0003327660
 43       -0.0001587714
 44       -0.0001172280
 45        0.0001699904
 46       -0.0000282303
 47        0.0001706824
 48       -0.0000136546
 49        0.0000558722
 50        0.0002592494
 51        0.0000747101
 52        0.0002111218
 53        0.0000263953
 54        0.0000905061
 55       -0.0000172616
 56        0.0000290215
 57       -0.0000244021
 58       -0.0005569144
 59       -0.0017188403
 60        0.0013040431
 61        0.0002105151
 62        0.0008372627
 63       -0.0001156007
 64        0.0007737955
 65       -0.0004240646
 66       -0.0002238664
 67       -0.0006767627
 68        0.0000165003
 69        0.0000925780
 70        0.0000009096
 71        0.0000055705
 72        0.0000218855
 73       -0.0013917541
 74       -0.0000095036
 75       -0.0019588182
 76       -0.0025745036
 77       -0.0000509678
 78       -0.0000426452
 79        0.0000229223

 --------------------------------------------------------------------------------

 End time:                               Fri Aug 20 14:49:20 2021
 Total wall-clock time:                  0.428 seconds
==================================================================================
