
================================================================================
          _____________ ________ _______________ ________     _________         
         / ___________// ______ \\_____   _____// ______ \   / ________)        
        / /_________  / /      \ \     | |     / /      \ \ | (_______          
       |  __________|| |        | |    | |    | |        | | \________ \        
        \ \_________ | |        | |    | |     \ \______/ /___________) |       
         \__________||_|        |_|    |_|      \________//____________/        
                                                                                
====================================[ Qcore ]===================================

 Git hash:   4f46786782e696c626e0064ff3d1a47267e124c4
 Git date:   Wed, 30 Jun 2021 10:19:53 +0100
 Compiler:   AppleClang 10.0.1.10010046
 Build type: Release
 Version:    1.4.1

 Start time: Tue Jul  6 09:37:39 2021

 Data directory: /Users/of15641/qcore/cmake-build-release/share/entos/1.4.1/data
 Number of threads: 2
 Number of threads was determined by: number of physical cores

 --------------------------------------------------------------------------------
                                   command: xtb                                  
 --------------------------------------------------------------------------------
 XTB basis setup:                        reference basis
 Number of basis functions:            244
 GFN version:                            chlorophyll
 Integral screening threshold:           1.00e-10
 Total charge:                           0.000000000
 Number of electrons:                  218.000000000
 Electronic temperature (Kelvin):        0.000000000

 D3BJ energy:                           -0.062562673
 Repulsive energy:                       1.518581646

 ****************************************************
  Running robust self-consistent charge (SCC) solver 
 ****************************************************
 Number of SCC trials:                   4
 Using the stop-early mechanism for the first 3 trials

 Conv. threshold (charge):               1.00e-05
 Conv. threshold (energy):               1.00e-06
 Initial guess:                          eeq

 -------------
  SCC Trial 1 
 -------------
 Broyden mixing factor:                  0.400000000
 Max number of iterations:             128

 ---------------------------------------------------------------
                  energy        change          grad        time
 ---------------------------------------------------------------
   0      -130.292184458                    6.60e-01        0.02
   1      -130.884269246     -5.92e-01      3.88e-01        0.01
   2      -130.893054221     -8.78e-03      1.03e-01        0.01
   3      -130.904351897     -1.13e-02      1.05e-02        0.00
   4      -130.904889560     -5.38e-04      5.83e-03        0.01
   5      -130.907236328     -2.35e-03      1.35e-03        0.01
   6      -130.907344138     -1.08e-04      3.93e-04        0.01
   7      -130.907351073     -6.94e-06      1.59e-04        0.01
   8      -130.907351940     -8.66e-07      4.52e-05        0.00
   9      -130.907351956     -1.69e-08      1.63e-05        0.01
  10      -130.907351958     -1.42e-09      4.99e-06        0.01
  11      -130.907351958     -1.68e-10      1.76e-06        0.00

 SCF converged in 10 iterations.

 Entropy contribution (-ST):             0.000000000
 Dipole moment (in Debye):              -2.173588      -1.703074      -2.885806

 ----------------
  Excitation 0 1 
 ----------------
 Setting up Delta-SCF
 Ground-Excited state overlap:          -0.000000000
 No correction applied to the TDM.
 Excitation energy:                      0.094811900
 Excitation energy (in eV):              2.579963245
 Transition dipole:                     -0.43317       3.40039       2.74472

 -----------------
  Excitation -1 1 
 -----------------
 Setting up Delta-SCF
 Ground-Excited state overlap:           0.000000000
 No correction applied to the TDM.
 Excitation energy:                      0.101904793
 Excitation energy (in eV):              2.772970692
 Transition dipole:                      0.05886      -1.56009       2.11813

 ----------------
  Excitation 0 2 
 ----------------
 Setting up Delta-SCF
 Ground-Excited state overlap:           0.000000000
 No correction applied to the TDM.
 Excitation energy:                      0.149331851
 Excitation energy (in eV):              4.063526673
 Transition dipole:                     -0.02597      -1.23934       1.49687

 -----------------
  Excitation -1 2 
 -----------------
 Setting up Delta-SCF
 Ground-Excited state overlap:           0.000000000
 No correction applied to the TDM.
 Excitation energy:                      0.162784926
 Excitation energy (in eV):              4.429603492
 Transition dipole:                      0.20909      -1.35398      -1.15185
 TOTAL ENERGY:                        -130.907351958
 Saving results in set 'res'

 --------------------------------------------------------------------------------
                                  command: print                                 
 --------------------------------------------------------------------------------
 res.energy:                          -130.9073519581

 --------------------------------------------------------------------------------
                                  command: print                                 
 --------------------------------------------------------------------------------

 res.dipole:
                      1
 1        -0.8551552022
 2        -0.6700408995
 3        -1.1353633294

 --------------------------------------------------------------------------------
                                  command: print                                 
 --------------------------------------------------------------------------------

 res.atomic_charges:
                      1
 1         0.3739077181
 2        -0.0585604282
 3        -0.1052933008
 4        -0.0918958044
 5        -0.0754675598
 6        -0.2347854293
 7         0.1311601218
 8        -0.0310267148
 9        -0.0293011349
 10        0.1146165894
 11       -0.0895438934
 12       -0.0574324098
 13       -0.0770434423
 14        0.0120151783
 15       -0.2927767277
 16        0.1409340658
 17       -0.0390519084
 18       -0.1169493630
 19        0.1621809342
 20       -0.0831277447
 21        0.3351445372
 22       -0.4233041153
 23       -0.1290217952
 24       -0.2520920507
 25        0.1464341711
 26       -0.0216315194
 27       -0.0354961643
 28        0.1192995456
 29       -0.0909137292
 30       -0.0530858364
 31       -0.0928302052
 32       -0.3034550446
 33        0.1010570483
 34        0.0040099101
 35       -0.1119409979
 36        0.1478663968
 37       -0.0863960088
 38        0.3461467772
 39       -0.3982321648
 40       -0.1076613243
 41        0.5203687302
 42       -0.4647610358
 43       -0.2905184417
 44        0.1060459266
 45        0.0507589511
 46        0.0537435345
 47        0.0399265417
 48        0.0445134021
 49        0.0460331009
 50        0.0446834111
 51        0.0374126631
 52        0.0349406222
 53        0.0399235097
 54        0.0614562307
 55        0.0256570474
 56        0.0201030969
 57        0.0346429376
 58        0.0358404970
 59        0.0466790920
 60        0.0608369059
 61        0.0591631251
 62        0.0504339363
 63        0.0496712788
 64        0.0359882689
 65        0.0383996884
 66        0.0337225543
 67        0.0308893243
 68        0.0342576965
 69        0.0332403129
 70        0.0298532562
 71        0.0371907717
 72        0.0387542966
 73        0.0640040746
 74        0.0388440794
 75        0.0630888461
 76        0.0595834645
 77        0.0315861752
 78        0.0274565408
 79        0.0491294099

 --------------------------------------------------------------------------------
                                  command: print                                 
 --------------------------------------------------------------------------------
 res.excitation_1_energy:                0.0948119005

 --------------------------------------------------------------------------------
                                  command: print                                 
 --------------------------------------------------------------------------------
 res.excitation_1_transition_dipole : [
  -0.4331704655223654,
  3.4003858780613196,
  2.744718649478446
]

 --------------------------------------------------------------------------------
                                  command: print                                 
 --------------------------------------------------------------------------------

 res.excitation_1_transition_charges:
                      1
 1        -0.0002236645
 2         0.0306052445
 3        -0.0107652945
 4        -0.0223205137
 5         0.0090947300
 6         0.0121430660
 7         0.0310843493
 8        -0.0001539297
 9        -0.0000186086
 10       -0.0365778973
 11       -0.0042913035
 12        0.0030785898
 13        0.0002110944
 14        0.0005557192
 15       -0.0136127032
 16       -0.0524626604
 17       -0.0878234023
 18       -0.0331083846
 19       -0.0396525961
 20       -0.0011252031
 21       -0.0058171268
 22       -0.0113526392
 23       -0.0003344380
 24       -0.0074261436
 25       -0.0257324336
 26       -0.0004934189
 27        0.0008729275
 28        0.0444613386
 29       -0.0027559231
 30        0.0033972321
 31        0.0004580116
 32        0.0034719270
 33        0.0695271635
 34        0.0570381234
 35        0.0299275120
 36        0.0357742249
 37        0.0016289927
 38        0.0075174049
 39        0.0142281122
 40        0.0001455000
 41        0.0007427491
 42        0.0006357161
 43        0.0001229755
 44        0.0000433582
 45       -0.0000208583
 46       -0.0000812721
 47        0.0013956503
 48        0.0010654255
 49       -0.0010904050
 50       -0.0003701036
 51       -0.0011347988
 52       -0.0008254759
 53        0.0000689506
 54        0.0003385819
 55        0.0000885388
 56        0.0000639821
 57       -0.0000065465
 58       -0.0112146745
 59       -0.0094221878
 60       -0.0008342990
 61        0.0000023190
 62       -0.0009164407
 63       -0.0019444076
 64        0.0051967564
 65       -0.0002528278
 66       -0.0005289576
 67       -0.0003024746
 68        0.0001357310
 69        0.0003499217
 70        0.0000500965
 71        0.0001171616
 72        0.0006235405
 73        0.0054391863
 74        0.0008613766
 75        0.0116484482
 76        0.0007317600
 77        0.0000040332
 78        0.0000270053
 79        0.0000194863

 --------------------------------------------------------------------------------
                                  command: print                                 
 --------------------------------------------------------------------------------
 res.excitation_1_excited_dipole : [
  -1.0170390570738164,
  -0.7335083194653631,
  -1.4298225752486822
]

 --------------------------------------------------------------------------------
                                  command: print                                 
 --------------------------------------------------------------------------------

 res.excitation_1_excited_atomic_charges:
                      1
 1         0.3753148777
 2        -0.1064539903
 3        -0.1438465397
 4        -0.1302277029
 5        -0.1065341477
 6        -0.3345628187
 7         0.1903615976
 8        -0.0295863393
 9        -0.0280514764
 10        0.1822218250
 11       -0.0835331501
 12       -0.0525572190
 13       -0.0771224799
 14        0.0124625101
 15       -0.2864983260
 16        0.1896825188
 17       -0.0524213438
 18       -0.1428626398
 19        0.2191580338
 20       -0.0807978706
 21        0.3202566241
 22       -0.4394201771
 23       -0.1292254422
 24       -0.3616051747
 25        0.2095447928
 26       -0.0210214776
 27       -0.0337147479
 28        0.1708125025
 29       -0.0844885752
 30       -0.0486829164
 31       -0.0923035697
 32       -0.3030726914
 33        0.1484235798
 34       -0.0128070965
 35       -0.1259637815
 36        0.1795736833
 37       -0.0842704514
 38        0.3355297010
 39       -0.4087570014
 40       -0.1075245244
 41        0.5189657179
 42       -0.4651710160
 43       -0.2906579581
 44        0.1059857557
 45        0.0507651739
 46        0.0545266861
 47        0.0418336326
 48        0.0470309302
 49        0.0483389467
 50        0.0445094083
 51        0.0373372188
 52        0.0355395241
 53        0.0398250815
 54        0.0614678834
 55        0.0260725528
 56        0.0202087761
 57        0.0346050606
 58        0.0381453592
 59        0.0470553727
 60        0.0591197577
 61        0.0591588534
 62        0.0487180744
 63        0.0558957723
 64        0.0448517420
 65        0.0387477517
 66        0.0340350308
 67        0.0315874910
 68        0.0343841660
 69        0.0332091072
 70        0.0298915594
 71        0.0374244019
 72        0.0388337381
 73        0.0637796057
 74        0.0388877684
 75        0.0635495619
 76        0.0580045971
 77        0.0315767571
 78        0.0274261535
 79        0.0491054294

 --------------------------------------------------------------------------------
                                  command: print                                 
 --------------------------------------------------------------------------------
 res.excitation_2_energy:                0.1019047933

 --------------------------------------------------------------------------------
                                  command: print                                 
 --------------------------------------------------------------------------------
 res.excitation_2_transition_dipole : [
  0.05886228466242907,
  -1.560090518107926,
  2.118129208984273
]

 --------------------------------------------------------------------------------
                                  command: print                                 
 --------------------------------------------------------------------------------

 res.excitation_2_transition_charges:
                      1
 1         0.0018794640
 2        -0.0891993278
 3        -0.0635888650
 4         0.0633684150
 5         0.0545216087
 6        -0.1113304950
 7        -0.0072974610
 8         0.0002092053
 9        -0.0012806898
 10       -0.0086514312
 11       -0.0009902454
 12       -0.0005576995
 13       -0.0000045244
 14       -0.0000349609
 15        0.0280436470
 16        0.0027043424
 17       -0.0187513954
 18        0.0060511331
 19       -0.0111512190
 20       -0.0002562182
 21        0.0008092519
 22        0.0011430128
 23        0.0003473701
 24        0.1196834196
 25        0.0022816004
 26        0.0014217963
 27        0.0008846675
 28        0.0176159584
 29        0.0002407264
 30        0.0012039340
 31       -0.0000187135
 32       -0.0187488639
 33        0.0078777647
 34        0.0220874015
 35       -0.0027277926
 36        0.0150033817
 37        0.0008013496
 38       -0.0009297824
 39       -0.0027553918
 40       -0.0007176010
 41       -0.0046882455
 42       -0.0025192048
 43       -0.0006092083
 44       -0.0002771394
 45        0.0000429979
 46       -0.0000350610
 47        0.0006584775
 48       -0.0001449769
 49       -0.0003266903
 50       -0.0003722437
 51       -0.0006413933
 52       -0.0002852546
 53       -0.0000585665
 54       -0.0001548057
 55       -0.0000110938
 56       -0.0000119752
 57       -0.0000939803
 58       -0.0011882648
 59       -0.0028651843
 60        0.0001536388
 61        0.0000282245
 62        0.0002168151
 63       -0.0001847548
 64        0.0022398865
 65        0.0000742456
 66        0.0003115659
 67        0.0002515739
 68        0.0000196788
 69        0.0002446875
 70        0.0000270757
 71        0.0000643940
 72        0.0002042688
 73        0.0028722944
 74       -0.0000237832
 75        0.0043207900
 76       -0.0061351050
 77       -0.0000518608
 78       -0.0001099470
 79       -0.0001286481

 --------------------------------------------------------------------------------
                                  command: print                                 
 --------------------------------------------------------------------------------
 res.excitation_3_energy:                0.1493318509

 --------------------------------------------------------------------------------
                                  command: print                                 
 --------------------------------------------------------------------------------
 res.excitation_3_transition_dipole : [
  -0.02597434232944612,
  -1.2393359863277553,
  1.4968653765656468
]

 --------------------------------------------------------------------------------
                                  command: print                                 
 --------------------------------------------------------------------------------

 res.excitation_3_transition_charges:
                      1
 1         0.0003503597
 2         0.0154568469
 3         0.0086471788
 4        -0.0129767383
 5        -0.0095266889
 6        -0.0022844814
 7        -0.0633146344
 8        -0.0003126190
 9        -0.0001861121
 10       -0.0531408586
 11       -0.0036643397
 12       -0.0078211973
 13       -0.0004990791
 14       -0.0061783448
 15       -0.0340603010
 16       -0.0231127488
 17       -0.0017914067
 18       -0.0179961601
 19        0.0834578243
 20       -0.0003174778
 21       -0.0100524051
 22       -0.0147232654
 23       -0.0000016098
 24        0.0024547125
 25        0.0878788342
 26       -0.0010663907
 27       -0.0004780636
 28        0.0605646187
 29        0.0090604298
 30        0.0044763058
 31        0.0006658727
 32        0.0114540614
 33        0.0344942180
 34       -0.0301242231
 35        0.0033301039
 36       -0.0325256403
 37       -0.0000783025
 38       -0.0008637997
 39       -0.0011115767
 40       -0.0002115847
 41        0.0009060345
 42        0.0004153166
 43        0.0001577253
 44        0.0000346813
 45        0.0002250677
 46       -0.0004879016
 47        0.0009868754
 48       -0.0012083697
 49       -0.0010783889
 50       -0.0001969242
 51       -0.0008807593
 52       -0.0005650391
 53       -0.0002565100
 54       -0.0002853548
 55        0.0008150522
 56       -0.0003993843
 57        0.0000719579
 58       -0.0007337048
 59        0.0002542245
 60       -0.0013709280
 61        0.0000182985
 62       -0.0015510272
 63        0.0061030808
 64        0.0048731128
 65        0.0015672099
 66        0.0024785843
 67        0.0020700967
 68        0.0004872004
 69        0.0005013467
 70        0.0001852762
 71        0.0000444019
 72        0.0006100725
 73       -0.0021490772
 74       -0.0004424193
 75       -0.0058533230
 76        0.0007629448
 77        0.0000193763
 78        0.0000264875
 79       -0.0000266301

 --------------------------------------------------------------------------------
                                  command: print                                 
 --------------------------------------------------------------------------------
 res.excitation_4_energy:                0.1627849258

 --------------------------------------------------------------------------------
                                  command: print                                 
 --------------------------------------------------------------------------------
 res.excitation_4_transition_dipole : [
  0.20909432433965638,
  -1.3539836353607202,
  -1.1518519560894556
]

 --------------------------------------------------------------------------------
                                  command: print                                 
 --------------------------------------------------------------------------------

 res.excitation_4_transition_charges:
                      1
 1         0.0063335435
 2        -0.0458152783
 3         0.0498408078
 4         0.0334979090
 5        -0.0587418095
 6         0.0193435424
 7         0.0148151034
 8        -0.0012451317
 9         0.0003432235
 10       -0.0122448362
 11       -0.0009130763
 12        0.0014501411
 13       -0.0002116640
 14        0.0003438000
 15        0.0849422087
 16        0.0002568709
 17       -0.0002092470
 18        0.0034332321
 19        0.0231734219
 20        0.0003268005
 21        0.0020925576
 22        0.0016890726
 23        0.0009279898
 24       -0.0450127629
 25       -0.0069517832
 26        0.0007930654
 27       -0.0001517002
 28        0.0247397208
 29       -0.0000753105
 30        0.0016263179
 31       -0.0001219173
 32       -0.0651807082
 33        0.0050672434
 34       -0.0115429527
 35       -0.0001062223
 36       -0.0131087942
 37       -0.0000495144
 38        0.0000024277
 39        0.0000858050
 40        0.0012330868
 41       -0.0056360444
 42       -0.0016620414
 43       -0.0008027217
 44       -0.0003073676
 45        0.0003608982
 46       -0.0001865958
 47        0.0004400966
 48        0.0001287752
 49       -0.0003487086
 50       -0.0003209109
 51       -0.0004024998
 52       -0.0001845466
 53        0.0001152798
 54        0.0001702874
 55       -0.0001560169
 56        0.0000771872
 57        0.0001816273
 58       -0.0000678210
 59        0.0001069181
 60        0.0003023609
 61        0.0002014207
 62        0.0003726922
 63        0.0010557738
 64        0.0020120592
 65       -0.0002897494
 66       -0.0003151369
 67       -0.0002484202
 68        0.0001533319
 69        0.0003443435
 70        0.0000626529
 71        0.0000245668
 72        0.0002331725
 73       -0.0011457217
 74        0.0000336264
 75       -0.0021866003
 76       -0.0065736400
 77       -0.0002151052
 78       -0.0002151075
 79        0.0002125020

 --------------------------------------------------------------------------------

 End time:                               Tue Jul  6 09:37:39 2021
 Total wall-clock time:                  0.454 seconds
==================================================================================
