
================================================================================
          _____________ ________ _______________ ________     _________         
         / ___________// ______ \\_____   _____// ______ \   / ________)        
        / /_________  / /      \ \     | |     / /      \ \ | (_______          
       |  __________|| |        | |    | |    | |        | | \________ \        
        \ \_________ | |        | |    | |     \ \______/ /___________) |       
         \__________||_|        |_|    |_|      \________//____________/        
                                                                                
====================================[ Qcore ]===================================

 Git hash:   035eaa6e02832a1eaacaa1f2c2b4151870260895
 Git date:   Fri, 20 Aug 2021 11:46:14 +0100
 Compiler:   GNU 9.1.0
 Build type: Release
 Version:    2.0.0

 Start time: Fri Aug 20 13:47:31 2021

 Data directory: /home/of15641/.local/src/Qcore/release/share/entos/2.0.0/data
 Number of threads: 2
 Number of threads was determined by: command line argument
  - More threads can be used by running 'qcore -n 24'

 --------------------------------------------------------------------------------
                                   command: xtb                                  
 --------------------------------------------------------------------------------
 XTB basis setup:                        reference basis
 Implicit solvation model:               none
 Number of basis functions:            244
 GFN version:                            chlorophyll
 Integral screening threshold:           1.00e-10
 Total charge:                           0.000000000
 Number of electrons:                  218.000000000
 Electronic temperature (Kelvin):        0.000000000

 D3BJ energy:                           -0.062562651
 Repulsive energy:                       1.518571011

 ****************************************************
  Running robust self-consistent charge (SCC) solver 
 ****************************************************
 Number of SCC trials:                   4
 Using the stop-early mechanism for the first 3 trials

 Conv. threshold (charge):               1.00e-05
 Conv. threshold (energy):               1.00e-06
 Initial guess:                          eeq

 -------------
  SCC Trial 1 
 -------------
 Broyden mixing factor:                  0.400000000
 Max number of iterations:             128

 ---------------------------------------------------------------
                  energy        change          grad        time
 ---------------------------------------------------------------
   0      -125.881396856                    6.23e-01        0.01
   1      -126.546241602     -6.65e-01      3.67e-01        0.01
   2      -126.553331499     -7.09e-03      1.27e-01        0.01
   3      -126.591583502     -3.83e-02      1.49e-02        0.01
   4      -126.593945724     -2.36e-03      1.05e-02        0.01
   5      -126.601764055     -7.82e-03      3.00e-03        0.01
   6      -126.602321531     -5.57e-04      9.41e-04        0.01
   7      -126.602370972     -4.94e-05      2.60e-04        0.01
   8      -126.602373793     -2.82e-06      7.48e-05        0.01
   9      -126.602373842     -4.81e-08      3.02e-05        0.01
  10      -126.602373850     -8.57e-09      1.12e-05        0.01
  11      -126.602373852     -1.48e-09      3.93e-06        0.01
  12      -126.602373852     -1.05e-10      1.16e-06        0.01

 SCF converged in 11 iterations.

 Entropy contribution (-ST):             0.000000000
 Dipole moment (in Debye):              -2.508471       2.825514       0.457026

 ----------------
  Excitation 0 1 
 ----------------
 Setting up Delta-SCF
 Ground-Excited state overlap:          -0.000000000
 No correction applied to the TDM.
 Excitation energy:                      0.064990084
 Excitation energy (in eV):              1.768470286
 Transition dipole:                      0.25838      -2.72623       0.58095

 -----------------
  Excitation -1 1 
 -----------------
 Setting up Delta-SCF
 Ground-Excited state overlap:           0.000000000
 No correction applied to the TDM.
 Excitation energy:                      0.082076944
 Excitation energy (in eV):              2.233427421
 Transition dipole:                      0.21935      -0.21893      -1.73500

 ----------------
  Excitation 0 2 
 ----------------
 Setting up Delta-SCF
 Ground-Excited state overlap:           0.000000000
 No correction applied to the TDM.
 Excitation energy:                      0.112403501
 Excitation energy (in eV):              3.058655094
 Transition dipole:                     -0.07649      -0.06121      -0.59974

 -----------------
  Excitation -1 2 
 -----------------
 Setting up Delta-SCF
 Ground-Excited state overlap:           0.000000000
 No correction applied to the TDM.
 Excitation energy:                      0.131256157
 Excitation energy (in eV):              3.571661999
 Transition dipole:                      0.00681       0.70801       0.02074
 TOTAL ENERGY:                        -126.602373852
 Saving results in set 'res'

 --------------------------------------------------------------------------------
                                  command: print                                 
 --------------------------------------------------------------------------------
 res.energy:                          -126.6023738517

 --------------------------------------------------------------------------------
                                  command: print                                 
 --------------------------------------------------------------------------------

 res.dipole:
                      1
 1        -0.9869084547
 2         1.1116429259
 3         0.1798079071

 --------------------------------------------------------------------------------
                                  command: print                                 
 --------------------------------------------------------------------------------

 res.atomic_charges:
                      1
 1         0.4471555584
 2        -0.0525448805
 3        -0.1035962376
 4        -0.0950730808
 5        -0.0775605084
 6        -0.2174420915
 7         0.1259204446
 8        -0.0264364105
 9        -0.0162666095
 10        0.1102219184
 11       -0.0941673664
 12       -0.0315500058
 13       -0.0754324842
 14        0.0132087500
 15       -0.2534160491
 16        0.1248626104
 17       -0.0206408192
 18       -0.1162083276
 19        0.1530189462
 20       -0.0939174671
 21        0.3637296946
 22       -0.4688289645
 23       -0.1393724990
 24       -0.2341789806
 25        0.1401774321
 26       -0.0078710948
 27       -0.0306203618
 28        0.1183847945
 29       -0.0934667072
 30       -0.0312730844
 31       -0.0953506366
 32       -0.2676621072
 33        0.0931483793
 34        0.0198589811
 35       -0.1209471836
 36        0.1327373884
 37       -0.0959560552
 38        0.3699900142
 39       -0.4469447371
 40       -0.0936781692
 41        0.5514723792
 42       -0.4939492891
 43       -0.3428728613
 44        0.1150055271
 45        0.0386159259
 46        0.0475072113
 47        0.0268375366
 48        0.0321190985
 49        0.0288856120
 50        0.0429912287
 51        0.0323194961
 52        0.0343931287
 53        0.0268582504
 54        0.0471181170
 55        0.0194625257
 56        0.0151013412
 57        0.0371966969
 58        0.0351608303
 59        0.0470026149
 60        0.0603398020
 61        0.0679745279
 62        0.0462355004
 63        0.0344436718
 64        0.0259585608
 65        0.0371590804
 66        0.0264796285
 67        0.0262293950
 68        0.0259731665
 69        0.0218030606
 70        0.0278753828
 71        0.0391161311
 72        0.0321006748
 73        0.0696821139
 74        0.0451629667
 75        0.0647490082
 76        0.0553847754
 77        0.0445085738
 78        0.0424197742
 79        0.0531668427

 --------------------------------------------------------------------------------
                                  command: print                                 
 --------------------------------------------------------------------------------
 res.excitation_1_energy:                0.0649900843

 --------------------------------------------------------------------------------
                                  command: print                                 
 --------------------------------------------------------------------------------
 res.excitation_1_transition_dipole : [
  0.25838011433236885,
  -2.7262348730471757,
  0.580951810440164
]

 --------------------------------------------------------------------------------
                                  command: print                                 
 --------------------------------------------------------------------------------

 res.excitation_1_transition_charges:
                      1
 1        -0.0002573443
 2         0.0160195156
 3        -0.0107819250
 4        -0.0119683411
 5         0.0092362976
 6         0.0012851820
 7         0.0187219242
 8        -0.0001587400
 9         0.0000239141
 10       -0.0233673738
 11       -0.0025097558
 12        0.0016156168
 13        0.0001906044
 14        0.0003482350
 15       -0.0056073814
 16       -0.0343665275
 17       -0.0608140274
 18       -0.0212369954
 19       -0.0235702435
 20       -0.0007859831
 21       -0.0052815672
 22       -0.0077412694
 23       -0.0002051167
 24       -0.0003541951
 25       -0.0156547596
 26       -0.0004078059
 27        0.0006383933
 28        0.0292075509
 29       -0.0013210059
 30        0.0014080270
 31        0.0004295572
 32        0.0009964463
 33        0.0455162988
 34        0.0419121899
 35        0.0183304446
 36        0.0236996860
 37        0.0011766709
 38        0.0063690696
 39        0.0093745882
 40        0.0000461712
 41        0.0001019564
 42        0.0002241283
 43        0.0000246685
 44        0.0000032433
 45       -0.0000093516
 46       -0.0001069887
 47        0.0008779481
 48        0.0002728598
 49       -0.0002795584
 50       -0.0003780220
 51       -0.0005480601
 52       -0.0005440813
 53        0.0000840834
 54        0.0002120167
 55       -0.0000175999
 56        0.0000785549
 57       -0.0000199719
 58       -0.0042662541
 59       -0.0041349401
 60       -0.0004371662
 61        0.0000031477
 62       -0.0004563995
 63       -0.0006800475
 64        0.0024348408
 65       -0.0002242831
 66       -0.0002866130
 67       -0.0002746826
 68        0.0000725233
 69        0.0001692462
 70        0.0000030435
 71        0.0000380970
 72        0.0002047806
 73        0.0022825105
 74        0.0004550072
 75        0.0048633869
 76        0.0000963606
 77       -0.0000005370
 78        0.0000053951
 79        0.0000007329

 --------------------------------------------------------------------------------
                                  command: print                                 
 --------------------------------------------------------------------------------
 res.excitation_1_excited_dipole : [
  -1.2819427067870957,
  1.0391332568820797,
  0.22695386794618067
]

 --------------------------------------------------------------------------------
                                  command: print                                 
 --------------------------------------------------------------------------------

 res.excitation_1_excited_atomic_charges:
                      1
 1         0.4476041852
 2        -0.1194649099
 3        -0.1472190358
 4        -0.1464591087
 5        -0.1111721062
 6        -0.2912785904
 7         0.1877428890
 8        -0.0250843535
 9        -0.0149020765
 10        0.1879090123
 11       -0.0888380521
 12       -0.0282383715
 13       -0.0755635561
 14        0.0132637822
 15       -0.2536587212
 16        0.1770813731
 17       -0.0480009498
 18       -0.1450404981
 19        0.2152377230
 20       -0.0926677109
 21        0.3404652642
 22       -0.4886038317
 23       -0.1397945052
 24       -0.3131377652
 25        0.2044345250
 26       -0.0071906223
 27       -0.0286685954
 28        0.1796650948
 29       -0.0879090598
 30       -0.0282779538
 31       -0.0943503450
 32       -0.2693210201
 33        0.1484854406
 34       -0.0030189978
 35       -0.1335148216
 36        0.1717048448
 37       -0.0947335462
 38        0.3540590196
 39       -0.4603987994
 40       -0.0937740505
 41        0.5503943505
 42       -0.4946172138
 43       -0.3429954213
 44        0.1149420773
 45        0.0386301250
 46        0.0480966134
 47        0.0283081475
 48        0.0339263679
 49        0.0305097744
 50        0.0431297413
 51        0.0326028292
 52        0.0351278001
 53        0.0267767676
 54        0.0472375056
 55        0.0194529584
 56        0.0151611039
 57        0.0371474031
 58        0.0354947084
 59        0.0462618493
 60        0.0585315136
 61        0.0679590984
 62        0.0447372245
 63        0.0389768707
 64        0.0343183248
 65        0.0380382027
 66        0.0271902326
 67        0.0270224269
 68        0.0261050238
 69        0.0218730488
 70        0.0278771423
 71        0.0392476441
 72        0.0322114794
 73        0.0687787306
 74        0.0451863322
 75        0.0648533484
 76        0.0540760507
 77        0.0445042439
 78        0.0423932414
 79        0.0531611333

 --------------------------------------------------------------------------------
                                  command: print                                 
 --------------------------------------------------------------------------------
 res.excitation_2_energy:                0.0820769438

 --------------------------------------------------------------------------------
                                  command: print                                 
 --------------------------------------------------------------------------------
 res.excitation_2_transition_dipole : [
  0.21934560728208577,
  -0.21893294633641514,
  -1.7350013366782608
]

 --------------------------------------------------------------------------------
                                  command: print                                 
 --------------------------------------------------------------------------------

 res.excitation_2_transition_charges:
                      1
 1         0.0017857796
 2        -0.0705879944
 3        -0.0446024633
 4         0.0482847699
 5         0.0387289508
 6        -0.0507331120
 7        -0.0080013023
 8         0.0005033210
 9        -0.0009841134
 10       -0.0043407842
 11       -0.0005495709
 12       -0.0005660294
 13        0.0000268872
 14       -0.0000506053
 15        0.0107647385
 16        0.0087132827
 17       -0.0223779216
 18        0.0188458033
 19       -0.0068315220
 20       -0.0003684858
 21        0.0034544171
 22        0.0055468988
 23        0.0003763184
 24        0.0522047085
 25        0.0042112819
 26        0.0011671251
 27        0.0007705967
 28        0.0113730808
 29        0.0004036777
 30        0.0004808661
 31        0.0000799807
 32       -0.0074294848
 33       -0.0009340653
 34        0.0236553656
 35       -0.0121053022
 36        0.0119344460
 37        0.0008454232
 38       -0.0031310195
 39       -0.0064154173
 40       -0.0006535327
 41       -0.0018796055
 42       -0.0013255298
 43       -0.0002236100
 44       -0.0001342109
 45        0.0000350506
 46       -0.0000316028
 47        0.0003553089
 48       -0.0000885856
 49       -0.0001194064
 50       -0.0003721990
 51       -0.0002899450
 52       -0.0002367070
 53       -0.0000236587
 54       -0.0001069913
 55        0.0000059558
 56       -0.0000185682
 57       -0.0000540919
 58       -0.0007980250
 59       -0.0022943089
 60        0.0004471074
 61        0.0000318891
 62        0.0003196305
 63        0.0000824142
 64        0.0009708197
 65        0.0000900615
 66        0.0001780352
 67        0.0003346678
 68       -0.0000275986
 69        0.0000836269
 70        0.0000020279
 71        0.0000243176
 72        0.0000591999
 73        0.0019929488
 74        0.0000311844
 75        0.0025515273
 76       -0.0029885403
 77       -0.0000170049
 78       -0.0000438381
 79       -0.0000167386

 --------------------------------------------------------------------------------
                                  command: print                                 
 --------------------------------------------------------------------------------
 res.excitation_3_energy:                0.1124035015

 --------------------------------------------------------------------------------
                                  command: print                                 
 --------------------------------------------------------------------------------
 res.excitation_3_transition_dipole : [
  -0.0764909068325361,
  -0.06121444041910162,
  -0.5997440077776015
]

 --------------------------------------------------------------------------------
                                  command: print                                 
 --------------------------------------------------------------------------------

 res.excitation_3_transition_charges:
                      1
 1        -0.0001395394
 2        -0.0014299554
 3         0.0003213555
 4        -0.0042736180
 5        -0.0100554546
 6         0.0003897863
 7        -0.0045228231
 8         0.0000223368
 9         0.0001360215
 10        0.0124332024
 11        0.0017817901
 12       -0.0011495363
 13       -0.0001566228
 14       -0.0006962856
 15       -0.0098850003
 16        0.0111545947
 17       -0.0450267262
 18       -0.0150134434
 19        0.0582896056
 20       -0.0002313561
 21       -0.0148704647
 22       -0.0165666559
 23       -0.0002292599
 24        0.0000728023
 25        0.0562667552
 26       -0.0004967063
 27       -0.0000122375
 28        0.0323211251
 29        0.0047591910
 30        0.0013726518
 31        0.0003668218
 32        0.0010683186
 33        0.0104254189
 34       -0.0342083459
 35       -0.0078772930
 36       -0.0047332010
 37       -0.0004649336
 38       -0.0073990381
 39       -0.0084018060
 40        0.0000254981
 41        0.0000432288
 42       -0.0000208699
 43        0.0000059208
 44       -0.0000002850
 45        0.0000942855
 46       -0.0000917588
 47        0.0004377124
 48        0.0001002593
 49        0.0000720659
 50        0.0002963343
 51        0.0003194405
 52        0.0004909478
 53       -0.0000939996
 54       -0.0001832008
 55        0.0000614180
 56       -0.0001174033
 57       -0.0000144209
 58       -0.0027488160
 59       -0.0030800063
 60       -0.0012162990
 61        0.0000251383
 62       -0.0011483177
 63        0.0027246679
 64        0.0021132233
 65        0.0011363071
 66        0.0013618309
 67        0.0011826136
 68        0.0001823277
 69        0.0001539934
 70        0.0000116272
 71        0.0000091338
 72        0.0000805687
 73       -0.0015888588
 74       -0.0003119267
 75       -0.0037314643
 76        0.0000797564
 77       -0.0000014234
 78       -0.0000001073
 79       -0.0000006160

 --------------------------------------------------------------------------------
                                  command: print                                 
 --------------------------------------------------------------------------------
 res.excitation_4_energy:                0.1312561575

 --------------------------------------------------------------------------------
                                  command: print                                 
 --------------------------------------------------------------------------------
 res.excitation_4_transition_dipole : [
  0.006807669261875087,
  0.7080055908630197,
  0.020744428875169123
]

 --------------------------------------------------------------------------------
                                  command: print                                 
 --------------------------------------------------------------------------------

 res.excitation_4_transition_charges:
                      1
 1         0.0023644083
 2         0.0061460733
 3         0.0007905400
 4         0.0155842538
 5        -0.0427550396
 6         0.0093958059
 7         0.0019379124
 8        -0.0005460023
 9         0.0005578720
 10        0.0023244207
 11        0.0003039114
 12        0.0004087350
 13       -0.0001003978
 14        0.0001004224
 15        0.0217124646
 16       -0.0031404615
 17       -0.0168237197
 18        0.0130502010
 19        0.0171204014
 20       -0.0001460488
 21        0.0100717028
 22        0.0120325777
 23        0.0008483428
 24       -0.0273758184
 25       -0.0144797262
 26        0.0008271659
 27        0.0004115222
 28        0.0129576463
 29       -0.0008861893
 30        0.0005017666
 31        0.0000546998
 32       -0.0083907045
 33        0.0000170620
 34       -0.0192961664
 35        0.0050510735
 36       -0.0021428225
 37       -0.0003416886
 38        0.0035137667
 39        0.0055825338
 40        0.0000826048
 41       -0.0012619250
 42       -0.0003327259
 43       -0.0001587681
 44       -0.0001172233
 45        0.0001699839
 46       -0.0000282161
 47        0.0001706855
 48       -0.0000136620
 49        0.0000558795
 50        0.0002592702
 51        0.0000747143
 52        0.0002111397
 53        0.0000263940
 54        0.0000904923
 55       -0.0000172595
 56        0.0000290195
 57       -0.0000244084
 58       -0.0005569394
 59       -0.0017189584
 60        0.0013040154
 61        0.0002105289
 62        0.0008373025
 63       -0.0001155568
 64        0.0007737880
 65       -0.0004240832
 66       -0.0002238366
 67       -0.0006767972
 68        0.0000165048
 69        0.0000925690
 70        0.0000009103
 71        0.0000055698
 72        0.0000218825
 73       -0.0013917071
 74       -0.0000094950
 75       -0.0019588566
 76       -0.0025746453
 77       -0.0000509688
 78       -0.0000426405
 79        0.0000229217

 --------------------------------------------------------------------------------

 End time:                               Fri Aug 20 13:47:31 2021
 Total wall-clock time:                  0.430 seconds
==================================================================================
