
================================================================================
          _____________ ________ _______________ ________     _________         
         / ___________// ______ \\_____   _____// ______ \   / ________)        
        / /_________  / /      \ \     | |     / /      \ \ | (_______          
       |  __________|| |        | |    | |    | |        | | \________ \        
        \ \_________ | |        | |    | |     \ \______/ /___________) |       
         \__________||_|        |_|    |_|      \________//____________/        
                                                                                
====================================[ Qcore ]===================================

 Git hash:   4f46786782e696c626e0064ff3d1a47267e124c4
 Git date:   Wed, 30 Jun 2021 10:19:53 +0100
 Compiler:   AppleClang 10.0.1.10010046
 Build type: Release
 Version:    1.4.1

 Start time: Mon Jul  5 14:42:37 2021

 Data directory: /Users/of15641/qcore/cmake-build-release/share/entos/1.4.1/data
 Number of threads: 2
 Number of threads was determined by: number of physical cores

 --------------------------------------------------------------------------------
                                   command: xtb                                  
 --------------------------------------------------------------------------------
 XTB basis setup:                        reference basis
 Number of basis functions:            244
 GFN version:                            chlorophyll
 Integral screening threshold:           1.00e-10
 Total charge:                           0.000000000
 Number of electrons:                  218.000000000
 Electronic temperature (Kelvin):        0.000000000

 D3BJ energy:                           -0.062562664
 Repulsive energy:                       1.518583362

 ****************************************************
  Running robust self-consistent charge (SCC) solver 
 ****************************************************
 Number of SCC trials:                   4
 Using the stop-early mechanism for the first 3 trials

 Conv. threshold (charge):               1.00e-05
 Conv. threshold (energy):               1.00e-06
 Initial guess:                          eeq

 -------------
  SCC Trial 1 
 -------------
 Broyden mixing factor:                  0.400000000
 Max number of iterations:             128

 ---------------------------------------------------------------
                  energy        change          grad        time
 ---------------------------------------------------------------
   0      -130.292180831                    6.60e-01        0.03
   1      -130.884265689     -5.92e-01      3.88e-01        0.01
   2      -130.893049289     -8.78e-03      1.03e-01        0.01
   3      -130.904346540     -1.13e-02      1.05e-02        0.03
   4      -130.904884340     -5.38e-04      5.83e-03        0.01
   5      -130.907233156     -2.35e-03      1.35e-03        0.03
   6      -130.907340920     -1.08e-04      3.93e-04        0.01
   7      -130.907347855     -6.94e-06      1.59e-04        0.01
   8      -130.907348721     -8.66e-07      4.52e-05        0.01
   9      -130.907348738     -1.69e-08      1.63e-05        0.02
  10      -130.907348740     -1.42e-09      4.99e-06        0.01
  11      -130.907348740     -1.68e-10      1.76e-06        0.01

 SCF converged in 10 iterations.

 Entropy contribution (-ST):             0.000000000
 Dipole moment (in Debye):              -2.159844      -2.033166      -2.674539

 ----------------
  Excitation 0 1 
 ----------------
 Setting up Delta-SCF
 Ground-Excited state overlap:          -0.000000000
 No correction applied to the TDM.
 Excitation energy:                      0.094811586
 Excitation energy (in eV):              2.579954689
 Transition dipole:                     -0.42764       3.72233       2.29026

 -----------------
  Excitation -1 1 
 -----------------
 Setting up Delta-SCF
 Ground-Excited state overlap:           0.000000000
 No correction applied to the TDM.
 Excitation energy:                      0.101904146
 Excitation energy (in eV):              2.772953079
 Transition dipole:                      0.02014      -1.28166       2.29799

 ----------------
  Excitation 0 2 
 ----------------
 Setting up Delta-SCF
 Ground-Excited state overlap:           0.000000000
 No correction applied to the TDM.
 Excitation energy:                      0.149332204
 Excitation energy (in eV):              4.063536285
 Transition dipole:                     -0.05474      -1.04095       1.64030

 -----------------
  Excitation -1 2 
 -----------------
 Setting up Delta-SCF
 Ground-Excited state overlap:           0.000000000
 No correction applied to the TDM.
 Excitation energy:                      0.162784371
 Excitation energy (in eV):              4.429588388
 Transition dipole:                      0.20753      -1.48992      -0.96998
 TOTAL ENERGY:                        -130.907348740
 Saving results in set 'res'

 --------------------------------------------------------------------------------
                                  command: print                                 
 --------------------------------------------------------------------------------
 res.energy:                          -130.9073487398

 --------------------------------------------------------------------------------
                                  command: print                                 
 --------------------------------------------------------------------------------

 res.dipole:
                      1
 1        -0.8497478910
 2        -0.7999089594
 3        -1.0522444055

 --------------------------------------------------------------------------------
                                  command: print                                 
 --------------------------------------------------------------------------------

 res.atomic_charges:
                      1
 1         0.3739076569
 2        -0.0585619128
 3        -0.1052916103
 4        -0.0918971686
 5        -0.0754678904
 6        -0.2347862942
 7         0.1311636667
 8        -0.0310281929
 9        -0.0293012019
 10        0.1146147708
 11       -0.0895443103
 12       -0.0574323210
 13       -0.0770431786
 14        0.0120141417
 15       -0.2927768182
 16        0.1409348096
 17       -0.0390530428
 18       -0.1169468394
 19        0.1621803159
 20       -0.0831263206
 21        0.3351421211
 22       -0.4233100137
 23       -0.1290217184
 24       -0.2520880382
 25        0.1464347430
 26       -0.0216316225
 27       -0.0354954098
 28        0.1192972596
 29       -0.0909133621
 30       -0.0530851929
 31       -0.0928308583
 32       -0.3034580275
 33        0.1010600971
 34        0.0040110580
 35       -0.1119375728
 36        0.1478653503
 37       -0.0863948790
 38        0.3461421616
 39       -0.3982388715
 40       -0.1076591256
 41        0.5203712448
 42       -0.4647507918
 43       -0.2905256161
 44        0.1060455698
 45        0.0507573528
 46        0.0537435196
 47        0.0399273170
 48        0.0445133176
 49        0.0460339728
 50        0.0446839801
 51        0.0374137714
 52        0.0349399826
 53        0.0399234212
 54        0.0614555774
 55        0.0256562837
 56        0.0201047301
 57        0.0346430354
 58        0.0358411628
 59        0.0466781912
 60        0.0608364896
 61        0.0591643440
 62        0.0504332028
 63        0.0496712345
 64        0.0359890375
 65        0.0383997562
 66        0.0337239310
 67        0.0308881733
 68        0.0342583844
 69        0.0332397029
 70        0.0298535077
 71        0.0371907157
 72        0.0387545731
 73        0.0640045341
 74        0.0388421449
 75        0.0630901562
 76        0.0595857171
 77        0.0315859518
 78        0.0274560708
 79        0.0491299918

 --------------------------------------------------------------------------------
                                  command: print                                 
 --------------------------------------------------------------------------------
 res.excitation_1_energy:                0.0948115861

 --------------------------------------------------------------------------------
                                  command: print                                 
 --------------------------------------------------------------------------------
 res.excitation_1_transition_dipole : [
  -0.4276402776993728,
  3.7223324706067054,
  2.290260157952346
]

 --------------------------------------------------------------------------------
                                  command: print                                 
 --------------------------------------------------------------------------------

 res.excitation_1_transition_charges:
                      1
 1        -0.0002237508
 2         0.0306073553
 3        -0.0107626270
 4        -0.0223235968
 5         0.0090929092
 6         0.0121463342
 7         0.0310834272
 8        -0.0001539474
 9        -0.0000185823
 10       -0.0365765851
 11       -0.0042911955
 12        0.0030783119
 13        0.0002110549
 14        0.0005556392
 15       -0.0136152271
 16       -0.0524612976
 17       -0.0878260379
 18       -0.0331074936
 19       -0.0396503728
 20       -0.0011252379
 21       -0.0058171547
 22       -0.0113528943
 23       -0.0003344688
 24       -0.0074297946
 25       -0.0257307522
 26       -0.0004935127
 27        0.0008729562
 28        0.0444636822
 29       -0.0027556659
 30        0.0033973198
 31        0.0004580612
 32        0.0034725951
 33        0.0695257412
 34        0.0570380054
 35        0.0299261954
 36        0.0357738067
 37        0.0016289601
 38        0.0075175171
 39        0.0142283239
 40        0.0001455197
 41        0.0007428907
 42        0.0006357685
 43        0.0001230045
 44        0.0000433686
 45       -0.0000208632
 46       -0.0000812949
 47        0.0013957316
 48        0.0010653546
 49       -0.0010903340
 50       -0.0003700913
 51       -0.0011347469
 52       -0.0008254763
 53        0.0000689375
 54        0.0003385749
 55        0.0000885343
 56        0.0000639724
 57       -0.0000065442
 58       -0.0112154475
 59       -0.0094231720
 60       -0.0008342837
 61        0.0000023182
 62       -0.0009164571
 63       -0.0019442399
 64        0.0051969968
 65       -0.0002528230
 66       -0.0005289531
 67       -0.0003024776
 68        0.0001357303
 69        0.0003499381
 70        0.0000500997
 71        0.0001171586
 72        0.0006235822
 73        0.0054393337
 74        0.0008614497
 75        0.0116485574
 76        0.0007318470
 77        0.0000040353
 78        0.0000270089
 79        0.0000194904

 --------------------------------------------------------------------------------
                                  command: print                                 
 --------------------------------------------------------------------------------
 res.excitation_1_excited_dipole : [
  -1.009070074633943,
  -0.8986248176015703,
  -1.3383670525990041
]

 --------------------------------------------------------------------------------
                                  command: print                                 
 --------------------------------------------------------------------------------

 res.excitation_1_excited_atomic_charges:
                      1
 1         0.3753153672
 2        -0.1064547298
 3        -0.1438434779
 4        -0.1302285893
 5        -0.1065343384
 6        -0.3345611191
 7         0.1903616423
 8        -0.0295878182
 9        -0.0280516516
 10        0.1822187231
 11       -0.0835335030
 12       -0.0525577486
 13       -0.0771222351
 14        0.0124613851
 15       -0.2864951870
 16        0.1896854801
 17       -0.0524196311
 18       -0.1428601240
 19        0.2191585762
 20       -0.0807962337
 21        0.3202537567
 22       -0.4394267416
 23       -0.1292253904
 24       -0.3615981676
 25        0.2095478821
 26       -0.0210216585
 27       -0.0337141215
 28        0.1708094755
 29       -0.0844882937
 30       -0.0486825122
 31       -0.0923041935
 32       -0.3030747131
 33        0.1484223773
 34       -0.0128091235
 35       -0.1259616489
 36        0.1795696044
 37       -0.0842694403
 38        0.3355242866
 39       -0.4087646941
 40       -0.1075223009
 41        0.5189682908
 42       -0.4651607195
 43       -0.2906651308
 44        0.1059854041
 45        0.0507636010
 46        0.0545267556
 47        0.0418344159
 48        0.0470306208
 49        0.0483397294
 50        0.0445099802
 51        0.0373383805
 52        0.0355389358
 53        0.0398249902
 54        0.0614672337
 55        0.0260717585
 56        0.0202103919
 57        0.0346051633
 58        0.0381466102
 59        0.0470547910
 60        0.0591193266
 61        0.0591600732
 62        0.0487172946
 63        0.0558955886
 64        0.0448523679
 65        0.0387478447
 66        0.0340364308
 67        0.0315863822
 68        0.0343848421
 69        0.0332084635
 70        0.0298918052
 71        0.0374243235
 72        0.0388339722
 73        0.0637796570
 74        0.0388858036
 75        0.0635502093
 76        0.0580070092
 77        0.0315765340
 78        0.0274256856
 79        0.0491060136

 --------------------------------------------------------------------------------
                                  command: print                                 
 --------------------------------------------------------------------------------
 res.excitation_2_energy:                0.1019041461

 --------------------------------------------------------------------------------
                                  command: print                                 
 --------------------------------------------------------------------------------
 res.excitation_2_transition_dipole : [
  0.020135561899292213,
  -1.2816627785026313,
  2.2979861580290732
]

 --------------------------------------------------------------------------------
                                  command: print                                 
 --------------------------------------------------------------------------------

 res.excitation_2_transition_charges:
                      1
 1         0.0018793365
 2        -0.0891998511
 3        -0.0635864025
 4         0.0633688476
 5         0.0545209072
 6        -0.1113302894
 7        -0.0072963850
 8         0.0002091938
 9        -0.0012807385
 10       -0.0086523261
 11       -0.0009903682
 12       -0.0005575484
 13       -0.0000045097
 14       -0.0000349284
 15        0.0280446740
 16        0.0027025522
 17       -0.0187548628
 18        0.0060508636
 19       -0.0111519809
 20       -0.0002562865
 21        0.0008092753
 22        0.0011430422
 23        0.0003473645
 24        0.1196793517
 25        0.0022806262
 26        0.0014219046
 27        0.0008847927
 28        0.0176183498
 29        0.0002406399
 30        0.0012041036
 31       -0.0000186848
 32       -0.0187498379
 33        0.0078800143
 34        0.0220886745
 35       -0.0027264807
 36        0.0150045798
 37        0.0008013757
 38       -0.0009295317
 39       -0.0027549008
 40       -0.0007176184
 41       -0.0046883286
 42       -0.0025192127
 43       -0.0006092682
 44       -0.0002771442
 45        0.0000429783
 46       -0.0000350708
 47        0.0006585763
 48       -0.0001449306
 49       -0.0003266994
 50       -0.0003722467
 51       -0.0006414004
 52       -0.0002852830
 53       -0.0000585618
 54       -0.0001547957
 55       -0.0000110892
 56       -0.0000119704
 57       -0.0000939801
 58       -0.0011887914
 59       -0.0028657910
 60        0.0001536410
 61        0.0000282198
 62        0.0002168100
 63       -0.0001847955
 64        0.0022401861
 65        0.0000742426
 66        0.0003115755
 67        0.0002515810
 68        0.0000196811
 69        0.0002447165
 70        0.0000270789
 71        0.0000643982
 72        0.0002043061
 73        0.0028725680
 74       -0.0000237804
 75        0.0043210744
 76       -0.0061349650
 77       -0.0000518656
 78       -0.0001099481
 79       -0.0001286529

 --------------------------------------------------------------------------------
                                  command: print                                 
 --------------------------------------------------------------------------------
 res.excitation_3_energy:                0.1493322041

 --------------------------------------------------------------------------------
                                  command: print                                 
 --------------------------------------------------------------------------------
 res.excitation_3_transition_dipole : [
  -0.05474189742876853,
  -1.040949493204784,
  1.6402958281156779
]

 --------------------------------------------------------------------------------
                                  command: print                                 
 --------------------------------------------------------------------------------

 res.excitation_3_transition_charges:
                      1
 1         0.0003499650
 2         0.0154540684
 3         0.0086447387
 4        -0.0129787668
 5        -0.0095259501
 6        -0.0022845157
 7        -0.0633048661
 8        -0.0003125851
 9        -0.0001860528
 10       -0.0531348911
 11       -0.0036641944
 12       -0.0078192075
 13       -0.0004987645
 14       -0.0061759971
 15       -0.0340670240
 16       -0.0231101685
 17       -0.0017994664
 18       -0.0179985842
 19        0.0834648933
 20       -0.0003174564
 21       -0.0100542255
 22       -0.0147260600
 23       -0.0000016552
 24        0.0024564019
 25        0.0878870471
 26       -0.0010664428
 27       -0.0004780929
 28        0.0605704963
 29        0.0090608912
 30        0.0044764546
 31        0.0006659543
 32        0.0114554861
 33        0.0344925037
 34       -0.0301325116
 35        0.0033259549
 36       -0.0325228711
 37       -0.0000782859
 38       -0.0008660510
 39       -0.0011148227
 40       -0.0002115633
 41        0.0009061681
 42        0.0004152859
 43        0.0001577527
 44        0.0000346976
 45        0.0002250929
 46       -0.0004879531
 47        0.0009870293
 48       -0.0012080829
 49       -0.0010782516
 50       -0.0001969132
 51       -0.0008807019
 52       -0.0005650948
 53       -0.0002564265
 54       -0.0002853451
 55        0.0008147422
 56       -0.0003992202
 57        0.0000719593
 58       -0.0007345860
 59        0.0002533532
 60       -0.0013711336
 61        0.0000182947
 62       -0.0015513022
 63        0.0061033994
 64        0.0048737001
 65        0.0015673610
 66        0.0024787892
 67        0.0020703136
 68        0.0004872123
 69        0.0005013767
 70        0.0001852812
 71        0.0000443946
 72        0.0006101191
 73       -0.0021498933
 74       -0.0004425381
 75       -0.0058549561
 76        0.0007630323
 77        0.0000193805
 78        0.0000264994
 79       -0.0000266199

 --------------------------------------------------------------------------------
                                  command: print                                 
 --------------------------------------------------------------------------------
 res.excitation_4_energy:                0.1627843708

 --------------------------------------------------------------------------------
                                  command: print                                 
 --------------------------------------------------------------------------------
 res.excitation_4_transition_dipole : [
  0.2075275444470813,
  -1.4899182212366364,
  -0.9699781711392345
]

 --------------------------------------------------------------------------------
                                  command: print                                 
 --------------------------------------------------------------------------------

 res.excitation_4_transition_charges:
                      1
 1         0.0063334438
 2        -0.0458040532
 3         0.0498369092
 4         0.0334987791
 5        -0.0587489777
 6         0.0193415953
 7         0.0148110622
 8        -0.0012448629
 9         0.0003432715
 10       -0.0122452113
 11       -0.0009131316
 12        0.0014495198
 13       -0.0002116467
 14        0.0003433569
 15        0.0849427399
 16        0.0002559211
 17       -0.0002110377
 18        0.0034335337
 19        0.0231783490
 20        0.0003267897
 21        0.0020928671
 22        0.0016893705
 23        0.0009280811
 24       -0.0450169309
 25       -0.0069495150
 26        0.0007929595
 27       -0.0001516136
 28        0.0247441444
 29       -0.0000750130
 30        0.0016265585
 31       -0.0001218814
 32       -0.0651792398
 33        0.0050682766
 34       -0.0115468602
 35       -0.0001058916
 36       -0.0131088552
 37       -0.0000495072
 38        0.0000026749
 39        0.0000863775
 40        0.0012329640
 41       -0.0056359626
 42       -0.0016618498
 43       -0.0008027610
 44       -0.0003073518
 45        0.0003609921
 46       -0.0001866170
 47        0.0004402086
 48        0.0001287019
 49       -0.0003486306
 50       -0.0003208808
 51       -0.0004024807
 52       -0.0001845827
 53        0.0001152365
 54        0.0001702619
 55       -0.0001559380
 56        0.0000771323
 57        0.0001816000
 58       -0.0000679460
 59        0.0001066608
 60        0.0003024124
 61        0.0002014136
 62        0.0003727388
 63        0.0010560517
 64        0.0020124772
 65       -0.0002897578
 66       -0.0003151150
 67       -0.0002484051
 68        0.0001533507
 69        0.0003443935
 70        0.0000626618
 71        0.0000245636
 72        0.0002332109
 73       -0.0011462296
 74        0.0000336378
 75       -0.0021873322
 76       -0.0065734293
 77       -0.0002150763
 78       -0.0002150698
 79        0.0002123931

 --------------------------------------------------------------------------------

 End time:                               Mon Jul  5 14:42:38 2021
 Total wall-clock time:                  0.748 seconds
==================================================================================
