
================================================================================
          _____________ ________ _______________ ________     _________         
         / ___________// ______ \\_____   _____// ______ \   / ________)        
        / /_________  / /      \ \     | |     / /      \ \ | (_______          
       |  __________|| |        | |    | |    | |        | | \________ \        
        \ \_________ | |        | |    | |     \ \______/ /___________) |       
         \__________||_|        |_|    |_|      \________//____________/        
                                                                                
====================================[ Qcore ]===================================

 Git hash:   4f46786782e696c626e0064ff3d1a47267e124c4
 Git date:   Wed, 30 Jun 2021 10:19:53 +0100
 Compiler:   AppleClang 10.0.1.10010046
 Build type: Release
 Version:    1.4.1

 Start time: Mon Jul  5 14:51:53 2021

 Data directory: /Users/of15641/qcore/cmake-build-release/share/entos/1.4.1/data
 Number of threads: 2
 Number of threads was determined by: number of physical cores

 --------------------------------------------------------------------------------
                                   command: xtb                                  
 --------------------------------------------------------------------------------
 XTB basis setup:                        reference basis
 Number of basis functions:            244
 GFN version:                            chlorophyll
 Integral screening threshold:           1.00e-10
 Total charge:                           0.000000000
 Number of electrons:                  218.000000000
 Electronic temperature (Kelvin):        0.000000000

 D3BJ energy:                           -0.062562693
 Repulsive energy:                       1.518573734

 ****************************************************
  Running robust self-consistent charge (SCC) solver 
 ****************************************************
 Number of SCC trials:                   4
 Using the stop-early mechanism for the first 3 trials

 Conv. threshold (charge):               1.00e-05
 Conv. threshold (energy):               1.00e-06
 Initial guess:                          eeq

 -------------
  SCC Trial 1 
 -------------
 Broyden mixing factor:                  0.400000000
 Max number of iterations:             128

 ---------------------------------------------------------------
                  energy        change          grad        time
 ---------------------------------------------------------------
   0      -130.292183177                    6.60e-01        0.03
   1      -130.884269168     -5.92e-01      3.88e-01        0.01
   2      -130.893053480     -8.78e-03      1.03e-01        0.01
   3      -130.904351090     -1.13e-02      1.05e-02        0.02
   4      -130.904888933     -5.38e-04      5.83e-03        0.01
   5      -130.907236212     -2.35e-03      1.35e-03        0.01
   6      -130.907344005     -1.08e-04      3.93e-04        0.01
   7      -130.907350943     -6.94e-06      1.59e-04        0.03
   8      -130.907351809     -8.66e-07      4.52e-05        0.01
   9      -130.907351826     -1.69e-08      1.63e-05        0.01
  10      -130.907351827     -1.42e-09      4.99e-06        0.03
  11      -130.907351827     -1.68e-10      1.76e-06        0.04

 SCF converged in 10 iterations.

 Entropy contribution (-ST):             0.000000000
 Dipole moment (in Debye):              -2.859752       1.501098       2.349749

 ----------------
  Excitation 0 1 
 ----------------
 Setting up Delta-SCF
 Ground-Excited state overlap:          -0.000000000
 No correction applied to the TDM.
 Excitation energy:                      0.094811589
 Excitation energy (in eV):              2.579954763
 Transition dipole:                      0.59048      -3.63267      -2.39561

 -----------------
  Excitation -1 1 
 -----------------
 Setting up Delta-SCF
 Ground-Excited state overlap:           0.000000000
 No correction applied to the TDM.
 Excitation energy:                      0.101903853
 Excitation energy (in eV):              2.772945106
 Transition dipole:                      0.12666       1.36775      -2.24430

 ----------------
  Excitation 0 2 
 ----------------
 Setting up Delta-SCF
 Ground-Excited state overlap:           0.000000000
 No correction applied to the TDM.
 Excitation energy:                      0.149330732
 Excitation energy (in eV):              4.063496228
 Transition dipole:                      0.00049       1.08812      -1.61030

 -----------------
  Excitation -1 2 
 -----------------
 Setting up Delta-SCF
 Ground-Excited state overlap:           0.000000000
 No correction applied to the TDM.
 Excitation energy:                      0.162782994
 Excitation energy (in eV):              4.429550935
 Transition dipole:                     -0.20880       1.45792       1.01710
 TOTAL ENERGY:                        -130.907351827
 Saving results in set 'res'

 --------------------------------------------------------------------------------
                                  command: print                                 
 --------------------------------------------------------------------------------
 res.energy:                          -130.9073518272

 --------------------------------------------------------------------------------
                                  command: print                                 
 --------------------------------------------------------------------------------

 res.dipole:
                      1
 1        -1.1251130148
 2         0.5905775690
 3         0.9244625167

 --------------------------------------------------------------------------------
                                  command: print                                 
 --------------------------------------------------------------------------------

 res.atomic_charges:
                      1
 1         0.3739078973
 2        -0.0585618560
 3        -0.1052943379
 4        -0.0918964114
 5        -0.0754653543
 6        -0.2347877458
 7         0.1311612570
 8        -0.0310271352
 9        -0.0292999414
 10        0.1146203046
 11       -0.0895441785
 12       -0.0574334230
 13       -0.0770433112
 14        0.0120154387
 15       -0.2927773047
 16        0.1409344693
 17       -0.0390495971
 18       -0.1169489796
 19        0.1621796061
 20       -0.0831259878
 21        0.3351437493
 22       -0.4233071609
 23       -0.1290208907
 24       -0.2520886464
 25        0.1464340690
 26       -0.0216306809
 27       -0.0354964044
 28        0.1192965246
 29       -0.0909131458
 30       -0.0530860803
 31       -0.0928295668
 32       -0.3034550940
 33        0.1010562808
 34        0.0040111132
 35       -0.1119393760
 36        0.1478681918
 37       -0.0863946770
 38        0.3461432465
 39       -0.3982350384
 40       -0.1076576314
 41        0.5203682740
 42       -0.4647559754
 43       -0.2905213741
 44        0.1060468833
 45        0.0507565456
 46        0.0537448197
 47        0.0399266049
 48        0.0445124697
 49        0.0460334699
 50        0.0446842775
 51        0.0374119691
 52        0.0349410065
 53        0.0399240852
 54        0.0614552217
 55        0.0256560343
 56        0.0201031002
 57        0.0346410886
 58        0.0358425998
 59        0.0466785795
 60        0.0608348174
 61        0.0591630242
 62        0.0504342745
 63        0.0496723482
 64        0.0359900757
 65        0.0383989628
 66        0.0337222083
 67        0.0308887283
 68        0.0342571691
 69        0.0332401172
 70        0.0298540663
 71        0.0371889085
 72        0.0387545997
 73        0.0640046230
 74        0.0388418178
 75        0.0630884829
 76        0.0595830861
 77        0.0315841701
 78        0.0274553687
 79        0.0491312801

 --------------------------------------------------------------------------------
                                  command: print                                 
 --------------------------------------------------------------------------------
 res.excitation_1_energy:                0.0948115888

 --------------------------------------------------------------------------------
                                  command: print                                 
 --------------------------------------------------------------------------------
 res.excitation_1_transition_dipole : [
  0.5904774631568463,
  -3.6326679662004775,
  -2.3956123484066336
]

 --------------------------------------------------------------------------------
                                  command: print                                 
 --------------------------------------------------------------------------------

 res.excitation_1_transition_charges:
                      1
 1        -0.0002236027
 2         0.0305982391
 3        -0.0107686993
 4        -0.0223169888
 5         0.0090983265
 6         0.0121358699
 7         0.0310823304
 8        -0.0001539515
 9        -0.0000186807
 10       -0.0365771715
 11       -0.0042913623
 12        0.0030784228
 13        0.0002110762
 14        0.0005556792
 15       -0.0136121731
 16       -0.0524614502
 17       -0.0878258887
 18       -0.0331081715
 19       -0.0396514803
 20       -0.0011252210
 21       -0.0058173459
 22       -0.0113530984
 23       -0.0003344436
 24       -0.0074182198
 25       -0.0257315587
 26       -0.0004933600
 27        0.0008730408
 28        0.0444660235
 29       -0.0027558343
 30        0.0033976516
 31        0.0004580534
 32        0.0034700320
 33        0.0695280451
 34        0.0570389145
 35        0.0299260400
 36        0.0357752842
 37        0.0016289983
 38        0.0075173451
 39        0.0142278045
 40        0.0001454782
 41        0.0007424720
 42        0.0006355861
 43        0.0001229498
 44        0.0000433411
 45       -0.0000208623
 46       -0.0000812673
 47        0.0013957593
 48        0.0010653669
 49       -0.0010904392
 50       -0.0003701186
 51       -0.0011347973
 52       -0.0008254814
 53        0.0000689447
 54        0.0003385541
 55        0.0000885313
 56        0.0000639760
 57       -0.0000065545
 58       -0.0112151741
 59       -0.0094232705
 60       -0.0008343563
 61        0.0000023203
 62       -0.0009164607
 63       -0.0019444001
 64        0.0051972499
 65       -0.0002528305
 66       -0.0005289326
 67       -0.0003024570
 68        0.0001357391
 69        0.0003499688
 70        0.0000501036
 71        0.0001171815
 72        0.0006236187
 73        0.0054392552
 74        0.0008614786
 75        0.0116491807
 76        0.0007313618
 77        0.0000040306
 78        0.0000270001
 79        0.0000194797

 --------------------------------------------------------------------------------
                                  command: print                                 
 --------------------------------------------------------------------------------
 res.excitation_1_excited_dipole : [
  -1.3398836775214207,
  0.646676926745382,
  1.1843783867279658
]

 --------------------------------------------------------------------------------
                                  command: print                                 
 --------------------------------------------------------------------------------

 res.excitation_1_excited_atomic_charges:
                      1
 1         0.3753143665
 2        -0.1064590195
 3        -0.1438457382
 4        -0.1302323708
 5        -0.1065291939
 6        -0.3345654958
 7         0.1903580701
 8        -0.0295868000
 9        -0.0280502796
 10        0.1822239727
 11       -0.0835332885
 12       -0.0525585993
 13       -0.0771223682
 14        0.0124627141
 15       -0.2865027861
 16        0.1896806380
 17       -0.0524197192
 18       -0.1428651611
 19        0.2191599832
 20       -0.0807960226
 21        0.3202545113
 22       -0.4394249267
 23       -0.1292245757
 24       -0.3616012575
 25        0.2095464389
 26       -0.0210206877
 27       -0.0337147834
 28        0.1708169239
 29       -0.0844877817
 30       -0.0486824898
 31       -0.0923028962
 32       -0.3030744947
 33        0.1484254866
 34       -0.0128022891
 35       -0.1259615104
 36        0.1795781072
 37       -0.0842688859
 38        0.3355261276
 39       -0.4087598356
 40       -0.1075209260
 41        0.5189650128
 42       -0.4651662064
 43       -0.2906609433
 44        0.1059867008
 45        0.0507627947
 46        0.0545280122
 47        0.0418339682
 48        0.0470298797
 49        0.0483393613
 50        0.0445103114
 51        0.0373365348
 52        0.0355399358
 53        0.0398256545
 54        0.0614668696
 55        0.0260715119
 56        0.0202087651
 57        0.0346032048
 58        0.0381473697
 59        0.0470548861
 60        0.0591174357
 61        0.0591587510
 62        0.0487182735
 63        0.0558970726
 64        0.0448544692
 65        0.0387470532
 66        0.0340346994
 67        0.0315868943
 68        0.0343836531
 69        0.0332089478
 70        0.0298923768
 71        0.0374225924
 72        0.0388340787
 73        0.0637805315
 74        0.0388855497
 75        0.0635498963
 76        0.0580039313
 77        0.0315747503
 78        0.0274249722
 79        0.0491072908

 --------------------------------------------------------------------------------
                                  command: print                                 
 --------------------------------------------------------------------------------
 res.excitation_2_energy:                0.1019038531

 --------------------------------------------------------------------------------
                                  command: print                                 
 --------------------------------------------------------------------------------
 res.excitation_2_transition_dipole : [
  0.1266641286621163,
  1.3677507689390787,
  -2.2443004055358267
]

 --------------------------------------------------------------------------------
                                  command: print                                 
 --------------------------------------------------------------------------------

 res.excitation_2_transition_charges:
                      1
 1         0.0018796166
 2        -0.0892001786
 3        -0.0635889646
 4         0.0633694274
 5         0.0545190079
 6        -0.1113325386
 7        -0.0072995047
 8         0.0002092020
 9        -0.0012806745
 10       -0.0086488823
 11       -0.0009899815
 12       -0.0005579079
 13       -0.0000045359
 14       -0.0000349995
 15        0.0280464556
 16        0.0027080671
 17       -0.0187461922
 18        0.0060532912
 19       -0.0111481010
 20       -0.0002561376
 21        0.0008095868
 22        0.0011437408
 23        0.0003474031
 24        0.1196792333
 25        0.0022830452
 26        0.0014218575
 27        0.0008846773
 28        0.0176142754
 29        0.0002409036
 30        0.0012038161
 31       -0.0000187301
 32       -0.0187469015
 33        0.0078740066
 34        0.0220834397
 35       -0.0027285738
 36        0.0150013191
 37        0.0008012116
 38       -0.0009300650
 39       -0.0027559119
 40       -0.0007176110
 41       -0.0046883755
 42       -0.0025192807
 43       -0.0006092583
 44       -0.0002771319
 45        0.0000429798
 46       -0.0000350506
 47        0.0006584054
 48       -0.0001450501
 49       -0.0003266149
 50       -0.0003722178
 51       -0.0006413266
 52       -0.0002851980
 53       -0.0000585737
 54       -0.0001548231
 55       -0.0000111004
 56       -0.0000119795
 57       -0.0000939835
 58       -0.0011875858
 59       -0.0028648461
 60        0.0001537000
 61        0.0000282285
 62        0.0002168707
 63       -0.0001846140
 64        0.0022396463
 65        0.0000742620
 66        0.0003116034
 67        0.0002515986
 68        0.0000196737
 69        0.0002446782
 70        0.0000270752
 71        0.0000643919
 72        0.0002042575
 73        0.0028719280
 74       -0.0000238404
 75        0.0043201608
 76       -0.0061353282
 77       -0.0000518636
 78       -0.0001099540
 79       -0.0001286548

 --------------------------------------------------------------------------------
                                  command: print                                 
 --------------------------------------------------------------------------------
 res.excitation_3_energy:                0.1493307321

 --------------------------------------------------------------------------------
                                  command: print                                 
 --------------------------------------------------------------------------------
 res.excitation_3_transition_dipole : [
  0.0004915735795233157,
  1.0881176870650096,
  -1.6102961460801433
]

 --------------------------------------------------------------------------------
                                  command: print                                 
 --------------------------------------------------------------------------------

 res.excitation_3_transition_charges:
                      1
 1         0.0003508113
 2         0.0154501413
 3         0.0086485406
 4        -0.0129751340
 5        -0.0095314513
 6        -0.0022828099
 7        -0.0633021785
 8        -0.0003125656
 9        -0.0001860765
 10       -0.0531307605
 11       -0.0036638302
 12       -0.0078195882
 13       -0.0004989292
 14       -0.0061768490
 15       -0.0340578616
 16       -0.0231080240
 17       -0.0018033005
 18       -0.0179991812
 19        0.0834658206
 20       -0.0003174007
 21       -0.0100543897
 22       -0.0147262532
 23       -0.0000015723
 24        0.0024521639
 25        0.0878874548
 26       -0.0010664132
 27       -0.0004780636
 28        0.0605713555
 29        0.0090614188
 30        0.0044766910
 31        0.0006659304
 32        0.0114480827
 33        0.0344922915
 34       -0.0301336997
 35        0.0033254283
 36       -0.0325229881
 37       -0.0000782725
 38       -0.0008663086
 39       -0.0011151996
 40       -0.0002114755
 41        0.0009057180
 42        0.0004151890
 43        0.0001576911
 44        0.0000346630
 45        0.0002250874
 46       -0.0004879042
 47        0.0009870177
 48       -0.0012081666
 49       -0.0010781797
 50       -0.0001969035
 51       -0.0008806010
 52       -0.0005649680
 53       -0.0002564509
 54       -0.0002853139
 55        0.0008148611
 56       -0.0003992766
 57        0.0000719718
 58       -0.0007349138
 59        0.0002528871
 60       -0.0013712404
 61        0.0000183081
 62       -0.0015512867
 63        0.0061038041
 64        0.0048736126
 65        0.0015673978
 66        0.0024787789
 67        0.0020703001
 68        0.0004872258
 69        0.0005014043
 70        0.0001852918
 71        0.0000444020
 72        0.0006101416
 73       -0.0021499327
 74       -0.0004425508
 75       -0.0058554104
 76        0.0007625547
 77        0.0000193634
 78        0.0000264816
 79       -0.0000266073

 --------------------------------------------------------------------------------
                                  command: print                                 
 --------------------------------------------------------------------------------
 res.excitation_4_energy:                0.1627829944

 --------------------------------------------------------------------------------
                                  command: print                                 
 --------------------------------------------------------------------------------
 res.excitation_4_transition_dipole : [
  -0.20880028107662274,
  1.4579208138646396,
  1.0170986462986786
]

 --------------------------------------------------------------------------------
                                  command: print                                 
 --------------------------------------------------------------------------------

 res.excitation_4_transition_charges:
                      1
 1         0.0063322357
 2        -0.0458064018
 3         0.0498332298
 4         0.0334993907
 5        -0.0587451969
 6         0.0193416127
 7         0.0148172864
 8        -0.0012448412
 9         0.0003432030
 10       -0.0122390233
 11       -0.0009127022
 12        0.0014504525
 13       -0.0002116369
 14        0.0003441714
 15        0.0849473460
 16        0.0002582526
 17       -0.0002117088
 18        0.0034350237
 19        0.0231698932
 20        0.0003267812
 21        0.0020933724
 22        0.0016902624
 23        0.0009280966
 24       -0.0450174321
 25       -0.0069576572
 26        0.0007930349
 27       -0.0001515110
 28        0.0247376311
 29       -0.0000758924
 30        0.0016261033
 31       -0.0001219362
 32       -0.0651760783
 33        0.0050650907
 34       -0.0115444161
 35       -0.0001061046
 36       -0.0131053694
 37       -0.0000494956
 38        0.0000027670
 39        0.0000865321
 40        0.0012330836
 41       -0.0056363612
 42       -0.0016619936
 43       -0.0008028066
 44       -0.0003073533
 45        0.0003609657
 46       -0.0001865439
 47        0.0004400750
 48        0.0001288339
 49       -0.0003485429
 50       -0.0003208409
 51       -0.0004023712
 52       -0.0001844838
 53        0.0001152839
 54        0.0001702877
 55       -0.0001560468
 56        0.0000772020
 57        0.0001815671
 58       -0.0000679106
 59        0.0001064825
 60        0.0003025139
 61        0.0002014441
 62        0.0003728411
 63        0.0010554281
 64        0.0020118376
 65       -0.0002898858
 66       -0.0003153116
 67       -0.0002485722
 68        0.0001533115
 69        0.0003443207
 70        0.0000626466
 71        0.0000245630
 72        0.0002331559
 73       -0.0011460128
 74        0.0000336644
 75       -0.0021869242
 76       -0.0065741256
 77       -0.0002151021
 78       -0.0002151067
 79        0.0002124217

 --------------------------------------------------------------------------------

 End time:                               Mon Jul  5 14:51:54 2021
 Total wall-clock time:                  0.869 seconds
==================================================================================
