
================================================================================
          _____________ ________ _______________ ________     _________         
         / ___________// ______ \\_____   _____// ______ \   / ________)        
        / /_________  / /      \ \     | |     / /      \ \ | (_______          
       |  __________|| |        | |    | |    | |        | | \________ \        
        \ \_________ | |        | |    | |     \ \______/ /___________) |       
         \__________||_|        |_|    |_|      \________//____________/        
                                                                                
====================================[ Qcore ]===================================

 Git hash:   4f46786782e696c626e0064ff3d1a47267e124c4
 Git date:   Wed, 30 Jun 2021 10:19:53 +0100
 Compiler:   AppleClang 10.0.1.10010046
 Build type: Release
 Version:    1.4.1

 Start time: Mon Jul  5 14:57:42 2021

 Data directory: /Users/of15641/qcore/cmake-build-release/share/entos/1.4.1/data
 Number of threads: 2
 Number of threads was determined by: number of physical cores

 --------------------------------------------------------------------------------
                                   command: xtb                                  
 --------------------------------------------------------------------------------
 XTB basis setup:                        reference basis
 Number of basis functions:            488
 GFN version:                            chlorophyll
 Integral screening threshold:           1.00e-10
 Total charge:                           0.000000000
 Number of electrons:                  436.000000000
 Electronic temperature (Kelvin):        0.000000000

 D3BJ energy:                           -0.125096560
 Repulsive energy:                       3.040134610

 ****************************************************
  Running robust self-consistent charge (SCC) solver 
 ****************************************************
 Number of SCC trials:                   4
 Using the stop-early mechanism for the first 3 trials

 Conv. threshold (charge):               1.00e-05
 Conv. threshold (energy):               1.00e-06
 Initial guess:                          eeq

 -------------
  SCC Trial 1 
 -------------
 Broyden mixing factor:                  0.400000000
 Max number of iterations:             128

 ---------------------------------------------------------------
                  energy        change          grad        time
 ---------------------------------------------------------------
   0      -260.589119615                    6.60e-01        0.05
   1      -261.773390335     -1.18e+00      3.88e-01        0.04
   2      -261.791156687     -1.78e-02      1.03e-01        0.04
   3      -261.813930982     -2.28e-02      1.05e-02        0.04
   4      -261.815029403     -1.10e-03      5.73e-03        0.04
   5      -261.819550751     -4.52e-03      1.36e-03        0.04
   6      -261.819771795     -2.21e-04      3.98e-04        0.04
   7      -261.819786167     -1.44e-05      1.58e-04        0.03
   8      -261.819787820     -1.65e-06      4.50e-05        0.04
   9      -261.819787851     -3.10e-08      1.62e-05        0.03
  10      -261.819787854     -2.78e-09      5.15e-06        0.03
  11      -261.819787854     -4.16e-10      2.08e-06        0.03

 SCF converged in 10 iterations.

 Entropy contribution (-ST):             0.000000000
 Dipole moment (in Debye):              -5.068460       0.080891      -1.398008

 ----------------
  Excitation 0 1 
 ----------------
 Setting up Delta-SCF
 Ground-Excited state overlap:           0.000000000
 No correction applied to the TDM.
 Excitation energy:                      0.095419503
 Excitation energy (in eV):              2.596496959
 Transition dipole:                      0.37852      -4.25668      -1.01076

 -----------------
  Excitation -1 1 
 -----------------
 Setting up Delta-SCF
 Ground-Excited state overlap:          -0.000000000
 No correction applied to the TDM.
 Excitation energy:                      0.060191914
 Excitation energy (in eV):              1.637905415
 Transition dipole:                     -0.00000       0.00000       0.00000

 ----------------
  Excitation 0 2 
 ----------------
 Setting up Delta-SCF
 Ground-Excited state overlap:           0.000000000
 No correction applied to the TDM.
 Excitation energy:                      0.060144153
 Excitation energy (in eV):              1.636605782
 Transition dipole:                      0.00000      -0.00000       0.00000

 -----------------
  Excitation -1 2 
 -----------------
 Setting up Delta-SCF
 Ground-Excited state overlap:           0.000000000
 No correction applied to the TDM.
 Excitation energy:                      0.095897445
 Excitation energy (in eV):              2.609502409
 Transition dipole:                      0.46909      -4.35090       0.22855
 TOTAL ENERGY:                        -261.819787854
 Saving results in set 'res'

 --------------------------------------------------------------------------------
                                  command: print                                 
 --------------------------------------------------------------------------------
 res.energy:                          -261.8197878544

 --------------------------------------------------------------------------------
                                  command: print                                 
 --------------------------------------------------------------------------------

 res.dipole:
                      1
 1        -1.9940855493
 2         0.0318248165
 3        -0.5500188438

 --------------------------------------------------------------------------------
                                  command: print                                 
 --------------------------------------------------------------------------------

 res.atomic_charges:
                      1
 1         0.3744116050
 2        -0.0563541762
 3        -0.1087621570
 4        -0.0932194635
 5        -0.0765189203
 6        -0.2370701862
 7         0.1298555740
 8        -0.0290621403
 9        -0.0284288612
 10        0.1181325985
 11       -0.0891838967
 12       -0.0577470870
 13       -0.0777271402
 14        0.0131600267
 15       -0.2948118918
 16        0.1402574303
 17       -0.0388807998
 18       -0.1142079370
 19        0.1616906301
 20       -0.0833424296
 21        0.3357492220
 22       -0.4213128391
 23       -0.1298628329
 24       -0.2503540394
 25        0.1497966867
 26       -0.0210895166
 27       -0.0354728884
 28        0.1162466545
 29       -0.0921856303
 30       -0.0526646311
 31       -0.0935609928
 32       -0.3012574291
 33        0.1034010939
 34        0.0042669221
 35       -0.1124873669
 36        0.1481172292
 37       -0.0866255623
 38        0.3448475150
 39       -0.3964449946
 40       -0.1067212102
 41        0.5194817592
 42       -0.4688683012
 43       -0.2895478108
 44        0.1051967454
 45        0.0513618802
 46        0.0514168742
 47        0.0396945609
 48        0.0424799145
 49        0.0453353398
 50        0.0434730552
 51        0.0361343723
 52        0.0358730905
 53        0.0403398959
 54        0.0595718842
 55        0.0254829443
 56        0.0205019870
 57        0.0357562121
 58        0.0380249831
 59        0.0476790944
 60        0.0591731662
 61        0.0589891957
 62        0.0498594628
 63        0.0484390793
 64        0.0377389037
 65        0.0409486469
 66        0.0325895276
 67        0.0302844821
 68        0.0355088264
 69        0.0322907247
 70        0.0297713356
 71        0.0367939289
 72        0.0399534190
 73        0.0627479351
 74        0.0382643577
 75        0.0629016890
 76        0.0595797380
 77        0.0325204660
 78        0.0305199454
 79        0.0471605217
 80        0.3739035331
 81       -0.0585730068
 82       -0.1052887198
 83       -0.0918875922
 84       -0.0754676172
 85       -0.2347801881
 86        0.1311623431
 87       -0.0310295148
 88       -0.0292978565
 89        0.1146301577
 90       -0.0895522339
 91       -0.0574333578
 92       -0.0770339604
 93        0.0119709334
 94       -0.2927817914
 95        0.1409505810
 96       -0.0390253155
 97       -0.1169374475
 98        0.1621912997
 99       -0.0831362018
 100       0.3351468049
 101      -0.4232898295
 102      -0.1290206834
 103      -0.2520773740
 104       0.1464455052
 105      -0.0216279883
 106      -0.0355016012
 107       0.1192895611
 108      -0.0909258496
 109      -0.0530840856
 110      -0.0928283570
 111      -0.3034507341
 112       0.1010449615
 113       0.0039901789
 114      -0.1119503973
 115       0.1478580758
 116      -0.0863891283
 117       0.3461355549
 118      -0.3982849179
 119      -0.1076532134
 120       0.5203617195
 121      -0.4647828656
 122      -0.2905127869
 123       0.1060522717
 124       0.0507832918
 125       0.0537621996
 126       0.0399080151
 127       0.0445117420
 128       0.0460269723
 129       0.0446914026
 130       0.0374516409
 131       0.0349655819
 132       0.0399196974
 133       0.0614380227
 134       0.0256619636
 135       0.0201053667
 136       0.0346507032
 137       0.0358909365
 138       0.0466655870
 139       0.0608700164
 140       0.0591701180
 141       0.0504108284
 142       0.0496586123
 143       0.0360013883
 144       0.0384159925
 145       0.0337708914
 146       0.0309078833
 147       0.0342575654
 148       0.0332173044
 149       0.0298543890
 150       0.0371577820
 151       0.0387508776
 152       0.0639623385
 153       0.0388264114
 154       0.0630837893
 155       0.0595912086
 156       0.0315628706
 157       0.0274599847
 158       0.0491077587

 --------------------------------------------------------------------------------
                                  command: print                                 
 --------------------------------------------------------------------------------
 res.excitation_1_energy:                0.0954195033

 --------------------------------------------------------------------------------
                                  command: print                                 
 --------------------------------------------------------------------------------
 res.excitation_1_transition_dipole : [
  0.3785246179607701,
  -4.2566826380486775,
  -1.010763479643168
]

 --------------------------------------------------------------------------------
                                  command: print                                 
 --------------------------------------------------------------------------------

 res.excitation_1_transition_charges:
                      1
 1        -0.0000000000
 2        -0.0000000000
 3        -0.0000000000
 4        -0.0000000000
 5        -0.0000000000
 6        -0.0000000000
 7        -0.0000000000
 8        -0.0000000000
 9        -0.0000000000
 10       -0.0000000000
 11       -0.0000000000
 12       -0.0000000000
 13       -0.0000000000
 14       -0.0000000000
 15       -0.0000000000
 16       -0.0000000000
 17       -0.0000000000
 18       -0.0000000000
 19       -0.0000000000
 20       -0.0000000000
 21       -0.0000000000
 22       -0.0000000000
 23       -0.0000000000
 24       -0.0000000000
 25       -0.0000000000
 26       -0.0000000000
 27       -0.0000000000
 28       -0.0000000000
 29       -0.0000000000
 30       -0.0000000000
 31       -0.0000000000
 32       -0.0000000000
 33       -0.0000000000
 34       -0.0000000000
 35       -0.0000000000
 36       -0.0000000000
 37       -0.0000000000
 38       -0.0000000000
 39       -0.0000000000
 40       -0.0000000000
 41       -0.0000000000
 42       -0.0000000000
 43       -0.0000000000
 44       -0.0000000000
 45       -0.0000000000
 46       -0.0000000000
 47       -0.0000000000
 48       -0.0000000000
 49       -0.0000000000
 50       -0.0000000000
 51       -0.0000000000
 52       -0.0000000000
 53       -0.0000000000
 54       -0.0000000000
 55       -0.0000000000
 56       -0.0000000000
 57       -0.0000000000
 58       -0.0000000000
 59       -0.0000000000
 60       -0.0000000000
 61       -0.0000000000
 62       -0.0000000000
 63       -0.0000000000
 64       -0.0000000000
 65       -0.0000000000
 66       -0.0000000000
 67       -0.0000000000
 68       -0.0000000000
 69       -0.0000000000
 70       -0.0000000000
 71       -0.0000000000
 72       -0.0000000000
 73       -0.0000000000
 74       -0.0000000000
 75       -0.0000000000
 76       -0.0000000000
 77       -0.0000000000
 78       -0.0000000000
 79       -0.0000000000
 80        0.0002238773
 81       -0.0306168075
 82        0.0107574569
 83        0.0223168032
 84       -0.0091015998
 85       -0.0121641193
 86       -0.0310690857
 87        0.0001541524
 88        0.0000188415
 89        0.0365901750
 90        0.0042925250
 91       -0.0030773598
 92       -0.0002111084
 93       -0.0005555901
 94        0.0136155552
 95        0.0524716080
 96        0.0878189191
 97        0.0331030891
 98        0.0396622507
 99        0.0011262127
 100       0.0058139138
 101       0.0113490919
 102       0.0003344521
 103       0.0074067177
 104       0.0257436329
 105       0.0004935252
 106      -0.0008728552
 107      -0.0444492507
 108       0.0027568732
 109      -0.0033964544
 110      -0.0004579324
 111      -0.0034714849
 112      -0.0695118947
 113      -0.0570464716
 114      -0.0299319269
 115      -0.0357657069
 116      -0.0016276791
 117      -0.0075224349
 118      -0.0142326246
 119      -0.0001453808
 120      -0.0007429363
 121      -0.0006356343
 122      -0.0001229843
 123      -0.0000433563
 124       0.0000208622
 125       0.0000813871
 126      -0.0013953013
 127      -0.0010649089
 128       0.0010908148
 129       0.0003700573
 130       0.0011345108
 131       0.0008255913
 132      -0.0000689421
 133      -0.0003386379
 134      -0.0000884247
 135      -0.0000639470
 136       0.0000065415
 137       0.0112159241
 138       0.0094229114
 139       0.0008339570
 140      -0.0000023198
 141       0.0009160611
 142       0.0019453142
 143      -0.0051954903
 144       0.0002528704
 145       0.0005287974
 146       0.0003026476
 147      -0.0001357206
 148      -0.0003499697
 149      -0.0000500910
 150      -0.0001171217
 151      -0.0006236453
 152      -0.0054388497
 153      -0.0008614532
 154      -0.0116480750
 155      -0.0007318236
 156      -0.0000040322
 157      -0.0000270062
 158      -0.0000194819

 --------------------------------------------------------------------------------
                                  command: print                                 
 --------------------------------------------------------------------------------
 res.excitation_1_excited_dipole : [
  -2.2871670074163575,
  0.01982806472645038,
  -0.535347898160321
]

 --------------------------------------------------------------------------------
                                  command: print                                 
 --------------------------------------------------------------------------------

 res.excitation_1_excited_atomic_charges:
                      1
 1         0.3744116050
 2        -0.0563541762
 3        -0.1087621570
 4        -0.0932194635
 5        -0.0765189203
 6        -0.2370701862
 7         0.1298555740
 8        -0.0290621403
 9        -0.0284288612
 10        0.1181325985
 11       -0.0891838967
 12       -0.0577470870
 13       -0.0777271402
 14        0.0131600267
 15       -0.2948118918
 16        0.1402574303
 17       -0.0388807998
 18       -0.1142079370
 19        0.1616906301
 20       -0.0833424296
 21        0.3357492220
 22       -0.4213128391
 23       -0.1298628329
 24       -0.2503540394
 25        0.1497966867
 26       -0.0210895166
 27       -0.0354728884
 28        0.1162466545
 29       -0.0921856303
 30       -0.0526646311
 31       -0.0935609928
 32       -0.3012574291
 33        0.1034010939
 34        0.0042669221
 35       -0.1124873669
 36        0.1481172292
 37       -0.0866255623
 38        0.3448475150
 39       -0.3964449946
 40       -0.1067212102
 41        0.5194817592
 42       -0.4688683012
 43       -0.2895478108
 44        0.1051967454
 45        0.0513618802
 46        0.0514168742
 47        0.0396945609
 48        0.0424799145
 49        0.0453353398
 50        0.0434730552
 51        0.0361343723
 52        0.0358730905
 53        0.0403398959
 54        0.0595718842
 55        0.0254829443
 56        0.0205019870
 57        0.0357562121
 58        0.0380249831
 59        0.0476790944
 60        0.0591731662
 61        0.0589891957
 62        0.0498594628
 63        0.0484390793
 64        0.0377389037
 65        0.0409486469
 66        0.0325895276
 67        0.0302844821
 68        0.0355088264
 69        0.0322907247
 70        0.0297713356
 71        0.0367939289
 72        0.0399534190
 73        0.0627479351
 74        0.0382643577
 75        0.0629016890
 76        0.0595797380
 77        0.0325204660
 78        0.0305199454
 79        0.0471605217
 80        0.3753109227
 81       -0.1064513317
 82       -0.1438458970
 83       -0.1302322775
 84       -0.1065345733
 85       -0.3345466394
 86        0.1903788434
 87       -0.0295893491
 88       -0.0280480927
 89        0.1822104620
 90       -0.0835436613
 91       -0.0525566326
 92       -0.0771129482
 93        0.0124183737
 94       -0.2865039356
 95        0.1896747798
 96       -0.0524174948
 97       -0.1428667076
 98        0.2191507695
 99       -0.0808056318
 100       0.3202616945
 101      -0.4394070224
 102      -0.1292245121
 103      -0.3615962059
 104       0.2095436165
 105      -0.0210176594
 106      -0.0337196210
 107       0.1708268652
 108      -0.0845020238
 109      -0.0486792572
 110      -0.0923015044
 111      -0.3030675030
 112       0.1484402013
 113      -0.0128140514
 114      -0.1259594813
 115       0.1795789966
 116      -0.0842641551
 117       0.3355159025
 118      -0.4088072937
 119      -0.1075162622
 120       0.5189593501
 121      -0.4651924898
 122      -0.2906522382
 123       0.1059921451
 124       0.0507895295
 125       0.0545455260
 126       0.0418157007
 127       0.0470296254
 128       0.0483321989
 129       0.0445173008
 130       0.0373755644
 131       0.0355640799
 132       0.0398211823
 133       0.0614498686
 134       0.0260773997
 135       0.0202110476
 136       0.0346128660
 137       0.0381940403
 138       0.0470398298
 139       0.0591530143
 140       0.0591658537
 141       0.0486951506
 142       0.0558825252
 143       0.0448681816
 144       0.0387638121
 145       0.0340827938
 146       0.0316057132
 147       0.0343841600
 148       0.0331862866
 149       0.0298927361
 150       0.0373913961
 151       0.0388307146
 152       0.0637386905
 153       0.0388702375
 154       0.0635460897
 155       0.0580135451
 156       0.0315534595
 157       0.0274296115
 158       0.0490837990

 --------------------------------------------------------------------------------
                                  command: print                                 
 --------------------------------------------------------------------------------
 res.excitation_2_energy:                0.0601919138

 --------------------------------------------------------------------------------
                                  command: print                                 
 --------------------------------------------------------------------------------
 res.excitation_2_transition_dipole : [
  -5.491695852100296e-12,
  5.3730999184094745e-11,
  1.3812696776475815e-11
]

 --------------------------------------------------------------------------------
                                  command: print                                 
 --------------------------------------------------------------------------------

 res.excitation_2_transition_charges:
                      1
 1        -0.0000000000
 2        -0.0000000000
 3         0.0000000000
 4         0.0000000000
 5        -0.0000000000
 6        -0.0000000000
 7        -0.0000000000
 8         0.0000000000
 9         0.0000000000
 10        0.0000000000
 11        0.0000000000
 12       -0.0000000000
 13       -0.0000000000
 14       -0.0000000000
 15        0.0000000000
 16        0.0000000000
 17        0.0000000000
 18        0.0000000000
 19        0.0000000000
 20        0.0000000000
 21        0.0000000000
 22        0.0000000000
 23        0.0000000000
 24       -0.0000000000
 25        0.0000000000
 26        0.0000000000
 27       -0.0000000000
 28       -0.0000000000
 29        0.0000000000
 30       -0.0000000000
 31       -0.0000000000
 32       -0.0000000000
 33       -0.0000000000
 34       -0.0000000000
 35       -0.0000000000
 36       -0.0000000000
 37       -0.0000000000
 38       -0.0000000000
 39       -0.0000000000
 40       -0.0000000000
 41       -0.0000000000
 42       -0.0000000000
 43        0.0000000000
 44        0.0000000000
 45        0.0000000000
 46        0.0000000000
 47       -0.0000000000
 48       -0.0000000000
 49        0.0000000000
 50        0.0000000000
 51        0.0000000000
 52        0.0000000000
 53       -0.0000000000
 54       -0.0000000000
 55       -0.0000000000
 56       -0.0000000000
 57        0.0000000000
 58        0.0000000000
 59        0.0000000000
 60        0.0000000000
 61        0.0000000000
 62        0.0000000000
 63        0.0000000000
 64       -0.0000000000
 65        0.0000000000
 66        0.0000000000
 67        0.0000000000
 68       -0.0000000000
 69       -0.0000000000
 70       -0.0000000000
 71       -0.0000000000
 72       -0.0000000000
 73       -0.0000000000
 74       -0.0000000000
 75       -0.0000000000
 76       -0.0000000000
 77        0.0000000000
 78       -0.0000000000
 79        0.0000000000
 80       -0.0000000000
 81        0.0000000000
 82       -0.0000000000
 83       -0.0000000000
 84        0.0000000000
 85        0.0000000000
 86        0.0000000000
 87       -0.0000000000
 88       -0.0000000000
 89       -0.0000000000
 90       -0.0000000000
 91        0.0000000000
 92        0.0000000000
 93        0.0000000000
 94       -0.0000000000
 95       -0.0000000000
 96       -0.0000000000
 97       -0.0000000000
 98       -0.0000000000
 99       -0.0000000000
 100      -0.0000000000
 101      -0.0000000000
 102      -0.0000000000
 103      -0.0000000000
 104      -0.0000000000
 105      -0.0000000000
 106       0.0000000000
 107       0.0000000000
 108      -0.0000000000
 109       0.0000000000
 110       0.0000000000
 111       0.0000000000
 112       0.0000000000
 113       0.0000000000
 114       0.0000000000
 115       0.0000000000
 116       0.0000000000
 117       0.0000000000
 118       0.0000000000
 119       0.0000000000
 120       0.0000000000
 121       0.0000000000
 122       0.0000000000
 123       0.0000000000
 124      -0.0000000000
 125      -0.0000000000
 126       0.0000000000
 127       0.0000000000
 128      -0.0000000000
 129      -0.0000000000
 130      -0.0000000000
 131      -0.0000000000
 132       0.0000000000
 133       0.0000000000
 134       0.0000000000
 135       0.0000000000
 136      -0.0000000000
 137      -0.0000000000
 138      -0.0000000000
 139      -0.0000000000
 140       0.0000000000
 141      -0.0000000000
 142      -0.0000000000
 143       0.0000000000
 144      -0.0000000000
 145      -0.0000000000
 146      -0.0000000000
 147       0.0000000000
 148       0.0000000000
 149       0.0000000000
 150       0.0000000000
 151       0.0000000000
 152       0.0000000000
 153       0.0000000000
 154       0.0000000000
 155       0.0000000000
 156       0.0000000000
 157       0.0000000000
 158       0.0000000000

 --------------------------------------------------------------------------------
                                  command: print                                 
 --------------------------------------------------------------------------------
 res.excitation_3_energy:                0.0601441531

 --------------------------------------------------------------------------------
                                  command: print                                 
 --------------------------------------------------------------------------------
 res.excitation_3_transition_dipole : [
  4.749418152944066e-12,
  -5.5242775487140157e-11,
  4.573040048386193e-12
]

 --------------------------------------------------------------------------------
                                  command: print                                 
 --------------------------------------------------------------------------------

 res.excitation_3_transition_charges:
                      1
 1         0.0000000000
 2         0.0000000000
 3        -0.0000000000
 4        -0.0000000000
 5         0.0000000000
 6         0.0000000000
 7         0.0000000000
 8        -0.0000000000
 9        -0.0000000000
 10       -0.0000000000
 11       -0.0000000000
 12        0.0000000000
 13        0.0000000000
 14        0.0000000000
 15       -0.0000000000
 16       -0.0000000000
 17       -0.0000000000
 18       -0.0000000000
 19       -0.0000000000
 20       -0.0000000000
 21       -0.0000000000
 22       -0.0000000000
 23       -0.0000000000
 24       -0.0000000000
 25       -0.0000000000
 26       -0.0000000000
 27        0.0000000000
 28        0.0000000000
 29       -0.0000000000
 30        0.0000000000
 31        0.0000000000
 32        0.0000000000
 33        0.0000000000
 34        0.0000000000
 35        0.0000000000
 36        0.0000000000
 37        0.0000000000
 38        0.0000000000
 39        0.0000000000
 40        0.0000000000
 41        0.0000000000
 42        0.0000000000
 43        0.0000000000
 44        0.0000000000
 45       -0.0000000000
 46       -0.0000000000
 47        0.0000000000
 48        0.0000000000
 49       -0.0000000000
 50       -0.0000000000
 51       -0.0000000000
 52       -0.0000000000
 53        0.0000000000
 54        0.0000000000
 55        0.0000000000
 56        0.0000000000
 57       -0.0000000000
 58       -0.0000000000
 59       -0.0000000000
 60       -0.0000000000
 61        0.0000000000
 62       -0.0000000000
 63       -0.0000000000
 64        0.0000000000
 65       -0.0000000000
 66       -0.0000000000
 67       -0.0000000000
 68        0.0000000000
 69        0.0000000000
 70        0.0000000000
 71        0.0000000000
 72        0.0000000000
 73        0.0000000000
 74        0.0000000000
 75        0.0000000000
 76        0.0000000000
 77        0.0000000000
 78        0.0000000000
 79        0.0000000000
 80        0.0000000000
 81       -0.0000000000
 82        0.0000000000
 83        0.0000000000
 84       -0.0000000000
 85       -0.0000000000
 86       -0.0000000000
 87        0.0000000000
 88       -0.0000000000
 89        0.0000000000
 90        0.0000000000
 91       -0.0000000000
 92       -0.0000000000
 93       -0.0000000000
 94        0.0000000000
 95        0.0000000000
 96        0.0000000000
 97        0.0000000000
 98        0.0000000000
 99        0.0000000000
 100       0.0000000000
 101       0.0000000000
 102       0.0000000000
 103       0.0000000000
 104       0.0000000000
 105       0.0000000000
 106      -0.0000000000
 107      -0.0000000000
 108       0.0000000000
 109      -0.0000000000
 110      -0.0000000000
 111      -0.0000000000
 112      -0.0000000000
 113      -0.0000000000
 114      -0.0000000000
 115      -0.0000000000
 116      -0.0000000000
 117      -0.0000000000
 118      -0.0000000000
 119      -0.0000000000
 120      -0.0000000000
 121      -0.0000000000
 122      -0.0000000000
 123      -0.0000000000
 124       0.0000000000
 125       0.0000000000
 126      -0.0000000000
 127      -0.0000000000
 128       0.0000000000
 129       0.0000000000
 130       0.0000000000
 131       0.0000000000
 132      -0.0000000000
 133      -0.0000000000
 134      -0.0000000000
 135      -0.0000000000
 136       0.0000000000
 137       0.0000000000
 138       0.0000000000
 139       0.0000000000
 140      -0.0000000000
 141       0.0000000000
 142       0.0000000000
 143      -0.0000000000
 144       0.0000000000
 145       0.0000000000
 146       0.0000000000
 147      -0.0000000000
 148      -0.0000000000
 149      -0.0000000000
 150      -0.0000000000
 151      -0.0000000000
 152      -0.0000000000
 153      -0.0000000000
 154      -0.0000000000
 155      -0.0000000000
 156      -0.0000000000
 157      -0.0000000000
 158      -0.0000000000

 --------------------------------------------------------------------------------
                                  command: print                                 
 --------------------------------------------------------------------------------
 res.excitation_4_energy:                0.0958974447

 --------------------------------------------------------------------------------
                                  command: print                                 
 --------------------------------------------------------------------------------
 res.excitation_4_transition_dipole : [
  0.4690934879499734,
  -4.350899314997039,
  0.2285546071249264
]

 --------------------------------------------------------------------------------
                                  command: print                                 
 --------------------------------------------------------------------------------

 res.excitation_4_transition_charges:
                      1
 1         0.0000074579
 2         0.0200340719
 3        -0.0176978223
 4        -0.0161369464
 5         0.0148826648
 6         0.0009724243
 7         0.0304261145
 8        -0.0001411668
 9        -0.0001614819
 10       -0.0365234898
 11       -0.0045081141
 12        0.0029328919
 13        0.0002049627
 14        0.0005105751
 15       -0.0107269507
 16       -0.0506964856
 17       -0.0927560751
 18       -0.0305111081
 19       -0.0406036179
 20       -0.0012060774
 21       -0.0054700175
 22       -0.0106842750
 23       -0.0002738147
 24        0.0049718724
 25       -0.0246433449
 26       -0.0003602935
 27        0.0010006474
 28        0.0477700501
 29       -0.0028248494
 30        0.0035009870
 31        0.0004868390
 32        0.0012260850
 33        0.0695739359
 34        0.0580625023
 35        0.0289017639
 36        0.0390899038
 37        0.0016213586
 38        0.0073231751
 39        0.0135530997
 40        0.0000783430
 41        0.0002185397
 42        0.0003775201
 43        0.0000542013
 44        0.0000121032
 45       -0.0000169843
 46       -0.0000883057
 47        0.0013824661
 48        0.0010476183
 49       -0.0011587646
 50       -0.0004155398
 51       -0.0011867645
 52       -0.0008324144
 53        0.0000626791
 54        0.0003086375
 55        0.0000833277
 56        0.0000611974
 57       -0.0000159883
 58       -0.0116367088
 59       -0.0099580261
 60       -0.0007768222
 61        0.0000047097
 62       -0.0008148263
 63       -0.0019989691
 64        0.0053406808
 65       -0.0002430785
 66       -0.0004979410
 67       -0.0002858240
 68        0.0001380690
 69        0.0003819479
 70        0.0000559799
 71        0.0001175516
 72        0.0006881723
 73        0.0058406119
 74        0.0008379707
 75        0.0115977742
 76        0.0000910807
 77       -0.0000010225
 78        0.0000135179
 79        0.0000058282
 80       -0.0000000000
 81       -0.0000000000
 82       -0.0000000000
 83       -0.0000000000
 84       -0.0000000000
 85       -0.0000000000
 86       -0.0000000000
 87       -0.0000000000
 88       -0.0000000000
 89       -0.0000000000
 90       -0.0000000000
 91       -0.0000000000
 92       -0.0000000000
 93       -0.0000000000
 94       -0.0000000000
 95       -0.0000000000
 96       -0.0000000000
 97       -0.0000000000
 98       -0.0000000000
 99       -0.0000000000
 100      -0.0000000000
 101      -0.0000000000
 102      -0.0000000000
 103      -0.0000000000
 104      -0.0000000000
 105      -0.0000000000
 106      -0.0000000000
 107      -0.0000000000
 108      -0.0000000000
 109      -0.0000000000
 110      -0.0000000000
 111      -0.0000000000
 112      -0.0000000000
 113      -0.0000000000
 114      -0.0000000000
 115      -0.0000000000
 116      -0.0000000000
 117      -0.0000000000
 118      -0.0000000000
 119      -0.0000000000
 120      -0.0000000000
 121      -0.0000000000
 122      -0.0000000000
 123      -0.0000000000
 124      -0.0000000000
 125      -0.0000000000
 126      -0.0000000000
 127      -0.0000000000
 128      -0.0000000000
 129      -0.0000000000
 130      -0.0000000000
 131      -0.0000000000
 132      -0.0000000000
 133      -0.0000000000
 134      -0.0000000000
 135      -0.0000000000
 136      -0.0000000000
 137      -0.0000000000
 138      -0.0000000000
 139      -0.0000000000
 140      -0.0000000000
 141      -0.0000000000
 142      -0.0000000000
 143      -0.0000000000
 144      -0.0000000000
 145      -0.0000000000
 146      -0.0000000000
 147      -0.0000000000
 148      -0.0000000000
 149      -0.0000000000
 150      -0.0000000000
 151      -0.0000000000
 152      -0.0000000000
 153      -0.0000000000
 154      -0.0000000000
 155      -0.0000000000
 156      -0.0000000000
 157      -0.0000000000
 158      -0.0000000000

 --------------------------------------------------------------------------------

 End time:                               Mon Jul  5 14:57:43 2021
 Total wall-clock time:                  1.792 seconds
==================================================================================
