
================================================================================
          _____________ ________ _______________ ________     _________         
         / ___________// ______ \\_____   _____// ______ \   / ________)        
        / /_________  / /      \ \     | |     / /      \ \ | (_______          
       |  __________|| |        | |    | |    | |        | | \________ \        
        \ \_________ | |        | |    | |     \ \______/ /___________) |       
         \__________||_|        |_|    |_|      \________//____________/        
                                                                                
====================================[ Qcore ]===================================

 Git hash:   4f46786782e696c626e0064ff3d1a47267e124c4
 Git date:   Wed, 30 Jun 2021 10:19:53 +0100
 Compiler:   AppleClang 10.0.1.10010046
 Build type: Release
 Version:    1.4.1

 Start time: Mon Jul  5 14:38:18 2021

 Data directory: /Users/of15641/qcore/cmake-build-release/share/entos/1.4.1/data
 Number of threads: 2
 Number of threads was determined by: number of physical cores

 --------------------------------------------------------------------------------
                                   command: xtb                                  
 --------------------------------------------------------------------------------
 XTB basis setup:                        reference basis
 Number of basis functions:            488
 GFN version:                            chlorophyll
 Integral screening threshold:           1.00e-10
 Total charge:                           0.000000000
 Number of electrons:                  436.000000000
 Electronic temperature (Kelvin):        0.000000000

 D3BJ energy:                           -0.129418562
 Repulsive energy:                       3.040134458

 ****************************************************
  Running robust self-consistent charge (SCC) solver 
 ****************************************************
 Number of SCC trials:                   4
 Using the stop-early mechanism for the first 3 trials

 Conv. threshold (charge):               1.00e-05
 Conv. threshold (energy):               1.00e-06
 Initial guess:                          eeq

 -------------
  SCC Trial 1 
 -------------
 Broyden mixing factor:                  0.400000000
 Max number of iterations:             128

 ---------------------------------------------------------------
                  energy        change          grad        time
 ---------------------------------------------------------------
   0      -260.592908713                    6.61e-01        0.06
   1      -261.778935747     -1.19e+00      3.88e-01        0.07
   2      -261.797388010     -1.85e-02      1.04e-01        0.06
   3      -261.820737529     -2.33e-02      1.03e-02        0.05
   4      -261.821943476     -1.21e-03      5.34e-03        0.07
   5      -261.825666429     -3.72e-03      1.40e-03        0.06
   6      -261.825903374     -2.37e-04      3.71e-04        0.05
   7      -261.825914118     -1.07e-05      1.60e-04        0.07
   8      -261.825915952     -1.83e-06      5.34e-05        0.05
   9      -261.825916052     -9.93e-08      2.91e-05        0.06
  10      -261.825916133     -8.13e-08      9.99e-06        0.07
  11      -261.825916139     -6.03e-09      3.01e-06        0.06

 SCF converged in 10 iterations.

 Entropy contribution (-ST):             0.000000000
 Dipole moment (in Debye):              -5.385684      -0.145100       2.391748

 ----------------
  Excitation 0 1 
 ----------------
 Setting up Delta-SCF
 Ground-Excited state overlap:           0.000000000
 No correction applied to the TDM.
 Excitation energy:                      0.055389161
 Excitation energy (in eV):              1.507215850
 Transition dipole:                     -0.00393      -0.05102       0.03772

 -----------------
  Excitation -1 1 
 -----------------
 Setting up Delta-SCF
 Ground-Excited state overlap:          -0.000000000
 No correction applied to the TDM.
 Excitation energy:                      0.095859497
 Excitation energy (in eV):              2.608469791
 Transition dipole:                     -0.46850       4.35104      -0.23770

 ----------------
  Excitation 0 2 
 ----------------
 Setting up Delta-SCF
 Ground-Excited state overlap:           0.000000000
 No correction applied to the TDM.
 Excitation energy:                      0.095481387
 Excitation energy (in eV):              2.598180903
 Transition dipole:                     -0.13450      -2.50110       3.60222

 -----------------
  Excitation -1 2 
 -----------------
 Setting up Delta-SCF
 Ground-Excited state overlap:           0.000000000
 No correction applied to the TDM.
 Excitation energy:                      0.065008259
 Excitation energy (in eV):              1.768964848
 Transition dipole:                      0.00769      -0.06157       0.01977
 TOTAL ENERGY:                        -261.825916139
 Saving results in set 'res'

 --------------------------------------------------------------------------------
                                  command: print                                 
 --------------------------------------------------------------------------------
 res.energy:                          -261.8259161388

 --------------------------------------------------------------------------------
                                  command: print                                 
 --------------------------------------------------------------------------------

 res.dipole:
                      1
 1        -2.1188909563
 2        -0.0570868545
 3         0.9409862383

 --------------------------------------------------------------------------------
                                  command: print                                 
 --------------------------------------------------------------------------------

 res.atomic_charges:
                      1
 1         0.3727568640
 2        -0.0565025121
 3        -0.1086267189
 4        -0.0929455288
 5        -0.0771248630
 6        -0.2368235012
 7         0.1300016587
 8        -0.0291629752
 9        -0.0284165197
 10        0.1184953275
 11       -0.0892141455
 12       -0.0576401652
 13       -0.0782124831
 14        0.0148897826
 15       -0.2945752813
 16        0.1404112980
 17       -0.0387096322
 18       -0.1140313969
 19        0.1619524790
 20       -0.0834288028
 21        0.3356749764
 22       -0.4203637894
 23       -0.1297879781
 24       -0.2501156438
 25        0.1500204407
 26       -0.0211327238
 27       -0.0356072739
 28        0.1157417249
 29       -0.0923022045
 30       -0.0527452973
 31       -0.0933390780
 32       -0.3015499014
 33        0.1022881595
 34        0.0028669216
 35       -0.1133794439
 36        0.1475788697
 37       -0.0864911168
 38        0.3443832218
 39       -0.3971967056
 40       -0.1067555562
 41        0.5194932559
 42       -0.4702376207
 43       -0.2890659525
 44        0.1052496951
 45        0.0516471603
 46        0.0520069345
 47        0.0389343922
 48        0.0426041897
 49        0.0456323480
 50        0.0435585123
 51        0.0361979111
 52        0.0362405808
 53        0.0403300682
 54        0.0593809017
 55        0.0252986494
 56        0.0208541100
 57        0.0359969662
 58        0.0385845546
 59        0.0472183622
 60        0.0595631482
 61        0.0593268519
 62        0.0489241791
 63        0.0491514087
 64        0.0382606944
 65        0.0418561888
 66        0.0327959621
 67        0.0305126976
 68        0.0372031601
 69        0.0316597573
 70        0.0322950750
 71        0.0336742853
 72        0.0384668192
 73        0.0610624073
 74        0.0376325277
 75        0.0637253572
 76        0.0602109484
 77        0.0325820433
 78        0.0316482887
 79        0.0462847421
 80        0.3729789375
 81       -0.0592134823
 82       -0.1038988857
 83       -0.0913058397
 84       -0.0756154614
 85       -0.2344573365
 86        0.1304794718
 87       -0.0309668126
 88       -0.0292794512
 89        0.1146233987
 90       -0.0889033117
 91       -0.0575068453
 92       -0.0768370977
 93        0.0114027493
 94       -0.2924728745
 95        0.1423071209
 96       -0.0350037249
 97       -0.1161354188
 98        0.1631246150
 99       -0.0841351621
 100       0.3354452398
 101      -0.4246634757
 102      -0.1291620008
 103      -0.2517611076
 104       0.1461513482
 105      -0.0214940675
 106      -0.0353276335
 107       0.1184492731
 108      -0.0903066906
 109      -0.0529541018
 110      -0.0927743181
 111      -0.3031547058
 112       0.1005745030
 113       0.0038672362
 114      -0.1121971842
 115       0.1475685574
 116      -0.0864707138
 117       0.3460177164
 118      -0.3988823389
 119      -0.1074531025
 120       0.5202772746
 121      -0.4647472353
 122      -0.2909739068
 123       0.1060841460
 124       0.0540221266
 125       0.0531777950
 126       0.0391509263
 127       0.0430643485
 128       0.0464863571
 129       0.0412211350
 130       0.0412595606
 131       0.0348886279
 132       0.0402275816
 133       0.0612708465
 134       0.0249753323
 135       0.0203351086
 136       0.0367274662
 137       0.0413845230
 138       0.0452593839
 139       0.0626717685
 140       0.0578322149
 141       0.0499269272
 142       0.0492085724
 143       0.0345952414
 144       0.0371075515
 145       0.0339588772
 146       0.0289797808
 147       0.0332328406
 148       0.0328069892
 149       0.0296770016
 150       0.0368337231
 151       0.0392321699
 152       0.0634195378
 153       0.0381072116
 154       0.0643813698
 155       0.0581753624
 156       0.0310364557
 157       0.0272786667
 158       0.0491472704

 --------------------------------------------------------------------------------
                                  command: print                                 
 --------------------------------------------------------------------------------
 res.excitation_1_energy:                0.0553891609

 --------------------------------------------------------------------------------
                                  command: print                                 
 --------------------------------------------------------------------------------
 res.excitation_1_transition_dipole : [
  -0.0039339206086160105,
  -0.051020643664734563,
  0.037718103963915894
]

 --------------------------------------------------------------------------------
                                  command: print                                 
 --------------------------------------------------------------------------------

 res.excitation_1_transition_charges:
                      1
 1         0.0000679778
 2         0.0010653627
 3         0.0005324541
 4        -0.0008093755
 5        -0.0003211698
 6         0.0015631363
 7         0.0003462187
 8         0.0000009582
 9         0.0000084518
 10       -0.0003727764
 11       -0.0000252824
 12        0.0000448545
 13        0.0000042970
 14        0.0000055860
 15       -0.0005742930
 16       -0.0004464833
 17       -0.0009746134
 18       -0.0002677295
 19       -0.0004537852
 20       -0.0000141628
 21       -0.0000529106
 22       -0.0000659951
 23       -0.0000025448
 24       -0.0015489494
 25       -0.0002430929
 26       -0.0000263568
 27        0.0000022386
 28        0.0004962336
 29       -0.0000361600
 30        0.0000281742
 31       -0.0000442737
 32        0.0002932553
 33        0.0006003962
 34        0.0006007879
 35        0.0002597702
 36        0.0004378739
 37        0.0000180895
 38        0.0000775088
 39        0.0001297605
 40        0.0000071789
 41        0.0000387546
 42        0.0000213360
 43        0.0000033643
 44        0.0000026529
 45       -0.0000004816
 46       -0.0000007242
 47        0.0000089688
 48        0.0000078959
 49       -0.0000123409
 50       -0.0000028481
 51       -0.0000024479
 52       -0.0000044149
 53        0.0000015823
 54        0.0000096159
 55        0.0000009274
 56        0.0000010769
 57        0.0000009182
 58       -0.0001351998
 59       -0.0001075002
 60       -0.0000047914
 61       -0.0000000811
 62       -0.0000051442
 63       -0.0000191723
 64        0.0000312450
 65       -0.0000034525
 66       -0.0000094591
 67       -0.0000050925
 68        0.0000057657
 69        0.0000008704
 70       -0.0000036565
 71       -0.0000205376
 72       -0.0000515926
 73        0.0000667488
 74        0.0000093751
 75        0.0001237152
 76        0.0000556117
 77        0.0000004106
 78        0.0000008322
 79        0.0000006919
 80        0.0000348595
 81       -0.0000857771
 82        0.0000168045
 83        0.0000393351
 84       -0.0000161017
 85       -0.0000466716
 86       -0.0000580551
 87       -0.0000091834
 88       -0.0000041777
 89        0.0000084700
 90        0.0000465744
 91       -0.0000186745
 92       -0.0000008369
 93       -0.0000037817
 94       -0.0000130655
 95        0.0001427367
 96        0.0001431028
 97        0.0000679368
 98        0.0000349118
 99        0.0000013662
 100       0.0000114220
 101       0.0000238164
 102       0.0000007735
 103       0.0000050179
 104       0.0000582968
 105       0.0000013929
 106      -0.0000002281
 107      -0.0001417373
 108       0.0000031141
 109      -0.0000070223
 110      -0.0000002422
 111      -0.0000301592
 112      -0.0001450840
 113      -0.0001330482
 114      -0.0000674637
 115      -0.0001213377
 116      -0.0000067656
 117      -0.0000157175
 118      -0.0000274167
 119      -0.0000009339
 120      -0.0000026128
 121      -0.0000020348
 122      -0.0000003539
 123      -0.0000002771
 124       0.0000000596
 125       0.0000004744
 126      -0.0000035679
 127      -0.0000038081
 128       0.0000011055
 129      -0.0000003921
 130       0.0000390769
 131       0.0000079492
 132       0.0000002046
 133      -0.0000021327
 134      -0.0000008777
 135      -0.0000003928
 136       0.0000000191
 137       0.0000171590
 138       0.0000137861
 139       0.0000017063
 140      -0.0000000038
 141       0.0000018876
 142       0.0000035925
 143      -0.0000160887
 144      -0.0000000552
 145      -0.0000025869
 146      -0.0000009109
 147      -0.0000003439
 148      -0.0000008047
 149      -0.0000000476
 150      -0.0000001131
 151      -0.0000006578
 152      -0.0000143546
 153      -0.0000023211
 154      -0.0000293255
 155      -0.0000033008
 156      -0.0000000235
 157      -0.0000000749
 158      -0.0000000408

 --------------------------------------------------------------------------------
                                  command: print                                 
 --------------------------------------------------------------------------------
 res.excitation_1_excited_dipole : [
  12.533261530602026,
  0.868035946378285,
  2.1118725860844023
]

 --------------------------------------------------------------------------------
                                  command: print                                 
 --------------------------------------------------------------------------------

 res.excitation_1_excited_atomic_charges:
                      1
 1         0.3722599442
 2        -0.1142198336
 3        -0.1532962337
 4        -0.1440052076
 5        -0.1119468077
 6        -0.3409544901
 7         0.1167033890
 8        -0.0293908004
 9        -0.0291510631
 10        0.1024048338
 11       -0.0916629980
 12       -0.0591719155
 13       -0.0785154323
 14        0.0145507720
 15       -0.3048143148
 16        0.1070009169
 17       -0.1389175800
 18       -0.1629015620
 19        0.1408356197
 20       -0.0838563112
 21        0.3185290287
 22       -0.4427009114
 23       -0.1302592984
 24       -0.3604182335
 25        0.1408295141
 26       -0.0221241060
 27       -0.0361262975
 28        0.0895974699
 29       -0.0934415778
 30       -0.0545611969
 31       -0.0936191936
 32       -0.3046689277
 33        0.0537590120
 34       -0.0615006985
 35       -0.1497735658
 36        0.1233296027
 37       -0.0872596420
 38        0.3300600508
 39       -0.4169148112
 40       -0.1068755623
 41        0.5180561316
 42       -0.4710198667
 43       -0.2892364683
 44        0.1051831736
 45        0.0515712263
 46        0.0519959857
 47        0.0382784196
 48        0.0422045174
 49        0.0450900383
 50        0.0430713592
 51        0.0349959626
 52        0.0356584433
 53        0.0400674767
 54        0.0589882484
 55        0.0252651050
 56        0.0208111243
 57        0.0359411293
 58        0.0279573339
 59        0.0375550723
 60        0.0574686063
 61        0.0593233483
 62        0.0468841717
 63        0.0484002625
 64        0.0359051525
 65        0.0417201071
 66        0.0323067307
 67        0.0303073880
 68        0.0371218775
 69        0.0312887061
 70        0.0322586311
 71        0.0336245688
 72        0.0378392028
 73        0.0554443487
 74        0.0368288479
 75        0.0528714815
 76        0.0586723849
 77        0.0325750370
 78        0.0316107022
 79        0.0462560440
 80        0.3748739386
 81       -0.0440246155
 82       -0.1010644532
 83       -0.0811488555
 84       -0.0726902650
 85       -0.2291408988
 86        0.2034390712
 87       -0.0293249015
 88       -0.0273236158
 89        0.1984360677
 90       -0.0805842694
 91       -0.0510287383
 92       -0.0765998953
 93        0.0122246821
 94       -0.2754830248
 95        0.2246831070
 96        0.0462037797
 97       -0.0946087138
 98        0.2408737119
 99       -0.0811985129
 100       0.3373933251
 101      -0.4190536479
 102      -0.1288855533
 103      -0.2511789401
 104       0.2183106987
 105      -0.0200309373
 106      -0.0331715913
 107       0.1962230789
 108      -0.0829171418
 109      -0.0467309645
 110      -0.0919791027
 111      -0.2985961571
 112       0.1983922727
 113       0.0537005201
 114      -0.0882508417
 115       0.2029254764
 116      -0.0834557577
 117       0.3499693326
 118      -0.3888978707
 119      -0.1071797411
 120       0.5205986150
 121      -0.4642743352
 122      -0.2909033268
 123       0.1061075195
 124       0.0540781279
 125       0.0539737846
 126       0.0417936460
 127       0.0459669925
 128       0.0492974347
 129       0.0415278826
 130       0.0423525648
 131       0.0360651376
 132       0.0403972436
 133       0.0617098012
 134       0.0254177577
 135       0.0204848830
 136       0.0367484244
 137       0.0540715160
 138       0.0549558863
 139       0.0629978732
 140       0.0578337730
 141       0.0502989341
 142       0.0560018663
 143       0.0457060383
 144       0.0375960563
 145       0.0347560376
 146       0.0298791926
 147       0.0334511304
 148       0.0331501715
 149       0.0297522819
 150       0.0371203129
 151       0.0399071161
 152       0.0687946134
 153       0.0389995197
 154       0.0763814931
 155       0.0584600545
 156       0.0310379186
 157       0.0272942728
 158       0.0491581394

 --------------------------------------------------------------------------------
                                  command: print                                 
 --------------------------------------------------------------------------------
 res.excitation_2_energy:                0.0958594967

 --------------------------------------------------------------------------------
                                  command: print                                 
 --------------------------------------------------------------------------------
 res.excitation_2_transition_dipole : [
  -0.4684969001568455,
  4.351038419887192,
  -0.23770339274045008
]

 --------------------------------------------------------------------------------
                                  command: print                                 
 --------------------------------------------------------------------------------

 res.excitation_2_transition_charges:
                      1
 1        -0.0000031820
 2        -0.0207092598
 3         0.0174894003
 4         0.0161046173
 5        -0.0149602201
 6        -0.0016866902
 7        -0.0300926679
 8         0.0001410547
 9         0.0001663266
 10        0.0367778580
 11        0.0045319201
 12       -0.0029059189
 13       -0.0002008602
 14       -0.0005029790
 15        0.0107586774
 16        0.0508294412
 17        0.0926420170
 18        0.0304771940
 19        0.0408076643
 20        0.0012121186
 21        0.0054187904
 22        0.0106488931
 23        0.0002731027
 24       -0.0053190793
 25        0.0249309557
 26        0.0003668195
 27       -0.0009956498
 28       -0.0472545630
 29        0.0028538734
 30       -0.0034687449
 31       -0.0004817871
 32       -0.0012873963
 33       -0.0691002475
 34       -0.0581560755
 35       -0.0291120506
 36       -0.0386971985
 37       -0.0015891593
 38       -0.0074424003
 39       -0.0136877824
 40       -0.0000800438
 41       -0.0002414714
 42       -0.0003878755
 43       -0.0000570150
 44       -0.0000132336
 45        0.0000169738
 46        0.0000906406
 47       -0.0013688465
 48       -0.0010394150
 49        0.0011685700
 50        0.0004146068
 51        0.0011811123
 52        0.0008328254
 53       -0.0000634479
 54       -0.0003041638
 55       -0.0000845133
 56       -0.0000609352
 57        0.0000157277
 58        0.0116417204
 59        0.0099461202
 60        0.0007707392
 61       -0.0000046645
 62        0.0008086987
 63        0.0020292919
 64       -0.0052881360
 65        0.0002433894
 66        0.0004962084
 67        0.0002910244
 68       -0.0001369029
 69       -0.0003814563
 70       -0.0000554480
 71       -0.0001154164
 72       -0.0006936580
 73       -0.0058123848
 74       -0.0008376710
 75       -0.0115667173
 76       -0.0001204602
 77        0.0000008760
 78       -0.0000141012
 79       -0.0000063675
 80        0.0000011565
 81        0.0000020612
 82        0.0000013935
 83       -0.0000007597
 84       -0.0000012348
 85        0.0000050924
 86       -0.0000005075
 87       -0.0000000256
 88        0.0000000023
 89        0.0000001353
 90        0.0000024354
 91       -0.0000001132
 92       -0.0000000062
 93       -0.0000000255
 94        0.0000005350
 95        0.0000017032
 96        0.0000017221
 97        0.0000007591
 98        0.0000004252
 99        0.0000000144
 100       0.0000001182
 101       0.0000003003
 102       0.0000000042
 103      -0.0000019731
 104       0.0000006762
 105      -0.0000000176
 106      -0.0000000076
 107      -0.0000019333
 108       0.0000000998
 109      -0.0000001082
 110      -0.0000000045
 111       0.0000023695
 112      -0.0000018701
 113      -0.0000017660
 114      -0.0000007704
 115      -0.0000015902
 116      -0.0000000751
 117      -0.0000001622
 118      -0.0000002887
 119       0.0000000516
 120       0.0000001744
 121       0.0000000711
 122       0.0000000185
 123       0.0000000176
 124       0.0000000127
 125       0.0000000069
 126      -0.0000000579
 127      -0.0000000885
 128       0.0000000287
 129      -0.0000000332
 130       0.0000012375
 131      -0.0000000573
 132       0.0000000080
 133      -0.0000000051
 134      -0.0000000056
 135      -0.0000000032
 136       0.0000000010
 137       0.0000001769
 138       0.0000001651
 139       0.0000000201
 140      -0.0000000004
 141       0.0000000198
 142       0.0000000510
 143      -0.0000002461
 144       0.0000000010
 145      -0.0000000054
 146      -0.0000000026
 147      -0.0000000045
 148      -0.0000000150
 149      -0.0000000008
 150      -0.0000000021
 151      -0.0000000103
 152      -0.0000002010
 153      -0.0000000217
 154      -0.0000003602
 155       0.0000002946
 156       0.0000000031
 157       0.0000000029
 158       0.0000000025

 --------------------------------------------------------------------------------
                                  command: print                                 
 --------------------------------------------------------------------------------
 res.excitation_3_energy:                0.0954813871

 --------------------------------------------------------------------------------
                                  command: print                                 
 --------------------------------------------------------------------------------
 res.excitation_3_transition_dipole : [
  -0.13450038098855854,
  -2.5011044536173763,
  3.602217953043005
]

 --------------------------------------------------------------------------------
                                  command: print                                 
 --------------------------------------------------------------------------------

 res.excitation_3_transition_charges:
                      1
 1         0.0000137984
 2        -0.0000000607
 3        -0.0000000817
 4         0.0000031262
 5         0.0000009559
 6         0.0000017804
 7        -0.0000009796
 8         0.0000000621
 9         0.0000000148
 10        0.0000020679
 11        0.0000001152
 12        0.0000000647
 13        0.0000000122
 14       -0.0000000084
 15        0.0000095103
 16        0.0000003036
 17        0.0000030561
 18        0.0000006318
 19        0.0000024744
 20        0.0000000473
 21        0.0000001120
 22        0.0000001140
 23        0.0000000053
 24        0.0000096182
 25       -0.0000000972
 26        0.0000003372
 27       -0.0000000312
 28        0.0000007149
 29        0.0000002239
 30        0.0000005114
 31        0.0000095488
 32        0.0000084539
 33       -0.0000018999
 34       -0.0000007625
 35       -0.0000005954
 36        0.0000005717
 37        0.0000000498
 38       -0.0000001620
 39       -0.0000002754
 40        0.0000000447
 41        0.0000000614
 42        0.0000000198
 43       -0.0000000061
 44        0.0000000237
 45        0.0000000055
 46        0.0000000028
 47       -0.0000000350
 48       -0.0000000435
 49        0.0000001661
 50        0.0000000064
 51        0.0000000116
 52       -0.0000000020
 53       -0.0000000005
 54        0.0000000490
 55        0.0000000004
 56        0.0000000033
 57       -0.0000000043
 58        0.0000004169
 59        0.0000003888
 60        0.0000000085
 61        0.0000000016
 62        0.0000000106
 63       -0.0000000357
 64       -0.0000002236
 65        0.0000000159
 66        0.0000000559
 67        0.0000000262
 68        0.0000002831
 69       -0.0000000059
 70        0.0000003560
 71        0.0000121883
 72        0.0000062584
 73       -0.0000000391
 74       -0.0000000068
 75       -0.0000001133
 76        0.0000001772
 77        0.0000000048
 78        0.0000000015
 79        0.0000000143
 80        0.0002356556
 81       -0.0307660133
 82        0.0105055054
 83        0.0212019690
 84       -0.0092822574
 85       -0.0126928096
 86       -0.0304485696
 87        0.0001693356
 88        0.0000218330
 89        0.0376443244
 90        0.0043998904
 91       -0.0030313685
 92       -0.0002133107
 93       -0.0005525437
 94        0.0135996479
 95        0.0532729941
 96        0.0879074985
 97        0.0320162102
 98        0.0405119075
 99        0.0012607132
 100       0.0055733038
 101       0.0109186245
 102       0.0003282302
 103       0.0060322056
 104       0.0263181733
 105       0.0004730194
 106      -0.0008328182
 107      -0.0441489861
 108       0.0028040324
 109      -0.0033587909
 110      -0.0004556519
 111      -0.0035056285
 112      -0.0693461633
 113      -0.0572097639
 114      -0.0299089859
 115      -0.0355741778
 116      -0.0016377591
 117      -0.0075858028
 118      -0.0142524101
 119      -0.0001393078
 120      -0.0007438948
 121      -0.0006302094
 122      -0.0001226583
 123      -0.0000431355
 124       0.0000206410
 125       0.0000851722
 126      -0.0013805376
 127      -0.0010411160
 128       0.0011130208
 129       0.0003761514
 130       0.0011520385
 131       0.0008460954
 132      -0.0000668953
 133      -0.0003407662
 134      -0.0000833075
 135      -0.0000626821
 136       0.0000058142
 137       0.0114474605
 138       0.0095222923
 139       0.0008040518
 140      -0.0000024572
 141       0.0008822769
 142       0.0019740572
 143      -0.0050949782
 144       0.0002629555
 145       0.0005460615
 146       0.0003060575
 147      -0.0001380028
 148      -0.0003567971
 149      -0.0000508632
 150      -0.0001137142
 151      -0.0006308782
 152      -0.0054498991
 153      -0.0008632073
 154      -0.0116854000
 155      -0.0007279597
 156      -0.0000039696
 157      -0.0000269370
 158      -0.0000192502

 --------------------------------------------------------------------------------
                                  command: print                                 
 --------------------------------------------------------------------------------
 res.excitation_4_energy:                0.0650082591

 --------------------------------------------------------------------------------
                                  command: print                                 
 --------------------------------------------------------------------------------
 res.excitation_4_transition_dipole : [
  0.007685534933502172,
  -0.06156822049374674,
  0.019773847294055416
]

 --------------------------------------------------------------------------------
                                  command: print                                 
 --------------------------------------------------------------------------------

 res.excitation_4_transition_charges:
                      1
 1         0.0000686911
 2         0.0000021073
 3        -0.0000114706
 4        -0.0000587471
 5         0.0000384699
 6         0.0000091405
 7         0.0000872536
 8        -0.0000022550
 9        -0.0000021074
 10       -0.0001966923
 11        0.0000007437
 12       -0.0000002408
 13       -0.0000004349
 14        0.0000007697
 15       -0.0001364580
 16       -0.0000299031
 17       -0.0002903594
 18       -0.0000643501
 19       -0.0002229125
 20       -0.0000040501
 21       -0.0000114096
 22       -0.0000182113
 23       -0.0000002913
 24        0.0000365950
 25        0.0000126247
 26       -0.0000071125
 27        0.0000072982
 28       -0.0000547407
 29       -0.0000171046
 30        0.0000108546
 31        0.0000714008
 32        0.0000097330
 33        0.0002241824
 34        0.0000809002
 35        0.0000732683
 36       -0.0000446457
 37       -0.0000008925
 38        0.0000183723
 39        0.0000366012
 40       -0.0000008638
 41       -0.0000002020
 42        0.0000001126
 43        0.0000001115
 44       -0.0000000428
 45        0.0000004706
 46       -0.0000001012
 47        0.0000044245
 48        0.0000057434
 49       -0.0000115399
 50       -0.0000011425
 51        0.0000020636
 52        0.0000009930
 53        0.0000002762
 54       -0.0000014895
 55        0.0000000146
 56       -0.0000002191
 57        0.0000000548
 58       -0.0000358676
 59       -0.0000359994
 60       -0.0000013465
 61        0.0000000886
 62       -0.0000016999
 63        0.0000072685
 64        0.0000423560
 65       -0.0000011204
 66       -0.0000030506
 67       -0.0000017027
 68       -0.0000053946
 69        0.0000033344
 70        0.0000056524
 71        0.0000115151
 72        0.0000763997
 73        0.0000048305
 74        0.0000021729
 75        0.0000107578
 76       -0.0000004022
 77        0.0000000050
 78        0.0000000039
 79        0.0000000681
 80        0.0000103663
 81        0.0007452021
 82        0.0007565853
 83       -0.0004227953
 84       -0.0007139169
 85        0.0014529929
 86       -0.0002679511
 87        0.0000012453
 88        0.0000093246
 89        0.0004215894
 90        0.0001108433
 91       -0.0000182874
 92       -0.0000016081
 93       -0.0000037347
 94       -0.0002663574
 95        0.0006335923
 96        0.0010441822
 97        0.0003517898
 98        0.0004920749
 99        0.0000125883
 100       0.0000584245
 101       0.0001369298
 102       0.0000010804
 103      -0.0015475183
 104       0.0002986036
 105      -0.0000046539
 106      -0.0000195859
 107      -0.0006020727
 108       0.0000223168
 109      -0.0000518941
 110      -0.0000071516
 111       0.0002737803
 112      -0.0008917141
 113      -0.0007594194
 114      -0.0003514823
 115      -0.0004668654
 116      -0.0000193265
 117      -0.0000778259
 118      -0.0001479678
 119       0.0000081570
 120       0.0000487775
 121       0.0000217365
 122       0.0000055420
 123       0.0000027167
 124      -0.0000011477
 125       0.0000012249
 126      -0.0000225106
 127      -0.0000105784
 128       0.0000055130
 129      -0.0000106405
 130       0.0000395954
 131       0.0000141490
 132       0.0000003914
 133      -0.0000014488
 134      -0.0000005537
 135      -0.0000005908
 136       0.0000008636
 137       0.0001182817
 138       0.0001139874
 139       0.0000095855
 140      -0.0000003283
 141       0.0000092263
 142       0.0000267547
 143      -0.0000792735
 144       0.0000005996
 145      -0.0000052586
 146       0.0000030722
 147      -0.0000017484
 148      -0.0000066262
 149      -0.0000008575
 150      -0.0000020874
 151      -0.0000098939
 152      -0.0000763019
 153      -0.0000079465
 154      -0.0001448624
 155       0.0000671460
 156       0.0000005367
 157       0.0000010058
 158       0.0000012588

 --------------------------------------------------------------------------------

 End time:                               Mon Jul  5 14:38:20 2021
 Total wall-clock time:                  2.571 seconds
==================================================================================
