
================================================================================
          _____________ ________ _______________ ________     _________         
         / ___________// ______ \\_____   _____// ______ \   / ________)        
        / /_________  / /      \ \     | |     / /      \ \ | (_______          
       |  __________|| |        | |    | |    | |        | | \________ \        
        \ \_________ | |        | |    | |     \ \______/ /___________) |       
         \__________||_|        |_|    |_|      \________//____________/        
                                                                                
====================================[ Qcore ]===================================

 Git hash:   035eaa6e02832a1eaacaa1f2c2b4151870260895
 Git date:   Fri, 20 Aug 2021 11:46:14 +0100
 Compiler:   GNU 9.1.0
 Build type: Release
 Version:    2.0.0

 Start time: Fri Aug 20 13:47:17 2021

 Data directory: /home/of15641/.local/src/Qcore/release/share/entos/2.0.0/data
 Number of threads: 2
 Number of threads was determined by: command line argument
  - More threads can be used by running 'qcore -n 24'

 --------------------------------------------------------------------------------
                                   command: xtb                                  
 --------------------------------------------------------------------------------
 XTB basis setup:                        reference basis
 Implicit solvation model:               none
 Number of basis functions:            244
 GFN version:                            chlorophyll
 Integral screening threshold:           1.00e-10
 Total charge:                           0.000000000
 Number of electrons:                  218.000000000
 Electronic temperature (Kelvin):        0.000000000

 D3BJ energy:                           -0.062562641
 Repulsive energy:                       1.518581181

 ****************************************************
  Running robust self-consistent charge (SCC) solver 
 ****************************************************
 Number of SCC trials:                   4
 Using the stop-early mechanism for the first 3 trials

 Conv. threshold (charge):               1.00e-05
 Conv. threshold (energy):               1.00e-06
 Initial guess:                          eeq

 -------------
  SCC Trial 1 
 -------------
 Broyden mixing factor:                  0.400000000
 Max number of iterations:             128

 ---------------------------------------------------------------
                  energy        change          grad        time
 ---------------------------------------------------------------
   0      -125.881412321                    6.23e-01        0.01
   1      -126.546251655     -6.65e-01      3.67e-01        0.01
   2      -126.553344801     -7.09e-03      1.27e-01        0.01
   3      -126.591600694     -3.83e-02      1.49e-02        0.01
   4      -126.593960952     -2.36e-03      1.05e-02        0.01
   5      -126.601772987     -7.81e-03      3.00e-03        0.01
   6      -126.602330404     -5.57e-04      9.41e-04        0.01
   7      -126.602379867     -4.95e-05      2.60e-04        0.01
   8      -126.602382687     -2.82e-06      7.48e-05        0.01
   9      -126.602382735     -4.81e-08      3.01e-05        0.01
  10      -126.602382744     -8.57e-09      1.12e-05        0.01
  11      -126.602382745     -1.47e-09      3.93e-06        0.01
  12      -126.602382746     -1.05e-10      1.16e-06        0.01

 SCF converged in 11 iterations.

 Entropy contribution (-ST):             0.000000000
 Dipole moment (in Debye):              -2.224477      -1.958048       2.388071

 ----------------
  Excitation 0 1 
 ----------------
 Setting up Delta-SCF
 Ground-Excited state overlap:          -0.000000000
 No correction applied to the TDM.
 Excitation energy:                      0.064990769
 Excitation energy (in eV):              1.768488929
 Transition dipole:                      0.21583       0.54611      -2.73710

 -----------------
  Excitation -1 1 
 -----------------
 Setting up Delta-SCF
 Ground-Excited state overlap:           0.000000000
 No correction applied to the TDM.
 Excitation energy:                      0.082077909
 Excitation energy (in eV):              2.233453686
 Transition dipole:                     -0.11983       1.69749       0.45871

 ----------------
  Excitation 0 2 
 ----------------
 Setting up Delta-SCF
 Ground-Excited state overlap:           0.000000000
 No correction applied to the TDM.
 Excitation energy:                      0.112403829
 Excitation energy (in eV):              3.058664020
 Transition dipole:                     -0.19007       0.55205       0.16872

 -----------------
  Excitation -1 2 
 -----------------
 Setting up Delta-SCF
 Ground-Excited state overlap:           0.000000000
 No correction applied to the TDM.
 Excitation energy:                      0.131256953
 Excitation energy (in eV):              3.571683636
 Transition dipole:                      0.04842      -0.28320       0.64751
 TOTAL ENERGY:                        -126.602382746
 Saving results in set 'res'

 --------------------------------------------------------------------------------
                                  command: print                                 
 --------------------------------------------------------------------------------
 res.energy:                          -126.6023827455

 --------------------------------------------------------------------------------
                                  command: print                                 
 --------------------------------------------------------------------------------

 res.dipole:
                      1
 1        -0.8751764093
 2        -0.7703553463
 3         0.9395394466

 --------------------------------------------------------------------------------
                                  command: print                                 
 --------------------------------------------------------------------------------

 res.atomic_charges:
                      1
 1         0.4471555360
 2        -0.0525458261
 3        -0.1035963111
 4        -0.0950759048
 5        -0.0775620771
 6        -0.2174420264
 7         0.1259185675
 8        -0.0264376977
 9        -0.0162675424
 10        0.1102230476
 11       -0.0941688596
 12       -0.0315510442
 13       -0.0754311686
 14        0.0132052947
 15       -0.2534116569
 16        0.1248608912
 17       -0.0206407797
 18       -0.1162111736
 19        0.1530177787
 20       -0.0939175999
 21        0.3637327961
 22       -0.4688236708
 23       -0.1393734639
 24       -0.2341762529
 25        0.1401782247
 26       -0.0078727110
 27       -0.0306219108
 28        0.1183845283
 29       -0.0934674796
 30       -0.0312712454
 31       -0.0953491469
 32       -0.2676638460
 33        0.0931458082
 34        0.0198562758
 35       -0.1209460360
 36        0.1327384264
 37       -0.0959575876
 38        0.3699914978
 39       -0.4469405886
 40       -0.0936803440
 41        0.5514724477
 42       -0.4939466811
 43       -0.3428735269
 44        0.1150086709
 45        0.0386149880
 46        0.0475085881
 47        0.0268389818
 48        0.0321200145
 49        0.0288832375
 50        0.0429918723
 51        0.0323211182
 52        0.0343953293
 53        0.0268571807
 54        0.0471190229
 55        0.0194636853
 56        0.0151034540
 57        0.0371966775
 58        0.0351619773
 59        0.0470033170
 60        0.0603383116
 61        0.0679746342
 62        0.0462373067
 63        0.0344425788
 64        0.0259591279
 65        0.0371600882
 66        0.0264781918
 67        0.0262286500
 68        0.0259711008
 69        0.0218029839
 70        0.0278744904
 71        0.0391142007
 72        0.0321016105
 73        0.0696820389
 74        0.0451639977
 75        0.0647505778
 76        0.0553838875
 77        0.0445071427
 78        0.0424171292
 79        0.0531668742

 --------------------------------------------------------------------------------
                                  command: print                                 
 --------------------------------------------------------------------------------
 res.excitation_1_energy:                0.0649907694

 --------------------------------------------------------------------------------
                                  command: print                                 
 --------------------------------------------------------------------------------
 res.excitation_1_transition_dipole : [
  0.21583137562106697,
  0.546105203372293,
  -2.737104003792388
]

 --------------------------------------------------------------------------------
                                  command: print                                 
 --------------------------------------------------------------------------------

 res.excitation_1_transition_charges:
                      1
 1        -0.0002572950
 2         0.0160197417
 3        -0.0107816040
 4        -0.0119678343
 5         0.0092362641
 6         0.0012851532
 7         0.0187222312
 8        -0.0001587260
 9         0.0000238941
 10       -0.0233679865
 11       -0.0025097658
 12        0.0016157375
 13        0.0001906115
 14        0.0003482692
 15       -0.0056066708
 16       -0.0343676242
 17       -0.0608128515
 18       -0.0212371846
 19       -0.0235713204
 20       -0.0007859487
 21       -0.0052816321
 22       -0.0077410485
 23       -0.0002051177
 24       -0.0003540101
 25       -0.0156547960
 26       -0.0004077508
 27        0.0006383799
 28        0.0292070174
 29       -0.0013210049
 30        0.0014079566
 31        0.0004295312
 32        0.0009964658
 33        0.0455167801
 34        0.0419127364
 35        0.0183298406
 36        0.0236997934
 37        0.0011767114
 38        0.0063689276
 39        0.0093740524
 40        0.0000461725
 41        0.0001019779
 42        0.0002241324
 43        0.0000246718
 44        0.0000032458
 45       -0.0000093605
 46       -0.0001069676
 47        0.0008779408
 48        0.0002728637
 49       -0.0002795688
 50       -0.0003780196
 51       -0.0005480636
 52       -0.0005440735
 53        0.0000840858
 54        0.0002120316
 55       -0.0000175997
 56        0.0000785604
 57       -0.0000199740
 58       -0.0042661383
 59       -0.0041347627
 60       -0.0004371840
 61        0.0000031464
 62       -0.0004563961
 63       -0.0006800518
 64        0.0024346331
 65       -0.0002242810
 66       -0.0002866207
 67       -0.0002746729
 68        0.0000725225
 69        0.0001692424
 70        0.0000030438
 71        0.0000380953
 72        0.0002047751
 73        0.0022825835
 74        0.0004550133
 75        0.0048631172
 76        0.0000963633
 77       -0.0000005368
 78        0.0000053962
 79        0.0000007331

 --------------------------------------------------------------------------------
                                  command: print                                 
 --------------------------------------------------------------------------------
 res.excitation_1_excited_dipole : [
  -1.1596822085378462,
  -0.8427307155319887,
  0.8481298724402819
]

 --------------------------------------------------------------------------------
                                  command: print                                 
 --------------------------------------------------------------------------------

 res.excitation_1_excited_atomic_charges:
                      1
 1         0.4476039889
 2        -0.1194651604
 3        -0.1472187832
 4        -0.1464639657
 5        -0.1111744912
 6        -0.2912783953
 7         0.1877445205
 8        -0.0250856391
 9        -0.0149030902
 10        0.1879093965
 11       -0.0888397808
 12       -0.0282390654
 13       -0.0755622223
 14        0.0132603661
 15       -0.2536551704
 16        0.1770792105
 17       -0.0480062574
 18       -0.1450445888
 19        0.2152360300
 20       -0.0926679890
 21        0.3404677361
 22       -0.4885988410
 23       -0.1397954558
 24       -0.3131334833
 25        0.2044345966
 26       -0.0071923094
 27       -0.0286701148
 28        0.1796666367
 29       -0.0879100020
 30       -0.0282761502
 31       -0.0943488770
 32       -0.2693222412
 33        0.1484853631
 34       -0.0030189571
 35       -0.1335137591
 36        0.1717068449
 37       -0.0947350162
 38        0.3540606927
 39       -0.4603942944
 40       -0.0937762339
 41        0.5503943477
 42       -0.4946146151
 43       -0.3429960978
 44        0.1149452148
 45        0.0386292030
 46        0.0480978457
 47        0.0283095417
 48        0.0339274802
 49        0.0305073282
 50        0.0431303294
 51        0.0326044025
 52        0.0351299204
 53        0.0267756992
 54        0.0472384152
 55        0.0194541161
 56        0.0151632265
 57        0.0371473808
 58        0.0354953882
 59        0.0462621878
 60        0.0585299331
 61        0.0679592000
 62        0.0447389985
 63        0.0389758195
 64        0.0343185276
 65        0.0380391431
 66        0.0271887722
 67        0.0270216342
 68        0.0261029554
 69        0.0218729753
 70        0.0278762506
 71        0.0392457106
 72        0.0322124318
 73        0.0687788059
 74        0.0451873594
 75        0.0648553493
 76        0.0540752019
 77        0.0445028117
 78        0.0423905929
 79        0.0531611646

 --------------------------------------------------------------------------------
                                  command: print                                 
 --------------------------------------------------------------------------------
 res.excitation_2_energy:                0.0820779091

 --------------------------------------------------------------------------------
                                  command: print                                 
 --------------------------------------------------------------------------------
 res.excitation_2_transition_dipole : [
  -0.1198295266110597,
  1.6974862703759748,
  0.45871255060619426
]

 --------------------------------------------------------------------------------
                                  command: print                                 
 --------------------------------------------------------------------------------

 res.excitation_2_transition_charges:
                      1
 1         0.0017857350
 2        -0.0705884010
 3        -0.0446016116
 4         0.0482856489
 5         0.0387293995
 6        -0.0507328915
 7        -0.0080015773
 8         0.0005033054
 9        -0.0009842414
 10       -0.0043405440
 11       -0.0005495366
 12       -0.0005660907
 13        0.0000268813
 14       -0.0000506217
 15        0.0107644544
 16        0.0087136596
 17       -0.0223773175
 18        0.0188451555
 19       -0.0068318916
 20       -0.0003684662
 21        0.0034542502
 22        0.0055463695
 23        0.0003763155
 24        0.0522032287
 25        0.0042112352
 26        0.0011671003
 27        0.0007705664
 28        0.0113728637
 29        0.0004036728
 30        0.0004808425
 31        0.0000799722
 32       -0.0074290765
 33       -0.0009339201
 34        0.0236557542
 35       -0.0121051103
 36        0.0119345684
 37        0.0008454347
 38       -0.0031310425
 39       -0.0064152083
 40       -0.0006535592
 41       -0.0018797405
 42       -0.0013255918
 43       -0.0002236364
 44       -0.0001342209
 45        0.0000350420
 46       -0.0000315985
 47        0.0003553200
 48       -0.0000885875
 49       -0.0001194054
 50       -0.0003721962
 51       -0.0002899431
 52       -0.0002366967
 53       -0.0000236601
 54       -0.0001069982
 55        0.0000059561
 56       -0.0000185705
 57       -0.0000540870
 58       -0.0007980160
 59       -0.0022941997
 60        0.0004471077
 61        0.0000318951
 62        0.0003196154
 63        0.0000824147
 64        0.0009707389
 65        0.0000900635
 66        0.0001780347
 67        0.0003346607
 68       -0.0000276041
 69        0.0000836258
 70        0.0000020282
 71        0.0000243171
 72        0.0000591955
 73        0.0019929738
 74        0.0000311870
 75        0.0025513968
 76       -0.0029885342
 77       -0.0000170068
 78       -0.0000438459
 79       -0.0000167394

 --------------------------------------------------------------------------------
                                  command: print                                 
 --------------------------------------------------------------------------------
 res.excitation_3_energy:                0.1124038295

 --------------------------------------------------------------------------------
                                  command: print                                 
 --------------------------------------------------------------------------------
 res.excitation_3_transition_dipole : [
  -0.19006985031084014,
  0.5520546256457396,
  0.1687163732315502
]

 --------------------------------------------------------------------------------
                                  command: print                                 
 --------------------------------------------------------------------------------

 res.excitation_3_transition_charges:
                      1
 1        -0.0001394898
 2        -0.0014292571
 3         0.0003221877
 4        -0.0042737504
 5        -0.0100556421
 6         0.0003897048
 7        -0.0045265603
 8         0.0000223548
 9         0.0001360637
 10        0.0124299159
 11        0.0017816212
 12       -0.0011500228
 13       -0.0001566761
 14       -0.0006965819
 15       -0.0098842793
 16        0.0111537586
 17       -0.0450243168
 18       -0.0150133139
 19        0.0582900247
 20       -0.0002313581
 21       -0.0148703323
 22       -0.0165660434
 23       -0.0002292571
 24        0.0000727397
 25        0.0562670171
 26       -0.0004967848
 27       -0.0000121702
 28        0.0323229482
 29        0.0047590777
 30        0.0013727630
 31        0.0003668446
 32        0.0010685909
 33        0.0104266153
 34       -0.0342086554
 35       -0.0078765452
 36       -0.0047352720
 37       -0.0004649897
 38       -0.0073985871
 39       -0.0084010630
 40        0.0000254948
 41        0.0000432558
 42       -0.0000208459
 43        0.0000059269
 44       -0.0000002836
 45        0.0000943038
 46       -0.0000917811
 47        0.0004376460
 48        0.0001002405
 49        0.0000720033
 50        0.0002963080
 51        0.0003194088
 52        0.0004909003
 53       -0.0000940342
 54       -0.0001832642
 55        0.0000614377
 56       -0.0001174547
 57       -0.0000144133
 58       -0.0027486901
 59       -0.0030797442
 60       -0.0012163309
 61        0.0000251262
 62       -0.0011482900
 63        0.0027247738
 64        0.0021131329
 65        0.0011362601
 66        0.0013618273
 67        0.0011825605
 68        0.0001823394
 69        0.0001540070
 70        0.0000116300
 71        0.0000091353
 72        0.0000805841
 73       -0.0015889147
 74       -0.0003119503
 75       -0.0037312020
 76        0.0000797634
 77       -0.0000014228
 78       -0.0000001070
 79       -0.0000006164

 --------------------------------------------------------------------------------
                                  command: print                                 
 --------------------------------------------------------------------------------
 res.excitation_4_energy:                0.1312569526

 --------------------------------------------------------------------------------
                                  command: print                                 
 --------------------------------------------------------------------------------
 res.excitation_4_transition_dipole : [
  0.04842337598565208,
  -0.2831963056979179,
  0.6475118648406646
]

 --------------------------------------------------------------------------------
                                  command: print                                 
 --------------------------------------------------------------------------------

 res.excitation_4_transition_charges:
                      1
 1         0.0023646037
 2         0.0061428822
 3         0.0007937372
 4         0.0155854551
 5        -0.0427564775
 6         0.0093968481
 7         0.0019395658
 8        -0.0005461162
 9         0.0005579382
 10        0.0023236173
 11        0.0003038432
 12        0.0004089188
 13       -0.0001004313
 14        0.0001004878
 15        0.0217136918
 16       -0.0031403057
 17       -0.0168227254
 18        0.0130495031
 19        0.0171206810
 20       -0.0001460103
 21        0.0100710178
 22        0.0120313302
 23        0.0008482637
 24       -0.0273748648
 25       -0.0144795309
 26        0.0008274122
 27        0.0004115560
 28        0.0129583505
 29       -0.0008861594
 30        0.0005018088
 31        0.0000546985
 32       -0.0083924944
 33        0.0000171143
 34       -0.0192963682
 35        0.0050507197
 36       -0.0021438881
 37       -0.0003417101
 38        0.0035136509
 39        0.0055821909
 40        0.0000826655
 41       -0.0012621282
 42       -0.0003328241
 43       -0.0001587966
 44       -0.0001172340
 45        0.0001700004
 46       -0.0000282248
 47        0.0001706665
 48       -0.0000136552
 49        0.0000558594
 50        0.0002592378
 51        0.0000746940
 52        0.0002111131
 53        0.0000264025
 54        0.0000905248
 55       -0.0000172660
 56        0.0000290337
 57       -0.0000244003
 58       -0.0005569166
 59       -0.0017188007
 60        0.0013039909
 61        0.0002105319
 62        0.0008372479
 63       -0.0001155578
 64        0.0007737576
 65       -0.0004240755
 66       -0.0002238363
 67       -0.0006767816
 68        0.0000165005
 69        0.0000925814
 70        0.0000009102
 71        0.0000055707
 72        0.0000218851
 73       -0.0013917294
 74       -0.0000094999
 75       -0.0019587283
 76       -0.0025748179
 77       -0.0000509769
 78       -0.0000426581
 79        0.0000229298

 --------------------------------------------------------------------------------

 End time:                               Fri Aug 20 13:47:18 2021
 Total wall-clock time:                  0.571 seconds
==================================================================================
