
================================================================================
          _____________ ________ _______________ ________     _________         
         / ___________// ______ \\_____   _____// ______ \   / ________)        
        / /_________  / /      \ \     | |     / /      \ \ | (_______          
       |  __________|| |        | |    | |    | |        | | \________ \        
        \ \_________ | |        | |    | |     \ \______/ /___________) |       
         \__________||_|        |_|    |_|      \________//____________/        
                                                                                
====================================[ Qcore ]===================================

 Git hash:   7200a4ff984a1591d3ca912b7a1362c2a46a44da
 Git date:   Mon, 7 Jun 2021 16:06:02 +0100
 Compiler:   GNU 9.1.0
 Build type: Release
 Version:    1.4.1

 Start time: Mon Jun 14 09:47:19 2021

 Data directory: /home/of15641/.local/src/Qcore/release/share/entos/1.4.1/data
 Number of threads: 18
 Number of threads was determined by: command line argument
  - More threads can be used by running 'qcore -n 24'

 --------------------------------------------------------------------------------
                                  command: bchla                                 
 --------------------------------------------------------------------------------
 XTB basis setup:                        reference basis
 Number of basis functions:            488
 GFN version:                            gfn1
 Integral screening threshold:           1.00e-10
 Total charge:                           0.000000000
 Number of electrons:                  436.000000000
 Electronic temperature (Kelvin):        0.000000000

 D3BJ energy:                           -0.129253068
 Repulsive energy:                       3.043118859

 ****************************************************
  Running robust self-consistent charge (SCC) solver 
 ****************************************************
 Number of SCC trials:                   4
 Using the stop-early mechanism for the first 3 trials

 Conv. threshold (charge):               1.00e-05
 Conv. threshold (energy):               1.00e-06
 Initial guess:                          SAD

 -------------
  SCC Trial 1 
 -------------
 Broyden mixing factor:                  0.400000000
 Max number of iterations:             128

 ---------------------------------------------------------------
                  energy        change          grad        time
 ---------------------------------------------------------------
   0      -260.747790492                    6.83e-01        0.04
   1      -261.804673244     -1.06e+00      3.95e-01        0.04
   2      -261.786310979      1.84e-02      7.73e-02        0.04
   3      -261.804590891     -1.83e-02      1.56e-02        0.04
   4      -261.829208705     -2.46e-02      4.15e-03        0.04
   5      -261.831295978     -2.09e-03      1.21e-03        0.04
   6      -261.831439341     -1.43e-04      5.11e-04        0.04
   7      -261.831469448     -3.01e-05      1.21e-04        0.04
   8      -261.831470583     -1.13e-06      4.07e-05        0.04
   9      -261.831470649     -6.63e-08      2.22e-05        0.04
  10      -261.831470688     -3.86e-08      9.20e-06        0.04
  11      -261.831470694     -5.48e-09      3.02e-06        0.04

 SCF converged in 10 iterations.

 Entropy contribution (-ST):             0.000000000
 Dipole moment (in Debye):              -5.696891       0.835658       3.296261

 -----------------
  Excitation -1 2 
 -----------------
 Setting up Delta-SCF
 Ground-Excited state overlap:           0.000000000
 No correction applied to the TDM.
 Excitation energy:                      0.065754296
 Excitation energy (in eV):              1.789265557
 Transition dipole:                      0.00642      -0.05011       0.02478

 -----------------
  Excitation -1 1 
 -----------------
 Setting up Delta-SCF
 Ground-Excited state overlap:          -0.000000000
 No correction applied to the TDM.
 Excitation energy:                      0.095771469
 Excitation energy (in eV):              2.606074441
 Transition dipole:                     -0.46915       4.35297      -0.22822

 ----------------
  Excitation 0 1 
 ----------------
 Setting up Delta-SCF
 Ground-Excited state overlap:          -0.000000000
 No correction applied to the TDM.
 Excitation energy:                      0.054784373
 Excitation energy (in eV):              1.490758736
 Transition dipole:                     -0.00469      -0.03656       0.03197

 ----------------
  Excitation 0 2 
 ----------------
 Setting up Delta-SCF
 Ground-Excited state overlap:           0.000000000
 No correction applied to the TDM.
 Excitation energy:                      0.095844890
 Excitation energy (in eV):              2.608072328
 Transition dipole:                     -0.33110      -1.00445       4.25491

 --------------------------------------------------------------------------------

 End time:                               Mon Jun 14 09:47:20 2021
 Total wall-clock time:                  1.093 seconds
==================================================================================
