
================================================================================
          _____________ ________ _______________ ________     _________         
         / ___________// ______ \\_____   _____// ______ \   / ________)        
        / /_________  / /      \ \     | |     / /      \ \ | (_______          
       |  __________|| |        | |    | |    | |        | | \________ \        
        \ \_________ | |        | |    | |     \ \______/ /___________) |       
         \__________||_|        |_|    |_|      \________//____________/        
                                                                                
====================================[ Qcore ]===================================

 Git hash:   4f46786782e696c626e0064ff3d1a47267e124c4
 Git date:   Wed, 30 Jun 2021 10:19:53 +0100
 Compiler:   AppleClang 10.0.1.10010046
 Build type: Release
 Version:    1.4.1

 Start time: Mon Jul  5 14:55:02 2021

 Data directory: /Users/of15641/qcore/cmake-build-release/share/entos/1.4.1/data
 Number of threads: 2
 Number of threads was determined by: number of physical cores

 --------------------------------------------------------------------------------
                                   command: xtb                                  
 --------------------------------------------------------------------------------
 XTB basis setup:                        reference basis
 Number of basis functions:            488
 GFN version:                            chlorophyll
 Integral screening threshold:           1.00e-10
 Total charge:                           0.000000000
 Number of electrons:                  436.000000000
 Electronic temperature (Kelvin):        0.000000000

 D3BJ energy:                           -0.125170907
 Repulsive energy:                       3.040137982

 ****************************************************
  Running robust self-consistent charge (SCC) solver 
 ****************************************************
 Number of SCC trials:                   4
 Using the stop-early mechanism for the first 3 trials

 Conv. threshold (charge):               1.00e-05
 Conv. threshold (energy):               1.00e-06
 Initial guess:                          eeq

 -------------
  SCC Trial 1 
 -------------
 Broyden mixing factor:                  0.400000000
 Max number of iterations:             128

 ---------------------------------------------------------------
                  energy        change          grad        time
 ---------------------------------------------------------------
   0      -260.589144325                    6.60e-01        0.03
   1      -261.773417762     -1.18e+00      3.88e-01        0.03
   2      -261.790735572     -1.73e-02      1.03e-01        0.03
   3      -261.813237396     -2.25e-02      1.06e-02        0.03
   4      -261.814248374     -1.01e-03      6.10e-03        0.03
   5      -261.819587218     -5.34e-03      1.37e-03        0.03
   6      -261.819809997     -2.23e-04      4.20e-04        0.03
   7      -261.819826804     -1.68e-05      1.59e-04        0.03
   8      -261.819828447     -1.64e-06      4.56e-05        0.03
   9      -261.819828478     -3.10e-08      1.65e-05        0.03
  10      -261.819828481     -2.73e-09      5.33e-06        0.03
  11      -261.819828482     -4.98e-10      2.26e-06        0.03

 SCF converged in 10 iterations.

 Entropy contribution (-ST):             0.000000000
 Dipole moment (in Debye):              -5.772655       5.465155       1.024411

 ----------------
  Excitation 0 1 
 ----------------
 Setting up Delta-SCF
 Ground-Excited state overlap:          -0.000000000
 No correction applied to the TDM.
 Excitation energy:                      0.059454080
 Excitation energy (in eV):              1.617827922
 Transition dipole:                      0.00001      -0.00063       0.00021

 -----------------
  Excitation -1 1 
 -----------------
 Setting up Delta-SCF
 Ground-Excited state overlap:          -0.000000000
 No correction applied to the TDM.
 Excitation energy:                      0.096567603
 Excitation energy (in eV):              2.627738349
 Transition dipole:                     -0.46894       4.35079      -0.22793

 ----------------
  Excitation 0 2 
 ----------------
 Setting up Delta-SCF
 Ground-Excited state overlap:           0.000000000
 No correction applied to the TDM.
 Excitation energy:                      0.096092336
 Excitation energy (in eV):              2.614805665
 Transition dipole:                     -0.40787       4.29959      -0.79446

 -----------------
  Excitation -1 2 
 -----------------
 Setting up Delta-SCF
 Ground-Excited state overlap:          -0.000000000
 No correction applied to the TDM.
 Excitation energy:                      0.062229246
 Excitation energy (in eV):              1.693344055
 Transition dipole:                     -0.00003       0.00065       0.00001
 TOTAL ENERGY:                        -261.819828482
 Saving results in set 'res'

 --------------------------------------------------------------------------------
                                  command: print                                 
 --------------------------------------------------------------------------------
 res.energy:                          -261.8198284817

 --------------------------------------------------------------------------------
                                  command: print                                 
 --------------------------------------------------------------------------------

 res.dipole:
                      1
 1        -2.2711371489
 2         2.1501575792
 3         0.4030341794

 --------------------------------------------------------------------------------
                                  command: print                                 
 --------------------------------------------------------------------------------

 res.atomic_charges:
                      1
 1         0.3742972997
 2        -0.0563739933
 3        -0.1088664685
 4        -0.0932339997
 5        -0.0764931409
 6        -0.2371314678
 7         0.1298221702
 8        -0.0290740603
 9        -0.0283999056
 10        0.1180501499
 11       -0.0891995700
 12       -0.0577097174
 13       -0.0776824369
 14        0.0129548238
 15       -0.2949004877
 16        0.1401836178
 17       -0.0390366799
 18       -0.1142570167
 19        0.1616579046
 20       -0.0833165726
 21        0.3357193679
 22       -0.4212025716
 23       -0.1298331071
 24       -0.2503098344
 25        0.1498062224
 26       -0.0210891092
 27       -0.0354902745
 28        0.1162716285
 29       -0.0922115033
 30       -0.0526818110
 31       -0.0935423346
 32       -0.3013081307
 33        0.1034442520
 34        0.0043714283
 35       -0.1124245703
 36        0.1481132565
 37       -0.0866698901
 38        0.3448792656
 39       -0.3961809129
 40       -0.1067535708
 41        0.5195015988
 42       -0.4689738616
 43       -0.2894957815
 44        0.1051805852
 45        0.0513320761
 46        0.0514646890
 47        0.0397942743
 48        0.0425858178
 49        0.0452056561
 50        0.0435658255
 51        0.0362062888
 52        0.0358990385
 53        0.0400987154
 54        0.0594977023
 55        0.0256662552
 56        0.0203531887
 57        0.0356950389
 58        0.0380864310
 59        0.0473961087
 60        0.0592117665
 61        0.0590265294
 62        0.0496144710
 63        0.0484375026
 64        0.0378631188
 65        0.0410337911
 66        0.0326256506
 67        0.0303741267
 68        0.0356131788
 69        0.0323676689
 70        0.0297584792
 71        0.0367326539
 72        0.0398411384
 73        0.0629049376
 74        0.0383207518
 75        0.0630655446
 76        0.0596775046
 77        0.0327313160
 78        0.0303711353
 79        0.0471708304
 80        0.3739024505
 81       -0.0583975947
 82       -0.1053228108
 83       -0.0919259098
 84       -0.0753876379
 85       -0.2346813982
 86        0.1312602701
 87       -0.0310588471
 88       -0.0292703980
 89        0.1146178577
 90       -0.0895873998
 91       -0.0574225495
 92       -0.0769549673
 93        0.0117981591
 94       -0.2927772589
 95        0.1408781880
 96       -0.0392460486
 97       -0.1170350938
 98        0.1621320632
 99       -0.0830434890
 100       0.3350953389
 101      -0.4233922146
 102      -0.1289861474
 103      -0.2519899394
 104       0.1464127192
 105      -0.0215983048
 106      -0.0355234723
 107       0.1193181155
 108      -0.0909257300
 109      -0.0530737060
 110      -0.0928103476
 111      -0.3034281714
 112       0.1011839795
 113       0.0042024381
 114      -0.1117574161
 115       0.1479324064
 116      -0.0864660895
 117       0.3462383091
 118      -0.3979934909
 119      -0.1077306259
 120       0.5203534564
 121      -0.4649360217
 122      -0.2903797925
 123       0.1060822976
 124       0.0505946259
 125       0.0536551737
 126       0.0399496966
 127       0.0446996615
 128       0.0457623537
 129       0.0451755830
 130       0.0375749622
 131       0.0347646770
 132       0.0397991800
 133       0.0614361775
 134       0.0257023002
 135       0.0199191703
 136       0.0345037318
 137       0.0356484865
 138       0.0464289675
 139       0.0607367420
 140       0.0589940416
 141       0.0503004157
 142       0.0495210663
 143       0.0360906910
 144       0.0382597933
 145       0.0338659226
 146       0.0309281940
 147       0.0341478887
 148       0.0332333593
 149       0.0297780414
 150       0.0370758688
 151       0.0387678742
 152       0.0639723521
 153       0.0387597801
 154       0.0636304919
 155       0.0600688855
 156       0.0316293941
 157       0.0273201770
 158       0.0489991044

 --------------------------------------------------------------------------------
                                  command: print                                 
 --------------------------------------------------------------------------------
 res.excitation_1_energy:                0.0594540795

 --------------------------------------------------------------------------------
                                  command: print                                 
 --------------------------------------------------------------------------------
 res.excitation_1_transition_dipole : [
  8.033328599892436e-06,
  -0.000634209300256879,
  0.0002145249387927608
]

 --------------------------------------------------------------------------------
                                  command: print                                 
 --------------------------------------------------------------------------------

 res.excitation_1_transition_charges:
                      1
 1         0.0000002066
 2         0.0000096405
 3         0.0000021494
 4        -0.0000075107
 5        -0.0000014453
 6         0.0000106370
 7         0.0000053648
 8        -0.0000000226
 9         0.0000000518
 10       -0.0000058879
 11       -0.0000006285
 12        0.0000005461
 13        0.0000000419
 14        0.0000000874
 15       -0.0000047122
 16       -0.0000080625
 17       -0.0000151861
 18       -0.0000048427
 19       -0.0000066352
 20       -0.0000002006
 21       -0.0000008793
 22       -0.0000015892
 23       -0.0000000514
 24       -0.0000099567
 25       -0.0000040836
 26       -0.0000001302
 27        0.0000001213
 28        0.0000073798
 29       -0.0000004927
 30        0.0000005139
 31        0.0000000201
 32        0.0000019826
 33        0.0000107655
 34        0.0000092036
 35        0.0000044570
 36        0.0000062834
 37        0.0000002650
 38        0.0000011867
 39        0.0000021859
 40        0.0000000536
 41        0.0000003336
 42        0.0000002047
 43        0.0000000404
 44        0.0000000198
 45       -0.0000000067
 46       -0.0000000131
 47        0.0000001931
 48        0.0000001667
 49       -0.0000001881
 50       -0.0000000541
 51       -0.0000001292
 52       -0.0000001126
 53        0.0000000161
 54        0.0000000738
 55        0.0000000139
 56        0.0000000112
 57        0.0000000041
 58       -0.0000019763
 59       -0.0000016228
 60       -0.0000001184
 61       -0.0000000001
 62       -0.0000001254
 63       -0.0000003267
 64        0.0000007892
 65       -0.0000000454
 66       -0.0000001119
 67       -0.0000000567
 68        0.0000000250
 69        0.0000000518
 70        0.0000000052
 71        0.0000000066
 72        0.0000000642
 73        0.0000009278
 74        0.0000001442
 75        0.0000018679
 76        0.0000004158
 77        0.0000000026
 78        0.0000000085
 79        0.0000000081
 80        0.0000002120
 81       -0.0000007478
 82        0.0000002334
 83        0.0000003580
 84       -0.0000001346
 85       -0.0000003124
 86       -0.0000005499
 87       -0.0000000039
 88       -0.0000000088
 89        0.0000004788
 90        0.0000001284
 91       -0.0000000765
 92       -0.0000000054
 93       -0.0000000124
 94        0.0000000113
 95        0.0000011547
 96        0.0000015030
 97        0.0000006463
 98        0.0000004752
 99        0.0000000173
 100       0.0000001123
 101       0.0000002269
 102       0.0000000071
 103       0.0000000829
 104       0.0000005612
 105       0.0000000105
 106      -0.0000000082
 107      -0.0000010649
 108       0.0000000291
 109      -0.0000000628
 110       0.0000000042
 111      -0.0000001925
 112      -0.0000012484
 113      -0.0000011608
 114      -0.0000005554
 115      -0.0000008808
 116      -0.0000000403
 117      -0.0000001374
 118      -0.0000002582
 119      -0.0000000054
 120      -0.0000000219
 121      -0.0000000165
 122      -0.0000000032
 123      -0.0000000014
 124       0.0000000004
 125       0.0000000021
 126      -0.0000000264
 127      -0.0000000182
 128       0.0000000019
 129       0.0000000111
 130       0.0000000574
 131       0.0000000277
 132      -0.0000000005
 133      -0.0000000097
 134      -0.0000000019
 135      -0.0000000015
 136       0.0000000002
 137       0.0000001908
 138       0.0000001521
 139       0.0000000166
 140      -0.0000000001
 141       0.0000000183
 142       0.0000000471
 143      -0.0000001134
 144       0.0000000001
 145      -0.0000000084
 146      -0.0000000028
 147      -0.0000000034
 148      -0.0000000071
 149      -0.0000000000
 150      -0.0000000029
 151      -0.0000000037
 152      -0.0000001176
 153      -0.0000000176
 154      -0.0000002423
 155      -0.0000000228
 156      -0.0000000002
 157      -0.0000000007
 158      -0.0000000005

 --------------------------------------------------------------------------------
                                  command: print                                 
 --------------------------------------------------------------------------------
 res.excitation_1_excited_dipole : [
  27.18766030306616,
  5.128058790761079,
  3.1229721183766515
]

 --------------------------------------------------------------------------------
                                  command: print                                 
 --------------------------------------------------------------------------------

 res.excitation_1_excited_atomic_charges:
                      1
 1         0.3737889989
 2        -0.1138352881
 3        -0.1534090593
 4        -0.1442480276
 5        -0.1112808472
 6        -0.3412926644
 7         0.1161246573
 8        -0.0293036063
 9        -0.0291328725
 10        0.1022589540
 11       -0.0916209435
 12       -0.0592870045
 13       -0.0779986512
 14        0.0125990074
 15       -0.3051788060
 16        0.1070899493
 17       -0.1389225091
 18       -0.1629755476
 19        0.1408730132
 20       -0.0837353148
 21        0.3184681796
 22       -0.4435646069
 23       -0.1303035388
 24       -0.3605987341
 25        0.1408705474
 26       -0.0220814036
 27       -0.0360165535
 28        0.0895099705
 29       -0.0933245919
 30       -0.0545381776
 31       -0.0938377586
 32       -0.3044218803
 33        0.0541799461
 34       -0.0600664078
 35       -0.1487944642
 36        0.1233633355
 37       -0.0874662955
 38        0.3307190333
 39       -0.4158044851
 40       -0.1068755111
 41        0.5180671976
 42       -0.4697585069
 43       -0.2896656859
 44        0.1051138150
 45        0.0512560507
 46        0.0514540383
 47        0.0391254015
 48        0.0421747710
 49        0.0446702662
 50        0.0430780195
 51        0.0350080178
 52        0.0353199958
 53        0.0398301101
 54        0.0590944473
 55        0.0256321488
 56        0.0203086256
 57        0.0356390178
 58        0.0275094652
 59        0.0377694453
 60        0.0571073701
 61        0.0590229333
 62        0.0475646110
 63        0.0477023117
 64        0.0354517745
 65        0.0409003699
 66        0.0321406692
 67        0.0301717897
 68        0.0355295249
 69        0.0319935435
 70        0.0297207981
 71        0.0366702852
 72        0.0392069262
 73        0.0572507393
 74        0.0375146087
 75        0.0521587279
 76        0.0581363301
 77        0.0327242534
 78        0.0303336965
 79        0.0471420823
 80        0.3757957648
 81       -0.0434240057
 82       -0.1023279115
 83       -0.0808145896
 84       -0.0726196262
 85       -0.2295191857
 86        0.2039877855
 87       -0.0293924336
 88       -0.0272932178
 89        0.1984580271
 90       -0.0812289173
 91       -0.0509362615
 92       -0.0767191288
 93        0.0126216544
 94       -0.2756520521
 95        0.2232444387
 96        0.0423422338
 97       -0.0941644186
 98        0.2395762359
 99       -0.0803492802
 100       0.3371956681
 101      -0.4173943149
 102      -0.1287007997
 103      -0.2512120496
 104       0.2188723655
 105      -0.0200445585
 106      -0.0332756626
 107       0.1966124882
 108      -0.0834239602
 109      -0.0468185590
 110      -0.0920133552
 111      -0.2988394175
 112       0.1983404269
 113       0.0533358848
 114      -0.0880280219
 115       0.2028994398
 116      -0.0834778847
 117       0.3501046233
 118      -0.3881169297
 119      -0.1074532600
 120       0.5206742073
 121      -0.4644586183
 122      -0.2903087998
 123       0.1061058663
 124       0.0506501136
 125       0.0544479723
 126       0.0425891262
 127       0.0476293064
 128       0.0485910406
 129       0.0454853940
 130       0.0386743624
 131       0.0359450016
 132       0.0399719504
 133       0.0618723911
 134       0.0261513031
 135       0.0200693860
 136       0.0345231530
 137       0.0480533627
 138       0.0560222622
 139       0.0610842912
 140       0.0589955003
 141       0.0506983277
 142       0.0564558922
 143       0.0473674037
 144       0.0387435514
 145       0.0346575857
 146       0.0318317177
 147       0.0343615988
 148       0.0335669009
 149       0.0298515597
 150       0.0373711315
 151       0.0394311055
 152       0.0692848997
 153       0.0396434296
 154       0.0754879598
 155       0.0603542052
 156       0.0316309001
 157       0.0273358500
 158       0.0490101463

 --------------------------------------------------------------------------------
                                  command: print                                 
 --------------------------------------------------------------------------------
 res.excitation_2_energy:                0.0965676032

 --------------------------------------------------------------------------------
                                  command: print                                 
 --------------------------------------------------------------------------------
 res.excitation_2_transition_dipole : [
  -0.4689421483135785,
  4.350787492174925,
  -0.22793446550590127
]

 --------------------------------------------------------------------------------
                                  command: print                                 
 --------------------------------------------------------------------------------

 res.excitation_2_transition_charges:
                      1
 1        -0.0000076819
 2        -0.0199384080
 3         0.0177193180
 4         0.0161919851
 5        -0.0148816483
 6        -0.0008877351
 7        -0.0304782771
 8         0.0001410018
 9         0.0001609483
 10        0.0364603246
 11        0.0045022387
 12       -0.0029371357
 13       -0.0002057167
 14       -0.0005119318
 15        0.0107308452
 16        0.0506537162
 17        0.0927603594
 18        0.0305630804
 19        0.0405372482
 20        0.0012000213
 21        0.0054854172
 22        0.0107094340
 23        0.0002736744
 24       -0.0049146806
 25        0.0245949394
 26        0.0003610904
 27       -0.0010037779
 28       -0.0478358506
 29        0.0028203772
 30       -0.0035063407
 31       -0.0004874048
 32       -0.0012161707
 33       -0.0696340882
 34       -0.0580351264
 35       -0.0288639676
 36       -0.0391473628
 37       -0.0016299586
 38       -0.0072991471
 39       -0.0135301338
 40       -0.0000782665
 41       -0.0002157729
 42       -0.0003759869
 43       -0.0000538833
 44       -0.0000119646
 45        0.0000170493
 46        0.0000879699
 47       -0.0013846844
 48       -0.0010486634
 49        0.0011567213
 50        0.0004152519
 51        0.0011857619
 52        0.0008316908
 53       -0.0000625399
 54       -0.0003097629
 55       -0.0000830863
 56       -0.0000611929
 57        0.0000160257
 58        0.0116298160
 59        0.0099504866
 60        0.0007785996
 61       -0.0000047235
 62        0.0008163547
 63        0.0019958721
 64       -0.0053515653
 65        0.0002423516
 66        0.0004965089
 67        0.0002852886
 68       -0.0001381247
 69       -0.0003819148
 70       -0.0000560363
 71       -0.0001177959
 72       -0.0006890141
 73       -0.0058446693
 74       -0.0008381476
 75       -0.0116056113
 76       -0.0000876366
 77        0.0000010427
 78       -0.0000134589
 79       -0.0000057651
 80        0.0000000001
 81       -0.0000000000
 82        0.0000000001
 83        0.0000000000
 84       -0.0000000001
 85        0.0000000001
 86       -0.0000000001
 87       -0.0000000000
 88       -0.0000000000
 89        0.0000000001
 90        0.0000000000
 91       -0.0000000000
 92       -0.0000000000
 93       -0.0000000000
 94        0.0000000000
 95        0.0000000002
 96        0.0000000003
 97        0.0000000001
 98        0.0000000001
 99        0.0000000000
 100       0.0000000000
 101       0.0000000000
 102       0.0000000000
 103      -0.0000000001
 104       0.0000000001
 105       0.0000000000
 106      -0.0000000000
 107      -0.0000000002
 108       0.0000000000
 109      -0.0000000000
 110       0.0000000000
 111       0.0000000001
 112      -0.0000000002
 113      -0.0000000002
 114      -0.0000000001
 115      -0.0000000002
 116      -0.0000000000
 117      -0.0000000000
 118      -0.0000000000
 119       0.0000000000
 120       0.0000000000
 121       0.0000000000
 122       0.0000000000
 123       0.0000000000
 124       0.0000000000
 125       0.0000000000
 126      -0.0000000000
 127      -0.0000000000
 128       0.0000000000
 129       0.0000000000
 130       0.0000000000
 131       0.0000000000
 132       0.0000000000
 133      -0.0000000000
 134      -0.0000000000
 135      -0.0000000000
 136       0.0000000000
 137       0.0000000000
 138       0.0000000000
 139       0.0000000000
 140      -0.0000000000
 141       0.0000000000
 142       0.0000000000
 143      -0.0000000000
 144       0.0000000000
 145      -0.0000000000
 146      -0.0000000000
 147      -0.0000000000
 148      -0.0000000000
 149      -0.0000000000
 150      -0.0000000000
 151      -0.0000000000
 152      -0.0000000000
 153      -0.0000000000
 154      -0.0000000000
 155       0.0000000000
 156       0.0000000000
 157       0.0000000000
 158       0.0000000000

 --------------------------------------------------------------------------------
                                  command: print                                 
 --------------------------------------------------------------------------------
 res.excitation_3_energy:                0.0960923358

 --------------------------------------------------------------------------------
                                  command: print                                 
 --------------------------------------------------------------------------------
 res.excitation_3_transition_dipole : [
  -0.40787351515781756,
  4.299593679128656,
  -0.7944583799215884
]

 --------------------------------------------------------------------------------
                                  command: print                                 
 --------------------------------------------------------------------------------

 res.excitation_3_transition_charges:
                      1
 1         0.0000000002
 2        -0.0000000001
 3        -0.0000000000
 4         0.0000000002
 5         0.0000000000
 6        -0.0000000001
 7        -0.0000000001
 8         0.0000000000
 9        -0.0000000000
 10        0.0000000002
 11        0.0000000000
 12       -0.0000000000
 13       -0.0000000000
 14       -0.0000000000
 15        0.0000000003
 16        0.0000000001
 17        0.0000000003
 18        0.0000000001
 19        0.0000000002
 20        0.0000000000
 21        0.0000000000
 22        0.0000000000
 23        0.0000000000
 24        0.0000000003
 25        0.0000000001
 26        0.0000000000
 27       -0.0000000000
 28       -0.0000000001
 29        0.0000000000
 30       -0.0000000000
 31       -0.0000000000
 32        0.0000000001
 33       -0.0000000002
 34       -0.0000000002
 35       -0.0000000001
 36       -0.0000000001
 37       -0.0000000000
 38       -0.0000000000
 39       -0.0000000000
 40        0.0000000000
 41       -0.0000000000
 42       -0.0000000000
 43       -0.0000000000
 44        0.0000000000
 45        0.0000000000
 46        0.0000000000
 47       -0.0000000000
 48       -0.0000000000
 49        0.0000000000
 50        0.0000000000
 51        0.0000000000
 52        0.0000000000
 53       -0.0000000000
 54        0.0000000000
 55       -0.0000000000
 56       -0.0000000000
 57       -0.0000000000
 58        0.0000000000
 59        0.0000000000
 60        0.0000000000
 61       -0.0000000000
 62        0.0000000000
 63        0.0000000000
 64       -0.0000000000
 65        0.0000000000
 66        0.0000000000
 67        0.0000000000
 68       -0.0000000000
 69       -0.0000000000
 70       -0.0000000000
 71        0.0000000000
 72       -0.0000000000
 73       -0.0000000000
 74       -0.0000000000
 75       -0.0000000000
 76        0.0000000000
 77        0.0000000000
 78       -0.0000000000
 79       -0.0000000000
 80        0.0002223122
 81       -0.0305362857
 82        0.0108400536
 83        0.0223808916
 84       -0.0090217617
 85       -0.0120347961
 86       -0.0311882063
 87        0.0001527235
 88        0.0000181448
 89        0.0364454849
 90        0.0042804737
 91       -0.0030870115
 92       -0.0002116584
 93       -0.0005575042
 94        0.0136015601
 95        0.0523456420
 96        0.0879125134
 97        0.0331780364
 98        0.0395363944
 99        0.0011136636
 100       0.0058574858
 101       0.0114008848
 102       0.0003340287
 103       0.0075773916
 104       0.0256212346
 105       0.0004931030
 106      -0.0008723295
 107      -0.0445495668
 108       0.0027459653
 109      -0.0034029415
 110      -0.0004591061
 111      -0.0034815836
 112      -0.0696313097
 113      -0.0569634334
 114      -0.0298819471
 115      -0.0358361027
 116      -0.0016405909
 117      -0.0074846298
 118      -0.0141968460
 119      -0.0001464064
 120      -0.0007423358
 121      -0.0006354132
 122      -0.0001229397
 123      -0.0000433293
 124       0.0000209437
 125       0.0000804979
 126      -0.0013981716
 127      -0.0010683713
 128       0.0010871011
 129       0.0003694078
 130       0.0011316018
 131       0.0008234399
 132      -0.0000690436
 133      -0.0003396868
 134      -0.0000885447
 135      -0.0000640665
 136       0.0000066556
 137       0.0112061061
 138       0.0094195520
 139       0.0008384324
 140      -0.0000023192
 141       0.0009205266
 142       0.0019348986
 143      -0.0052044661
 144       0.0002521554
 145       0.0005278015
 146       0.0003011645
 147      -0.0001363974
 148      -0.0003508707
 149      -0.0000503269
 150      -0.0001171437
 151      -0.0006255774
 152      -0.0054380487
 153      -0.0008616517
 154      -0.0116535931
 155      -0.0007314661
 156      -0.0000040280
 157      -0.0000269879
 158      -0.0000194771

 --------------------------------------------------------------------------------
                                  command: print                                 
 --------------------------------------------------------------------------------
 res.excitation_4_energy:                0.0622292462

 --------------------------------------------------------------------------------
                                  command: print                                 
 --------------------------------------------------------------------------------
 res.excitation_4_transition_dipole : [
  -3.053781725374195e-05,
  0.0006483945698604451,
  9.698973422063691e-06
]

 --------------------------------------------------------------------------------
                                  command: print                                 
 --------------------------------------------------------------------------------

 res.excitation_4_transition_charges:
                      1
 1         0.0000002389
 2         0.0000002019
 3        -0.0000002329
 4        -0.0000004167
 5         0.0000003988
 6        -0.0000000189
 7         0.0000007301
 8        -0.0000000078
 9        -0.0000000045
 10       -0.0000011054
 11       -0.0000000613
 12        0.0000000459
 13        0.0000000017
 14        0.0000000119
 15       -0.0000005750
 16       -0.0000006935
 17       -0.0000020756
 18       -0.0000005651
 19       -0.0000012943
 20       -0.0000000306
 21       -0.0000001050
 22       -0.0000001897
 23       -0.0000000042
 24        0.0000001348
 25       -0.0000003208
 26       -0.0000000107
 27        0.0000000295
 28        0.0000005591
 29       -0.0000000713
 30        0.0000000696
 31        0.0000000397
 32       -0.0000000411
 33        0.0000015629
 34        0.0000010100
 35        0.0000006042
 36        0.0000003911
 37        0.0000000198
 38        0.0000001554
 39        0.0000002933
 40       -0.0000000002
 41        0.0000000007
 42        0.0000000032
 43        0.0000000006
 44       -0.0000000000
 45       -0.0000000000
 46       -0.0000000011
 47        0.0000000283
 48        0.0000000306
 49       -0.0000000494
 50       -0.0000000083
 51       -0.0000000062
 52       -0.0000000096
 53        0.0000000036
 54       -0.0000000003
 55        0.0000000029
 56        0.0000000011
 57       -0.0000000002
 58       -0.0000002627
 59       -0.0000002393
 60       -0.0000000139
 61       -0.0000000001
 62       -0.0000000137
 63       -0.0000000281
 64        0.0000000793
 65       -0.0000000075
 66       -0.0000000172
 67       -0.0000000075
 68        0.0000000008
 69        0.0000000064
 70        0.0000000041
 71        0.0000000024
 72        0.0000000380
 73        0.0000000881
 74        0.0000000156
 75        0.0000001961
 76       -0.0000000003
 77        0.0000000000
 78        0.0000000001
 79        0.0000000001
 80        0.0000001273
 81       -0.0000003935
 82        0.0000048969
 83        0.0000006462
 84       -0.0000041939
 85        0.0000050160
 86       -0.0000049388
 87        0.0000000261
 88        0.0000000508
 89        0.0000062259
 90        0.0000008844
 91       -0.0000004591
 92       -0.0000000304
 93       -0.0000000856
 94        0.0000004124
 95        0.0000089370
 96        0.0000149070
 97        0.0000056086
 98        0.0000067702
 99        0.0000001875
 100       0.0000009784
 101       0.0000019895
 102       0.0000000476
 103      -0.0000059313
 104       0.0000042848
 105       0.0000000318
 106      -0.0000001809
 107      -0.0000079335
 108       0.0000004375
 109      -0.0000006246
 110      -0.0000000955
 111       0.0000008091
 112      -0.0000121853
 113      -0.0000099468
 114      -0.0000051644
 115      -0.0000062553
 116      -0.0000002821
 117      -0.0000012474
 118      -0.0000023758
 119       0.0000000135
 120       0.0000001166
 121       0.0000000114
 122       0.0000000075
 123       0.0000000068
 124       0.0000000010
 125       0.0000000149
 126      -0.0000002638
 127      -0.0000001748
 128       0.0000001788
 129       0.0000000904
 130       0.0000003147
 131       0.0000001673
 132      -0.0000000070
 133      -0.0000000445
 134      -0.0000000139
 135      -0.0000000100
 136       0.0000000054
 137       0.0000018529
 138       0.0000016085
 139       0.0000001433
 140      -0.0000000015
 141       0.0000001537
 142       0.0000003353
 143      -0.0000009499
 144       0.0000000358
 145       0.0000000522
 146       0.0000000459
 147      -0.0000000228
 148      -0.0000000683
 149      -0.0000000098
 150      -0.0000000219
 151      -0.0000001200
 152      -0.0000009582
 153      -0.0000001394
 154      -0.0000020143
 155       0.0000001976
 156       0.0000000018
 157       0.0000000009
 158       0.0000000028

 --------------------------------------------------------------------------------

 End time:                               Mon Jul  5 14:55:03 2021
 Total wall-clock time:                  1.378 seconds
==================================================================================
