
================================================================================
          _____________ ________ _______________ ________     _________         
         / ___________// ______ \\_____   _____// ______ \   / ________)        
        / /_________  / /      \ \     | |     / /      \ \ | (_______          
       |  __________|| |        | |    | |    | |        | | \________ \        
        \ \_________ | |        | |    | |     \ \______/ /___________) |       
         \__________||_|        |_|    |_|      \________//____________/        
                                                                                
====================================[ Qcore ]===================================

 Git hash:   7200a4ff984a1591d3ca912b7a1362c2a46a44da
 Git date:   Mon, 7 Jun 2021 16:06:02 +0100
 Compiler:   GNU 9.1.0
 Build type: Release
 Version:    1.4.1

 Start time: Mon Jun 14 09:47:21 2021

 Data directory: /home/of15641/.local/src/Qcore/release/share/entos/1.4.1/data
 Number of threads: 18
 Number of threads was determined by: command line argument
  - More threads can be used by running 'qcore -n 28'

 --------------------------------------------------------------------------------
                                  command: bchla                                 
 --------------------------------------------------------------------------------
 XTB basis setup:                        reference basis
 Number of basis functions:            488
 GFN version:                            gfn1
 Integral screening threshold:           1.00e-10
 Total charge:                           0.000000000
 Number of electrons:                  436.000000000
 Electronic temperature (Kelvin):        0.000000000

 D3BJ energy:                           -0.129717247
 Repulsive energy:                       3.043118858

 ****************************************************
  Running robust self-consistent charge (SCC) solver 
 ****************************************************
 Number of SCC trials:                   4
 Using the stop-early mechanism for the first 3 trials

 Conv. threshold (charge):               1.00e-05
 Conv. threshold (energy):               1.00e-06
 Initial guess:                          SAD

 -------------
  SCC Trial 1 
 -------------
 Broyden mixing factor:                  0.400000000
 Max number of iterations:             128

 ---------------------------------------------------------------
                  energy        change          grad        time
 ---------------------------------------------------------------
   0      -260.749360316                    6.83e-01        0.06
   1      -261.805327074     -1.06e+00      3.95e-01        0.05
   2      -261.777922302      2.74e-02      7.77e-02        0.06
   3      -261.789769532     -1.18e-02      1.87e-02        0.06
   4      -261.830012826     -4.02e-02      4.68e-03        0.06
   5      -261.832907262     -2.89e-03      1.30e-03        0.06
   6      -261.833074058     -1.67e-04      5.60e-04        0.06
   7      -261.833110088     -3.60e-05      1.42e-04        0.06
   8      -261.833111753     -1.66e-06      5.56e-05        0.05
   9      -261.833111972     -2.20e-07      2.69e-05        0.06
  10      -261.833112014     -4.18e-08      1.07e-05        0.05
  11      -261.833112019     -4.52e-09      3.46e-06        0.06
  12      -261.833112019     -2.72e-10      1.00e-06        0.06

 SCF converged in 11 iterations.

 Entropy contribution (-ST):             0.000000000
 Dipole moment (in Debye):              -6.331771       3.525485       3.330598

 -----------------
  Excitation -1 2 
 -----------------
 Setting up Delta-SCF
 Ground-Excited state overlap:          -0.000000000
 No correction applied to the TDM.
 Excitation energy:                      0.066375642
 Excitation energy (in eV):              1.806173226
 Transition dipole:                      0.00029      -0.00647       0.04550

 -----------------
  Excitation -1 1 
 -----------------
 Setting up Delta-SCF
 Ground-Excited state overlap:           0.000000000
 No correction applied to the TDM.
 Excitation energy:                      0.095754134
 Excitation energy (in eV):              2.605602713
 Transition dipole:                      0.47070      -4.35034       0.21112

 ----------------
  Excitation 0 1 
 ----------------
 Setting up Delta-SCF
 Ground-Excited state overlap:          -0.000000000
 No correction applied to the TDM.
 Excitation energy:                      0.053897602
 Excitation energy (in eV):              1.466628462
 Transition dipole:                     -0.00261       0.03069      -0.02273

 ----------------
  Excitation 0 2 
 ----------------
 Setting up Delta-SCF
 Ground-Excited state overlap:          -0.000000000
 No correction applied to the TDM.
 Excitation energy:                      0.095646028
 Excitation energy (in eV):              2.602661019
 Transition dipole:                     -0.60305       2.90705       3.23953

 --------------------------------------------------------------------------------

 End time:                               Mon Jun 14 09:47:23 2021
 Total wall-clock time:                  1.845 seconds
==================================================================================
