
================================================================================
          _____________ ________ _______________ ________     _________         
         / ___________// ______ \\_____   _____// ______ \   / ________)        
        / /_________  / /      \ \     | |     / /      \ \ | (_______          
       |  __________|| |        | |    | |    | |        | | \________ \        
        \ \_________ | |        | |    | |     \ \______/ /___________) |       
         \__________||_|        |_|    |_|      \________//____________/        
                                                                                
====================================[ Qcore ]===================================

 Git hash:   ad9d0b24ea610736acb9cf13a2604964cd4d942e
 Git date:   Wed, 30 Jun 2021 12:42:56 +0100
 Compiler:   GNU 9.1.0
 Build type: Release
 Version:    1.4.1

 Start time: Wed Jun 30 13:19:41 2021

 Data directory: /home/of15641/.local/src/Qcore/release/share/entos/1.4.1/data
 Number of threads: 2
 Number of threads was determined by: command line argument
  - More threads can be used by running 'qcore -n 24'

 --------------------------------------------------------------------------------
                                   command: xtb                                  
 --------------------------------------------------------------------------------
 XTB basis setup:                        reference basis
 Number of basis functions:            244
 GFN version:                            chlorophyll
 Integral screening threshold:           1.00e-10
 Total charge:                           0.000000000
 Number of electrons:                  218.000000000
 Electronic temperature (Kelvin):        0.000000000

 D3BJ energy:                           -0.062532599
 Repulsive energy:                       1.521563241

 ****************************************************
  Running robust self-consistent charge (SCC) solver 
 ****************************************************
 Number of SCC trials:                   4
 Using the stop-early mechanism for the first 3 trials

 Conv. threshold (charge):               1.00e-05
 Conv. threshold (energy):               1.00e-06
 Initial guess:                          eeq

 -------------
  SCC Trial 1 
 -------------
 Broyden mixing factor:                  0.400000000
 Max number of iterations:             128

 ---------------------------------------------------------------
                  energy        change          grad        time
 ---------------------------------------------------------------
   0      -130.296899745                    6.61e-01        0.01
   1      -130.889096985     -5.92e-01      3.88e-01        0.01
   2      -130.898029027     -8.93e-03      1.03e-01        0.01
   3      -130.909488724     -1.15e-02      1.05e-02        0.01
   4      -130.910041064     -5.52e-04      5.71e-03        0.01
   5      -130.912303975     -2.26e-03      1.38e-03        0.01
   6      -130.912417613     -1.14e-04      4.09e-04        0.01
   7      -130.912425314     -7.70e-06      1.58e-04        0.01
   8      -130.912426105     -7.90e-07      4.48e-05        0.01
   9      -130.912426119     -1.42e-08      1.59e-05        0.01
  10      -130.912426120     -1.31e-09      4.93e-06        0.01
  11      -130.912426120     -1.80e-10      1.72e-06        0.01

 SCF converged in 10 iterations.

 Entropy contribution (-ST):             0.000000000
 Dipole moment (in Debye):              -2.873885       2.903618      -0.012550

 ----------------
  Excitation 0 1 
 ----------------
 Setting up Delta-SCF
 Ground-Excited state overlap:          -0.000000000
 No correction applied to the TDM.
 Excitation energy:                      0.095288128
 Excitation energy (in eV):              2.592922065
 Transition dipole:                      0.39630      -4.23590       1.05009
 ------------------------------------------------------
           transition charges and positions           
           --------------------------------           
        atom     charge/e     x/bohr        y/bohr        z/bohr
 ------------------------------------------------------
     1  Mg       0.000007     29.793951      2.682277      2.263249
     2  C        0.020016     29.235008     -0.433295      8.241039
     3  C       -0.017700     27.436612      7.964383      5.112919
     4  C       -0.016144     29.462021      5.210202     -3.160057
     5  C        0.014888     30.044945     -3.286101     -0.509527
     6  N        0.000955     28.565459      3.435957      6.190516
     7  C        0.030430     28.553138      2.114925      8.327210
     8  C       -0.000141     27.883892      3.731283     10.695283
     9  C       -0.000161     26.354612      5.946779      9.342334
    10  C       -0.036513     27.568666      5.822964      6.745132
    11  C       -0.004507     23.536218      5.404617      9.076279
    12  C        0.002933     30.293160      4.761467     12.069851
    13  C        0.000205     29.840476      5.828237     14.721741
    14  H        0.000511     31.774120      5.463916     16.642553
    15  N       -0.010728     29.507771      6.272001      1.278740
    16  C       -0.050690     28.526984      8.171648      2.687058
    17  C       -0.092757     28.741657     10.478626      1.124841
    18  C       -0.030518     29.597193      9.702610     -1.441634
    19  C       -0.040595     29.507771      6.990607     -1.221935
    20  C       -0.001205     28.251765     13.082404      2.121293
    21  C       -0.005472     30.353348     11.172061     -3.735441
    22  O       -0.010687     30.610351     10.132182     -5.901029
    23  C       -0.000274     30.626168     13.925392     -3.411712
    24  N        0.004967     29.340587      1.201034     -1.364666
    25  C       -0.024638     29.370312      2.701099     -3.398748
    26  C       -0.000360     29.551802      1.191888     -5.791236
    27  C        0.001001     30.105170     -1.651318     -4.945451
    28  C        0.047779     29.984965     -1.285033     -2.044457
    29  C       -0.002824     27.211659      1.250432     -7.504065
    30  C        0.003502     32.470597     -2.941888     -6.090550
    31  C        0.000487     34.837101     -1.676206     -5.108138
    32  N        0.001223     30.004070     -1.192568      3.591746
    33  C        0.069577     30.046910     -3.386333      2.105571
    34  C        0.058065     29.987478     -5.556702      3.851904
    35  C        0.028899     29.881880     -4.467653      6.247170
    36  C        0.039096     29.825680     -1.787397      6.010066
    37  C        0.001622     29.922245     -8.148896      3.140782
    38  C        0.007322     29.756497     -4.945451      8.949894
    39  O        0.013551     29.919675     -6.843492     10.287764
    40  C        0.000078     29.100422     -2.358095     10.339410
    41  C        0.000218     30.901425     -2.073937     12.520721
    42  O        0.000377     33.207061     -1.745351     12.149881
    43  O        0.000054     29.582415     -1.784525     14.666958
    44  C        0.000012     31.256675     -1.436910     16.897591
    45  H       -0.000017     26.305007      9.590096      5.689984
    46  H       -0.000088     29.557906      6.005209     -5.061896
    47  H        0.001383     30.279554     -5.204041     -1.231516
    48  H        0.001048     26.678587      2.782244     12.070248
    49  H       -0.001158     26.717194      7.776280     10.215784
    50  H       -0.000416     23.083704      3.476680      9.642309
    51  H       -0.001187     23.107514      5.688076      7.081276
    52  H       -0.000832     22.421922      6.803600     10.099207
    53  H        0.000063     30.944662      6.465226     11.113101
    54  H        0.000309     31.756980      3.313540     12.158687
    55  H        0.000083     27.990604      5.283032     15.447245
    56  H        0.000061     29.751810      7.881670     14.584925
    57  H       -0.000016     27.353427     13.027677      3.972563
    58  H       -0.011635     26.841046     13.941776      0.891384
    59  H       -0.009957     29.955957     14.239578      2.138376
    60  H       -0.000777     28.838014     14.713993     -2.759794
    61  H        0.000005     31.339048     14.640596     -5.205761
    62  H       -0.000815     31.998430     14.288900     -1.918223
    63  H       -0.001999     31.101528      1.859207     -6.970141
    64  H        0.005342     28.555633     -2.918399     -5.433567
    65  H       -0.000243     27.602757      1.907660     -9.417186
    66  H       -0.000498     25.786655      2.426692     -6.595409
    67  H       -0.000286     26.216586     -0.544865     -7.668622
    68  H        0.000138     32.478515     -2.735360     -8.138956
    69  H        0.000382     32.586607     -4.953615     -5.663018
    70  H        0.000056     35.046880     -0.056711     -6.361725
    71  H        0.000118     36.451362     -2.947122     -5.268273
    72  H        0.000688     34.563847     -0.947169     -3.200780
    73  H        0.005841     31.244335     -9.121425      4.385185
    74  H        0.000838     30.437290     -8.395184      1.162125
    75  H        0.011598     27.944193     -8.594172      3.502588
    76  H        0.000090     27.144064     -2.501204     10.965060
    77  H       -0.000001     30.750115     -2.888749     18.268323
    78  H        0.000014     31.063167      0.531391     17.473957
    79  H        0.000006     33.254588     -1.853160     16.610655
 ------------------------------------------------------


 -----------------
  Excitation -1 1 
 -----------------
 Setting up Delta-SCF
 Ground-Excited state overlap:           0.000000000
 No correction applied to the TDM.
 Excitation energy:                      0.102301554
 Excitation energy (in eV):              2.783767101
 Transition dipole:                      0.31590      -0.51831      -2.53377
 ------------------------------------------------------
           transition charges and positions           
           --------------------------------           
        atom     charge/e     x/bohr        y/bohr        z/bohr
 ------------------------------------------------------
     1  Mg       0.001802     29.793951      2.682277      2.263249
     2  C       -0.085886     29.235008     -0.433295      8.241039
     3  C       -0.067020     27.436612      7.964383      5.112919
     4  C        0.067536     29.462021      5.210202     -3.160057
     5  C        0.053811     30.044945     -3.286101     -0.509527
     6  N       -0.113096     28.565459      3.435957      6.190516
     7  C       -0.010080     28.553138      2.114925      8.327210
     8  C        0.000210     27.883892      3.731283     10.695283
     9  C       -0.001257     26.354612      5.946779      9.342334
    10  C       -0.005266     27.568666      5.822964      6.745132
    11  C       -0.000628     23.536218      5.404617      9.076279
    12  C       -0.000799     30.293160      4.761467     12.069851
    13  C       -0.000022     29.840476      5.828237     14.721741
    14  H       -0.000077     31.774120      5.463916     16.642553
    15  N        0.029365     29.507771      6.272001      1.278740
    16  C        0.007763     28.526984      8.171648      2.687058
    17  C       -0.010907     28.741657     10.478626      1.124841
    18  C        0.008364     29.597193      9.702610     -1.441634
    19  C       -0.007442     29.507771      6.990607     -1.221935
    20  C       -0.000112     28.251765     13.082404      2.121293
    21  C        0.001143     30.353348     11.172061     -3.735441
    22  O        0.001899     30.610351     10.132182     -5.901029
    23  C        0.000358     30.626168     13.925392     -3.411712
    24  N        0.118662     29.340587      1.201034     -1.364666
    25  C        0.004891     29.370312      2.701099     -3.398748
    26  C        0.001514     29.551802      1.191888     -5.791236
    27  C        0.000827     30.105170     -1.651318     -4.945451
    28  C        0.012637     29.984965     -1.285033     -2.044457
    29  C        0.000574     27.211659      1.250432     -7.504065
    30  C        0.000765     32.470597     -2.941888     -6.090550
    31  C       -0.000067     34.837101     -1.676206     -5.108138
    32  N       -0.015936     30.004070     -1.192568      3.591746
    33  C       -0.000311     30.046910     -3.386333      2.105571
    34  C        0.014843     29.987478     -5.556702      3.851904
    35  C       -0.005251     29.881880     -4.467653      6.247170
    36  C        0.010892     29.825680     -1.787397      6.010066
    37  C        0.000546     29.922245     -8.148896      3.140782
    38  C       -0.001518     29.756497     -4.945451      8.949894
    39  O       -0.003851     29.919675     -6.843492     10.287764
    40  C       -0.000559     29.100422     -2.358095     10.339410
    41  C       -0.004150     30.901425     -2.073937     12.520721
    42  O       -0.002229     33.207061     -1.745351     12.149881
    43  O       -0.000509     29.582415     -1.784525     14.666958
    44  C       -0.000241     31.256675     -1.436910     16.897591
    45  H        0.000061     26.305007      9.590096      5.689984
    46  H       -0.000025     29.557906      6.005209     -5.061896
    47  H        0.000438     30.279554     -5.204041     -1.231516
    48  H       -0.000245     26.678587      2.782244     12.070248
    49  H       -0.000227     26.717194      7.776280     10.215784
    50  H       -0.000340     23.083704      3.476680      9.642309
    51  H       -0.000558     23.107514      5.688076      7.081276
    52  H       -0.000207     22.421922      6.803600     10.099207
    53  H       -0.000066     30.944662      6.465226     11.113101
    54  H       -0.000171     31.756980      3.313540     12.158687
    55  H       -0.000019     27.990604      5.283032     15.447245
    56  H       -0.000018     29.751810      7.881670     14.584925
    57  H       -0.000092     27.353427     13.027677      3.972563
    58  H       -0.000121     26.841046     13.941776      0.891384
    59  H       -0.002021     29.955957     14.239578      2.138376
    60  H        0.000217     28.838014     14.713993     -2.759794
    61  H        0.000020     31.339048     14.640596     -5.205761
    62  H        0.000269     31.998430     14.288900     -1.918223
    63  H        0.000054     31.101528      1.859207     -6.970141
    64  H        0.001548     28.555633     -2.918399     -5.433567
    65  H        0.000096     27.602757      1.907660     -9.417186
    66  H        0.000368     25.786655      2.426692     -6.595409
    67  H        0.000281     26.216586     -0.544865     -7.668622
    68  H        0.000002     32.478515     -2.735360     -8.138956
    69  H        0.000211     32.586607     -4.953615     -5.663018
    70  H        0.000023     35.046880     -0.056711     -6.361725
    71  H        0.000046     36.451362     -2.947122     -5.268273
    72  H        0.000147     34.563847     -0.947169     -3.200780
    73  H        0.002205     31.244335     -9.121425      4.385185
    74  H       -0.000121     30.437290     -8.395184      1.162125
    75  H        0.002725     27.944193     -8.594172      3.502588
    76  H       -0.005422     27.144064     -2.501204     10.965060
    77  H       -0.000039     30.750115     -2.888749     18.268323
    78  H       -0.000093     31.063167      0.531391     17.473957
    79  H       -0.000112     33.254588     -1.853160     16.610655
 ------------------------------------------------------


 ----------------
  Excitation 0 2 
 ----------------
 Setting up Delta-SCF
 Ground-Excited state overlap:           0.000000000
 No correction applied to the TDM.
 Excitation energy:                      0.149820461
 Excitation energy (in eV):              4.076822420
 Transition dipole:                      0.17038      -0.34525      -1.95875
 ------------------------------------------------------
           transition charges and positions           
           --------------------------------           
        atom     charge/e     x/bohr        y/bohr        z/bohr
 ------------------------------------------------------
     1  Mg       0.000998     29.793951      2.682277      2.263249
     2  C        0.010741     29.235008     -0.433295      8.241039
     3  C        0.013924     27.436612      7.964383      5.112919
     4  C       -0.009781     29.462021      5.210202     -3.160057
     5  C       -0.016183     30.044945     -3.286101     -0.509527
     6  N       -0.000199     28.565459      3.435957      6.190516
     7  C       -0.061184     28.553138      2.114925      8.327210
     8  C       -0.000436     27.883892      3.731283     10.695283
     9  C       -0.000150     26.354612      5.946779      9.342334
    10  C       -0.057619     27.568666      5.822964      6.745132
    11  C       -0.004535     23.536218      5.404617      9.076279
    12  C       -0.007066     30.293160      4.761467     12.069851
    13  C       -0.000461     29.840476      5.828237     14.721741
    14  H       -0.005135     31.774120      5.463916     16.642553
    15  N       -0.026882     29.507771      6.272001      1.278740
    16  C       -0.024414     28.526984      8.171648      2.687058
    17  C        0.000287     28.741657     10.478626      1.124841
    18  C       -0.016893     29.597193      9.702610     -1.441634
    19  C        0.086180     29.507771      6.990607     -1.221935
    20  C       -0.000309     28.251765     13.082404      2.121293
    21  C       -0.009221     30.353348     11.172061     -3.735441
    22  O       -0.013761     30.610351     10.132182     -5.901029
    23  C        0.000127     30.626168     13.925392     -3.411712
    24  N       -0.002227     29.340587      1.201034     -1.364666
    25  C        0.086880     29.370312      2.701099     -3.398748
    26  C       -0.001068     29.551802      1.191888     -5.791236
    27  C       -0.000405     30.105170     -1.651318     -4.945451
    28  C        0.066778     29.984965     -1.285033     -2.044457
    29  C        0.009572     27.211659      1.250432     -7.504065
    30  C        0.004707     32.470597     -2.941888     -6.090550
    31  C        0.000693     34.837101     -1.676206     -5.108138
    32  N        0.004483     30.004070     -1.192568      3.591746
    33  C        0.034327     30.046910     -3.386333      2.105571
    34  C       -0.032058     29.987478     -5.556702      3.851904
    35  C        0.002810     29.881880     -4.467653      6.247170
    36  C       -0.034679     29.825680     -1.787397      6.010066
    37  C       -0.000077     29.922245     -8.148896      3.140782
    38  C       -0.001199     29.756497     -4.945451      8.949894
    39  O       -0.001559     29.919675     -6.843492     10.287764
    40  C       -0.000105     29.100422     -2.358095     10.339410
    41  C        0.000309     30.901425     -2.073937     12.520721
    42  O        0.000261     33.207061     -1.745351     12.149881
    43  O        0.000077     29.582415     -1.784525     14.666958
    44  C        0.000002     31.256675     -1.436910     16.897591
    45  H        0.000229     26.305007      9.590096      5.689984
    46  H       -0.000529     29.557906      6.005209     -5.061896
    47  H        0.001196     30.279554     -5.204041     -1.231516
    48  H       -0.001165     26.678587      2.782244     12.070248
    49  H       -0.001303     26.717194      7.776280     10.215784
    50  H       -0.000299     23.083704      3.476680      9.642309
    51  H       -0.001036     23.107514      5.688076      7.081276
    52  H       -0.000782     22.421922      6.803600     10.099207
    53  H       -0.000218     30.944662      6.465226     11.113101
    54  H       -0.000250     31.756980      3.313540     12.158687
    55  H        0.000640     27.990604      5.283032     15.447245
    56  H       -0.000337     29.751810      7.881670     14.584925
    57  H        0.000096     27.353427     13.027677      3.972563
    58  H       -0.000533     26.841046     13.941776      0.891384
    59  H        0.000502     29.955957     14.239578      2.138376
    60  H       -0.001260     28.838014     14.713993     -2.759794
    61  H        0.000046     31.339048     14.640596     -5.205761
    62  H       -0.001379     31.998430     14.288900     -1.918223
    63  H        0.006525     31.101528      1.859207     -6.970141
    64  H        0.005045     28.555633     -2.918399     -5.433567
    65  H        0.001574     27.602757      1.907660     -9.417186
    66  H        0.002448     25.786655      2.426692     -6.595409
    67  H        0.002108     26.216586     -0.544865     -7.668622
    68  H        0.000524     32.478515     -2.735360     -8.138956
    69  H        0.000557     32.586607     -4.953615     -5.663018
    70  H        0.000205     35.046880     -0.056711     -6.361725
    71  H        0.000047     36.451362     -2.947122     -5.268273
    72  H        0.000661     34.563847     -0.947169     -3.200780
    73  H       -0.002409     31.244335     -9.121425      4.385185
    74  H       -0.000427     30.437290     -8.395184      1.162125
    75  H       -0.006114     27.944193     -8.594172      3.502588
    76  H        0.000095     27.144064     -2.501204     10.965060
    77  H       -0.000003     30.750115     -2.888749     18.268323
    78  H        0.000004     31.063167      0.531391     17.473957
    79  H       -0.000004     33.254588     -1.853160     16.610655
 ------------------------------------------------------


 -----------------
  Excitation -1 2 
 -----------------
 Setting up Delta-SCF
 Ground-Excited state overlap:           0.000000000
 No correction applied to the TDM.
 Excitation energy:                      0.164101559
 Excitation energy (in eV):              4.465430902
 Transition dipole:                     -0.13223       1.79672      -0.32941
 ------------------------------------------------------
           transition charges and positions           
           --------------------------------           
        atom     charge/e     x/bohr        y/bohr        z/bohr
 ------------------------------------------------------
     1  Mg       0.006410     29.793951      2.682277      2.263249
     2  C       -0.047020     29.235008     -0.433295      8.241039
     3  C        0.051732     27.436612      7.964383      5.112919
     4  C        0.036079     29.462021      5.210202     -3.160057
     5  C       -0.059741     30.044945     -3.286101     -0.509527
     6  N        0.013804     28.565459      3.435957      6.190516
     7  C        0.020266     28.553138      2.114925      8.327210
     8  C       -0.001081     27.883892      3.731283     10.695283
     9  C        0.000218     26.354612      5.946779      9.342334
    10  C       -0.008034     27.568666      5.822964      6.745132
    11  C       -0.000665     23.536218      5.404617      9.076279
    12  C        0.001953     30.293160      4.761467     12.069851
    13  C       -0.000159     29.840476      5.828237     14.721741
    14  H        0.000743     31.774120      5.463916     16.642553
    15  N        0.093652     29.507771      6.272001      1.278740
    16  C        0.002811     28.526984      8.171648      2.687058
    17  C        0.000271     28.741657     10.478626      1.124841
    18  C        0.004842     29.597193      9.702610     -1.441634
    19  C        0.015464     29.507771      6.990607     -1.221935
    20  C        0.000374     28.251765     13.082404      2.121293
    21  C        0.002706     30.353348     11.172061     -3.735441
    22  O        0.002694     30.610351     10.132182     -5.901029
    23  C        0.000965     30.626168     13.925392     -3.411712
    24  N       -0.044745     29.340587      1.201034     -1.364666
    25  C       -0.016428     29.370312      2.701099     -3.398748
    26  C        0.000891     29.551802      1.191888     -5.791236
    27  C       -0.000003     30.105170     -1.651318     -4.945451
    28  C        0.018442     29.984965     -1.285033     -2.044457
    29  C       -0.001206     27.211659      1.250432     -7.504065
    30  C        0.001073     32.470597     -2.941888     -6.090550
    31  C       -0.000188     34.837101     -1.676206     -5.108138
    32  N       -0.065511     30.004070     -1.192568      3.591746
    33  C        0.000907     30.046910     -3.386333      2.105571
    34  C       -0.008080     29.987478     -5.556702      3.851904
    35  C       -0.000356     29.881880     -4.467653      6.247170
    36  C       -0.009221     29.825680     -1.787397      6.010066
    37  C       -0.000034     29.922245     -8.148896      3.140782
    38  C        0.000160     29.756497     -4.945451      8.949894
    39  O        0.000334     29.919675     -6.843492     10.287764
    40  C        0.001205     29.100422     -2.358095     10.339410
    41  C       -0.005751     30.901425     -2.073937     12.520721
    42  O       -0.001644     33.207061     -1.745351     12.149881
    43  O       -0.000791     29.582415     -1.784525     14.666958
    44  C       -0.000343     31.256675     -1.436910     16.897591
    45  H        0.000281     26.305007      9.590096      5.689984
    46  H       -0.000126     29.557906      6.005209     -5.061896
    47  H        0.000358     30.279554     -5.204041     -1.231516
    48  H        0.000246     26.678587      2.782244     12.070248
    49  H       -0.000234     26.717194      7.776280     10.215784
    50  H       -0.000335     23.083704      3.476680      9.642309
    51  H       -0.000384     23.107514      5.688076      7.081276
    52  H       -0.000185     22.421922      6.803600     10.099207
    53  H        0.000122     30.944662      6.465226     11.113101
    54  H        0.000175     31.756980      3.313540     12.158687
    55  H       -0.000183     27.990604      5.283032     15.447245
    56  H        0.000103     29.751810      7.881670     14.584925
    57  H        0.000201     27.353427     13.027677      3.972563
    58  H        0.000006     26.841046     13.941776      0.891384
    59  H        0.000133     29.955957     14.239578      2.138376
    60  H        0.000407     28.838014     14.713993     -2.759794
    61  H        0.000204     31.339048     14.640596     -5.205761
    62  H        0.000466     31.998430     14.288900     -1.918223
    63  H        0.000333     31.101528      1.859207     -6.970141
    64  H        0.001383     28.555633     -2.918399     -5.433567
    65  H       -0.000445     27.602757      1.907660     -9.417186
    66  H       -0.000596     25.786655      2.426692     -6.595409
    67  H       -0.000485     26.216586     -0.544865     -7.668622
    68  H        0.000096     32.478515     -2.735360     -8.138956
    69  H        0.000307     32.586607     -4.953615     -5.663018
    70  H        0.000044     35.046880     -0.056711     -6.361725
    71  H        0.000020     36.451362     -2.947122     -5.268273
    72  H        0.000172     34.563847     -0.947169     -3.200780
    73  H       -0.000921     31.244335     -9.121425      4.385185
    74  H        0.000088     30.437290     -8.395184      1.162125
    75  H       -0.001451     27.944193     -8.594172      3.502588
    76  H       -0.006595     27.144064     -2.501204     10.965060
    77  H       -0.000186     30.750115     -2.888749     18.268323
    78  H       -0.000167     31.063167      0.531391     17.473957
    79  H        0.000150     33.254588     -1.853160     16.610655
 ------------------------------------------------------

 TOTAL ENERGY:                        -130.912426120

 --------------------------------------------------------------------------------

 End time:                               Wed Jun 30 13:19:41 2021
 Total wall-clock time:                  0.342 seconds
==================================================================================
