
================================================================================
          _____________ ________ _______________ ________     _________         
         / ___________// ______ \\_____   _____// ______ \   / ________)        
        / /_________  / /      \ \     | |     / /      \ \ | (_______          
       |  __________|| |        | |    | |    | |        | | \________ \        
        \ \_________ | |        | |    | |     \ \______/ /___________) |       
         \__________||_|        |_|    |_|      \________//____________/        
                                                                                
====================================[ Qcore ]===================================

 Git hash:   035eaa6e02832a1eaacaa1f2c2b4151870260895
 Git date:   Fri, 20 Aug 2021 11:46:14 +0100
 Compiler:   GNU 9.1.0
 Build type: Release
 Version:    2.0.0

 Start time: Fri Aug 20 13:47:27 2021

 Data directory: /home/of15641/.local/src/Qcore/release/share/entos/2.0.0/data
 Number of threads: 2
 Number of threads was determined by: command line argument
  - More threads can be used by running 'qcore -n 28'

 --------------------------------------------------------------------------------
                                   command: xtb                                  
 --------------------------------------------------------------------------------
 XTB basis setup:                        reference basis
 Implicit solvation model:               none
 Number of basis functions:            244
 GFN version:                            chlorophyll
 Integral screening threshold:           1.00e-10
 Total charge:                           0.000000000
 Number of electrons:                  218.000000000
 Electronic temperature (Kelvin):        0.000000000

 D3BJ energy:                           -0.062562659
 Repulsive energy:                       1.518570913

 ****************************************************
  Running robust self-consistent charge (SCC) solver 
 ****************************************************
 Number of SCC trials:                   4
 Using the stop-early mechanism for the first 3 trials

 Conv. threshold (charge):               1.00e-05
 Conv. threshold (energy):               1.00e-06
 Initial guess:                          eeq

 -------------
  SCC Trial 1 
 -------------
 Broyden mixing factor:                  0.400000000
 Max number of iterations:             128

 ---------------------------------------------------------------
                  energy        change          grad        time
 ---------------------------------------------------------------
   0      -125.881409772                    6.23e-01        0.02
   1      -126.546253343     -6.65e-01      3.67e-01        0.02
   2      -126.553345634     -7.09e-03      1.27e-01        0.01
   3      -126.591600739     -3.83e-02      1.49e-02        0.01
   4      -126.593961862     -2.36e-03      1.05e-02        0.01
   5      -126.601774926     -7.81e-03      3.00e-03        0.01
   6      -126.602332383     -5.57e-04      9.41e-04        0.01
   7      -126.602381843     -4.95e-05      2.60e-04        0.01
   8      -126.602384663     -2.82e-06      7.48e-05        0.01
   9      -126.602384711     -4.81e-08      3.01e-05        0.01
  10      -126.602384720     -8.57e-09      1.12e-05        0.01
  11      -126.602384721     -1.47e-09      3.93e-06        0.01
  12      -126.602384722     -1.05e-10      1.16e-06        0.01

 SCF converged in 11 iterations.

 Entropy contribution (-ST):             0.000000000
 Dipole moment (in Debye):              -1.846324      -3.080170      -1.260462

 ----------------
  Excitation 0 1 
 ----------------
 Setting up Delta-SCF
 Ground-Excited state overlap:          -0.000000000
 No correction applied to the TDM.
 Excitation energy:                      0.064990424
 Excitation energy (in eV):              1.768479539
 Transition dipole:                     -0.18396       2.79013      -0.13372

 -----------------
  Excitation -1 1 
 -----------------
 Setting up Delta-SCF
 Ground-Excited state overlap:           0.000000000
 No correction applied to the TDM.
 Excitation energy:                      0.082077460
 Excitation energy (in eV):              2.233441454
 Transition dipole:                     -0.06170      -0.04670       1.76075

 ----------------
  Excitation 0 2 
 ----------------
 Setting up Delta-SCF
 Ground-Excited state overlap:           0.000000000
 No correction applied to the TDM.
 Excitation energy:                      0.112402592
 Excitation energy (in eV):              3.058630344
 Transition dipole:                     -0.16677      -0.05529       0.58199

 -----------------
  Excitation -1 2 
 -----------------
 Setting up Delta-SCF
 Ground-Excited state overlap:           0.000000000
 No correction applied to the TDM.
 Excitation energy:                      0.131255757
 Excitation energy (in eV):              3.571651097
 Transition dipole:                      0.14281      -0.68343      -0.12074
 TOTAL ENERGY:                        -126.602384722
 Saving results in set 'res'

 --------------------------------------------------------------------------------
                                  command: print                                 
 --------------------------------------------------------------------------------
 res.energy:                          -126.6023847215

 --------------------------------------------------------------------------------
                                  command: print                                 
 --------------------------------------------------------------------------------

 res.dipole:
                      1
 1        -0.7263997540
 2        -1.2118321336
 3        -0.4959039295

 --------------------------------------------------------------------------------
                                  command: print                                 
 --------------------------------------------------------------------------------

 res.atomic_charges:
                      1
 1         0.4471557188
 2        -0.0525461442
 3        -0.1035981176
 4        -0.0950728480
 5        -0.0775612750
 6        -0.2174435184
 7         0.1259184111
 8        -0.0264362808
 9        -0.0162665917
 10        0.1102260760
 11       -0.0941683801
 12       -0.0315488512
 13       -0.0754307532
 14        0.0132052699
 15       -0.2534155185
 16        0.1248623242
 17       -0.0206405945
 18       -0.1162083905
 19        0.1530191926
 20       -0.0939166306
 21        0.3637296306
 22       -0.4688280939
 23       -0.1393714677
 24       -0.2341781165
 25        0.1401759097
 26       -0.0078696640
 27       -0.0306199376
 28        0.1183823490
 29       -0.0934672481
 30       -0.0312722367
 31       -0.0953499062
 32       -0.2676595568
 33        0.0931487278
 34        0.0198558638
 35       -0.1209480619
 36        0.1327376910
 37       -0.0959560625
 38        0.3699911485
 39       -0.4469438257
 40       -0.0936772694
 41        0.5514732826
 42       -0.4939475520
 43       -0.3428748928
 44        0.1150065691
 45        0.0386147233
 46        0.0475080777
 47        0.0268377521
 48        0.0321180664
 49        0.0288837461
 50        0.0429912567
 51        0.0323196889
 52        0.0343951943
 53        0.0268553136
 54        0.0471180142
 55        0.0194633024
 56        0.0151021511
 57        0.0371960410
 58        0.0351608168
 59        0.0470037843
 60        0.0603400387
 61        0.0679749588
 62        0.0462365586
 63        0.0344437152
 64        0.0259589845
 65        0.0371598014
 66        0.0264794275
 67        0.0262280388
 68        0.0259710583
 69        0.0218051121
 70        0.0278751653
 71        0.0391133469
 72        0.0321013119
 73        0.0696814549
 74        0.0451632905
 75        0.0647511024
 76        0.0553842532
 77        0.0445077231
 78        0.0424190308
 79        0.0531673194

 --------------------------------------------------------------------------------
                                  command: print                                 
 --------------------------------------------------------------------------------
 res.excitation_1_energy:                0.0649904244

 --------------------------------------------------------------------------------
                                  command: print                                 
 --------------------------------------------------------------------------------
 res.excitation_1_transition_dipole : [
  -0.18395734916283993,
  2.7901345980440992,
  -0.1337159512282265
]

 --------------------------------------------------------------------------------
                                  command: print                                 
 --------------------------------------------------------------------------------

 res.excitation_1_transition_charges:
                      1
 1        -0.0002573522
 2         0.0160187694
 3        -0.0107817353
 4        -0.0119685644
 5         0.0092364781
 6         0.0012850619
 7         0.0187216335
 8        -0.0001587426
 9         0.0000239095
 10       -0.0233665934
 11       -0.0025096966
 12        0.0016155505
 13        0.0001905901
 14        0.0003482308
 15       -0.0056071813
 16       -0.0343669094
 17       -0.0608125430
 18       -0.0212377545
 19       -0.0235700075
 20       -0.0007859405
 21       -0.0052818190
 22       -0.0077413587
 23       -0.0002051303
 24       -0.0003544025
 25       -0.0156556491
 26       -0.0004077352
 27        0.0006383993
 28        0.0292081523
 29       -0.0013210666
 30        0.0014080624
 31        0.0004295527
 32        0.0009962814
 33        0.0455162397
 34        0.0419129859
 35        0.0183297788
 36        0.0237006084
 37        0.0011766961
 38        0.0063688035
 39        0.0093741110
 40        0.0000461648
 41        0.0001019499
 42        0.0002241205
 43        0.0000246697
 44        0.0000032437
 45       -0.0000093551
 46       -0.0001069645
 47        0.0008779674
 48        0.0002728562
 49       -0.0002795559
 50       -0.0003780101
 51       -0.0005480447
 52       -0.0005440498
 53        0.0000840809
 54        0.0002120136
 55       -0.0000175992
 56        0.0000785536
 57       -0.0000199761
 58       -0.0042661996
 59       -0.0041347468
 60       -0.0004372065
 61        0.0000031468
 62       -0.0004564207
 63       -0.0006801338
 64        0.0024348661
 65       -0.0002242899
 66       -0.0002866389
 67       -0.0002746868
 68        0.0000725281
 69        0.0001692526
 70        0.0000030436
 71        0.0000380994
 72        0.0002047814
 73        0.0022826475
 74        0.0004550258
 75        0.0048632399
 76        0.0000963228
 77       -0.0000005370
 78        0.0000053954
 79        0.0000007329

 --------------------------------------------------------------------------------
                                  command: print                                 
 --------------------------------------------------------------------------------
 res.excitation_1_excited_dipole : [
  -1.0207382923588155,
  -1.1815906232367936,
  -0.5795375122013411
]

 --------------------------------------------------------------------------------
                                  command: print                                 
 --------------------------------------------------------------------------------

 res.excitation_1_excited_atomic_charges:
                      1
 1         0.4476041273
 2        -0.1194640934
 3        -0.1472228643
 4        -0.1464597382
 5        -0.1111725913
 6        -0.2912797956
 7         0.1877410554
 8        -0.0250842433
 9        -0.0149021764
 10        0.1879076812
 11       -0.0888395017
 12       -0.0282373346
 13       -0.0755618177
 14        0.0132603057
 15       -0.2536589109
 16        0.1770774767
 17       -0.0480076710
 18       -0.1450428329
 19        0.2152354251
 20       -0.0926670441
 21        0.3404632684
 22       -0.4886043458
 23       -0.1397935065
 24       -0.3131357143
 25        0.2044363786
 26       -0.0071891851
 27       -0.0286679804
 28        0.1796680296
 29       -0.0879093688
 30       -0.0282767695
 31       -0.0943495315
 32       -0.2693177429
 33        0.1484904691
 34       -0.0030181394
 35       -0.1335145857
 36        0.1717074320
 37       -0.0947334336
 38        0.3540611676
 39       -0.4603968504
 40       -0.0937731360
 41        0.5503952900
 42       -0.4946154454
 43       -0.3429974521
 44        0.1149431189
 45        0.0386289345
 46        0.0480973420
 47        0.0283084143
 48        0.0339254237
 49        0.0305078433
 50        0.0431297215
 51        0.0326029396
 52        0.0351297431
 53        0.0267738313
 54        0.0472374042
 55        0.0194537300
 56        0.0151619147
 57        0.0371467429
 58        0.0354941766
 59        0.0462624673
 60        0.0585315356
 61        0.0679595243
 62        0.0447381321
 63        0.0389774281
 64        0.0343191788
 65        0.0380389333
 66        0.0271900806
 67        0.0270211003
 68        0.0261029337
 69        0.0218751246
 70        0.0278769280
 71        0.0392448736
 72        0.0322121620
 73        0.0687782531
 74        0.0451866782
 75        0.0648559782
 76        0.0540756022
 77        0.0445033933
 78        0.0423924979
 79        0.0531616105

 --------------------------------------------------------------------------------
                                  command: print                                 
 --------------------------------------------------------------------------------
 res.excitation_2_energy:                0.0820774596

 --------------------------------------------------------------------------------
                                  command: print                                 
 --------------------------------------------------------------------------------
 res.excitation_2_transition_dipole : [
  -0.061704397643858946,
  -0.046701709204514594,
  1.7607524399864243
]

 --------------------------------------------------------------------------------
                                  command: print                                 
 --------------------------------------------------------------------------------

 res.excitation_2_transition_charges:
                      1
 1         0.0017859847
 2        -0.0705869945
 3        -0.0446044212
 4         0.0482849277
 5         0.0387282873
 6        -0.0507341173
 7        -0.0080013256
 8         0.0005033140
 9        -0.0009841693
 10       -0.0043407045
 11       -0.0005495825
 12       -0.0005660079
 13        0.0000268903
 14       -0.0000506021
 15        0.0107652384
 16        0.0087139955
 17       -0.0223771814
 18        0.0188459346
 19       -0.0068314038
 20       -0.0003684624
 21        0.0034544307
 22        0.0055467222
 23        0.0003763396
 24        0.0522026439
 25        0.0042113702
 26        0.0011670193
 27        0.0007705498
 28        0.0113729780
 29        0.0004036808
 30        0.0004808551
 31        0.0000799766
 32       -0.0074283767
 33       -0.0009338647
 34        0.0236555327
 35       -0.0121050678
 36        0.0119346384
 37        0.0008454221
 38       -0.0031309440
 39       -0.0064152172
 40       -0.0006535392
 41       -0.0018795811
 42       -0.0013255115
 43       -0.0002236179
 44       -0.0001342111
 45        0.0000350478
 46       -0.0000316033
 47        0.0003553150
 48       -0.0000885843
 49       -0.0001194093
 50       -0.0003722022
 51       -0.0002899506
 52       -0.0002367051
 53       -0.0000236569
 54       -0.0001069895
 55        0.0000059558
 56       -0.0000185674
 57       -0.0000540871
 58       -0.0007979755
 59       -0.0022942135
 60        0.0004471300
 61        0.0000318946
 62        0.0003196365
 63        0.0000824252
 64        0.0009707959
 65        0.0000900621
 66        0.0001780342
 67        0.0003346646
 68       -0.0000276033
 69        0.0000836260
 70        0.0000020278
 71        0.0000243183
 72        0.0000591950
 73        0.0019930302
 74        0.0000311858
 75        0.0025514231
 76       -0.0029884658
 77       -0.0000170045
 78       -0.0000438402
 79       -0.0000167376

 --------------------------------------------------------------------------------
                                  command: print                                 
 --------------------------------------------------------------------------------
 res.excitation_3_energy:                0.1124025919

 --------------------------------------------------------------------------------
                                  command: print                                 
 --------------------------------------------------------------------------------
 res.excitation_3_transition_dipole : [
  -0.16676843943263997,
  -0.05529309850844002,
  0.5819902209609055
]

 --------------------------------------------------------------------------------
                                  command: print                                 
 --------------------------------------------------------------------------------

 res.excitation_3_transition_charges:
                      1
 1        -0.0001394052
 2        -0.0014272909
 3         0.0003242136
 4        -0.0042747016
 5        -0.0100567816
 6         0.0003896308
 7        -0.0045340269
 8         0.0000223021
 9         0.0001360153
 10        0.0124183785
 11        0.0017807975
 12       -0.0011504919
 13       -0.0001567163
 14       -0.0006967462
 15       -0.0098863473
 16        0.0111483418
 17       -0.0450161267
 18       -0.0150126399
 19        0.0582911052
 20       -0.0002313385
 21       -0.0148699557
 22       -0.0165656561
 23       -0.0002292725
 24        0.0000729665
 25        0.0562743428
 26       -0.0004968734
 27       -0.0000121696
 28        0.0323268950
 29        0.0047596689
 30        0.0013730623
 31        0.0003669203
 32        0.0010688906
 33        0.0104283059
 34       -0.0342082862
 35       -0.0078754699
 36       -0.0047391932
 37       -0.0004649746
 38       -0.0073975562
 39       -0.0084000847
 40        0.0000254905
 41        0.0000432545
 42       -0.0000208262
 43        0.0000059293
 44       -0.0000002853
 45        0.0000943254
 46       -0.0000918138
 47        0.0004377093
 48        0.0001001587
 49        0.0000718399
 50        0.0002961885
 51        0.0003192224
 52        0.0004906873
 53       -0.0000940588
 54       -0.0001833277
 55        0.0000614486
 56       -0.0001174860
 57       -0.0000143979
 58       -0.0027483148
 59       -0.0030791296
 60       -0.0012163156
 61        0.0000251267
 62       -0.0011482896
 63        0.0027252853
 64        0.0021134837
 65        0.0011363983
 66        0.0013619996
 67        0.0011827084
 68        0.0001823764
 69        0.0001540413
 70        0.0000116335
 71        0.0000091367
 72        0.0000806056
 73       -0.0015889188
 74       -0.0003119541
 75       -0.0037312561
 76        0.0000797392
 77       -0.0000014238
 78       -0.0000001069
 79       -0.0000006162

 --------------------------------------------------------------------------------
                                  command: print                                 
 --------------------------------------------------------------------------------
 res.excitation_4_energy:                0.1312557568

 --------------------------------------------------------------------------------
                                  command: print                                 
 --------------------------------------------------------------------------------
 res.excitation_4_transition_dipole : [
  0.142807660774329,
  -0.6834306448231711,
  -0.12073652742837448
]

 --------------------------------------------------------------------------------
                                  command: print                                 
 --------------------------------------------------------------------------------

 res.excitation_4_transition_charges:
                      1
 1         0.0023645856
 2         0.0061344445
 3         0.0008021252
 4         0.0155879427
 5        -0.0427591192
 6         0.0093967763
 7         0.0019428547
 8        -0.0005462030
 9         0.0005580005
 10        0.0023217472
 11        0.0003037197
 12        0.0004090682
 13       -0.0001004652
 14        0.0001004837
 15        0.0217178560
 16       -0.0031391910
 17       -0.0168196718
 18        0.0130490886
 19        0.0171206964
 20       -0.0001459630
 21        0.0100709318
 22        0.0120313182
 23        0.0008482662
 24       -0.0273768021
 25       -0.0144810700
 26        0.0008275591
 27        0.0004115352
 28        0.0129595642
 29       -0.0008862604
 30        0.0005018915
 31        0.0000547070
 32       -0.0083955548
 33        0.0000171425
 34       -0.0192958676
 35        0.0050500521
 36       -0.0021458221
 37       -0.0003417001
 38        0.0035131195
 39        0.0055815105
 40        0.0000826969
 41       -0.0012623401
 42       -0.0003329352
 43       -0.0001588246
 44       -0.0001172544
 45        0.0001700037
 46       -0.0000282398
 47        0.0001706840
 48       -0.0000136238
 49        0.0000558168
 50        0.0002591340
 51        0.0000746406
 52        0.0002110405
 53        0.0000264049
 54        0.0000905561
 55       -0.0000172688
 56        0.0000290387
 57       -0.0000243778
 58       -0.0005568017
 59       -0.0017184675
 60        0.0013039659
 61        0.0002105167
 62        0.0008372521
 63       -0.0001156050
 64        0.0007738654
 65       -0.0004241056
 66       -0.0002238800
 67       -0.0006768402
 68        0.0000164994
 69        0.0000925923
 70        0.0000009094
 71        0.0000055712
 72        0.0000218903
 73       -0.0013917329
 74       -0.0000094972
 75       -0.0019587268
 76       -0.0025751418
 77       -0.0000509810
 78       -0.0000426648
 79        0.0000229333

 --------------------------------------------------------------------------------

 End time:                               Fri Aug 20 13:47:27 2021
 Total wall-clock time:                  0.679 seconds
==================================================================================
