
================================================================================
          _____________ ________ _______________ ________     _________         
         / ___________// ______ \\_____   _____// ______ \   / ________)        
        / /_________  / /      \ \     | |     / /      \ \ | (_______          
       |  __________|| |        | |    | |    | |        | | \________ \        
        \ \_________ | |        | |    | |     \ \______/ /___________) |       
         \__________||_|        |_|    |_|      \________//____________/        
                                                                                
====================================[ Qcore ]===================================

 Git hash:   4f46786782e696c626e0064ff3d1a47267e124c4
 Git date:   Wed, 30 Jun 2021 10:19:53 +0100
 Compiler:   AppleClang 10.0.1.10010046
 Build type: Release
 Version:    1.4.1

 Start time: Mon Jul  5 14:40:11 2021

 Data directory: /Users/of15641/qcore/cmake-build-release/share/entos/1.4.1/data
 Number of threads: 2
 Number of threads was determined by: number of physical cores

 --------------------------------------------------------------------------------
                                   command: xtb                                  
 --------------------------------------------------------------------------------
 XTB basis setup:                        reference basis
 Number of basis functions:            488
 GFN version:                            chlorophyll
 Integral screening threshold:           1.00e-10
 Total charge:                           0.000000000
 Number of electrons:                  436.000000000
 Electronic temperature (Kelvin):        0.000000000

 D3BJ energy:                           -0.129215265
 Repulsive energy:                       3.040135524

 ****************************************************
  Running robust self-consistent charge (SCC) solver 
 ****************************************************
 Number of SCC trials:                   4
 Using the stop-early mechanism for the first 3 trials

 Conv. threshold (charge):               1.00e-05
 Conv. threshold (energy):               1.00e-06
 Initial guess:                          eeq

 -------------
  SCC Trial 1 
 -------------
 Broyden mixing factor:                  0.400000000
 Max number of iterations:             128

 ---------------------------------------------------------------
                  energy        change          grad        time
 ---------------------------------------------------------------
   0      -260.593530281                    6.61e-01        0.07
   1      -261.778790563     -1.19e+00      3.88e-01        0.06
   2      -261.796147415     -1.74e-02      1.04e-01        0.09
   3      -261.819166832     -2.30e-02      1.08e-02        0.06
   4      -261.820283595     -1.12e-03      6.18e-03        0.06
   5      -261.825740185     -5.46e-03      1.42e-03        0.10
   6      -261.825985066     -2.45e-04      4.41e-04        0.06
   7      -261.826004003     -1.89e-05      1.60e-04        0.06
   8      -261.826005579     -1.58e-06      4.70e-05        0.06
   9      -261.826005604     -2.50e-08      1.77e-05        0.06
  10      -261.826005605     -8.86e-10      9.35e-06        0.06
  11      -261.826005615     -9.55e-09      3.31e-06        0.07

 SCF converged in 10 iterations.

 Entropy contribution (-ST):             0.000000000
 Dipole moment (in Debye):              -5.340980       3.191343      -2.171428

 ----------------
  Excitation 0 1 
 ----------------
 Setting up Delta-SCF
 Ground-Excited state overlap:          -0.000000000
 No correction applied to the TDM.
 Excitation energy:                      0.055548624
 Excitation energy (in eV):              1.511555063
 Transition dipole:                     -0.00310      -0.04605       0.01888

 -----------------
  Excitation -1 1 
 -----------------
 Setting up Delta-SCF
 Ground-Excited state overlap:          -0.000000000
 No correction applied to the TDM.
 Excitation energy:                      0.095736541
 Excitation energy (in eV):              2.605123998
 Transition dipole:                     -0.46859       4.35538      -0.22509

 ----------------
  Excitation 0 2 
 ----------------
 Setting up Delta-SCF
 Ground-Excited state overlap:          -0.000000000
 No correction applied to the TDM.
 Excitation energy:                      0.095243254
 Excitation energy (in eV):              2.591700969
 Transition dipole:                     -0.25010      -0.02284       4.38668

 -----------------
  Excitation -1 2 
 -----------------
 Setting up Delta-SCF
 Ground-Excited state overlap:           0.000000000
 No correction applied to the TDM.
 Excitation energy:                      0.064477623
 Excitation energy (in eV):              1.754525506
 Transition dipole:                     -0.00721      -0.01640       0.04636
 TOTAL ENERGY:                        -261.826005615
 Saving results in set 'res'

 --------------------------------------------------------------------------------
                                  command: print                                 
 --------------------------------------------------------------------------------
 res.energy:                          -261.8260056145

 --------------------------------------------------------------------------------
                                  command: print                                 
 --------------------------------------------------------------------------------

 res.dipole:
                      1
 1        -2.1013032651
 2         1.2555709717
 3        -0.8543055357

 --------------------------------------------------------------------------------
                                  command: print                                 
 --------------------------------------------------------------------------------

 res.atomic_charges:
                      1
 1         0.3727364104
 2        -0.0562555644
 3        -0.1087746655
 4        -0.0936766511
 5        -0.0763676973
 6        -0.2368395314
 7         0.1301462180
 8        -0.0291678992
 9        -0.0284181299
 10        0.1183989375
 11       -0.0892208606
 12       -0.0576309648
 13       -0.0783003295
 14        0.0145533511
 15       -0.2952064465
 16        0.1399678486
 17       -0.0396819715
 18       -0.1157114077
 19        0.1611672349
 20       -0.0833946190
 21        0.3348338765
 22       -0.4220169478
 23       -0.1296697506
 24       -0.2501218140
 25        0.1497703351
 26       -0.0210248083
 27       -0.0355496095
 28        0.1165577587
 29       -0.0922542087
 30       -0.0527755624
 31       -0.0934926036
 32       -0.3010756575
 33        0.1035372698
 34        0.0042378326
 35       -0.1127784669
 36        0.1480691119
 37       -0.0867062200
 38        0.3446365219
 39       -0.3965325262
 40       -0.1067838495
 41        0.5196042133
 42       -0.4702749322
 43       -0.2890271076
 44        0.1052246716
 45        0.0517634433
 46        0.0509412088
 47        0.0400994684
 48        0.0427461211
 49        0.0458820417
 50        0.0436000359
 51        0.0361008054
 52        0.0363466882
 53        0.0404975217
 54        0.0587248105
 55        0.0254537403
 56        0.0216506030
 57        0.0365736063
 58        0.0384717938
 59        0.0463356595
 60        0.0604746815
 61        0.0582996015
 62        0.0472377545
 63        0.0478366193
 64        0.0381342014
 65        0.0409013438
 66        0.0327141824
 67        0.0307075300
 68        0.0357591569
 69        0.0330492116
 70        0.0286175920
 71        0.0390102603
 72        0.0395122396
 73        0.0623197451
 74        0.0386741985
 75        0.0635427326
 76        0.0601932561
 77        0.0329776761
 78        0.0313443971
 79        0.0461329418
 80        0.3730091624
 81       -0.0593183235
 82       -0.1055074678
 83       -0.0921825705
 84       -0.0733009821
 85       -0.2347245478
 86        0.1308254279
 87       -0.0309627034
 88       -0.0293754711
 89        0.1143473564
 90       -0.0888377910
 91       -0.0575142115
 92       -0.0767787959
 93        0.0114612820
 94       -0.2925532769
 95        0.1407142354
 96       -0.0396562823
 97       -0.1178406872
 98        0.1617687407
 99       -0.0830731484
 100       0.3347418740
 101      -0.4241148223
 102      -0.1290300620
 103      -0.2504501087
 104       0.1466653288
 105      -0.0213775575
 106      -0.0361334894
 107       0.1207007445
 108      -0.0910670663
 109      -0.0531918106
 110      -0.0927710452
 111      -0.3030069263
 112       0.1024173053
 113       0.0054777224
 114      -0.1125204906
 115       0.1481258409
 116      -0.0866526308
 117       0.3458956170
 118      -0.3997579858
 119      -0.1075269781
 120       0.5201665619
 121      -0.4646914399
 122      -0.2911527332
 123       0.1060951787
 124       0.0515333544
 125       0.0529651934
 126       0.0422278529
 127       0.0430853073
 128       0.0460559490
 129       0.0431400903
 130       0.0402001819
 131       0.0337774475
 132       0.0402350327
 133       0.0614588352
 134       0.0246873035
 135       0.0201408321
 136       0.0353057846
 137       0.0353068632
 138       0.0461495727
 139       0.0602776486
 140       0.0584951284
 141       0.0505221987
 142       0.0488326600
 143       0.0408451458
 144       0.0369716607
 145       0.0328009269
 146       0.0343980360
 147       0.0344019167
 148       0.0341109040
 149       0.0293129601
 150       0.0365755349
 151       0.0381637111
 152       0.0623714544
 153       0.0405416081
 154       0.0651641084
 155       0.0580628345
 156       0.0308040116
 157       0.0271836854
 158       0.0492156341

 --------------------------------------------------------------------------------
                                  command: print                                 
 --------------------------------------------------------------------------------
 res.excitation_1_energy:                0.0555486240

 --------------------------------------------------------------------------------
                                  command: print                                 
 --------------------------------------------------------------------------------
 res.excitation_1_transition_dipole : [
  -0.003095687073729261,
  -0.04604801847336192,
  0.018880044155386775
]

 --------------------------------------------------------------------------------
                                  command: print                                 
 --------------------------------------------------------------------------------

 res.excitation_1_transition_charges:
                      1
 1         0.0000471411
 2         0.0011527347
 3         0.0005627422
 4        -0.0008922139
 5        -0.0004028579
 6         0.0016653410
 7         0.0003670454
 8        -0.0000021538
 9         0.0000084660
 10       -0.0003910448
 11       -0.0000322329
 12        0.0000462337
 13        0.0000032833
 14        0.0000050597
 15       -0.0004789799
 16       -0.0004866632
 17       -0.0008898569
 18       -0.0003842476
 19       -0.0004700218
 20       -0.0000140867
 21       -0.0000881314
 22       -0.0001226193
 23        0.0000122791
 24       -0.0016580016
 25       -0.0002545604
 26       -0.0000172541
 27        0.0000026434
 28        0.0004747099
 29       -0.0000340954
 30        0.0000304804
 31       -0.0000218899
 32        0.0003018192
 33        0.0006197160
 34        0.0005930066
 35        0.0002652946
 36        0.0004383405
 37        0.0000186344
 38        0.0000751143
 39        0.0001283676
 40        0.0000069197
 41        0.0000448153
 42        0.0000242878
 43        0.0000044007
 44        0.0000030509
 45       -0.0000008171
 46       -0.0000004865
 47        0.0000090335
 48        0.0000101928
 49       -0.0000120552
 50       -0.0000026227
 51       -0.0000034150
 52       -0.0000059456
 53        0.0000028342
 54        0.0000124247
 55        0.0000007175
 56        0.0000007367
 57        0.0000004882
 58       -0.0001180846
 59       -0.0001100845
 60       -0.0000017977
 61        0.0000006857
 62        0.0000322003
 63       -0.0000224843
 64        0.0000398682
 65       -0.0000030870
 66       -0.0000092929
 67       -0.0000043214
 68        0.0000036090
 69        0.0000044677
 70       -0.0000003586
 71       -0.0000023611
 72       -0.0000086841
 73        0.0000584256
 74        0.0000117114
 75        0.0001284112
 76        0.0000609068
 77        0.0000004848
 78        0.0000008841
 79        0.0000008504
 80        0.0000333799
 81       -0.0001180943
 82        0.0000193440
 83        0.0000740353
 84       -0.0000247416
 85       -0.0000377836
 86       -0.0001080432
 87       -0.0000053782
 88       -0.0000082832
 89        0.0000461389
 90        0.0000534380
 91       -0.0000229708
 92       -0.0000009845
 93       -0.0000037921
 94        0.0000207043
 95        0.0001968686
 96        0.0002070671
 97        0.0000966508
 98        0.0000488252
 99        0.0000017689
 100       0.0000162353
 101       0.0000343334
 102       0.0000011811
 103       0.0000127692
 104       0.0000841446
 105       0.0000035377
 106       0.0000008547
 107      -0.0001968709
 108      -0.0000032241
 109      -0.0000097520
 110      -0.0000000836
 111      -0.0000378541
 112      -0.0002234508
 113      -0.0001958432
 114      -0.0000932317
 115      -0.0001498507
 116      -0.0000078748
 117      -0.0000226619
 118      -0.0000430506
 119      -0.0000007875
 120      -0.0000032589
 121      -0.0000027059
 122      -0.0000005211
 123      -0.0000002076
 124      -0.0000002925
 125       0.0000003003
 126      -0.0000048302
 127      -0.0000053731
 128      -0.0000005551
 129       0.0000036278
 130       0.0000652716
 131       0.0000215649
 132      -0.0000000073
 133      -0.0000024004
 134      -0.0000010405
 135      -0.0000003955
 136       0.0000000204
 137       0.0000253614
 138       0.0000189838
 139       0.0000025754
 140      -0.0000000040
 141       0.0000027378
 142       0.0000086608
 143      -0.0000180074
 144      -0.0000011931
 145      -0.0000075404
 146      -0.0000008063
 147      -0.0000004843
 148      -0.0000011345
 149      -0.0000000504
 150      -0.0000002717
 151      -0.0000012582
 152      -0.0000195176
 153      -0.0000032630
 154      -0.0000412213
 155      -0.0000032672
 156      -0.0000000205
 157      -0.0000001123
 158      -0.0000000838

 --------------------------------------------------------------------------------
                                  command: print                                 
 --------------------------------------------------------------------------------
 res.excitation_1_excited_dipole : [
  12.488166933433705,
  2.9816856559933953,
  0.1639836886261925
]

 --------------------------------------------------------------------------------
                                  command: print                                 
 --------------------------------------------------------------------------------

 res.excitation_1_excited_atomic_charges:
                      1
 1         0.3722446009
 2        -0.1139098638
 3        -0.1536184567
 4        -0.1445494115
 5        -0.1110932032
 6        -0.3408862412
 7         0.1163990786
 8        -0.0293941520
 9        -0.0291503614
 10        0.1029347893
 11       -0.0915966510
 12       -0.0592014614
 13       -0.0786076186
 14        0.0142077922
 15       -0.3054521810
 16        0.1074285330
 17       -0.1401057204
 18       -0.1642477134
 19        0.1408599198
 20       -0.0838076826
 21        0.3171834411
 22       -0.4446431535
 23       -0.1301333554
 24       -0.3599285128
 25        0.1411307373
 26       -0.0220142689
 27       -0.0360816457
 28        0.0896176579
 29       -0.0933334738
 30       -0.0546420476
 31       -0.0937864515
 32       -0.3042016031
 33        0.0541550309
 34       -0.0603320755
 35       -0.1492145072
 36        0.1233131431
 37       -0.0875076657
 38        0.3304259659
 39       -0.4162033156
 40       -0.1069059667
 41        0.5181646109
 42       -0.4710598347
 43       -0.2891979402
 44        0.1051578551
 45        0.0516870924
 46        0.0509308535
 47        0.0394254920
 48        0.0423350929
 49        0.0453566674
 50        0.0431217968
 51        0.0349221410
 52        0.0357812062
 53        0.0402360650
 54        0.0583270559
 55        0.0254192876
 56        0.0216068126
 57        0.0365168408
 58        0.0278538877
 59        0.0366670771
 60        0.0583312516
 61        0.0582958680
 62        0.0451601015
 63        0.0471232469
 64        0.0357042331
 65        0.0407721725
 66        0.0322391383
 67        0.0305083649
 68        0.0356758900
 69        0.0326778472
 70        0.0285799390
 71        0.0389481735
 72        0.0388822532
 73        0.0566550093
 74        0.0378652762
 75        0.0526063804
 76        0.0586485507
 77        0.0329706370
 78        0.0313067481
 79        0.0461041285
 80        0.3748527560
 81       -0.0455469091
 82       -0.1023779875
 83       -0.0810486957
 84       -0.0701628602
 85       -0.2298550099
 86        0.2027751405
 87       -0.0293536412
 88       -0.0274523349
 89        0.1980392964
 90       -0.0805433701
 91       -0.0511474443
 92       -0.0765465781
 93        0.0122688671
 94       -0.2755156077
 95        0.2228982867
 96        0.0423600967
 97       -0.0949391982
 98        0.2392259958
 99       -0.0803849903
 100       0.3368783674
 101      -0.4180842178
 102      -0.1287456138
 103      -0.2496980673
 104       0.2191249929
 105      -0.0197730608
 106      -0.0336960276
 107       0.1985318001
 108      -0.0834820313
 109      -0.0468303540
 110      -0.0919642286
 111      -0.2988687188
 112       0.1995518698
 113       0.0553197403
 114      -0.0892225292
 115       0.2034563175
 116      -0.0835725480
 117       0.3497674114
 118      -0.3900388032
 119      -0.1072753392
 120       0.5204330961
 121      -0.4642712244
 122      -0.2910913437
 123       0.1061147867
 124       0.0515886706
 125       0.0537633415
 126       0.0449198788
 127       0.0459415073
 128       0.0488477191
 129       0.0434520059
 130       0.0413079724
 131       0.0349539012
 132       0.0404006729
 133       0.0618894420
 134       0.0251196504
 135       0.0202874823
 136       0.0353248557
 137       0.0477435539
 138       0.0557895652
 139       0.0606286802
 140       0.0584966048
 141       0.0509233761
 142       0.0558997900
 143       0.0524742055
 144       0.0374526603
 145       0.0335908892
 146       0.0353028813
 147       0.0346141734
 148       0.0344420340
 149       0.0293858756
 150       0.0368840260
 151       0.0388309289
 152       0.0677761534
 153       0.0414382159
 154       0.0772498023
 155       0.0582829922
 156       0.0308050393
 157       0.0271974989
 158       0.0492246680

 --------------------------------------------------------------------------------
                                  command: print                                 
 --------------------------------------------------------------------------------
 res.excitation_2_energy:                0.0957365411

 --------------------------------------------------------------------------------
                                  command: print                                 
 --------------------------------------------------------------------------------
 res.excitation_2_transition_dipole : [
  -0.46859304533230356,
  4.355378926864855,
  -0.22508755774328515
]

 --------------------------------------------------------------------------------
                                  command: print                                 
 --------------------------------------------------------------------------------

 res.excitation_2_transition_charges:
                      1
 1        -0.0000089953
 2        -0.0199436206
 3         0.0181666533
 4         0.0162750636
 5        -0.0148646879
 6        -0.0005690061
 7        -0.0305094493
 8         0.0001329986
 9         0.0001667484
 10        0.0360998436
 11        0.0044726871
 12       -0.0029377521
 13       -0.0002012149
 14       -0.0005066561
 15        0.0106766408
 16        0.0501622733
 17        0.0933481306
 18        0.0305878247
 19        0.0400321717
 20        0.0011922487
 21        0.0056392019
 22        0.0108404376
 23        0.0002713999
 24       -0.0046755354
 25        0.0241659536
 26        0.0003581378
 27       -0.0010153821
 28       -0.0479455660
 29        0.0027762524
 30       -0.0035158669
 31       -0.0004882583
 32       -0.0012305190
 33       -0.0695982258
 34       -0.0580537375
 35       -0.0288357897
 36       -0.0390963670
 37       -0.0016346376
 38       -0.0073100204
 39       -0.0135244164
 40       -0.0000779564
 41       -0.0002153819
 42       -0.0003744759
 43       -0.0000540601
 44       -0.0000118937
 45        0.0000169529
 46        0.0000853569
 47       -0.0013893235
 48       -0.0010537892
 49        0.0011491591
 50        0.0004135273
 51        0.0011754850
 52        0.0008232251
 53       -0.0000637231
 54       -0.0003049387
 55       -0.0000869501
 56       -0.0000618682
 57        0.0000164845
 58        0.0116790327
 59        0.0099950228
 60        0.0007945261
 61       -0.0000047933
 62        0.0008292930
 63        0.0019588922
 64       -0.0053782741
 65        0.0002383108
 66        0.0004886959
 67        0.0002797475
 68       -0.0001371261
 69       -0.0003783835
 70       -0.0000558501
 71       -0.0001190325
 72       -0.0006840651
 73       -0.0058432880
 74       -0.0008397294
 75       -0.0116167031
 76       -0.0000858723
 77        0.0000010731
 78       -0.0000135122
 79       -0.0000057501
 80        0.0000011801
 81        0.0000029182
 82        0.0000014738
 83       -0.0000012173
 84       -0.0000017728
 85        0.0000065687
 86       -0.0000009733
 87        0.0000000037
 88        0.0000000080
 89        0.0000005451
 90        0.0000028782
 91       -0.0000001382
 92       -0.0000000078
 93       -0.0000000235
 94       -0.0000002261
 95        0.0000024028
 96        0.0000024925
 97        0.0000011435
 98        0.0000006102
 99        0.0000000168
 100       0.0000001823
 101       0.0000004553
 102       0.0000000065
 103      -0.0000029086
 104       0.0000009954
 105       0.0000000134
 106       0.0000000184
 107      -0.0000026711
 108       0.0000002476
 109      -0.0000001529
 110      -0.0000000021
 111       0.0000027344
 112      -0.0000029071
 113      -0.0000026086
 114      -0.0000010796
 115      -0.0000019484
 116      -0.0000000884
 117      -0.0000002361
 118      -0.0000004618
 119       0.0000000557
 120       0.0000002313
 121       0.0000001059
 122       0.0000000257
 123       0.0000000148
 124      -0.0000000041
 125       0.0000000028
 126      -0.0000000801
 127      -0.0000000490
 128       0.0000000392
 129       0.0000001123
 130       0.0000042978
 131       0.0000008233
 132       0.0000000100
 133      -0.0000000058
 134      -0.0000000065
 135      -0.0000000029
 136      -0.0000000012
 137       0.0000002679
 138       0.0000002340
 139       0.0000000325
 140      -0.0000000008
 141       0.0000000308
 142       0.0000001320
 143      -0.0000002806
 144       0.0000000003
 145       0.0000000418
 146       0.0000000070
 147      -0.0000000059
 148      -0.0000000212
 149      -0.0000000009
 150      -0.0000000052
 151      -0.0000000200
 152      -0.0000002676
 153      -0.0000000323
 154      -0.0000005116
 155       0.0000003387
 156       0.0000000033
 157       0.0000000042
 158       0.0000000056

 --------------------------------------------------------------------------------
                                  command: print                                 
 --------------------------------------------------------------------------------
 res.excitation_3_energy:                0.0952432539

 --------------------------------------------------------------------------------
                                  command: print                                 
 --------------------------------------------------------------------------------
 res.excitation_3_transition_dipole : [
  -0.250100214740648,
  -0.02283644898554904,
  4.386675440780274
]

 --------------------------------------------------------------------------------
                                  command: print                                 
 --------------------------------------------------------------------------------

 res.excitation_3_transition_charges:
                      1
 1        -0.0000126865
 2         0.0000005993
 3         0.0000006619
 4        -0.0000047528
 5        -0.0000022301
 6        -0.0000007887
 7         0.0000015720
 8        -0.0000000284
 9         0.0000000244
 10       -0.0000025810
 11       -0.0000001370
 12        0.0000000548
 13        0.0000000061
 14        0.0000000561
 15       -0.0000104826
 16       -0.0000009720
 17       -0.0000033362
 18       -0.0000014102
 19       -0.0000037540
 20       -0.0000002923
 21       -0.0000003706
 22       -0.0000004500
 23       -0.0000011608
 24       -0.0000120585
 25       -0.0000005112
 26       -0.0000001323
 27        0.0000000182
 28        0.0000003882
 29       -0.0000001986
 30        0.0000000119
 31       -0.0000009217
 32       -0.0000067165
 33        0.0000024532
 34        0.0000016134
 35        0.0000008858
 36        0.0000002940
 37        0.0000000157
 38        0.0000002850
 39        0.0000004882
 40       -0.0000000470
 41       -0.0000001141
 42       -0.0000000025
 43       -0.0000000052
 44       -0.0000000048
 45       -0.0000000017
 46        0.0000000112
 47        0.0000000370
 48        0.0000000476
 49       -0.0000001260
 50       -0.0000000109
 51       -0.0000000007
 52       -0.0000000112
 53        0.0000000010
 54        0.0000001303
 55        0.0000000061
 56        0.0000000018
 57        0.0000000054
 58       -0.0000004457
 59       -0.0000007364
 60       -0.0000000161
 61       -0.0000001468
 62       -0.0000058310
 63       -0.0000000859
 64        0.0000000958
 65       -0.0000000174
 66       -0.0000000711
 67       -0.0000000215
 68       -0.0000000289
 69        0.0000000020
 70       -0.0000001016
 71       -0.0000000787
 72       -0.0000002678
 73        0.0000001348
 74        0.0000000291
 75        0.0000003183
 76       -0.0000001863
 77       -0.0000000015
 78        0.0000000035
 79        0.0000000074
 80       -0.0002345456
 81        0.0290970346
 82       -0.0110209254
 83       -0.0224912516
 84        0.0097600789
 85        0.0109390122
 86        0.0309738940
 87       -0.0001562204
 88       -0.0000147861
 89       -0.0362988083
 90       -0.0042757725
 91        0.0030691870
 92        0.0002152638
 93        0.0005595580
 94       -0.0137033046
 95       -0.0521518915
 96       -0.0880337043
 97       -0.0331927298
 98       -0.0390390835
 99       -0.0011065994
 100      -0.0059478849
 101      -0.0114716651
 102      -0.0003318438
 103      -0.0072090771
 104      -0.0252085632
 105      -0.0004906842
 106       0.0009397534
 107       0.0449955021
 108      -0.0027055405
 109       0.0034510072
 110       0.0004608789
 111       0.0031755600
 112       0.0695897425
 113       0.0577427357
 114       0.0294961959
 115       0.0361445119
 116       0.0016984824
 117       0.0075281144
 118       0.0140791878
 119       0.0001295959
 120       0.0006689791
 121       0.0005916058
 122       0.0001131761
 123       0.0000389107
 124      -0.0000203123
 125      -0.0000801493
 126       0.0014238727
 127       0.0010544538
 128      -0.0010748655
 129      -0.0003730824
 130      -0.0011454097
 131      -0.0008285368
 132       0.0000658253
 133       0.0003424471
 134       0.0000848644
 135       0.0000634398
 136      -0.0000069814
 137      -0.0112058839
 138      -0.0094266976
 139      -0.0008468575
 140       0.0000024329
 141      -0.0009292992
 142      -0.0019117907
 143       0.0053417869
 144      -0.0002450539
 145      -0.0005135034
 146      -0.0002965984
 147       0.0001353654
 148       0.0003483985
 149       0.0000499555
 150       0.0001213406
 151       0.0006267042
 152       0.0055234769
 153       0.0008751897
 154       0.0118610568
 155       0.0006297162
 156       0.0000032656
 157       0.0000251031
 158       0.0000173142

 --------------------------------------------------------------------------------
                                  command: print                                 
 --------------------------------------------------------------------------------
 res.excitation_4_energy:                0.0644776231

 --------------------------------------------------------------------------------
                                  command: print                                 
 --------------------------------------------------------------------------------
 res.excitation_4_transition_dipole : [
  -0.007213306792837406,
  -0.016399321296818665,
  0.0463570411842714
]

 --------------------------------------------------------------------------------
                                  command: print                                 
 --------------------------------------------------------------------------------

 res.excitation_4_transition_charges:
                      1
 1        -0.0000527060
 2        -0.0000101370
 3         0.0000245689
 4         0.0000825107
 5        -0.0000800086
 6         0.0000023509
 7        -0.0001317413
 8         0.0000023056
 9         0.0000012947
 10        0.0002381674
 11        0.0000097840
 12       -0.0000083259
 13       -0.0000001587
 14       -0.0000014626
 15        0.0000922238
 16        0.0000946974
 17        0.0003351264
 18        0.0001062658
 19        0.0003185792
 20        0.0000129737
 21        0.0000240551
 22        0.0000359459
 23       -0.0000070774
 24       -0.0000326130
 25        0.0000483061
 26        0.0000050713
 27       -0.0000069514
 28       -0.0000401313
 29        0.0000150583
 30       -0.0000085466
 31       -0.0000154383
 32        0.0000296831
 33       -0.0002755469
 34       -0.0001586980
 35       -0.0001012738
 36       -0.0000258988
 37       -0.0000015719
 38       -0.0000276503
 39       -0.0000513959
 40        0.0000002321
 41        0.0000003867
 42       -0.0000001699
 43       -0.0000000202
 44        0.0000000535
 45       -0.0000000637
 46       -0.0000013862
 47       -0.0000056987
 48       -0.0000049239
 49        0.0000099737
 50        0.0000017836
 51       -0.0000002399
 52        0.0000014428
 53       -0.0000007843
 54       -0.0000035530
 55       -0.0000007961
 56       -0.0000001507
 57       -0.0000003544
 58        0.0000443294
 59        0.0000429202
 60        0.0000005690
 61        0.0000010829
 62       -0.0000083319
 63        0.0000062414
 64       -0.0000139834
 65        0.0000013507
 66        0.0000040564
 67        0.0000017278
 68        0.0000006763
 69       -0.0000002624
 70       -0.0000024641
 71       -0.0000004623
 72       -0.0000109012
 73       -0.0000134752
 74       -0.0000020603
 75       -0.0000289555
 76        0.0000002825
 77       -0.0000000072
 78        0.0000000406
 79        0.0000000721
 80       -0.0000120036
 81       -0.0007204959
 82       -0.0007488952
 83        0.0003737698
 84        0.0007028762
 85       -0.0014462957
 86        0.0002802855
 87       -0.0000018798
 88       -0.0000103126
 89       -0.0004155257
 90       -0.0001118091
 91        0.0000183974
 92        0.0000017499
 93        0.0000034728
 94        0.0002636690
 95       -0.0006362945
 96       -0.0010585802
 97       -0.0003911295
 98       -0.0004843138
 99       -0.0000114842
 100      -0.0000677374
 101      -0.0001517464
 102      -0.0000010883
 103       0.0014839653
 104      -0.0002955529
 105       0.0000036915
 106       0.0000222302
 107       0.0006104444
 108      -0.0000213771
 109       0.0000542643
 110       0.0000073038
 111      -0.0002643936
 112       0.0009053887
 113       0.0007710213
 114       0.0003495223
 115       0.0004701693
 116       0.0000192770
 117       0.0000785450
 118       0.0001515981
 119      -0.0000078266
 120      -0.0000466082
 121      -0.0000206757
 122      -0.0000051659
 123      -0.0000027549
 124       0.0000006833
 125      -0.0000010655
 126       0.0000237041
 127       0.0000095665
 128      -0.0000086766
 129      -0.0000080311
 130      -0.0000805242
 131      -0.0000215985
 132      -0.0000007610
 133       0.0000012638
 134       0.0000005139
 135       0.0000005671
 136      -0.0000010869
 137      -0.0001179593
 138      -0.0001163283
 139      -0.0000105349
 140       0.0000003563
 141      -0.0000104133
 142      -0.0000275324
 143       0.0000849375
 144      -0.0000000830
 145       0.0000054096
 146      -0.0000038392
 147       0.0000017673
 148       0.0000065117
 149       0.0000008625
 150       0.0000023078
 151       0.0000098960
 152       0.0000757060
 153       0.0000086624
 154       0.0001464884
 155      -0.0000656715
 156      -0.0000005136
 157      -0.0000009377
 158      -0.0000011543

 --------------------------------------------------------------------------------

 End time:                               Mon Jul  5 14:40:14 2021
 Total wall-clock time:                  2.754 seconds
==================================================================================
