
================================================================================
          _____________ ________ _______________ ________     _________         
         / ___________// ______ \\_____   _____// ______ \   / ________)        
        / /_________  / /      \ \     | |     / /      \ \ | (_______          
       |  __________|| |        | |    | |    | |        | | \________ \        
        \ \_________ | |        | |    | |     \ \______/ /___________) |       
         \__________||_|        |_|    |_|      \________//____________/        
                                                                                
====================================[ Qcore ]===================================

 Git hash:   4f46786782e696c626e0064ff3d1a47267e124c4
 Git date:   Wed, 30 Jun 2021 10:19:53 +0100
 Compiler:   AppleClang 10.0.1.10010046
 Build type: Release
 Version:    1.4.1

 Start time: Tue Jul  6 09:38:14 2021

 Data directory: /Users/of15641/qcore/cmake-build-release/share/entos/1.4.1/data
 Number of threads: 2
 Number of threads was determined by: number of physical cores

 --------------------------------------------------------------------------------
                                   command: xtb                                  
 --------------------------------------------------------------------------------
 XTB basis setup:                        reference basis
 Number of basis functions:            244
 GFN version:                            chlorophyll
 Integral screening threshold:           1.00e-10
 Total charge:                           0.000000000
 Number of electrons:                  218.000000000
 Electronic temperature (Kelvin):        0.000000000

 D3BJ energy:                           -0.062562635
 Repulsive energy:                       1.518580068

 ****************************************************
  Running robust self-consistent charge (SCC) solver 
 ****************************************************
 Number of SCC trials:                   4
 Using the stop-early mechanism for the first 3 trials

 Conv. threshold (charge):               1.00e-05
 Conv. threshold (energy):               1.00e-06
 Initial guess:                          eeq

 -------------
  SCC Trial 1 
 -------------
 Broyden mixing factor:                  0.400000000
 Max number of iterations:             128

 ---------------------------------------------------------------
                  energy        change          grad        time
 ---------------------------------------------------------------
   0      -130.292183130                    6.60e-01        0.01
   1      -130.884267316     -5.92e-01      3.88e-01        0.01
   2      -130.893051390     -8.78e-03      1.03e-01        0.01
   3      -130.904348747     -1.13e-02      1.05e-02        0.01
   4      -130.904886486     -5.38e-04      5.83e-03        0.01
   5      -130.907234192     -2.35e-03      1.35e-03        0.01
   6      -130.907341977     -1.08e-04      3.93e-04        0.01
   7      -130.907348912     -6.94e-06      1.59e-04        0.01
   8      -130.907349778     -8.66e-07      4.52e-05        0.01
   9      -130.907349795     -1.69e-08      1.63e-05        0.01
  10      -130.907349797     -1.42e-09      4.99e-06        0.01
  11      -130.907349797     -1.68e-10      1.76e-06        0.02

 SCF converged in 10 iterations.

 Entropy contribution (-ST):             0.000000000
 Dipole moment (in Debye):              -2.634536      -1.300912       2.705385

 ----------------
  Excitation 0 1 
 ----------------
 Setting up Delta-SCF
 Ground-Excited state overlap:          -0.000000000
 No correction applied to the TDM.
 Excitation energy:                      0.094811675
 Excitation energy (in eV):              2.579957111
 Transition dipole:                      0.42502      -0.12991      -4.36879

 -----------------
  Excitation -1 1 
 -----------------
 Setting up Delta-SCF
 Ground-Excited state overlap:           0.000000000
 No correction applied to the TDM.
 Excitation energy:                      0.101904118
 Excitation energy (in eV):              2.772952312
 Transition dipole:                     -0.14118       2.61974      -0.20218

 ----------------
  Excitation 0 2 
 ----------------
 Setting up Delta-SCF
 Ground-Excited state overlap:           0.000000000
 No correction applied to the TDM.
 Excitation energy:                      0.149332768
 Excitation energy (in eV):              4.063551619
 Transition dipole:                     -0.19373       1.93300      -0.05464

 -----------------
  Excitation -1 2 
 -----------------
 Setting up Delta-SCF
 Ground-Excited state overlap:           0.000000000
 No correction applied to the TDM.
 Excitation energy:                      0.162784800
 Excitation energy (in eV):              4.429600075
 Transition dipole:                     -0.13676       0.01007       1.78463
 TOTAL ENERGY:                        -130.907349797
 Saving results in set 'res'

 --------------------------------------------------------------------------------
                                  command: print                                 
 --------------------------------------------------------------------------------
 res.energy:                          -130.9073497970

 --------------------------------------------------------------------------------
                                  command: print                                 
 --------------------------------------------------------------------------------

 res.dipole:
                      1
 1        -1.0365060713
 2        -0.5118180026
 3         1.0643802616

 --------------------------------------------------------------------------------
                                  command: print                                 
 --------------------------------------------------------------------------------

 res.atomic_charges:
                      1
 1         0.3739081744
 2        -0.0585633732
 3        -0.1052922439
 4        -0.0918973314
 5        -0.0754658235
 6        -0.2347864914
 7         0.1311624850
 8        -0.0310280384
 9        -0.0293016848
 10        0.1146157887
 11       -0.0895441395
 12       -0.0574324492
 13       -0.0770436561
 14        0.0120155859
 15       -0.2927784325
 16        0.1409339142
 17       -0.0390486863
 18       -0.1169494503
 19        0.1621792074
 20       -0.0831269226
 21        0.3351438347
 22       -0.4233044983
 23       -0.1290218421
 24       -0.2520903493
 25        0.1464356829
 26       -0.0216314976
 27       -0.0354966349
 28        0.1192988054
 29       -0.0909140145
 30       -0.0530874988
 31       -0.0928306148
 32       -0.3034549940
 33        0.1010592920
 34        0.0040094176
 35       -0.1119411518
 36        0.1478667072
 37       -0.0863952822
 38        0.3461458162
 39       -0.3982337556
 40       -0.1076577623
 41        0.5203682115
 42       -0.4647576243
 43       -0.2905210406
 44        0.1060456201
 45        0.0507569895
 46        0.0537429992
 47        0.0399254598
 48        0.0445131069
 49        0.0460340907
 50        0.0446851050
 51        0.0374128148
 52        0.0349398593
 53        0.0399231175
 54        0.0614563034
 55        0.0256566978
 56        0.0201034743
 57        0.0346415224
 58        0.0358410271
 59        0.0466767678
 60        0.0608363560
 61        0.0591627105
 62        0.0504349119
 63        0.0496720304
 64        0.0359887725
 65        0.0383997603
 66        0.0337243363
 67        0.0308879048
 68        0.0342580251
 69        0.0332413163
 70        0.0298534897
 71        0.0371890451
 72        0.0387556485
 73        0.0640042972
 74        0.0388439130
 75        0.0630896800
 76        0.0595848177
 77        0.0315851397
 78        0.0274572487
 79        0.0491300019

 --------------------------------------------------------------------------------
                                  command: print                                 
 --------------------------------------------------------------------------------
 res.excitation_1_energy:                0.0948116751

 --------------------------------------------------------------------------------
                                  command: print                                 
 --------------------------------------------------------------------------------
 res.excitation_1_transition_dipole : [
  0.42501886811774425,
  -0.12990701972608407,
  -4.368790505707136
]

 --------------------------------------------------------------------------------
                                  command: print                                 
 --------------------------------------------------------------------------------

 res.excitation_1_transition_charges:
                      1
 1        -0.0002236448
 2         0.0306012809
 3        -0.0107674658
 4        -0.0223195855
 5         0.0090964202
 6         0.0121385952
 7         0.0310829600
 8        -0.0001539276
 9        -0.0000186857
 10       -0.0365780685
 11       -0.0042913030
 12        0.0030784568
 13        0.0002110827
 14        0.0005556812
 15       -0.0136124614
 16       -0.0524626234
 17       -0.0878216879
 18       -0.0331097379
 19       -0.0396519064
 20       -0.0011251301
 21       -0.0058174805
 22       -0.0113532348
 23       -0.0003344529
 24       -0.0074223414
 25       -0.0257308729
 26       -0.0004934436
 27        0.0008729593
 28        0.0444639706
 29       -0.0027558385
 30        0.0033975639
 31        0.0004580302
 32        0.0034710778
 33        0.0695268498
 34        0.0570410786
 35        0.0299249392
 36        0.0357760854
 37        0.0016291119
 38        0.0075168874
 39        0.0142271592
 40        0.0001454644
 41        0.0007426040
 42        0.0006356320
 43        0.0001229620
 44        0.0000433503
 45       -0.0000208603
 46       -0.0000813025
 47        0.0013957454
 48        0.0010653613
 49       -0.0010903767
 50       -0.0003701110
 51       -0.0011348242
 52       -0.0008254965
 53        0.0000689425
 54        0.0003385634
 55        0.0000885377
 56        0.0000639791
 57       -0.0000065514
 58       -0.0112144414
 59       -0.0094227118
 60       -0.0008343467
 61        0.0000023197
 62       -0.0009165001
 63       -0.0019443260
 64        0.0051971341
 65       -0.0002528279
 66       -0.0005289369
 67       -0.0003024652
 68        0.0001357411
 69        0.0003499433
 70        0.0000500999
 71        0.0001171757
 72        0.0006235723
 73        0.0054396859
 74        0.0008614903
 75        0.0116494548
 76        0.0007315044
 77        0.0000040325
 78        0.0000270017
 79        0.0000194832

 --------------------------------------------------------------------------------
                                  command: print                                 
 --------------------------------------------------------------------------------
 res.excitation_1_excited_dipole : [
  -1.2243056829071133,
  -0.709851454567719,
  1.2703889896044025
]

 --------------------------------------------------------------------------------
                                  command: print                                 
 --------------------------------------------------------------------------------

 res.excitation_1_excited_atomic_charges:
                      1
 1         0.3753150422
 2        -0.1064609204
 3        -0.1438435098
 4        -0.1302319332
 5        -0.1065308222
 6        -0.3345657681
 7         0.1903595333
 8        -0.0295877862
 9        -0.0280520834
 10        0.1822208407
 11       -0.0835333850
 12       -0.0525577104
 13       -0.0771227100
 14        0.0124628495
 15       -0.2865026491
 16        0.1896825311
 17       -0.0524149791
 18       -0.1428621494
 19        0.2191592700
 20       -0.0807970290
 21        0.3202556637
 22       -0.4394205354
 23       -0.1292254777
 24       -0.3616030729
 25        0.2095466430
 26       -0.0210215028
 27       -0.0337151434
 28        0.1708143230
 29       -0.0844886909
 30       -0.0486842164
 31       -0.0923039708
 32       -0.3030729677
 33        0.1484255120
 34       -0.0128056435
 35       -0.1259654308
 36        0.1795752648
 37       -0.0842694314
 38        0.3355287750
 39       -0.4087590420
 40       -0.1075210273
 41        0.5189650276
 42       -0.4651677586
 43       -0.2906605871
 44        0.1059854420
 45        0.0507632392
 46        0.0545262668
 47        0.0418327743
 48        0.0470304641
 49        0.0483398959
 50        0.0445111372
 51        0.0373374139
 52        0.0355387907
 53        0.0398246870
 54        0.0614679235
 55        0.0260721791
 56        0.0202091442
 57        0.0346036446
 58        0.0381461286
 59        0.0470533730
 60        0.0591191827
 61        0.0591584392
 62        0.0487190334
 63        0.0558966675
 64        0.0448528495
 65        0.0387478448
 66        0.0340368127
 67        0.0315860969
 68        0.0343845032
 69        0.0332101152
 70        0.0298917914
 71        0.0374227082
 72        0.0388350890
 73        0.0637800607
 74        0.0388876385
 75        0.0635509682
 76        0.0580057616
 77        0.0315757196
 78        0.0274268566
 79        0.0491060155

 --------------------------------------------------------------------------------
                                  command: print                                 
 --------------------------------------------------------------------------------
 res.excitation_2_energy:                0.1019041179

 --------------------------------------------------------------------------------
                                  command: print                                 
 --------------------------------------------------------------------------------
 res.excitation_2_transition_dipole : [
  -0.14117953103967865,
  2.619736277331336,
  -0.2021751530988211
]

 --------------------------------------------------------------------------------
                                  command: print                                 
 --------------------------------------------------------------------------------

 res.excitation_2_transition_charges:
                      1
 1         0.0018794582
 2        -0.0892014533
 3        -0.0635881332
 4         0.0633703936
 5         0.0545197618
 6        -0.1113333449
 7        -0.0072984681
 8         0.0002092172
 9        -0.0012807030
 10       -0.0086503955
 11       -0.0009901235
 12       -0.0005578162
 13       -0.0000045335
 14       -0.0000349810
 15        0.0280455287
 16        0.0027060389
 17       -0.0187478848
 18        0.0060518813
 19       -0.0111494683
 20       -0.0002561462
 21        0.0008093582
 22        0.0011432633
 23        0.0003473600
 24        0.1196815120
 25        0.0022824750
 26        0.0014218854
 27        0.0008846521
 28        0.0176148464
 29        0.0002408482
 30        0.0012038742
 31       -0.0000187221
 32       -0.0187470850
 33        0.0078754095
 34        0.0220861698
 35       -0.0027287618
 36        0.0150025728
 37        0.0008013227
 38       -0.0009300016
 39       -0.0027558058
 40       -0.0007176124
 41       -0.0046883094
 42       -0.0025191873
 43       -0.0006092297
 44       -0.0002771319
 45        0.0000429814
 46       -0.0000350643
 47        0.0006584176
 48       -0.0001450119
 49       -0.0003266413
 50       -0.0003722200
 51       -0.0006413686
 52       -0.0002852376
 53       -0.0000585713
 54       -0.0001548223
 55       -0.0000110979
 56       -0.0000119781
 57       -0.0000939788
 58       -0.0011878488
 59       -0.0028649729
 60        0.0001536572
 61        0.0000282254
 62        0.0002168366
 63       -0.0001846571
 64        0.0022397627
 65        0.0000742561
 66        0.0003115886
 67        0.0002515918
 68        0.0000196745
 69        0.0002446782
 70        0.0000270754
 71        0.0000643933
 72        0.0002042564
 73        0.0028723598
 74       -0.0000238258
 75        0.0043206208
 76       -0.0061351451
 77       -0.0000518662
 78       -0.0001099459
 79       -0.0001286526

 --------------------------------------------------------------------------------
                                  command: print                                 
 --------------------------------------------------------------------------------
 res.excitation_3_energy:                0.1493327676

 --------------------------------------------------------------------------------
                                  command: print                                 
 --------------------------------------------------------------------------------
 res.excitation_3_transition_dipole : [
  -0.1937347029063155,
  1.933003012565697,
  -0.05464184410161324
]

 --------------------------------------------------------------------------------
                                  command: print                                 
 --------------------------------------------------------------------------------

 res.excitation_3_transition_charges:
                      1
 1         0.0003504230
 2         0.0154520737
 3         0.0086481425
 4        -0.0129764713
 5        -0.0095293103
 6        -0.0022831159
 7        -0.0633043124
 8        -0.0003126691
 9        -0.0001860206
 10       -0.0531345741
 11       -0.0036639833
 12       -0.0078197053
 13       -0.0004989254
 14       -0.0061765355
 15       -0.0340593079
 16       -0.0231099668
 17       -0.0017992406
 18       -0.0179995148
 19        0.0834662614
 20       -0.0003174517
 21       -0.0100547184
 22       -0.0147264994
 23       -0.0000015793
 24        0.0024536298
 25        0.0878848967
 26       -0.0010664305
 27       -0.0004781780
 28        0.0605691753
 29        0.0090613408
 30        0.0044766782
 31        0.0006658903
 32        0.0114515165
 33        0.0344929335
 34       -0.0301328173
 35        0.0033262370
 36       -0.0325231800
 37       -0.0000782870
 38       -0.0008657651
 39       -0.0011144251
 40       -0.0002115153
 41        0.0009058547
 42        0.0004152202
 43        0.0001577061
 44        0.0000346758
 45        0.0002251061
 46       -0.0004879563
 47        0.0009870813
 48       -0.0012081068
 49       -0.0010782394
 50       -0.0001969139
 51       -0.0008807047
 52       -0.0005650338
 53       -0.0002564391
 54       -0.0002853610
 55        0.0008147952
 56       -0.0003992791
 57        0.0000719707
 58       -0.0007345188
 59        0.0002533977
 60       -0.0013712375
 61        0.0000183072
 62       -0.0015513658
 63        0.0061035706
 64        0.0048735962
 65        0.0015673840
 66        0.0024787476
 67        0.0020703257
 68        0.0004872310
 69        0.0005013785
 70        0.0001852790
 71        0.0000444038
 72        0.0006100813
 73       -0.0021499340
 74       -0.0004425179
 75       -0.0058551370
 76        0.0007626926
 77        0.0000193701
 78        0.0000264838
 79       -0.0000266125

 --------------------------------------------------------------------------------
                                  command: print                                 
 --------------------------------------------------------------------------------
 res.excitation_4_energy:                0.1627848003

 --------------------------------------------------------------------------------
                                  command: print                                 
 --------------------------------------------------------------------------------
 res.excitation_4_transition_dipole : [
  -0.13676080373864966,
  0.010071523195642824,
  1.784628870225662
]

 --------------------------------------------------------------------------------
                                  command: print                                 
 --------------------------------------------------------------------------------

 res.excitation_4_transition_charges:
                      1
 1         0.0063328220
 2        -0.0458081758
 3         0.0498357742
 4         0.0334995567
 5        -0.0587451260
 6         0.0193410045
 7         0.0148154360
 8        -0.0012448656
 9         0.0003432900
 10       -0.0122418183
 11       -0.0009128596
 12        0.0014502159
 13       -0.0002116009
 14        0.0003439472
 15        0.0849471553
 16        0.0002574206
 17       -0.0002108753
 18        0.0034341843
 19        0.0231726019
 20        0.0003268003
 21        0.0020930389
 22        0.0016896945
 23        0.0009280817
 24       -0.0450174173
 25       -0.0069556896
 26        0.0007929326
 27       -0.0001516452
 28        0.0247386494
 29       -0.0000756898
 30        0.0016262188
 31       -0.0001219221
 32       -0.0651755994
 33        0.0050658967
 34       -0.0115450537
 35       -0.0001061981
 36       -0.0131063026
 37       -0.0000495030
 38        0.0000027130
 39        0.0000863969
 40        0.0012330170
 41       -0.0056361199
 42       -0.0016619012
 43       -0.0008027470
 44       -0.0003073541
 45        0.0003609985
 46       -0.0001865584
 47        0.0004401188
 48        0.0001287920
 49       -0.0003485683
 50       -0.0003208575
 51       -0.0004024376
 52       -0.0001845269
 53        0.0001152694
 54        0.0001703040
 55       -0.0001560066
 56        0.0000771898
 57        0.0001816001
 58       -0.0000678865
 59        0.0001066501
 60        0.0003024394
 61        0.0002014465
 62        0.0003727847
 63        0.0010555767
 64        0.0020119898
 65       -0.0002898487
 66       -0.0003152991
 67       -0.0002485373
 68        0.0001533180
 69        0.0003443343
 70        0.0000626478
 71        0.0000245658
 72        0.0002331507
 73       -0.0011460947
 74        0.0000336554
 75       -0.0021870026
 76       -0.0065738237
 77       -0.0002150971
 78       -0.0002150882
 79        0.0002124179

 --------------------------------------------------------------------------------

 End time:                               Tue Jul  6 09:38:15 2021
 Total wall-clock time:                  0.551 seconds
==================================================================================
