
================================================================================
          _____________ ________ _______________ ________     _________         
         / ___________// ______ \\_____   _____// ______ \   / ________)        
        / /_________  / /      \ \     | |     / /      \ \ | (_______          
       |  __________|| |        | |    | |    | |        | | \________ \        
        \ \_________ | |        | |    | |     \ \______/ /___________) |       
         \__________||_|        |_|    |_|      \________//____________/        
                                                                                
====================================[ Qcore ]===================================

 Git hash:   4f46786782e696c626e0064ff3d1a47267e124c4
 Git date:   Wed, 30 Jun 2021 10:19:53 +0100
 Compiler:   AppleClang 10.0.1.10010046
 Build type: Release
 Version:    1.4.1

 Start time: Tue Jul  6 09:35:01 2021

 Data directory: /Users/of15641/qcore/cmake-build-release/share/entos/1.4.1/data
 Number of threads: 2
 Number of threads was determined by: number of physical cores

 --------------------------------------------------------------------------------
                                   command: xtb                                  
 --------------------------------------------------------------------------------
 XTB basis setup:                        reference basis
 Number of basis functions:            488
 GFN version:                            chlorophyll
 Integral screening threshold:           1.00e-10
 Total charge:                           0.000000000
 Number of electrons:                  436.000000000
 Electronic temperature (Kelvin):        0.000000000

 D3BJ energy:                           -0.127541259
 Repulsive energy:                       3.040138550

 ****************************************************
  Running robust self-consistent charge (SCC) solver 
 ****************************************************
 Number of SCC trials:                   4
 Using the stop-early mechanism for the first 3 trials

 Conv. threshold (charge):               1.00e-05
 Conv. threshold (energy):               1.00e-06
 Initial guess:                          eeq

 -------------
  SCC Trial 1 
 -------------
 Broyden mixing factor:                  0.400000000
 Max number of iterations:             128

 ---------------------------------------------------------------
                  energy        change          grad        time
 ---------------------------------------------------------------
   0      -260.590124959                    6.60e-01        0.04
   1      -261.775901514     -1.19e+00      3.88e-01        0.03
   2      -261.794560740     -1.87e-02      1.04e-01        0.03
   3      -261.817962368     -2.34e-02      1.01e-02        0.04
   4      -261.819366163     -1.40e-03      4.85e-03        0.04
   5      -261.822227522     -2.86e-03      1.32e-03        0.03
   6      -261.822431582     -2.04e-04      3.37e-04        0.04
   7      -261.822439710     -8.13e-06      1.48e-04        0.03
   8      -261.822441219     -1.51e-06      4.24e-05        0.03
   9      -261.822441251     -3.18e-08      1.53e-05        0.03
  10      -261.822441253     -1.69e-09      5.75e-06        0.04
  11      -261.822441254     -8.80e-10      3.28e-06        0.04

 SCF converged in 10 iterations.

 Entropy contribution (-ST):             0.000000000
 Dipole moment (in Debye):              -5.213161      -0.642059       0.701736

 ----------------
  Excitation 0 1 
 ----------------
 Setting up Delta-SCF
 Ground-Excited state overlap:           0.000000000
 No correction applied to the TDM.
 Excitation energy:                      0.056513593
 Excitation energy (in eV):              1.537813215
 Transition dipole:                      0.00196       0.03158      -0.02310

 -----------------
  Excitation -1 1 
 -----------------
 Setting up Delta-SCF
 Ground-Excited state overlap:          -0.000000000
 No correction applied to the TDM.
 Excitation energy:                      0.096062122
 Excitation energy (in eV):              2.613983495
 Transition dipole:                      0.46907      -4.34829       0.23644

 ----------------
  Excitation 0 2 
 ----------------
 Setting up Delta-SCF
 Ground-Excited state overlap:           0.000000000
 No correction applied to the TDM.
 Excitation energy:                      0.095598635
 Excitation energy (in eV):              2.601371377
 Transition dipole:                      0.14930      -4.03557       1.71360

 -----------------
  Excitation -1 2 
 -----------------
 Setting up Delta-SCF
 Ground-Excited state overlap:          -0.000000000
 No correction applied to the TDM.
 Excitation energy:                      0.064213589
 Excitation energy (in eV):              1.747340779
 Transition dipole:                      0.00503      -0.03712      -0.00655
 TOTAL ENERGY:                        -261.822441254
 Saving results in set 'res'

 --------------------------------------------------------------------------------
                                  command: print                                 
 --------------------------------------------------------------------------------
 res.energy:                          -261.8224412537

 --------------------------------------------------------------------------------
                                  command: print                                 
 --------------------------------------------------------------------------------

 res.dipole:
                      1
 1        -2.0510152887
 2        -0.2526056352
 3         0.2760840323

 --------------------------------------------------------------------------------
                                  command: print                                 
 --------------------------------------------------------------------------------

 res.atomic_charges:
                      1
 1         0.3736535938
 2        -0.0561775218
 3        -0.1086847662
 4        -0.0931960250
 5        -0.0769499199
 6        -0.2369061410
 7         0.1298732305
 8        -0.0290793460
 9        -0.0284072446
 10        0.1182371443
 11       -0.0892156466
 12       -0.0576714442
 13       -0.0779045213
 14        0.0136627989
 15       -0.2948716263
 16        0.1403451705
 17       -0.0386281725
 18       -0.1139521031
 19        0.1618309605
 20       -0.0834331373
 21        0.3358886622
 22       -0.4204401752
 23       -0.1298587910
 24       -0.2504222188
 25        0.1496563137
 26       -0.0209996730
 27       -0.0356496319
 28        0.1155401280
 29       -0.0923176141
 30       -0.0525094662
 31       -0.0931826782
 32       -0.3013982005
 33        0.1027866538
 34        0.0035927075
 35       -0.1126791209
 36        0.1479265006
 37       -0.0865219781
 38        0.3447585396
 39       -0.3963733608
 40       -0.1067685315
 41        0.5194303734
 42       -0.4687422895
 43       -0.2895300648
 44        0.1049953417
 45        0.0515897876
 46        0.0518085326
 47        0.0390941004
 48        0.0427847997
 49        0.0453688637
 50        0.0436286062
 51        0.0362398200
 52        0.0361481583
 53        0.0397882419
 54        0.0596061441
 55        0.0258243564
 56        0.0202836941
 57        0.0357542591
 58        0.0385623612
 59        0.0476159031
 60        0.0592453574
 61        0.0601512491
 62        0.0496397388
 63        0.0482566923
 64        0.0382643477
 65        0.0414427755
 66        0.0330623949
 67        0.0304391823
 68        0.0360453337
 69        0.0320823496
 70        0.0300987250
 71        0.0328721407
 72        0.0396566190
 73        0.0619957065
 74        0.0376488761
 75        0.0633406140
 76        0.0599008104
 77        0.0327813448
 78        0.0306484495
 79        0.0478978900
 80        0.3736142090
 81       -0.0587505278
 82       -0.1047270985
 83       -0.0906946463
 84       -0.0756628558
 85       -0.2345910900
 86        0.1307815319
 87       -0.0309937134
 88       -0.0291502979
 89        0.1144359966
 90       -0.0892548039
 91       -0.0574693579
 92       -0.0768474515
 93        0.0116629609
 94       -0.2926650449
 95        0.1416431668
 96       -0.0372552087
 97       -0.1154486956
 98        0.1631106487
 99       -0.0835344647
 100       0.3357345412
 101      -0.4229037419
 102      -0.1289423364
 103      -0.2515311887
 104       0.1467558810
 105      -0.0214137426
 106      -0.0354661786
 107       0.1187607203
 108      -0.0909786420
 109      -0.0529637322
 110      -0.0927873815
 111      -0.3032871410
 112       0.1005443712
 113       0.0033787393
 114      -0.1119479749
 115       0.1476860181
 116      -0.0861618594
 117       0.3461621555
 118      -0.3984711320
 119      -0.1076724908
 120       0.5202812756
 121      -0.4650509276
 122      -0.2904701331
 123       0.1061094799
 124       0.0511650029
 125       0.0544905739
 126       0.0389394250
 127       0.0440744368
 128       0.0457271632
 129       0.0439890653
 130       0.0387528537
 131       0.0326654189
 132       0.0399733069
 133       0.0615064864
 134       0.0252171347
 135       0.0198843875
 136       0.0344919467
 137       0.0385200658
 138       0.0460693767
 139       0.0625886251
 140       0.0589131676
 141       0.0494284887
 142       0.0492474783
 143       0.0349868795
 144       0.0378420593
 145       0.0362781606
 146       0.0293674294
 147       0.0336135451
 148       0.0325433720
 149       0.0298552466
 150       0.0367175412
 151       0.0390057295
 152       0.0635157903
 153       0.0379833241
 154       0.0623300566
 155       0.0599453758
 156       0.0314272348
 157       0.0271607187
 158       0.0489403615

 --------------------------------------------------------------------------------
                                  command: print                                 
 --------------------------------------------------------------------------------
 res.excitation_1_energy:                0.0565135933

 --------------------------------------------------------------------------------
                                  command: print                                 
 --------------------------------------------------------------------------------
 res.excitation_1_transition_dipole : [
  0.001960769780368973,
  0.03157725799137118,
  -0.023101294896661954
]

 --------------------------------------------------------------------------------
                                  command: print                                 
 --------------------------------------------------------------------------------

 res.excitation_1_transition_charges:
                      1
 1        -0.0000367312
 2        -0.0007004898
 3        -0.0003688910
 4         0.0005211824
 5         0.0002564243
 6        -0.0010183826
 7        -0.0002127100
 8        -0.0000008788
 9        -0.0000044910
 10        0.0002149678
 11        0.0000141439
 12       -0.0000262359
 13       -0.0000025962
 14       -0.0000039604
 15        0.0003446399
 16        0.0002644400
 17        0.0005473371
 18        0.0001603367
 19        0.0002554993
 20        0.0000080654
 21        0.0000315645
 22        0.0000396080
 23        0.0000014355
 24        0.0010012710
 25        0.0001407676
 26        0.0000180279
 27        0.0000049109
 28       -0.0002783204
 29        0.0000195693
 30       -0.0000129084
 31        0.0000446978
 32       -0.0001874268
 33       -0.0003505588
 34       -0.0003346389
 35       -0.0001480131
 36       -0.0002460064
 37       -0.0000102561
 38       -0.0000437861
 39       -0.0000751046
 40       -0.0000048650
 41       -0.0000267593
 42       -0.0000148320
 43       -0.0000026303
 44       -0.0000017819
 45        0.0000003418
 46        0.0000003466
 47       -0.0000044687
 48       -0.0000047707
 49        0.0000066906
 50        0.0000016247
 51        0.0000009073
 52        0.0000025418
 53       -0.0000010905
 54       -0.0000048795
 55       -0.0000006082
 56       -0.0000006223
 57       -0.0000005725
 58        0.0000759135
 59        0.0000612785
 60        0.0000029582
 61        0.0000000494
 62        0.0000024569
 63        0.0000097935
 64        0.0000099370
 65        0.0000013405
 66        0.0000054713
 67        0.0000038602
 68       -0.0000047167
 69       -0.0000016979
 70        0.0000062083
 71        0.0000384905
 72        0.0000466382
 73       -0.0000347149
 74       -0.0000063226
 75       -0.0000708845
 76       -0.0000383217
 77       -0.0000002696
 78       -0.0000006066
 79       -0.0000006396
 80       -0.0000208962
 81        0.0000547078
 82       -0.0000135908
 83       -0.0000283354
 84        0.0000108638
 85        0.0000310909
 86        0.0000460502
 87        0.0000024967
 88        0.0000013547
 89       -0.0000116019
 90       -0.0000257447
 91        0.0000103496
 92        0.0000003790
 93        0.0000018243
 94        0.0000033926
 95       -0.0000979280
 96       -0.0001095055
 97       -0.0000482091
 98       -0.0000323209
 99       -0.0000008131
 100      -0.0000079553
 101      -0.0000168121
 102      -0.0000005904
 103      -0.0000048993
 104      -0.0000454403
 105      -0.0000010300
 106       0.0000005336
 107       0.0000839103
 108      -0.0000025257
 109       0.0000044833
 110      -0.0000000366
 111       0.0000178370
 112       0.0000926047
 113       0.0000892213
 114       0.0000422817
 115       0.0000732707
 116       0.0000036632
 117       0.0000107851
 118       0.0000197557
 119       0.0000008579
 120       0.0000017654
 121       0.0000014759
 122       0.0000002381
 123       0.0000001302
 124       0.0000001151
 125      -0.0000002829
 126       0.0000021381
 127       0.0000021829
 128       0.0000022186
 129      -0.0000040245
 130      -0.0000210906
 131      -0.0000113191
 132       0.0000003535
 133       0.0000010940
 134       0.0000005334
 135       0.0000002360
 136      -0.0000000026
 137      -0.0000131542
 138      -0.0000102823
 139      -0.0000012468
 140       0.0000000034
 141      -0.0000013373
 142      -0.0000034449
 143       0.0000092530
 144      -0.0000001165
 145       0.0000010805
 146      -0.0000000389
 147       0.0000002373
 148       0.0000005104
 149       0.0000000164
 150       0.0000001399
 151       0.0000003582
 152       0.0000091154
 153       0.0000014690
 154       0.0000189558
 155       0.0000018378
 156       0.0000000123
 157       0.0000000549
 158       0.0000000393

 --------------------------------------------------------------------------------
                                  command: print                                 
 --------------------------------------------------------------------------------
 res.excitation_1_excited_dipole : [
  14.602332044638523,
  0.9593551885973426,
  1.3829850262064003
]

 --------------------------------------------------------------------------------
                                  command: print                                 
 --------------------------------------------------------------------------------

 res.excitation_1_excited_atomic_charges:
                      1
 1         0.3731534797
 2        -0.1139178753
 3        -0.1533720489
 4        -0.1441064082
 5        -0.1115491471
 6        -0.3412924604
 7         0.1163650621
 8        -0.0293084109
 9        -0.0291440631
 10        0.1021771916
 11       -0.0916647926
 12       -0.0592277296
 13       -0.0782151385
 14        0.0133143233
 15       -0.3050555437
 16        0.1069048701
 17       -0.1385572198
 18       -0.1627406253
 19        0.1406177141
 20       -0.0838640154
 21        0.3188903543
 22       -0.4426395789
 23       -0.1303325254
 24       -0.3607525302
 25        0.1404706160
 26       -0.0219906306
 27       -0.0361652167
 28        0.0891394908
 29       -0.0934613956
 30       -0.0543452405
 31       -0.0934606794
 32       -0.3045510354
 33        0.0538498113
 34       -0.0605696312
 35       -0.1490958285
 36        0.1234750781
 37       -0.0872987699
 38        0.3305685515
 39       -0.4160236783
 40       -0.1068915257
 41        0.5179875678
 42       -0.4695311793
 43       -0.2897008107
 44        0.1049280320
 45        0.0515140062
 46        0.0517976886
 47        0.0384341991
 48        0.0423790474
 49        0.0448259193
 50        0.0431390851
 51        0.0350351173
 52        0.0355643621
 53        0.0395211782
 54        0.0592073819
 55        0.0257905679
 56        0.0202398275
 57        0.0356984256
 58        0.0279592174
 59        0.0379722304
 60        0.0571640182
 61        0.0601478515
 62        0.0476119252
 63        0.0475017693
 64        0.0358920574
 65        0.0413052520
 66        0.0325706749
 67        0.0302349749
 68        0.0359609495
 69        0.0317036602
 70        0.0300625958
 71        0.0328466524
 72        0.0390120492
 73        0.0563821269
 74        0.0368471004
 75        0.0525052972
 76        0.0583444741
 77        0.0327741895
 78        0.0306108248
 79        0.0478688344
 80        0.3755330740
 81       -0.0433102227
 82       -0.1020650770
 83       -0.0798749062
 84       -0.0728166272
 85       -0.2292033705
 86        0.2037913831
 87       -0.0293512510
 88       -0.0272120977
 89        0.1979830890
 90       -0.0809826747
 91       -0.0509980726
 92       -0.0766109737
 93        0.0124830378
 94       -0.2752601731
 95        0.2240034402
 96        0.0434127314
 97       -0.0931696483
 98        0.2405234140
 99       -0.0807489371
 100       0.3377266628
 101      -0.4171060990
 102      -0.1286600464
 103      -0.2508591781
 104       0.2191810188
 105      -0.0198784964
 106      -0.0332601194
 107       0.1963046245
 108      -0.0835104211
 109      -0.0467102450
 110      -0.0919892755
 111      -0.2986896570
 112       0.1980679050
 113       0.0528815135
 114      -0.0877761138
 115       0.2027630839
 116      -0.0832407740
 117       0.3501243728
 118      -0.3884077552
 119      -0.1073918067
 120       0.5206144079
 121      -0.4645639217
 122      -0.2903974362
 123       0.1061337074
 124       0.0512197435
 125       0.0552926995
 126       0.0415776210
 127       0.0469786192
 128       0.0485300704
 129       0.0442923722
 130       0.0398441910
 131       0.0338324424
 132       0.0401444966
 133       0.0619450568
 134       0.0256600117
 135       0.0200341126
 136       0.0345125156
 137       0.0509602509
 138       0.0556146092
 139       0.0629226406
 140       0.0589146871
 141       0.0498112622
 142       0.0561417349
 143       0.0462105821
 144       0.0383248346
 145       0.0370603112
 146       0.0302675021
 147       0.0338304418
 148       0.0328826928
 149       0.0299298995
 150       0.0370086176
 151       0.0396768644
 152       0.0688256096
 153       0.0388662299
 154       0.0741608380
 155       0.0602451771
 156       0.0314288103
 157       0.0271767245
 158       0.0489516989

 --------------------------------------------------------------------------------
                                  command: print                                 
 --------------------------------------------------------------------------------
 res.excitation_2_energy:                0.0960621216

 --------------------------------------------------------------------------------
                                  command: print                                 
 --------------------------------------------------------------------------------
 res.excitation_2_transition_dipole : [
  0.46906929977201384,
  -4.3482903059373355,
  0.2364419708688649
]

 --------------------------------------------------------------------------------
                                  command: print                                 
 --------------------------------------------------------------------------------

 res.excitation_2_transition_charges:
                      1
 1         0.0000046825
 2         0.0205565355
 3        -0.0175378480
 4        -0.0160029924
 5         0.0147007775
 6         0.0015026763
 7         0.0303470923
 8        -0.0001425474
 9        -0.0001634555
 10       -0.0367776699
 11       -0.0045339688
 12        0.0029275826
 13        0.0002038669
 14        0.0005089623
 15       -0.0106906187
 16       -0.0509275745
 17       -0.0925376783
 18       -0.0304432959
 19       -0.0409546177
 20       -0.0012194952
 21       -0.0053725531
 22       -0.0106002656
 23       -0.0002751148
 24        0.0051329901
 25       -0.0249344791
 26       -0.0003601429
 27        0.0009805168
 28        0.0474879035
 29       -0.0028548197
 30        0.0034783539
 31        0.0004852319
 32        0.0013067615
 33        0.0694650970
 34        0.0579247901
 35        0.0290543796
 36        0.0388971578
 37        0.0016015650
 38        0.0073494949
 39        0.0136189155
 40        0.0000815637
 41        0.0002388924
 42        0.0003895015
 43        0.0000566806
 44        0.0000132844
 45       -0.0000169891
 46       -0.0000898206
 47        0.0013726238
 48        0.0010465349
 49       -0.0011683568
 50       -0.0004156826
 51       -0.0011852715
 52       -0.0008349455
 53        0.0000632336
 54        0.0003080025
 55        0.0000836416
 56        0.0000610559
 57       -0.0000157218
 58       -0.0116393276
 59       -0.0099465196
 60       -0.0007672264
 61        0.0000046187
 62       -0.0008058050
 63       -0.0020214333
 64        0.0052831617
 65       -0.0002458895
 66       -0.0005010946
 67       -0.0002901878
 68        0.0001403433
 69        0.0003871733
 70        0.0000568867
 71        0.0001145009
 72        0.0007057120
 73        0.0058090741
 74        0.0008358675
 75        0.0115493928
 76        0.0001186637
 77       -0.0000008718
 78        0.0000140439
 79        0.0000063981
 80       -0.0000004537
 81       -0.0000006892
 82       -0.0000006374
 83        0.0000002860
 84        0.0000004635
 85       -0.0000017179
 86        0.0000002317
 87        0.0000000061
 88        0.0000000219
 89       -0.0000000893
 90       -0.0000006485
 91        0.0000000410
 92        0.0000000014
 93        0.0000000078
 94       -0.0000001498
 95       -0.0000006502
 96       -0.0000007300
 97       -0.0000003041
 98       -0.0000002175
 99       -0.0000000049
 100      -0.0000000472
 101      -0.0000001196
 102      -0.0000000018
 103       0.0000007791
 104      -0.0000002903
 105       0.0000000048
 106       0.0000000074
 107       0.0000006326
 108      -0.0000000444
 109       0.0000000383
 110      -0.0000000001
 111      -0.0000007520
 112       0.0000006663
 113       0.0000006606
 114       0.0000002780
 115       0.0000005317
 116       0.0000000227
 117       0.0000000648
 118       0.0000001212
 119      -0.0000000279
 120      -0.0000000610
 121      -0.0000000290
 122      -0.0000000058
 123      -0.0000000046
 124      -0.0000000044
 125      -0.0000000022
 126       0.0000000193
 127       0.0000000116
 128      -0.0000000005
 129       0.0000003565
 130      -0.0000003458
 131       0.0000008451
 132       0.0000000013
 133       0.0000000027
 134       0.0000000021
 135       0.0000000011
 136      -0.0000000002
 137      -0.0000000761
 138      -0.0000000683
 139      -0.0000000086
 140       0.0000000002
 141      -0.0000000080
 142      -0.0000000274
 143       0.0000000792
 144      -0.0000000012
 145      -0.0000000004
 146      -0.0000000010
 147       0.0000000016
 148       0.0000000052
 149       0.0000000002
 150       0.0000000014
 151       0.0000000031
 152       0.0000000699
 153       0.0000000078
 154       0.0000001306
 155      -0.0000000864
 156      -0.0000000009
 157      -0.0000000010
 158      -0.0000000013

 --------------------------------------------------------------------------------
                                  command: print                                 
 --------------------------------------------------------------------------------
 res.excitation_3_energy:                0.0955986348

 --------------------------------------------------------------------------------
                                  command: print                                 
 --------------------------------------------------------------------------------
 res.excitation_3_transition_dipole : [
  0.14929587191752583,
  -4.035565828299139,
  1.7136023356783985
]

 --------------------------------------------------------------------------------
                                  command: print                                 
 --------------------------------------------------------------------------------

 res.excitation_3_transition_charges:
                      1
 1         0.0000044332
 2        -0.0000000852
 3        -0.0000000568
 4         0.0000013099
 5         0.0000005380
 6         0.0000005890
 7        -0.0000003298
 8         0.0000000321
 9         0.0000000042
 10        0.0000007392
 11        0.0000000528
 12        0.0000000010
 13        0.0000000007
 14        0.0000000032
 15        0.0000034398
 16        0.0000001667
 17        0.0000010719
 18        0.0000002479
 19        0.0000008387
 20        0.0000000180
 21        0.0000000479
 22        0.0000000482
 23        0.0000000021
 24        0.0000038325
 25       -0.0000000412
 26        0.0000002068
 27        0.0000002130
 28        0.0000002622
 29        0.0000000706
 30        0.0000012396
 31        0.0000147335
 32        0.0000023879
 33       -0.0000006684
 34       -0.0000002963
 35       -0.0000002371
 36        0.0000001336
 37        0.0000000021
 38       -0.0000000627
 39       -0.0000001116
 40        0.0000000202
 41        0.0000000246
 42        0.0000000035
 43       -0.0000000009
 44        0.0000000048
 45        0.0000000023
 46       -0.0000000013
 47       -0.0000000132
 48       -0.0000000160
 49        0.0000000490
 50        0.0000000026
 51        0.0000000046
 52       -0.0000000001
 53       -0.0000000002
 54        0.0000000035
 55        0.0000000003
 56        0.0000000007
 57       -0.0000000016
 58        0.0000001440
 59        0.0000001399
 60        0.0000000036
 61        0.0000000004
 62        0.0000000026
 63       -0.0000000091
 64        0.0000001354
 65       -0.0000000006
 66        0.0000000141
 67        0.0000000150
 68        0.0000001455
 69        0.0000000580
 70        0.0000021584
 71        0.0000338537
 72        0.0000034199
 73       -0.0000000229
 74       -0.0000000042
 75       -0.0000000496
 76        0.0000000712
 77        0.0000000009
 78        0.0000000004
 79       -0.0000000001
 80        0.0002403430
 81       -0.0309888787
 82        0.0101390350
 83        0.0220691610
 84       -0.0091820152
 85       -0.0129244843
 86       -0.0307332263
 87        0.0001637605
 88        0.0000082414
 89        0.0371755894
 90        0.0043455608
 91       -0.0030540775
 92       -0.0002135236
 93       -0.0005554405
 94        0.0137769989
 95        0.0530843140
 96        0.0873329389
 97        0.0327613492
 98        0.0402072815
 99        0.0011743484
 100       0.0056320966
 101       0.0111292609
 102       0.0003341344
 103       0.0068084775
 104       0.0263355208
 105       0.0004924318
 106      -0.0008491832
 107      -0.0440421708
 108       0.0028097125
 109      -0.0033612906
 110      -0.0004546881
 111      -0.0034716257
 112      -0.0691966665
 113      -0.0571005456
 114      -0.0301334622
 115      -0.0355721461
 116      -0.0015850438
 117      -0.0075990362
 118      -0.0143376126
 119      -0.0001452213
 120      -0.0007549042
 121      -0.0006390122
 122      -0.0001240669
 123      -0.0000437886
 124       0.0000209277
 125       0.0000849595
 126      -0.0013813988
 127      -0.0010509055
 128       0.0011027529
 129       0.0003722644
 130       0.0011460486
 131       0.0008386052
 132      -0.0000676543
 133      -0.0003423755
 134      -0.0000847059
 135      -0.0000631324
 136       0.0000057244
 137       0.0112561408
 138       0.0093987551
 139       0.0008144540
 140      -0.0000023282
 141       0.0008948539
 142       0.0019868008
 143      -0.0051185199
 144       0.0002586798
 145       0.0005322355
 146       0.0003089392
 147      -0.0001363826
 148      -0.0003532438
 149      -0.0000501611
 150      -0.0001147912
 151      -0.0006262506
 152      -0.0054162003
 153      -0.0008579303
 154      -0.0115919473
 155      -0.0007466577
 156      -0.0000040992
 157      -0.0000272076
 158      -0.0000196321

 --------------------------------------------------------------------------------
                                  command: print                                 
 --------------------------------------------------------------------------------
 res.excitation_4_energy:                0.0642135892

 --------------------------------------------------------------------------------
                                  command: print                                 
 --------------------------------------------------------------------------------
 res.excitation_4_transition_dipole : [
  0.005030840961344802,
  -0.037117231814937465,
  -0.006549872738949502
]

 --------------------------------------------------------------------------------
                                  command: print                                 
 --------------------------------------------------------------------------------

 res.excitation_4_transition_charges:
                      1
 1         0.0000410325
 2         0.0000028828
 3        -0.0000068177
 4        -0.0000384689
 5         0.0000282712
 6         0.0000145686
 7         0.0000475018
 8        -0.0000018398
 9        -0.0000021726
 10       -0.0001233628
 11       -0.0000011550
 12        0.0000003089
 13       -0.0000000944
 14       -0.0000004226
 15       -0.0000764596
 16       -0.0000290975
 17       -0.0001817435
 18       -0.0000439014
 19       -0.0001338328
 20       -0.0000025434
 21       -0.0000079551
 22       -0.0000129223
 23       -0.0000001729
 24        0.0000230621
 25        0.0000078793
 26       -0.0000079729
 27        0.0000128190
 28       -0.0000236684
 29       -0.0000097779
 30        0.0000086645
 31        0.0000701853
 32       -0.0000020217
 33        0.0001345727
 34        0.0000518613
 35        0.0000469035
 36       -0.0000189868
 37        0.0000000317
 38        0.0000116755
 39        0.0000227448
 40       -0.0000005398
 41       -0.0000001639
 42        0.0000000347
 43        0.0000000221
 44       -0.0000000244
 45        0.0000002675
 46        0.0000002941
 47        0.0000027527
 48        0.0000034477
 49       -0.0000061388
 50       -0.0000008484
 51        0.0000009430
 52        0.0000003779
 53        0.0000000064
 54       -0.0000001745
 55       -0.0000000200
 56       -0.0000000752
 57        0.0000000332
 58       -0.0000220408
 59       -0.0000227112
 60       -0.0000009224
 61        0.0000000296
 62       -0.0000012822
 63        0.0000081597
 64        0.0000669549
 65        0.0000001593
 66       -0.0000014650
 67       -0.0000005815
 68       -0.0000047667
 69       -0.0000001839
 70        0.0000135374
 71        0.0000200802
 72        0.0000550386
 73        0.0000038879
 74        0.0000005485
 75        0.0000081933
 76       -0.0000002284
 77        0.0000000020
 78       -0.0000000070
 79        0.0000000030
 80        0.0000077191
 81        0.0003905210
 82        0.0004283343
 83       -0.0002311396
 84       -0.0003929492
 85        0.0007669003
 86       -0.0001559063
 87        0.0000003931
 88        0.0000060308
 89        0.0002379214
 90        0.0000535670
 91       -0.0000120139
 92       -0.0000007390
 93       -0.0000023860
 94       -0.0001498658
 95        0.0003511667
 96        0.0005784143
 97        0.0002050252
 98        0.0002704591
 99        0.0000064281
 100       0.0000339677
 101       0.0000793483
 102       0.0000007530
 103      -0.0008567191
 104       0.0001661356
 105      -0.0000028041
 106      -0.0000110176
 107      -0.0003320322
 108       0.0000120253
 109      -0.0000288165
 110      -0.0000043069
 111       0.0001473895
 112      -0.0004969946
 113      -0.0004229623
 114      -0.0002016579
 115      -0.0002581311
 116      -0.0000101732
 117      -0.0000452420
 118      -0.0000872171
 119       0.0000042734
 120       0.0000256109
 121       0.0000112643
 122       0.0000028281
 123       0.0000015304
 124      -0.0000005964
 125       0.0000006585
 126      -0.0000125047
 127      -0.0000056107
 128       0.0000038894
 129      -0.0000088581
 130       0.0000161723
 131      -0.0000061531
 132      -0.0000002090
 133      -0.0000009412
 134      -0.0000003302
 135      -0.0000003217
 136       0.0000004494
 137       0.0000647260
 138       0.0000624534
 139       0.0000055415
 140      -0.0000001794
 141       0.0000053743
 142       0.0000151438
 143      -0.0000442300
 144       0.0000002001
 145      -0.0000035564
 146       0.0000019008
 147      -0.0000009311
 148      -0.0000035957
 149      -0.0000004748
 150      -0.0000011401
 151      -0.0000055352
 152      -0.0000415327
 153      -0.0000045511
 154      -0.0000801840
 155       0.0000363863
 156       0.0000002889
 157       0.0000005066
 158       0.0000006366

 --------------------------------------------------------------------------------

 End time:                               Tue Jul  6 09:35:02 2021
 Total wall-clock time:                  1.585 seconds
==================================================================================
