
================================================================================
          _____________ ________ _______________ ________     _________         
         / ___________// ______ \\_____   _____// ______ \   / ________)        
        / /_________  / /      \ \     | |     / /      \ \ | (_______          
       |  __________|| |        | |    | |    | |        | | \________ \        
        \ \_________ | |        | |    | |     \ \______/ /___________) |       
         \__________||_|        |_|    |_|      \________//____________/        
                                                                                
====================================[ Qcore ]===================================

 Git hash:   4f46786782e696c626e0064ff3d1a47267e124c4
 Git date:   Wed, 30 Jun 2021 10:19:53 +0100
 Compiler:   AppleClang 10.0.1.10010046
 Build type: Release
 Version:    1.4.1

 Start time: Tue Jul  6 09:38:05 2021

 Data directory: /Users/of15641/qcore/cmake-build-release/share/entos/1.4.1/data
 Number of threads: 2
 Number of threads was determined by: number of physical cores

 --------------------------------------------------------------------------------
                                   command: xtb                                  
 --------------------------------------------------------------------------------
 XTB basis setup:                        reference basis
 Number of basis functions:            244
 GFN version:                            chlorophyll
 Integral screening threshold:           1.00e-10
 Total charge:                           0.000000000
 Number of electrons:                  218.000000000
 Electronic temperature (Kelvin):        0.000000000

 D3BJ energy:                           -0.062562641
 Repulsive energy:                       1.518576182

 ****************************************************
  Running robust self-consistent charge (SCC) solver 
 ****************************************************
 Number of SCC trials:                   4
 Using the stop-early mechanism for the first 3 trials

 Conv. threshold (charge):               1.00e-05
 Conv. threshold (energy):               1.00e-06
 Initial guess:                          eeq

 -------------
  SCC Trial 1 
 -------------
 Broyden mixing factor:                  0.400000000
 Max number of iterations:             128

 ---------------------------------------------------------------
                  energy        change          grad        time
 ---------------------------------------------------------------
   0      -130.292185177                    6.60e-01        0.02
   1      -130.884268902     -5.92e-01      3.88e-01        0.01
   2      -130.893053130     -8.78e-03      1.03e-01        0.01
   3      -130.904350525     -1.13e-02      1.05e-02        0.01
   4      -130.904888280     -5.38e-04      5.83e-03        0.01
   5      -130.907235937     -2.35e-03      1.35e-03        0.01
   6      -130.907343719     -1.08e-04      3.93e-04        0.01
   7      -130.907350656     -6.94e-06      1.59e-04        0.00
   8      -130.907351522     -8.66e-07      4.52e-05        0.01
   9      -130.907351538     -1.69e-08      1.63e-05        0.01
  10      -130.907351540     -1.42e-09      4.99e-06        0.01
  11      -130.907351540     -1.68e-10      1.76e-06        0.01

 SCF converged in 10 iterations.

 Entropy contribution (-ST):             0.000000000
 Dipole moment (in Debye):              -2.835066       0.987325       2.634248

 ----------------
  Excitation 0 1 
 ----------------
 Setting up Delta-SCF
 Ground-Excited state overlap:          -0.000000000
 No correction applied to the TDM.
 Excitation energy:                      0.094811852
 Excitation energy (in eV):              2.579961936
 Transition dipole:                      0.59259      -3.10824      -3.04492

 -----------------
  Excitation -1 1 
 -----------------
 Setting up Delta-SCF
 Ground-Excited state overlap:           0.000000000
 No correction applied to the TDM.
 Excitation energy:                      0.101904337
 Excitation energy (in eV):              2.772958270
 Transition dipole:                      0.06829       1.76675      -1.94875

 ----------------
  Excitation 0 2 
 ----------------
 Setting up Delta-SCF
 Ground-Excited state overlap:           0.000000000
 No correction applied to the TDM.
 Excitation energy:                      0.149331803
 Excitation energy (in eV):              4.063525362
 Transition dipole:                     -0.04272       1.37102      -1.37677

 -----------------
  Excitation -1 2 
 -----------------
 Setting up Delta-SCF
 Ground-Excited state overlap:           0.000000000
 No correction applied to the TDM.
 Excitation energy:                      0.162784359
 Excitation energy (in eV):              4.429588079
 Transition dipole:                     -0.20864       1.23743       1.27623
 TOTAL ENERGY:                        -130.907351540
 Saving results in set 'res'

 --------------------------------------------------------------------------------
                                  command: print                                 
 --------------------------------------------------------------------------------
 res.energy:                          -130.9073515401

 --------------------------------------------------------------------------------
                                  command: print                                 
 --------------------------------------------------------------------------------

 res.dipole:
                      1
 1        -1.1154008568
 2         0.3884437145
 3         1.0363927745

 --------------------------------------------------------------------------------
                                  command: print                                 
 --------------------------------------------------------------------------------

 res.atomic_charges:
                      1
 1         0.3739082604
 2        -0.0585626282
 3        -0.1052953255
 4        -0.0918962871
 5        -0.0754678789
 6        -0.2347891761
 7         0.1311634617
 8        -0.0310271657
 9        -0.0293007614
 10        0.1146186314
 11       -0.0895436293
 12       -0.0574336628
 13       -0.0770423262
 14        0.0120152955
 15       -0.2927746034
 16        0.1409353837
 17       -0.0390512750
 18       -0.1169479056
 19        0.1621795804
 20       -0.0831260066
 21        0.3351423343
 22       -0.4233078433
 23       -0.1290214822
 24       -0.2520889662
 25        0.1464344737
 26       -0.0216298172
 27       -0.0354969781
 28        0.1192976069
 29       -0.0909119068
 30       -0.0530862537
 31       -0.0928304326
 32       -0.3034513387
 33        0.1010578107
 34        0.0040108893
 35       -0.1119410156
 36        0.1478662664
 37       -0.0863969163
 38        0.3461441701
 39       -0.3982368483
 40       -0.1076577844
 41        0.5203694002
 42       -0.4647531656
 43       -0.2905243455
 44        0.1060449575
 45        0.0507573406
 46        0.0537416417
 47        0.0399270843
 48        0.0445125750
 49        0.0460340237
 50        0.0446849007
 51        0.0374111739
 52        0.0349396479
 53        0.0399238793
 54        0.0614565049
 55        0.0256549415
 56        0.0201030716
 57        0.0346424606
 58        0.0358413568
 59        0.0466786805
 60        0.0608351093
 61        0.0591626770
 62        0.0504341257
 63        0.0496722990
 64        0.0359894584
 65        0.0383986815
 66        0.0337223938
 67        0.0308883896
 68        0.0342584937
 69        0.0332403833
 70        0.0298538418
 71        0.0371901890
 72        0.0387546650
 73        0.0640049339
 74        0.0388424904
 75        0.0630908002
 76        0.0595836197
 77        0.0315858459
 78        0.0274584884
 79        0.0491290358

 --------------------------------------------------------------------------------
                                  command: print                                 
 --------------------------------------------------------------------------------
 res.excitation_1_energy:                0.0948118524

 --------------------------------------------------------------------------------
                                  command: print                                 
 --------------------------------------------------------------------------------
 res.excitation_1_transition_dipole : [
  0.592588147634596,
  -3.108240956319088,
  -3.0449168886563456
]

 --------------------------------------------------------------------------------
                                  command: print                                 
 --------------------------------------------------------------------------------

 res.excitation_1_transition_charges:
                      1
 1        -0.0002235907
 2         0.0305986301
 3        -0.0107679930
 4        -0.0223181279
 5         0.0090975626
 6         0.0121368807
 7         0.0310828452
 8        -0.0001539131
 9        -0.0000186492
 10       -0.0365763205
 11       -0.0042911710
 12        0.0030786086
 13        0.0002110747
 14        0.0005557244
 15       -0.0136119522
 16       -0.0524622787
 17       -0.0878245490
 18       -0.0331083195
 19       -0.0396529149
 20       -0.0011252289
 21       -0.0058173474
 22       -0.0113530947
 23       -0.0003344415
 24       -0.0074202207
 25       -0.0257318649
 26       -0.0004934022
 27        0.0008729891
 28        0.0444653929
 29       -0.0027558212
 30        0.0033975038
 31        0.0004580472
 32        0.0034700229
 33        0.0695288525
 34        0.0570379958
 35        0.0299271091
 36        0.0357765031
 37        0.0016290165
 38        0.0075176086
 39        0.0142284394
 40        0.0001454406
 41        0.0007424174
 42        0.0006355369
 43        0.0001229406
 44        0.0000433398
 45       -0.0000208579
 46       -0.0000812765
 47        0.0013957269
 48        0.0010654078
 49       -0.0010903412
 50       -0.0003701015
 51       -0.0011347774
 52       -0.0008254726
 53        0.0000689518
 54        0.0003385581
 55        0.0000885533
 56        0.0000639829
 57       -0.0000065500
 58       -0.0112149614
 59       -0.0094228600
 60       -0.0008343181
 61        0.0000023204
 62       -0.0009164549
 63       -0.0019444363
 64        0.0051971149
 65       -0.0002528312
 66       -0.0005289345
 67       -0.0003024800
 68        0.0001357401
 69        0.0003499577
 70        0.0000501020
 71        0.0001171690
 72        0.0006236028
 73        0.0054391614
 74        0.0008613909
 75        0.0116478528
 76        0.0007312735
 77        0.0000040302
 78        0.0000269970
 79        0.0000194787

 --------------------------------------------------------------------------------
                                  command: print                                 
 --------------------------------------------------------------------------------
 res.excitation_1_excited_dipole : [
  -1.3260960323249105,
  0.3914262267601707,
  1.3056657481944178
]

 --------------------------------------------------------------------------------
                                  command: print                                 
 --------------------------------------------------------------------------------

 res.excitation_1_excited_atomic_charges:
                      1
 1         0.3753148550
 2        -0.1064591045
 3        -0.1438469695
 4        -0.1302313023
 5        -0.1065332657
 6        -0.3345672423
 7         0.1903587464
 8        -0.0295868705
 9        -0.0280511542
 10        0.1822223991
 11       -0.0835329317
 12       -0.0525587149
 13       -0.0771213830
 14        0.0124626037
 15       -0.2864991866
 16        0.1896837874
 17       -0.0524178191
 18       -0.1428615900
 19        0.2191613605
 20       -0.0807959997
 21        0.3202540081
 22       -0.4394243550
 23       -0.1292251192
 24       -0.3616029542
 25        0.2095468164
 26       -0.0210197960
 27       -0.0337154449
 28        0.1708158902
 29       -0.0844867883
 30       -0.0486829962
 31       -0.0923037910
 32       -0.3030707303
 33        0.1484252722
 34       -0.0128057934
 35       -0.1259630890
 36        0.1795753614
 37       -0.0842714177
 38        0.3355267418
 39       -0.4087619714
 40       -0.1075210713
 41        0.5189662660
 42       -0.4651633505
 43       -0.2906638979
 44        0.1059847776
 45        0.0507635802
 46        0.0545249404
 47        0.0418344041
 48        0.0470299997
 49        0.0483397951
 50        0.0445109354
 51        0.0373357610
 52        0.0355385742
 53        0.0398254649
 54        0.0614681290
 55        0.0260704671
 56        0.0202087418
 57        0.0346045765
 58        0.0381465639
 59        0.0470553368
 60        0.0591179307
 61        0.0591584096
 62        0.0487182453
 63        0.0558970629
 64        0.0448533850
 65        0.0387467474
 66        0.0340348606
 67        0.0315865853
 68        0.0343849750
 69        0.0332091999
 70        0.0298921479
 71        0.0374238398
 72        0.0388340956
 73        0.0637805134
 74        0.0388861597
 75        0.0635515425
 76        0.0580046715
 77        0.0315764270
 78        0.0274280967
 79        0.0491050483

 --------------------------------------------------------------------------------
                                  command: print                                 
 --------------------------------------------------------------------------------
 res.excitation_2_energy:                0.1019043368

 --------------------------------------------------------------------------------
                                  command: print                                 
 --------------------------------------------------------------------------------
 res.excitation_2_transition_dipole : [
  0.0682912480676985,
  1.7667542014816353,
  -1.948746837611814
]

 --------------------------------------------------------------------------------
                                  command: print                                 
 --------------------------------------------------------------------------------

 res.excitation_2_transition_charges:
                      1
 1         0.0018795072
 2        -0.0891997661
 3        -0.0635893074
 4         0.0633694480
 5         0.0545205016
 6        -0.1113338488
 7        -0.0072990479
 8         0.0002092094
 9        -0.0012806941
 10       -0.0086493171
 11       -0.0009900133
 12       -0.0005578903
 13       -0.0000045334
 14       -0.0000349947
 15        0.0280451641
 16        0.0027072124
 17       -0.0187461478
 18        0.0060523829
 19       -0.0111487596
 20       -0.0002561269
 21        0.0008093921
 22        0.0011434361
 23        0.0003473508
 24        0.1196809103
 25        0.0022829677
 26        0.0014218231
 27        0.0008846308
 28        0.0176143469
 29        0.0002408921
 30        0.0012037925
 31       -0.0000187278
 32       -0.0187466584
 33        0.0078744088
 34        0.0220835912
 35       -0.0027283483
 36        0.0150021868
 37        0.0008012262
 38       -0.0009300230
 39       -0.0027559047
 40       -0.0007175698
 41       -0.0046881425
 42       -0.0025191311
 43       -0.0006092314
 44       -0.0002771268
 45        0.0000429958
 46       -0.0000350554
 47        0.0006583764
 48       -0.0001450320
 49       -0.0003266048
 50       -0.0003722095
 51       -0.0006413411
 52       -0.0002852170
 53       -0.0000585721
 54       -0.0001548216
 55       -0.0000111022
 56       -0.0000119799
 57       -0.0000939893
 58       -0.0011875836
 59       -0.0028647572
 60        0.0001536705
 61        0.0000282172
 62        0.0002168428
 63       -0.0001846134
 64        0.0022396482
 65        0.0000742627
 66        0.0003116024
 67        0.0002516005
 68        0.0000196728
 69        0.0002446749
 70        0.0000270744
 71        0.0000643873
 72        0.0002042610
 73        0.0028719103
 74       -0.0000238511
 75        0.0043197585
 76       -0.0061348400
 77       -0.0000518594
 78       -0.0001099446
 79       -0.0001286513

 --------------------------------------------------------------------------------
                                  command: print                                 
 --------------------------------------------------------------------------------
 res.excitation_3_energy:                0.1493318027

 --------------------------------------------------------------------------------
                                  command: print                                 
 --------------------------------------------------------------------------------
 res.excitation_3_transition_dipole : [
  -0.0427178201380176,
  1.3710230773246113,
  -1.3767739052200578
]

 --------------------------------------------------------------------------------
                                  command: print                                 
 --------------------------------------------------------------------------------

 res.excitation_3_transition_charges:
                      1
 1         0.0003507900
 2         0.0154515499
 3         0.0086483366
 4        -0.0129756170
 5        -0.0095301259
 6        -0.0022831884
 7        -0.0633048066
 8        -0.0003125617
 9        -0.0001860638
 10       -0.0531319697
 11       -0.0036636160
 12       -0.0078205836
 13       -0.0004989440
 14       -0.0061778623
 15       -0.0340573903
 16       -0.0231089051
 17       -0.0018010534
 18       -0.0179985081
 19        0.0834636043
 20       -0.0003174332
 21       -0.0100539456
 22       -0.0147256105
 23       -0.0000015614
 24        0.0024526155
 25        0.0878831014
 26       -0.0010663696
 27       -0.0004780581
 28        0.0605694636
 29        0.0090607649
 30        0.0044765040
 31        0.0006658994
 32        0.0114482859
 33        0.0344926913
 34       -0.0301290686
 35        0.0033271572
 36       -0.0325244359
 37       -0.0000783464
 38       -0.0008655006
 39       -0.0011140120
 40       -0.0002114956
 41        0.0009056957
 42        0.0004152022
 43        0.0001576908
 44        0.0000346608
 45        0.0002250922
 46       -0.0004879294
 47        0.0009870144
 48       -0.0012082091
 49       -0.0010781388
 50       -0.0001968830
 51       -0.0008806007
 52       -0.0005648979
 53       -0.0002564955
 54       -0.0002853203
 55        0.0008149962
 56       -0.0003993614
 57        0.0000719651
 58       -0.0007347456
 59        0.0002531816
 60       -0.0013711127
 61        0.0000183135
 62       -0.0015512239
 63        0.0061034998
 64        0.0048733872
 65        0.0015673294
 66        0.0024786497
 67        0.0020702752
 68        0.0004872305
 69        0.0005013958
 70        0.0001852846
 71        0.0000443986
 72        0.0006100934
 73       -0.0021495343
 74       -0.0004424588
 75       -0.0058539032
 76        0.0007625068
 77        0.0000193638
 78        0.0000264700
 79       -0.0000266133

 --------------------------------------------------------------------------------
                                  command: print                                 
 --------------------------------------------------------------------------------
 res.excitation_4_energy:                0.1627843594

 --------------------------------------------------------------------------------
                                  command: print                                 
 --------------------------------------------------------------------------------
 res.excitation_4_transition_dipole : [
  -0.20864345210595547,
  1.2374344099531234,
  1.2762336241239727
]

 --------------------------------------------------------------------------------
                                  command: print                                 
 --------------------------------------------------------------------------------

 res.excitation_4_transition_charges:
                      1
 1         0.0063327489
 2        -0.0458098417
 3         0.0498352263
 4         0.0334990689
 5        -0.0587434201
 6         0.0193436080
 7         0.0148167140
 8        -0.0012450135
 9         0.0003432527
 10       -0.0122402141
 11       -0.0009127362
 12        0.0014505047
 13       -0.0002116659
 14        0.0003441444
 15        0.0849440484
 16        0.0002579456
 17       -0.0002111471
 18        0.0034344912
 19        0.0231697844
 20        0.0003268002
 21        0.0020930028
 22        0.0016898375
 23        0.0009280191
 24       -0.0450137652
 25       -0.0069569928
 26        0.0007929104
 27       -0.0001515937
 28        0.0247372526
 29       -0.0000758495
 30        0.0016260752
 31       -0.0001219304
 32       -0.0651770213
 33        0.0050652703
 34       -0.0115428671
 35       -0.0001061217
 36       -0.0131063110
 37       -0.0000495254
 38        0.0000026560
 39        0.0000863018
 40        0.0012331454
 41       -0.0056363207
 42       -0.0016620289
 43       -0.0008028106
 44       -0.0003073596
 45        0.0003609369
 46       -0.0001865599
 47        0.0004400669
 48        0.0001288113
 49       -0.0003485766
 50       -0.0003208484
 51       -0.0004023945
 52       -0.0001844733
 53        0.0001152967
 54        0.0001702960
 55       -0.0001560589
 56        0.0000772102
 57        0.0001815919
 58       -0.0000678889
 59        0.0001065786
 60        0.0003024462
 61        0.0002014242
 62        0.0003727807
 63        0.0010553667
 64        0.0020117965
 65       -0.0002898694
 66       -0.0003152987
 67       -0.0002485692
 68        0.0001533094
 69        0.0003443210
 70        0.0000626443
 71        0.0000245618
 72        0.0002331492
 73       -0.0011458156
 74        0.0000336663
 75       -0.0021864088
 76       -0.0065740311
 77       -0.0002151061
 78       -0.0002150996
 79        0.0002124712

 --------------------------------------------------------------------------------

 End time:                               Tue Jul  6 09:38:06 2021
 Total wall-clock time:                  0.561 seconds
==================================================================================
