
================================================================================
          _____________ ________ _______________ ________     _________         
         / ___________// ______ \\_____   _____// ______ \   / ________)        
        / /_________  / /      \ \     | |     / /      \ \ | (_______          
       |  __________|| |        | |    | |    | |        | | \________ \        
        \ \_________ | |        | |    | |     \ \______/ /___________) |       
         \__________||_|        |_|    |_|      \________//____________/        
                                                                                
====================================[ Qcore ]===================================

 Git hash:   035eaa6e02832a1eaacaa1f2c2b4151870260895
 Git date:   Fri, 20 Aug 2021 11:46:14 +0100
 Compiler:   GNU 9.1.0
 Build type: Release
 Version:    2.0.0

 Start time: Fri Aug 20 13:47:25 2021

 Data directory: /home/of15641/.local/src/Qcore/release/share/entos/2.0.0/data
 Number of threads: 2
 Number of threads was determined by: command line argument
  - More threads can be used by running 'qcore -n 24'

 --------------------------------------------------------------------------------
                                   command: xtb                                  
 --------------------------------------------------------------------------------
 XTB basis setup:                        reference basis
 Implicit solvation model:               none
 Number of basis functions:            488
 GFN version:                            chlorophyll
 Integral screening threshold:           1.00e-10
 Total charge:                           0.000000000
 Number of electrons:                  436.000000000
 Electronic temperature (Kelvin):        0.000000000

 D3BJ energy:                           -0.125967656
 Repulsive energy:                       3.040130340

 ****************************************************
  Running robust self-consistent charge (SCC) solver 
 ****************************************************
 Number of SCC trials:                   4
 Using the stop-early mechanism for the first 3 trials

 Conv. threshold (charge):               1.00e-05
 Conv. threshold (energy):               1.00e-06
 Initial guess:                          eeq

 -------------
  SCC Trial 1 
 -------------
 Broyden mixing factor:                  0.400000000
 Max number of iterations:             128

 ---------------------------------------------------------------
                  energy        change          grad        time
 ---------------------------------------------------------------
   0      -251.769419059                    6.23e-01        0.06
   1      -253.100374385     -1.33e+00      3.67e-01        0.05
   2      -253.116807554     -1.64e-02      1.27e-01        0.04
   3      -253.196376733     -7.96e-02      1.40e-02        0.04
   4      -253.200694545     -4.32e-03      9.19e-03        0.05
   5      -253.211812156     -1.11e-02      2.73e-03        0.04
   6      -253.212699333     -8.87e-04      8.84e-04        0.04
   7      -253.212785743     -8.64e-05      2.46e-04        0.04
   8      -253.212790670     -4.93e-06      7.42e-05        0.04
   9      -253.212790658      1.22e-08      4.47e-05        0.04
  10      -253.212790835     -1.77e-07      2.06e-05        0.04
  11      -253.212790874     -3.97e-08      7.30e-06        0.04
  12      -253.212790877     -3.14e-09      2.61e-06        0.04

 SCF converged in 11 iterations.

 Entropy contribution (-ST):             0.000000000
 Dipole moment (in Debye):              -4.507038      -0.422149      -0.300452

 ----------------
  Excitation 0 1 
 ----------------
 Setting up Delta-SCF
 Ground-Excited state overlap:          -0.000000000
 No correction applied to the TDM.
 Excitation energy:                      0.049440357
 Excitation energy (in eV):              1.345340656
 Transition dipole:                      0.00106       0.00436      -0.00242

 -----------------
  Excitation -1 1 
 -----------------
 Setting up Delta-SCF
 Ground-Excited state overlap:           0.000000000
 No correction applied to the TDM.
 Excitation energy:                      0.067455473
 Excitation energy (in eV):              1.835556941
 Transition dipole:                      0.30448      -2.76402       0.12101

 ----------------
  Excitation 0 2 
 ----------------
 Setting up Delta-SCF
 Ground-Excited state overlap:           0.000000000
 No correction applied to the TDM.
 Excitation energy:                      0.067191505
 Excitation energy (in eV):              1.828374001
 Transition dipole:                      0.18309      -2.78919       0.13746

 -----------------
  Excitation -1 2 
 -----------------
 Setting up Delta-SCF
 Ground-Excited state overlap:           0.000000000
 No correction applied to the TDM.
 Excitation energy:                      0.054679511
 Excitation energy (in eV):              1.487905284
 Transition dipole:                      0.00074      -0.00429      -0.00097
 TOTAL ENERGY:                        -253.212790877
 Saving results in set 'res'

 --------------------------------------------------------------------------------
                                  command: print                                 
 --------------------------------------------------------------------------------
 res.energy:                          -253.2127908775

 --------------------------------------------------------------------------------
                                  command: print                                 
 --------------------------------------------------------------------------------

 res.dipole:
                      1
 1        -1.7732050800
 2        -0.1660861364
 3        -0.1182070384

 --------------------------------------------------------------------------------
                                  command: print                                 
 --------------------------------------------------------------------------------

 res.atomic_charges:
                      1
 1         0.4465982029
 2        -0.0507664332
 3        -0.1067350996
 4        -0.0963389633
 5        -0.0786844300
 6        -0.2187020185
 7         0.1242795701
 8        -0.0241466086
 9        -0.0154823834
 10        0.1134777123
 11       -0.0941736126
 12       -0.0318589327
 13       -0.0763627892
 14        0.0145463837
 15       -0.2557418784
 16        0.1244727560
 17       -0.0203717694
 18       -0.1140119731
 19        0.1526677871
 20       -0.0941905175
 21        0.3645126338
 22       -0.4666702967
 23       -0.1399726443
 24       -0.2324155544
 25        0.1429017048
 26       -0.0072913552
 27       -0.0308676056
 28        0.1149422915
 29       -0.0950201170
 30       -0.0307311507
 31       -0.0959685299
 32       -0.2646032697
 33        0.0943590853
 34        0.0194338943
 35       -0.1215185467
 36        0.1325582018
 37       -0.0962050527
 38        0.3689949080
 39       -0.4447956931
 40       -0.0934683380
 41        0.5508354646
 42       -0.4975107347
 43       -0.3422767311
 44        0.1141855811
 45        0.0394029261
 46        0.0453774586
 47        0.0263183715
 48        0.0307601411
 49        0.0284925014
 50        0.0419479095
 51        0.0310417766
 52        0.0357636576
 53        0.0266087824
 54        0.0450248544
 55        0.0197053283
 56        0.0155547074
 57        0.0383543659
 58        0.0381004023
 59        0.0482691530
 60        0.0585389613
 61        0.0686739421
 62        0.0458642157
 63        0.0329779497
 64        0.0280564517
 65        0.0401014804
 66        0.0256501147
 67        0.0255534778
 68        0.0275965122
 69        0.0210810265
 70        0.0272340953
 71        0.0368746790
 72        0.0331461202
 73        0.0681447568
 74        0.0443666499
 75        0.0652762808
 76        0.0554713070
 77        0.0459546327
 78        0.0450210601
 79        0.0517797906
 80        0.4470664241
 81       -0.0527122232
 82       -0.1034833748
 83       -0.0943364904
 84       -0.0778126522
 85       -0.2174815110
 86        0.1257341211
 87       -0.0264308220
 88       -0.0162190301
 89        0.1100911991
 90       -0.0941170637
 91       -0.0315330773
 92       -0.0753569351
 93        0.0130069069
 94       -0.2534430884
 95        0.1251751093
 96       -0.0200098552
 97       -0.1153131625
 98        0.1534314295
 99       -0.0940451851
 100       0.3640826368
 101      -0.4680444272
 102      -0.1393043650
 103      -0.2339726282
 104       0.1405387791
 105      -0.0077985046
 106      -0.0306445111
 107       0.1181752678
 108      -0.0937671827
 109      -0.0312101544
 110      -0.0953226288
 111      -0.2676836081
 112       0.0927593863
 113       0.0192225182
 114      -0.1211421503
 115       0.1325832426
 116      -0.0957305131
 117       0.3698883749
 118      -0.4472938402
 119      -0.0936784060
 120       0.5514381702
 121      -0.4941643185
 122      -0.3426841338
 123       0.1150455725
 124       0.0385054548
 125       0.0483053928
 126       0.0261936609
 127       0.0321902803
 128       0.0286455537
 129       0.0431851746
 130       0.0322594870
 131       0.0333658608
 132       0.0268045359
 133       0.0471183048
 134       0.0194332888
 135       0.0149070271
 136       0.0368783326
 137       0.0361940221
 138       0.0467736408
 139       0.0611847203
 140       0.0681885243
 141       0.0456329988
 142       0.0342150761
 143       0.0254437544
 144       0.0374215900
 145       0.0288856026
 146       0.0257013456
 147       0.0257049645
 148       0.0212248399
 149       0.0279472803
 150       0.0387426017
 151       0.0321788459
 152       0.0693349095
 153       0.0446895663
 154       0.0637751682
 155       0.0556712714
 156       0.0445141124
 157       0.0423469577
 158       0.0529635690

 --------------------------------------------------------------------------------
                                  command: print                                 
 --------------------------------------------------------------------------------
 res.excitation_1_energy:                0.0494403572

 --------------------------------------------------------------------------------
                                  command: print                                 
 --------------------------------------------------------------------------------
 res.excitation_1_transition_dipole : [
  0.0010574001353210994,
  0.0043577674787815815,
  -0.002416140215209025
]

 --------------------------------------------------------------------------------
                                  command: print                                 
 --------------------------------------------------------------------------------

 res.excitation_1_transition_charges:
                      1
 1        -0.0000059101
 2        -0.0000944790
 3        -0.0000694252
 4         0.0000736517
 5         0.0000489536
 6        -0.0000870744
 7        -0.0000150524
 8        -0.0000005449
 9        -0.0000003558
 10        0.0000065962
 11       -0.0000001072
 12       -0.0000019885
 13       -0.0000003924
 14       -0.0000004597
 15        0.0000271106
 16        0.0000155413
 17        0.0000201275
 18        0.0000092300
 19        0.0000058855
 20        0.0000003430
 21        0.0000024713
 22        0.0000018507
 23        0.0000001844
 24        0.0000844093
 25        0.0000082712
 26        0.0000018433
 27        0.0000007688
 28       -0.0000080543
 29        0.0000008002
 30        0.0000000282
 31        0.0000024278
 32       -0.0000172156
 33       -0.0000189731
 34       -0.0000141505
 35       -0.0000072708
 36       -0.0000078851
 37       -0.0000004731
 38       -0.0000035567
 39       -0.0000052565
 40       -0.0000005721
 41       -0.0000020371
 42       -0.0000014350
 43       -0.0000001789
 44       -0.0000001697
 45        0.0000000317
 46       -0.0000000490
 47       -0.0000001940
 48       -0.0000000325
 49       -0.0000000321
 50       -0.0000000014
 51       -0.0000000453
 52        0.0000000310
 53       -0.0000001791
 54       -0.0000003815
 55       -0.0000000399
 56       -0.0000001412
 57       -0.0000000847
 58        0.0000020781
 59        0.0000012041
 60        0.0000002162
 61        0.0000000258
 62        0.0000000797
 63        0.0000002337
 64        0.0000005796
 65        0.0000001655
 66        0.0000003430
 67        0.0000004940
 68       -0.0000003557
 69       -0.0000003710
 70        0.0000001966
 71        0.0000007378
 72        0.0000012020
 73       -0.0000008771
 74       -0.0000002180
 75       -0.0000018671
 76       -0.0000034643
 77       -0.0000000168
 78       -0.0000000482
 79       -0.0000000133
 80       -0.0000044763
 81        0.0000253449
 82       -0.0000126843
 83       -0.0000102113
 84        0.0000068946
 85        0.0000018196
 86        0.0000225433
 87        0.0000009269
 88        0.0000009598
 89       -0.0000179212
 90       -0.0000088398
 91        0.0000037712
 92        0.0000003620
 93        0.0000007168
 94       -0.0000025164
 95       -0.0000423128
 96       -0.0000572101
 97       -0.0000232991
 98       -0.0000184011
 99       -0.0000006223
 100      -0.0000054865
 101      -0.0000083848
 102      -0.0000002360
 103      -0.0000002162
 104      -0.0000169607
 105      -0.0000005047
 106       0.0000005374
 107       0.0000401644
 108      -0.0000008009
 109       0.0000015754
 110       0.0000003183
 111       0.0000026838
 112       0.0000527399
 113       0.0000502595
 114       0.0000206700
 115       0.0000321290
 116       0.0000015710
 117       0.0000072014
 118       0.0000106953
 119       0.0000001246
 120       0.0000001900
 121       0.0000003708
 122       0.0000000394
 123       0.0000000068
 124       0.0000000001
 125      -0.0000001454
 126       0.0000010949
 127       0.0000004059
 128       0.0000013672
 129      -0.0000013224
 130      -0.0000035968
 131      -0.0000024074
 132       0.0000001706
 133       0.0000005815
 134      -0.0000000148
 135       0.0000001475
 136      -0.0000000087
 137      -0.0000041010
 138      -0.0000035252
 139      -0.0000004622
 140       0.0000000020
 141      -0.0000004887
 142      -0.0000011138
 143       0.0000033566
 144      -0.0000000642
 145       0.0000000604
 146      -0.0000001752
 147       0.0000000902
 148       0.0000001880
 149       0.0000000004
 150       0.0000000542
 151       0.0000002004
 152       0.0000028464
 153       0.0000005856
 154       0.0000058318
 155       0.0000002181
 156      -0.0000000015
 157       0.0000000093
 158       0.0000000013

 --------------------------------------------------------------------------------
                                  command: print                                 
 --------------------------------------------------------------------------------
 res.excitation_1_excited_dipole : [
  17.697688424654828,
  1.4077443871697328,
  1.1115076199145184
]

 --------------------------------------------------------------------------------
                                  command: print                                 
 --------------------------------------------------------------------------------

 res.excitation_1_excited_atomic_charges:
                      1
 1         0.4460982237
 2        -0.1198110847
 3        -0.1601020455
 4        -0.1564985984
 5        -0.1188625200
 6        -0.2963447107
 7         0.1120999491
 8        -0.0245787763
 9        -0.0160614783
 10        0.0991425420
 11       -0.0965250599
 12       -0.0333653425
 13       -0.0768081373
 14        0.0140392857
 15       -0.2643242208
 16        0.0908753663
 17       -0.1367210134
 18       -0.1651330426
 19        0.1348976301
 20       -0.0950413462
 21        0.3382672527
 22       -0.4926246572
 23       -0.1405594509
 24       -0.3113011748
 25        0.1346472677
 26       -0.0081056651
 27       -0.0314001328
 28        0.0896349241
 29       -0.0958050005
 30       -0.0319114886
 31       -0.0963347407
 32       -0.2679726298
 33        0.0461601637
 34       -0.0564705781
 35       -0.1559715450
 36        0.1085407093
 37       -0.0974691829
 38        0.3487618238
 39       -0.4667659203
 40       -0.0936253379
 41        0.5499217514
 42       -0.4982554354
 43       -0.3423899434
 44        0.1141359194
 45        0.0393369871
 46        0.0453251791
 47        0.0255559197
 48        0.0306049179
 49        0.0282482317
 50        0.0413772492
 51        0.0302695317
 52        0.0351834031
 53        0.0263483093
 54        0.0447121824
 55        0.0196563011
 56        0.0154403986
 57        0.0382831019
 58        0.0311135420
 59        0.0412534530
 60        0.0564856752
 61        0.0686647658
 62        0.0441222759
 63        0.0325652092
 64        0.0265643400
 65        0.0399735543
 66        0.0253469059
 67        0.0252774621
 68        0.0275295443
 69        0.0208416379
 70        0.0272259307
 71        0.0368486902
 72        0.0328333306
 73        0.0640668741
 74        0.0437096871
 75        0.0580470397
 76        0.0543549646
 77        0.0459521008
 78        0.0449971620
 79        0.0517746874
 80        0.4480029514
 81       -0.0440013925
 82       -0.0977780527
 83       -0.0873885903
 84       -0.0720971007
 85       -0.2132623237
 86        0.1997866712
 87       -0.0246736897
 88       -0.0143142417
 89        0.2022608435
 90       -0.0865773272
 91       -0.0266983693
 92       -0.0750443933
 93        0.0135850053
 94       -0.2444881417
 95        0.2113922197
 96        0.0622435978
 97       -0.0933458705
 98        0.2329095385
 99       -0.0920094445
 100       0.3667498473
 101      -0.4621893093
 102      -0.1391140051
 103      -0.2337796894
 104       0.2133235069
 105      -0.0063227944
 106      -0.0281973075
 107       0.2042376965
 108      -0.0874600858
 109      -0.0270162172
 110      -0.0939761052
 111      -0.2649947526
 112       0.1973232367
 113       0.0749762925
 114      -0.0975542584
 115       0.1941187106
 116      -0.0931945972
 117       0.3748007862
 118      -0.4376849562
 119      -0.0935751569
 120       0.5514660475
 121      -0.4939980829
 122      -0.3426708272
 123       0.1150467061
 124       0.0385689461
 125       0.0489520019
 126       0.0284886105
 127       0.0341496604
 128       0.0304910300
 129       0.0438677855
 130       0.0332876953
 131       0.0346570545
 132       0.0269865570
 133       0.0475701155
 134       0.0194717332
 135       0.0150813005
 136       0.0369121656
 137       0.0430493189
 138       0.0528612486
 139       0.0614154202
 140       0.0681905096
 141       0.0459177054
 142       0.0391568648
 143       0.0353376429
 144       0.0384205736
 145       0.0298812208
 146       0.0267638356
 147       0.0259068788
 148       0.0215308701
 149       0.0279556995
 150       0.0389012250
 151       0.0325690697
 152       0.0724938551
 153       0.0454144092
 154       0.0714400072
 155       0.0556915845
 156       0.0445143476
 157       0.0423495990
 158       0.0529637889

 --------------------------------------------------------------------------------
                                  command: print                                 
 --------------------------------------------------------------------------------
 res.excitation_2_energy:                0.0674554734

 --------------------------------------------------------------------------------
                                  command: print                                 
 --------------------------------------------------------------------------------
 res.excitation_2_transition_dipole : [
  0.3044814449396112,
  -2.764016887861219,
  0.1210094334471068
]

 --------------------------------------------------------------------------------
                                  command: print                                 
 --------------------------------------------------------------------------------

 res.excitation_2_transition_charges:
                      1
 1        -0.0001288368
 2         0.0114697879
 3        -0.0137210703
 4        -0.0093984540
 5         0.0115573637
 6        -0.0014452005
 7         0.0185014812
 8        -0.0001390581
 9        -0.0000446010
 10       -0.0230772952
 11       -0.0026290386
 12        0.0015583879
 13        0.0001892652
 14        0.0003273796
 15       -0.0048657213
 16       -0.0330752925
 17       -0.0641531836
 18       -0.0192304089
 19       -0.0239752522
 20       -0.0008556920
 21       -0.0048401642
 22       -0.0071367975
 23       -0.0001633777
 24        0.0026874709
 25       -0.0150022441
 26       -0.0003685800
 27        0.0006960032
 28        0.0308416929
 29       -0.0013578225
 30        0.0014252868
 31        0.0004512453
 32        0.0003867376
 33        0.0450530834
 34        0.0419586490
 35        0.0175394877
 36        0.0256379416
 37        0.0011528577
 38        0.0061374041
 39        0.0088505833
 40        0.0000206514
 41       -0.0000056139
 42        0.0001593052
 43        0.0000125394
 44       -0.0000045732
 45       -0.0000071627
 46       -0.0001146904
 47        0.0008619623
 48        0.0002611756
 49       -0.0002922873
 50       -0.0004144362
 51       -0.0005701857
 52       -0.0005604653
 53        0.0000809792
 54        0.0001999660
 55       -0.0000171384
 56        0.0000765820
 57       -0.0000175722
 58       -0.0044961749
 59       -0.0042705986
 60       -0.0003832488
 61        0.0000056056
 62       -0.0004072604
 63       -0.0006884711
 64        0.0024468068
 65       -0.0002229334
 66       -0.0002785558
 67       -0.0002662713
 68        0.0000743283
 69        0.0001797637
 70        0.0000044338
 71        0.0000350874
 72        0.0002340737
 73        0.0023913463
 74        0.0004357848
 75        0.0047790735
 76       -0.0000571830
 77       -0.0000011219
 78        0.0000026892
 79       -0.0000001097
 80       -0.0000000138
 81       -0.0000000645
 82       -0.0000000412
 83        0.0000000208
 84        0.0000000222
 85       -0.0000000613
 86        0.0000000046
 87       -0.0000000005
 88       -0.0000000014
 89       -0.0000000075
 90       -0.0000000188
 91        0.0000000002
 92        0.0000000000
 93        0.0000000000
 94        0.0000000008
 95       -0.0000000145
 96       -0.0000000256
 97       -0.0000000062
 98       -0.0000000086
 99       -0.0000000002
 100      -0.0000000014
 101      -0.0000000029
 102      -0.0000000000
 103       0.0000000316
 104      -0.0000000055
 105       0.0000000000
 106       0.0000000006
 107       0.0000000205
 108      -0.0000000013
 109       0.0000000011
 110       0.0000000002
 111      -0.0000000252
 112       0.0000000213
 113       0.0000000265
 114       0.0000000066
 115       0.0000000175
 116       0.0000000006
 117       0.0000000019
 118       0.0000000025
 119      -0.0000000012
 120      -0.0000000024
 121      -0.0000000014
 122      -0.0000000002
 123      -0.0000000002
 124       0.0000000000
 125      -0.0000000000
 126       0.0000000007
 127       0.0000000001
 128      -0.0000000007
 129       0.0000000013
 130       0.0000000009
 131       0.0000000070
 132       0.0000000000
 133      -0.0000000001
 134      -0.0000000000
 135       0.0000000000
 136      -0.0000000000
 137      -0.0000000014
 138      -0.0000000016
 139      -0.0000000001
 140       0.0000000000
 141      -0.0000000001
 142      -0.0000000008
 143       0.0000000021
 144      -0.0000000000
 145       0.0000000001
 146      -0.0000000001
 147       0.0000000001
 148       0.0000000002
 149      -0.0000000000
 150       0.0000000000
 151       0.0000000001
 152       0.0000000015
 153       0.0000000002
 154       0.0000000028
 155      -0.0000000041
 156      -0.0000000000
 157      -0.0000000000
 158      -0.0000000000

 --------------------------------------------------------------------------------
                                  command: print                                 
 --------------------------------------------------------------------------------
 res.excitation_3_energy:                0.0671915052

 --------------------------------------------------------------------------------
                                  command: print                                 
 --------------------------------------------------------------------------------
 res.excitation_3_transition_dipole : [
  0.18308900282395182,
  -2.7891867502958885,
  0.13745977912599122
]

 --------------------------------------------------------------------------------
                                  command: print                                 
 --------------------------------------------------------------------------------

 res.excitation_3_transition_charges:
                      1
 1         0.0000001177
 2        -0.0000000415
 3        -0.0000000252
 4         0.0000001376
 5         0.0000000944
 6        -0.0000000382
 7        -0.0000000175
 8         0.0000000006
 9        -0.0000000004
 10        0.0000000101
 11        0.0000000003
 12       -0.0000000012
 13       -0.0000000002
 14       -0.0000000003
 15        0.0000001048
 16        0.0000000150
 17        0.0000000259
 18        0.0000000105
 19        0.0000000092
 20        0.0000000005
 21        0.0000000029
 22        0.0000000020
 23        0.0000000003
 24        0.0000001650
 25        0.0000000072
 26        0.0000000042
 27        0.0000000036
 28       -0.0000000066
 29        0.0000000010
 30        0.0000000093
 31        0.0000000646
 32        0.0000000454
 33       -0.0000000245
 34       -0.0000000155
 35       -0.0000000099
 36       -0.0000000059
 37       -0.0000000004
 38       -0.0000000046
 39       -0.0000000069
 40        0.0000000004
 41        0.0000000007
 42       -0.0000000001
 43       -0.0000000000
 44        0.0000000002
 45        0.0000000002
 46       -0.0000000000
 47       -0.0000000001
 48       -0.0000000001
 49        0.0000000006
 50       -0.0000000000
 51       -0.0000000001
 52        0.0000000000
 53       -0.0000000001
 54       -0.0000000002
 55       -0.0000000000
 56       -0.0000000001
 57       -0.0000000000
 58        0.0000000026
 59        0.0000000016
 60        0.0000000002
 61        0.0000000001
 62        0.0000000001
 63        0.0000000001
 64        0.0000000013
 65        0.0000000002
 66        0.0000000005
 67        0.0000000009
 68        0.0000000024
 69        0.0000000008
 70        0.0000000135
 71        0.0000000791
 72        0.0000000067
 73       -0.0000000008
 74       -0.0000000003
 75       -0.0000000020
 76        0.0000000018
 77        0.0000000000
 78        0.0000000000
 79       -0.0000000000
 80        0.0002624694
 81       -0.0162351925
 82        0.0104755255
 83        0.0119509315
 84       -0.0093386411
 85       -0.0015152229
 86       -0.0185602358
 87        0.0001611299
 88       -0.0000239253
 89        0.0236124283
 90        0.0025285654
 91       -0.0016083497
 92       -0.0001912052
 93       -0.0003486305
 94        0.0056493340
 95        0.0346432233
 96        0.0604716302
 97        0.0212183286
 98        0.0237899695
 99        0.0007909284
 100       0.0051873862
 101       0.0076763048
 102       0.0002046529
 103       0.0001716868
 104       0.0159420424
 105       0.0004108853
 106      -0.0006328814
 107      -0.0289732701
 108       0.0013423394
 109      -0.0013983354
 110      -0.0004260902
 111      -0.0009903114
 112      -0.0453086752
 113      -0.0420150101
 114      -0.0184464340
 115      -0.0235838796
 116      -0.0011574785
 117      -0.0064411980
 118      -0.0094500568
 119      -0.0000467920
 120      -0.0001054474
 121      -0.0002266072
 122      -0.0000250818
 123      -0.0000034474
 124       0.0000095110
 125       0.0001087745
 126      -0.0008727671
 127      -0.0002687050
 128       0.0002821825
 129       0.0003803241
 130       0.0005539751
 131       0.0005485535
 132      -0.0000841079
 133      -0.0002127013
 134       0.0000176705
 135      -0.0000784347
 136       0.0000196770
 137       0.0042587910
 138       0.0041153726
 139       0.0004309384
 140      -0.0000031244
 141       0.0004508232
 142       0.0006975120
 143      -0.0024100166
 144       0.0002272403
 145       0.0002856846
 146       0.0002782874
 147      -0.0000723189
 148      -0.0001696607
 149      -0.0000030569
 150      -0.0000377001
 151      -0.0002046831
 152      -0.0022788988
 153      -0.0004540096
 154      -0.0048462591
 155      -0.0001012616
 156       0.0000005140
 157      -0.0000054763
 158      -0.0000007556

 --------------------------------------------------------------------------------
                                  command: print                                 
 --------------------------------------------------------------------------------
 res.excitation_4_energy:                0.0546795107

 --------------------------------------------------------------------------------
                                  command: print                                 
 --------------------------------------------------------------------------------
 res.excitation_4_transition_dipole : [
  0.0007432949320958377,
  -0.004287590302905789,
  -0.0009728264212164425
]

 --------------------------------------------------------------------------------
                                  command: print                                 
 --------------------------------------------------------------------------------

 res.excitation_4_transition_charges:
                      1
 1         0.0000041603
 2         0.0000050253
 3        -0.0000050480
 4        -0.0000171275
 5         0.0000221400
 6         0.0000009916
 7         0.0000216819
 8        -0.0000002083
 9        -0.0000000429
 10       -0.0000357060
 11       -0.0000024696
 12        0.0000011977
 13        0.0000000817
 14        0.0000002221
 15       -0.0000145490
 16       -0.0000314268
 17       -0.0000829331
 18       -0.0000205903
 19       -0.0000371494
 20       -0.0000011179
 21       -0.0000053306
 22       -0.0000074178
 23       -0.0000001457
 24        0.0000050729
 25       -0.0000130310
 26       -0.0000010579
 27        0.0000018802
 28        0.0000256580
 29       -0.0000014938
 30        0.0000019440
 31        0.0000052714
 32        0.0000007649
 33        0.0000580312
 34        0.0000458409
 35        0.0000236243
 36        0.0000193400
 37        0.0000010835
 38        0.0000081585
 39        0.0000116528
 40        0.0000000173
 41        0.0000000359
 42        0.0000001087
 43        0.0000000116
 44        0.0000000057
 45        0.0000000685
 46       -0.0000000248
 47        0.0000007569
 48        0.0000007495
 49       -0.0000009636
 50       -0.0000004945
 51       -0.0000005742
 52       -0.0000005539
 53        0.0000000527
 54        0.0000000674
 55       -0.0000000037
 56        0.0000000374
 57       -0.0000000139
 58       -0.0000057191
 59       -0.0000057802
 60       -0.0000004085
 61        0.0000000105
 62       -0.0000004378
 63        0.0000000240
 64        0.0000048884
 65       -0.0000002515
 66       -0.0000004305
 67       -0.0000004312
 68       -0.0000003820
 69       -0.0000002951
 70        0.0000003569
 71        0.0000000212
 72        0.0000020734
 73        0.0000023110
 74        0.0000004975
 75        0.0000051789
 76        0.0000000300
 77        0.0000000034
 78        0.0000000011
 79       -0.0000000004
 80        0.0000012325
 81        0.0000414130
 82        0.0000334792
 83       -0.0000250894
 84       -0.0000303371
 85        0.0000391838
 86       -0.0000037418
 87       -0.0000000341
 88        0.0000005193
 89        0.0000098806
 90        0.0000027449
 91       -0.0000000762
 92       -0.0000000185
 93       -0.0000000168
 94       -0.0000086978
 95        0.0000118590
 96        0.0000271527
 97        0.0000055050
 98        0.0000111218
 99        0.0000002346
 100       0.0000012982
 101       0.0000026204
 102      -0.0000000243
 103      -0.0000423489
 104       0.0000051744
 105      -0.0000001361
 106      -0.0000007239
 107      -0.0000148018
 108      -0.0000001635
 109      -0.0000009713
 110      -0.0000002607
 111       0.0000084959
 112      -0.0000182497
 113      -0.0000221146
 114      -0.0000060457
 115      -0.0000128586
 116      -0.0000004485
 117      -0.0000017466
 118      -0.0000022810
 119       0.0000003973
 120       0.0000011862
 121       0.0000006863
 122       0.0000001194
 123       0.0000000847
 124      -0.0000000378
 125       0.0000000398
 126      -0.0000005566
 127      -0.0000000709
 128       0.0000001168
 129       0.0000000227
 130      -0.0000000506
 131      -0.0000004332
 132      -0.0000000101
 133       0.0000000099
 134       0.0000000101
 135      -0.0000000101
 136       0.0000000359
 137       0.0000014480
 138       0.0000019018
 139       0.0000000833
 140      -0.0000000164
 141       0.0000001336
 142       0.0000004205
 143      -0.0000015098
 144      -0.0000000178
 145      -0.0000002670
 146       0.0000000952
 147      -0.0000000487
 148      -0.0000001507
 149      -0.0000000030
 150      -0.0000000351
 151      -0.0000001238
 152      -0.0000012392
 153      -0.0000001567
 154      -0.0000023054
 155       0.0000019585
 156       0.0000000104
 157       0.0000000243
 158       0.0000000092

 --------------------------------------------------------------------------------

 End time:                               Fri Aug 20 13:47:27 2021
 Total wall-clock time:                  1.679 seconds
==================================================================================
