
================================================================================
          _____________ ________ _______________ ________     _________         
         / ___________// ______ \\_____   _____// ______ \   / ________)        
        / /_________  / /      \ \     | |     / /      \ \ | (_______          
       |  __________|| |        | |    | |    | |        | | \________ \        
        \ \_________ | |        | |    | |     \ \______/ /___________) |       
         \__________||_|        |_|    |_|      \________//____________/        
                                                                                
====================================[ Qcore ]===================================

 Git hash:   4f46786782e696c626e0064ff3d1a47267e124c4
 Git date:   Wed, 30 Jun 2021 10:19:53 +0100
 Compiler:   AppleClang 10.0.1.10010046
 Build type: Release
 Version:    1.4.1

 Start time: Tue Jul  6 09:36:26 2021

 Data directory: /Users/of15641/qcore/cmake-build-release/share/entos/1.4.1/data
 Number of threads: 2
 Number of threads was determined by: number of physical cores

 --------------------------------------------------------------------------------
                                   command: xtb                                  
 --------------------------------------------------------------------------------
 XTB basis setup:                        reference basis
 Number of basis functions:            488
 GFN version:                            chlorophyll
 Integral screening threshold:           1.00e-10
 Total charge:                           0.000000000
 Number of electrons:                  436.000000000
 Electronic temperature (Kelvin):        0.000000000

 D3BJ energy:                           -0.127154709
 Repulsive energy:                       3.040134891

 ****************************************************
  Running robust self-consistent charge (SCC) solver 
 ****************************************************
 Number of SCC trials:                   4
 Using the stop-early mechanism for the first 3 trials

 Conv. threshold (charge):               1.00e-05
 Conv. threshold (energy):               1.00e-06
 Initial guess:                          eeq

 -------------
  SCC Trial 1 
 -------------
 Broyden mixing factor:                  0.400000000
 Max number of iterations:             128

 ---------------------------------------------------------------
                  energy        change          grad        time
 ---------------------------------------------------------------
   0      -260.590312773                    6.60e-01        0.04
   1      -261.775351589     -1.19e+00      3.88e-01        0.04
   2      -261.791883213     -1.65e-02      1.04e-01        0.04
   3      -261.813989329     -2.21e-02      1.10e-02        0.03
   4      -261.814839267     -8.50e-04      6.79e-03        0.04
   5      -261.821897002     -7.06e-03      1.43e-03        0.07
   6      -261.822139639     -2.43e-04      4.79e-04        0.03
   7      -261.822163845     -2.42e-05      1.64e-04        0.03
   8      -261.822165536     -1.69e-06      4.87e-05        0.04
   9      -261.822165567     -3.10e-08      2.11e-05        0.03
  10      -261.822165580     -1.27e-08      1.07e-05        0.04
  11      -261.822165591     -1.08e-08      3.24e-06        0.03
  12      -261.822165591     -3.86e-10      1.02e-06        0.03

 SCF converged in 11 iterations.

 Entropy contribution (-ST):             0.000000000
 Dipole moment (in Debye):              -5.596604       4.975813      -0.522893

 ----------------
  Excitation 0 1 
 ----------------
 Setting up Delta-SCF
 Ground-Excited state overlap:           0.000000000
 No correction applied to the TDM.
 Excitation energy:                      0.056320997
 Excitation energy (in eV):              1.532572393
 Transition dipole:                     -0.00078       0.03267      -0.01842

 -----------------
  Excitation -1 1 
 -----------------
 Setting up Delta-SCF
 Ground-Excited state overlap:           0.000000000
 No correction applied to the TDM.
 Excitation energy:                      0.095856874
 Excitation energy (in eV):              2.608398418
 Transition dipole:                      0.46784      -4.35149       0.23198

 ----------------
  Excitation 0 2 
 ----------------
 Setting up Delta-SCF
 Ground-Excited state overlap:          -0.000000000
 No correction applied to the TDM.
 Excitation energy:                      0.095451727
 Excitation energy (in eV):              2.597373824
 Transition dipole:                     -0.14338       3.21190      -2.98615

 -----------------
  Excitation -1 2 
 -----------------
 Setting up Delta-SCF
 Ground-Excited state overlap:           0.000000000
 No correction applied to the TDM.
 Excitation energy:                      0.064051656
 Excitation energy (in eV):              1.742934352
 Transition dipole:                      0.00041       0.03474      -0.01087
 TOTAL ENERGY:                        -261.822165591
 Saving results in set 'res'

 --------------------------------------------------------------------------------
                                  command: print                                 
 --------------------------------------------------------------------------------
 res.energy:                          -261.8221655913

 --------------------------------------------------------------------------------
                                  command: print                                 
 --------------------------------------------------------------------------------

 res.dipole:
                      1
 1        -2.2018732821
 2         1.9576353959
 3        -0.2057217818

 --------------------------------------------------------------------------------
                                  command: print                                 
 --------------------------------------------------------------------------------

 res.atomic_charges:
                      1
 1         0.3736157487
 2        -0.0561695049
 3        -0.1092848099
 4        -0.0932247590
 5        -0.0764966981
 6        -0.2372123381
 7         0.1298791233
 8        -0.0291292960
 9        -0.0283403714
 10        0.1178909481
 11       -0.0892089029
 12       -0.0575098538
 13       -0.0781211975
 14        0.0144693353
 15       -0.2951654072
 16        0.1398121084
 17       -0.0397965973
 18       -0.1146001581
 19        0.1615748070
 20       -0.0832569914
 21        0.3355027801
 22       -0.4208542165
 23       -0.1296729709
 24       -0.2501285970
 25        0.1499146171
 26       -0.0211243836
 27       -0.0354968491
 28        0.1163801561
 29       -0.0922510221
 30       -0.0527271877
 31       -0.0934520401
 32       -0.3012806562
 33        0.1034662663
 34        0.0042420702
 35       -0.1124312454
 36        0.1481208371
 37       -0.0866637656
 38        0.3448455403
 39       -0.3958912567
 40       -0.1068500394
 41        0.5194959414
 42       -0.4689225125
 43       -0.2895942102
 44        0.1048522009
 45        0.0513162273
 46        0.0516139887
 47        0.0397303087
 48        0.0430220147
 49        0.0450315700
 50        0.0437714569
 51        0.0362371582
 52        0.0360671513
 53        0.0389130079
 54        0.0596106526
 55        0.0260145443
 56        0.0199233600
 57        0.0357058095
 58        0.0383589290
 59        0.0461713438
 60        0.0595211636
 61        0.0588092498
 62        0.0483551310
 63        0.0487547219
 64        0.0380482739
 65        0.0413096157
 66        0.0326340399
 67        0.0305072018
 68        0.0361429677
 69        0.0321558847
 70        0.0306210796
 71        0.0359527959
 72        0.0395883249
 73        0.0625872362
 74        0.0381788103
 75        0.0634156436
 76        0.0599320574
 77        0.0330846039
 78        0.0306289747
 79        0.0484029102
 80        0.3736259878
 81       -0.0580069170
 82       -0.1053871382
 83       -0.0919635956
 84       -0.0746982126
 85       -0.2343531032
 86        0.1311853732
 87       -0.0309677086
 88       -0.0292484538
 89        0.1141684742
 90       -0.0892852264
 91       -0.0574859564
 92       -0.0767333764
 93        0.0115254361
 94       -0.2926986789
 95        0.1406939975
 96       -0.0394013722
 97       -0.1170597880
 98        0.1619803915
 99       -0.0829715906
 100       0.3351061163
 101      -0.4237878851
 102      -0.1289555466
 103      -0.2515236517
 104       0.1460326094
 105      -0.0215026824
 106      -0.0355625276
 107       0.1194049715
 108      -0.0904973972
 109      -0.0530645373
 110      -0.0927694174
 111      -0.3031106960
 112       0.1020807668
 113       0.0060326038
 114      -0.1106929332
 115       0.1484040260
 116      -0.0871669522
 117       0.3468331547
 118      -0.3979084477
 119      -0.1078879384
 120       0.5201511629
 121      -0.4651394955
 122      -0.2907474704
 123       0.1061394944
 124       0.0499316816
 125       0.0532629320
 126       0.0405392395
 127       0.0440885619
 128       0.0451068058
 129       0.0451466831
 130       0.0382951334
 131       0.0326525351
 132       0.0398770370
 133       0.0616211962
 134       0.0250301728
 135       0.0196269220
 136       0.0339398803
 137       0.0360556639
 138       0.0460047890
 139       0.0611306616
 140       0.0587660274
 141       0.0499966164
 142       0.0493092350
 143       0.0363591342
 144       0.0374564300
 145       0.0330906843
 146       0.0301107479
 147       0.0337149615
 148       0.0335377836
 149       0.0295633487
 150       0.0369798762
 151       0.0388510934
 152       0.0635129762
 153       0.0386977326
 154       0.0680878188
 155       0.0605526518
 156       0.0310524145
 157       0.0269051955
 158       0.0490366562

 --------------------------------------------------------------------------------
                                  command: print                                 
 --------------------------------------------------------------------------------
 res.excitation_1_energy:                0.0563209966

 --------------------------------------------------------------------------------
                                  command: print                                 
 --------------------------------------------------------------------------------
 res.excitation_1_transition_dipole : [
  -0.0007804864500181979,
  0.032674224286147927,
  -0.01841961877961346
]

 --------------------------------------------------------------------------------
                                  command: print                                 
 --------------------------------------------------------------------------------

 res.excitation_1_transition_charges:
                      1
 1        -0.0000252853
 2        -0.0007095169
 3        -0.0003036935
 4         0.0005649304
 5         0.0002234358
 6        -0.0009873478
 7        -0.0002552763
 8         0.0000023393
 9        -0.0000069362
 10        0.0002808742
 11        0.0000251700
 12       -0.0000311191
 13       -0.0000023069
 14       -0.0000034916
 15        0.0003364968
 16        0.0003547182
 17        0.0007112731
 18        0.0002407695
 19        0.0003326091
 20        0.0000097247
 21        0.0000498215
 22        0.0000718952
 23        0.0000008121
 24        0.0009806862
 25        0.0001894307
 26        0.0000074643
 27       -0.0000051619
 28       -0.0003360339
 29        0.0000251110
 30       -0.0000223727
 31        0.0000044552
 32       -0.0001797707
 33       -0.0004526305
 34       -0.0004214914
 35       -0.0001903483
 36       -0.0003064663
 37       -0.0000130679
 38       -0.0000529563
 39       -0.0000924452
 40       -0.0000041587
 41       -0.0000270849
 42       -0.0000148411
 43       -0.0000026601
 44       -0.0000018140
 45        0.0000005625
 46        0.0000005523
 47       -0.0000073112
 48       -0.0000073546
 49        0.0000091643
 50        0.0000018052
 51        0.0000032794
 52        0.0000044254
 53       -0.0000021944
 54       -0.0000059960
 55       -0.0000004245
 56       -0.0000004813
 57       -0.0000004062
 58        0.0000947581
 59        0.0000803438
 60        0.0000054816
 61       -0.0000000471
 62        0.0000042182
 63        0.0000168865
 64       -0.0000378932
 65        0.0000023617
 66        0.0000064565
 67        0.0000026184
 68       -0.0000014827
 69       -0.0000030020
 70       -0.0000007802
 71       -0.0000067894
 72       -0.0000003095
 73       -0.0000436862
 74       -0.0000071389
 75       -0.0000884717
 76       -0.0000359911
 77       -0.0000002856
 78       -0.0000005777
 79       -0.0000006333
 80       -0.0000200023
 81        0.0000213681
 82       -0.0000046880
 83       -0.0000076544
 84       -0.0000004794
 85        0.0000045861
 86        0.0000037073
 87        0.0000007933
 88        0.0000011861
 89        0.0000094843
 90       -0.0000079158
 91        0.0000026027
 92        0.0000001461
 93        0.0000004459
 94        0.0000173061
 95       -0.0000387630
 96       -0.0000210120
 97       -0.0000148014
 98        0.0000123520
 99        0.0000003183
 100      -0.0000024483
 101      -0.0000060337
 102      -0.0000002449
 103       0.0000034224
 104      -0.0000258885
 105      -0.0000005810
 106      -0.0000030720
 107       0.0000355724
 108       0.0000050233
 109      -0.0000006281
 110      -0.0000010088
 111       0.0000149682
 112       0.0000071405
 113       0.0000187917
 114       0.0000063996
 115       0.0000258435
 116       0.0000019535
 117       0.0000015069
 118       0.0000024892
 119       0.0000003231
 120       0.0000008503
 121       0.0000006058
 122       0.0000001141
 123       0.0000000595
 124       0.0000000394
 125      -0.0000001202
 126       0.0000002166
 127      -0.0000002130
 128       0.0000016907
 129      -0.0000007717
 130      -0.0000056130
 131      -0.0000023693
 132       0.0000000050
 133       0.0000003648
 134       0.0000001201
 135       0.0000000608
 136      -0.0000000055
 137      -0.0000021061
 138      -0.0000009686
 139      -0.0000004421
 140      -0.0000000006
 141      -0.0000004542
 142      -0.0000015124
 143       0.0000013337
 144       0.0000014203
 145       0.0000077979
 146       0.0000034109
 147      -0.0000000132
 148       0.0000001093
 149      -0.0000000673
 150      -0.0000000955
 151      -0.0000004093
 152       0.0000025990
 153       0.0000003887
 154       0.0000050597
 155       0.0000009582
 156       0.0000000067
 157       0.0000000251
 158       0.0000000201

 --------------------------------------------------------------------------------
                                  command: print                                 
 --------------------------------------------------------------------------------
 res.excitation_1_excited_dipole : [
  14.343664643603493,
  3.934361894644982,
  1.3034477345953235
]

 --------------------------------------------------------------------------------
                                  command: print                                 
 --------------------------------------------------------------------------------

 res.excitation_1_excited_atomic_charges:
                      1
 1         0.3731123892
 2        -0.1136685735
 3        -0.1539092025
 4        -0.1442746791
 5        -0.1112792100
 6        -0.3413337730
 7         0.1160241155
 8        -0.0293575148
 9        -0.0290727446
 10        0.1023507819
 11       -0.0915994297
 12       -0.0590985951
 13       -0.0784359733
 14        0.0141141149
 15       -0.3054230539
 16        0.1070297671
 17       -0.1397256067
 18       -0.1633662541
 19        0.1410670911
 20       -0.0836618045
 21        0.3180905126
 22       -0.4433663160
 23       -0.1301396544
 24       -0.3602955355
 25        0.1411212072
 26       -0.0221166763
 27       -0.0360263767
 28        0.0894997330
 29       -0.0933480218
 30       -0.0545905499
 31       -0.0937477201
 32       -0.3043822859
 33        0.0540603778
 34       -0.0601997084
 35       -0.1488773783
 36        0.1232789291
 37       -0.0874617612
 38        0.3307172289
 39       -0.4155258326
 40       -0.1069745263
 41        0.5180623651
 42       -0.4697104516
 43       -0.2897640680
 44        0.1047851657
 45        0.0512397945
 46        0.0516035742
 47        0.0390576287
 48        0.0426074408
 49        0.0445027489
 50        0.0432886374
 51        0.0350506861
 52        0.0354958957
 53        0.0386451665
 54        0.0592072774
 55        0.0259800760
 56        0.0198788676
 57        0.0356492983
 58        0.0277987892
 59        0.0365608784
 60        0.0574021570
 61        0.0588055460
 62        0.0462926985
 63        0.0480299408
 64        0.0356262340
 65        0.0411785577
 66        0.0321544505
 67        0.0303060306
 68        0.0360593207
 69        0.0317816184
 70        0.0305833562
 71        0.0358912909
 72        0.0389536356
 73        0.0569332168
 74        0.0373723533
 75        0.0525060079
 76        0.0583823520
 77        0.0330775004
 78        0.0305914711
 79        0.0483739252
 80        0.3755096507
 81       -0.0437986462
 82       -0.1023022306
 83       -0.0808498611
 84       -0.0719887143
 85       -0.2293794484
 86        0.2036694497
 87       -0.0293366327
 88       -0.0273105979
 89        0.1981840448
 90       -0.0809536825
 91       -0.0510679613
 92       -0.0765005912
 93        0.0123386108
 94       -0.2756076816
 95        0.2233083874
 96        0.0426090411
 97       -0.0940874872
 98        0.2397398636
 99       -0.0802746001
 100       0.3372252451
 101      -0.4177578684
 102      -0.1286691112
 103      -0.2507044709
 104       0.2186755544
 105      -0.0199815304
 106      -0.0333376757
 107       0.1968314391
 108      -0.0830028508
 109      -0.0468264583
 110      -0.0919739628
 111      -0.2985681531
 112       0.1994770069
 113       0.0550386306
 114      -0.0875668244
 115       0.2036649462
 116      -0.0840153155
 117       0.3505839648
 118      -0.3882873431
 119      -0.1076208111
 120       0.5204467855
 121      -0.4646899713
 122      -0.2906809644
 123       0.1061612273
 124       0.0499873493
 125       0.0540540796
 126       0.0431899568
 127       0.0469787725
 128       0.0479125781
 129       0.0454585486
 130       0.0394112630
 131       0.0338337230
 132       0.0400453965
 133       0.0620551071
 134       0.0254677302
 135       0.0197745986
 136       0.0339593453
 137       0.0485108316
 138       0.0556334932
 139       0.0614809129
 140       0.0587674934
 141       0.0503968453
 142       0.0562133302
 143       0.0475883683
 144       0.0379466899
 145       0.0338954181
 146       0.0310199332
 147       0.0339297126
 148       0.0338724984
 149       0.0296371533
 150       0.0372724170
 151       0.0395168163
 152       0.0688720317
 153       0.0395908233
 154       0.0801271263
 155       0.0608079076
 156       0.0310536993
 157       0.0269199583
 158       0.0490467649

 --------------------------------------------------------------------------------
                                  command: print                                 
 --------------------------------------------------------------------------------
 res.excitation_2_energy:                0.0958568738

 --------------------------------------------------------------------------------
                                  command: print                                 
 --------------------------------------------------------------------------------
 res.excitation_2_transition_dipole : [
  0.46784124360919627,
  -4.351488425057175,
  0.2319767179426513
]

 --------------------------------------------------------------------------------
                                  command: print                                 
 --------------------------------------------------------------------------------

 res.excitation_2_transition_charges:
                      1
 1         0.0000067631
 2         0.0199373737
 3        -0.0178242057
 4        -0.0164322910
 5         0.0148051776
 6         0.0007615639
 7         0.0306525546
 8        -0.0001368105
 9        -0.0001595747
 10       -0.0361717823
 11       -0.0044770509
 12        0.0029499642
 13        0.0002045016
 14        0.0005125812
 15       -0.0107448091
 16       -0.0504078343
 17       -0.0928819363
 18       -0.0307642473
 19       -0.0402439910
 20       -0.0011765670
 21       -0.0055686187
 22       -0.0108272673
 23       -0.0002725848
 24        0.0046158329
 25       -0.0244086409
 26       -0.0003656990
 27        0.0010095387
 28        0.0479085550
 29       -0.0028026279
 30        0.0035139723
 31        0.0004876608
 32        0.0012214547
 33        0.0696812628
 34        0.0579258024
 35        0.0288868077
 36        0.0391868823
 37        0.0016288741
 38        0.0072709785
 39        0.0135233044
 40        0.0000798443
 41        0.0002164992
 42        0.0003779800
 43        0.0000540722
 44        0.0000121284
 45       -0.0000172141
 46       -0.0000864989
 47        0.0013879272
 48        0.0010552127
 49       -0.0011489832
 50       -0.0004135111
 51       -0.0011791291
 52       -0.0008267441
 53        0.0000626951
 54        0.0003092372
 55        0.0000849700
 56        0.0000613885
 57       -0.0000161740
 58       -0.0116145089
 59       -0.0099306549
 60       -0.0007874794
 61        0.0000047582
 62       -0.0008238974
 63       -0.0019835733
 64        0.0053693323
 65       -0.0002397232
 66       -0.0004921868
 67       -0.0002837608
 68        0.0001378850
 69        0.0003811366
 70        0.0000558955
 71        0.0001181641
 72        0.0006886287
 73        0.0058316065
 74        0.0008371304
 75        0.0115871135
 76        0.0000902766
 77       -0.0000010385
 78        0.0000135584
 79        0.0000058763
 80       -0.0000004824
 81       -0.0000002420
 82       -0.0000002154
 83        0.0000000581
 84       -0.0000000208
 85       -0.0000007746
 86        0.0000000246
 87        0.0000000009
 88        0.0000000048
 89        0.0000000742
 90       -0.0000002799
 91        0.0000000135
 92        0.0000000009
 93        0.0000000025
 94       -0.0000002482
 95       -0.0000003330
 96       -0.0000001809
 97       -0.0000001261
 98        0.0000001075
 99        0.0000000026
 100      -0.0000000195
 101      -0.0000000549
 102      -0.0000000018
 103      -0.0000003053
 104      -0.0000002174
 105      -0.0000000021
 106      -0.0000000415
 107       0.0000003361
 108      -0.0000000051
 109      -0.0000000067
 110      -0.0000000110
 111      -0.0000005981
 112       0.0000000657
 113       0.0000001739
 114       0.0000000516
 115       0.0000002367
 116       0.0000000141
 117       0.0000000117
 118       0.0000000200
 119      -0.0000000124
 120      -0.0000000301
 121      -0.0000000127
 122      -0.0000000029
 123      -0.0000000021
 124      -0.0000000002
 125      -0.0000000011
 126       0.0000000019
 127      -0.0000000013
 128       0.0000000039
 129      -0.0000000278
 130      -0.0000001444
 131      -0.0000000343
 132      -0.0000000009
 133       0.0000000013
 134       0.0000000007
 135       0.0000000004
 136       0.0000000002
 137      -0.0000000166
 138      -0.0000000084
 139      -0.0000000039
 140      -0.0000000001
 141      -0.0000000036
 142      -0.0000000171
 143       0.0000000105
 144       0.0000000173
 145       0.0000000705
 146       0.0000000583
 147      -0.0000000004
 148       0.0000000013
 149      -0.0000000007
 150      -0.0000000011
 151      -0.0000000044
 152       0.0000000245
 153       0.0000000029
 154       0.0000000424
 155      -0.0000000480
 156      -0.0000000005
 157      -0.0000000005
 158      -0.0000000007

 --------------------------------------------------------------------------------
                                  command: print                                 
 --------------------------------------------------------------------------------
 res.excitation_3_energy:                0.0954517275

 --------------------------------------------------------------------------------
                                  command: print                                 
 --------------------------------------------------------------------------------
 res.excitation_3_transition_dipole : [
  -0.1433835358432554,
  3.2119010956674727,
  -2.9861491085337035
]

 --------------------------------------------------------------------------------
                                  command: print                                 
 --------------------------------------------------------------------------------

 res.excitation_3_transition_charges:
                      1
 1         0.0000041543
 2         0.0000007243
 3         0.0000001737
 4         0.0000008109
 5         0.0000003563
 6         0.0000019080
 7        -0.0000003445
 8         0.0000000041
 9         0.0000000060
 10        0.0000005631
 11        0.0000000019
 12        0.0000000807
 13        0.0000000100
 14       -0.0000000067
 15        0.0000029812
 16       -0.0000002018
 17        0.0000005418
 18        0.0000000555
 19        0.0000008541
 20        0.0000000277
 21        0.0000000219
 22        0.0000000122
 23        0.0000000056
 24        0.0000025679
 25       -0.0000000796
 26        0.0000000008
 27        0.0000000241
 28        0.0000002501
 29        0.0000000501
 30       -0.0000000069
 31        0.0000001481
 32        0.0000023640
 33       -0.0000003799
 34       -0.0000000483
 35       -0.0000000997
 36        0.0000003136
 37        0.0000000120
 38       -0.0000000358
 39       -0.0000000695
 40        0.0000000155
 41        0.0000000690
 42        0.0000000238
 43        0.0000000030
 44        0.0000000088
 45        0.0000000003
 46       -0.0000000006
 47       -0.0000000058
 48       -0.0000000135
 49        0.0000000405
 50        0.0000000002
 51       -0.0000000060
 52       -0.0000000021
 53        0.0000000257
 54        0.0000000263
 55       -0.0000000029
 56       -0.0000000010
 57       -0.0000000006
 58        0.0000000781
 59        0.0000000926
 60        0.0000000008
 61        0.0000000009
 62        0.0000000023
 63        0.0000000130
 64        0.0000000603
 65        0.0000000062
 66        0.0000000191
 67        0.0000000032
 68       -0.0000000002
 69        0.0000000056
 70       -0.0000000105
 71        0.0000006209
 72        0.0000000253
 73        0.0000000115
 74       -0.0000000025
 75       -0.0000000024
 76        0.0000001049
 77        0.0000000024
 78        0.0000000009
 79        0.0000000011
 80        0.0002224357
 81       -0.0296592119
 82        0.0109783449
 83        0.0223756985
 84       -0.0088904827
 85       -0.0112162491
 86       -0.0315067586
 87        0.0001543359
 88        0.0000077122
 89        0.0361706462
 90        0.0042580099
 91       -0.0031134886
 92       -0.0002161178
 93       -0.0005661758
 94        0.0135992701
 95        0.0522340673
 96        0.0879490032
 97        0.0332025893
 98        0.0393331388
 99        0.0011068715
 100       0.0058912420
 101       0.0114306010
 102       0.0003337976
 103       0.0078686047
 104       0.0253286072
 105       0.0004864597
 106      -0.0008701919
 107      -0.0450890425
 108       0.0027186693
 109      -0.0034365042
 110      -0.0004641294
 111      -0.0034571532
 112      -0.0702758908
 113      -0.0569131780
 114      -0.0294158876
 115      -0.0362934329
 116      -0.0017519869
 117      -0.0073338550
 118      -0.0139578055
 119      -0.0001422051
 120      -0.0007127011
 121      -0.0006164134
 122      -0.0001189771
 123      -0.0000415382
 124       0.0000209071
 125       0.0000784093
 126      -0.0014139251
 127      -0.0010734386
 128       0.0010744123
 129       0.0003720141
 130       0.0011441032
 131       0.0008249720
 132      -0.0000674247
 133      -0.0003453621
 134      -0.0000869611
 135      -0.0000642767
 136       0.0000068378
 137       0.0112011568
 138       0.0094115139
 139       0.0008425740
 140      -0.0000023693
 141       0.0009239204
 142       0.0019052286
 143      -0.0052491460
 144       0.0002525448
 145       0.0005331962
 146       0.0002959038
 147      -0.0001393267
 148      -0.0003554546
 149      -0.0000513549
 150      -0.0001175763
 151      -0.0006339780
 152      -0.0054820447
 153      -0.0008704114
 154      -0.0118053342
 155      -0.0006905253
 156      -0.0000037088
 157      -0.0000261840
 158      -0.0000185852

 --------------------------------------------------------------------------------
                                  command: print                                 
 --------------------------------------------------------------------------------
 res.excitation_4_energy:                0.0640516560

 --------------------------------------------------------------------------------
                                  command: print                                 
 --------------------------------------------------------------------------------
 res.excitation_4_transition_dipole : [
  0.0004144157380567147,
  0.03473850494933238,
  -0.010868396651991892
]

 --------------------------------------------------------------------------------
                                  command: print                                 
 --------------------------------------------------------------------------------

 res.excitation_4_transition_charges:
                      1
 1         0.0000325406
 2        -0.0000203898
 3         0.0000084376
 4        -0.0000210467
 5         0.0000223205
 6        -0.0000147996
 7         0.0000416334
 8        -0.0000001133
 9         0.0000006916
 10       -0.0000719185
 11        0.0000023488
 12       -0.0000004843
 13       -0.0000004860
 14        0.0000010013
 15       -0.0000473184
 16        0.0000298610
 17       -0.0000696272
 18       -0.0000073720
 19       -0.0001029408
 20       -0.0000023917
 21       -0.0000026936
 22       -0.0000016588
 23        0.0000002161
 24        0.0000061219
 25        0.0000108453
 26       -0.0000005926
 27        0.0000010872
 28       -0.0000354927
 29       -0.0000040393
 30        0.0000007357
 31       -0.0000011050
 32       -0.0000133662
 33        0.0000602789
 34        0.0000065875
 35        0.0000164150
 36       -0.0000401614
 37       -0.0000012522
 38        0.0000048894
 39        0.0000101497
 40       -0.0000001493
 41       -0.0000004080
 42       -0.0000004887
 43       -0.0000000181
 44       -0.0000000363
 45       -0.0000000654
 46        0.0000001456
 47        0.0000010987
 48        0.0000020160
 49       -0.0000041527
 50       -0.0000000718
 51        0.0000021068
 52        0.0000004272
 53        0.0000010009
 54       -0.0000015780
 55        0.0000005988
 56        0.0000001316
 57        0.0000000252
 58       -0.0000095446
 59       -0.0000109272
 60       -0.0000001189
 61       -0.0000001048
 62        0.0000003454
 63       -0.0000011490
 64       -0.0000083633
 65       -0.0000006205
 66       -0.0000015138
 67       -0.0000004609
 68        0.0000001463
 69       -0.0000001663
 70       -0.0000000254
 71       -0.0000018546
 72        0.0000022684
 73       -0.0000015347
 74        0.0000002771
 75        0.0000004353
 76       -0.0000002843
 77        0.0000000087
 78       -0.0000000100
 79       -0.0000000095
 80        0.0000075108
 81        0.0003345666
 82        0.0004398879
 83       -0.0001761063
 84       -0.0003943910
 85        0.0007769143
 86       -0.0002198762
 87        0.0000014373
 88        0.0000055466
 89        0.0003004001
 90        0.0000681480
 91       -0.0000163444
 92       -0.0000013539
 93       -0.0000031245
 94       -0.0001154748
 95        0.0004506983
 96        0.0007512060
 97        0.0002747036
 98        0.0003439439
 99        0.0000086818
 100       0.0000472128
 101       0.0001032172
 102       0.0000013460
 103      -0.0007968416
 104       0.0002091818
 105      -0.0000013860
 106      -0.0000124727
 107      -0.0004250471
 108       0.0000188250
 109      -0.0000357316
 110      -0.0000051228
 111       0.0001404708
 112      -0.0006432081
 113      -0.0005288949
 114      -0.0002525569
 115      -0.0003308825
 116      -0.0000139537
 117      -0.0000564688
 118      -0.0001109829
 119       0.0000043752
 120       0.0000244377
 121       0.0000103457
 122       0.0000025983
 123       0.0000014522
 124      -0.0000003607
 125       0.0000007656
 126      -0.0000155976
 127      -0.0000071978
 128       0.0000064571
 129       0.0000050814
 130       0.0000318160
 131       0.0000115114
 132       0.0000002979
 133      -0.0000013316
 134      -0.0000004816
 135      -0.0000004444
 136       0.0000005723
 137       0.0000872980
 138       0.0000816523
 139       0.0000072583
 140      -0.0000001850
 141       0.0000073982
 142       0.0000187963
 143      -0.0000550597
 144       0.0000010518
 145       0.0000063151
 146       0.0000019299
 147      -0.0000012033
 148      -0.0000042324
 149      -0.0000005889
 150      -0.0000014020
 151      -0.0000067945
 152      -0.0000516027
 153      -0.0000064165
 154      -0.0001031908
 155       0.0000353717
 156       0.0000002785
 157       0.0000004621
 158       0.0000006011

 --------------------------------------------------------------------------------

 End time:                               Tue Jul  6 09:36:28 2021
 Total wall-clock time:                  1.664 seconds
==================================================================================
