
================================================================================
          _____________ ________ _______________ ________     _________         
         / ___________// ______ \\_____   _____// ______ \   / ________)        
        / /_________  / /      \ \     | |     / /      \ \ | (_______          
       |  __________|| |        | |    | |    | |        | | \________ \        
        \ \_________ | |        | |    | |     \ \______/ /___________) |       
         \__________||_|        |_|    |_|      \________//____________/        
                                                                                
====================================[ Qcore ]===================================

 Git hash:   4f46786782e696c626e0064ff3d1a47267e124c4
 Git date:   Wed, 30 Jun 2021 10:19:53 +0100
 Compiler:   AppleClang 10.0.1.10010046
 Build type: Release
 Version:    1.4.1

 Start time: Mon Jul  5 14:49:15 2021

 Data directory: /Users/of15641/qcore/cmake-build-release/share/entos/1.4.1/data
 Number of threads: 2
 Number of threads was determined by: number of physical cores

 --------------------------------------------------------------------------------
                                   command: xtb                                  
 --------------------------------------------------------------------------------
 XTB basis setup:                        reference basis
 Number of basis functions:            488
 GFN version:                            chlorophyll
 Integral screening threshold:           1.00e-10
 Total charge:                           0.000000000
 Number of electrons:                  436.000000000
 Electronic temperature (Kelvin):        0.000000000

 D3BJ energy:                           -0.125310042
 Repulsive energy:                       3.040139850

 ****************************************************
  Running robust self-consistent charge (SCC) solver 
 ****************************************************
 Number of SCC trials:                   4
 Using the stop-early mechanism for the first 3 trials

 Conv. threshold (charge):               1.00e-05
 Conv. threshold (energy):               1.00e-06
 Initial guess:                          eeq

 -------------
  SCC Trial 1 
 -------------
 Broyden mixing factor:                  0.400000000
 Max number of iterations:             128

 ---------------------------------------------------------------
                  energy        change          grad        time
 ---------------------------------------------------------------
   0      -260.589648173                    6.60e-01        0.04
   1      -261.773799982     -1.18e+00      3.88e-01        0.04
   2      -261.791863982     -1.81e-02      1.03e-01        0.03
   3      -261.814796807     -2.29e-02      1.03e-02        0.03
   4      -261.815987455     -1.19e-03      5.42e-03        0.03
   5      -261.819887375     -3.90e-03      1.35e-03        0.04
   6      -261.820105460     -2.18e-04      3.84e-04        0.03
   7      -261.820118455     -1.30e-05      1.57e-04        0.03
   8      -261.820120138     -1.68e-06      4.45e-05        0.03
   9      -261.820120168     -3.00e-08      1.69e-05        0.03
  10      -261.820120170     -2.04e-09      8.07e-06        0.03
  11      -261.820120176     -5.78e-09      3.42e-06        0.03

 SCF converged in 10 iterations.

 Entropy contribution (-ST):             0.000000000
 Dipole moment (in Debye):              -5.165504       1.150463      -2.306470

 ----------------
  Excitation 0 1 
 ----------------
 Setting up Delta-SCF
 Ground-Excited state overlap:          -0.000000000
 No correction applied to the TDM.
 Excitation energy:                      0.058706074
 Excitation energy (in eV):              1.597473658
 Transition dipole:                     -0.00002       0.00440      -0.00118

 -----------------
  Excitation -1 1 
 -----------------
 Setting up Delta-SCF
 Ground-Excited state overlap:           0.000000000
 No correction applied to the TDM.
 Excitation energy:                      0.096451411
 Excitation energy (in eV):              2.624576603
 Transition dipole:                      0.46945      -4.35080       0.22721

 ----------------
  Excitation 0 2 
 ----------------
 Setting up Delta-SCF
 Ground-Excited state overlap:           0.000000000
 No correction applied to the TDM.
 Excitation energy:                      0.095940871
 Excitation energy (in eV):              2.610684101
 Transition dipole:                      0.43335      -3.21958      -2.95647

 -----------------
  Excitation -1 2 
 -----------------
 Setting up Delta-SCF
 Ground-Excited state overlap:           0.000000000
 No correction applied to the TDM.
 Excitation energy:                      0.062700765
 Excitation energy (in eV):              1.706174747
 Transition dipole:                      0.00074      -0.00291      -0.00334
 TOTAL ENERGY:                        -261.820120176
 Saving results in set 'res'

 --------------------------------------------------------------------------------
                                  command: print                                 
 --------------------------------------------------------------------------------
 res.energy:                          -261.8201201756

 --------------------------------------------------------------------------------
                                  command: print                                 
 --------------------------------------------------------------------------------

 res.dipole:
                      1
 1        -2.0322657028
 2         0.4526268660
 3        -0.9074350933

 --------------------------------------------------------------------------------
                                  command: print                                 
 --------------------------------------------------------------------------------

 res.atomic_charges:
                      1
 1         0.3742359385
 2        -0.0563151623
 3        -0.1086907202
 4        -0.0933716499
 5        -0.0765702001
 6        -0.2370395316
 7         0.1298831685
 8        -0.0290798896
 9        -0.0284225582
 10        0.1181848910
 11       -0.0892061907
 12       -0.0577363273
 13       -0.0777550596
 14        0.0130661100
 15       -0.2949239726
 16        0.1402647231
 17       -0.0387563026
 18       -0.1143668870
 19        0.1616009201
 20       -0.0834351854
 21        0.3356527694
 22       -0.4216454676
 23       -0.1298986848
 24       -0.2504170969
 25        0.1496822179
 26       -0.0210256131
 27       -0.0355327439
 28        0.1161015890
 29       -0.0922310323
 30       -0.0526435298
 31       -0.0934645567
 32       -0.3013213307
 33        0.1033745354
 34        0.0043196893
 35       -0.1124392345
 36        0.1480898711
 37       -0.0866565101
 38        0.3448612165
 39       -0.3962392166
 40       -0.1067457374
 41        0.5195097652
 42       -0.4690721964
 43       -0.2894235679
 44        0.1052079171
 45        0.0515705435
 46        0.0512787492
 47        0.0397043351
 48        0.0425968596
 49        0.0454700256
 50        0.0435375908
 51        0.0361777032
 52        0.0360565043
 53        0.0403027782
 54        0.0593769777
 55        0.0256318448
 56        0.0206664571
 57        0.0359585891
 58        0.0382200459
 59        0.0478765695
 60        0.0594776860
 61        0.0588938648
 62        0.0498760809
 63        0.0480499246
 64        0.0379308818
 65        0.0408875927
 66        0.0327762765
 67        0.0304096007
 68        0.0354151579
 69        0.0324397950
 70        0.0293277949
 71        0.0363610317
 72        0.0399613000
 73        0.0628764036
 74        0.0382434258
 75        0.0630823780
 76        0.0597528121
 77        0.0326817160
 78        0.0305439990
 79        0.0469764414
 80        0.3739121616
 81       -0.0587869233
 82       -0.1052998930
 83       -0.0916697991
 84       -0.0753094086
 85       -0.2348071516
 86        0.1311100384
 87       -0.0310358397
 88       -0.0292761835
 89        0.1146498234
 90       -0.0895753034
 91       -0.0574385161
 92       -0.0769627463
 93        0.0116701711
 94       -0.2927657755
 95        0.1410257337
 96       -0.0390673568
 97       -0.1168037204
 98        0.1623106187
 99       -0.0830831620
 100       0.3351490717
 101      -0.4230141238
 102      -0.1289725183
 103      -0.2516627896
 104       0.1467678723
 105      -0.0215720567
 106      -0.0356021660
 107       0.1194426304
 108      -0.0912669992
 109      -0.0530949889
 110      -0.0928102393
 111      -0.3033912135
 112       0.1010235611
 113       0.0038418392
 114      -0.1121434375
 115       0.1478269619
 116      -0.0863225147
 117       0.3460270934
 118      -0.3988380201
 119      -0.1076190082
 120       0.5202969190
 121      -0.4648448280
 122      -0.2905743302
 123       0.1060844107
 124       0.0506694591
 125       0.0540224457
 126       0.0398386617
 127       0.0444095977
 128       0.0458711695
 129       0.0447360237
 130       0.0376861213
 131       0.0350326643
 132       0.0398864709
 133       0.0613308930
 134       0.0256725583
 135       0.0200699112
 136       0.0345035796
 137       0.0357985879
 138       0.0464445031
 139       0.0607947809
 140       0.0590964054
 141       0.0501896412
 142       0.0494587641
 143       0.0365202706
 144       0.0387346178
 145       0.0346507537
 146       0.0318417689
 147       0.0344082320
 148       0.0330144416
 149       0.0298627337
 150       0.0368788870
 151       0.0385951490
 152       0.0635922808
 153       0.0388386356
 154       0.0628233512
 155       0.0593789627
 156       0.0313081550
 157       0.0274874753
 158       0.0490252496

 --------------------------------------------------------------------------------
                                  command: print                                 
 --------------------------------------------------------------------------------
 res.excitation_1_energy:                0.0587060741

 --------------------------------------------------------------------------------
                                  command: print                                 
 --------------------------------------------------------------------------------
 res.excitation_1_transition_dipole : [
  -2.1611255026840456e-05,
  0.004401528145820891,
  -0.0011774678088275013
]

 --------------------------------------------------------------------------------
                                  command: print                                 
 --------------------------------------------------------------------------------

 res.excitation_1_transition_charges:
                      1
 1        -0.0000018204
 2        -0.0000659624
 3        -0.0000230571
 4         0.0000508801
 5         0.0000162159
 6        -0.0000812295
 7        -0.0000296889
 8         0.0000000704
 9        -0.0000003563
 10        0.0000316569
 11        0.0000030984
 12       -0.0000031400
 13       -0.0000002501
 14       -0.0000004890
 15        0.0000313189
 16        0.0000427381
 17        0.0000811207
 18        0.0000259942
 19        0.0000358047
 20        0.0000010939
 21        0.0000048433
 22        0.0000082008
 23        0.0000002608
 24        0.0000787619
 25        0.0000217697
 26        0.0000010056
 27       -0.0000004921
 28       -0.0000390309
 29        0.0000026978
 30       -0.0000026628
 31        0.0000003052
 32       -0.0000148663
 33       -0.0000563295
 34       -0.0000489872
 35       -0.0000233865
 36       -0.0000338135
 37       -0.0000014387
 38       -0.0000063792
 39       -0.0000116484
 40       -0.0000003910
 41       -0.0000024164
 42       -0.0000014263
 43       -0.0000002820
 44       -0.0000001515
 45        0.0000000433
 46        0.0000000633
 47       -0.0000009576
 48       -0.0000008627
 49        0.0000009907
 50        0.0000002771
 51        0.0000005557
 52        0.0000005565
 53       -0.0000001261
 54       -0.0000004942
 55       -0.0000000803
 56       -0.0000000652
 57       -0.0000000357
 58        0.0000106691
 59        0.0000087747
 60        0.0000006128
 61        0.0000000017
 62        0.0000006347
 63        0.0000017308
 64       -0.0000039204
 65        0.0000002551
 66        0.0000006652
 67        0.0000003342
 68       -0.0000001694
 69       -0.0000002822
 70       -0.0000000149
 71        0.0000000341
 72       -0.0000001228
 73       -0.0000048891
 74       -0.0000008200
 75       -0.0000101017
 76       -0.0000031738
 77       -0.0000000213
 78       -0.0000000592
 79       -0.0000000584
 80       -0.0000015198
 81        0.0000064392
 82       -0.0000017959
 83       -0.0000034708
 84        0.0000013344
 85        0.0000026938
 86        0.0000051999
 87        0.0000000835
 88        0.0000001679
 89       -0.0000044299
 90       -0.0000015292
 91        0.0000008144
 92        0.0000000482
 93        0.0000001345
 94       -0.0000007174
 95       -0.0000101617
 96       -0.0000132577
 97       -0.0000056512
 98       -0.0000044941
 99       -0.0000001410
 100      -0.0000009703
 101      -0.0000019675
 102      -0.0000000628
 103      -0.0000008303
 104      -0.0000047815
 105      -0.0000001040
 106       0.0000000850
 107       0.0000093575
 108      -0.0000002464
 109       0.0000005659
 110      -0.0000000105
 111       0.0000014853
 112       0.0000115550
 113       0.0000104348
 114       0.0000051070
 115       0.0000076476
 116       0.0000003431
 117       0.0000012738
 118       0.0000023894
 119       0.0000000473
 120       0.0000001823
 121       0.0000001426
 122       0.0000000271
 123       0.0000000116
 124       0.0000000039
 125      -0.0000000184
 126       0.0000002450
 127       0.0000002200
 128       0.0000000171
 129      -0.0000001315
 130      -0.0000007699
 131      -0.0000003324
 132       0.0000000063
 133       0.0000000937
 134       0.0000000263
 135       0.0000000156
 136      -0.0000000006
 137      -0.0000016780
 138      -0.0000013277
 139      -0.0000001447
 140       0.0000000005
 141      -0.0000001581
 142      -0.0000004097
 143       0.0000010020
 144       0.0000000009
 145       0.0000000814
 146       0.0000000109
 147       0.0000000288
 148       0.0000000626
 149       0.0000000021
 150       0.0000000247
 151       0.0000000532
 152       0.0000010378
 153       0.0000001592
 154       0.0000021655
 155       0.0000001874
 156       0.0000000012
 157       0.0000000061
 158       0.0000000044

 --------------------------------------------------------------------------------
                                  command: print                                 
 --------------------------------------------------------------------------------
 res.excitation_1_excited_dipole : [
  22.539057772613145,
  2.8082843296952333,
  0.6804300569422725
]

 --------------------------------------------------------------------------------
                                  command: print                                 
 --------------------------------------------------------------------------------

 res.excitation_1_excited_atomic_charges:
                      1
 1         0.3737312247
 2        -0.1139004126
 3        -0.1533331504
 4        -0.1442730551
 5        -0.1112456041
 6        -0.3412885589
 7         0.1162323184
 8        -0.0293090839
 9        -0.0291570991
 10        0.1023293923
 11       -0.0916328656
 12       -0.0593069073
 13       -0.0780688481
 14        0.0127134898
 15       -0.3051794508
 16        0.1071189834
 17       -0.1387670433
 18       -0.1629951837
 19        0.1407321133
 20       -0.0838638311
 21        0.3184178161
 22       -0.4439641925
 23       -0.1303700388
 24       -0.3606132509
 25        0.1407212991
 26       -0.0220167867
 27       -0.0360561970
 28        0.0893734682
 29       -0.0933483792
 30       -0.0544992704
 31       -0.0937609098
 32       -0.3044639398
 33        0.0541261884
 34       -0.0600293750
 35       -0.1488162528
 36        0.1234089692
 37       -0.0874507248
 38        0.3306981178
 39       -0.4158636155
 40       -0.1068678923
 41        0.5180697411
 42       -0.4698583849
 43       -0.2895940941
 44        0.1051408861
 45        0.0514946659
 46        0.0512680658
 47        0.0390369099
 48        0.0421871726
 49        0.0449329544
 50        0.0430499660
 51        0.0349788646
 52        0.0354771336
 53        0.0400355671
 54        0.0589755759
 55        0.0255977859
 56        0.0206221441
 57        0.0359026217
 58        0.0276169704
 59        0.0382248290
 60        0.0573740944
 61        0.0588903061
 62        0.0478273036
 63        0.0473118340
 64        0.0355243485
 65        0.0407533020
 66        0.0322900612
 67        0.0302075155
 68        0.0353308612
 69        0.0320638268
 70        0.0292898473
 71        0.0362985240
 72        0.0393224986
 73        0.0572309953
 74        0.0374383263
 75        0.0521918723
 76        0.0582051312
 77        0.0326746133
 78        0.0305064475
 79        0.0469475854
 80        0.3758027634
 81       -0.0437461912
 82       -0.1023884715
 83       -0.0805441441
 84       -0.0724259537
 85       -0.2296019121
 86        0.2037811551
 87       -0.0293772523
 88       -0.0273067567
 89        0.1982896810
 90       -0.0812478710
 91       -0.0509617048
 92       -0.0767266548
 93        0.0124924274
 94       -0.2755587118
 95        0.2232414510
 96        0.0422179506
 97       -0.0939960966
 98        0.2395980047
 99       -0.0803911634
 100       0.3372335259
 101      -0.4170381541
 102      -0.1286879124
 103      -0.2509244611
 104       0.2191862495
 105      -0.0199841331
 106      -0.0333106285
 107       0.1968754656
 108      -0.0837399642
 109      -0.0468013031
 110      -0.0920098324
 111      -0.2988772283
 112       0.1981986602
 113       0.0532807272
 114      -0.0882569029
 115       0.2028164955
 116      -0.0833657945
 117       0.3499548775
 118      -0.3888874435
 119      -0.1073446922
 120       0.5206152263
 121      -0.4643713779
 122      -0.2905039602
 123       0.1061077122
 124       0.0507246313
 125       0.0548201169
 126       0.0424849859
 127       0.0473293422
 128       0.0486909494
 129       0.0450442433
 130       0.0387812878
 131       0.0362088861
 132       0.0400584963
 133       0.0617673268
 134       0.0261197454
 135       0.0202199512
 136       0.0345230846
 137       0.0481704688
 138       0.0560062768
 139       0.0611401811
 140       0.0590978784
 141       0.0505854539
 142       0.0564427124
 143       0.0478987975
 144       0.0392132890
 145       0.0354314249
 146       0.0327417856
 147       0.0346219930
 148       0.0333483805
 149       0.0299362941
 150       0.0371777347
 151       0.0392601883
 152       0.0689159811
 153       0.0397231183
 154       0.0746896824
 155       0.0596606883
 156       0.0313096192
 157       0.0275030404
 158       0.0490361325

 --------------------------------------------------------------------------------
                                  command: print                                 
 --------------------------------------------------------------------------------
 res.excitation_2_energy:                0.0964514111

 --------------------------------------------------------------------------------
                                  command: print                                 
 --------------------------------------------------------------------------------
 res.excitation_2_transition_dipole : [
  0.46945181403413516,
  -4.350804015713762,
  0.22721031390019814
]

 --------------------------------------------------------------------------------
                                  command: print                                 
 --------------------------------------------------------------------------------

 res.excitation_2_transition_charges:
                      1
 1         0.0000085454
 2         0.0200710891
 3        -0.0177749162
 4        -0.0160533133
 5         0.0148116199
 6         0.0009608051
 7         0.0304431845
 8        -0.0001407520
 9        -0.0001635133
 10       -0.0365481269
 11       -0.0045121254
 12        0.0029346144
 13        0.0002047443
 14        0.0005104479
 15       -0.0106947036
 16       -0.0506947938
 17       -0.0928301076
 18       -0.0304351656
 19       -0.0406251391
 20       -0.0012172498
 21       -0.0054663047
 22       -0.0106619385
 23       -0.0002740454
 24        0.0049881823
 25       -0.0246202876
 26       -0.0003573276
 27        0.0009962385
 28        0.0477977557
 29       -0.0028225243
 30        0.0035010847
 31        0.0004878805
 32        0.0012446059
 33        0.0696386744
 34        0.0579979386
 35        0.0288852700
 36        0.0390925998
 37        0.0016273463
 38        0.0073053141
 39        0.0135396431
 40        0.0000787909
 41        0.0002208999
 42        0.0003786146
 43        0.0000545346
 44        0.0000122413
 45       -0.0000169171
 46       -0.0000881167
 47        0.0013823263
 48        0.0010489123
 49       -0.0011606576
 50       -0.0004157191
 51       -0.0011856858
 52       -0.0008322989
 53        0.0000629475
 54        0.0003085931
 55        0.0000836544
 56        0.0000612864
 57       -0.0000160117
 58       -0.0116587248
 59       -0.0099774011
 60       -0.0007765772
 61        0.0000046977
 62       -0.0008142819
 63       -0.0019946874
 64        0.0053352622
 65       -0.0002434210
 66       -0.0004979379
 67       -0.0002852913
 68        0.0001390327
 69        0.0003836457
 70        0.0000564480
 71        0.0001169820
 72        0.0006935318
 73        0.0058393206
 74        0.0008377751
 75        0.0115965667
 76        0.0000939555
 77       -0.0000010100
 78        0.0000135870
 79        0.0000058935
 80       -0.0000000038
 81       -0.0000000017
 82       -0.0000000055
 83        0.0000000003
 84        0.0000000041
 85       -0.0000000098
 86        0.0000000043
 87        0.0000000000
 88        0.0000000000
 89       -0.0000000041
 90       -0.0000000029
 91        0.0000000006
 92        0.0000000000
 93        0.0000000001
 94       -0.0000000005
 95       -0.0000000095
 96       -0.0000000122
 97       -0.0000000052
 98       -0.0000000042
 99       -0.0000000001
 100      -0.0000000009
 101      -0.0000000019
 102      -0.0000000000
 103       0.0000000058
 104      -0.0000000044
 105      -0.0000000000
 106       0.0000000001
 107       0.0000000092
 108      -0.0000000003
 109       0.0000000006
 110      -0.0000000000
 111      -0.0000000037
 112       0.0000000111
 113       0.0000000101
 114       0.0000000048
 115       0.0000000073
 116       0.0000000003
 117       0.0000000011
 118       0.0000000022
 119      -0.0000000001
 120      -0.0000000003
 121      -0.0000000001
 122      -0.0000000000
 123      -0.0000000000
 124       0.0000000000
 125      -0.0000000000
 126       0.0000000003
 127       0.0000000002
 128      -0.0000000000
 129      -0.0000000003
 130      -0.0000000014
 131      -0.0000000005
 132      -0.0000000000
 133       0.0000000001
 134       0.0000000000
 135       0.0000000000
 136      -0.0000000000
 137      -0.0000000015
 138      -0.0000000012
 139      -0.0000000001
 140       0.0000000000
 141      -0.0000000001
 142      -0.0000000004
 143       0.0000000010
 144       0.0000000000
 145       0.0000000000
 146      -0.0000000000
 147       0.0000000000
 148       0.0000000001
 149       0.0000000000
 150       0.0000000000
 151       0.0000000001
 152       0.0000000010
 153       0.0000000001
 154       0.0000000020
 155      -0.0000000005
 156      -0.0000000000
 157      -0.0000000000
 158      -0.0000000000

 --------------------------------------------------------------------------------
                                  command: print                                 
 --------------------------------------------------------------------------------
 res.excitation_3_energy:                0.0959408711

 --------------------------------------------------------------------------------
                                  command: print                                 
 --------------------------------------------------------------------------------
 res.excitation_3_transition_dipole : [
  0.4333531524385405,
  -3.219576306363369,
  -2.956473833790238
]

 --------------------------------------------------------------------------------
                                  command: print                                 
 --------------------------------------------------------------------------------

 res.excitation_3_transition_charges:
                      1
 1         0.0000000126
 2        -0.0000000059
 3        -0.0000000023
 4         0.0000000123
 5         0.0000000039
 6        -0.0000000048
 7        -0.0000000059
 8         0.0000000001
 9        -0.0000000000
 10        0.0000000088
 11        0.0000000005
 12       -0.0000000003
 13       -0.0000000000
 14       -0.0000000001
 15        0.0000000196
 16        0.0000000053
 17        0.0000000163
 18        0.0000000045
 19        0.0000000101
 20        0.0000000002
 21        0.0000000009
 22        0.0000000013
 23        0.0000000000
 24        0.0000000239
 25        0.0000000020
 26        0.0000000003
 27       -0.0000000001
 28       -0.0000000039
 29        0.0000000006
 30       -0.0000000004
 31        0.0000000006
 32        0.0000000091
 33       -0.0000000114
 34       -0.0000000075
 35       -0.0000000044
 36       -0.0000000029
 37       -0.0000000001
 38       -0.0000000012
 39       -0.0000000023
 40        0.0000000001
 41       -0.0000000000
 42       -0.0000000001
 43       -0.0000000000
 44        0.0000000000
 45        0.0000000000
 46       -0.0000000000
 47       -0.0000000002
 48       -0.0000000002
 49        0.0000000004
 50        0.0000000001
 51        0.0000000000
 52        0.0000000001
 53       -0.0000000000
 54       -0.0000000000
 55       -0.0000000000
 56       -0.0000000000
 57       -0.0000000000
 58        0.0000000021
 59        0.0000000019
 60        0.0000000001
 61       -0.0000000000
 62        0.0000000001
 63        0.0000000002
 64       -0.0000000006
 65        0.0000000001
 66        0.0000000002
 67        0.0000000001
 68        0.0000000000
 69       -0.0000000000
 70        0.0000000000
 71        0.0000000001
 72        0.0000000000
 73       -0.0000000007
 74       -0.0000000001
 75       -0.0000000015
 76        0.0000000001
 77        0.0000000000
 78       -0.0000000000
 79       -0.0000000000
 80        0.0002274220
 81       -0.0305685127
 82        0.0106603791
 83        0.0224425516
 84       -0.0092661049
 85       -0.0122528759
 86       -0.0309417992
 87        0.0001555941
 88        0.0000193975
 89        0.0366108307
 90        0.0042917535
 91       -0.0030663372
 92       -0.0002116212
 93       -0.0005547417
 94        0.0136853081
 95        0.0524744766
 96        0.0877519109
 97        0.0331806418
 98        0.0395973108
 99        0.0011166594
 100       0.0058265952
 101       0.0113788107
 102       0.0003340559
 103       0.0072590178
 104       0.0257819000
 105       0.0004980527
 106      -0.0008834396
 107      -0.0443567527
 108       0.0027612461
 109      -0.0033948820
 110      -0.0004567987
 111      -0.0034217721
 112      -0.0693379683
 113      -0.0572141824
 114      -0.0299629241
 115      -0.0357176683
 116      -0.0016158465
 117      -0.0075727884
 118      -0.0142652828
 119      -0.0001426892
 120      -0.0007365384
 121      -0.0006304933
 122      -0.0001219478
 123      -0.0000428676
 124       0.0000209199
 125       0.0000822730
 126      -0.0013951253
 127      -0.0010592903
 128       0.0010904942
 129       0.0003692875
 130       0.0011322911
 131       0.0008253268
 132      -0.0000685646
 133      -0.0003392790
 134      -0.0000872299
 135      -0.0000636390
 136       0.0000065004
 137       0.0111967934
 138       0.0094048666
 139       0.0008350197
 140      -0.0000023213
 141       0.0009173889
 142       0.0019541062
 143      -0.0052036367
 144       0.0002507421
 145       0.0005206208
 146       0.0003042439
 147      -0.0001350120
 148      -0.0003491934
 149      -0.0000497952
 150      -0.0001175434
 151      -0.0006228308
 152      -0.0054439334
 153      -0.0008620770
 154      -0.0116564554
 155      -0.0007221373
 156      -0.0000039455
 157      -0.0000268067
 158      -0.0000192195

 --------------------------------------------------------------------------------
                                  command: print                                 
 --------------------------------------------------------------------------------
 res.excitation_4_energy:                0.0627007655

 --------------------------------------------------------------------------------
                                  command: print                                 
 --------------------------------------------------------------------------------
 res.excitation_4_transition_dipole : [
  0.0007388295393616559,
  -0.0029064005832987365,
  -0.0033399975460714497
]

 --------------------------------------------------------------------------------
                                  command: print                                 
 --------------------------------------------------------------------------------

 res.excitation_4_transition_charges:
                      1
 1         0.0000022186
 2         0.0000018134
 3        -0.0000019545
 4        -0.0000037994
 5         0.0000035140
 6         0.0000006516
 7         0.0000060911
 8        -0.0000001049
 9        -0.0000001038
 10       -0.0000101643
 11       -0.0000005286
 12        0.0000003587
 13        0.0000000156
 14        0.0000000700
 15       -0.0000049971
 16       -0.0000062588
 17       -0.0000186841
 18       -0.0000052157
 19       -0.0000114588
 20       -0.0000002689
 21       -0.0000009733
 22       -0.0000017365
 23       -0.0000000340
 24        0.0000014991
 25       -0.0000022666
 26       -0.0000001601
 27        0.0000002672
 28        0.0000048002
 29       -0.0000006028
 30        0.0000005814
 31        0.0000005969
 32       -0.0000005779
 33        0.0000141318
 34        0.0000089353
 35        0.0000054342
 36        0.0000033165
 37        0.0000001619
 38        0.0000013923
 39        0.0000026158
 40       -0.0000000083
 41        0.0000000054
 42        0.0000000280
 43        0.0000000047
 44       -0.0000000006
 45        0.0000000049
 46        0.0000000068
 47        0.0000002538
 48        0.0000002914
 49       -0.0000004125
 50       -0.0000000849
 51       -0.0000000548
 52       -0.0000000736
 53        0.0000000202
 54       -0.0000000012
 55        0.0000000141
 56        0.0000000064
 57       -0.0000000005
 58       -0.0000023112
 59       -0.0000021945
 60       -0.0000001261
 61       -0.0000000013
 62       -0.0000001261
 63       -0.0000001835
 64        0.0000008650
 65       -0.0000000571
 66       -0.0000001524
 67       -0.0000000706
 68       -0.0000000119
 69        0.0000000433
 70        0.0000000657
 71        0.0000000343
 72        0.0000004582
 73        0.0000008197
 74        0.0000001257
 75        0.0000016885
 76       -0.0000000039
 77        0.0000000002
 78        0.0000000008
 79        0.0000000004
 80        0.0000008561
 81        0.0000082331
 82        0.0000321746
 83       -0.0000024266
 84       -0.0000288309
 85        0.0000426031
 86       -0.0000258597
 87        0.0000001441
 88        0.0000003664
 89        0.0000338512
 90        0.0000055496
 91       -0.0000022739
 92       -0.0000001576
 93       -0.0000004290
 94       -0.0000016689
 95        0.0000490882
 96        0.0000810565
 97        0.0000305674
 98        0.0000370103
 99        0.0000009993
 100       0.0000052749
 101       0.0000109788
 102       0.0000002379
 103      -0.0000480919
 104       0.0000234510
 105       0.0000000830
 106      -0.0000011087
 107      -0.0000436641
 108       0.0000022420
 109      -0.0000035363
 110      -0.0000005438
 111       0.0000074663
 112      -0.0000668331
 113      -0.0000551038
 114      -0.0000283021
 115      -0.0000342680
 116      -0.0000014864
 117      -0.0000067844
 118      -0.0000128902
 119       0.0000001696
 120       0.0000011729
 121       0.0000003340
 122       0.0000001039
 123       0.0000000684
 124      -0.0000000086
 125       0.0000000846
 126      -0.0000014964
 127      -0.0000009016
 128       0.0000009182
 129       0.0000005437
 130       0.0000022170
 131       0.0000009827
 132      -0.0000000217
 133      -0.0000002148
 134      -0.0000000696
 135      -0.0000000523
 136       0.0000000353
 137       0.0000099204
 138       0.0000087419
 139       0.0000007851
 140      -0.0000000108
 141       0.0000008314
 142       0.0000019126
 143      -0.0000054004
 144       0.0000001541
 145       0.0000000691
 146       0.0000002710
 147      -0.0000001243
 148      -0.0000003924
 149      -0.0000000554
 150      -0.0000001279
 151      -0.0000006770
 152      -0.0000052913
 153      -0.0000007393
 154      -0.0000109984
 155       0.0000017937
 156       0.0000000153
 157       0.0000000169
 158       0.0000000283

 --------------------------------------------------------------------------------

 End time:                               Mon Jul  5 14:49:17 2021
 Total wall-clock time:                  1.559 seconds
==================================================================================
