
================================================================================
          _____________ ________ _______________ ________     _________         
         / ___________// ______ \\_____   _____// ______ \   / ________)        
        / /_________  / /      \ \     | |     / /      \ \ | (_______          
       |  __________|| |        | |    | |    | |        | | \________ \        
        \ \_________ | |        | |    | |     \ \______/ /___________) |       
         \__________||_|        |_|    |_|      \________//____________/        
                                                                                
====================================[ Qcore ]===================================

 Git hash:   4f46786782e696c626e0064ff3d1a47267e124c4
 Git date:   Wed, 30 Jun 2021 10:19:53 +0100
 Compiler:   AppleClang 10.0.1.10010046
 Build type: Release
 Version:    1.4.1

 Start time: Mon Jul  5 14:47:48 2021

 Data directory: /Users/of15641/qcore/cmake-build-release/share/entos/1.4.1/data
 Number of threads: 2
 Number of threads was determined by: number of physical cores

 --------------------------------------------------------------------------------
                                   command: xtb                                  
 --------------------------------------------------------------------------------
 XTB basis setup:                        reference basis
 Number of basis functions:            244
 GFN version:                            chlorophyll
 Integral screening threshold:           1.00e-10
 Total charge:                           0.000000000
 Number of electrons:                  218.000000000
 Electronic temperature (Kelvin):        0.000000000

 D3BJ energy:                           -0.062562630
 Repulsive energy:                       1.518579059

 ****************************************************
  Running robust self-consistent charge (SCC) solver 
 ****************************************************
 Number of SCC trials:                   4
 Using the stop-early mechanism for the first 3 trials

 Conv. threshold (charge):               1.00e-05
 Conv. threshold (energy):               1.00e-06
 Initial guess:                          eeq

 -------------
  SCC Trial 1 
 -------------
 Broyden mixing factor:                  0.400000000
 Max number of iterations:             128

 ---------------------------------------------------------------
                  energy        change          grad        time
 ---------------------------------------------------------------
   0      -130.292176761                    6.60e-01        0.01
   1      -130.884262661     -5.92e-01      3.88e-01        0.01
   2      -130.893048173     -8.79e-03      1.03e-01        0.01
   3      -130.904345965     -1.13e-02      1.05e-02        0.01
   4      -130.904883535     -5.38e-04      5.83e-03        0.01
   5      -130.907229444     -2.35e-03      1.35e-03        0.01
   6      -130.907337269     -1.08e-04      3.93e-04        0.02
   7      -130.907344207     -6.94e-06      1.59e-04        0.01
   8      -130.907345073     -8.66e-07      4.52e-05        0.01
   9      -130.907345090     -1.69e-08      1.63e-05        0.01
  10      -130.907345092     -1.42e-09      4.99e-06        0.02
  11      -130.907345092     -1.68e-10      1.76e-06        0.01

 SCF converged in 10 iterations.

 Entropy contribution (-ST):             0.000000000
 Dipole moment (in Debye):              -2.655884      -1.115815       2.766619

 ----------------
  Excitation 0 1 
 ----------------
 Setting up Delta-SCF
 Ground-Excited state overlap:          -0.000000000
 No correction applied to the TDM.
 Excitation energy:                      0.094811175
 Excitation energy (in eV):              2.579943491
 Transition dipole:                      0.44848      -0.40690      -4.34941

 -----------------
  Excitation -1 1 
 -----------------
 Setting up Delta-SCF
 Ground-Excited state overlap:           0.000000000
 No correction applied to the TDM.
 Excitation energy:                      0.101902965
 Excitation energy (in eV):              2.772920940
 Transition dipole:                     -0.12704       2.60241      -0.36763

 ----------------
  Excitation 0 2 
 ----------------
 Setting up Delta-SCF
 Ground-Excited state overlap:           0.000000000
 No correction applied to the TDM.
 Excitation energy:                      0.149332072
 Excitation energy (in eV):              4.063532697
 Transition dipole:                     -0.18385       1.92653      -0.17742

 -----------------
  Excitation -1 2 
 -----------------
 Setting up Delta-SCF
 Ground-Excited state overlap:           0.000000000
 No correction applied to the TDM.
 Excitation energy:                      0.162783679
 Excitation energy (in eV):              4.429569563
 Transition dipole:                     -0.14654       0.12310       1.77958
 TOTAL ENERGY:                        -130.907345092
 Saving results in set 'res'

 --------------------------------------------------------------------------------
                                  command: print                                 
 --------------------------------------------------------------------------------
 res.energy:                          -130.9073450919

 --------------------------------------------------------------------------------
                                  command: print                                 
 --------------------------------------------------------------------------------

 res.dipole:
                      1
 1        -1.0449053120
 2        -0.4389953153
 3         1.0884717598

 --------------------------------------------------------------------------------
                                  command: print                                 
 --------------------------------------------------------------------------------

 res.atomic_charges:
                      1
 1         0.3739085950
 2        -0.0585637335
 3        -0.1052963132
 4        -0.0918996561
 5        -0.0754658767
 6        -0.2347869046
 7         0.1311630444
 8        -0.0310272805
 9        -0.0293016723
 10        0.1146179026
 11       -0.0895440775
 12       -0.0574326060
 13       -0.0770425552
 14        0.0120158380
 15       -0.2927756864
 16        0.1409367555
 17       -0.0390514840
 18       -0.1169469427
 19        0.1621820746
 20       -0.0831273282
 21        0.3351407272
 22       -0.4233136898
 23       -0.1290204753
 24       -0.2520892604
 25        0.1464390000
 26       -0.0216316119
 27       -0.0354962348
 28        0.1192969363
 29       -0.0909138804
 30       -0.0530868324
 31       -0.0928306727
 32       -0.3034528492
 33        0.1010537578
 34        0.0040110174
 35       -0.1119397260
 36        0.1478667079
 37       -0.0863944981
 38        0.3461445496
 39       -0.3982371908
 40       -0.1076592091
 41        0.5203697038
 42       -0.4647565935
 43       -0.2905207991
 44        0.1060463053
 45        0.0507585059
 46        0.0537444966
 47        0.0399261118
 48        0.0445127315
 49        0.0460340965
 50        0.0446841246
 51        0.0374134953
 52        0.0349405300
 53        0.0399246481
 54        0.0614563097
 55        0.0256553747
 56        0.0201027771
 57        0.0346429091
 58        0.0358424040
 59        0.0466805575
 60        0.0608349397
 61        0.0591626119
 62        0.0504347274
 63        0.0496716778
 64        0.0359899046
 65        0.0383993495
 66        0.0337228650
 67        0.0308902447
 68        0.0342590302
 69        0.0332399391
 70        0.0298526261
 71        0.0371909509
 72        0.0387547261
 73        0.0640038439
 74        0.0388425873
 75        0.0630893879
 76        0.0595836545
 77        0.0315857781
 78        0.0274556468
 79        0.0491291612

 --------------------------------------------------------------------------------
                                  command: print                                 
 --------------------------------------------------------------------------------
 res.excitation_1_energy:                0.0948111745

 --------------------------------------------------------------------------------
                                  command: print                                 
 --------------------------------------------------------------------------------
 res.excitation_1_transition_dipole : [
  0.44848005264910207,
  -0.4069022689938739,
  -4.349414658278935
]

 --------------------------------------------------------------------------------
                                  command: print                                 
 --------------------------------------------------------------------------------

 res.excitation_1_transition_charges:
                      1
 1        -0.0002236596
 2         0.0306026121
 3        -0.0107658103
 4        -0.0223216812
 5         0.0090956586
 6         0.0121411406
 7         0.0310819514
 8        -0.0001539361
 9        -0.0000186180
 10       -0.0365766714
 11       -0.0042911376
 12        0.0030783558
 13        0.0002110618
 14        0.0005556644
 15       -0.0136139870
 16       -0.0524607094
 17       -0.0878257596
 18       -0.0331090645
 19       -0.0396494844
 20       -0.0011252788
 21       -0.0058176931
 22       -0.0113539406
 23       -0.0003344822
 24       -0.0074246699
 25       -0.0257304547
 26       -0.0004934357
 27        0.0008730185
 28        0.0444636660
 29       -0.0027558515
 30        0.0033975256
 31        0.0004580446
 32        0.0034711116
 33        0.0695294982
 34        0.0570384128
 35        0.0299262949
 36        0.0357751656
 37        0.0016290448
 38        0.0075172865
 39        0.0142281042
 40        0.0001454960
 41        0.0007426371
 42        0.0006356679
 43        0.0001229692
 44        0.0000433530
 45       -0.0000208583
 46       -0.0000812896
 47        0.0013958057
 48        0.0010653489
 49       -0.0010903291
 50       -0.0003700845
 51       -0.0011347653
 52       -0.0008254576
 53        0.0000689448
 54        0.0003385509
 55        0.0000885455
 56        0.0000639796
 57       -0.0000065507
 58       -0.0112150640
 59       -0.0094226255
 60       -0.0008343829
 61        0.0000023185
 62       -0.0009165148
 63       -0.0019443907
 64        0.0051971332
 65       -0.0002528222
 66       -0.0005289283
 67       -0.0003024567
 68        0.0001357329
 69        0.0003499464
 70        0.0000500989
 71        0.0001171698
 72        0.0006235725
 73        0.0054394673
 74        0.0008614373
 75        0.0116489912
 76        0.0007315406
 77        0.0000040322
 78        0.0000270042
 79        0.0000194842

 --------------------------------------------------------------------------------
                                  command: print                                 
 --------------------------------------------------------------------------------
 res.excitation_1_excited_dipole : [
  -1.2347805344208886,
  -0.6228184871472973,
  1.3050340366989586
]

 --------------------------------------------------------------------------------
                                  command: print                                 
 --------------------------------------------------------------------------------

 res.excitation_1_excited_atomic_charges:
                      1
 1         0.3753156719
 2        -0.1064574034
 3        -0.1438497049
 4        -0.1302352972
 5        -0.1065301568
 6        -0.3345630259
 7         0.1903604849
 8        -0.0295869640
 9        -0.0280521144
 10        0.1822191844
 11       -0.0835337139
 12       -0.0525577745
 13       -0.0771215845
 14        0.0124631476
 15       -0.2864988535
 16        0.1896814167
 17       -0.0524269257
 18       -0.1428628720
 19        0.2191573832
 20       -0.0807974915
 21        0.3202508842
 22       -0.4394321942
 23       -0.1292241736
 24       -0.3615993150
 25        0.2095489042
 26       -0.0210215993
 27       -0.0337146154
 28        0.1708153410
 29       -0.0844885186
 30       -0.0486833498
 31       -0.0923039730
 32       -0.3030707678
 33        0.1484269521
 34       -0.0128003394
 35       -0.1259598918
 36        0.1795771403
 37       -0.0842686723
 38        0.3355282496
 39       -0.4087609546
 40       -0.1075224389
 41        0.5189666374
 42       -0.4651666517
 43       -0.2906603296
 44        0.1059861323
 45        0.0507647402
 46        0.0545276903
 47        0.0418335041
 48        0.0470300851
 49        0.0483397157
 50        0.0445101195
 51        0.0373380228
 52        0.0355394114
 53        0.0398262327
 54        0.0614679636
 55        0.0260708917
 56        0.0202084545
 57        0.0346050322
 58        0.0381465954
 59        0.0470561823
 60        0.0591175490
 61        0.0591583391
 62        0.0487186659
 63        0.0558964367
 64        0.0448542965
 65        0.0387474356
 66        0.0340353448
 67        0.0315884068
 68        0.0343855100
 69        0.0332087682
 70        0.0298909343
 71        0.0374246075
 72        0.0388342259
 73        0.0637798935
 74        0.0388863541
 75        0.0635512145
 76        0.0580047186
 77        0.0315763595
 78        0.0274252574
 79        0.0491051778

 --------------------------------------------------------------------------------
                                  command: print                                 
 --------------------------------------------------------------------------------
 res.excitation_2_energy:                0.1019029650

 --------------------------------------------------------------------------------
                                  command: print                                 
 --------------------------------------------------------------------------------
 res.excitation_2_transition_dipole : [
  -0.1270435039320954,
  2.602410817666196,
  -0.3676311419898266
]

 --------------------------------------------------------------------------------
                                  command: print                                 
 --------------------------------------------------------------------------------

 res.excitation_2_transition_charges:
                      1
 1         0.0018793883
 2        -0.0891991084
 3        -0.0635905094
 4         0.0633724106
 5         0.0545183151
 6        -0.1113328103
 7        -0.0072979594
 8         0.0002091813
 9        -0.0012806891
 10       -0.0086505824
 11       -0.0009901738
 12       -0.0005577659
 13       -0.0000045326
 14       -0.0000349773
 15        0.0280470498
 16        0.0027054228
 17       -0.0187512609
 18        0.0060524325
 19       -0.0111500582
 20       -0.0002562232
 21        0.0008094720
 22        0.0011434789
 23        0.0003473870
 24        0.1196787209
 25        0.0022818975
 26        0.0014218659
 27        0.0008846868
 28        0.0176155184
 29        0.0002408002
 30        0.0012039418
 31       -0.0000187059
 32       -0.0187468386
 33        0.0078774535
 34        0.0220858755
 35       -0.0027275831
 36        0.0150029152
 37        0.0008013154
 38       -0.0009298288
 39       -0.0027555051
 40       -0.0007176516
 41       -0.0046882514
 42       -0.0025192393
 43       -0.0006092327
 44       -0.0002771360
 45        0.0000429963
 46       -0.0000350638
 47        0.0006585159
 48       -0.0001449939
 49       -0.0003266504
 50       -0.0003722306
 51       -0.0006413848
 52       -0.0002852439
 53       -0.0000585710
 54       -0.0001548087
 55       -0.0000110984
 56       -0.0000119775
 57       -0.0000939821
 58       -0.0011882103
 59       -0.0028652514
 60        0.0001536791
 61        0.0000282288
 62        0.0002168539
 63       -0.0001846976
 64        0.0022398572
 65        0.0000742487
 66        0.0003115857
 67        0.0002515836
 68        0.0000196773
 69        0.0002446846
 70        0.0000270754
 71        0.0000643928
 72        0.0002042653
 73        0.0028722793
 74       -0.0000238007
 75        0.0043206411
 76       -0.0061350414
 77       -0.0000518614
 78       -0.0001099515
 79       -0.0001286521

 --------------------------------------------------------------------------------
                                  command: print                                 
 --------------------------------------------------------------------------------
 res.excitation_3_energy:                0.1493320723

 --------------------------------------------------------------------------------
                                  command: print                                 
 --------------------------------------------------------------------------------
 res.excitation_3_transition_dipole : [
  -0.18385229652691784,
  1.9265310798238702,
  -0.17741966233331616
]

 --------------------------------------------------------------------------------
                                  command: print                                 
 --------------------------------------------------------------------------------

 res.excitation_3_transition_charges:
                      1
 1         0.0003505134
 2         0.0154509492
 3         0.0086458342
 4        -0.0129770718
 5        -0.0095291154
 6        -0.0022836565
 7        -0.0632985778
 8        -0.0003125329
 9        -0.0001860429
 10       -0.0531253900
 11       -0.0036631325
 12       -0.0078191591
 13       -0.0004988148
 14       -0.0061763025
 15       -0.0340616220
 16       -0.0231035560
 17       -0.0018087657
 18       -0.0180001774
 19        0.0834665090
 20       -0.0003174137
 21       -0.0100559988
 22       -0.0147285502
 23       -0.0000016319
 24        0.0024549420
 25        0.0878885272
 26       -0.0010665307
 27       -0.0004780756
 28        0.0605693911
 29        0.0090618809
 30        0.0044766186
 31        0.0006659444
 32        0.0114509585
 33        0.0344924066
 34       -0.0301357449
 35        0.0033244415
 36       -0.0325223061
 37       -0.0000782816
 38       -0.0008667903
 39       -0.0011159185
 40       -0.0002115159
 41        0.0009058886
 42        0.0004152192
 43        0.0001577118
 44        0.0000346794
 45        0.0002250789
 46       -0.0004879005
 47        0.0009869946
 48       -0.0012080404
 49       -0.0010779882
 50       -0.0001968391
 51       -0.0008804815
 52       -0.0005648506
 53       -0.0002564304
 54       -0.0002853115
 55        0.0008147801
 56       -0.0003992791
 57        0.0000719651
 58       -0.0007354873
 59        0.0002522686
 60       -0.0013714083
 61        0.0000182970
 62       -0.0015515075
 63        0.0061042475
 64        0.0048735581
 65        0.0015674635
 66        0.0024788770
 67        0.0020703791
 68        0.0004872305
 69        0.0005013794
 70        0.0001852969
 71        0.0000443960
 72        0.0006101227
 73       -0.0021502109
 74       -0.0004425714
 75       -0.0058557333
 76        0.0007627208
 77        0.0000193695
 78        0.0000264871
 79       -0.0000266127

 --------------------------------------------------------------------------------
                                  command: print                                 
 --------------------------------------------------------------------------------
 res.excitation_4_energy:                0.1627836790

 --------------------------------------------------------------------------------
                                  command: print                                 
 --------------------------------------------------------------------------------
 res.excitation_4_transition_dipole : [
  -0.1465428588791136,
  0.1230986830833548,
  1.7795770475084516
]

 --------------------------------------------------------------------------------
                                  command: print                                 
 --------------------------------------------------------------------------------

 res.excitation_4_transition_charges:
                      1
 1         0.0063317616
 2        -0.0458015766
 3         0.0498317165
 4         0.0334989841
 5        -0.0587472676
 6         0.0193420826
 7         0.0148135022
 8        -0.0012447637
 9         0.0003432838
 10       -0.0122404568
 11       -0.0009127532
 12        0.0014500277
 13       -0.0002115931
 14        0.0003439035
 15        0.0849453014
 16        0.0002568980
 17       -0.0002129301
 18        0.0034345843
 19        0.0231754153
 20        0.0003267527
 21        0.0020933070
 22        0.0016900239
 23        0.0009280786
 24       -0.0450228994
 25       -0.0069540452
 26        0.0007929760
 27       -0.0001515924
 28        0.0247398567
 29       -0.0000755746
 30        0.0016263035
 31       -0.0001219150
 32       -0.0651713260
 33        0.0050667339
 34       -0.0115465647
 35       -0.0001059490
 36       -0.0131066340
 37       -0.0000495035
 38        0.0000028104
 39        0.0000866436
 40        0.0012330023
 41       -0.0056360411
 42       -0.0016619008
 43       -0.0008027497
 44       -0.0003073686
 45        0.0003608957
 46       -0.0001865629
 47        0.0004401254
 48        0.0001287714
 49       -0.0003485359
 50       -0.0003208046
 51       -0.0004023719
 52       -0.0001844802
 53        0.0001152619
 54        0.0001702755
 55       -0.0001559895
 56        0.0000771861
 57        0.0001815526
 58       -0.0000680144
 59        0.0001063137
 60        0.0003025026
 61        0.0002014350
 62        0.0003728418
 63        0.0010558080
 64        0.0020120624
 65       -0.0002898298
 66       -0.0003152570
 67       -0.0002484886
 68        0.0001533368
 69        0.0003443381
 70        0.0000626557
 71        0.0000245618
 72        0.0002331746
 73       -0.0011462556
 74        0.0000336448
 75       -0.0021873210
 76       -0.0065736147
 77       -0.0002150834
 78       -0.0002150878
 79        0.0002124091

 --------------------------------------------------------------------------------

 End time:                               Mon Jul  5 14:47:49 2021
 Total wall-clock time:                  0.713 seconds
==================================================================================
