
================================================================================
          _____________ ________ _______________ ________     _________         
         / ___________// ______ \\_____   _____// ______ \   / ________)        
        / /_________  / /      \ \     | |     / /      \ \ | (_______          
       |  __________|| |        | |    | |    | |        | | \________ \        
        \ \_________ | |        | |    | |     \ \______/ /___________) |       
         \__________||_|        |_|    |_|      \________//____________/        
                                                                                
====================================[ Qcore ]===================================

 Git hash:   4f46786782e696c626e0064ff3d1a47267e124c4
 Git date:   Wed, 30 Jun 2021 10:19:53 +0100
 Compiler:   AppleClang 10.0.1.10010046
 Build type: Release
 Version:    1.4.1

 Start time: Mon Jul  5 14:59:37 2021

 Data directory: /Users/of15641/qcore/cmake-build-release/share/entos/1.4.1/data
 Number of threads: 2
 Number of threads was determined by: number of physical cores

 --------------------------------------------------------------------------------
                                   command: xtb                                  
 --------------------------------------------------------------------------------
 XTB basis setup:                        reference basis
 Number of basis functions:            488
 GFN version:                            chlorophyll
 Integral screening threshold:           1.00e-10
 Total charge:                           0.000000000
 Number of electrons:                  436.000000000
 Electronic temperature (Kelvin):        0.000000000

 D3BJ energy:                           -0.125096607
 Repulsive energy:                       3.040140871

 ****************************************************
  Running robust self-consistent charge (SCC) solver 
 ****************************************************
 Number of SCC trials:                   4
 Using the stop-early mechanism for the first 3 trials

 Conv. threshold (charge):               1.00e-05
 Conv. threshold (energy):               1.00e-06
 Initial guess:                          eeq

 -------------
  SCC Trial 1 
 -------------
 Broyden mixing factor:                  0.400000000
 Max number of iterations:             128

 ---------------------------------------------------------------
                  energy        change          grad        time
 ---------------------------------------------------------------
   0      -260.589116122                    6.60e-01        0.05
   1      -261.773380826     -1.18e+00      3.88e-01        0.04
   2      -261.791077954     -1.77e-02      1.03e-01        0.05
   3      -261.813815678     -2.27e-02      1.05e-02        0.05
   4      -261.814900368     -1.08e-03      5.79e-03        0.04
   5      -261.819549608     -4.65e-03      1.36e-03        0.05
   6      -261.819770849     -2.21e-04      4.01e-04        0.06
   7      -261.819785541     -1.47e-05      1.58e-04        0.05
   8      -261.819787190     -1.65e-06      4.51e-05        0.04
   9      -261.819787221     -3.10e-08      1.62e-05        0.04
  10      -261.819787224     -2.78e-09      5.18e-06        0.04
  11      -261.819787224     -4.27e-10      2.10e-06        0.04

 SCF converged in 10 iterations.

 Entropy contribution (-ST):             0.000000000
 Dipole moment (in Debye):              -5.633344       2.258529       3.447352

 ----------------
  Excitation 0 1 
 ----------------
 Setting up Delta-SCF
 Ground-Excited state overlap:           0.000000000
 No correction applied to the TDM.
 Excitation energy:                      0.095424069
 Excitation energy (in eV):              2.596621200
 Transition dipole:                     -0.50963       1.22348       4.18665

 -----------------
  Excitation -1 1 
 -----------------
 Setting up Delta-SCF
 Ground-Excited state overlap:          -0.000000000
 No correction applied to the TDM.
 Excitation energy:                      0.060203687
 Excitation energy (in eV):              1.638225792
 Transition dipole:                      0.00000      -0.00000      -0.00000

 ----------------
  Excitation 0 2 
 ----------------
 Setting up Delta-SCF
 Ground-Excited state overlap:           0.000000000
 No correction applied to the TDM.
 Excitation energy:                      0.060140491
 Excitation energy (in eV):              1.636506123
 Transition dipole:                      0.00000      -0.00000       0.00000

 -----------------
  Excitation -1 2 
 -----------------
 Setting up Delta-SCF
 Ground-Excited state overlap:           0.000000000
 No correction applied to the TDM.
 Excitation energy:                      0.095900973
 Excitation energy (in eV):              2.609598429
 Transition dipole:                      0.46908      -4.35093       0.22831
 TOTAL ENERGY:                        -261.819787224
 Saving results in set 'res'

 --------------------------------------------------------------------------------
                                  command: print                                 
 --------------------------------------------------------------------------------
 res.energy:                          -261.8197872241

 --------------------------------------------------------------------------------
                                  command: print                                 
 --------------------------------------------------------------------------------

 res.dipole:
                      1
 1        -2.2163278526
 2         0.8885735468
 3         1.3562926276

 --------------------------------------------------------------------------------
                                  command: print                                 
 --------------------------------------------------------------------------------

 res.atomic_charges:
                      1
 1         0.3744121601
 2        -0.0563727481
 3        -0.1087749442
 4        -0.0932101167
 5        -0.0765072947
 6        -0.2370814678
 7         0.1298461071
 8        -0.0290615958
 9        -0.0284265780
 10        0.1181195818
 11       -0.0891842957
 12       -0.0577470314
 13       -0.0777115531
 14        0.0131062080
 15       -0.2948124058
 16        0.1402530912
 17       -0.0388965661
 18       -0.1142016316
 19        0.1616925571
 20       -0.0833365783
 21        0.3357506723
 22       -0.4212841926
 23       -0.1298597071
 24       -0.2503403377
 25        0.1498089645
 26       -0.0210949328
 27       -0.0354715821
 28        0.1162655388
 29       -0.0921870129
 30       -0.0526723250
 31       -0.0935646543
 32       -0.3012565512
 33        0.1034108237
 34        0.0042811159
 35       -0.1124921866
 36        0.1481177172
 37       -0.0866301522
 38        0.3448470055
 39       -0.3964614829
 40       -0.1067211593
 41        0.5194780308
 42       -0.4688793592
 43       -0.2895477492
 44        0.1052046341
 45        0.0513464634
 46        0.0514333645
 47        0.0397216571
 48        0.0424683847
 49        0.0453133891
 50        0.0434726499
 51        0.0361452982
 52        0.0358584504
 53        0.0403368640
 54        0.0595667235
 55        0.0254812623
 56        0.0204890744
 57        0.0357383545
 58        0.0380194812
 59        0.0476567660
 60        0.0591627321
 61        0.0589951167
 62        0.0498435176
 63        0.0484657782
 64        0.0377515950
 65        0.0409726541
 66        0.0325770974
 67        0.0302972866
 68        0.0355478367
 69        0.0323116496
 70        0.0297848572
 71        0.0368383085
 72        0.0399253133
 73        0.0627540700
 74        0.0382947392
 75        0.0629079447
 76        0.0595714565
 77        0.0325017454
 78        0.0305034565
 79        0.0471386455
 80        0.3739027514
 81       -0.0585429906
 82       -0.1052861361
 83       -0.0919059728
 84       -0.0754669373
 85       -0.2347702507
 86        0.1311813916
 87       -0.0310329488
 88       -0.0292944681
 89        0.1146345297
 90       -0.0895546282
 91       -0.0574307694
 92       -0.0770441389
 93        0.0119926464
 94       -0.2927790693
 95        0.1409401134
 96       -0.0390505106
 97       -0.1169637681
 98        0.1621745836
 99       -0.0831290320
 100       0.3351343194
 101      -0.4233449666
 102      -0.1290190941
 103      -0.2520942964
 104       0.1464283427
 105      -0.0216256510
 106      -0.0354992093
 107       0.1192858388
 108      -0.0909149989
 109      -0.0530823535
 110      -0.0928255717
 111      -0.3034545222
 112       0.1010574860
 113       0.0040084839
 114      -0.1119300502
 115       0.1478680949
 116      -0.0863973839
 117       0.3461459195
 118      -0.3982320321
 119      -0.1076629706
 120       0.5203696006
 121      -0.4647870783
 122      -0.2904967777
 123       0.1060474285
 124       0.0507818540
 125       0.0537227187
 126       0.0399135419
 127       0.0445468727
 128       0.0460371808
 129       0.0447211708
 130       0.0374318688
 131       0.0349945017
 132       0.0399044493
 133       0.0614354875
 134       0.0256939923
 135       0.0201064708
 136       0.0346645654
 137       0.0358484024
 138       0.0466523348
 139       0.0608405027
 140       0.0591231339
 141       0.0504169020
 142       0.0496409227
 143       0.0359983637
 144       0.0383669744
 145       0.0337451784
 146       0.0308960517
 147       0.0342341902
 148       0.0332326780
 149       0.0298373278
 150       0.0371634457
 151       0.0387613326
 152       0.0639865508
 153       0.0388274543
 154       0.0631204869
 155       0.0596302562
 156       0.0315956289
 157       0.0274685892
 158       0.0491056653

 --------------------------------------------------------------------------------
                                  command: print                                 
 --------------------------------------------------------------------------------
 res.excitation_1_energy:                0.0954240691

 --------------------------------------------------------------------------------
                                  command: print                                 
 --------------------------------------------------------------------------------
 res.excitation_1_transition_dipole : [
  -0.5096347461901388,
  1.2234815261633825,
  4.186653258770071
]

 --------------------------------------------------------------------------------
                                  command: print                                 
 --------------------------------------------------------------------------------

 res.excitation_1_transition_charges:
                      1
 1        -0.0000000000
 2        -0.0000000000
 3        -0.0000000000
 4        -0.0000000000
 5        -0.0000000000
 6        -0.0000000000
 7        -0.0000000000
 8        -0.0000000000
 9        -0.0000000000
 10       -0.0000000000
 11       -0.0000000000
 12       -0.0000000000
 13       -0.0000000000
 14       -0.0000000000
 15       -0.0000000000
 16       -0.0000000000
 17       -0.0000000000
 18       -0.0000000000
 19       -0.0000000000
 20       -0.0000000000
 21       -0.0000000000
 22       -0.0000000000
 23       -0.0000000000
 24       -0.0000000000
 25       -0.0000000000
 26       -0.0000000000
 27       -0.0000000000
 28       -0.0000000000
 29       -0.0000000000
 30       -0.0000000000
 31       -0.0000000000
 32       -0.0000000000
 33       -0.0000000000
 34       -0.0000000000
 35       -0.0000000000
 36       -0.0000000000
 37       -0.0000000000
 38       -0.0000000000
 39       -0.0000000000
 40       -0.0000000000
 41       -0.0000000000
 42       -0.0000000000
 43       -0.0000000000
 44       -0.0000000000
 45       -0.0000000000
 46       -0.0000000000
 47       -0.0000000000
 48       -0.0000000000
 49       -0.0000000000
 50       -0.0000000000
 51       -0.0000000000
 52       -0.0000000000
 53       -0.0000000000
 54       -0.0000000000
 55       -0.0000000000
 56       -0.0000000000
 57       -0.0000000000
 58       -0.0000000000
 59       -0.0000000000
 60       -0.0000000000
 61       -0.0000000000
 62       -0.0000000000
 63       -0.0000000000
 64       -0.0000000000
 65       -0.0000000000
 66       -0.0000000000
 67       -0.0000000000
 68       -0.0000000000
 69       -0.0000000000
 70       -0.0000000000
 71       -0.0000000000
 72       -0.0000000000
 73       -0.0000000000
 74       -0.0000000000
 75       -0.0000000000
 76       -0.0000000000
 77       -0.0000000000
 78       -0.0000000000
 79       -0.0000000000
 80        0.0002234227
 81       -0.0306196337
 82        0.0107780952
 83        0.0223161913
 84       -0.0090829720
 85       -0.0121461908
 86       -0.0310874717
 87        0.0001536970
 88        0.0000190159
 89        0.0365696452
 90        0.0042910512
 91       -0.0030788797
 92       -0.0002110114
 93       -0.0005556582
 94        0.0136096795
 95        0.0524488000
 96        0.0878476915
 97        0.0331049078
 98        0.0396458981
 99        0.0011251889
 100       0.0058208183
 101       0.0113554114
 102       0.0003343681
 103       0.0074348255
 104       0.0257222976
 105       0.0004932002
 106      -0.0008723643
 107      -0.0444641752
 108       0.0027549708
 109      -0.0033972046
 110      -0.0004581385
 111      -0.0034766810
 112      -0.0695297157
 113      -0.0570282761
 114      -0.0299276313
 115      -0.0357700813
 116      -0.0016289107
 117      -0.0075166200
 118      -0.0142284242
 119      -0.0001456962
 120      -0.0007434888
 121      -0.0006361290
 122      -0.0001230800
 123      -0.0000434022
 124       0.0000208724
 125       0.0000811905
 126      -0.0013955734
 127      -0.0010656772
 128       0.0010904087
 129       0.0003700040
 130       0.0011341302
 131       0.0008252695
 132      -0.0000690123
 133      -0.0003385433
 134      -0.0000886101
 135      -0.0000639900
 136       0.0000065652
 137       0.0112170873
 138       0.0094248479
 139       0.0008346158
 140      -0.0000023193
 141       0.0009167161
 142       0.0019432588
 143      -0.0051960402
 144       0.0002528303
 145       0.0005289235
 146       0.0003023466
 147      -0.0001358240
 148      -0.0003500804
 149      -0.0000501324
 150      -0.0001171038
 151      -0.0006238981
 152      -0.0054382010
 153      -0.0008613353
 154      -0.0116467341
 155      -0.0007327602
 156      -0.0000040407
 157      -0.0000270237
 158      -0.0000195072

 --------------------------------------------------------------------------------
                                  command: print                                 
 --------------------------------------------------------------------------------
 res.excitation_1_excited_dipole : [
  -2.5504716720341847,
  0.9174017307206022,
  1.8624118658572186
]

 --------------------------------------------------------------------------------
                                  command: print                                 
 --------------------------------------------------------------------------------

 res.excitation_1_excited_atomic_charges:
                      1
 1         0.3744121601
 2        -0.0563727481
 3        -0.1087749442
 4        -0.0932101167
 5        -0.0765072947
 6        -0.2370814678
 7         0.1298461071
 8        -0.0290615958
 9        -0.0284265780
 10        0.1181195818
 11       -0.0891842957
 12       -0.0577470314
 13       -0.0777115531
 14        0.0131062080
 15       -0.2948124058
 16        0.1402530912
 17       -0.0388965661
 18       -0.1142016316
 19        0.1616925571
 20       -0.0833365783
 21        0.3357506723
 22       -0.4212841926
 23       -0.1298597071
 24       -0.2503403377
 25        0.1498089645
 26       -0.0210949328
 27       -0.0354715821
 28        0.1162655388
 29       -0.0921870129
 30       -0.0526723250
 31       -0.0935646543
 32       -0.3012565512
 33        0.1034108237
 34        0.0042811159
 35       -0.1124921866
 36        0.1481177172
 37       -0.0866301522
 38        0.3448470055
 39       -0.3964614829
 40       -0.1067211593
 41        0.5194780308
 42       -0.4688793592
 43       -0.2895477492
 44        0.1052046341
 45        0.0513464634
 46        0.0514333645
 47        0.0397216571
 48        0.0424683847
 49        0.0453133891
 50        0.0434726499
 51        0.0361452982
 52        0.0358584504
 53        0.0403368640
 54        0.0595667235
 55        0.0254812623
 56        0.0204890744
 57        0.0357383545
 58        0.0380194812
 59        0.0476567660
 60        0.0591627321
 61        0.0589951167
 62        0.0498435176
 63        0.0484657782
 64        0.0377515950
 65        0.0409726541
 66        0.0325770974
 67        0.0302972866
 68        0.0355478367
 69        0.0323116496
 70        0.0297848572
 71        0.0368383085
 72        0.0399253133
 73        0.0627540700
 74        0.0382947392
 75        0.0629079447
 76        0.0595714565
 77        0.0325017454
 78        0.0305034565
 79        0.0471386455
 80        0.3753111246
 81       -0.1064409523
 82       -0.1438510556
 83       -0.1302289143
 84       -0.1065242105
 85       -0.3345517724
 86        0.1903815587
 87       -0.0295914274
 88       -0.0280434473
 89        0.1822518815
 90       -0.0835395863
 91       -0.0525537050
 92       -0.0771230171
 93        0.0124403744
 94       -0.2865016511
 95        0.1897015442
 96       -0.0524199885
 97       -0.1428701327
 98        0.2191603039
 99       -0.0807989368
 100       0.3202379923
 101      -0.4394660912
 102      -0.1292226110
 103      -0.3615882167
 104       0.2095410650
 105      -0.0210170850
 106      -0.0337197339
 107       0.1707840403
 108      -0.0844911777
 109      -0.0486819262
 110      -0.0922992670
 111      -0.3030698464
 112       0.1484093791
 113      -0.0128111236
 114      -0.1259565586
 115       0.1795688702
 116      -0.0842722889
 117       0.3355290079
 118      -0.4087578609
 119      -0.1075260816
 120       0.5189665095
 121      -0.4651968013
 122      -0.2906362718
 123       0.1059872654
 124       0.0507881415
 125       0.0545057420
 126       0.0418201762
 127       0.0470658033
 128       0.0483442958
 129       0.0445477451
 130       0.0373570506
 131       0.0355942045
 132       0.0398062836
 133       0.0614472798
 134       0.0261097696
 135       0.0202122039
 136       0.0346266429
 137       0.0381540801
 138       0.0470286001
 139       0.0591226306
 140       0.0591188609
 141       0.0487003877
 142       0.0558624611
 143       0.0448566414
 144       0.0387151684
 145       0.0340577617
 146       0.0315942391
 147       0.0343606513
 148       0.0332013086
 149       0.0298756225
 150       0.0373967642
 151       0.0388405424
 152       0.0637613784
 153       0.0388711002
 154       0.0635801477
 155       0.0580510294
 156       0.0315862097
 157       0.0274382084
 158       0.0490816891

 --------------------------------------------------------------------------------
                                  command: print                                 
 --------------------------------------------------------------------------------
 res.excitation_2_energy:                0.0602036874

 --------------------------------------------------------------------------------
                                  command: print                                 
 --------------------------------------------------------------------------------
 res.excitation_2_transition_dipole : [
  5.176563077016858e-12,
  -1.145103375702201e-11,
  -5.0341463366761966e-11
]

 --------------------------------------------------------------------------------
                                  command: print                                 
 --------------------------------------------------------------------------------

 res.excitation_2_transition_charges:
                      1
 1        -0.0000000000
 2        -0.0000000000
 3         0.0000000000
 4         0.0000000000
 5        -0.0000000000
 6        -0.0000000000
 7        -0.0000000000
 8         0.0000000000
 9         0.0000000000
 10        0.0000000000
 11        0.0000000000
 12       -0.0000000000
 13       -0.0000000000
 14       -0.0000000000
 15        0.0000000000
 16        0.0000000000
 17        0.0000000000
 18        0.0000000000
 19        0.0000000000
 20        0.0000000000
 21        0.0000000000
 22        0.0000000000
 23        0.0000000000
 24       -0.0000000000
 25        0.0000000000
 26        0.0000000000
 27       -0.0000000000
 28       -0.0000000000
 29        0.0000000000
 30       -0.0000000000
 31       -0.0000000000
 32       -0.0000000000
 33       -0.0000000000
 34       -0.0000000000
 35       -0.0000000000
 36       -0.0000000000
 37       -0.0000000000
 38       -0.0000000000
 39       -0.0000000000
 40       -0.0000000000
 41       -0.0000000000
 42       -0.0000000000
 43       -0.0000000000
 44       -0.0000000000
 45        0.0000000000
 46        0.0000000000
 47       -0.0000000000
 48       -0.0000000000
 49        0.0000000000
 50        0.0000000000
 51        0.0000000000
 52        0.0000000000
 53       -0.0000000000
 54       -0.0000000000
 55       -0.0000000000
 56       -0.0000000000
 57        0.0000000000
 58        0.0000000000
 59        0.0000000000
 60        0.0000000000
 61       -0.0000000000
 62        0.0000000000
 63        0.0000000000
 64       -0.0000000000
 65        0.0000000000
 66        0.0000000000
 67        0.0000000000
 68       -0.0000000000
 69       -0.0000000000
 70       -0.0000000000
 71       -0.0000000000
 72       -0.0000000000
 73       -0.0000000000
 74       -0.0000000000
 75       -0.0000000000
 76       -0.0000000000
 77        0.0000000000
 78       -0.0000000000
 79       -0.0000000000
 80       -0.0000000000
 81        0.0000000000
 82       -0.0000000000
 83       -0.0000000000
 84        0.0000000000
 85        0.0000000000
 86        0.0000000000
 87       -0.0000000000
 88       -0.0000000000
 89       -0.0000000000
 90       -0.0000000000
 91        0.0000000000
 92        0.0000000000
 93        0.0000000000
 94       -0.0000000000
 95       -0.0000000000
 96       -0.0000000000
 97       -0.0000000000
 98       -0.0000000000
 99       -0.0000000000
 100      -0.0000000000
 101      -0.0000000000
 102      -0.0000000000
 103      -0.0000000000
 104      -0.0000000000
 105      -0.0000000000
 106       0.0000000000
 107       0.0000000000
 108      -0.0000000000
 109       0.0000000000
 110       0.0000000000
 111       0.0000000000
 112       0.0000000000
 113       0.0000000000
 114       0.0000000000
 115       0.0000000000
 116       0.0000000000
 117       0.0000000000
 118       0.0000000000
 119       0.0000000000
 120       0.0000000000
 121       0.0000000000
 122       0.0000000000
 123       0.0000000000
 124      -0.0000000000
 125      -0.0000000000
 126       0.0000000000
 127       0.0000000000
 128      -0.0000000000
 129      -0.0000000000
 130      -0.0000000000
 131      -0.0000000000
 132       0.0000000000
 133       0.0000000000
 134       0.0000000000
 135       0.0000000000
 136      -0.0000000000
 137      -0.0000000000
 138      -0.0000000000
 139      -0.0000000000
 140       0.0000000000
 141      -0.0000000000
 142      -0.0000000000
 143       0.0000000000
 144      -0.0000000000
 145      -0.0000000000
 146      -0.0000000000
 147       0.0000000000
 148       0.0000000000
 149       0.0000000000
 150       0.0000000000
 151       0.0000000000
 152       0.0000000000
 153       0.0000000000
 154       0.0000000000
 155       0.0000000000
 156       0.0000000000
 157       0.0000000000
 158       0.0000000000

 --------------------------------------------------------------------------------
                                  command: print                                 
 --------------------------------------------------------------------------------
 res.excitation_3_energy:                0.0601404907

 --------------------------------------------------------------------------------
                                  command: print                                 
 --------------------------------------------------------------------------------
 res.excitation_3_transition_dipole : [
  4.216008329696006e-12,
  -5.1262130498807843e-11,
  6.4291013196702504e-12
]

 --------------------------------------------------------------------------------
                                  command: print                                 
 --------------------------------------------------------------------------------

 res.excitation_3_transition_charges:
                      1
 1         0.0000000000
 2         0.0000000000
 3        -0.0000000000
 4        -0.0000000000
 5         0.0000000000
 6         0.0000000000
 7         0.0000000000
 8        -0.0000000000
 9        -0.0000000000
 10       -0.0000000000
 11       -0.0000000000
 12        0.0000000000
 13        0.0000000000
 14        0.0000000000
 15       -0.0000000000
 16       -0.0000000000
 17       -0.0000000000
 18       -0.0000000000
 19       -0.0000000000
 20       -0.0000000000
 21       -0.0000000000
 22       -0.0000000000
 23       -0.0000000000
 24       -0.0000000000
 25       -0.0000000000
 26       -0.0000000000
 27        0.0000000000
 28        0.0000000000
 29       -0.0000000000
 30        0.0000000000
 31        0.0000000000
 32        0.0000000000
 33        0.0000000000
 34        0.0000000000
 35        0.0000000000
 36        0.0000000000
 37        0.0000000000
 38        0.0000000000
 39        0.0000000000
 40        0.0000000000
 41        0.0000000000
 42        0.0000000000
 43        0.0000000000
 44        0.0000000000
 45       -0.0000000000
 46       -0.0000000000
 47        0.0000000000
 48        0.0000000000
 49       -0.0000000000
 50       -0.0000000000
 51       -0.0000000000
 52       -0.0000000000
 53        0.0000000000
 54        0.0000000000
 55        0.0000000000
 56        0.0000000000
 57       -0.0000000000
 58       -0.0000000000
 59       -0.0000000000
 60       -0.0000000000
 61        0.0000000000
 62       -0.0000000000
 63       -0.0000000000
 64        0.0000000000
 65       -0.0000000000
 66       -0.0000000000
 67       -0.0000000000
 68        0.0000000000
 69        0.0000000000
 70        0.0000000000
 71        0.0000000000
 72        0.0000000000
 73        0.0000000000
 74        0.0000000000
 75        0.0000000000
 76        0.0000000000
 77        0.0000000000
 78        0.0000000000
 79        0.0000000000
 80        0.0000000000
 81       -0.0000000000
 82        0.0000000000
 83        0.0000000000
 84       -0.0000000000
 85       -0.0000000000
 86       -0.0000000000
 87        0.0000000000
 88       -0.0000000000
 89        0.0000000000
 90        0.0000000000
 91       -0.0000000000
 92       -0.0000000000
 93       -0.0000000000
 94        0.0000000000
 95        0.0000000000
 96        0.0000000000
 97        0.0000000000
 98        0.0000000000
 99        0.0000000000
 100       0.0000000000
 101       0.0000000000
 102       0.0000000000
 103       0.0000000000
 104       0.0000000000
 105       0.0000000000
 106      -0.0000000000
 107      -0.0000000000
 108       0.0000000000
 109      -0.0000000000
 110      -0.0000000000
 111      -0.0000000000
 112      -0.0000000000
 113      -0.0000000000
 114      -0.0000000000
 115      -0.0000000000
 116      -0.0000000000
 117      -0.0000000000
 118      -0.0000000000
 119      -0.0000000000
 120      -0.0000000000
 121      -0.0000000000
 122      -0.0000000000
 123      -0.0000000000
 124       0.0000000000
 125       0.0000000000
 126      -0.0000000000
 127      -0.0000000000
 128       0.0000000000
 129       0.0000000000
 130       0.0000000000
 131       0.0000000000
 132      -0.0000000000
 133      -0.0000000000
 134      -0.0000000000
 135      -0.0000000000
 136       0.0000000000
 137       0.0000000000
 138       0.0000000000
 139       0.0000000000
 140      -0.0000000000
 141       0.0000000000
 142       0.0000000000
 143      -0.0000000000
 144       0.0000000000
 145       0.0000000000
 146       0.0000000000
 147      -0.0000000000
 148      -0.0000000000
 149      -0.0000000000
 150      -0.0000000000
 151      -0.0000000000
 152      -0.0000000000
 153      -0.0000000000
 154      -0.0000000000
 155      -0.0000000000
 156      -0.0000000000
 157      -0.0000000000
 158      -0.0000000000

 --------------------------------------------------------------------------------
                                  command: print                                 
 --------------------------------------------------------------------------------
 res.excitation_4_energy:                0.0959009734

 --------------------------------------------------------------------------------
                                  command: print                                 
 --------------------------------------------------------------------------------
 res.excitation_4_transition_dipole : [
  0.4690774546727335,
  -4.350928434305839,
  0.2283081494832438
]

 --------------------------------------------------------------------------------
                                  command: print                                 
 --------------------------------------------------------------------------------

 res.excitation_4_transition_charges:
                      1
 1         0.0000074342
 2         0.0200111428
 3        -0.0176921850
 4        -0.0161467578
 5         0.0148978733
 6         0.0009605820
 7         0.0304232083
 8        -0.0001413129
 9        -0.0001613362
 10       -0.0365202157
 11       -0.0045075714
 12        0.0029326422
 13        0.0002051158
 14        0.0005107122
 15       -0.0107310589
 16       -0.0506959036
 17       -0.0927483636
 18       -0.0305187710
 19       -0.0405960638
 20       -0.0012051572
 21       -0.0054709971
 22       -0.0106869533
 23       -0.0002737888
 24        0.0049755539
 25       -0.0246413863
 26       -0.0003606036
 27        0.0010018518
 28        0.0477746699
 29       -0.0028246790
 30        0.0035016744
 31        0.0004867930
 32        0.0012214660
 33        0.0695711947
 34        0.0580738278
 35        0.0288947946
 36        0.0390958876
 37        0.0016223663
 38        0.0073234517
 39        0.0135510361
 40        0.0000781726
 41        0.0002176114
 42        0.0003769531
 43        0.0000540848
 44        0.0000120469
 45       -0.0000169933
 46       -0.0000883286
 47        0.0013827829
 48        0.0010473106
 49       -0.0011585065
 50       -0.0004155254
 51       -0.0011868583
 52       -0.0008324423
 53        0.0000626144
 54        0.0003088104
 55        0.0000831957
 56        0.0000611763
 57       -0.0000159876
 58       -0.0116347477
 59       -0.0099561913
 60       -0.0007769277
 61        0.0000047131
 62       -0.0008149398
 63       -0.0019992227
 64        0.0053429650
 65       -0.0002429377
 66       -0.0004976621
 67       -0.0002858160
 68        0.0001379406
 69        0.0003817017
 70        0.0000559383
 71        0.0001176554
 72        0.0006877735
 73        0.0058422867
 74        0.0008381426
 75        0.0116009410
 76        0.0000898316
 77       -0.0000010291
 78        0.0000134930
 79        0.0000058010
 80       -0.0000000000
 81       -0.0000000000
 82       -0.0000000000
 83       -0.0000000000
 84       -0.0000000000
 85       -0.0000000000
 86       -0.0000000000
 87       -0.0000000000
 88       -0.0000000000
 89       -0.0000000000
 90       -0.0000000000
 91       -0.0000000000
 92       -0.0000000000
 93       -0.0000000000
 94       -0.0000000000
 95       -0.0000000000
 96       -0.0000000000
 97       -0.0000000000
 98       -0.0000000000
 99       -0.0000000000
 100      -0.0000000000
 101      -0.0000000000
 102      -0.0000000000
 103      -0.0000000000
 104      -0.0000000000
 105      -0.0000000000
 106      -0.0000000000
 107      -0.0000000000
 108      -0.0000000000
 109      -0.0000000000
 110      -0.0000000000
 111      -0.0000000000
 112      -0.0000000000
 113      -0.0000000000
 114      -0.0000000000
 115      -0.0000000000
 116      -0.0000000000
 117      -0.0000000000
 118      -0.0000000000
 119      -0.0000000000
 120      -0.0000000000
 121      -0.0000000000
 122      -0.0000000000
 123      -0.0000000000
 124      -0.0000000000
 125      -0.0000000000
 126      -0.0000000000
 127      -0.0000000000
 128      -0.0000000000
 129      -0.0000000000
 130      -0.0000000000
 131      -0.0000000000
 132      -0.0000000000
 133      -0.0000000000
 134      -0.0000000000
 135      -0.0000000000
 136      -0.0000000000
 137      -0.0000000000
 138      -0.0000000000
 139      -0.0000000000
 140      -0.0000000000
 141      -0.0000000000
 142      -0.0000000000
 143      -0.0000000000
 144      -0.0000000000
 145      -0.0000000000
 146      -0.0000000000
 147      -0.0000000000
 148      -0.0000000000
 149      -0.0000000000
 150      -0.0000000000
 151      -0.0000000000
 152      -0.0000000000
 153      -0.0000000000
 154      -0.0000000000
 155      -0.0000000000
 156      -0.0000000000
 157      -0.0000000000
 158      -0.0000000000

 --------------------------------------------------------------------------------

 End time:                               Mon Jul  5 14:59:39 2021
 Total wall-clock time:                  1.679 seconds
==================================================================================
