
================================================================================
          _____________ ________ _______________ ________     _________         
         / ___________// ______ \\_____   _____// ______ \   / ________)        
        / /_________  / /      \ \     | |     / /      \ \ | (_______          
       |  __________|| |        | |    | |    | |        | | \________ \        
        \ \_________ | |        | |    | |     \ \______/ /___________) |       
         \__________||_|        |_|    |_|      \________//____________/        
                                                                                
====================================[ Qcore ]===================================

 Git hash:   4f46786782e696c626e0064ff3d1a47267e124c4
 Git date:   Wed, 30 Jun 2021 10:19:53 +0100
 Compiler:   AppleClang 10.0.1.10010046
 Build type: Release
 Version:    1.4.1

 Start time: Mon Jul  5 14:43:05 2021

 Data directory: /Users/of15641/qcore/cmake-build-release/share/entos/1.4.1/data
 Number of threads: 2
 Number of threads was determined by: number of physical cores

 --------------------------------------------------------------------------------
                                   command: xtb                                  
 --------------------------------------------------------------------------------
 XTB basis setup:                        reference basis
 Number of basis functions:            244
 GFN version:                            chlorophyll
 Integral screening threshold:           1.00e-10
 Total charge:                           0.000000000
 Number of electrons:                  218.000000000
 Electronic temperature (Kelvin):        0.000000000

 D3BJ energy:                           -0.062562678
 Repulsive energy:                       1.518581706

 ****************************************************
  Running robust self-consistent charge (SCC) solver 
 ****************************************************
 Number of SCC trials:                   4
 Using the stop-early mechanism for the first 3 trials

 Conv. threshold (charge):               1.00e-05
 Conv. threshold (energy):               1.00e-06
 Initial guess:                          eeq

 -------------
  SCC Trial 1 
 -------------
 Broyden mixing factor:                  0.400000000
 Max number of iterations:             128

 ---------------------------------------------------------------
                  energy        change          grad        time
 ---------------------------------------------------------------
   0      -130.292185479                    6.60e-01        0.06
   1      -130.884270563     -5.92e-01      3.88e-01        0.04
   2      -130.893054275     -8.78e-03      1.03e-01        0.01
   3      -130.904351397     -1.13e-02      1.05e-02        0.04
   4      -130.904889086     -5.38e-04      5.83e-03        0.04
   5      -130.907237596     -2.35e-03      1.35e-03        0.13
   6      -130.907345376     -1.08e-04      3.93e-04        0.19
   7      -130.907352311     -6.93e-06      1.59e-04        0.05
   8      -130.907353176     -8.66e-07      4.52e-05        0.10
   9      -130.907353193     -1.69e-08      1.63e-05        0.01
  10      -130.907353195     -1.42e-09      4.99e-06        0.08
  11      -130.907353195     -1.68e-10      1.76e-06        0.05

 SCF converged in 10 iterations.

 Entropy contribution (-ST):             0.000000000
 Dipole moment (in Debye):              -2.818887       2.818470       0.250034

 ----------------
  Excitation 0 1 
 ----------------
 Setting up Delta-SCF
 Ground-Excited state overlap:          -0.000000000
 No correction applied to the TDM.
 Excitation energy:                      0.094811806
 Excitation energy (in eV):              2.579960664
 Transition dipole:                      0.38247      -4.24285       1.06572

 -----------------
  Excitation -1 1 
 -----------------
 Setting up Delta-SCF
 Ground-Excited state overlap:           0.000000000
 No correction applied to the TDM.
 Excitation energy:                      0.101904602
 Excitation energy (in eV):              2.772965479
 Transition dipole:                      0.33432      -0.71434      -2.51032

 ----------------
  Excitation 0 2 
 ----------------
 Setting up Delta-SCF
 Ground-Excited state overlap:           0.000000000
 No correction applied to the TDM.
 Excitation energy:                      0.149331284
 Excitation energy (in eV):              4.063511254
 Transition dipole:                      0.15888      -0.43737      -1.88703

 -----------------
  Excitation -1 2 
 -----------------
 Setting up Delta-SCF
 Ground-Excited state overlap:           0.000000000
 No correction applied to the TDM.
 Excitation energy:                      0.162784395
 Excitation energy (in eV):              4.429589046
 Transition dipole:                     -0.12778       1.74283      -0.38743
 TOTAL ENERGY:                        -130.907353195
 Saving results in set 'res'

 --------------------------------------------------------------------------------
                                  command: print                                 
 --------------------------------------------------------------------------------
 res.energy:                          -130.9073531950

 --------------------------------------------------------------------------------
                                  command: print                                 
 --------------------------------------------------------------------------------

 res.dipole:
                      1
 1        -1.1090353890
 2         1.1088714809
 3         0.0983710019

 --------------------------------------------------------------------------------
                                  command: print                                 
 --------------------------------------------------------------------------------

 res.atomic_charges:
                      1
 1         0.3739076542
 2        -0.0585623757
 3        -0.1052961064
 4        -0.0918964169
 5        -0.0754675199
 6        -0.2347866058
 7         0.1311626235
 8        -0.0310274781
 9        -0.0293004778
 10        0.1146192131
 11       -0.0895450773
 12       -0.0574332780
 13       -0.0770432897
 14        0.0120144017
 15       -0.2927751856
 16        0.1409358545
 17       -0.0390524187
 18       -0.1169511608
 19        0.1621770677
 20       -0.0831266795
 21        0.3351459801
 22       -0.4233026127
 23       -0.1290235611
 24       -0.2520904484
 25        0.1464356055
 26       -0.0216301235
 27       -0.0354958810
 28        0.1192991287
 29       -0.0909129791
 30       -0.0530865176
 31       -0.0928307492
 32       -0.3034559829
 33        0.1010588332
 34        0.0040106769
 35       -0.1119392830
 36        0.1478654483
 37       -0.0863959824
 38        0.3461460475
 39       -0.3982348011
 40       -0.1076591660
 41        0.5203698595
 42       -0.4647612958
 43       -0.2905182218
 44        0.1060468893
 45        0.0507583171
 46        0.0537440916
 47        0.0399278065
 48        0.0445148461
 49        0.0460315087
 50        0.0446836985
 51        0.0374123469
 52        0.0349422526
 53        0.0399251698
 54        0.0614560038
 55        0.0256554054
 56        0.0201036338
 57        0.0346417257
 58        0.0358416401
 59        0.0466785549
 60        0.0608349657
 61        0.0591631279
 62        0.0504350280
 63        0.0496698124
 64        0.0359869768
 65        0.0384004724
 66        0.0337222283
 67        0.0308883593
 68        0.0342585305
 69        0.0332416239
 70        0.0298538169
 71        0.0371892400
 72        0.0387541565
 73        0.0640045315
 74        0.0388420718
 75        0.0630898864
 76        0.0595836374
 77        0.0315845192
 78        0.0274551805
 79        0.0491312253

 --------------------------------------------------------------------------------
                                  command: print                                 
 --------------------------------------------------------------------------------
 res.excitation_1_energy:                0.0948118056

 --------------------------------------------------------------------------------
                                  command: print                                 
 --------------------------------------------------------------------------------
 res.excitation_1_transition_dipole : [
  0.38247031684032323,
  -4.242854699961192,
  1.0657216196993475
]

 --------------------------------------------------------------------------------
                                  command: print                                 
 --------------------------------------------------------------------------------

 res.excitation_1_transition_charges:
                      1
 1        -0.0002237440
 2         0.0306053949
 3        -0.0107644258
 4        -0.0223217025
 5         0.0090940597
 6         0.0121436869
 7         0.0310840754
 8        -0.0001539238
 9        -0.0000185790
 10       -0.0365753806
 11       -0.0042912323
 12        0.0030786195
 13        0.0002110765
 14        0.0005557129
 15       -0.0136142743
 16       -0.0524614419
 17       -0.0878255776
 18       -0.0331086516
 19       -0.0396521237
 20       -0.0011252032
 21       -0.0058171707
 22       -0.0113527672
 23       -0.0003344582
 24       -0.0074274689
 25       -0.0257313046
 26       -0.0004934788
 27        0.0008729918
 28        0.0444631178
 29       -0.0027557427
 30        0.0033973646
 31        0.0004580352
 32        0.0034720421
 33        0.0695264844
 34        0.0570379484
 35        0.0299269667
 36        0.0357742564
 37        0.0016289481
 38        0.0075175538
 39        0.0142283141
 40        0.0001455110
 41        0.0007427472
 42        0.0006357223
 43        0.0001229810
 44        0.0000433602
 45       -0.0000208629
 46       -0.0000813089
 47        0.0013957141
 48        0.0010654084
 49       -0.0010904149
 50       -0.0003700903
 51       -0.0011347428
 52       -0.0008254351
 53        0.0000689528
 54        0.0003385845
 55        0.0000885468
 56        0.0000639813
 57       -0.0000065506
 58       -0.0112147458
 59       -0.0094228582
 60       -0.0008342985
 61        0.0000023183
 62       -0.0009164200
 63       -0.0019443975
 64        0.0051971365
 65       -0.0002528203
 66       -0.0005289373
 67       -0.0003024700
 68        0.0001357312
 69        0.0003499384
 70        0.0000500967
 71        0.0001171678
 72        0.0006235584
 73        0.0054392475
 74        0.0008613870
 75        0.0116480442
 76        0.0007316941
 77        0.0000040333
 78        0.0000270068
 79        0.0000194856

 --------------------------------------------------------------------------------
                                  command: print                                 
 --------------------------------------------------------------------------------
 res.excitation_1_excited_dipole : [
  -1.3289717133398131,
  1.34329606394608,
  0.21514441152665853
]

 --------------------------------------------------------------------------------
                                  command: print                                 
 --------------------------------------------------------------------------------

 res.excitation_1_excited_atomic_charges:
                      1
 1         0.3753151475
 2        -0.1064551739
 3        -0.1438498509
 4        -0.1302283459
 5        -0.1065340963
 6        -0.3345614739
 7         0.1903617049
 8        -0.0295870280
 9        -0.0280508972
 10        0.1822222046
 11       -0.0835341828
 12       -0.0525581972
 13       -0.0771223336
 14        0.0124617205
 15       -0.2864952183
 16        0.1896848131
 17       -0.0524203375
 18       -0.1428652620
 19        0.2191567365
 20       -0.0807967303
 21        0.3202580495
 22       -0.4394189126
 23       -0.1292272157
 24       -0.3616011302
 25        0.2095481043
 26       -0.0210201287
 27       -0.0337144392
 28        0.1708123732
 29       -0.0844877784
 30       -0.0486835836
 31       -0.0923040815
 32       -0.3030734271
 33        0.1484228069
 34       -0.0128091129
 35       -0.1259627063
 36        0.1795708966
 37       -0.0842705993
 38        0.3355284140
 39       -0.4087603066
 40       -0.1075223669
 41        0.5189669546
 42       -0.4651712650
 43       -0.2906577309
 44        0.1059867245
 45        0.0507645608
 46        0.0545272491
 47        0.0418349010
 48        0.0470322890
 49        0.0483374021
 50        0.0445096981
 51        0.0373369034
 52        0.0355411639
 53        0.0398267476
 54        0.0614676621
 55        0.0260709195
 56        0.0202093080
 57        0.0346038339
 58        0.0381468041
 59        0.0470549521
 60        0.0591178302
 61        0.0591588552
 62        0.0487192341
 63        0.0558946680
 64        0.0448509103
 65        0.0387485561
 66        0.0340347211
 67        0.0315865681
 68        0.0343849979
 69        0.0332103951
 70        0.0298921190
 71        0.0374228752
 72        0.0388335805
 73        0.0637797657
 74        0.0388857152
 75        0.0635499750
 76        0.0580049561
 77        0.0315751024
 78        0.0274247937
 79        0.0491072485

 --------------------------------------------------------------------------------
                                  command: print                                 
 --------------------------------------------------------------------------------
 res.excitation_2_energy:                0.1019046018

 --------------------------------------------------------------------------------
                                  command: print                                 
 --------------------------------------------------------------------------------
 res.excitation_2_transition_dipole : [
  0.3343223087155165,
  -0.7143373073182419,
  -2.5103241938166025
]

 --------------------------------------------------------------------------------
                                  command: print                                 
 --------------------------------------------------------------------------------

 res.excitation_2_transition_charges:
                      1
 1         0.0018794413
 2        -0.0891993135
 3        -0.0635898844
 4         0.0633679876
 5         0.0545211873
 6        -0.1113299188
 7        -0.0072970716
 8         0.0002091909
 9        -0.0012807602
 10       -0.0086513322
 11       -0.0009903108
 12       -0.0005576575
 13       -0.0000045145
 14       -0.0000349470
 15        0.0280443853
 16        0.0027042229
 17       -0.0187526630
 18        0.0060519950
 19       -0.0111512578
 20       -0.0002562494
 21        0.0008093730
 22        0.0011433205
 23        0.0003473634
 24        0.1196795651
 25        0.0022811580
 26        0.0014218771
 27        0.0008847840
 28        0.0176170237
 29        0.0002406858
 30        0.0012040100
 31       -0.0000186946
 32       -0.0187493229
 33        0.0078787385
 34        0.0220877164
 35       -0.0027269399
 36        0.0150040335
 37        0.0008013428
 38       -0.0009296291
 39       -0.0027550677
 40       -0.0007176063
 41       -0.0046880611
 42       -0.0025191360
 43       -0.0006091953
 44       -0.0002771285
 45        0.0000429843
 46       -0.0000350730
 47        0.0006585406
 48       -0.0001449577
 49       -0.0003267006
 50       -0.0003722433
 51       -0.0006414024
 52       -0.0002852533
 53       -0.0000585656
 54       -0.0001548035
 55       -0.0000110929
 56       -0.0000119733
 57       -0.0000939968
 58       -0.0011884287
 59       -0.0028654500
 60        0.0001536610
 61        0.0000282253
 62        0.0002168263
 63       -0.0001847841
 64        0.0022401051
 65        0.0000742420
 66        0.0003115809
 67        0.0002515851
 68        0.0000196777
 69        0.0002447030
 70        0.0000270757
 71        0.0000643987
 72        0.0002042808
 73        0.0028724054
 74       -0.0000238011
 75        0.0043206924
 76       -0.0061347548
 77       -0.0000518578
 78       -0.0001099473
 79       -0.0001286379

 --------------------------------------------------------------------------------
                                  command: print                                 
 --------------------------------------------------------------------------------
 res.excitation_3_energy:                0.1493312842

 --------------------------------------------------------------------------------
                                  command: print                                 
 --------------------------------------------------------------------------------
 res.excitation_3_transition_dipole : [
  0.1588819083264977,
  -0.43736624778690025,
  -1.887026778206021
]

 --------------------------------------------------------------------------------
                                  command: print                                 
 --------------------------------------------------------------------------------

 res.excitation_3_transition_charges:
                      1
 1         0.0003503277
 2         0.0154564224
 3         0.0086466383
 4        -0.0129773662
 5        -0.0095264176
 6        -0.0022844705
 7        -0.0633128813
 8        -0.0003125284
 9        -0.0001861220
 10       -0.0531408499
 11       -0.0036646472
 12       -0.0078209415
 13       -0.0004989782
 14       -0.0061779137
 15       -0.0340635524
 16       -0.0231138447
 17       -0.0017915679
 18       -0.0179972171
 19        0.0834598781
 20       -0.0003174463
 21       -0.0100521931
 22       -0.0147231008
 23       -0.0000016560
 24        0.0024551532
 25        0.0878802454
 26       -0.0010664118
 27       -0.0004781138
 28        0.0605685940
 29        0.0090603357
 30        0.0044765588
 31        0.0006659243
 32        0.0114546622
 33        0.0344946018
 34       -0.0301267607
 35        0.0033290701
 36       -0.0325259542
 37       -0.0000783249
 38       -0.0008644131
 39       -0.0011124562
 40       -0.0002115725
 41        0.0009060654
 42        0.0004153156
 43        0.0001577340
 44        0.0000346871
 45        0.0002250962
 46       -0.0004879223
 47        0.0009869024
 48       -0.0012083815
 49       -0.0010784134
 50       -0.0001969315
 51       -0.0008807640
 52       -0.0005651146
 53       -0.0002565045
 54       -0.0002853537
 55        0.0008149637
 56       -0.0003993504
 57        0.0000719744
 58       -0.0007337122
 59        0.0002542365
 60       -0.0013708909
 61        0.0000182925
 62       -0.0015509412
 63        0.0061033803
 64        0.0048738056
 65        0.0015672457
 66        0.0024785516
 67        0.0020701688
 68        0.0004872161
 69        0.0005013677
 70        0.0001852832
 71        0.0000444025
 72        0.0006101262
 73       -0.0021493508
 74       -0.0004424585
 75       -0.0058535913
 76        0.0007629143
 77        0.0000193777
 78        0.0000264923
 79       -0.0000266289

 --------------------------------------------------------------------------------
                                  command: print                                 
 --------------------------------------------------------------------------------
 res.excitation_4_energy:                0.1627843950

 --------------------------------------------------------------------------------
                                  command: print                                 
 --------------------------------------------------------------------------------
 res.excitation_4_transition_dipole : [
  -0.12777760361396312,
  1.7428303960838438,
  -0.3874284965613399
]

 --------------------------------------------------------------------------------
                                  command: print                                 
 --------------------------------------------------------------------------------

 res.excitation_4_transition_charges:
                      1
 1         0.0063331053
 2        -0.0458136605
 3         0.0498423507
 4         0.0334975870
 5        -0.0587441793
 6         0.0193428263
 7         0.0148140043
 8        -0.0012450621
 9         0.0003431759
 10       -0.0122455440
 11       -0.0009132042
 12        0.0014499782
 13       -0.0002116970
 14        0.0003436231
 15        0.0849411208
 16        0.0002569552
 17       -0.0002092821
 18        0.0034338387
 19        0.0231743976
 20        0.0003268078
 21        0.0020926687
 22        0.0016894302
 23        0.0009279369
 24       -0.0450106080
 25       -0.0069506432
 26        0.0007928409
 27       -0.0001517018
 28        0.0247417786
 29       -0.0000751619
 30        0.0016264498
 31       -0.0001219046
 32       -0.0651834924
 33        0.0050679033
 34       -0.0115441214
 35       -0.0001060895
 36       -0.0131094388
 37       -0.0000495241
 38        0.0000024650
 39        0.0000859142
 40        0.0012330331
 41       -0.0056360593
 42       -0.0016620357
 43       -0.0008027280
 44       -0.0003073681
 45        0.0003609559
 46       -0.0001865837
 47        0.0004401303
 48        0.0001287549
 49       -0.0003487129
 50       -0.0003209186
 51       -0.0004025209
 52       -0.0001845796
 53        0.0001152712
 54        0.0001702796
 55       -0.0001559953
 56        0.0000771664
 57        0.0001816309
 58       -0.0000678294
 59        0.0001069199
 60        0.0003023852
 61        0.0002014014
 62        0.0003726984
 63        0.0010559212
 64        0.0020124026
 65       -0.0002897348
 66       -0.0003151095
 67       -0.0002484018
 68        0.0001533330
 69        0.0003443653
 70        0.0000626547
 71        0.0000245667
 72        0.0002331943
 73       -0.0011458957
 74        0.0000336415
 75       -0.0021867265
 76       -0.0065736240
 77       -0.0002151039
 78       -0.0002151105
 79        0.0002124885

 --------------------------------------------------------------------------------

 End time:                               Mon Jul  5 14:43:07 2021
 Total wall-clock time:                  1.710 seconds
==================================================================================
