
================================================================================
          _____________ ________ _______________ ________     _________         
         / ___________// ______ \\_____   _____// ______ \   / ________)        
        / /_________  / /      \ \     | |     / /      \ \ | (_______          
       |  __________|| |        | |    | |    | |        | | \________ \        
        \ \_________ | |        | |    | |     \ \______/ /___________) |       
         \__________||_|        |_|    |_|      \________//____________/        
                                                                                
====================================[ Qcore ]===================================

 Git hash:   4f46786782e696c626e0064ff3d1a47267e124c4
 Git date:   Wed, 30 Jun 2021 10:19:53 +0100
 Compiler:   AppleClang 10.0.1.10010046
 Build type: Release
 Version:    1.4.1

 Start time: Mon Jul  5 14:54:38 2021

 Data directory: /Users/of15641/qcore/cmake-build-release/share/entos/1.4.1/data
 Number of threads: 2
 Number of threads was determined by: number of physical cores

 --------------------------------------------------------------------------------
                                   command: xtb                                  
 --------------------------------------------------------------------------------
 XTB basis setup:                        reference basis
 Number of basis functions:            488
 GFN version:                            chlorophyll
 Integral screening threshold:           1.00e-10
 Total charge:                           0.000000000
 Number of electrons:                  436.000000000
 Electronic temperature (Kelvin):        0.000000000

 D3BJ energy:                           -0.125169937
 Repulsive energy:                       3.040136155

 ****************************************************
  Running robust self-consistent charge (SCC) solver 
 ****************************************************
 Number of SCC trials:                   4
 Using the stop-early mechanism for the first 3 trials

 Conv. threshold (charge):               1.00e-05
 Conv. threshold (energy):               1.00e-06
 Initial guess:                          eeq

 -------------
  SCC Trial 1 
 -------------
 Broyden mixing factor:                  0.400000000
 Max number of iterations:             128

 ---------------------------------------------------------------
                  energy        change          grad        time
 ---------------------------------------------------------------
   0      -260.589364049                    6.60e-01        0.04
   1      -261.773488803     -1.18e+00      3.88e-01        0.04
   2      -261.791002226     -1.75e-02      1.03e-01        0.03
   3      -261.813629264     -2.26e-02      1.06e-02        0.03
   4      -261.814675846     -1.05e-03      5.94e-03        0.03
   5      -261.819647170     -4.97e-03      1.37e-03        0.03
   6      -261.819870680     -2.24e-04      4.14e-04        0.04
   7      -261.819886786     -1.61e-05      1.59e-04        0.03
   8      -261.819888439     -1.65e-06      4.53e-05        0.03
   9      -261.819888470     -3.06e-08      1.64e-05        0.03
  10      -261.819888472     -2.58e-09      5.51e-06        0.03
  11      -261.819888473     -5.42e-10      2.69e-06        0.03

 SCF converged in 10 iterations.

 Entropy contribution (-ST):             0.000000000
 Dipole moment (in Debye):              -5.539568       4.974307      -1.357830

 ----------------
  Excitation 0 1 
 ----------------
 Setting up Delta-SCF
 Ground-Excited state overlap:          -0.000000000
 No correction applied to the TDM.
 Excitation energy:                      0.059516556
 Excitation energy (in eV):              1.619528004
 Transition dipole:                      0.00001      -0.00067       0.00016

 -----------------
  Excitation -1 1 
 -----------------
 Setting up Delta-SCF
 Ground-Excited state overlap:          -0.000000000
 No correction applied to the TDM.
 Excitation energy:                      0.096608264
 Excitation energy (in eV):              2.628844781
 Transition dipole:                     -0.46890       4.35131      -0.22859

 ----------------
  Excitation 0 2 
 ----------------
 Setting up Delta-SCF
 Ground-Excited state overlap:          -0.000000000
 No correction applied to the TDM.
 Excitation energy:                      0.096134581
 Excitation energy (in eV):              2.615955209
 Transition dipole:                     -0.01240       2.36071      -3.70291

 -----------------
  Excitation -1 2 
 -----------------
 Setting up Delta-SCF
 Ground-Excited state overlap:          -0.000000000
 No correction applied to the TDM.
 Excitation energy:                      0.062246832
 Excitation energy (in eV):              1.693822596
 Transition dipole:                      0.00003       0.00041      -0.00053
 TOTAL ENERGY:                        -261.819888473
 Saving results in set 'res'

 --------------------------------------------------------------------------------
                                  command: print                                 
 --------------------------------------------------------------------------------
 res.energy:                          -261.8198884728

 --------------------------------------------------------------------------------
                                  command: print                                 
 --------------------------------------------------------------------------------

 res.dipole:
                      1
 1        -2.1794336563
 2         1.9570427480
 3        -0.5342113576

 --------------------------------------------------------------------------------
                                  command: print                                 
 --------------------------------------------------------------------------------

 res.atomic_charges:
                      1
 1         0.3743031747
 2        -0.0563035619
 3        -0.1088255274
 4        -0.0932880931
 5        -0.0765147991
 6        -0.2370864800
 7         0.1298893522
 8        -0.0290797970
 9        -0.0284118753
 10        0.1181251530
 11       -0.0891939300
 12       -0.0577124040
 13       -0.0778032844
 14        0.0134073798
 15       -0.2948945376
 16        0.1401954618
 17       -0.0390450168
 18       -0.1143440547
 19        0.1616342974
 20       -0.0833129176
 21        0.3356707611
 22       -0.4213455430
 23       -0.1298203730
 24       -0.2503461332
 25        0.1497910245
 26       -0.0210829168
 27       -0.0354922333
 28        0.1162669117
 29       -0.0922070472
 30       -0.0526836464
 31       -0.0935414350
 32       -0.3013064843
 33        0.1034347605
 34        0.0043201947
 35       -0.1124473704
 36        0.1481174072
 37       -0.0866544136
 38        0.3448619642
 39       -0.3962582406
 40       -0.1067500311
 41        0.5194973132
 42       -0.4689346344
 43       -0.2895089552
 44        0.1051516403
 45        0.0513694882
 46        0.0513871566
 47        0.0397700110
 48        0.0426102411
 49        0.0453117998
 50        0.0435558160
 51        0.0361453595
 52        0.0359415281
 53        0.0401468213
 54        0.0595455960
 55        0.0255977907
 56        0.0204417314
 57        0.0357891380
 58        0.0380483372
 59        0.0473445352
 60        0.0592643368
 61        0.0588136149
 62        0.0495125255
 63        0.0483835666
 64        0.0378589154
 65        0.0409893094
 66        0.0326186281
 67        0.0303822188
 68        0.0356258563
 69        0.0323777491
 70        0.0297205385
 71        0.0368062294
 72        0.0398099461
 73        0.0627963882
 74        0.0382969123
 75        0.0630554859
 76        0.0597002498
 77        0.0326978227
 78        0.0305680511
 79        0.0472452380
 80        0.3739102156
 81       -0.0585665872
 82       -0.1053279071
 83       -0.0918769684
 84       -0.0752892769
 85       -0.2347459005
 86        0.1311673624
 87       -0.0310306659
 88       -0.0292827249
 89        0.1145611371
 90       -0.0895618652
 91       -0.0574411686
 92       -0.0769385375
 93        0.0117672425
 94       -0.2927744758
 95        0.1408994990
 96       -0.0391679787
 97       -0.1169963612
 98        0.1621526198
 99       -0.0830872188
 100       0.3351100557
 101      -0.4233802607
 102      -0.1289986732
 103      -0.2518929538
 104       0.1464646973
 105      -0.0215945283
 106      -0.0355542418
 107       0.1193978625
 108      -0.0909618589
 109      -0.0530970048
 110      -0.0928090798
 111      -0.3034202858
 112       0.1012192429
 113       0.0042680790
 114      -0.1118619129
 115       0.1479311531
 116      -0.0864876494
 117       0.3461920498
 118      -0.3982627973
 119      -0.1076868061
 120       0.5203289987
 121      -0.4648593458
 122      -0.2905350950
 123       0.1060804089
 124       0.0506506192
 125       0.0536869481
 126       0.0401169945
 127       0.0444311380
 128       0.0458011426
 129       0.0448154919
 130       0.0376713198
 131       0.0346477030
 132       0.0398945727
 133       0.0614486145
 134       0.0255365678
 135       0.0199789998
 136       0.0345466611
 137       0.0358189004
 138       0.0464700268
 139       0.0608306155
 140       0.0590228784
 141       0.0503100521
 142       0.0495165848
 143       0.0363566708
 144       0.0382380702
 145       0.0338517164
 146       0.0311719787
 147       0.0342388794
 148       0.0333397753
 149       0.0297585487
 150       0.0370859253
 151       0.0386937623
 152       0.0639030928
 153       0.0389612928
 154       0.0637223622
 155       0.0596843806
 156       0.0314437986
 157       0.0273190628
 158       0.0490743649

 --------------------------------------------------------------------------------
                                  command: print                                 
 --------------------------------------------------------------------------------
 res.excitation_1_energy:                0.0595165564

 --------------------------------------------------------------------------------
                                  command: print                                 
 --------------------------------------------------------------------------------
 res.excitation_1_transition_dipole : [
  1.4986895416387617e-05,
  -0.0006660919581124302,
  0.00015624780925389627
]

 --------------------------------------------------------------------------------
                                  command: print                                 
 --------------------------------------------------------------------------------

 res.excitation_1_transition_charges:
                      1
 1         0.0000002047
 2         0.0000096838
 3         0.0000021854
 4        -0.0000075343
 5        -0.0000014854
 6         0.0000106825
 7         0.0000053621
 8        -0.0000000213
 9         0.0000000492
 10       -0.0000058666
 11       -0.0000006263
 12        0.0000005448
 13        0.0000000417
 14        0.0000000876
 15       -0.0000046787
 16       -0.0000080416
 17       -0.0000151250
 18       -0.0000048562
 19       -0.0000066005
 20       -0.0000001989
 21       -0.0000008859
 22       -0.0000015967
 23       -0.0000000509
 24       -0.0000100390
 25       -0.0000040618
 26       -0.0000001330
 27        0.0000001188
 28        0.0000073491
 29       -0.0000004897
 30        0.0000005128
 31        0.0000000184
 32        0.0000019924
 33        0.0000107305
 34        0.0000091633
 35        0.0000044475
 36        0.0000062538
 37        0.0000002637
 38        0.0000011840
 39        0.0000021819
 40        0.0000000541
 41        0.0000003363
 42        0.0000002066
 43        0.0000000409
 44        0.0000000200
 45       -0.0000000067
 46       -0.0000000129
 47        0.0000001921
 48        0.0000001666
 49       -0.0000001867
 50       -0.0000000543
 51       -0.0000001287
 52       -0.0000001125
 53        0.0000000163
 54        0.0000000735
 55        0.0000000142
 56        0.0000000113
 57        0.0000000040
 58       -0.0000019646
 59       -0.0000016183
 60       -0.0000001193
 61       -0.0000000001
 62       -0.0000001262
 63       -0.0000003247
 64        0.0000007840
 65       -0.0000000451
 66       -0.0000001115
 67       -0.0000000567
 68        0.0000000252
 69        0.0000000517
 70        0.0000000052
 71        0.0000000062
 72        0.0000000636
 73        0.0000009193
 74        0.0000001450
 75        0.0000018631
 76        0.0000004202
 77        0.0000000026
 78        0.0000000086
 79        0.0000000082
 80        0.0000002111
 81       -0.0000007834
 82        0.0000002452
 83        0.0000003887
 84       -0.0000001487
 85       -0.0000003266
 86       -0.0000005907
 87       -0.0000000042
 88       -0.0000000092
 89        0.0000005258
 90        0.0000001366
 91       -0.0000000812
 92       -0.0000000057
 93       -0.0000000133
 94        0.0000000273
 95        0.0000012247
 96        0.0000016145
 97        0.0000006886
 98        0.0000005268
 99        0.0000000185
 100       0.0000001196
 101       0.0000002414
 102       0.0000000075
 103       0.0000000915
 104       0.0000005949
 105       0.0000000113
 106      -0.0000000097
 107      -0.0000011229
 108       0.0000000318
 109      -0.0000000670
 110       0.0000000037
 111      -0.0000001910
 112      -0.0000013408
 113      -0.0000012395
 114      -0.0000005940
 115      -0.0000009290
 116      -0.0000000419
 117      -0.0000001474
 118      -0.0000002768
 119      -0.0000000054
 120      -0.0000000225
 121      -0.0000000170
 122      -0.0000000033
 123      -0.0000000014
 124       0.0000000003
 125       0.0000000021
 126      -0.0000000283
 127      -0.0000000196
 128       0.0000000034
 129       0.0000000116
 130       0.0000000618
 131       0.0000000296
 132      -0.0000000005
 133      -0.0000000102
 134      -0.0000000020
 135      -0.0000000016
 136       0.0000000002
 137       0.0000002048
 138       0.0000001640
 139       0.0000000177
 140      -0.0000000001
 141       0.0000000195
 142       0.0000000502
 143      -0.0000001203
 144       0.0000000002
 145      -0.0000000087
 146      -0.0000000025
 147      -0.0000000035
 148      -0.0000000075
 149      -0.0000000001
 150      -0.0000000031
 151      -0.0000000045
 152      -0.0000001250
 153      -0.0000000187
 154      -0.0000002581
 155      -0.0000000233
 156      -0.0000000002
 157      -0.0000000007
 158      -0.0000000005

 --------------------------------------------------------------------------------
                                  command: print                                 
 --------------------------------------------------------------------------------
 res.excitation_1_excited_dipole : [
  27.288478821189358,
  5.086951925244991,
  1.8703757995869346
]

 --------------------------------------------------------------------------------
                                  command: print                                 
 --------------------------------------------------------------------------------

 res.excitation_1_excited_atomic_charges:
                      1
 1         0.3737966903
 2        -0.1138336886
 3        -0.1534290550
 4        -0.1442610185
 5        -0.1112673327
 6        -0.3412623724
 7         0.1161832149
 8        -0.0293087767
 9        -0.0291451313
 10        0.1023682034
 11       -0.0916096839
 12       -0.0592882615
 13       -0.0781174983
 14        0.0130538343
 15       -0.3051642244
 16        0.1071636482
 17       -0.1390153565
 18       -0.1630329395
 19        0.1408854653
 20       -0.0837310131
 21        0.3183743672
 22       -0.4437342465
 23       -0.1302897985
 24       -0.3605572282
 25        0.1408809192
 26       -0.0220746391
 27       -0.0360183865
 28        0.0894951304
 29       -0.0933175319
 30       -0.0545408288
 31       -0.0938371142
 32       -0.3044319719
 33        0.0541597818
 34       -0.0601072273
 35       -0.1488417155
 36        0.1233838024
 37       -0.0874489647
 38        0.3306940787
 39       -0.4158922115
 40       -0.1068723958
 41        0.5180610882
 42       -0.4697205170
 43       -0.2896790698
 44        0.1050847343
 45        0.0512934373
 46        0.0513765432
 47        0.0391009242
 48        0.0421990633
 49        0.0447774579
 50        0.0430692017
 51        0.0349491986
 52        0.0353642447
 53        0.0398796515
 54        0.0591439061
 55        0.0255636126
 56        0.0203973431
 57        0.0357329789
 58        0.0274651355
 59        0.0377102426
 60        0.0571559725
 61        0.0588100003
 62        0.0474591202
 63        0.0476500521
 64        0.0354468043
 65        0.0408561461
 66        0.0321343011
 67        0.0301802773
 68        0.0355421394
 69        0.0320035710
 70        0.0296828177
 71        0.0367438536
 72        0.0391754415
 73        0.0571447451
 74        0.0374909263
 75        0.0521528786
 76        0.0581555575
 77        0.0326907389
 78        0.0305305659
 79        0.0472164179
 80        0.3757978944
 81       -0.0437014649
 82       -0.1023453023
 83       -0.0807880852
 84       -0.0724705027
 85       -0.2296025943
 86        0.2038237490
 87       -0.0293721929
 88       -0.0273139291
 89        0.1983623890
 90       -0.0812184012
 91       -0.0509688966
 92       -0.0767029912
 93        0.0125888584
 94       -0.2756403858
 95        0.2232475854
 96        0.0423722452
 97       -0.0941680571
 98        0.2396002989
 99       -0.0803851150
 100       0.3372034918
 101      -0.4173958594
 102      -0.1287134558
 103      -0.2511293077
 104       0.2189248498
 105      -0.0200335920
 106      -0.0332880814
 107       0.1967909931
 108      -0.0834512582
 109      -0.0468265398
 110      -0.0920106796
 111      -0.2988820768
 112       0.1984245503
 113       0.0535272885
 114      -0.0881611028
 115       0.2029616504
 116      -0.0834874768
 117       0.3500660466
 118      -0.3883939872
 119      -0.1074125854
 120       0.5206439876
 121      -0.4643883884
 122      -0.2904651760
 123       0.1061035409
 124       0.0507060175
 125       0.0544812624
 126       0.0427623065
 127       0.0473506084
 128       0.0486240893
 129       0.0451251757
 130       0.0387717962
 131       0.0358266987
 132       0.0400664124
 133       0.0618843124
 134       0.0259833777
 135       0.0201288207
 136       0.0345661198
 137       0.0482285409
 138       0.0560647458
 139       0.0611773120
 140       0.0590243469
 141       0.0507070284
 142       0.0564674710
 143       0.0476735676
 144       0.0387211371
 145       0.0346423627
 146       0.0320752923
 147       0.0344524147
 148       0.0336732425
 149       0.0298320364
 150       0.0373828598
 151       0.0393573918
 152       0.0692322367
 153       0.0398469440
 154       0.0756145961
 155       0.0599625635
 156       0.0314452479
 157       0.0273345281
 158       0.0490851750

 --------------------------------------------------------------------------------
                                  command: print                                 
 --------------------------------------------------------------------------------
 res.excitation_2_energy:                0.0966082638

 --------------------------------------------------------------------------------
                                  command: print                                 
 --------------------------------------------------------------------------------
 res.excitation_2_transition_dipole : [
  -0.46889739973049405,
  4.351311703825717,
  -0.22858833394930428
]

 --------------------------------------------------------------------------------
                                  command: print                                 
 --------------------------------------------------------------------------------

 res.excitation_2_transition_charges:
                      1
 1        -0.0000080388
 2        -0.0199992365
 3         0.0177707370
 4         0.0161910244
 5        -0.0148485994
 6        -0.0008843594
 7        -0.0304916202
 8         0.0001396638
 9         0.0001615458
 10        0.0364246965
 11        0.0044997183
 12       -0.0029378792
 13       -0.0002046857
 14       -0.0005109137
 15        0.0107194851
 16        0.0506018093
 17        0.0928370033
 18        0.0305597165
 19        0.0404979240
 20        0.0011990720
 21        0.0055027100
 22        0.0107222791
 23        0.0002732608
 24       -0.0048721984
 25        0.0245564418
 26        0.0003606393
 27       -0.0010029541
 28       -0.0478329776
 29        0.0028164044
 30       -0.0035058631
 31       -0.0004875166
 32       -0.0012279860
 33       -0.0696295321
 34       -0.0580153318
 35       -0.0288835536
 36       -0.0391233088
 37       -0.0016265054
 38       -0.0073034671
 39       -0.0135375523
 40       -0.0000786801
 41       -0.0002179150
 42       -0.0003774046
 43       -0.0000541640
 44       -0.0000120991
 45        0.0000170201
 46        0.0000876596
 47       -0.0013844268
 48       -0.0010501841
 49        0.0011562573
 50        0.0004150896
 51        0.0011846720
 52        0.0008307176
 53       -0.0000628133
 54       -0.0003084995
 55       -0.0000839271
 56       -0.0000613107
 57        0.0000160804
 58        0.0116356710
 59        0.0099572123
 60        0.0007801602
 61       -0.0000047255
 62        0.0008176544
 63        0.0019920715
 64       -0.0053501326
 65        0.0002421661
 66        0.0004962967
 67        0.0002848092
 68       -0.0001381484
 69       -0.0003818132
 70       -0.0000560598
 71       -0.0001177433
 72       -0.0006890087
 73       -0.0058399311
 74       -0.0008378717
 75       -0.0115978544
 76       -0.0000905495
 77        0.0000010287
 78       -0.0000135229
 79       -0.0000058331
 80        0.0000000001
 81       -0.0000000000
 82        0.0000000001
 83        0.0000000000
 84       -0.0000000001
 85        0.0000000001
 86       -0.0000000001
 87       -0.0000000000
 88       -0.0000000000
 89        0.0000000001
 90        0.0000000000
 91       -0.0000000000
 92       -0.0000000000
 93       -0.0000000000
 94        0.0000000000
 95        0.0000000002
 96        0.0000000003
 97        0.0000000001
 98        0.0000000001
 99        0.0000000000
 100       0.0000000000
 101       0.0000000000
 102       0.0000000000
 103      -0.0000000001
 104       0.0000000001
 105       0.0000000000
 106      -0.0000000000
 107      -0.0000000002
 108       0.0000000000
 109      -0.0000000000
 110       0.0000000000
 111       0.0000000001
 112      -0.0000000002
 113      -0.0000000002
 114      -0.0000000001
 115      -0.0000000002
 116      -0.0000000000
 117      -0.0000000000
 118      -0.0000000000
 119       0.0000000000
 120       0.0000000000
 121       0.0000000000
 122       0.0000000000
 123       0.0000000000
 124       0.0000000000
 125       0.0000000000
 126      -0.0000000000
 127      -0.0000000000
 128       0.0000000000
 129       0.0000000000
 130       0.0000000000
 131       0.0000000000
 132       0.0000000000
 133      -0.0000000000
 134      -0.0000000000
 135      -0.0000000000
 136       0.0000000000
 137       0.0000000000
 138       0.0000000000
 139       0.0000000000
 140      -0.0000000000
 141       0.0000000000
 142       0.0000000000
 143      -0.0000000000
 144       0.0000000000
 145      -0.0000000000
 146      -0.0000000000
 147      -0.0000000000
 148      -0.0000000000
 149      -0.0000000000
 150      -0.0000000000
 151      -0.0000000000
 152      -0.0000000000
 153      -0.0000000000
 154      -0.0000000000
 155       0.0000000000
 156       0.0000000000
 157       0.0000000000
 158       0.0000000000

 --------------------------------------------------------------------------------
                                  command: print                                 
 --------------------------------------------------------------------------------
 res.excitation_3_energy:                0.0961345808

 --------------------------------------------------------------------------------
                                  command: print                                 
 --------------------------------------------------------------------------------
 res.excitation_3_transition_dipole : [
  -0.012404159334463986,
  2.3607095271989946,
  -3.7029142192662063
]

 --------------------------------------------------------------------------------
                                  command: print                                 
 --------------------------------------------------------------------------------

 res.excitation_3_transition_charges:
                      1
 1         0.0000000001
 2        -0.0000000001
 3        -0.0000000000
 4         0.0000000002
 5         0.0000000000
 6        -0.0000000001
 7        -0.0000000001
 8         0.0000000000
 9        -0.0000000000
 10        0.0000000002
 11        0.0000000000
 12       -0.0000000000
 13       -0.0000000000
 14       -0.0000000000
 15        0.0000000003
 16        0.0000000001
 17        0.0000000004
 18        0.0000000001
 19        0.0000000002
 20        0.0000000000
 21        0.0000000000
 22        0.0000000000
 23        0.0000000000
 24        0.0000000003
 25        0.0000000001
 26        0.0000000000
 27       -0.0000000000
 28       -0.0000000001
 29        0.0000000000
 30       -0.0000000000
 31       -0.0000000000
 32        0.0000000001
 33       -0.0000000003
 34       -0.0000000002
 35       -0.0000000001
 36       -0.0000000001
 37       -0.0000000000
 38       -0.0000000000
 39       -0.0000000001
 40        0.0000000000
 41       -0.0000000000
 42       -0.0000000000
 43       -0.0000000000
 44        0.0000000000
 45        0.0000000000
 46        0.0000000000
 47       -0.0000000000
 48       -0.0000000000
 49        0.0000000000
 50        0.0000000000
 51        0.0000000000
 52        0.0000000000
 53       -0.0000000000
 54       -0.0000000000
 55       -0.0000000000
 56       -0.0000000000
 57       -0.0000000000
 58        0.0000000000
 59        0.0000000000
 60        0.0000000000
 61       -0.0000000000
 62        0.0000000000
 63        0.0000000000
 64       -0.0000000000
 65        0.0000000000
 66        0.0000000000
 67        0.0000000000
 68       -0.0000000000
 69       -0.0000000000
 70       -0.0000000000
 71        0.0000000000
 72       -0.0000000000
 73       -0.0000000000
 74       -0.0000000000
 75       -0.0000000000
 76        0.0000000000
 77        0.0000000000
 78       -0.0000000000
 79       -0.0000000000
 80        0.0002232714
 81       -0.0303988980
 82        0.0108036268
 83        0.0223696339
 84       -0.0091259071
 85       -0.0119787054
 86       -0.0311196765
 87        0.0001543096
 88        0.0000177979
 89        0.0364997327
 90        0.0042836580
 91       -0.0030811139
 92       -0.0002121256
 93       -0.0005573026
 94        0.0136277210
 95        0.0523990130
 96        0.0878592628
 97        0.0331521909
 98        0.0395525850
 99        0.0011186482
 100       0.0058432459
 101       0.0113832037
 102       0.0003340993
 103       0.0074576004
 104       0.0256464030
 105       0.0004933193
 106      -0.0008781132
 107      -0.0445607398
 108       0.0027481870
 109      -0.0034054443
 110      -0.0004588631
 111      -0.0034463592
 112      -0.0696073871
 113      -0.0570730341
 114      -0.0298440174
 115      -0.0358544545
 116      -0.0016467677
 117      -0.0074981724
 118      -0.0141900890
 119      -0.0001439571
 120      -0.0007344003
 121      -0.0006301998
 122      -0.0001218166
 123      -0.0000428316
 124       0.0000208877
 125       0.0000809317
 126      -0.0013995822
 127      -0.0010651011
 128       0.0010874922
 129       0.0003699711
 130       0.0011340682
 131       0.0008247435
 132      -0.0000685762
 133      -0.0003399491
 134      -0.0000878252
 135      -0.0000639154
 136       0.0000066225
 137       0.0112089477
 138       0.0094186206
 139       0.0008369825
 140      -0.0000023326
 141       0.0009190644
 142       0.0019382939
 143      -0.0052136096
 144       0.0002518515
 145       0.0005267466
 146       0.0003015090
 147      -0.0001360275
 148      -0.0003503160
 149      -0.0000502127
 150      -0.0001175290
 151      -0.0006250005
 152      -0.0054506697
 153      -0.0008632887
 154      -0.0116798683
 155      -0.0007201362
 156      -0.0000039404
 157      -0.0000267694
 158      -0.0000192181

 --------------------------------------------------------------------------------
                                  command: print                                 
 --------------------------------------------------------------------------------
 res.excitation_4_energy:                0.0622468323

 --------------------------------------------------------------------------------
                                  command: print                                 
 --------------------------------------------------------------------------------
 res.excitation_4_transition_dipole : [
  3.0329853372996448e-05,
  0.0004124944701245813,
  -0.0005288184097989272
]

 --------------------------------------------------------------------------------
                                  command: print                                 
 --------------------------------------------------------------------------------

 res.excitation_4_transition_charges:
                      1
 1         0.0000002381
 2         0.0000002257
 3        -0.0000002509
 4        -0.0000004419
 5         0.0000004196
 6         0.0000000064
 7         0.0000007604
 8        -0.0000000091
 9        -0.0000000066
 10       -0.0000011552
 11       -0.0000000674
 12        0.0000000492
 13        0.0000000021
 14        0.0000000115
 15       -0.0000005718
 16       -0.0000007599
 17       -0.0000021939
 18       -0.0000006087
 19       -0.0000013406
 20       -0.0000000317
 21       -0.0000001137
 22       -0.0000002059
 23       -0.0000000045
 24        0.0000001464
 25       -0.0000003387
 26       -0.0000000127
 27        0.0000000315
 28        0.0000006229
 29       -0.0000000724
 30        0.0000000723
 31        0.0000000438
 32       -0.0000000571
 33        0.0000016568
 34        0.0000010866
 35        0.0000006421
 36        0.0000004450
 37        0.0000000214
 38        0.0000001652
 39        0.0000003108
 40       -0.0000000002
 41        0.0000000009
 42        0.0000000036
 43        0.0000000006
 44       -0.0000000000
 45       -0.0000000000
 46       -0.0000000006
 47        0.0000000305
 48        0.0000000320
 49       -0.0000000491
 50       -0.0000000092
 51       -0.0000000078
 52       -0.0000000106
 53        0.0000000033
 54        0.0000000004
 55        0.0000000027
 56        0.0000000011
 57       -0.0000000002
 58       -0.0000002750
 59       -0.0000002534
 60       -0.0000000151
 61       -0.0000000002
 62       -0.0000000149
 63       -0.0000000303
 64        0.0000000901
 65       -0.0000000074
 66       -0.0000000177
 67       -0.0000000077
 68        0.0000000006
 69        0.0000000067
 70        0.0000000047
 71        0.0000000026
 72        0.0000000404
 73        0.0000000977
 74        0.0000000162
 75        0.0000002096
 76       -0.0000000003
 77        0.0000000000
 78        0.0000000001
 79        0.0000000001
 80        0.0000001281
 81       -0.0000003699
 82        0.0000048841
 83        0.0000006332
 84       -0.0000042061
 85        0.0000050114
 86       -0.0000049132
 87        0.0000000260
 88        0.0000000513
 89        0.0000062159
 90        0.0000008775
 91       -0.0000004577
 92       -0.0000000304
 93       -0.0000000856
 94        0.0000004036
 95        0.0000089175
 96        0.0000148489
 97        0.0000055894
 98        0.0000067489
 99        0.0000001876
 100       0.0000009737
 101       0.0000019816
 102       0.0000000474
 103      -0.0000059539
 104       0.0000042740
 105       0.0000000321
 106      -0.0000001814
 107      -0.0000079073
 108       0.0000004356
 109      -0.0000006232
 110      -0.0000000950
 111       0.0000008122
 112      -0.0000121385
 113      -0.0000099314
 114      -0.0000051413
 115      -0.0000062347
 116      -0.0000002821
 117      -0.0000012464
 118      -0.0000023682
 119       0.0000000133
 120       0.0000001171
 121       0.0000000115
 122       0.0000000076
 123       0.0000000068
 124       0.0000000010
 125       0.0000000149
 126      -0.0000002632
 127      -0.0000001740
 128       0.0000001785
 129       0.0000000894
 130       0.0000003109
 131       0.0000001665
 132      -0.0000000071
 133      -0.0000000444
 134      -0.0000000138
 135      -0.0000000099
 136       0.0000000054
 137       0.0000018467
 138       0.0000016030
 139       0.0000001427
 140      -0.0000000015
 141       0.0000001531
 142       0.0000003350
 143      -0.0000009486
 144       0.0000000354
 145       0.0000000506
 146       0.0000000460
 147      -0.0000000227
 148      -0.0000000680
 149      -0.0000000097
 150      -0.0000000220
 151      -0.0000001196
 152      -0.0000009568
 153      -0.0000001392
 154      -0.0000020116
 155       0.0000001976
 156       0.0000000018
 157       0.0000000009
 158       0.0000000028

 --------------------------------------------------------------------------------

 End time:                               Mon Jul  5 14:54:39 2021
 Total wall-clock time:                  1.453 seconds
==================================================================================
