
================================================================================
          _____________ ________ _______________ ________     _________         
         / ___________// ______ \\_____   _____// ______ \   / ________)        
        / /_________  / /      \ \     | |     / /      \ \ | (_______          
       |  __________|| |        | |    | |    | |        | | \________ \        
        \ \_________ | |        | |    | |     \ \______/ /___________) |       
         \__________||_|        |_|    |_|      \________//____________/        
                                                                                
====================================[ Qcore ]===================================

 Git hash:   7200a4ff984a1591d3ca912b7a1362c2a46a44da
 Git date:   Mon, 7 Jun 2021 16:06:02 +0100
 Compiler:   GNU 9.1.0
 Build type: Release
 Version:    1.4.1

 Start time: Mon Jun 14 09:47:19 2021

 Data directory: /home/of15641/.local/src/Qcore/release/share/entos/1.4.1/data
 Number of threads: 18
 Number of threads was determined by: command line argument
  - More threads can be used by running 'qcore -n 24'

 --------------------------------------------------------------------------------
                                  command: bchla                                 
 --------------------------------------------------------------------------------
 XTB basis setup:                        reference basis
 Number of basis functions:            488
 GFN version:                            gfn1
 Integral screening threshold:           1.00e-10
 Total charge:                           0.000000000
 Number of electrons:                  436.000000000
 Electronic temperature (Kelvin):        0.000000000

 D3BJ energy:                           -0.129490591
 Repulsive energy:                       3.043118855

 ****************************************************
  Running robust self-consistent charge (SCC) solver 
 ****************************************************
 Number of SCC trials:                   4
 Using the stop-early mechanism for the first 3 trials

 Conv. threshold (charge):               1.00e-05
 Conv. threshold (energy):               1.00e-06
 Initial guess:                          SAD

 -------------
  SCC Trial 1 
 -------------
 Broyden mixing factor:                  0.400000000
 Max number of iterations:             128

 ---------------------------------------------------------------
                  energy        change          grad        time
 ---------------------------------------------------------------
   0      -260.745199969                    6.83e-01        0.04
   1      -261.803959429     -1.06e+00      3.95e-01        0.04
   2      -261.781103091      2.29e-02      7.77e-02        0.04
   3      -261.798597506     -1.75e-02      1.69e-02        0.04
   4      -261.828945779     -3.03e-02      4.26e-03        0.04
   5      -261.831219800     -2.27e-03      1.25e-03        0.04
   6      -261.831372566     -1.53e-04      5.23e-04        0.04
   7      -261.831402289     -2.97e-05      1.43e-04        0.04
   8      -261.831403924     -1.64e-06      6.40e-05        0.04
   9      -261.831404348     -4.24e-07      2.48e-05        0.04
  10      -261.831404379     -3.13e-08      9.63e-06        0.04
  11      -261.831404382     -2.72e-09      3.24e-06        0.04

 SCF converged in 10 iterations.

 Entropy contribution (-ST):             0.000000000
 Dipole moment (in Debye):              -5.393996       0.619295      -2.000862

 -----------------
  Excitation -1 2 
 -----------------
 Setting up Delta-SCF
 Ground-Excited state overlap:           0.000000000
 No correction applied to the TDM.
 Excitation energy:                      0.065550189
 Excitation energy (in eV):              1.783711522
 Transition dipole:                      0.00778      -0.00135      -0.04196

 -----------------
  Excitation -1 1 
 -----------------
 Setting up Delta-SCF
 Ground-Excited state overlap:           0.000000000
 No correction applied to the TDM.
 Excitation energy:                      0.095925675
 Excitation energy (in eV):              2.610270591
 Transition dipole:                      0.47061      -4.35017       0.22015

 ----------------
  Excitation 0 1 
 ----------------
 Setting up Delta-SCF
 Ground-Excited state overlap:           0.000000000
 No correction applied to the TDM.
 Excitation energy:                      0.055033691
 Excitation energy (in eV):              1.497543030
 Transition dipole:                      0.00227       0.03051      -0.02136

 ----------------
  Excitation 0 2 
 ----------------
 Setting up Delta-SCF
 Ground-Excited state overlap:           0.000000000
 No correction applied to the TDM.
 Excitation energy:                      0.095708919
 Excitation energy (in eV):              2.604372371
 Transition dipole:                      0.42102      -3.21247      -2.95826

 --------------------------------------------------------------------------------

 End time:                               Mon Jun 14 09:47:21 2021
 Total wall-clock time:                  1.250 seconds
==================================================================================
