
================================================================================
          _____________ ________ _______________ ________     _________         
         / ___________// ______ \\_____   _____// ______ \   / ________)        
        / /_________  / /      \ \     | |     / /      \ \ | (_______          
       |  __________|| |        | |    | |    | |        | | \________ \        
        \ \_________ | |        | |    | |     \ \______/ /___________) |       
         \__________||_|        |_|    |_|      \________//____________/        
                                                                                
====================================[ Qcore ]===================================

 Git hash:   ad9d0b24ea610736acb9cf13a2604964cd4d942e
 Git date:   Wed, 30 Jun 2021 12:42:56 +0100
 Compiler:   GNU 9.1.0
 Build type: Release
 Version:    1.4.1

 Start time: Wed Jun 30 13:19:28 2021

 Data directory: /home/of15641/.local/src/Qcore/release/share/entos/1.4.1/data
 Number of threads: 2
 Number of threads was determined by: command line argument
  - More threads can be used by running 'qcore -n 24'

 --------------------------------------------------------------------------------
                                   command: xtb                                  
 --------------------------------------------------------------------------------
 XTB basis setup:                        reference basis
 Number of basis functions:            244
 GFN version:                            chlorophyll
 Integral screening threshold:           1.00e-10
 Total charge:                           0.000000000
 Number of electrons:                  218.000000000
 Electronic temperature (Kelvin):        0.000000000

 D3BJ energy:                           -0.062532568
 Repulsive energy:                       1.521561055

 ****************************************************
  Running robust self-consistent charge (SCC) solver 
 ****************************************************
 Number of SCC trials:                   4
 Using the stop-early mechanism for the first 3 trials

 Conv. threshold (charge):               1.00e-05
 Conv. threshold (energy):               1.00e-06
 Initial guess:                          eeq

 -------------
  SCC Trial 1 
 -------------
 Broyden mixing factor:                  0.400000000
 Max number of iterations:             128

 ---------------------------------------------------------------
                  energy        change          grad        time
 ---------------------------------------------------------------
   0      -130.296902887                    6.61e-01        0.02
   1      -130.889101894     -5.92e-01      3.88e-01        0.01
   2      -130.898032833     -8.93e-03      1.03e-01        0.01
   3      -130.909492276     -1.15e-02      1.05e-02        0.01
   4      -130.910044715     -5.52e-04      5.71e-03        0.01
   5      -130.912309302     -2.26e-03      1.38e-03        0.01
   6      -130.912422905     -1.14e-04      4.09e-04        0.01
   7      -130.912430606     -7.70e-06      1.58e-04        0.01
   8      -130.912431396     -7.90e-07      4.48e-05        0.01
   9      -130.912431411     -1.42e-08      1.59e-05        0.01
  10      -130.912431412     -1.31e-09      4.94e-06        0.01
  11      -130.912431412     -1.80e-10      1.72e-06        0.01

 SCF converged in 10 iterations.

 Entropy contribution (-ST):             0.000000000
 Dipole moment (in Debye):              -2.710991      -1.264690       2.782098

 ----------------
  Excitation 0 1 
 ----------------
 Setting up Delta-SCF
 Ground-Excited state overlap:          -0.000000000
 No correction applied to the TDM.
 Excitation energy:                      0.095287730
 Excitation energy (in eV):              2.592911220
 Transition dipole:                      0.41124       0.16282      -4.35971
 ------------------------------------------------------
           transition charges and positions           
           --------------------------------           
        atom     charge/e     x/bohr        y/bohr        z/bohr
 ------------------------------------------------------
     1  Mg       0.000007     14.896976      1.341139      1.131625
     2  C        0.020024     15.306271     -3.634699     -3.432007
     3  C       -0.017695     13.306412     -3.152857      5.473535
     4  C       -0.016150     13.689308      5.776647      4.976197
     5  C        0.014884     14.404362      5.548104     -3.911355
     6  N        0.000964     14.430837     -2.805261      0.830591
     7  C        0.030432     14.753092     -4.495942     -0.999287
     8  C       -0.000141     14.588478     -7.280775     -0.058052
     9  C       -0.000161     12.928769     -6.848367      2.419057
    10  C       -0.036513     13.646601     -4.127918      2.983405
    11  C       -0.004507     10.089512     -6.978872      1.939879
    12  C        0.002933     17.245811     -8.402762      0.601481
    13  C        0.000205     17.323535    -11.275845      0.940233
    14  H        0.000511     19.556965    -12.646633      0.107242
    15  N       -0.010731     14.580144      1.301908      4.851229
    16  C       -0.050690     13.946859     -0.702714      6.312158
    17  C       -0.092756     13.966645      0.227674      8.947060
    18  C       -0.030519     14.311803      3.019801      8.870469
    19  C       -0.040594     14.155938      3.490041      6.193558
    20  C       -0.001205     13.769149     -1.475819     11.199103
    21  C       -0.005472     14.697931      4.959208     10.890888
    22  O       -0.010688     14.517027      7.327829     10.450337
    23  C       -0.000274     15.134061      3.996827     13.468418
    24  N        0.004957     13.735701      5.078639      0.637745
    25  C       -0.024638     13.456248      6.629310      2.614077
    26  C       -0.000361     13.141401      9.319506      1.778402
    27  C        0.001001     13.725327      9.348456     -1.181929
    28  C        0.047778     14.147019      6.480173     -1.581361
    29  C       -0.002824     10.534014     10.496106      2.258620
    30  C        0.003502     15.791118     11.203619     -2.110824
    31  C        0.000487     18.344781     10.385387     -1.122573
    32  N        0.001225     15.189997      1.113049     -2.953170
    33  C        0.069578     14.875811      3.093255     -4.686143
    34  C        0.058064     15.047360      1.981907     -7.235497
    35  C        0.028899     15.420581     -0.589160     -6.805679
    36  C        0.039096     15.428952     -1.061724     -4.156188
    37  C        0.001622     14.751486      3.308967     -9.555154
    38  C        0.007322     15.767743     -3.053911     -7.968937
    39  O        0.013552     16.094911     -3.806343    -10.147432
    40  C        0.000078     15.477481     -5.156893     -5.836117
    41  C        0.000218     17.653500     -6.965587     -6.111525
    42  O        0.000377     19.865103     -6.271094     -5.677966
    43  O        0.000054     16.757487     -9.320129     -6.399954
    44  C        0.000012     18.820425    -11.215373     -6.627988
    45  H       -0.000017     12.363495     -4.326604      6.884121
    46  H       -0.000088     13.470743      7.394838      6.237910
    47  H        0.001383     14.427964      6.768130     -5.574409
    48  H        0.001048     13.615288     -8.565070     -1.341592
    49  H       -0.001158     13.515926     -8.078844      3.962623
    50  H       -0.000416      9.670692     -7.105427     -0.072773
    51  H       -0.001187      9.318258     -5.238283      2.727120
    52  H       -0.000832      9.235356     -8.514274      3.016041
    53  H        0.000063     17.780509     -7.811221      2.500637
    54  H        0.000309     18.642810     -7.844801     -0.807159
    55  H        0.000083     15.615412    -12.166888      0.209476
    56  H        0.000061     17.293243    -11.688863      2.958064
    57  H       -0.000016     13.219409     -3.384405     10.658433
    58  H       -0.011635     12.194327     -0.790548     12.335641
    59  H       -0.009957     15.492882     -1.473098     12.327080
    60  H       -0.000777     13.526282      2.845077     14.045427
    61  H        0.000005     15.538160      5.647447     14.630505
    62  H       -0.000815     16.767408      2.740878     13.444230
    63  H       -0.001999     14.477324     10.553818      2.742030
    64  H        0.005342     12.063898      9.849404     -2.292597
    65  H       -0.000243     10.598057     12.214982      3.392776
    66  H       -0.000498      9.344979      9.068682      3.146621
    67  H       -0.000286      9.455018     10.928192      0.558792
    68  H        0.000138     15.436228     13.095424     -1.380218
    69  H        0.000382     15.902574     11.335239     -4.163520
    70  H        0.000056     18.388301     11.198328      0.768325
    71  H        0.000118     19.851573     11.162008     -2.294392
    72  H        0.000688     18.450606      8.338435     -0.915364
    73  H        0.005841     16.237321      2.622543    -10.805511
    74  H        0.000838     14.889549      5.344599     -9.275532
    75  H        0.011598     12.855523      2.713590    -10.096240
    76  H        0.000091     13.662606     -6.075999     -6.153572
    77  H       -0.000001     18.513137    -12.237375     -8.389912
    78  H        0.000014     18.812847    -12.302552     -4.878177
    79  H        0.000006     20.715197    -10.466494     -6.938167
 ------------------------------------------------------


 -----------------
  Excitation -1 1 
 -----------------
 Setting up Delta-SCF
 Ground-Excited state overlap:           0.000000000
 No correction applied to the TDM.
 Excitation energy:                      0.102301999
 Excitation energy (in eV):              2.783779221
 Transition dipole:                     -0.16893       2.59514       0.15881
 ------------------------------------------------------
           transition charges and positions           
           --------------------------------           
        atom     charge/e     x/bohr        y/bohr        z/bohr
 ------------------------------------------------------
     1  Mg       0.001802     14.896976      1.341139      1.131625
     2  C       -0.085887     15.306271     -3.634699     -3.432007
     3  C       -0.067020     13.306412     -3.152857      5.473535
     4  C        0.067535     13.689308      5.776647      4.976197
     5  C        0.053813     14.404362      5.548104     -3.911355
     6  N       -0.113095     14.430837     -2.805261      0.830591
     7  C       -0.010078     14.753092     -4.495942     -0.999287
     8  C        0.000210     14.588478     -7.280775     -0.058052
     9  C       -0.001257     12.928769     -6.848367      2.419057
    10  C       -0.005270     13.646601     -4.127918      2.983405
    11  C       -0.000628     10.089512     -6.978872      1.939879
    12  C       -0.000799     17.245811     -8.402762      0.601481
    13  C       -0.000022     17.323535    -11.275845      0.940233
    14  H       -0.000077     19.556965    -12.646633      0.107242
    15  N        0.029363     14.580144      1.301908      4.851229
    16  C        0.007759     13.946859     -0.702714      6.312158
    17  C       -0.010914     13.966645      0.227674      8.947060
    18  C        0.008362     14.311803      3.019801      8.870469
    19  C       -0.007445     14.155938      3.490041      6.193558
    20  C       -0.000112     13.769149     -1.475819     11.199103
    21  C        0.001143     14.697931      4.959208     10.890888
    22  O        0.001898     14.517027      7.327829     10.450337
    23  C        0.000358     15.134061      3.996827     13.468418
    24  N        0.118665     13.735701      5.078639      0.637745
    25  C        0.004889     13.456248      6.629310      2.614077
    26  C        0.001514     13.141401      9.319506      1.778402
    27  C        0.000827     13.725327      9.348456     -1.181929
    28  C        0.012640     14.147019      6.480173     -1.581361
    29  C        0.000574     10.534014     10.496106      2.258620
    30  C        0.000765     15.791118     11.203619     -2.110824
    31  C       -0.000067     18.344781     10.385387     -1.122573
    32  N       -0.015938     15.189997      1.113049     -2.953170
    33  C       -0.000306     14.875811      3.093255     -4.686143
    34  C        0.014847     15.047360      1.981907     -7.235497
    35  C       -0.005249     15.420581     -0.589160     -6.805679
    36  C        0.010895     15.428952     -1.061724     -4.156188
    37  C        0.000546     14.751486      3.308967     -9.555154
    38  C       -0.001517     15.767743     -3.053911     -7.968937
    39  O       -0.003850     16.094911     -3.806343    -10.147432
    40  C       -0.000559     15.477481     -5.156893     -5.836117
    41  C       -0.004150     17.653500     -6.965587     -6.111525
    42  O       -0.002229     19.865103     -6.271094     -5.677966
    43  O       -0.000509     16.757487     -9.320129     -6.399954
    44  C       -0.000241     18.820425    -11.215373     -6.627988
    45  H        0.000061     12.363495     -4.326604      6.884121
    46  H       -0.000025     13.470743      7.394838      6.237910
    47  H        0.000438     14.427964      6.768130     -5.574409
    48  H       -0.000245     13.615288     -8.565070     -1.341592
    49  H       -0.000227     13.515926     -8.078844      3.962623
    50  H       -0.000340      9.670692     -7.105427     -0.072773
    51  H       -0.000558      9.318258     -5.238283      2.727120
    52  H       -0.000207      9.235356     -8.514274      3.016041
    53  H       -0.000066     17.780509     -7.811221      2.500637
    54  H       -0.000171     18.642810     -7.844801     -0.807159
    55  H       -0.000019     15.615412    -12.166888      0.209476
    56  H       -0.000018     17.293243    -11.688863      2.958064
    57  H       -0.000092     13.219409     -3.384405     10.658433
    58  H       -0.000122     12.194327     -0.790548     12.335641
    59  H       -0.002021     15.492882     -1.473098     12.327080
    60  H        0.000217     13.526282      2.845077     14.045427
    61  H        0.000020     15.538160      5.647447     14.630505
    62  H        0.000268     16.767408      2.740878     13.444230
    63  H        0.000054     14.477324     10.553818      2.742030
    64  H        0.001549     12.063898      9.849404     -2.292597
    65  H        0.000096     10.598057     12.214982      3.392776
    66  H        0.000368      9.344979      9.068682      3.146621
    67  H        0.000281      9.455018     10.928192      0.558792
    68  H        0.000002     15.436228     13.095424     -1.380218
    69  H        0.000211     15.902574     11.335239     -4.163520
    70  H        0.000023     18.388301     11.198328      0.768325
    71  H        0.000046     19.851573     11.162008     -2.294392
    72  H        0.000147     18.450606      8.338435     -0.915364
    73  H        0.002205     16.237321      2.622543    -10.805511
    74  H       -0.000121     14.889549      5.344599     -9.275532
    75  H        0.002726     12.855523      2.713590    -10.096240
    76  H       -0.005423     13.662606     -6.075999     -6.153572
    77  H       -0.000039     18.513137    -12.237375     -8.389912
    78  H       -0.000093     18.812847    -12.302552     -4.878177
    79  H       -0.000112     20.715197    -10.466494     -6.938167
 ------------------------------------------------------


 ----------------
  Excitation 0 2 
 ----------------
 Setting up Delta-SCF
 Ground-Excited state overlap:           0.000000000
 No correction applied to the TDM.
 Excitation energy:                      0.149821732
 Excitation energy (in eV):              4.076857024
 Transition dipole:                     -0.20094       1.97831       0.17570
 ------------------------------------------------------
           transition charges and positions           
           --------------------------------           
        atom     charge/e     x/bohr        y/bohr        z/bohr
 ------------------------------------------------------
     1  Mg       0.000997     14.896976      1.341139      1.131625
     2  C        0.010745     15.306271     -3.634699     -3.432007
     3  C        0.013921     13.306412     -3.152857      5.473535
     4  C       -0.009784     13.689308      5.776647      4.976197
     5  C       -0.016177     14.404362      5.548104     -3.911355
     6  N       -0.000200     14.430837     -2.805261      0.830591
     7  C       -0.061190     14.753092     -4.495942     -0.999287
     8  C       -0.000436     14.588478     -7.280775     -0.058052
     9  C       -0.000150     12.928769     -6.848367      2.419057
    10  C       -0.057620     13.646601     -4.127918      2.983405
    11  C       -0.004535     10.089512     -6.978872      1.939879
    12  C       -0.007066     17.245811     -8.402762      0.601481
    13  C       -0.000461     17.323535    -11.275845      0.940233
    14  H       -0.005135     19.556965    -12.646633      0.107242
    15  N       -0.026889     14.580144      1.301908      4.851229
    16  C       -0.024414     13.946859     -0.702714      6.312158
    17  C        0.000287     13.966645      0.227674      8.947060
    18  C       -0.016893     14.311803      3.019801      8.870469
    19  C        0.086178     14.155938      3.490041      6.193558
    20  C       -0.000309     13.769149     -1.475819     11.199103
    21  C       -0.009222     14.697931      4.959208     10.890888
    22  O       -0.013761     14.517027      7.327829     10.450337
    23  C        0.000127     15.134061      3.996827     13.468418
    24  N       -0.002223     13.735701      5.078639      0.637745
    25  C        0.086879     13.456248      6.629310      2.614077
    26  C       -0.001068     13.141401      9.319506      1.778402
    27  C       -0.000405     13.725327      9.348456     -1.181929
    28  C        0.066776     14.147019      6.480173     -1.581361
    29  C        0.009572     10.534014     10.496106      2.258620
    30  C        0.004707     15.791118     11.203619     -2.110824
    31  C        0.000693     18.344781     10.385387     -1.122573
    32  N        0.004489     15.189997      1.113049     -2.953170
    33  C        0.034328     14.875811      3.093255     -4.686143
    34  C       -0.032054     15.047360      1.981907     -7.235497
    35  C        0.002811     15.420581     -0.589160     -6.805679
    36  C       -0.034681     15.428952     -1.061724     -4.156188
    37  C       -0.000077     14.751486      3.308967     -9.555154
    38  C       -0.001198     15.767743     -3.053911     -7.968937
    39  O       -0.001558     16.094911     -3.806343    -10.147432
    40  C       -0.000105     15.477481     -5.156893     -5.836117
    41  C        0.000309     17.653500     -6.965587     -6.111525
    42  O        0.000261     19.865103     -6.271094     -5.677966
    43  O        0.000077     16.757487     -9.320129     -6.399954
    44  C        0.000002     18.820425    -11.215373     -6.627988
    45  H        0.000229     12.363495     -4.326604      6.884121
    46  H       -0.000529     13.470743      7.394838      6.237910
    47  H        0.001196     14.427964      6.768130     -5.574409
    48  H       -0.001165     13.615288     -8.565070     -1.341592
    49  H       -0.001303     13.515926     -8.078844      3.962623
    50  H       -0.000299      9.670692     -7.105427     -0.072773
    51  H       -0.001036      9.318258     -5.238283      2.727120
    52  H       -0.000782      9.235356     -8.514274      3.016041
    53  H       -0.000218     17.780509     -7.811221      2.500637
    54  H       -0.000250     18.642810     -7.844801     -0.807159
    55  H        0.000640     15.615412    -12.166888      0.209476
    56  H       -0.000337     17.293243    -11.688863      2.958064
    57  H        0.000096     13.219409     -3.384405     10.658433
    58  H       -0.000533     12.194327     -0.790548     12.335641
    59  H        0.000502     15.492882     -1.473098     12.327080
    60  H       -0.001260     13.526282      2.845077     14.045427
    61  H        0.000046     15.538160      5.647447     14.630505
    62  H       -0.001379     16.767408      2.740878     13.444230
    63  H        0.006524     14.477324     10.553818      2.742030
    64  H        0.005045     12.063898      9.849404     -2.292597
    65  H        0.001574     10.598057     12.214982      3.392776
    66  H        0.002448      9.344979      9.068682      3.146621
    67  H        0.002108      9.455018     10.928192      0.558792
    68  H        0.000524     15.436228     13.095424     -1.380218
    69  H        0.000557     15.902574     11.335239     -4.163520
    70  H        0.000205     18.388301     11.198328      0.768325
    71  H        0.000047     19.851573     11.162008     -2.294392
    72  H        0.000661     18.450606      8.338435     -0.915364
    73  H       -0.002409     16.237321      2.622543    -10.805511
    74  H       -0.000427     14.889549      5.344599     -9.275532
    75  H       -0.006114     12.855523      2.713590    -10.096240
    76  H        0.000095     13.662606     -6.075999     -6.153572
    77  H       -0.000003     18.513137    -12.237375     -8.389912
    78  H        0.000004     18.812847    -12.302552     -4.878177
    79  H       -0.000004     20.715197    -10.466494     -6.938167
 ------------------------------------------------------


 -----------------
  Excitation -1 2 
 -----------------
 Setting up Delta-SCF
 Ground-Excited state overlap:           0.000000000
 No correction applied to the TDM.
 Excitation energy:                      0.164102982
 Excitation energy (in eV):              4.465469625
 Transition dipole:                     -0.11819      -0.17243       1.81949
 ------------------------------------------------------
           transition charges and positions           
           --------------------------------           
        atom     charge/e     x/bohr        y/bohr        z/bohr
 ------------------------------------------------------
     1  Mg       0.006411     14.896976      1.341139      1.131625
     2  C       -0.047021     15.306271     -3.634699     -3.432007
     3  C        0.051735     13.306412     -3.152857      5.473535
     4  C        0.036078     13.689308      5.776647      4.976197
     5  C       -0.059742     14.404362      5.548104     -3.911355
     6  N        0.013808     14.430837     -2.805261      0.830591
     7  C        0.020262     14.753092     -4.495942     -0.999287
     8  C       -0.001081     14.588478     -7.280775     -0.058052
     9  C        0.000218     12.928769     -6.848367      2.419057
    10  C       -0.008040     13.646601     -4.127918      2.983405
    11  C       -0.000665     10.089512     -6.978872      1.939879
    12  C        0.001953     17.245811     -8.402762      0.601481
    13  C       -0.000159     17.323535    -11.275845      0.940233
    14  H        0.000743     19.556965    -12.646633      0.107242
    15  N        0.093647     14.580144      1.301908      4.851229
    16  C        0.002808     13.946859     -0.702714      6.312158
    17  C        0.000271     13.966645      0.227674      8.947060
    18  C        0.004841     14.311803      3.019801      8.870469
    19  C        0.015471     14.155938      3.490041      6.193558
    20  C        0.000374     13.769149     -1.475819     11.199103
    21  C        0.002706     14.697931      4.959208     10.890888
    22  O        0.002693     14.517027      7.327829     10.450337
    23  C        0.000965     15.134061      3.996827     13.468418
    24  N       -0.044745     13.735701      5.078639      0.637745
    25  C       -0.016421     13.456248      6.629310      2.614077
    26  C        0.000891     13.141401      9.319506      1.778402
    27  C       -0.000003     13.725327      9.348456     -1.181929
    28  C        0.018448     14.147019      6.480173     -1.581361
    29  C       -0.001205     10.534014     10.496106      2.258620
    30  C        0.001073     15.791118     11.203619     -2.110824
    31  C       -0.000188     18.344781     10.385387     -1.122573
    32  N       -0.065513     15.189997      1.113049     -2.953170
    33  C        0.000910     14.875811      3.093255     -4.686143
    34  C       -0.008082     15.047360      1.981907     -7.235497
    35  C       -0.000356     15.420581     -0.589160     -6.805679
    36  C       -0.009224     15.428952     -1.061724     -4.156188
    37  C       -0.000034     14.751486      3.308967     -9.555154
    38  C        0.000160     15.767743     -3.053911     -7.968937
    39  O        0.000334     16.094911     -3.806343    -10.147432
    40  C        0.001205     15.477481     -5.156893     -5.836117
    41  C       -0.005750     17.653500     -6.965587     -6.111525
    42  O       -0.001644     19.865103     -6.271094     -5.677966
    43  O       -0.000791     16.757487     -9.320129     -6.399954
    44  C       -0.000343     18.820425    -11.215373     -6.627988
    45  H        0.000281     12.363495     -4.326604      6.884121
    46  H       -0.000126     13.470743      7.394838      6.237910
    47  H        0.000358     14.427964      6.768130     -5.574409
    48  H        0.000246     13.615288     -8.565070     -1.341592
    49  H       -0.000234     13.515926     -8.078844      3.962623
    50  H       -0.000335      9.670692     -7.105427     -0.072773
    51  H       -0.000384      9.318258     -5.238283      2.727120
    52  H       -0.000185      9.235356     -8.514274      3.016041
    53  H        0.000122     17.780509     -7.811221      2.500637
    54  H        0.000175     18.642810     -7.844801     -0.807159
    55  H       -0.000183     15.615412    -12.166888      0.209476
    56  H        0.000103     17.293243    -11.688863      2.958064
    57  H        0.000201     13.219409     -3.384405     10.658433
    58  H        0.000006     12.194327     -0.790548     12.335641
    59  H        0.000133     15.492882     -1.473098     12.327080
    60  H        0.000407     13.526282      2.845077     14.045427
    61  H        0.000204     15.538160      5.647447     14.630505
    62  H        0.000466     16.767408      2.740878     13.444230
    63  H        0.000333     14.477324     10.553818      2.742030
    64  H        0.001384     12.063898      9.849404     -2.292597
    65  H       -0.000445     10.598057     12.214982      3.392776
    66  H       -0.000596      9.344979      9.068682      3.146621
    67  H       -0.000485      9.455018     10.928192      0.558792
    68  H        0.000096     15.436228     13.095424     -1.380218
    69  H        0.000307     15.902574     11.335239     -4.163520
    70  H        0.000044     18.388301     11.198328      0.768325
    71  H        0.000020     19.851573     11.162008     -2.294392
    72  H        0.000172     18.450606      8.338435     -0.915364
    73  H       -0.000921     16.237321      2.622543    -10.805511
    74  H        0.000088     14.889549      5.344599     -9.275532
    75  H       -0.001452     12.855523      2.713590    -10.096240
    76  H       -0.006594     13.662606     -6.075999     -6.153572
    77  H       -0.000186     18.513137    -12.237375     -8.389912
    78  H       -0.000167     18.812847    -12.302552     -4.878177
    79  H        0.000150     20.715197    -10.466494     -6.938167
 ------------------------------------------------------

 TOTAL ENERGY:                        -130.912431412

 --------------------------------------------------------------------------------

 End time:                               Wed Jun 30 13:19:29 2021
 Total wall-clock time:                  0.439 seconds
==================================================================================
