
================================================================================
          _____________ ________ _______________ ________     _________         
         / ___________// ______ \\_____   _____// ______ \   / ________)        
        / /_________  / /      \ \     | |     / /      \ \ | (_______          
       |  __________|| |        | |    | |    | |        | | \________ \        
        \ \_________ | |        | |    | |     \ \______/ /___________) |       
         \__________||_|        |_|    |_|      \________//____________/        
                                                                                
====================================[ Qcore ]===================================

 Git hash:   ad9d0b24ea610736acb9cf13a2604964cd4d942e
 Git date:   Wed, 30 Jun 2021 12:42:56 +0100
 Compiler:   GNU 9.1.0
 Build type: Release
 Version:    1.4.1

 Start time: Wed Jun 30 13:19:45 2021

 Data directory: /home/of15641/.local/src/Qcore/release/share/entos/1.4.1/data
 Number of threads: 2
 Number of threads was determined by: command line argument
  - More threads can be used by running 'qcore -n 24'

 --------------------------------------------------------------------------------
                                   command: xtb                                  
 --------------------------------------------------------------------------------
 XTB basis setup:                        reference basis
 Number of basis functions:            244
 GFN version:                            chlorophyll
 Integral screening threshold:           1.00e-10
 Total charge:                           0.000000000
 Number of electrons:                  218.000000000
 Electronic temperature (Kelvin):        0.000000000

 D3BJ energy:                           -0.062532526
 Repulsive energy:                       1.521560297

 ****************************************************
  Running robust self-consistent charge (SCC) solver 
 ****************************************************
 Number of SCC trials:                   4
 Using the stop-early mechanism for the first 3 trials

 Conv. threshold (charge):               1.00e-05
 Conv. threshold (energy):               1.00e-06
 Initial guess:                          eeq

 -------------
  SCC Trial 1 
 -------------
 Broyden mixing factor:                  0.400000000
 Max number of iterations:             128

 ---------------------------------------------------------------
                  energy        change          grad        time
 ---------------------------------------------------------------
   0      -130.296908195                    6.61e-01        0.01
   1      -130.889103817     -5.92e-01      3.88e-01        0.01
   2      -130.898036937     -8.93e-03      1.03e-01        0.01
   3      -130.909496793     -1.15e-02      1.05e-02        0.01
   4      -130.910048919     -5.52e-04      5.70e-03        0.01
   5      -130.912310487     -2.26e-03      1.38e-03        0.01
   6      -130.912424162     -1.14e-04      4.09e-04        0.01
   7      -130.912431861     -7.70e-06      1.58e-04        0.01
   8      -130.912432652     -7.91e-07      4.48e-05        0.01
   9      -130.912432666     -1.42e-08      1.59e-05        0.01
  10      -130.912432668     -1.31e-09      4.93e-06        0.01
  11      -130.912432668     -1.80e-10      1.72e-06        0.01

 SCF converged in 10 iterations.

 Entropy contribution (-ST):             0.000000000
 Dipole moment (in Debye):              -2.261873      -3.333968      -0.677056

 ----------------
  Excitation 0 1 
 ----------------
 Setting up Delta-SCF
 Ground-Excited state overlap:          -0.000000000
 No correction applied to the TDM.
 Excitation energy:                      0.095287850
 Excitation energy (in eV):              2.592914489
 Transition dipole:                     -0.24737       4.32979      -0.62801
 ------------------------------------------------------
           transition charges and positions           
           --------------------------------           
        atom     charge/e     x/bohr        y/bohr        z/bohr
 ------------------------------------------------------
     1  Mg       0.000007     59.587902      5.364555      4.526518
     2  C        0.020019     59.312758      8.966089     -1.192455
     3  C       -0.017699     58.670592      0.097226      0.922092
     4  C       -0.016145     58.966353      2.246998      9.606612
     5  C        0.014887     58.340721     10.954289      7.778018
     6  N        0.000957     59.085689      4.841063      0.406537
     7  C        0.030431     59.131458      6.363407     -1.591244
     8  C       -0.000141     59.112391      4.921792     -4.158286
     9  C       -0.000161     57.842551      2.345736     -3.247778
    10  C       -0.036515     58.634384      2.393300     -0.490006
    11  C       -0.004507     54.963648      2.368923     -3.387410
    12  C        0.002933     61.839624      4.470601     -5.213717
    13  C        0.000205     61.969921      3.634756     -7.981353
    14  H        0.000511     64.054421      4.527538     -9.536635
    15  N       -0.010728     59.832509      1.693497      5.159614
    16  C       -0.050690     59.427313     -0.182075      3.464926
    17  C       -0.092756     59.841163     -2.573826      4.849510
    18  C       -0.030518     60.168370     -1.945076      7.573210
    19  C       -0.040595     59.612374      0.719891      7.562382
    20  C       -0.001205     59.985198     -5.100087      3.580710
    21  C       -0.005472     60.851317     -3.503269      9.831111
    22  O       -0.010688     60.604235     -2.674605     12.087085
    23  C       -0.000274     61.669946     -6.118933      9.332772
    24  N        0.004964     58.362264      6.347061      8.145060
    25  C       -0.024637     58.380915      4.663372     10.030099
    26  C       -0.000360     57.941838      5.914484     12.535423
    27  C        0.001001     58.075177      8.884755     12.020661
    28  C        0.047777     58.434848      8.818445      9.117097
    29  C       -0.002824     55.434870      5.274528     13.846552
    30  C        0.003502     59.976600     10.427547     13.625776
    31  C        0.000487     62.650355      9.696109     12.930451
    32  N        0.001224     59.265251      9.339064      3.565970
    33  C        0.069579     58.692909     11.334880      5.212866
    34  C        0.058064     58.481222     13.639061      3.660570
    35  C        0.028899     58.917050     12.812740      1.198521
    36  C        0.039097     59.323076     10.152232      1.206023
    37  C        0.001622     57.839603     16.090375      4.559909
    38  C        0.007322     59.088089     13.550961     -1.442409
    39  O        0.013552     59.085557     15.582171     -2.579608
    40  C        0.000078     59.122897     11.054917     -3.122942
    41  C        0.000218     61.234685     11.318061     -5.008039
    42  O        0.000377     63.485633     11.348202     -4.305382
    43  O        0.000054     60.307699     11.041821     -7.352017
    44  C        0.000012     62.314853     11.226598     -9.310813
    45  H       -0.000017     57.950965     -1.625335      0.043804
    46  H       -0.000088     58.938007      1.279439     11.429045
    47  H        0.001383     58.113519     12.794958      8.680835
    48  H        0.001048     57.958921      5.794788     -5.625034
    49  H       -0.001158     58.655682      0.709573     -4.198159
    50  H       -0.000416     54.247877      4.241490     -3.859898
    51  H       -0.001187     54.317589      1.803196     -1.514767
    52  H       -0.000832     54.281948      0.919465     -4.683403
    53  H        0.000063     62.652528      2.809305     -4.307120
    54  H        0.000309     63.009063      6.147336     -4.952651
    55  H        0.000083     60.172338      3.932539     -8.943507
    56  H        0.000061     62.242949      1.593549     -8.026933
    57  H       -0.000016     59.362326     -4.999535      1.621328
    58  H       -0.011635     58.597988     -6.314369      4.498625
    59  H       -0.009957     61.858578     -5.941979      3.739522
    60  H       -0.000777     60.167935     -7.125061      8.344842
    61  H        0.000005     62.242231     -6.891793     11.153069
    62  H       -0.000815     63.282355     -6.080591      8.050403
    63  H       -0.001999     59.406035      5.397152     13.886482
    64  H        0.005342     56.265537      9.809795     12.358733
    65  H       -0.000243     55.666683      4.490877     15.737885
    66  H       -0.000498     54.393763      3.978081     12.631969
    67  H       -0.000286     54.112780      6.846100     13.996597
    68  H        0.000138     59.733544     10.005646     15.626183
    69  H        0.000382     59.778840     12.463915     13.386215
    70  H        0.000056     62.976200      8.010228     14.066195
    71  H        0.000118     63.963658     11.198177     13.445987
    72  H        0.000688     62.787927      9.141267     10.951209
    73  H        0.005841     59.121745     17.401997      3.622888
    74  H        0.000838     58.016160     16.205762      6.608448
    75  H        0.011599     55.884474     16.229251      3.927342
    76  H        0.000090     57.281794     10.929968     -4.036190
    77  H       -0.000001     61.747746     12.710411    -10.622283
    78  H        0.000014     62.570778      9.327858    -10.067913
    79  H        0.000006     64.140990     11.943031     -8.679059
 ------------------------------------------------------


 -----------------
  Excitation -1 1 
 -----------------
 Setting up Delta-SCF
 Ground-Excited state overlap:           0.000000000
 No correction applied to the TDM.
 Excitation energy:                      0.102301641
 Excitation energy (in eV):              2.783769474
 Transition dipole:                     -0.14558       0.28818       2.58539
 ------------------------------------------------------
           transition charges and positions           
           --------------------------------           
        atom     charge/e     x/bohr        y/bohr        z/bohr
 ------------------------------------------------------
     1  Mg       0.001802     59.587902      5.364555      4.526518
     2  C       -0.085886     59.312758      8.966089     -1.192455
     3  C       -0.067020     58.670592      0.097226      0.922092
     4  C        0.067536     58.966353      2.246998      9.606612
     5  C        0.053812     58.340721     10.954289      7.778018
     6  N       -0.113094     59.085689      4.841063      0.406537
     7  C       -0.010080     59.131458      6.363407     -1.591244
     8  C        0.000210     59.112391      4.921792     -4.158286
     9  C       -0.001257     57.842551      2.345736     -3.247778
    10  C       -0.005267     58.634384      2.393300     -0.490006
    11  C       -0.000628     54.963648      2.368923     -3.387410
    12  C       -0.000799     61.839624      4.470601     -5.213717
    13  C       -0.000022     61.969921      3.634756     -7.981353
    14  H       -0.000077     64.054421      4.527538     -9.536635
    15  N        0.029364     59.832509      1.693497      5.159614
    16  C        0.007762     59.427313     -0.182075      3.464926
    17  C       -0.010910     59.841163     -2.573826      4.849510
    18  C        0.008364     60.168370     -1.945076      7.573210
    19  C       -0.007443     59.612374      0.719891      7.562382
    20  C       -0.000112     59.985198     -5.100087      3.580710
    21  C        0.001143     60.851317     -3.503269      9.831111
    22  O        0.001898     60.604235     -2.674605     12.087085
    23  C        0.000358     61.669946     -6.118933      9.332772
    24  N        0.118664     58.362264      6.347061      8.145060
    25  C        0.004890     58.380915      4.663372     10.030099
    26  C        0.001514     57.941838      5.914484     12.535423
    27  C        0.000827     58.075177      8.884755     12.020661
    28  C        0.012637     58.434848      8.818445      9.117097
    29  C        0.000574     55.434870      5.274528     13.846552
    30  C        0.000765     59.976600     10.427547     13.625776
    31  C       -0.000067     62.650355      9.696109     12.930451
    32  N       -0.015937     59.265251      9.339064      3.565970
    33  C       -0.000309     58.692909     11.334880      5.212866
    34  C        0.014843     58.481222     13.639061      3.660570
    35  C       -0.005250     58.917050     12.812740      1.198521
    36  C        0.010893     59.323076     10.152232      1.206023
    37  C        0.000546     57.839603     16.090375      4.559909
    38  C       -0.001518     59.088089     13.550961     -1.442409
    39  O       -0.003851     59.085557     15.582171     -2.579608
    40  C       -0.000559     59.122897     11.054917     -3.122942
    41  C       -0.004150     61.234685     11.318061     -5.008039
    42  O       -0.002229     63.485633     11.348202     -4.305382
    43  O       -0.000509     60.307699     11.041821     -7.352017
    44  C       -0.000241     62.314853     11.226598     -9.310813
    45  H        0.000061     57.950965     -1.625335      0.043804
    46  H       -0.000025     58.938007      1.279439     11.429045
    47  H        0.000438     58.113519     12.794958      8.680835
    48  H       -0.000245     57.958921      5.794788     -5.625034
    49  H       -0.000227     58.655682      0.709573     -4.198159
    50  H       -0.000340     54.247877      4.241490     -3.859898
    51  H       -0.000558     54.317589      1.803196     -1.514767
    52  H       -0.000207     54.281948      0.919465     -4.683403
    53  H       -0.000066     62.652528      2.809305     -4.307120
    54  H       -0.000171     63.009063      6.147336     -4.952651
    55  H       -0.000019     60.172338      3.932539     -8.943507
    56  H       -0.000018     62.242949      1.593549     -8.026933
    57  H       -0.000092     59.362326     -4.999535      1.621328
    58  H       -0.000122     58.597988     -6.314369      4.498625
    59  H       -0.002021     61.858578     -5.941979      3.739522
    60  H        0.000217     60.167935     -7.125061      8.344842
    61  H        0.000020     62.242231     -6.891793     11.153069
    62  H        0.000269     63.282355     -6.080591      8.050403
    63  H        0.000054     59.406035      5.397152     13.886482
    64  H        0.001548     56.265537      9.809795     12.358733
    65  H        0.000096     55.666683      4.490877     15.737885
    66  H        0.000368     54.393763      3.978081     12.631969
    67  H        0.000281     54.112780      6.846100     13.996597
    68  H        0.000002     59.733544     10.005646     15.626183
    69  H        0.000211     59.778840     12.463915     13.386215
    70  H        0.000023     62.976200      8.010228     14.066195
    71  H        0.000046     63.963658     11.198177     13.445987
    72  H        0.000147     62.787927      9.141267     10.951209
    73  H        0.002205     59.121745     17.401997      3.622888
    74  H       -0.000121     58.016160     16.205762      6.608448
    75  H        0.002725     55.884474     16.229251      3.927342
    76  H       -0.005423     57.281794     10.929968     -4.036190
    77  H       -0.000039     61.747746     12.710411    -10.622283
    78  H       -0.000093     62.570778      9.327858    -10.067913
    79  H       -0.000112     64.140990     11.943031     -8.679059
 ------------------------------------------------------


 ----------------
  Excitation 0 2 
 ----------------
 Setting up Delta-SCF
 Ground-Excited state overlap:           0.000000000
 No correction applied to the TDM.
 Excitation energy:                      0.149821957
 Excitation energy (in eV):              4.076863143
 Transition dipole:                     -0.17411       0.15593       1.98254
 ------------------------------------------------------
           transition charges and positions           
           --------------------------------           
        atom     charge/e     x/bohr        y/bohr        z/bohr
 ------------------------------------------------------
     1  Mg       0.000997     59.587902      5.364555      4.526518
     2  C        0.010744     59.312758      8.966089     -1.192455
     3  C        0.013924     58.670592      0.097226      0.922092
     4  C       -0.009781     58.966353      2.246998      9.606612
     5  C       -0.016180     58.340721     10.954289      7.778018
     6  N       -0.000199     59.085689      4.841063      0.406537
     7  C       -0.061191     59.131458      6.363407     -1.591244
     8  C       -0.000436     59.112391      4.921792     -4.158286
     9  C       -0.000150     57.842551      2.345736     -3.247778
    10  C       -0.057628     58.634384      2.393300     -0.490006
    11  C       -0.004536     54.963648      2.368923     -3.387410
    12  C       -0.007066     61.839624      4.470601     -5.213717
    13  C       -0.000461     61.969921      3.634756     -7.981353
    14  H       -0.005135     64.054421      4.527538     -9.536635
    15  N       -0.026882     59.832509      1.693497      5.159614
    16  C       -0.024417     59.427313     -0.182075      3.464926
    17  C        0.000294     59.841163     -2.573826      4.849510
    18  C       -0.016892     60.168370     -1.945076      7.573210
    19  C        0.086178     59.612374      0.719891      7.562382
    20  C       -0.000309     59.985198     -5.100087      3.580710
    21  C       -0.009221     60.851317     -3.503269      9.831111
    22  O       -0.013760     60.604235     -2.674605     12.087085
    23  C        0.000127     61.669946     -6.118933      9.332772
    24  N       -0.002226     58.362264      6.347061      8.145060
    25  C        0.086876     58.380915      4.663372     10.030099
    26  C       -0.001068     57.941838      5.914484     12.535423
    27  C       -0.000405     58.075177      8.884755     12.020661
    28  C        0.066776     58.434848      8.818445      9.117097
    29  C        0.009572     55.434870      5.274528     13.846552
    30  C        0.004707     59.976600     10.427547     13.625776
    31  C        0.000693     62.650355      9.696109     12.930451
    32  N        0.004485     59.265251      9.339064      3.565970
    33  C        0.034328     58.692909     11.334880      5.212866
    34  C       -0.032053     58.481222     13.639061      3.660570
    35  C        0.002812     58.917050     12.812740      1.198521
    36  C       -0.034682     59.323076     10.152232      1.206023
    37  C       -0.000077     57.839603     16.090375      4.559909
    38  C       -0.001198     59.088089     13.550961     -1.442409
    39  O       -0.001557     59.085557     15.582171     -2.579608
    40  C       -0.000105     59.122897     11.054917     -3.122942
    41  C        0.000309     61.234685     11.318061     -5.008039
    42  O        0.000261     63.485633     11.348202     -4.305382
    43  O        0.000077     60.307699     11.041821     -7.352017
    44  C        0.000002     62.314853     11.226598     -9.310813
    45  H        0.000229     57.950965     -1.625335      0.043804
    46  H       -0.000529     58.938007      1.279439     11.429045
    47  H        0.001196     58.113519     12.794958      8.680835
    48  H       -0.001165     57.958921      5.794788     -5.625034
    49  H       -0.001303     58.655682      0.709573     -4.198159
    50  H       -0.000299     54.247877      4.241490     -3.859898
    51  H       -0.001036     54.317589      1.803196     -1.514767
    52  H       -0.000782     54.281948      0.919465     -4.683403
    53  H       -0.000218     62.652528      2.809305     -4.307120
    54  H       -0.000250     63.009063      6.147336     -4.952651
    55  H        0.000640     60.172338      3.932539     -8.943507
    56  H       -0.000337     62.242949      1.593549     -8.026933
    57  H        0.000096     59.362326     -4.999535      1.621328
    58  H       -0.000532     58.597988     -6.314369      4.498625
    59  H        0.000503     61.858578     -5.941979      3.739522
    60  H       -0.001260     60.167935     -7.125061      8.344842
    61  H        0.000046     62.242231     -6.891793     11.153069
    62  H       -0.001379     63.282355     -6.080591      8.050403
    63  H        0.006524     59.406035      5.397152     13.886482
    64  H        0.005045     56.265537      9.809795     12.358733
    65  H        0.001574     55.666683      4.490877     15.737885
    66  H        0.002447     54.393763      3.978081     12.631969
    67  H        0.002107     54.112780      6.846100     13.996597
    68  H        0.000524     59.733544     10.005646     15.626183
    69  H        0.000557     59.778840     12.463915     13.386215
    70  H        0.000205     62.976200      8.010228     14.066195
    71  H        0.000047     63.963658     11.198177     13.445987
    72  H        0.000661     62.787927      9.141267     10.951209
    73  H       -0.002408     59.121745     17.401997      3.622888
    74  H       -0.000427     58.016160     16.205762      6.608448
    75  H       -0.006114     55.884474     16.229251      3.927342
    76  H        0.000095     57.281794     10.929968     -4.036190
    77  H       -0.000003     61.747746     12.710411    -10.622283
    78  H        0.000004     62.570778      9.327858    -10.067913
    79  H       -0.000004     64.140990     11.943031     -8.679059
 ------------------------------------------------------


 -----------------
  Excitation -1 2 
 -----------------
 Setting up Delta-SCF
 Ground-Excited state overlap:           0.000000000
 No correction applied to the TDM.
 Excitation energy:                      0.164103949
 Excitation energy (in eV):              4.465495946
 Transition dipole:                      0.15617      -1.81799       0.15791
 ------------------------------------------------------
           transition charges and positions           
           --------------------------------           
        atom     charge/e     x/bohr        y/bohr        z/bohr
 ------------------------------------------------------
     1  Mg       0.006411     59.587902      5.364555      4.526518
     2  C       -0.047026     59.312758      8.966089     -1.192455
     3  C        0.051738     58.670592      0.097226      0.922092
     4  C        0.036078     58.966353      2.246998      9.606612
     5  C       -0.059740     58.340721     10.954289      7.778018
     6  N        0.013803     59.085689      4.841063      0.406537
     7  C        0.020267     59.131458      6.363407     -1.591244
     8  C       -0.001081     59.112391      4.921792     -4.158286
     9  C        0.000218     57.842551      2.345736     -3.247778
    10  C       -0.008036     58.634384      2.393300     -0.490006
    11  C       -0.000665     54.963648      2.368923     -3.387410
    12  C        0.001953     61.839624      4.470601     -5.213717
    13  C       -0.000159     61.969921      3.634756     -7.981353
    14  H        0.000743     64.054421      4.527538     -9.536635
    15  N        0.093652     59.832509      1.693497      5.159614
    16  C        0.002810     59.427313     -0.182075      3.464926
    17  C        0.000271     59.841163     -2.573826      4.849510
    18  C        0.004841     60.168370     -1.945076      7.573210
    19  C        0.015466     59.612374      0.719891      7.562382
    20  C        0.000374     59.985198     -5.100087      3.580710
    21  C        0.002706     60.851317     -3.503269      9.831111
    22  O        0.002693     60.604235     -2.674605     12.087085
    23  C        0.000965     61.669946     -6.118933      9.332772
    24  N       -0.044745     58.362264      6.347061      8.145060
    25  C       -0.016425     58.380915      4.663372     10.030099
    26  C        0.000891     57.941838      5.914484     12.535423
    27  C       -0.000003     58.075177      8.884755     12.020661
    28  C        0.018444     58.434848      8.818445      9.117097
    29  C       -0.001206     55.434870      5.274528     13.846552
    30  C        0.001073     59.976600     10.427547     13.625776
    31  C       -0.000188     62.650355      9.696109     12.930451
    32  N       -0.065513     59.265251      9.339064      3.565970
    33  C        0.000908     58.692909     11.334880      5.212866
    34  C       -0.008080     58.481222     13.639061      3.660570
    35  C       -0.000356     58.917050     12.812740      1.198521
    36  C       -0.009222     59.323076     10.152232      1.206023
    37  C       -0.000034     57.839603     16.090375      4.559909
    38  C        0.000160     59.088089     13.550961     -1.442409
    39  O        0.000334     59.085557     15.582171     -2.579608
    40  C        0.001205     59.122897     11.054917     -3.122942
    41  C       -0.005751     61.234685     11.318061     -5.008039
    42  O       -0.001644     63.485633     11.348202     -4.305382
    43  O       -0.000791     60.307699     11.041821     -7.352017
    44  C       -0.000343     62.314853     11.226598     -9.310813
    45  H        0.000281     57.950965     -1.625335      0.043804
    46  H       -0.000126     58.938007      1.279439     11.429045
    47  H        0.000358     58.113519     12.794958      8.680835
    48  H        0.000246     57.958921      5.794788     -5.625034
    49  H       -0.000234     58.655682      0.709573     -4.198159
    50  H       -0.000335     54.247877      4.241490     -3.859898
    51  H       -0.000384     54.317589      1.803196     -1.514767
    52  H       -0.000185     54.281948      0.919465     -4.683403
    53  H        0.000122     62.652528      2.809305     -4.307120
    54  H        0.000175     63.009063      6.147336     -4.952651
    55  H       -0.000183     60.172338      3.932539     -8.943507
    56  H        0.000103     62.242949      1.593549     -8.026933
    57  H        0.000201     59.362326     -4.999535      1.621328
    58  H        0.000006     58.597988     -6.314369      4.498625
    59  H        0.000133     61.858578     -5.941979      3.739522
    60  H        0.000407     60.167935     -7.125061      8.344842
    61  H        0.000204     62.242231     -6.891793     11.153069
    62  H        0.000466     63.282355     -6.080591      8.050403
    63  H        0.000333     59.406035      5.397152     13.886482
    64  H        0.001383     56.265537      9.809795     12.358733
    65  H       -0.000445     55.666683      4.490877     15.737885
    66  H       -0.000596     54.393763      3.978081     12.631969
    67  H       -0.000485     54.112780      6.846100     13.996597
    68  H        0.000096     59.733544     10.005646     15.626183
    69  H        0.000307     59.778840     12.463915     13.386215
    70  H        0.000044     62.976200      8.010228     14.066195
    71  H        0.000020     63.963658     11.198177     13.445987
    72  H        0.000172     62.787927      9.141267     10.951209
    73  H       -0.000921     59.121745     17.401997      3.622888
    74  H        0.000088     58.016160     16.205762      6.608448
    75  H       -0.001451     55.884474     16.229251      3.927342
    76  H       -0.006595     57.281794     10.929968     -4.036190
    77  H       -0.000186     61.747746     12.710411    -10.622283
    78  H       -0.000167     62.570778      9.327858    -10.067913
    79  H        0.000150     64.140990     11.943031     -8.679059
 ------------------------------------------------------

 TOTAL ENERGY:                        -130.912432668

 --------------------------------------------------------------------------------

 End time:                               Wed Jun 30 13:19:45 2021
 Total wall-clock time:                  0.346 seconds
==================================================================================
