
================================================================================
          _____________ ________ _______________ ________     _________         
         / ___________// ______ \\_____   _____// ______ \   / ________)        
        / /_________  / /      \ \     | |     / /      \ \ | (_______          
       |  __________|| |        | |    | |    | |        | | \________ \        
        \ \_________ | |        | |    | |     \ \______/ /___________) |       
         \__________||_|        |_|    |_|      \________//____________/        
                                                                                
====================================[ Qcore ]===================================

 Git hash:   035eaa6e02832a1eaacaa1f2c2b4151870260895
 Git date:   Fri, 20 Aug 2021 11:46:14 +0100
 Compiler:   GNU 9.1.0
 Build type: Release
 Version:    2.0.0

 Start time: Fri Aug 20 13:47:25 2021

 Data directory: /home/of15641/.local/src/Qcore/release/share/entos/2.0.0/data
 Number of threads: 2
 Number of threads was determined by: command line argument
  - More threads can be used by running 'qcore -n 24'

 --------------------------------------------------------------------------------
                                   command: xtb                                  
 --------------------------------------------------------------------------------
 XTB basis setup:                        reference basis
 Implicit solvation model:               none
 Number of basis functions:            488
 GFN version:                            chlorophyll
 Integral screening threshold:           1.00e-10
 Total charge:                           0.000000000
 Number of electrons:                  436.000000000
 Electronic temperature (Kelvin):        0.000000000

 D3BJ energy:                           -0.125900230
 Repulsive energy:                       3.040136589

 ****************************************************
  Running robust self-consistent charge (SCC) solver 
 ****************************************************
 Number of SCC trials:                   4
 Using the stop-early mechanism for the first 3 trials

 Conv. threshold (charge):               1.00e-05
 Conv. threshold (energy):               1.00e-06
 Initial guess:                          eeq

 -------------
  SCC Trial 1 
 -------------
 Broyden mixing factor:                  0.400000000
 Max number of iterations:             128

 ---------------------------------------------------------------
                  energy        change          grad        time
 ---------------------------------------------------------------
   0      -251.770005779                    6.23e-01        0.05
   1      -253.100463479     -1.33e+00      3.67e-01        0.04
   2      -253.116113848     -1.57e-02      1.27e-01        0.04
   3      -253.195111459     -7.90e-02      1.42e-02        0.04
   4      -253.199583973     -4.47e-03      9.55e-03        0.04
   5      -253.211897520     -1.23e-02      2.84e-03        0.04
   6      -253.212883009     -9.85e-04      9.13e-04        0.04
   7      -253.212976014     -9.30e-05      2.62e-04        0.04
   8      -253.212981502     -5.49e-06      1.03e-04        0.04
   9      -253.212981894     -3.93e-07      6.90e-05        0.04
  10      -253.212982471     -5.77e-07      1.84e-05        0.04
  11      -253.212982483     -1.15e-08      6.99e-06        0.04
  12      -253.212982484     -1.62e-09      2.71e-06        0.05

 SCF converged in 11 iterations.

 Entropy contribution (-ST):             0.000000000
 Dipole moment (in Debye):              -4.556179       0.726232      -1.806714

 ----------------
  Excitation 0 1 
 ----------------
 Setting up Delta-SCF
 Ground-Excited state overlap:          -0.000000000
 No correction applied to the TDM.
 Excitation energy:                      0.049418908
 Excitation energy (in eV):              1.344756984
 Transition dipole:                      0.00073       0.00375      -0.00070

 -----------------
  Excitation -1 1 
 -----------------
 Setting up Delta-SCF
 Ground-Excited state overlap:           0.000000000
 No correction applied to the TDM.
 Excitation energy:                      0.067512873
 Excitation energy (in eV):              1.837118866
 Transition dipole:                      0.30465      -2.76430       0.11810

 ----------------
  Excitation 0 2 
 ----------------
 Setting up Delta-SCF
 Ground-Excited state overlap:           0.000000000
 No correction applied to the TDM.
 Excitation energy:                      0.067176642
 Excitation energy (in eV):              1.827969565
 Transition dipole:                      0.26960      -2.32153      -1.54405

 -----------------
  Excitation -1 2 
 -----------------
 Setting up Delta-SCF
 Ground-Excited state overlap:           0.000000000
 No correction applied to the TDM.
 Excitation energy:                      0.054733342
 Excitation energy (in eV):              1.489370104
 Transition dipole:                      0.00075      -0.00330      -0.00144
 TOTAL ENERGY:                        -253.212982484
 Saving results in set 'res'

 --------------------------------------------------------------------------------
                                  command: print                                 
 --------------------------------------------------------------------------------
 res.energy:                          -253.2129824844

 --------------------------------------------------------------------------------
                                  command: print                                 
 --------------------------------------------------------------------------------

 res.dipole:
                      1
 1        -1.7925386252
 2         0.2857217746
 3        -0.7108159696

 --------------------------------------------------------------------------------
                                  command: print                                 
 --------------------------------------------------------------------------------

 res.atomic_charges:
                      1
 1         0.4466004182
 2        -0.0508330093
 3        -0.1066478428
 4        -0.0965244092
 5        -0.0785370451
 6        -0.2187067212
 7         0.1242649508
 8        -0.0241523272
 9        -0.0154805410
 10        0.1134625622
 11       -0.0941819388
 12       -0.0318697348
 13       -0.0763138253
 14        0.0140645397
 15       -0.2557497060
 16        0.1244692744
 17       -0.0202192693
 18       -0.1142923908
 19        0.1525491242
 20       -0.0942821321
 21        0.3643161124
 22       -0.4674803816
 23       -0.1400249605
 24       -0.2324273103
 25        0.1428306155
 26       -0.0072720716
 27       -0.0308632994
 28        0.1150270808
 29       -0.0950109949
 30       -0.0307501445
 31       -0.0959331656
 32       -0.2645471072
 33        0.0945722942
 34        0.0198492289
 35       -0.1213810418
 36        0.1326195800
 37       -0.0963005663
 38        0.3690529703
 39       -0.4446227275
 40       -0.0934720412
 41        0.5508934829
 42       -0.4979087021
 43       -0.3421299368
 44        0.1143050935
 45        0.0395208107
 46        0.0450596352
 47        0.0266014131
 48        0.0307229614
 49        0.0286019274
 50        0.0419334691
 51        0.0310629941
 52        0.0358253607
 53        0.0267797115
 54        0.0447318352
 55        0.0197554431
 56        0.0158078673
 57        0.0385784589
 58        0.0380640986
 59        0.0487159057
 60        0.0588535261
 61        0.0679426177
 62        0.0460764791
 63        0.0326397519
 64        0.0280813515
 65        0.0398522609
 66        0.0256382539
 67        0.0256239917
 68        0.0273791342
 69        0.0214025098
 70        0.0266351891
 71        0.0376048470
 72        0.0332784496
 73        0.0687495131
 74        0.0446618343
 75        0.0652497583
 76        0.0554935452
 77        0.0459617586
 78        0.0449922338
 79        0.0511274326
 80        0.4470334871
 81       -0.0529520424
 82       -0.1037689469
 83       -0.0946265680
 84       -0.0775300223
 85       -0.2175738065
 86        0.1258005831
 87       -0.0264427892
 88       -0.0162485747
 89        0.1101939789
 90       -0.0940974274
 91       -0.0315268917
 92       -0.0754059226
 93        0.0128579928
 94       -0.2534620940
 95        0.1249573892
 96       -0.0208253866
 97       -0.1158374279
 98        0.1531689107
 99       -0.0938067907
 100       0.3637922761
 101      -0.4680263719
 102      -0.1393001220
 103      -0.2337381080
 104       0.1408495864
 105      -0.0078904249
 106      -0.0307367779
 107       0.1186453597
 108      -0.0942037744
 109      -0.0312728653
 110      -0.0953370498
 111      -0.2676712825
 112       0.0929198404
 113       0.0193288931
 114      -0.1214141763
 115       0.1326345389
 116      -0.0957422835
 117       0.3697265538
 118      -0.4479026434
 119      -0.0935907643
 120       0.5514106299
 121      -0.4940225124
 122      -0.3428826248
 123       0.1150425697
 124       0.0382061689
 125       0.0482551190
 126       0.0265162252
 127       0.0322227211
 128       0.0287599096
 129       0.0433395937
 130       0.0318188059
 131       0.0347239338
 132       0.0267726065
 133       0.0469483027
 134       0.0197187649
 135       0.0150550500
 136       0.0367959285
 137       0.0349076919
 138       0.0468155675
 139       0.0602282385
 140       0.0680446088
 141       0.0458844794
 142       0.0341041375
 143       0.0265507706
 144       0.0381575146
 145       0.0289391009
 146       0.0281546895
 147       0.0261730447
 148       0.0212310276
 149       0.0279599933
 150       0.0386193696
 151       0.0318755438
 152       0.0691851723
 153       0.0450638852
 154       0.0637079758
 155       0.0549518612
 156       0.0442204576
 157       0.0425875903
 158       0.0530097185

 --------------------------------------------------------------------------------
                                  command: print                                 
 --------------------------------------------------------------------------------
 res.excitation_1_energy:                0.0494189076

 --------------------------------------------------------------------------------
                                  command: print                                 
 --------------------------------------------------------------------------------
 res.excitation_1_transition_dipole : [
  0.0007334205518215142,
  0.003754841626377664,
  -0.0007049899361285918
]

 --------------------------------------------------------------------------------
                                  command: print                                 
 --------------------------------------------------------------------------------

 res.excitation_1_transition_charges:
                      1
 1        -0.0000049862
 2        -0.0000941522
 3        -0.0000675355
 4         0.0000756063
 5         0.0000483824
 6        -0.0000858831
 7        -0.0000157939
 8        -0.0000004329
 9        -0.0000003601
 10        0.0000082197
 11        0.0000001602
 12       -0.0000019650
 13       -0.0000003678
 14       -0.0000004305
 15        0.0000249782
 16        0.0000177087
 17        0.0000228775
 18        0.0000121593
 19        0.0000073036
 20        0.0000003345
 21        0.0000035265
 22        0.0000032446
 23        0.0000001512
 24        0.0000859229
 25        0.0000091067
 26        0.0000016154
 27        0.0000004979
 28       -0.0000089060
 29        0.0000009003
 30       -0.0000001899
 31        0.0000014849
 32       -0.0000167548
 33       -0.0000204369
 34       -0.0000153954
 35       -0.0000080957
 36       -0.0000089570
 37       -0.0000005468
 38       -0.0000035659
 39       -0.0000052897
 40       -0.0000005807
 41       -0.0000020333
 42       -0.0000014253
 43       -0.0000001824
 44       -0.0000001633
 45        0.0000000431
 46       -0.0000000591
 47       -0.0000001569
 48       -0.0000000574
 49       -0.0000000114
 50        0.0000000218
 51       -0.0000000202
 52        0.0000000794
 53       -0.0000001724
 54       -0.0000003898
 55       -0.0000000346
 56       -0.0000001347
 57       -0.0000000588
 58        0.0000018689
 59        0.0000017188
 60        0.0000002918
 61        0.0000000180
 62        0.0000001765
 63        0.0000003280
 64       -0.0000002710
 65        0.0000001894
 66        0.0000003559
 67        0.0000004408
 68       -0.0000002453
 69       -0.0000002347
 70        0.0000000561
 71        0.0000000864
 72        0.0000004718
 73       -0.0000005772
 74       -0.0000003151
 75       -0.0000023151
 76       -0.0000034466
 77       -0.0000000158
 78       -0.0000000475
 79       -0.0000000144
 80       -0.0000044965
 81        0.0000233968
 82       -0.0000123210
 83       -0.0000094227
 84        0.0000059599
 85        0.0000015673
 86        0.0000199576
 87        0.0000008013
 88        0.0000007781
 89       -0.0000166000
 90       -0.0000074702
 91        0.0000032663
 92        0.0000003241
 93        0.0000006301
 94       -0.0000015042
 95       -0.0000394915
 96       -0.0000534005
 97       -0.0000218678
 98       -0.0000165191
 99       -0.0000005301
 100      -0.0000052216
 101      -0.0000079675
 102      -0.0000002236
 103      -0.0000002348
 104      -0.0000163526
 105      -0.0000005631
 106       0.0000003395
 107       0.0000368662
 108      -0.0000003205
 109       0.0000012912
 110       0.0000002450
 111       0.0000021917
 112       0.0000474290
 113       0.0000457411
 114       0.0000184959
 115       0.0000292632
 116       0.0000013788
 117       0.0000064730
 118       0.0000096072
 119       0.0000000958
 120       0.0000001690
 121       0.0000003315
 122       0.0000000350
 123       0.0000000058
 124      -0.0000000010
 125      -0.0000001154
 126       0.0000010170
 127       0.0000002845
 128       0.0000010762
 129      -0.0000010413
 130      -0.0000028105
 131      -0.0000016755
 132       0.0000001381
 133       0.0000005003
 134      -0.0000000155
 135       0.0000001313
 136      -0.0000000056
 137      -0.0000037544
 138      -0.0000032659
 139      -0.0000004389
 140       0.0000000015
 141      -0.0000004652
 142      -0.0000013446
 143       0.0000030036
 144       0.0000000587
 145       0.0000002792
 146      -0.0000000605
 147       0.0000000717
 148       0.0000001560
 149      -0.0000000018
 150       0.0000000446
 151       0.0000001757
 152       0.0000026085
 153       0.0000005177
 154       0.0000052812
 155       0.0000001895
 156      -0.0000000015
 157       0.0000000084
 158       0.0000000012

 --------------------------------------------------------------------------------
                                  command: print                                 
 --------------------------------------------------------------------------------
 res.excitation_1_excited_dipole : [
  17.666434753635958,
  2.028003375131144,
  0.5619938620821108
]

 --------------------------------------------------------------------------------
                                  command: print                                 
 --------------------------------------------------------------------------------

 res.excitation_1_excited_atomic_charges:
                      1
 1         0.4461014393
 2        -0.1198070651
 3        -0.1600366561
 4        -0.1566138392
 5        -0.1186509675
 6        -0.2963280551
 7         0.1120347706
 8        -0.0245848695
 9        -0.0160591146
 10        0.0991972075
 11       -0.0965261597
 12       -0.0333812934
 13       -0.0767614783
 14        0.0135548793
 15       -0.2643566488
 16        0.0909936017
 17       -0.1367551784
 18       -0.1652696487
 19        0.1349136387
 20       -0.0951389283
 21        0.3378859804
 22       -0.4935007586
 23       -0.1406125468
 24       -0.3112079246
 25        0.1346836652
 26       -0.0080858282
 27       -0.0313986523
 28        0.0895510532
 29       -0.0957867974
 30       -0.0319373735
 31       -0.0963015098
 32       -0.2679205101
 33        0.0461982601
 34       -0.0560399139
 35       -0.1557773023
 36        0.1085026996
 37       -0.0975745613
 38        0.3488761049
 39       -0.4665484068
 40       -0.0936287903
 41        0.5499778634
 42       -0.4986530575
 43       -0.3422435019
 44        0.1142553882
 45        0.0394548728
 46        0.0450075975
 47        0.0258353723
 48        0.0305670462
 49        0.0283585508
 50        0.0413642195
 51        0.0302927438
 52        0.0352468677
 53        0.0265184722
 54        0.0444176256
 55        0.0197061447
 56        0.0156930039
 57        0.0385072889
 58        0.0310617082
 59        0.0416832589
 60        0.0567874702
 61        0.0679332915
 62        0.0443251723
 63        0.0322309625
 64        0.0265781518
 65        0.0397258501
 66        0.0253371980
 67        0.0253498424
 68        0.0273117877
 69        0.0211627385
 70        0.0266269807
 71        0.0375786332
 72        0.0329652145
 73        0.0646649511
 74        0.0440044789
 75        0.0580077580
 76        0.0543776045
 77        0.0459592246
 78        0.0449682937
 79        0.0511223507
 80        0.4479628016
 81       -0.0443769249
 82       -0.0979777895
 83       -0.0874675940
 84       -0.0716880334
 85       -0.2133806721
 86        0.1995958392
 87       -0.0246846006
 88       -0.0143395116
 89        0.2022090564
 90       -0.0865581118
 91       -0.0266986193
 92       -0.0750938608
 93        0.0134355579
 94       -0.2444750024
 95        0.2109648719
 96        0.0616234958
 97       -0.0936170428
 98        0.2323936809
 99       -0.0918049381
 100       0.3665224615
 101      -0.4620841748
 102      -0.1391083631
 103      -0.2335440305
 104       0.2136571468
 105      -0.0063683159
 106      -0.0282140714
 107       0.2046986995
 108      -0.0878593172
 109      -0.0270424827
 110      -0.0939788310
 111      -0.2650187370
 112       0.1972099861
 113       0.0752114466
 114      -0.0979206770
 115       0.1940964496
 116      -0.0932034468
 117       0.3746544545
 118      -0.4383190311
 119      -0.0934897437
 120       0.5514371414
 121      -0.4938589646
 122      -0.3428695910
 123       0.1150436394
 124       0.0382695115
 125       0.0489031028
 126       0.0288139800
 127       0.0341801625
 128       0.0306073681
 129       0.0440218687
 130       0.0328415040
 131       0.0360149529
 132       0.0269542512
 133       0.0473992307
 134       0.0197573368
 135       0.0152291041
 136       0.0368295626
 137       0.0417320763
 138       0.0528964655
 139       0.0604635726
 140       0.0680465185
 141       0.0461738609
 142       0.0391123971
 143       0.0365720413
 144       0.0391547200
 145       0.0299250908
 146       0.0292126707
 147       0.0263739629
 148       0.0215360872
 149       0.0279684116
 150       0.0387820465
 151       0.0322644546
 152       0.0723515113
 153       0.0457894404
 154       0.0713857949
 155       0.0549699588
 156       0.0442207108
 157       0.0425901589
 158       0.0530099203

 --------------------------------------------------------------------------------
                                  command: print                                 
 --------------------------------------------------------------------------------
 res.excitation_2_energy:                0.0675128731

 --------------------------------------------------------------------------------
                                  command: print                                 
 --------------------------------------------------------------------------------
 res.excitation_2_transition_dipole : [
  0.30464991411132264,
  -2.7643003639121417,
  0.1181013232139886
]

 --------------------------------------------------------------------------------
                                  command: print                                 
 --------------------------------------------------------------------------------

 res.excitation_2_transition_charges:
                      1
 1        -0.0001280506
 2         0.0113436786
 3        -0.0137974655
 4        -0.0093835891
 5         0.0115421925
 6        -0.0015268157
 7         0.0185272410
 8        -0.0001386614
 9        -0.0000449595
 10       -0.0230270566
 11       -0.0026254431
 12        0.0015598540
 13        0.0001896616
 14        0.0003278180
 15       -0.0048691065
 16       -0.0330130997
 17       -0.0643048393
 18       -0.0191703434
 19       -0.0238877756
 20       -0.0008616874
 21       -0.0048707725
 22       -0.0071397654
 23       -0.0001634965
 24        0.0026549325
 25       -0.0149006738
 26       -0.0003668725
 27        0.0006980710
 28        0.0309452668
 29       -0.0013493410
 30        0.0014292318
 31        0.0004526951
 32        0.0003817776
 33        0.0451286709
 34        0.0419464330
 35        0.0174696847
 36        0.0256984417
 37        0.0011613591
 38        0.0061088592
 39        0.0088153000
 40        0.0000200651
 41       -0.0000073489
 42        0.0001577746
 43        0.0000123972
 44       -0.0000047061
 45       -0.0000070809
 46       -0.0001141385
 47        0.0008642569
 48        0.0002616994
 49       -0.0002914555
 50       -0.0004142537
 51       -0.0005698033
 52       -0.0005598015
 53        0.0000810689
 54        0.0002005186
 55       -0.0000171753
 56        0.0000767046
 57       -0.0000175938
 58       -0.0045095733
 59       -0.0042856035
 60       -0.0003852217
 61        0.0000056348
 62       -0.0004086990
 63       -0.0006818455
 64        0.0024560767
 65       -0.0002216924
 66       -0.0002773419
 67       -0.0002646174
 68        0.0000744477
 69        0.0001796501
 70        0.0000044298
 71        0.0000352641
 72        0.0002339192
 73        0.0023966003
 74        0.0004361261
 75        0.0047892689
 76       -0.0000605628
 77       -0.0000011304
 78        0.0000026476
 79       -0.0000001235
 80       -0.0000000141
 81       -0.0000000589
 82       -0.0000000395
 83        0.0000000178
 84        0.0000000191
 85       -0.0000000573
 86        0.0000000050
 87       -0.0000000004
 88       -0.0000000012
 89       -0.0000000078
 90       -0.0000000173
 91        0.0000000003
 92        0.0000000000
 93        0.0000000001
 94       -0.0000000009
 95       -0.0000000157
 96       -0.0000000271
 97       -0.0000000070
 98       -0.0000000087
 99       -0.0000000002
 100      -0.0000000016
 101      -0.0000000031
 102      -0.0000000000
 103       0.0000000266
 104      -0.0000000063
 105      -0.0000000002
 106       0.0000000004
 107       0.0000000207
 108      -0.0000000023
 109       0.0000000010
 110       0.0000000002
 111      -0.0000000240
 112       0.0000000218
 113       0.0000000266
 114       0.0000000070
 115       0.0000000175
 116       0.0000000005
 117       0.0000000020
 118       0.0000000028
 119      -0.0000000010
 120      -0.0000000022
 121      -0.0000000012
 122      -0.0000000002
 123      -0.0000000002
 124       0.0000000000
 125      -0.0000000000
 126       0.0000000007
 127       0.0000000001
 128      -0.0000000006
 129      -0.0000000010
 130      -0.0000000028
 131      -0.0000000010
 132      -0.0000000000
 133      -0.0000000001
 134      -0.0000000000
 135       0.0000000000
 136      -0.0000000000
 137      -0.0000000016
 138      -0.0000000017
 139      -0.0000000001
 140       0.0000000000
 141      -0.0000000002
 142      -0.0000000011
 143       0.0000000021
 144      -0.0000000000
 145      -0.0000000000
 146      -0.0000000001
 147       0.0000000001
 148       0.0000000001
 149      -0.0000000000
 150       0.0000000000
 151       0.0000000001
 152       0.0000000016
 153       0.0000000002
 154       0.0000000027
 155      -0.0000000038
 156      -0.0000000000
 157      -0.0000000000
 158      -0.0000000000

 --------------------------------------------------------------------------------
                                  command: print                                 
 --------------------------------------------------------------------------------
 res.excitation_3_energy:                0.0671766425

 --------------------------------------------------------------------------------
                                  command: print                                 
 --------------------------------------------------------------------------------
 res.excitation_3_transition_dipole : [
  0.26959913018334064,
  -2.3215280625919386,
  -1.5440497159050994
]

 --------------------------------------------------------------------------------
                                  command: print                                 
 --------------------------------------------------------------------------------

 res.excitation_3_transition_charges:
                      1
 1         0.0000001157
 2        -0.0000000316
 3        -0.0000000178
 4         0.0000001350
 5         0.0000000888
 6        -0.0000000293
 7        -0.0000000170
 8         0.0000000006
 9        -0.0000000004
 10        0.0000000118
 11        0.0000000005
 12       -0.0000000012
 13       -0.0000000001
 14       -0.0000000002
 15        0.0000000986
 16        0.0000000154
 17        0.0000000274
 18        0.0000000120
 19        0.0000000107
 20        0.0000000005
 21        0.0000000037
 22        0.0000000031
 23        0.0000000002
 24        0.0000001598
 25        0.0000000070
 26        0.0000000032
 27        0.0000000010
 28       -0.0000000068
 29        0.0000000010
 30        0.0000000020
 31        0.0000000184
 32        0.0000000434
 33       -0.0000000243
 34       -0.0000000155
 35       -0.0000000099
 36       -0.0000000062
 37       -0.0000000005
 38       -0.0000000043
 39       -0.0000000064
 40        0.0000000005
 41        0.0000000010
 42       -0.0000000000
 43        0.0000000000
 44        0.0000000001
 45        0.0000000002
 46       -0.0000000000
 47       -0.0000000001
 48       -0.0000000001
 49        0.0000000006
 50        0.0000000000
 51       -0.0000000000
 52        0.0000000001
 53       -0.0000000001
 54       -0.0000000001
 55       -0.0000000000
 56       -0.0000000001
 57       -0.0000000000
 58        0.0000000022
 59        0.0000000022
 60        0.0000000003
 61        0.0000000000
 62        0.0000000002
 63        0.0000000001
 64       -0.0000000002
 65        0.0000000002
 66        0.0000000005
 67        0.0000000006
 68        0.0000000009
 69        0.0000000003
 70        0.0000000010
 71        0.0000000013
 72        0.0000000009
 73       -0.0000000005
 74       -0.0000000003
 75       -0.0000000023
 76        0.0000000021
 77        0.0000000000
 78        0.0000000000
 79        0.0000000000
 80        0.0002634861
 81       -0.0160851828
 82        0.0105580889
 83        0.0121835591
 84       -0.0094663912
 85       -0.0014329547
 86       -0.0185499939
 87        0.0001594393
 88       -0.0000231216
 89        0.0234228727
 90        0.0025111652
 91       -0.0016054276
 92       -0.0001905812
 93       -0.0003472571
 94        0.0056770620
 95        0.0344359768
 96        0.0606017738
 97        0.0213656082
 98        0.0235206732
 99        0.0007767286
 100       0.0052851434
 101       0.0077724772
 102       0.0002056367
 103       0.0002298313
 104       0.0157861370
 105       0.0004145703
 106      -0.0006487771
 107      -0.0290285169
 108       0.0013280714
 109      -0.0014049231
 110      -0.0004278548
 111      -0.0009622484
 112      -0.0452234941
 113      -0.0421383998
 114      -0.0183929483
 115      -0.0235938343
 116      -0.0011606675
 117      -0.0064631621
 118      -0.0094410299
 119      -0.0000451284
 120      -0.0001017374
 121      -0.0002239624
 122      -0.0000246499
 123      -0.0000032034
 124       0.0000094491
 125       0.0001083910
 126      -0.0008752261
 127      -0.0002689918
 128       0.0002800466
 129       0.0003770805
 130       0.0005481370
 131       0.0005440195
 132      -0.0000839211
 133      -0.0002117501
 134       0.0000175456
 135      -0.0000782549
 136       0.0000198913
 137       0.0042455853
 138       0.0041135807
 139       0.0004376728
 140      -0.0000030831
 141       0.0004568267
 142       0.0006949327
 143      -0.0024355567
 144       0.0002225269
 145       0.0002767215
 146       0.0002764475
 147      -0.0000717162
 148      -0.0001687410
 149      -0.0000028904
 150      -0.0000384309
 151      -0.0002037227
 152      -0.0022853553
 153      -0.0004549915
 154      -0.0048595798
 155      -0.0000945295
 156       0.0000005343
 157      -0.0000053790
 158      -0.0000007219

 --------------------------------------------------------------------------------
                                  command: print                                 
 --------------------------------------------------------------------------------
 res.excitation_4_energy:                0.0547333418

 --------------------------------------------------------------------------------
                                  command: print                                 
 --------------------------------------------------------------------------------
 res.excitation_4_transition_dipole : [
  0.0007481259831584964,
  -0.0033044419514459892,
  -0.0014383645178636462
]

 --------------------------------------------------------------------------------
                                  command: print                                 
 --------------------------------------------------------------------------------

 res.excitation_4_transition_charges:
                      1
 1         0.0000037230
 2         0.0000037926
 3        -0.0000036801
 4        -0.0000162979
 5         0.0000210689
 6         0.0000012638
 7         0.0000200047
 8        -0.0000001894
 9        -0.0000000514
 10       -0.0000334021
 11       -0.0000022963
 12        0.0000011140
 13        0.0000000727
 14        0.0000001896
 15       -0.0000131907
 16       -0.0000279457
 17       -0.0000765401
 18       -0.0000186496
 19       -0.0000350501
 20       -0.0000010595
 21       -0.0000049718
 22       -0.0000067548
 23       -0.0000001143
 24        0.0000048203
 25       -0.0000114341
 26       -0.0000009118
 27        0.0000013154
 28        0.0000235513
 29       -0.0000014442
 30        0.0000016553
 31        0.0000033023
 32       -0.0000001920
 33        0.0000534499
 34        0.0000417563
 35        0.0000216240
 36        0.0000173652
 37        0.0000009763
 38        0.0000075398
 39        0.0000107194
 40        0.0000000064
 41        0.0000000350
 42        0.0000000807
 43        0.0000000094
 44        0.0000000045
 45        0.0000000529
 46        0.0000000438
 47        0.0000007936
 48        0.0000006935
 49       -0.0000008948
 50       -0.0000004627
 51       -0.0000005159
 52       -0.0000005171
 53        0.0000000439
 54        0.0000000596
 55       -0.0000000029
 56        0.0000000346
 57       -0.0000000118
 58       -0.0000051844
 59       -0.0000054692
 60       -0.0000003653
 61        0.0000000045
 62       -0.0000004003
 63       -0.0000000984
 64        0.0000028668
 65       -0.0000002837
 66       -0.0000004377
 67       -0.0000003961
 68       -0.0000001917
 69       -0.0000001016
 70        0.0000001480
 71       -0.0000000635
 72        0.0000011873
 73        0.0000022004
 74        0.0000004300
 75        0.0000046708
 76        0.0000000375
 77        0.0000000027
 78        0.0000000005
 79        0.0000000003
 80        0.0000012315
 81        0.0000405446
 82        0.0000333657
 83       -0.0000238463
 84       -0.0000307441
 85        0.0000396308
 86       -0.0000046531
 87        0.0000000121
 88        0.0000004667
 89        0.0000109997
 90        0.0000030447
 91       -0.0000001297
 92       -0.0000000303
 93       -0.0000000311
 94       -0.0000078234
 95        0.0000137317
 96        0.0000307869
 97        0.0000066610
 98        0.0000124772
 99        0.0000003158
 100       0.0000015805
 101       0.0000029948
 102      -0.0000000110
 103      -0.0000418273
 104       0.0000060869
 105      -0.0000001051
 106      -0.0000007955
 107      -0.0000163104
 108      -0.0000000651
 109      -0.0000010490
 110      -0.0000002846
 111       0.0000084559
 112      -0.0000207521
 113      -0.0000244531
 114      -0.0000070719
 115      -0.0000140712
 116      -0.0000004454
 117      -0.0000020860
 118      -0.0000028217
 119       0.0000004058
 120       0.0000011847
 121       0.0000006836
 122       0.0000001208
 123       0.0000000837
 124      -0.0000000216
 125       0.0000000511
 126      -0.0000006225
 127      -0.0000000879
 128       0.0000001153
 129       0.0000003631
 130       0.0000006812
 131       0.0000004422
 132       0.0000000147
 133       0.0000000106
 134       0.0000000055
 135      -0.0000000157
 136       0.0000000430
 137       0.0000017698
 138       0.0000021699
 139       0.0000001029
 140      -0.0000000157
 141       0.0000001559
 142       0.0000004705
 143      -0.0000016818
 144      -0.0000000065
 145      -0.0000002465
 146       0.0000001274
 147      -0.0000000519
 148      -0.0000001589
 149      -0.0000000028
 150      -0.0000000382
 151      -0.0000001323
 152      -0.0000013596
 153      -0.0000001720
 154      -0.0000025039
 155       0.0000019548
 156       0.0000000102
 157       0.0000000245
 158       0.0000000093

 --------------------------------------------------------------------------------

 End time:                               Fri Aug 20 13:47:27 2021
 Total wall-clock time:                  1.702 seconds
==================================================================================
