
================================================================================
          _____________ ________ _______________ ________     _________         
         / ___________// ______ \\_____   _____// ______ \   / ________)        
        / /_________  / /      \ \     | |     / /      \ \ | (_______          
       |  __________|| |        | |    | |    | |        | | \________ \        
        \ \_________ | |        | |    | |     \ \______/ /___________) |       
         \__________||_|        |_|    |_|      \________//____________/        
                                                                                
====================================[ Qcore ]===================================

 Git hash:   4f46786782e696c626e0064ff3d1a47267e124c4
 Git date:   Wed, 30 Jun 2021 10:19:53 +0100
 Compiler:   AppleClang 10.0.1.10010046
 Build type: Release
 Version:    1.4.1

 Start time: Tue Jul  6 09:34:44 2021

 Data directory: /Users/of15641/qcore/cmake-build-release/share/entos/1.4.1/data
 Number of threads: 2
 Number of threads was determined by: number of physical cores

 --------------------------------------------------------------------------------
                                   command: xtb                                  
 --------------------------------------------------------------------------------
 XTB basis setup:                        reference basis
 Number of basis functions:            488
 GFN version:                            chlorophyll
 Integral screening threshold:           1.00e-10
 Total charge:                           0.000000000
 Number of electrons:                  436.000000000
 Electronic temperature (Kelvin):        0.000000000

 D3BJ energy:                           -0.127234130
 Repulsive energy:                       3.040142256

 ****************************************************
  Running robust self-consistent charge (SCC) solver 
 ****************************************************
 Number of SCC trials:                   4
 Using the stop-early mechanism for the first 3 trials

 Conv. threshold (charge):               1.00e-05
 Conv. threshold (energy):               1.00e-06
 Initial guess:                          eeq

 -------------
  SCC Trial 1 
 -------------
 Broyden mixing factor:                  0.400000000
 Max number of iterations:             128

 ---------------------------------------------------------------
                  energy        change          grad        time
 ---------------------------------------------------------------
   0      -260.591157104                    6.60e-01        0.06
   1      -261.776013787     -1.18e+00      3.88e-01        0.05
   2      -261.794407707     -1.84e-02      1.03e-01        0.04
   3      -261.817544235     -2.31e-02      1.03e-02        0.04
   4      -261.818745430     -1.20e-03      5.27e-03        0.05
   5      -261.822355079     -3.61e-03      1.37e-03        0.04
   6      -261.822579975     -2.25e-04      3.61e-04        0.04
   7      -261.822590035     -1.01e-05      1.54e-04        0.06
   8      -261.822591667     -1.63e-06      4.73e-05        0.05
   9      -261.822591701     -3.42e-08      2.40e-05        0.05
  10      -261.822591745     -4.40e-08      1.07e-05        0.10
  11      -261.822591756     -1.08e-08      3.06e-06        0.05
  12      -261.822591756     -1.93e-10      9.20e-07        0.05

 SCF converged in 11 iterations.

 Entropy contribution (-ST):             0.000000000
 Dipole moment (in Debye):              -5.389035      -0.212108       2.149878

 ----------------
  Excitation 0 1 
 ----------------
 Setting up Delta-SCF
 Ground-Excited state overlap:          -0.000000000
 No correction applied to the TDM.
 Excitation energy:                      0.056209538
 Excitation energy (in eV):              1.529539454
 Transition dipole:                     -0.00220      -0.03589       0.02432

 -----------------
  Excitation -1 1 
 -----------------
 Setting up Delta-SCF
 Ground-Excited state overlap:          -0.000000000
 No correction applied to the TDM.
 Excitation energy:                      0.095980986
 Excitation energy (in eV):              2.611775680
 Transition dipole:                     -0.46893       4.35079      -0.23433

 ----------------
  Excitation 0 2 
 ----------------
 Setting up Delta-SCF
 Ground-Excited state overlap:          -0.000000000
 No correction applied to the TDM.
 Excitation energy:                      0.095573137
 Excitation energy (in eV):              2.600677538
 Transition dipole:                     -0.10117      -2.71798       3.44489

 -----------------
  Excitation -1 2 
 -----------------
 Setting up Delta-SCF
 Ground-Excited state overlap:          -0.000000000
 No correction applied to the TDM.
 Excitation energy:                      0.064376889
 Excitation energy (in eV):              1.751784405
 Transition dipole:                      0.00513      -0.03968       0.01488
 TOTAL ENERGY:                        -261.822591756
 Saving results in set 'res'

 --------------------------------------------------------------------------------
                                  command: print                                 
 --------------------------------------------------------------------------------
 res.energy:                          -261.8225917559

 --------------------------------------------------------------------------------
                                  command: print                                 
 --------------------------------------------------------------------------------

 res.dipole:
                      1
 1        -2.1202096493
 2        -0.0834495494
 3         0.8458270013

 --------------------------------------------------------------------------------
                                  command: print                                 
 --------------------------------------------------------------------------------

 res.atomic_charges:
                      1
 1         0.3736752820
 2        -0.0564491053
 3        -0.1086701826
 4        -0.0930846373
 5        -0.0769203113
 6        -0.2369673332
 7         0.1299483733
 8        -0.0291280861
 9        -0.0284128417
 10        0.1183810019
 11       -0.0892101477
 12       -0.0576831983
 13       -0.0780833853
 14        0.0143494948
 15       -0.2948031518
 16        0.1403778887
 17       -0.0387201094
 18       -0.1140519312
 19        0.1618641874
 20       -0.0834164422
 21        0.3357409699
 22       -0.4204824780
 23       -0.1298130110
 24       -0.2502598776
 25        0.1499395229
 26       -0.0211088197
 27       -0.0355654765
 28        0.1158738421
 29       -0.0922865681
 30       -0.0527085721
 31       -0.0934364645
 32       -0.3014997361
 33        0.1026841534
 34        0.0033490738
 35       -0.1130547281
 36        0.1477539990
 37       -0.0865147409
 38        0.3445469853
 39       -0.3969361701
 40       -0.1067530639
 41        0.5194631242
 42       -0.4697034345
 43       -0.2892452725
 44        0.1051846650
 45        0.0516284940
 46        0.0519253362
 47        0.0391819555
 48        0.0426406227
 49        0.0455563806
 50        0.0435693729
 51        0.0362071545
 52        0.0361876933
 53        0.0402248359
 54        0.0594145031
 55        0.0254656352
 56        0.0207031808
 57        0.0359250062
 58        0.0384880229
 59        0.0474042517
 60        0.0594372633
 61        0.0594036590
 62        0.0492289728
 63        0.0489074962
 64        0.0381415093
 65        0.0416499207
 66        0.0327987956
 67        0.0304739561
 68        0.0366044702
 69        0.0317908834
 70        0.0312911946
 71        0.0344639805
 72        0.0389467528
 73        0.0615425915
 74        0.0377966084
 75        0.0634833041
 76        0.0600454222
 77        0.0325821264
 78        0.0312898318
 79        0.0467687274
 80        0.3735838735
 81       -0.0589662496
 82       -0.1043357591
 83       -0.0913524183
 84       -0.0756159341
 85       -0.2345625605
 86        0.1307558354
 87       -0.0310244248
 88       -0.0292479697
 89        0.1147057486
 90       -0.0894835444
 91       -0.0574888511
 92       -0.0768505731
 93        0.0114429504
 94       -0.2926057600
 95        0.1418866457
 96       -0.0364645216
 97       -0.1162979042
 98        0.1628901971
 99       -0.0838325462
 100       0.3353930061
 101      -0.4241484730
 102      -0.1291043693
 103      -0.2518692415
 104       0.1463140683
 105      -0.0214973455
 106      -0.0354027203
 107       0.1186661193
 108      -0.0905884313
 109      -0.0529705967
 110      -0.0927792571
 111      -0.3032949415
 112       0.1006553627
 113       0.0037596064
 114      -0.1120888290
 115       0.1476529880
 116      -0.0863797413
 117       0.3460637899
 118      -0.3987194006
 119      -0.1075497121
 120       0.5202889594
 121      -0.4648302140
 122      -0.2907957288
 123       0.1060869270
 124       0.0529005297
 125       0.0534592898
 126       0.0392399527
 127       0.0435674390
 128       0.0462093410
 129       0.0426336873
 130       0.0400112453
 131       0.0348776569
 132       0.0400982237
 133       0.0612722730
 134       0.0251600629
 135       0.0202383490
 136       0.0359586121
 137       0.0394721960
 138       0.0458060382
 139       0.0623280366
 140       0.0582945733
 141       0.0499636425
 142       0.0492467897
 143       0.0349884517
 144       0.0373934567
 145       0.0343159044
 146       0.0294642608
 147       0.0334486123
 148       0.0328325189
 149       0.0297195555
 150       0.0368380289
 151       0.0391164942
 152       0.0635397607
 153       0.0382053887
 154       0.0636583078
 155       0.0588734588
 156       0.0311446507
 157       0.0273030897
 158       0.0490888637

 --------------------------------------------------------------------------------
                                  command: print                                 
 --------------------------------------------------------------------------------
 res.excitation_1_energy:                0.0562095382

 --------------------------------------------------------------------------------
                                  command: print                                 
 --------------------------------------------------------------------------------
 res.excitation_1_transition_dipole : [
  -0.0021990476629718094,
  -0.035892106224186024,
  0.02431787200303791
]

 --------------------------------------------------------------------------------
                                  command: print                                 
 --------------------------------------------------------------------------------

 res.excitation_1_transition_charges:
                      1
 1         0.0000363407
 2         0.0006951949
 3         0.0003268501
 4        -0.0005319224
 5        -0.0002104929
 6         0.0009813320
 7         0.0002447672
 8         0.0000003649
 9         0.0000050337
 10       -0.0002609312
 11       -0.0000198191
 12        0.0000299908
 13        0.0000027157
 14        0.0000040530
 15       -0.0003652364
 16       -0.0003251535
 17       -0.0006764040
 18       -0.0001942252
 19       -0.0003085104
 20       -0.0000097782
 21       -0.0000378338
 22       -0.0000519500
 23       -0.0000019069
 24       -0.0009708967
 25       -0.0001730097
 26       -0.0000149952
 27        0.0000021477
 28        0.0003340075
 29       -0.0000241054
 30        0.0000199770
 31       -0.0000190529
 32        0.0001811968
 33        0.0004369163
 34        0.0004152250
 35        0.0001852469
 36        0.0002968815
 37        0.0000122216
 38        0.0000540055
 39        0.0000927223
 40        0.0000045652
 41        0.0000254151
 42        0.0000142825
 43        0.0000024374
 44        0.0000017070
 45       -0.0000003454
 46       -0.0000004984
 47        0.0000069997
 48        0.0000058651
 49       -0.0000084105
 50       -0.0000020499
 51       -0.0000024389
 52       -0.0000035004
 53        0.0000014856
 54        0.0000059434
 55        0.0000006615
 56        0.0000006607
 57        0.0000005760
 58       -0.0000929447
 59       -0.0000741380
 60       -0.0000037652
 61       -0.0000000587
 62       -0.0000037694
 63       -0.0000135093
 64        0.0000251928
 65       -0.0000023190
 66       -0.0000063456
 67       -0.0000033091
 68        0.0000028600
 69        0.0000021777
 70       -0.0000010973
 71       -0.0000102897
 72       -0.0000188320
 73        0.0000446391
 74        0.0000066322
 75        0.0000848225
 76        0.0000358617
 77        0.0000002585
 78        0.0000005755
 79        0.0000005775
 80        0.0000199618
 81       -0.0000590078
 82        0.0000128627
 83        0.0000285320
 84       -0.0000114615
 85       -0.0000303172
 86       -0.0000460759
 87       -0.0000042251
 88       -0.0000030062
 89        0.0000207897
 90        0.0000268459
 91       -0.0000124221
 92       -0.0000005122
 93       -0.0000021904
 94       -0.0000020083
 95        0.0000954910
 96        0.0001045532
 97        0.0000474360
 98        0.0000297062
 99        0.0000009998
 100       0.0000079598
 101       0.0000165159
 102       0.0000005532
 103       0.0000049990
 104       0.0000409331
 105       0.0000008537
 106      -0.0000004812
 107      -0.0000926126
 108       0.0000025241
 109      -0.0000050906
 110      -0.0000000550
 111      -0.0000179219
 112      -0.0001015994
 113      -0.0000930993
 114      -0.0000462741
 115      -0.0000772720
 116      -0.0000042333
 117      -0.0000115300
 118      -0.0000208742
 119      -0.0000008240
 120      -0.0000018650
 121      -0.0000015335
 122      -0.0000002513
 123      -0.0000001505
 124      -0.0000000025
 125       0.0000002619
 126      -0.0000023772
 127      -0.0000028836
 128      -0.0000008510
 129       0.0000022189
 130       0.0000166468
 131       0.0000045202
 132      -0.0000000607
 133      -0.0000013177
 134      -0.0000005802
 135      -0.0000002384
 136       0.0000000086
 137       0.0000128547
 138       0.0000101107
 139       0.0000012144
 140      -0.0000000031
 141       0.0000013185
 142       0.0000027872
 143      -0.0000103240
 144       0.0000000624
 145      -0.0000005487
 146       0.0000000882
 147      -0.0000002544
 148      -0.0000005775
 149      -0.0000000316
 150      -0.0000001432
 151      -0.0000004723
 152      -0.0000097699
 153      -0.0000015715
 154      -0.0000201580
 155      -0.0000019845
 156      -0.0000000137
 157      -0.0000000559
 158      -0.0000000380

 --------------------------------------------------------------------------------
                                  command: print                                 
 --------------------------------------------------------------------------------
 res.excitation_1_excited_dipole : [
  14.526875912877337,
  1.0242309835044132,
  2.149459361356481
]

 --------------------------------------------------------------------------------
                                  command: print                                 
 --------------------------------------------------------------------------------

 res.excitation_1_excited_atomic_charges:
                      1
 1         0.3731707739
 2        -0.1141176952
 3        -0.1533083654
 4        -0.1441143761
 5        -0.1117131343
 6        -0.3411432285
 7         0.1165353121
 8        -0.0293565650
 9        -0.0291476818
 10        0.1023334189
 11       -0.0916556685
 12       -0.0592279857
 13       -0.0783900142
 14        0.0140058734
 15       -0.3050514777
 16        0.1070006065
 17       -0.1387864715
 18       -0.1628737424
 19        0.1407812062
 20       -0.0838442536
 21        0.3186176859
 22       -0.4427873131
 23       -0.1302846885
 24       -0.3605730409
 25        0.1407914194
 26       -0.0221005623
 27       -0.0360859232
 28        0.0895568116
 29       -0.0934222030
 30       -0.0545363649
 31       -0.0937268680
 32       -0.3046292404
 33        0.0539409659
 34       -0.0610156578
 35       -0.1494480658
 36        0.1233704657
 37       -0.0872896097
 38        0.3302719760
 39       -0.4166274721
 40       -0.1068740233
 41        0.5180260950
 42       -0.4704873041
 43       -0.2894156467
 44        0.1051179698
 45        0.0515525945
 46        0.0519144342
 47        0.0385226940
 48        0.0422375224
 49        0.0450146751
 50        0.0430814595
 51        0.0350049555
 52        0.0356054971
 53        0.0399604096
 54        0.0590189198
 55        0.0254319215
 56        0.0206597470
 57        0.0358692029
 58        0.0278753845
 59        0.0377523284
 60        0.0573449015
 61        0.0594001600
 62        0.0471908192
 63        0.0481584530
 64        0.0357703891
 65        0.0415141452
 66        0.0323099322
 67        0.0302692074
 68        0.0365222191
 69        0.0314185292
 70        0.0312540450
 71        0.0344050707
 72        0.0383121883
 73        0.0559171460
 74        0.0369926083
 75        0.0526204516
 76        0.0585037471
 77        0.0325750843
 78        0.0312522781
 79        0.0467399578
 80        0.3754793452
 81       -0.0437139054
 82       -0.1014730374
 83       -0.0809051835
 84       -0.0727404700
 85       -0.2292531610
 86        0.2037034434
 87       -0.0293723163
 88       -0.0272799051
 89        0.1985071610
 90       -0.0811552404
 91       -0.0509985322
 92       -0.0766136415
 93        0.0122662746
 94       -0.2755661058
 95        0.2242263407
 96        0.0447467052
 97       -0.0943526774
 98        0.2405114281
 99       -0.0809764284
 100       0.3373821552
 101      -0.4184226882
 102      -0.1288247647
 103      -0.2512355669
 104       0.2185600442
 105      -0.0200058794
 106      -0.0332219457
 107       0.1962877282
 108      -0.0831658357
 109      -0.0467388907
 110      -0.0919834814
 111      -0.2987058695
 112       0.1982667707
 113       0.0534040722
 114      -0.0881166131
 115       0.2028645726
 116      -0.0833951524
 117       0.3500081608
 118      -0.3887291811
 119      -0.1072732332
 120       0.5206145508
 121      -0.4643517962
 122      -0.2907243365
 123       0.1061106300
 124       0.0529563267
 125       0.0542549487
 126       0.0418799376
 127       0.0464830336
 128       0.0490306832
 129       0.0429413234
 130       0.0411026544
 131       0.0360536702
 132       0.0402692166
 133       0.0617112422
 134       0.0256051371
 135       0.0203884674
 136       0.0359790742
 137       0.0520523504
 138       0.0554586150
 139       0.0626602919
 140       0.0582960990
 141       0.0503433133
 142       0.0560813262
 143       0.0461456554
 144       0.0378800434
 145       0.0351094715
 146       0.0303641460
 147       0.0336657570
 148       0.0331731121
 149       0.0297943850
 150       0.0371267872
 151       0.0397884862
 152       0.0688880399
 153       0.0390940505
 154       0.0755913740
 155       0.0591634981
 156       0.0311461575
 157       0.0273188472
 158       0.0490999188

 --------------------------------------------------------------------------------
                                  command: print                                 
 --------------------------------------------------------------------------------
 res.excitation_2_energy:                0.0959809859

 --------------------------------------------------------------------------------
                                  command: print                                 
 --------------------------------------------------------------------------------
 res.excitation_2_transition_dipole : [
  -0.4689343022686539,
  4.3507931700685,
  -0.23433090748969862
]

 --------------------------------------------------------------------------------
                                  command: print                                 
 --------------------------------------------------------------------------------

 res.excitation_2_transition_charges:
                      1
 1        -0.0000051107
 2        -0.0204928549
 3         0.0175633127
 4         0.0160855924
 5        -0.0149357134
 6        -0.0014496793
 7        -0.0302083227
 8         0.0001413014
 9         0.0001655488
 10        0.0367414592
 11        0.0045292678
 12       -0.0029154924
 13       -0.0002022027
 14       -0.0005056045
 15        0.0107275807
 16        0.0508327952
 17        0.0926247166
 18        0.0304827251
 19        0.0407936459
 20        0.0012132016
 21        0.0054183115
 22        0.0106474047
 23        0.0002735014
 24       -0.0052526306
 25        0.0248752865
 26        0.0003645868
 27       -0.0009967878
 28       -0.0474207115
 29        0.0028484172
 30       -0.0034793097
 31       -0.0004847848
 32       -0.0012651712
 33       -0.0692683962
 34       -0.0581131017
 35       -0.0290539495
 36       -0.0388235491
 37       -0.0015984119
 38       -0.0074020492
 39       -0.0136462905
 40       -0.0000796771
 41       -0.0002339464
 42       -0.0003849045
 43       -0.0000561001
 44       -0.0000128809
 45        0.0000169502
 46        0.0000901029
 47       -0.0013730569
 48       -0.0010427394
 49        0.0011671954
 50        0.0004151746
 51        0.0011832612
 52        0.0008334182
 53       -0.0000632379
 54       -0.0003056630
 55       -0.0000841875
 56       -0.0000610182
 57        0.0000158014
 58        0.0116389035
 59        0.0099479190
 60        0.0007710803
 61       -0.0000046752
 62        0.0008091274
 63        0.0020230388
 64       -0.0053050195
 65        0.0002435149
 66        0.0004967730
 67        0.0002897549
 68       -0.0001373324
 69       -0.0003820674
 70       -0.0000558341
 71       -0.0001163000
 72       -0.0006943888
 73       -0.0058194474
 74       -0.0008375156
 75       -0.0115730856
 76       -0.0001111493
 77        0.0000009237
 78       -0.0000139190
 79       -0.0000062036
 80        0.0000004839
 81        0.0000006589
 82        0.0000005578
 83       -0.0000002341
 84       -0.0000004908
 85        0.0000017748
 86       -0.0000002966
 87       -0.0000000114
 88        0.0000000056
 89        0.0000001687
 90        0.0000008704
 91       -0.0000000596
 92       -0.0000000027
 93       -0.0000000110
 94        0.0000001062
 95        0.0000007775
 96        0.0000008417
 97        0.0000003669
 98        0.0000002421
 99        0.0000000074
 100       0.0000000580
 101       0.0000001403
 102       0.0000000026
 103      -0.0000007873
 104       0.0000003228
 105      -0.0000000042
 106      -0.0000000075
 107      -0.0000008285
 108       0.0000000369
 109      -0.0000000507
 110      -0.0000000008
 111       0.0000007530
 112      -0.0000008742
 113      -0.0000008114
 114      -0.0000003678
 115      -0.0000006657
 116      -0.0000000318
 117      -0.0000000839
 118      -0.0000001555
 119       0.0000000262
 120       0.0000000623
 121       0.0000000277
 122       0.0000000060
 123       0.0000000050
 124       0.0000000022
 125       0.0000000025
 126      -0.0000000246
 127      -0.0000000223
 128       0.0000000075
 129      -0.0000000400
 130       0.0000004497
 131       0.0000000483
 132       0.0000000022
 133      -0.0000000040
 134      -0.0000000029
 135      -0.0000000014
 136       0.0000000001
 137       0.0000000933
 138       0.0000000811
 139       0.0000000099
 140      -0.0000000002
 141       0.0000000098
 142       0.0000000260
 143      -0.0000001025
 144       0.0000000007
 145      -0.0000000011
 146       0.0000000017
 147      -0.0000000021
 148      -0.0000000066
 149      -0.0000000003
 150      -0.0000000016
 151      -0.0000000048
 152      -0.0000000879
 153      -0.0000000106
 154      -0.0000001648
 155       0.0000000916
 156       0.0000000009
 157       0.0000000010
 158       0.0000000012

 --------------------------------------------------------------------------------
                                  command: print                                 
 --------------------------------------------------------------------------------
 res.excitation_3_energy:                0.0955731367

 --------------------------------------------------------------------------------
                                  command: print                                 
 --------------------------------------------------------------------------------
 res.excitation_3_transition_dipole : [
  -0.10116848918576332,
  -2.717975785987596,
  3.444892843752601
]

 --------------------------------------------------------------------------------
                                  command: print                                 
 --------------------------------------------------------------------------------

 res.excitation_3_transition_charges:
                      1
 1         0.0000041860
 2        -0.0000002105
 3        -0.0000001150
 4         0.0000013618
 5         0.0000004653
 6         0.0000003527
 7        -0.0000004460
 8         0.0000000236
 9         0.0000000048
 10        0.0000009076
 11        0.0000000479
 12        0.0000000141
 13        0.0000000037
 14       -0.0000000036
 15        0.0000035744
 16        0.0000002314
 17        0.0000014021
 18        0.0000003172
 19        0.0000010358
 20        0.0000000221
 21        0.0000000581
 22        0.0000000676
 23        0.0000000031
 24        0.0000036520
 25        0.0000000068
 26        0.0000001006
 27       -0.0000000135
 28        0.0000000617
 29        0.0000000816
 30        0.0000000722
 31        0.0000018276
 32        0.0000025088
 33       -0.0000008780
 34       -0.0000004256
 35       -0.0000003139
 36        0.0000001142
 37        0.0000000029
 38       -0.0000000859
 39       -0.0000001524
 40        0.0000000148
 41        0.0000000167
 42        0.0000000003
 43       -0.0000000026
 44        0.0000000062
 45        0.0000000018
 46        0.0000000006
 47       -0.0000000127
 48       -0.0000000212
 49        0.0000000622
 50        0.0000000033
 51        0.0000000036
 52        0.0000000001
 53        0.0000000016
 54        0.0000000140
 55       -0.0000000003
 56        0.0000000006
 57       -0.0000000015
 58        0.0000001918
 59        0.0000001739
 60        0.0000000050
 61        0.0000000006
 62        0.0000000055
 63       -0.0000000098
 64       -0.0000000931
 65        0.0000000063
 66        0.0000000235
 67        0.0000000102
 68        0.0000000462
 69       -0.0000000044
 70        0.0000000624
 71        0.0000033212
 72        0.0000008226
 73       -0.0000000304
 74       -0.0000000086
 75       -0.0000000766
 76        0.0000000564
 77        0.0000000013
 78        0.0000000003
 79       -0.0000000004
 80        0.0002278588
 81       -0.0308320304
 82        0.0105727107
 83        0.0215718377
 84       -0.0092046938
 85       -0.0126488525
 86       -0.0306299238
 87        0.0001648196
 88        0.0000230127
 89        0.0373296789
 90        0.0043613156
 91       -0.0030434560
 92       -0.0002125505
 93       -0.0005532233
 94        0.0136020986
 95        0.0530167336
 96        0.0878634026
 97        0.0324017544
 98        0.0402729731
 99        0.0012134186
 100       0.0056475756
 101       0.0110613964
 102       0.0003308967
 103       0.0064771210
 104       0.0261771838
 105       0.0004797686
 106      -0.0008430387
 107      -0.0441794522
 108       0.0027937538
 109      -0.0033659675
 110      -0.0004561786
 111      -0.0035044111
 112      -0.0693468774
 113      -0.0571443789
 114      -0.0299677828
 115      -0.0355921372
 116      -0.0016229069
 117      -0.0075791399
 118      -0.0142696747
 119      -0.0001419333
 120      -0.0007482152
 121      -0.0006340792
 122      -0.0001232899
 123      -0.0000434169
 124       0.0000208264
 125       0.0000839952
 126      -0.0013832503
 127      -0.0010478262
 128       0.0011092586
 129       0.0003738074
 130       0.0011409777
 131       0.0008376919
 132      -0.0000677002
 133      -0.0003402628
 134      -0.0000845992
 135      -0.0000629974
 136       0.0000060487
 137       0.0113653224
 138       0.0094873208
 139       0.0008138110
 140      -0.0000024060
 141       0.0008932870
 142       0.0019677892
 143      -0.0051163983
 144       0.0002602076
 145       0.0005406369
 146       0.0003056166
 147      -0.0001373709
 148      -0.0003549464
 149      -0.0000506451
 150      -0.0001144743
 151      -0.0006290672
 152      -0.0054387752
 153      -0.0008616160
 154      -0.0116546550
 155      -0.0007352600
 156      -0.0000040252
 157      -0.0000270540
 158      -0.0000194221

 --------------------------------------------------------------------------------
                                  command: print                                 
 --------------------------------------------------------------------------------
 res.excitation_4_energy:                0.0643768895

 --------------------------------------------------------------------------------
                                  command: print                                 
 --------------------------------------------------------------------------------
 res.excitation_4_transition_dipole : [
  0.005131937654545357,
  -0.03967894978185925,
  0.014883484631241426
]

 --------------------------------------------------------------------------------
                                  command: print                                 
 --------------------------------------------------------------------------------

 res.excitation_4_transition_charges:
                      1
 1         0.0000401510
 2         0.0000066409
 3        -0.0000107347
 4        -0.0000394569
 5         0.0000310993
 6         0.0000073902
 7         0.0000557463
 8        -0.0000013811
 9        -0.0000014240
 10       -0.0001246519
 11       -0.0000013863
 12        0.0000006067
 13       -0.0000002040
 14        0.0000004569
 15       -0.0000816981
 16       -0.0000344233
 17       -0.0001919579
 18       -0.0000462737
 19       -0.0001370898
 20       -0.0000028031
 21       -0.0000082382
 22       -0.0000137074
 23       -0.0000002184
 24        0.0000213805
 25        0.0000000457
 26       -0.0000036498
 27        0.0000043357
 28       -0.0000046034
 29       -0.0000091701
 30        0.0000072942
 31        0.0000300670
 32        0.0000032996
 33        0.0001408963
 34        0.0000616593
 35        0.0000504563
 36       -0.0000130306
 37        0.0000003275
 38        0.0000126726
 39        0.0000247770
 40       -0.0000004283
 41       -0.0000000650
 42        0.0000001607
 43        0.0000000629
 44       -0.0000000208
 45        0.0000002529
 46        0.0000000253
 47        0.0000021075
 48        0.0000037716
 49       -0.0000066237
 50       -0.0000007834
 51        0.0000007904
 52        0.0000002380
 53        0.0000002045
 54       -0.0000007280
 55        0.0000000725
 56       -0.0000000670
 57        0.0000000306
 58       -0.0000240104
 59       -0.0000233019
 60       -0.0000010086
 61        0.0000000318
 62       -0.0000011845
 63        0.0000029056
 64        0.0000209829
 65       -0.0000006534
 66       -0.0000018468
 67       -0.0000009967
 68       -0.0000018706
 69        0.0000009513
 70        0.0000030621
 71        0.0000060778
 72        0.0000285577
 73        0.0000040251
 74        0.0000011058
 75        0.0000105773
 76       -0.0000001863
 77        0.0000000034
 78        0.0000000018
 79        0.0000000145
 80        0.0000081777
 81        0.0003455963
 82        0.0004193904
 83       -0.0001831890
 84       -0.0003953500
 85        0.0007618281
 86       -0.0001973538
 87        0.0000011201
 88        0.0000048269
 89        0.0002876325
 90        0.0000688222
 91       -0.0000145759
 92       -0.0000011331
 93       -0.0000027939
 94       -0.0001161975
 95        0.0004312369
 96        0.0007042301
 97        0.0002487276
 98        0.0003281327
 99        0.0000085202
 100       0.0000415295
 101       0.0000938048
 102       0.0000013030
 103      -0.0008140442
 104       0.0002041629
 105      -0.0000016868
 106      -0.0000119898
 107      -0.0003951201
 108       0.0000164251
 109      -0.0000335706
 110      -0.0000049353
 111       0.0001421927
 112      -0.0005958737
 113      -0.0004979634
 114      -0.0002415175
 115      -0.0003066690
 116      -0.0000127069
 117      -0.0000548120
 118      -0.0001055253
 119       0.0000041171
 120       0.0000245368
 121       0.0000103786
 122       0.0000026677
 123       0.0000014312
 124      -0.0000005632
 125       0.0000007923
 126      -0.0000144431
 127      -0.0000067564
 128       0.0000050236
 129      -0.0000033428
 130       0.0000315547
 131       0.0000098575
 132       0.0000001617
 133      -0.0000012598
 134      -0.0000004246
 135      -0.0000004146
 136       0.0000004579
 137       0.0000821859
 138       0.0000761378
 139       0.0000066253
 140      -0.0000001721
 141       0.0000066242
 142       0.0000178038
 143      -0.0000513283
 144       0.0000007007
 145      -0.0000027845
 146       0.0000022891
 147      -0.0000011366
 148      -0.0000040740
 149      -0.0000005457
 150      -0.0000012985
 151      -0.0000064310
 152      -0.0000489450
 153      -0.0000057546
 154      -0.0000962279
 155       0.0000350959
 156       0.0000002791
 157       0.0000004771
 158       0.0000006143

 --------------------------------------------------------------------------------

 End time:                               Tue Jul  6 09:34:46 2021
 Total wall-clock time:                  2.058 seconds
==================================================================================
