
================================================================================
          _____________ ________ _______________ ________     _________         
         / ___________// ______ \\_____   _____// ______ \   / ________)        
        / /_________  / /      \ \     | |     / /      \ \ | (_______          
       |  __________|| |        | |    | |    | |        | | \________ \        
        \ \_________ | |        | |    | |     \ \______/ /___________) |       
         \__________||_|        |_|    |_|      \________//____________/        
                                                                                
====================================[ Qcore ]===================================

 Git hash:   ad9d0b24ea610736acb9cf13a2604964cd4d942e
 Git date:   Wed, 30 Jun 2021 12:42:56 +0100
 Compiler:   GNU 9.1.0
 Build type: Release
 Version:    1.4.1

 Start time: Wed Jun 30 13:19:29 2021

 Data directory: /home/of15641/.local/src/Qcore/release/share/entos/1.4.1/data
 Number of threads: 2
 Number of threads was determined by: command line argument
  - More threads can be used by running 'qcore -n 24'

 --------------------------------------------------------------------------------
                                   command: xtb                                  
 --------------------------------------------------------------------------------
 XTB basis setup:                        reference basis
 Number of basis functions:            488
 GFN version:                            chlorophyll
 Integral screening threshold:           1.00e-10
 Total charge:                           0.000000000
 Number of electrons:                  436.000000000
 Electronic temperature (Kelvin):        0.000000000

 D3BJ energy:                           -0.129363298
 Repulsive energy:                       3.043113226

 ****************************************************
  Running robust self-consistent charge (SCC) solver 
 ****************************************************
 Number of SCC trials:                   4
 Using the stop-early mechanism for the first 3 trials

 Conv. threshold (charge):               1.00e-05
 Conv. threshold (energy):               1.00e-06
 Initial guess:                          eeq

 -------------
  SCC Trial 1 
 -------------
 Broyden mixing factor:                  0.400000000
 Max number of iterations:             128

 ---------------------------------------------------------------
                  energy        change          grad        time
 ---------------------------------------------------------------
   0      -260.597861881                    6.61e-01        0.06
   1      -261.783871007     -1.19e+00      3.88e-01        0.05
   2      -261.802461217     -1.86e-02      1.04e-01        0.04
   3      -261.825956676     -2.35e-02      1.03e-02        0.04
   4      -261.827172129     -1.22e-03      5.28e-03        0.04
   5      -261.830844960     -3.67e-03      1.41e-03        0.04
   6      -261.831087584     -2.43e-04      3.79e-04        0.04
   7      -261.831099201     -1.16e-05      1.61e-04        0.04
   8      -261.831101113     -1.91e-06      5.59e-05        0.04
   9      -261.831101247     -1.34e-07      3.01e-05        0.04
  10      -261.831101331     -8.36e-08      9.65e-06        0.04
  11      -261.831101335     -4.53e-09      2.99e-06        0.04

 SCF converged in 10 iterations.

 Entropy contribution (-ST):             0.000000000
 Dipole moment (in Debye):              -5.488249      -0.048812       2.619952

 ----------------
  Excitation 0 1 
 ----------------
 Setting up Delta-SCF
 Ground-Excited state overlap:          -0.000000000
 No correction applied to the TDM.
 Excitation energy:                      0.054992466
 Excitation energy (in eV):              1.496421234
 Transition dipole:                      0.00445       0.03843      -0.03000
 ------------------------------------------------------
           transition charges and positions           
           --------------------------------           
        atom     charge/e     x/bohr        y/bohr        z/bohr
 ------------------------------------------------------
     1  Mg      -0.000056      0.000000      0.000000      0.000000
     2  C       -0.000811     -0.410071     -4.191413      5.293123
     3  C       -0.000422     -2.371606      4.614711      3.828585
     4  C        0.000609     -0.462983      3.495993     -4.845258
     5  C        0.000246      0.275900     -5.336587     -3.849372
     6  N       -0.001206     -1.165961     -0.017008      4.017558
     7  C       -0.000252     -1.122497     -1.715871      5.867600
     8  C       -0.000001     -1.768784     -0.583925      8.507547
     9  C       -0.000007     -3.350484      1.821696      7.619376
    10  C        0.000267     -2.182634      2.207200      5.026671
    11  C        0.000016     -6.166176      1.294462      7.300012
    12  C       -0.000033      0.651956      0.207870     10.013659
    13  C       -0.000003      0.234326      0.750221     12.825571
    14  H       -0.000004      2.207200      0.062361     14.613252
    15  N        0.000455     -0.349599      3.705753     -0.287238
    16  C        0.000313     -1.328477      5.291233      1.468317
    17  C        0.000712     -1.171630      7.853702      0.364717
    18  C        0.000175     -0.353379      7.587250     -2.314915
    19  C        0.000326     -0.404401      4.881163     -2.607822
    20  C        0.000010     -1.676187     10.215859      1.840593
    21  C        0.000033      0.342040      9.473197     -4.302906
    22  O        0.000040      0.572587      8.862816     -6.629159
    23  C        0.000002      0.585815     12.120703     -3.471427
    24  N        0.001189     -0.500777     -0.780457     -3.834254
    25  C        0.000173     -0.527234      1.075254     -5.550126
    26  C        0.000021     -0.370386      0.045353     -8.186294
    27  C       -0.000002      0.234326     -2.896950     -7.899055
    28  C       -0.000363      0.162516     -3.084033     -4.979428
    29  C        0.000027     -2.741993      0.387394     -9.820907
    30  C       -0.000020      2.594594     -3.911733     -9.303122
    31  C        0.000032      4.962421     -2.815692     -8.137161
    32  N       -0.000226      0.283459     -4.051573      0.572587
    33  C       -0.000430      0.326923     -5.926181     -1.300132
    34  C       -0.000439      0.326923     -8.386605      0.007559
    35  C       -0.000187      0.251334     -7.768664      2.566248
    36  C       -0.000320      0.156847     -5.092812      2.838369
    37  C       -0.000013      0.281569    -10.799785     -1.177299
    38  C       -0.000057      0.181414     -8.747542      5.132496
    39  O       -0.000095      0.393063    -10.860256      6.086808
    40  C       -0.000006     -0.481880     -6.477981      6.993876
    41  C       -0.000030      1.354934     -6.580026      9.161392
    42  O       -0.000016      3.649061     -6.151059      8.823131
    43  O       -0.000003      0.071810     -6.719866     11.344026
    44  C       -0.000002      1.782012     -6.770889     13.573903
    45  H        0.000000     -3.513001      6.084918      4.718646
    46  H        0.000001     -0.411960      4.635498     -6.564909
    47  H       -0.000006      0.521564     -7.080804     -4.922737
    48  H       -0.000005     -2.936634     -1.793350      9.698074
    49  H        0.000009     -2.995216      3.460089      8.815572
    50  H        0.000002     -6.583806     -0.712427      7.500323
    51  H        0.000001     -6.634828      1.940749      5.400837
    52  H        0.000003     -7.279225      2.458534      8.585026
    53  H       -0.000001      1.264227      2.071140      9.384380
    54  H       -0.000007      2.135391     -1.207535      9.805789
    55  H       -0.000001     -1.594929      0.049133     13.464299
    56  H       -0.000001      0.117163      2.791125     13.078795
    57  H       -0.000001     -2.539792      9.800120      3.662289
    58  H        0.000100     -3.119938     11.268437      0.816362
    59  H        0.000077      0.013228     11.376151      2.048463
    60  H        0.000003     -1.199976     12.744313     -2.655065
    61  H        0.000000      1.256668     13.171391     -5.109819
    62  H        0.000004      1.980433     12.218969     -1.957756
    63  H        0.000013      1.148953      0.946753     -9.242650
    64  H       -0.000024     -1.307690     -4.074250     -8.592585
    65  H        0.000003     -2.394283      1.398397    -11.582131
    66  H        0.000007     -4.164956      1.349264     -8.685181
    67  H        0.000004     -3.717091     -1.360603    -10.304677
    68  H       -0.000004      2.562469     -3.324028    -11.275996
    69  H       -0.000000      2.743882     -5.965865     -9.263437
    70  H        0.000003      5.128717     -0.986437     -9.066906
    71  H        0.000015      6.589475     -4.008109     -8.558570
    72  H        0.000042      4.714867     -2.462313     -6.122713
    73  H       -0.000050      1.638393    -11.967636     -0.158737
    74  H       -0.000006      0.763449    -10.661835     -3.174740
    75  H       -0.000090     -1.683746    -11.336467     -0.874943
    76  H       -0.000043     -2.424519     -6.767109      7.611817
    77  H       -0.000000      1.319029     -8.462194     14.654826
    78  H       -0.000001      1.574142     -4.949193     14.513097
    79  H       -0.000000      3.779452     -7.094032     13.182729
    80  Mg      -0.000023     14.896976      1.341139      1.131625
    81  C        0.000056     15.163314     -0.383199     -5.403577
    82  C       -0.000025     13.691330     -4.859109      2.428393
    83  C       -0.000027     13.805111      2.951714      6.799669
    84  C        0.000026     13.989397      7.560889     -0.834068
    85  N        0.000007     14.524378     -2.016565     -1.335658
    86  C        0.000056     14.780852     -2.442754     -3.798028
    87  C        0.000009     14.747612     -5.302439     -4.497624
    88  C        0.000005     13.229179     -6.356604     -2.118383
    89  C       -0.000006     13.906816     -4.327567     -0.205659
    90  C       -0.000050     10.370704     -6.365599     -2.488656
    91  C        0.000019     17.468855     -6.455323     -4.642660
    92  C        0.000001     17.643504     -9.053205     -5.905923
    93  H        0.000004     19.858489     -9.639191     -7.426321
    94  N        0.000010     14.805929     -0.702468      4.254548
    95  C       -0.000135     14.315526     -3.209038      4.429480
    96  C       -0.000138     14.469142     -3.835993      7.148324
    97  C       -0.000060     14.734402     -1.423587      8.573404
    98  C       -0.000029     14.405080      0.398487      6.577683
    99  C       -0.000001     14.453192     -6.488847      8.135592
   100  C       -0.000010     15.189600     -0.851057     11.304247
   101  O       -0.000021     14.919350      1.370713     12.214131
   102  C       -0.000001     15.805726     -3.019140     12.941260
   103  N        0.000013     13.608730      4.690999      2.768789
   104  C       -0.000051     13.407512      4.923077      5.277627
   105  C       -0.000001     12.971231      7.620169      6.032648
   106  C        0.000000     13.374801      9.262908      3.533882
   107  C        0.000154     13.848083      7.083506      1.638997
   108  C       -0.000003     10.367019      8.211049      7.165104
   109  C        0.000007     15.330630     11.437076      3.674402
   110  C        0.000000     17.960108     10.358269      3.973376
   111  N        0.000012     14.949416      3.353924     -2.441810
   112  C        0.000144     14.478685      5.933683     -2.824441
   113  C        0.000133     14.525947      6.372856     -5.575561
   114  C        0.000064     14.992879      3.996827     -6.610413
   115  C        0.000131     15.173424      2.179383     -4.633665
   116  C        0.000007     14.055575      8.717685     -6.804318
   117  C        0.000015     15.335014      2.562601     -8.928748
   118  O        0.000025     15.550330      3.113985    -11.180111
   119  C        0.000001     15.229964     -0.368005     -8.253398
   120  C        0.000001     17.432969     -1.624881     -9.537731
   121  O        0.000001     19.647331     -1.150692     -8.879558
   122  O        0.000000     16.584350     -3.503250    -11.014703
   123  C        0.000000     18.679659     -4.864627    -12.301588
   124  H       -0.000000     12.866767     -6.655634      3.019234
   125  H       -0.000001     13.619823      3.627008      8.740796
   126  H        0.000004     13.880208      9.481247     -1.579093
   127  H        0.000004     13.733528     -5.750115     -6.234036
   128  H        0.000000     13.940869     -8.188202     -1.501841
   129  H        0.000001      9.834947     -5.416730     -4.236445
   130  H       -0.000042      9.602095     -5.363307     -0.861129
   131  H       -0.000010      9.624205     -8.282764     -2.377275
   132  H       -0.000000     18.100987     -6.945254     -2.744506
   133  H        0.000002     18.763072     -5.153718     -5.579681
   134  H        0.000001     15.918845     -9.506116     -6.938470
   135  H        0.000000     17.745832    -10.484125     -4.427685
   136  H       -0.000000     13.922992     -7.837337      6.673492
   137  H       -0.000016     12.931944     -6.606936      9.518815
   138  H       -0.000013     16.241043     -6.996390      9.024179
   139  H       -0.000002     14.266941     -4.386943     12.866144
   140  H        0.000000     16.234902     -2.228970     14.793230
   141  H       -0.000002     17.467608     -3.974699     12.185672
   142  H       -0.000003     14.329340      8.217058      7.459543
   143  H        0.000017     11.636707     10.188950      2.928584
   144  H        0.000000     10.453360      9.055001      9.042661
   145  H        0.000002      9.272149      6.467304      7.188310
   146  H        0.000001      9.176453      9.426729      6.005361
   147  H        0.000000     14.970014     12.619988      5.320411
   148  H        0.000001     15.314700     12.654022      2.012445
   149  H        0.000000     18.095734     10.032329      6.001600
   150  H        0.000000     19.372319     11.723237      3.349426
   151  H        0.000001     18.132829      8.528447      3.042761
   152  H        0.000015     15.481203      8.890916     -8.280780
   153  H        0.000002     14.155863     10.290485     -5.478694
   154  H        0.000029     12.147046      8.401968     -7.511208
   155  H        0.000000     13.424463     -1.071872     -8.949082
   156  H       -0.000000     18.294193     -4.798411    -14.324030
   157  H        0.000000     18.806535     -6.718676    -11.412585
   158  H        0.000000     20.531648     -3.963474    -12.228966
 ------------------------------------------------------


 -----------------
  Excitation -1 1 
 -----------------
 Setting up Delta-SCF
 Ground-Excited state overlap:           0.000000000
 No correction applied to the TDM.
 Excitation energy:                      0.095846582
 Excitation energy (in eV):              2.608118364
 Transition dipole:                      0.46854      -4.35155       0.23667
 ------------------------------------------------------
           transition charges and positions           
           --------------------------------           
        atom     charge/e     x/bohr        y/bohr        z/bohr
 ------------------------------------------------------
     1  Mg       0.000004      0.000000      0.000000      0.000000
     2  C        0.020667     -0.410071     -4.191413      5.293123
     3  C       -0.017490     -2.371606      4.614711      3.828585
     4  C       -0.016110     -0.462983      3.495993     -4.845258
     5  C        0.015019      0.275900     -5.336587     -3.849372
     6  N        0.001670     -1.165961     -0.017008      4.017558
     7  C        0.030061     -1.122497     -1.715871      5.867600
     8  C       -0.000141     -1.768784     -0.583925      8.507547
     9  C       -0.000167     -3.350484      1.821696      7.619376
    10  C       -0.036785     -2.182634      2.207200      5.026671
    11  C       -0.004532     -6.166176      1.294462      7.300012
    12  C        0.002903      0.651956      0.207870     10.013659
    13  C        0.000201      0.234326      0.750221     12.825571
    14  H        0.000503      2.207200      0.062361     14.613252
    15  N       -0.010767     -0.349599      3.705753     -0.287238
    16  C       -0.050824     -1.328477      5.291233      1.468317
    17  C       -0.092653     -1.171630      7.853702      0.364717
    18  C       -0.030473     -0.353379      7.587250     -2.314915
    19  C       -0.040789     -0.404401      4.881163     -2.607822
    20  C       -0.001213     -1.676187     10.215859      1.840593
    21  C       -0.005423      0.342040      9.473197     -4.302906
    22  O       -0.010650      0.572587      8.862816     -6.629159
    23  C       -0.000273      0.585815     12.120703     -3.471427
    24  N        0.005348     -0.500777     -0.780457     -3.834254
    25  C       -0.024921     -0.527234      1.075254     -5.550126
    26  C       -0.000367     -0.370386      0.045353     -8.186294
    27  C        0.000999      0.234326     -2.896950     -7.899055
    28  C        0.047254      0.162516     -3.084033     -4.979428
    29  C       -0.002853     -2.741993      0.387394     -9.820907
    30  C        0.003470      2.594594     -3.911733     -9.303122
    31  C        0.000482      4.962421     -2.815692     -8.137161
    32  N        0.001275      0.283459     -4.051573      0.572587
    33  C        0.069068      0.326923     -5.926181     -1.300132
    34  C        0.058204      0.326923     -8.386605      0.007559
    35  C        0.029102      0.251334     -7.768664      2.566248
    36  C        0.038696      0.156847     -5.092812      2.838369
    37  C        0.001590      0.281569    -10.799785     -1.177299
    38  C        0.007450      0.181414     -8.747542      5.132496
    39  O        0.013689      0.393063    -10.860256      6.086808
    40  C        0.000079     -0.481880     -6.477981      6.993876
    41  C        0.000239      1.354934     -6.580026      9.161392
    42  O        0.000386      3.649061     -6.151059      8.823131
    43  O        0.000057      0.071810     -6.719866     11.344026
    44  C        0.000013      1.782012     -6.770889     13.573903
    45  H       -0.000017     -3.513001      6.084918      4.718646
    46  H       -0.000091     -0.411960      4.635498     -6.564909
    47  H        0.001369      0.521564     -7.080804     -4.922737
    48  H        0.001038     -2.936634     -1.793350      9.698074
    49  H       -0.001169     -2.995216      3.460089      8.815572
    50  H       -0.000415     -6.583806     -0.712427      7.500323
    51  H       -0.001181     -6.634828      1.940749      5.400837
    52  H       -0.000833     -7.279225      2.458534      8.585026
    53  H        0.000063      1.264227      2.071140      9.384380
    54  H        0.000304      2.135391     -1.207535      9.805789
    55  H        0.000084     -1.594929      0.049133     13.464299
    56  H        0.000061      0.117163      2.791125     13.078795
    57  H       -0.000016     -2.539792      9.800120      3.662289
    58  H       -0.011643     -3.119938     11.268437      0.816362
    59  H       -0.009948      0.013228     11.376151      2.048463
    60  H       -0.000771     -1.199976     12.744313     -2.655065
    61  H        0.000005      1.256668     13.171391     -5.109819
    62  H       -0.000809      1.980433     12.218969     -1.957756
    63  H       -0.002029      1.148953      0.946753     -9.242650
    64  H        0.005294     -1.307690     -4.074250     -8.592585
    65  H       -0.000243     -2.394283      1.398397    -11.582131
    66  H       -0.000496     -4.164956      1.349264     -8.685181
    67  H       -0.000291     -3.717091     -1.360603    -10.304677
    68  H        0.000136      2.562469     -3.324028    -11.275996
    69  H        0.000380      2.743882     -5.965865     -9.263437
    70  H        0.000055      5.128717     -0.986437     -9.066906
    71  H        0.000116      6.589475     -4.008109     -8.558570
    72  H        0.000691      4.714867     -2.462313     -6.122713
    73  H        0.005817      1.638393    -11.967636     -0.158737
    74  H        0.000838      0.763449    -10.661835     -3.174740
    75  H        0.011576     -1.683746    -11.336467     -0.874943
    76  H        0.000118     -2.424519     -6.767109      7.611817
    77  H       -0.000001      1.319029     -8.462194     14.654826
    78  H        0.000014      1.574142     -4.949193     14.513097
    79  H        0.000006      3.779452     -7.094032     13.182729
    80  Mg      -0.000001     14.896976      1.341139      1.131625
    81  C       -0.000002     15.163314     -0.383199     -5.403577
    82  C       -0.000001     13.691330     -4.859109      2.428393
    83  C        0.000001     13.805111      2.951714      6.799669
    84  C        0.000001     13.989397      7.560889     -0.834068
    85  N       -0.000006     14.524378     -2.016565     -1.335658
    86  C        0.000000     14.780852     -2.442754     -3.798028
    87  C       -0.000000     14.747612     -5.302439     -4.497624
    88  C       -0.000000     13.229179     -6.356604     -2.118383
    89  C       -0.000000     13.906816     -4.327567     -0.205659
    90  C       -0.000002     10.370704     -6.365599     -2.488656
    91  C        0.000000     17.468855     -6.455323     -4.642660
    92  C        0.000000     17.643504     -9.053205     -5.905923
    93  H        0.000000     19.858489     -9.639191     -7.426321
    94  N       -0.000001     14.805929     -0.702468      4.254548
    95  C       -0.000001     14.315526     -3.209038      4.429480
    96  C       -0.000001     14.469142     -3.835993      7.148324
    97  C       -0.000000     14.734402     -1.423587      8.573404
    98  C       -0.000000     14.405080      0.398487      6.577683
    99  C       -0.000000     14.453192     -6.488847      8.135592
   100  C       -0.000000     15.189600     -0.851057     11.304247
   101  O       -0.000000     14.919350      1.370713     12.214131
   102  C       -0.000000     15.805726     -3.019140     12.941260
   103  N        0.000002     13.608730      4.690999      2.768789
   104  C       -0.000000     13.407512      4.923077      5.277627
   105  C        0.000000     12.971231      7.620169      6.032648
   106  C        0.000000     13.374801      9.262908      3.533882
   107  C        0.000001     13.848083      7.083506      1.638997
   108  C       -0.000000     10.367019      8.211049      7.165104
   109  C        0.000000     15.330630     11.437076      3.674402
   110  C        0.000000     17.960108     10.358269      3.973376
   111  N       -0.000002     14.949416      3.353924     -2.441810
   112  C        0.000001     14.478685      5.933683     -2.824441
   113  C        0.000001     14.525947      6.372856     -5.575561
   114  C        0.000000     14.992879      3.996827     -6.610413
   115  C        0.000001     15.173424      2.179383     -4.633665
   116  C        0.000000     14.055575      8.717685     -6.804318
   117  C        0.000000     15.335014      2.562601     -8.928748
   118  O        0.000000     15.550330      3.113985    -11.180111
   119  C       -0.000000     15.229964     -0.368005     -8.253398
   120  C       -0.000000     17.432969     -1.624881     -9.537731
   121  O       -0.000000     19.647331     -1.150692     -8.879558
   122  O       -0.000000     16.584350     -3.503250    -11.014703
   123  C       -0.000000     18.679659     -4.864627    -12.301588
   124  H       -0.000000     12.866767     -6.655634      3.019234
   125  H       -0.000000     13.619823      3.627008      8.740796
   126  H        0.000000     13.880208      9.481247     -1.579093
   127  H        0.000000     13.733528     -5.750115     -6.234036
   128  H       -0.000000     13.940869     -8.188202     -1.501841
   129  H       -0.000000      9.834947     -5.416730     -4.236445
   130  H       -0.000001      9.602095     -5.363307     -0.861129
   131  H        0.000000      9.624205     -8.282764     -2.377275
   132  H       -0.000000     18.100987     -6.945254     -2.744506
   133  H       -0.000000     18.763072     -5.153718     -5.579681
   134  H        0.000000     15.918845     -9.506116     -6.938470
   135  H        0.000000     17.745832    -10.484125     -4.427685
   136  H       -0.000000     13.922992     -7.837337      6.673492
   137  H       -0.000000     12.931944     -6.606936      9.518815
   138  H       -0.000000     16.241043     -6.996390      9.024179
   139  H       -0.000000     14.266941     -4.386943     12.866144
   140  H        0.000000     16.234902     -2.228970     14.793230
   141  H       -0.000000     17.467608     -3.974699     12.185672
   142  H       -0.000000     14.329340      8.217058      7.459543
   143  H        0.000000     11.636707     10.188950      2.928584
   144  H       -0.000000     10.453360      9.055001      9.042661
   145  H       -0.000000      9.272149      6.467304      7.188310
   146  H       -0.000000      9.176453      9.426729      6.005361
   147  H        0.000000     14.970014     12.619988      5.320411
   148  H        0.000000     15.314700     12.654022      2.012445
   149  H        0.000000     18.095734     10.032329      6.001600
   150  H        0.000000     19.372319     11.723237      3.349426
   151  H        0.000000     18.132829      8.528447      3.042761
   152  H        0.000000     15.481203      8.890916     -8.280780
   153  H        0.000000     14.155863     10.290485     -5.478694
   154  H        0.000000     12.147046      8.401968     -7.511208
   155  H       -0.000000     13.424463     -1.071872     -8.949082
   156  H       -0.000000     18.294193     -4.798411    -14.324030
   157  H       -0.000000     18.806535     -6.718676    -11.412585
   158  H       -0.000000     20.531648     -3.963474    -12.228966
 ------------------------------------------------------


 ----------------
  Excitation 0 2 
 ----------------
 Setting up Delta-SCF
 Ground-Excited state overlap:          -0.000000000
 No correction applied to the TDM.
 Excitation energy:                      0.095949119
 Excitation energy (in eV):              2.610908541
 Transition dipole:                      0.14557       2.50852      -3.58567
 ------------------------------------------------------
           transition charges and positions           
           --------------------------------           
        atom     charge/e     x/bohr        y/bohr        z/bohr
 ------------------------------------------------------
     1  Mg      -0.000011      0.000000      0.000000      0.000000
     2  C        0.000000     -0.410071     -4.191413      5.293123
     3  C        0.000000     -2.371606      4.614711      3.828585
     4  C       -0.000002     -0.462983      3.495993     -4.845258
     5  C       -0.000001      0.275900     -5.336587     -3.849372
     6  N       -0.000001     -1.165961     -0.017008      4.017558
     7  C        0.000001     -1.122497     -1.715871      5.867600
     8  C       -0.000000     -1.768784     -0.583925      8.507547
     9  C       -0.000000     -3.350484      1.821696      7.619376
    10  C       -0.000001     -2.182634      2.207200      5.026671
    11  C       -0.000000     -6.166176      1.294462      7.300012
    12  C       -0.000000      0.651956      0.207870     10.013659
    13  C       -0.000000      0.234326      0.750221     12.825571
    14  H        0.000000      2.207200      0.062361     14.613252
    15  N       -0.000007     -0.349599      3.705753     -0.287238
    16  C       -0.000000     -1.328477      5.291233      1.468317
    17  C       -0.000002     -1.171630      7.853702      0.364717
    18  C       -0.000000     -0.353379      7.587250     -2.314915
    19  C       -0.000002     -0.404401      4.881163     -2.607822
    20  C       -0.000000     -1.676187     10.215859      1.840593
    21  C       -0.000000      0.342040      9.473197     -4.302906
    22  O       -0.000000      0.572587      8.862816     -6.629159
    23  C       -0.000000      0.585815     12.120703     -3.471427
    24  N       -0.000007     -0.500777     -0.780457     -3.834254
    25  C        0.000000     -0.527234      1.075254     -5.550126
    26  C       -0.000000     -0.370386      0.045353     -8.186294
    27  C        0.000000      0.234326     -2.896950     -7.899055
    28  C       -0.000000      0.162516     -3.084033     -4.979428
    29  C       -0.000000     -2.741993      0.387394     -9.820907
    30  C       -0.000000      2.594594     -3.911733     -9.303122
    31  C       -0.000006      4.962421     -2.815692     -8.137161
    32  N       -0.000007      0.283459     -4.051573      0.572587
    33  C        0.000001      0.326923     -5.926181     -1.300132
    34  C        0.000001      0.326923     -8.386605      0.007559
    35  C        0.000000      0.251334     -7.768664      2.566248
    36  C       -0.000000      0.156847     -5.092812      2.838369
    37  C       -0.000000      0.281569    -10.799785     -1.177299
    38  C        0.000000      0.181414     -8.747542      5.132496
    39  O        0.000000      0.393063    -10.860256      6.086808
    40  C       -0.000000     -0.481880     -6.477981      6.993876
    41  C       -0.000000      1.354934     -6.580026      9.161392
    42  O       -0.000000      3.649061     -6.151059      8.823131
    43  O        0.000000      0.071810     -6.719866     11.344026
    44  C       -0.000000      1.782012     -6.770889     13.573903
    45  H       -0.000000     -3.513001      6.084918      4.718646
    46  H       -0.000000     -0.411960      4.635498     -6.564909
    47  H        0.000000      0.521564     -7.080804     -4.922737
    48  H        0.000000     -2.936634     -1.793350      9.698074
    49  H       -0.000000     -2.995216      3.460089      8.815572
    50  H       -0.000000     -6.583806     -0.712427      7.500323
    51  H       -0.000000     -6.634828      1.940749      5.400837
    52  H        0.000000     -7.279225      2.458534      8.585026
    53  H       -0.000000      1.264227      2.071140      9.384380
    54  H       -0.000000      2.135391     -1.207535      9.805789
    55  H       -0.000000     -1.594929      0.049133     13.464299
    56  H       -0.000000      0.117163      2.791125     13.078795
    57  H        0.000000     -2.539792      9.800120      3.662289
    58  H       -0.000000     -3.119938     11.268437      0.816362
    59  H       -0.000000      0.013228     11.376151      2.048463
    60  H       -0.000000     -1.199976     12.744313     -2.655065
    61  H       -0.000000      1.256668     13.171391     -5.109819
    62  H       -0.000000      1.980433     12.218969     -1.957756
    63  H        0.000000      1.148953      0.946753     -9.242650
    64  H        0.000000     -1.307690     -4.074250     -8.592585
    65  H       -0.000000     -2.394283      1.398397    -11.582131
    66  H       -0.000000     -4.164956      1.349264     -8.685181
    67  H       -0.000000     -3.717091     -1.360603    -10.304677
    68  H       -0.000000      2.562469     -3.324028    -11.275996
    69  H        0.000000      2.743882     -5.965865     -9.263437
    70  H       -0.000000      5.128717     -0.986437     -9.066906
    71  H       -0.000007      6.589475     -4.008109     -8.558570
    72  H       -0.000004      4.714867     -2.462313     -6.122713
    73  H        0.000000      1.638393    -11.967636     -0.158737
    74  H       -0.000000      0.763449    -10.661835     -3.174740
    75  H        0.000000     -1.683746    -11.336467     -0.874943
    76  H       -0.000000     -2.424519     -6.767109      7.611817
    77  H       -0.000000      1.319029     -8.462194     14.654826
    78  H       -0.000000      1.574142     -4.949193     14.513097
    79  H       -0.000000      3.779452     -7.094032     13.182729
    80  Mg       0.000001     14.896976      1.341139      1.131625
    81  C        0.020241     15.163314     -0.383199     -5.403577
    82  C       -0.017474     13.691330     -4.859109      2.428393
    83  C       -0.015012     13.805111      2.951714      6.799669
    84  C        0.015007     13.989397      7.560889     -0.834068
    85  N        0.001541     14.524378     -2.016565     -1.335658
    86  C        0.029822     14.780852     -2.442754     -3.798028
    87  C       -0.000156     14.747612     -5.302439     -4.497624
    88  C       -0.000167     13.229179     -6.356604     -2.118383
    89  C       -0.037610     13.906816     -4.327567     -0.205659
    90  C       -0.004624     10.370704     -6.365599     -2.488656
    91  C        0.002890     17.468855     -6.455323     -4.642660
    92  C        0.000207     17.643504     -9.053205     -5.905923
    93  H        0.000508     19.858489     -9.639191     -7.426321
    94  N       -0.010689     14.805929     -0.702468      4.254548
    95  C       -0.051400     14.315526     -3.209038      4.429480
    96  C       -0.092877     14.469142     -3.835993      7.148324
    97  C       -0.029415     14.734402     -1.423587      8.573404
    98  C       -0.041389     14.405080      0.398487      6.577683
    99  C       -0.001342     14.453192     -6.488847      8.135592
   100  C       -0.005245     15.189600     -0.851057     11.304247
   101  O       -0.010267     14.919350      1.370713     12.214131
   102  C       -0.000268     15.805726     -3.019140     12.941260
   103  N        0.006282     13.608730      4.690999      2.768789
   104  C       -0.025139     13.407512      4.923077      5.277627
   105  C       -0.000339     12.971231      7.620169      6.032648
   106  C        0.000958     13.374801      9.262908      3.533882
   107  C        0.047409     13.848083      7.083506      1.638997
   108  C       -0.002867     10.367019      8.211049      7.165104
   109  C        0.003460     15.330630     11.437076      3.674402
   110  C        0.000484     17.960108     10.358269      3.973376
   111  N        0.001255     14.949416      3.353924     -2.441810
   112  C        0.069361     14.478685      5.933683     -2.824441
   113  C        0.058223     14.525947      6.372856     -5.575561
   114  C        0.028860     14.992879      3.996827     -6.610413
   115  C        0.038836     15.173424      2.179383     -4.633665
   116  C        0.001631     14.055575      8.717685     -6.804318
   117  C        0.007398     15.335014      2.562601     -8.928748
   118  O        0.013580     15.550330      3.113985    -11.180111
   119  C        0.000076     15.229964     -0.368005     -8.253398
   120  C        0.000223     17.432969     -1.624881     -9.537731
   121  O        0.000378     19.647331     -1.150692     -8.879558
   122  O        0.000055     16.584350     -3.503250    -11.014703
   123  C        0.000012     18.679659     -4.864627    -12.301588
   124  H       -0.000016     12.866767     -6.655634      3.019234
   125  H       -0.000093     13.619823      3.627008      8.740796
   126  H        0.001366     13.880208      9.481247     -1.579093
   127  H        0.001024     13.733528     -5.750115     -6.234036
   128  H       -0.001185     13.940869     -8.188202     -1.501841
   129  H       -0.000422      9.834947     -5.416730     -4.236445
   130  H       -0.001202      9.602095     -5.363307     -0.861129
   131  H       -0.000853      9.624205     -8.282764     -2.377275
   132  H        0.000061     18.100987     -6.945254     -2.744506
   133  H        0.000310     18.763072     -5.153718     -5.579681
   134  H        0.000079     15.918845     -9.506116     -6.938470
   135  H        0.000060     17.745832    -10.484125     -4.427685
   136  H       -0.000015     13.922992     -7.837337      6.673492
   137  H       -0.011872     12.931944     -6.606936      9.518815
   138  H       -0.010066     16.241043     -6.996390      9.024179
   139  H       -0.000748     14.266941     -4.386943     12.866144
   140  H        0.000005     16.234902     -2.228970     14.793230
   141  H       -0.000784     17.467608     -3.974699     12.185672
   142  H       -0.002023     14.329340      8.217058      7.459543
   143  H        0.005235     11.636707     10.188950      2.928584
   144  H       -0.000253     10.453360      9.055001      9.042661
   145  H       -0.000515      9.272149      6.467304      7.188310
   146  H       -0.000289      9.176453      9.426729      6.005361
   147  H        0.000140     14.970014     12.619988      5.320411
   148  H        0.000389     15.314700     12.654022      2.012445
   149  H        0.000057     18.095734     10.032329      6.001600
   150  H        0.000114     19.372319     11.723237      3.349426
   151  H        0.000695     18.132829      8.528447      3.042761
   152  H        0.005851     15.481203      8.890916     -8.280780
   153  H        0.000840     14.155863     10.290485     -5.478694
   154  H        0.011635     12.147046      8.401968     -7.511208
   155  H        0.000095     13.424463     -1.071872     -8.949082
   156  H       -0.000001     18.294193     -4.798411    -14.324030
   157  H        0.000014     18.806535     -6.718676    -11.412585
   158  H        0.000006     20.531648     -3.963474    -12.228966
 ------------------------------------------------------


 -----------------
  Excitation -1 2 
 -----------------
 Setting up Delta-SCF
 Ground-Excited state overlap:           0.000000000
 No correction applied to the TDM.
 Excitation energy:                      0.065766641
 Excitation energy (in eV):              1.789601471
 Transition dipole:                     -0.00795       0.05359      -0.00725
 ------------------------------------------------------
           transition charges and positions           
           --------------------------------           
        atom     charge/e     x/bohr        y/bohr        z/bohr
 ------------------------------------------------------
     1  Mg      -0.000068      0.000000      0.000000      0.000000
     2  C       -0.000002     -0.410071     -4.191413      5.293123
     3  C        0.000012     -2.371606      4.614711      3.828585
     4  C        0.000057     -0.462983      3.495993     -4.845258
     5  C       -0.000038      0.275900     -5.336587     -3.849372
     6  N       -0.000007     -1.165961     -0.017008      4.017558
     7  C       -0.000088     -1.122497     -1.715871      5.867600
     8  C        0.000002     -1.768784     -0.583925      8.507547
     9  C        0.000002     -3.350484      1.821696      7.619376
    10  C        0.000191     -2.182634      2.207200      5.026671
    11  C       -0.000001     -6.166176      1.294462      7.300012
    12  C        0.000000      0.651956      0.207870     10.013659
    13  C        0.000000      0.234326      0.750221     12.825571
    14  H       -0.000001      2.207200      0.062361     14.613252
    15  N        0.000136     -0.349599      3.705753     -0.287238
    16  C        0.000027     -1.328477      5.291233      1.468317
    17  C        0.000283     -1.171630      7.853702      0.364717
    18  C        0.000062     -0.353379      7.587250     -2.314915
    19  C        0.000216     -0.404401      4.881163     -2.607822
    20  C        0.000004     -1.676187     10.215859      1.840593
    21  C        0.000011      0.342040      9.473197     -4.302906
    22  O        0.000018      0.572587      8.862816     -6.629159
    23  C        0.000000      0.585815     12.120703     -3.471427
    24  N       -0.000035     -0.500777     -0.780457     -3.834254
    25  C       -0.000014     -0.527234      1.075254     -5.550126
    26  C        0.000006     -0.370386      0.045353     -8.186294
    27  C       -0.000006      0.234326     -2.896950     -7.899055
    28  C        0.000048      0.162516     -3.084033     -4.979428
    29  C        0.000016     -2.741993      0.387394     -9.820907
    30  C       -0.000010      2.594594     -3.911733     -9.303122
    31  C       -0.000059      4.962421     -2.815692     -8.137161
    32  N       -0.000011      0.283459     -4.051573      0.572587
    33  C       -0.000222      0.326923     -5.926181     -1.300132
    34  C       -0.000082      0.326923     -8.386605      0.007559
    35  C       -0.000071      0.251334     -7.768664      2.566248
    36  C        0.000043      0.156847     -5.092812      2.838369
    37  C        0.000001      0.281569    -10.799785     -1.177299
    38  C       -0.000018      0.181414     -8.747542      5.132496
    39  O       -0.000036      0.393063    -10.860256      6.086808
    40  C        0.000001     -0.481880     -6.477981      6.993876
    41  C        0.000000      1.354934     -6.580026      9.161392
    42  O       -0.000000      3.649061     -6.151059      8.823131
    43  O       -0.000000      0.071810     -6.719866     11.344026
    44  C        0.000000      1.782012     -6.770889     13.573903
    45  H       -0.000000     -3.513001      6.084918      4.718646
    46  H        0.000000     -0.411960      4.635498     -6.564909
    47  H       -0.000004      0.521564     -7.080804     -4.922737
    48  H       -0.000006     -2.936634     -1.793350      9.698074
    49  H        0.000011     -2.995216      3.460089      8.815572
    50  H        0.000001     -6.583806     -0.712427      7.500323
    51  H       -0.000002     -6.634828      1.940749      5.400837
    52  H       -0.000001     -7.279225      2.458534      8.585026
    53  H       -0.000000      1.264227      2.071140      9.384380
    54  H        0.000002      2.135391     -1.207535      9.805789
    55  H       -0.000000     -1.594929      0.049133     13.464299
    56  H        0.000000      0.117163      2.791125     13.078795
    57  H       -0.000000     -2.539792      9.800120      3.662289
    58  H        0.000035     -3.119938     11.268437      0.816362
    59  H        0.000035      0.013228     11.376151      2.048463
    60  H        0.000001     -1.199976     12.744313     -2.655065
    61  H       -0.000000      1.256668     13.171391     -5.109819
    62  H        0.000002      1.980433     12.218969     -1.957756
    63  H       -0.000007      1.148953      0.946753     -9.242650
    64  H       -0.000032     -1.307690     -4.074250     -8.592585
    65  H        0.000001     -2.394283      1.398397    -11.582131
    66  H        0.000003     -4.164956      1.349264     -8.685181
    67  H        0.000002     -3.717091     -1.360603    -10.304677
    68  H        0.000004      2.562469     -3.324028    -11.275996
    69  H       -0.000003      2.743882     -5.965865     -9.263437
    70  H       -0.000004      5.128717     -0.986437     -9.066906
    71  H       -0.000008      6.589475     -4.008109     -8.558570
    72  H       -0.000066      4.714867     -2.462313     -6.122713
    73  H       -0.000005      1.638393    -11.967636     -0.158737
    74  H       -0.000002      0.763449    -10.661835     -3.174740
    75  H       -0.000011     -1.683746    -11.336467     -0.874943
    76  H        0.000000     -2.424519     -6.767109      7.611817
    77  H       -0.000000      1.319029     -8.462194     14.654826
    78  H       -0.000000      1.574142     -4.949193     14.513097
    79  H       -0.000000      3.779452     -7.094032     13.182729
    80  Mg      -0.000007     14.896976      1.341139      1.131625
    81  C       -0.000909     15.163314     -0.383199     -5.403577
    82  C       -0.000842     13.691330     -4.859109      2.428393
    83  C        0.000600     13.805111      2.951714      6.799669
    84  C        0.000743     13.989397      7.560889     -0.834068
    85  N       -0.001649     14.524378     -2.016565     -1.335658
    86  C        0.000140     14.780852     -2.442754     -3.798028
    87  C       -0.000001     14.747612     -5.302439     -4.497624
    88  C       -0.000011     13.229179     -6.356604     -2.118383
    89  C       -0.000274     13.906816     -4.327567     -0.205659
    90  C       -0.000098     10.370704     -6.365599     -2.488656
    91  C        0.000005     17.468855     -6.455323     -4.642660
    92  C        0.000001     17.643504     -9.053205     -5.905923
    93  H        0.000001     19.858489     -9.639191     -7.426321
    94  N        0.000354     14.805929     -0.702468      4.254548
    95  C       -0.000406     14.315526     -3.209038      4.429480
    96  C       -0.000738     14.469142     -3.835993      7.148324
    97  C       -0.000213     14.734402     -1.423587      8.573404
    98  C       -0.000339     14.405080      0.398487      6.577683
    99  C       -0.000008     14.453192     -6.488847      8.135592
   100  C       -0.000037     15.189600     -0.851057     11.304247
   101  O       -0.000093     14.919350      1.370713     12.214131
   102  C        0.000001     15.805726     -3.019140     12.941260
   103  N        0.001684     13.608730      4.690999      2.768789
   104  C       -0.000180     13.407512      4.923077      5.277627
   105  C        0.000008     12.971231      7.620169      6.032648
   106  C        0.000018     13.374801      9.262908      3.533882
   107  C        0.000448     13.848083      7.083506      1.638997
   108  C       -0.000011     10.367019      8.211049      7.165104
   109  C        0.000038     15.330630     11.437076      3.674402
   110  C        0.000006     17.960108     10.358269      3.973376
   111  N       -0.000260     14.949416      3.353924     -2.441810
   112  C        0.000600     14.478685      5.933683     -2.824441
   113  C        0.000531     14.525947      6.372856     -5.575561
   114  C        0.000223     14.992879      3.996827     -6.610413
   115  C        0.000346     15.173424      2.179383     -4.633665
   116  C        0.000012     14.055575      8.717685     -6.804318
   117  C        0.000046     15.335014      2.562601     -8.928748
   118  O        0.000085     15.550330      3.113985    -11.180111
   119  C       -0.000007     15.229964     -0.368005     -8.253398
   120  C       -0.000050     17.432969     -1.624881     -9.537731
   121  O       -0.000023     19.647331     -1.150692     -8.879558
   122  O       -0.000006     16.584350     -3.503250    -11.014703
   123  C       -0.000003     18.679659     -4.864627    -12.301588
   124  H        0.000002     12.866767     -6.655634      3.019234
   125  H       -0.000001     13.619823      3.627008      8.740796
   126  H        0.000016     13.880208      9.481247     -1.579093
   127  H        0.000006     13.733528     -5.750115     -6.234036
   128  H       -0.000001     13.940869     -8.188202     -1.501841
   129  H        0.000007      9.834947     -5.416730     -4.236445
   130  H       -0.000036      9.602095     -5.363307     -0.861129
   131  H       -0.000011      9.624205     -8.282764     -2.377275
   132  H       -0.000001     18.100987     -6.945254     -2.744506
   133  H       -0.000000     18.763072     -5.153718     -5.579681
   134  H        0.000000     15.918845     -9.506116     -6.938470
   135  H        0.000000     17.745832    -10.484125     -4.427685
   136  H       -0.000001     13.922992     -7.837337      6.673492
   137  H       -0.000075     12.931944     -6.606936      9.518815
   138  H       -0.000081     16.241043     -6.996390      9.024179
   139  H       -0.000006     14.266941     -4.386943     12.866144
   140  H        0.000000     16.234902     -2.228970     14.793230
   141  H       -0.000005     17.467608     -3.974699     12.185672
   142  H       -0.000019     14.329340      8.217058      7.459543
   143  H        0.000059     11.636707     10.188950      2.928584
   144  H        0.000000     10.453360      9.055001      9.042661
   145  H        0.000008      9.272149      6.467304      7.188310
   146  H       -0.000002      9.176453      9.426729      6.005361
   147  H        0.000001     14.970014     12.619988      5.320411
   148  H        0.000006     15.314700     12.654022      2.012445
   149  H        0.000001     18.095734     10.032329      6.001600
   150  H        0.000002     19.372319     11.723237      3.349426
   151  H        0.000008     18.132829      8.528447      3.042761
   152  H        0.000057     15.481203      8.890916     -8.280780
   153  H        0.000004     14.155863     10.290485     -5.478694
   154  H        0.000095     12.147046      8.401968     -7.511208
   155  H       -0.000068     13.424463     -1.071872     -8.949082
   156  H       -0.000000     18.294193     -4.798411    -14.324030
   157  H       -0.000001     18.806535     -6.718676    -11.412585
   158  H       -0.000001     20.531648     -3.963474    -12.228966
 ------------------------------------------------------

 TOTAL ENERGY:                        -261.831101335

 --------------------------------------------------------------------------------

 End time:                               Wed Jun 30 13:19:30 2021
 Total wall-clock time:                  1.368 seconds
==================================================================================
