
================================================================================
          _____________ ________ _______________ ________     _________         
         / ___________// ______ \\_____   _____// ______ \   / ________)        
        / /_________  / /      \ \     | |     / /      \ \ | (_______          
       |  __________|| |        | |    | |    | |        | | \________ \        
        \ \_________ | |        | |    | |     \ \______/ /___________) |       
         \__________||_|        |_|    |_|      \________//____________/        
                                                                                
====================================[ Qcore ]===================================

 Git hash:   ad9d0b24ea610736acb9cf13a2604964cd4d942e
 Git date:   Wed, 30 Jun 2021 12:42:56 +0100
 Compiler:   GNU 9.1.0
 Build type: Release
 Version:    1.4.1

 Start time: Wed Jun 30 13:19:26 2021

 Data directory: /home/of15641/.local/src/Qcore/release/share/entos/1.4.1/data
 Number of threads: 2
 Number of threads was determined by: command line argument
  - More threads can be used by running 'qcore -n 24'

 --------------------------------------------------------------------------------
                                   command: xtb                                  
 --------------------------------------------------------------------------------
 XTB basis setup:                        reference basis
 Number of basis functions:            244
 GFN version:                            chlorophyll
 Integral screening threshold:           1.00e-10
 Total charge:                           0.000000000
 Number of electrons:                  218.000000000
 Electronic temperature (Kelvin):        0.000000000

 D3BJ energy:                           -0.062532550
 Repulsive energy:                       1.521560967

 ****************************************************
  Running robust self-consistent charge (SCC) solver 
 ****************************************************
 Number of SCC trials:                   4
 Using the stop-early mechanism for the first 3 trials

 Conv. threshold (charge):               1.00e-05
 Conv. threshold (energy):               1.00e-06
 Initial guess:                          eeq

 -------------
  SCC Trial 1 
 -------------
 Broyden mixing factor:                  0.400000000
 Max number of iterations:             128

 ---------------------------------------------------------------
                  energy        change          grad        time
 ---------------------------------------------------------------
   0      -130.296900306                    6.61e-01        0.01
   1      -130.889099131     -5.92e-01      3.88e-01        0.01
   2      -130.898031672     -8.93e-03      1.03e-01        0.01
   3      -130.909491597     -1.15e-02      1.05e-02        0.01
   4      -130.910043895     -5.52e-04      5.71e-03        0.01
   5      -130.912306169     -2.26e-03      1.38e-03        0.01
   6      -130.912419814     -1.14e-04      4.09e-04        0.01
   7      -130.912427515     -7.70e-06      1.58e-04        0.01
   8      -130.912428306     -7.91e-07      4.48e-05        0.01
   9      -130.912428320     -1.42e-08      1.59e-05        0.01
  10      -130.912428321     -1.31e-09      4.94e-06        0.01
  11      -130.912428322     -1.80e-10      1.72e-06        0.01

 SCF converged in 10 iterations.

 Entropy contribution (-ST):             0.000000000
 Dipole moment (in Debye):              -2.210471      -2.817389      -1.966488

 ----------------
  Excitation 0 1 
 ----------------
 Setting up Delta-SCF
 Ground-Excited state overlap:          -0.000000000
 No correction applied to the TDM.
 Excitation energy:                      0.095287602
 Excitation energy (in eV):              2.592907743
 Transition dipole:                     -0.37881       4.17043       1.29104
 ------------------------------------------------------
           transition charges and positions           
           --------------------------------           
        atom     charge/e     x/bohr        y/bohr        z/bohr
 ------------------------------------------------------
     1  Mg       0.000007     14.896976      1.341139      1.131625
     2  C        0.020029     14.275105      7.021920     -2.487106
     3  C       -0.017690     13.941549     -1.920434     -4.348090
     4  C       -0.016152     14.582639     -3.666806      4.407994
     5  C        0.014881     13.666991      4.955656      6.497767
     6  N        0.000971     14.219603      2.603343     -2.798836
     7  C        0.030431     14.137778      4.832389     -3.954403
     8  C       -0.000141     14.035752      4.622875     -6.889375
     9  C       -0.000161     12.870528      1.854709     -7.128444
    10  C       -0.036514     13.786195      0.754851     -4.641205
    11  C       -0.004507      9.988506      1.816991     -7.154994
    12  C        0.002933     16.721846      4.776869     -8.120796
    13  C        0.000205     16.745392      5.206403    -10.982672
    14  H        0.000511     18.734801      6.761610    -12.071117
    15  N       -0.010732     15.257573     -2.236189      0.126612
    16  C       -0.050691     14.820120     -3.225517     -2.193670
    17  C       -0.092756     15.353628     -5.960064     -1.978090
    18  C       -0.030519     15.789909     -6.539246      0.741321
    19  C       -0.040594     15.170721     -4.149102      1.888120
    20  C       -0.001205     15.499628     -7.696401     -4.208874
    21  C       -0.005472     16.612242     -8.881656      2.093873
    22  O       -0.010688     16.448856     -9.104379      4.494052
    23  C       -0.000274     17.469271    -10.999434      0.499946
    24  N        0.004952     13.814956      0.636535      4.859109
    25  C       -0.024639     13.959804     -1.687639      5.841862
    26  C       -0.000361     13.606028     -1.642777      8.653887
    27  C        0.001001     13.644956      1.266343      9.454432
    28  C        0.047776     13.873028      2.458647      6.791581
    29  C       -0.002824     11.177541     -2.882777      9.642989
    30  C        0.003502     15.580490      2.054510     11.504936
    31  C        0.000487     18.236311      1.799605     10.480742
    32  N        0.001226     14.436241      5.329047      1.972950
    33  C        0.069578     13.892416      6.407287      4.331933
    34  C        0.058063     13.555213      9.142457      3.921087
    35  C        0.028900     13.897613      9.462898      1.329838
    36  C        0.039094     14.366794      7.072073      0.186610
    37  C        0.001622     12.897192     10.948091      5.801535
    38  C        0.007322     13.930173     11.262579     -0.745932
    39  O        0.013552     13.827315     13.582747     -0.904933
    40  C        0.000078     13.947539      9.724568     -3.332400
    41  C        0.000218     15.964104     10.852451     -4.988820
    42  O        0.000377     18.243473     10.672625     -4.411225
    43  O        0.000054     14.937813     11.563725     -7.195775
    44  C        0.000012     16.848382     12.647918     -8.949044
    45  H       -0.000017     13.223737     -3.132353     -5.855581
    46  H       -0.000088     14.660628     -5.319050      5.641777
    47  H        0.001383     13.437540      6.224985      8.107398
    48  H        0.001048     12.795997      5.989563     -7.805419
    49  H       -0.001158     13.678083      0.814510     -8.711883
    50  H       -0.000416      9.207520      3.681243     -6.759059
    51  H       -0.001187      9.442357      0.481143     -5.684825
    52  H       -0.000832      9.282996      1.031488     -8.924288
    53  H        0.000063     17.614666      2.922537     -8.037232
    54  H        0.000309     17.861748      6.228859     -7.204543
    55  H        0.000083     14.899130      5.811777    -11.668643
    56  H        0.000061     17.064567      3.392399    -11.904972
    57  H       -0.000016     14.785652     -6.796022     -5.916751
    58  H       -0.011635     14.185116     -9.241895     -3.855457
    59  H       -0.009957     17.397839     -8.448002     -4.483678
    60  H       -0.000777     15.948060    -11.549288     -0.775959
    61  H        0.000005     18.142372    -12.450177      1.796317
    62  H       -0.000815     19.020018    -10.352071     -0.692490
    63  H       -0.001999     15.142338     -2.625982      9.607764
    64  H        0.005342     11.831141      1.883944     10.211721
    65  H       -0.000243     11.514139     -4.387509     11.009526
    66  H       -0.000498     10.113172     -3.579463      8.023834
    67  H       -0.000286      9.826651     -1.580737     10.491589
    68  H        0.000138     15.439214      0.810730     13.139455
    69  H        0.000382     15.323562      3.988777     12.165206
    70  H        0.000056     18.653770     -0.194585     10.775993
    71  H        0.000118     19.535667      2.991210     11.547720
    72  H        0.000688     18.296461      2.147371      8.451063
    73  H        0.005841     14.103612     12.585387      5.475727
    74  H        0.000838     13.164399     10.186550      7.696193
    75  H        0.011598     10.912469     11.262957      5.350306
    76  H        0.000091     12.070115      9.925295     -4.153542
    77  H       -0.000001     16.186789     14.524511     -9.481946
    78  H        0.000014     17.114569     11.265205    -10.452755
    79  H        0.000006     18.683911     13.101074     -8.128884
 ------------------------------------------------------


 -----------------
  Excitation -1 1 
 -----------------
 Setting up Delta-SCF
 Ground-Excited state overlap:           0.000000000
 No correction applied to the TDM.
 Excitation energy:                      0.102302046
 Excitation energy (in eV):              2.783780481
 Transition dipole:                     -0.03412      -0.84703       2.46371
 ------------------------------------------------------
           transition charges and positions           
           --------------------------------           
        atom     charge/e     x/bohr        y/bohr        z/bohr
 ------------------------------------------------------
     1  Mg       0.001802     14.896976      1.341139      1.131625
     2  C       -0.085887     14.275105      7.021920     -2.487106
     3  C       -0.067019     13.941549     -1.920434     -4.348090
     4  C        0.067534     14.582639     -3.666806      4.407994
     5  C        0.053813     13.666991      4.955656      6.497767
     6  N       -0.113094     14.219603      2.603343     -2.798836
     7  C       -0.010076     14.137778      4.832389     -3.954403
     8  C        0.000210     14.035752      4.622875     -6.889375
     9  C       -0.001257     12.870528      1.854709     -7.128444
    10  C       -0.005271     13.786195      0.754851     -4.641205
    11  C       -0.000628      9.988506      1.816991     -7.154994
    12  C       -0.000798     16.721846      4.776869     -8.120796
    13  C       -0.000022     16.745392      5.206403    -10.982672
    14  H       -0.000077     18.734801      6.761610    -12.071117
    15  N        0.029363     15.257573     -2.236189      0.126612
    16  C        0.007757     14.820120     -3.225517     -2.193670
    17  C       -0.010919     15.353628     -5.960064     -1.978090
    18  C        0.008362     15.789909     -6.539246      0.741321
    19  C       -0.007447     15.170721     -4.149102      1.888120
    20  C       -0.000112     15.499628     -7.696401     -4.208874
    21  C        0.001143     16.612242     -8.881656      2.093873
    22  O        0.001898     16.448856     -9.104379      4.494052
    23  C        0.000358     17.469271    -10.999434      0.499946
    24  N        0.118664     13.814956      0.636535      4.859109
    25  C        0.004887     13.959804     -1.687639      5.841862
    26  C        0.001514     13.606028     -1.642777      8.653887
    27  C        0.000827     13.644956      1.266343      9.454432
    28  C        0.012643     13.873028      2.458647      6.791581
    29  C        0.000574     11.177541     -2.882777      9.642989
    30  C        0.000765     15.580490      2.054510     11.504936
    31  C       -0.000067     18.236311      1.799605     10.480742
    32  N       -0.015939     14.436241      5.329047      1.972950
    33  C       -0.000302     13.892416      6.407287      4.331933
    34  C        0.014850     13.555213      9.142457      3.921087
    35  C       -0.005248     13.897613      9.462898      1.329838
    36  C        0.010896     14.366794      7.072073      0.186610
    37  C        0.000546     12.897192     10.948091      5.801535
    38  C       -0.001517     13.930173     11.262579     -0.745932
    39  O       -0.003849     13.827315     13.582747     -0.904933
    40  C       -0.000559     13.947539      9.724568     -3.332400
    41  C       -0.004150     15.964104     10.852451     -4.988820
    42  O       -0.002229     18.243473     10.672625     -4.411225
    43  O       -0.000509     14.937813     11.563725     -7.195775
    44  C       -0.000241     16.848382     12.647918     -8.949044
    45  H        0.000061     13.223737     -3.132353     -5.855581
    46  H       -0.000025     14.660628     -5.319050      5.641777
    47  H        0.000438     13.437540      6.224985      8.107398
    48  H       -0.000245     12.795997      5.989563     -7.805419
    49  H       -0.000228     13.678083      0.814510     -8.711883
    50  H       -0.000340      9.207520      3.681243     -6.759059
    51  H       -0.000558      9.442357      0.481143     -5.684825
    52  H       -0.000207      9.282996      1.031488     -8.924288
    53  H       -0.000066     17.614666      2.922537     -8.037232
    54  H       -0.000171     17.861748      6.228859     -7.204543
    55  H       -0.000019     14.899130      5.811777    -11.668643
    56  H       -0.000018     17.064567      3.392399    -11.904972
    57  H       -0.000092     14.785652     -6.796022     -5.916751
    58  H       -0.000123     14.185116     -9.241895     -3.855457
    59  H       -0.002022     17.397839     -8.448002     -4.483678
    60  H        0.000216     15.948060    -11.549288     -0.775959
    61  H        0.000020     18.142372    -12.450177      1.796317
    62  H        0.000268     19.020018    -10.352071     -0.692490
    63  H        0.000054     15.142338     -2.625982      9.607764
    64  H        0.001549     11.831141      1.883944     10.211721
    65  H        0.000096     11.514139     -4.387509     11.009526
    66  H        0.000368     10.113172     -3.579463      8.023834
    67  H        0.000281      9.826651     -1.580737     10.491589
    68  H        0.000002     15.439214      0.810730     13.139455
    69  H        0.000211     15.323562      3.988777     12.165206
    70  H        0.000023     18.653770     -0.194585     10.775993
    71  H        0.000046     19.535667      2.991210     11.547720
    72  H        0.000147     18.296461      2.147371      8.451063
    73  H        0.002206     14.103612     12.585387      5.475727
    74  H       -0.000121     13.164399     10.186550      7.696193
    75  H        0.002726     10.912469     11.262957      5.350306
    76  H       -0.005423     12.070115      9.925295     -4.153542
    77  H       -0.000039     16.186789     14.524511     -9.481946
    78  H       -0.000093     17.114569     11.265205    -10.452755
    79  H       -0.000112     18.683911     13.101074     -8.128884
 ------------------------------------------------------


 ----------------
  Excitation 0 2 
 ----------------
 Setting up Delta-SCF
 Ground-Excited state overlap:           0.000000000
 No correction applied to the TDM.
 Excitation energy:                      0.149821399
 Excitation energy (in eV):              4.076847962
 Transition dipole:                     -0.08703      -0.71096       1.86329
 ------------------------------------------------------
           transition charges and positions           
           --------------------------------           
        atom     charge/e     x/bohr        y/bohr        z/bohr
 ------------------------------------------------------
     1  Mg       0.000997     14.896976      1.341139      1.131625
     2  C        0.010747     14.275105      7.021920     -2.487106
     3  C        0.013917     13.941549     -1.920434     -4.348090
     4  C       -0.009785     14.582639     -3.666806      4.407994
     5  C       -0.016175     13.666991      4.955656      6.497767
     6  N       -0.000201     14.219603      2.603343     -2.798836
     7  C       -0.061187     14.137778      4.832389     -3.954403
     8  C       -0.000436     14.035752      4.622875     -6.889375
     9  C       -0.000150     12.870528      1.854709     -7.128444
    10  C       -0.057619     13.786195      0.754851     -4.641205
    11  C       -0.004535      9.988506      1.816991     -7.154994
    12  C       -0.007066     16.721846      4.776869     -8.120796
    13  C       -0.000461     16.745392      5.206403    -10.982672
    14  H       -0.005134     18.734801      6.761610    -12.071117
    15  N       -0.026893     15.257573     -2.236189      0.126612
    16  C       -0.024414     14.820120     -3.225517     -2.193670
    17  C        0.000285     15.353628     -5.960064     -1.978090
    18  C       -0.016894     15.789909     -6.539246      0.741321
    19  C        0.086178     15.170721     -4.149102      1.888120
    20  C       -0.000309     15.499628     -7.696401     -4.208874
    21  C       -0.009222     16.612242     -8.881656      2.093873
    22  O       -0.013761     16.448856     -9.104379      4.494052
    23  C        0.000127     17.469271    -10.999434      0.499946
    24  N       -0.002222     13.814956      0.636535      4.859109
    25  C        0.086883     13.959804     -1.687639      5.841862
    26  C       -0.001068     13.606028     -1.642777      8.653887
    27  C       -0.000405     13.644956      1.266343      9.454432
    28  C        0.066773     13.873028      2.458647      6.791581
    29  C        0.009573     11.177541     -2.882777      9.642989
    30  C        0.004707     15.580490      2.054510     11.504936
    31  C        0.000693     18.236311      1.799605     10.480742
    32  N        0.004492     14.436241      5.329047      1.972950
    33  C        0.034326     13.892416      6.407287      4.331933
    34  C       -0.032055     13.555213      9.142457      3.921087
    35  C        0.002810     13.897613      9.462898      1.329838
    36  C       -0.034678     14.366794      7.072073      0.186610
    37  C       -0.000077     12.897192     10.948091      5.801535
    38  C       -0.001199     13.930173     11.262579     -0.745932
    39  O       -0.001558     13.827315     13.582747     -0.904933
    40  C       -0.000105     13.947539      9.724568     -3.332400
    41  C        0.000309     15.964104     10.852451     -4.988820
    42  O        0.000261     18.243473     10.672625     -4.411225
    43  O        0.000077     14.937813     11.563725     -7.195775
    44  C        0.000002     16.848382     12.647918     -8.949044
    45  H        0.000229     13.223737     -3.132353     -5.855581
    46  H       -0.000529     14.660628     -5.319050      5.641777
    47  H        0.001196     13.437540      6.224985      8.107398
    48  H       -0.001165     12.795997      5.989563     -7.805419
    49  H       -0.001303     13.678083      0.814510     -8.711883
    50  H       -0.000299      9.207520      3.681243     -6.759059
    51  H       -0.001036      9.442357      0.481143     -5.684825
    52  H       -0.000782      9.282996      1.031488     -8.924288
    53  H       -0.000218     17.614666      2.922537     -8.037232
    54  H       -0.000250     17.861748      6.228859     -7.204543
    55  H        0.000640     14.899130      5.811777    -11.668643
    56  H       -0.000337     17.064567      3.392399    -11.904972
    57  H        0.000096     14.785652     -6.796022     -5.916751
    58  H       -0.000533     14.185116     -9.241895     -3.855457
    59  H        0.000502     17.397839     -8.448002     -4.483678
    60  H       -0.001260     15.948060    -11.549288     -0.775959
    61  H        0.000046     18.142372    -12.450177      1.796317
    62  H       -0.001380     19.020018    -10.352071     -0.692490
    63  H        0.006525     15.142338     -2.625982      9.607764
    64  H        0.005045     11.831141      1.883944     10.211721
    65  H        0.001574     11.514139     -4.387509     11.009526
    66  H        0.002448     10.113172     -3.579463      8.023834
    67  H        0.002108      9.826651     -1.580737     10.491589
    68  H        0.000524     15.439214      0.810730     13.139455
    69  H        0.000557     15.323562      3.988777     12.165206
    70  H        0.000205     18.653770     -0.194585     10.775993
    71  H        0.000047     19.535667      2.991210     11.547720
    72  H        0.000661     18.296461      2.147371      8.451063
    73  H       -0.002409     14.103612     12.585387      5.475727
    74  H       -0.000427     13.164399     10.186550      7.696193
    75  H       -0.006114     10.912469     11.262957      5.350306
    76  H        0.000096     12.070115      9.925295     -4.153542
    77  H       -0.000003     16.186789     14.524511     -9.481946
    78  H        0.000004     17.114569     11.265205    -10.452755
    79  H       -0.000004     18.683911     13.101074     -8.128884
 ------------------------------------------------------


 -----------------
  Excitation -1 2 
 -----------------
 Setting up Delta-SCF
 Ground-Excited state overlap:           0.000000000
 No correction applied to the TDM.
 Excitation energy:                      0.164102755
 Excitation energy (in eV):              4.465463445
 Transition dipole:                      0.20645      -1.70382      -0.63921
 ------------------------------------------------------
           transition charges and positions           
           --------------------------------           
        atom     charge/e     x/bohr        y/bohr        z/bohr
 ------------------------------------------------------
     1  Mg       0.006411     14.896976      1.341139      1.131625
     2  C       -0.047018     14.275105      7.021920     -2.487106
     3  C        0.051734     13.941549     -1.920434     -4.348090
     4  C        0.036077     14.582639     -3.666806      4.407994
     5  C       -0.059744     13.666991      4.955656      6.497767
     6  N        0.013806     14.219603      2.603343     -2.798836
     7  C        0.020259     14.137778      4.832389     -3.954403
     8  C       -0.001081     14.035752      4.622875     -6.889375
     9  C        0.000218     12.870528      1.854709     -7.128444
    10  C       -0.008041     13.786195      0.754851     -4.641205
    11  C       -0.000665      9.988506      1.816991     -7.154994
    12  C        0.001952     16.721846      4.776869     -8.120796
    13  C       -0.000159     16.745392      5.206403    -10.982672
    14  H        0.000743     18.734801      6.761610    -12.071117
    15  N        0.093646     15.257573     -2.236189      0.126612
    16  C        0.002808     14.820120     -3.225517     -2.193670
    17  C        0.000270     15.353628     -5.960064     -1.978090
    18  C        0.004840     15.789909     -6.539246      0.741321
    19  C        0.015476     15.170721     -4.149102      1.888120
    20  C        0.000374     15.499628     -7.696401     -4.208874
    21  C        0.002706     16.612242     -8.881656      2.093873
    22  O        0.002692     16.448856     -9.104379      4.494052
    23  C        0.000965     17.469271    -10.999434      0.499946
    24  N       -0.044750     13.814956      0.636535      4.859109
    25  C       -0.016417     13.959804     -1.687639      5.841862
    26  C        0.000891     13.606028     -1.642777      8.653887
    27  C       -0.000003     13.644956      1.266343      9.454432
    28  C        0.018451     13.873028      2.458647      6.791581
    29  C       -0.001205     11.177541     -2.882777      9.642989
    30  C        0.001073     15.580490      2.054510     11.504936
    31  C       -0.000188     18.236311      1.799605     10.480742
    32  N       -0.065510     14.436241      5.329047      1.972950
    33  C        0.000912     13.892416      6.407287      4.331933
    34  C       -0.008084     13.555213      9.142457      3.921087
    35  C       -0.000356     13.897613      9.462898      1.329838
    36  C       -0.009225     14.366794      7.072073      0.186610
    37  C       -0.000034     12.897192     10.948091      5.801535
    38  C        0.000160     13.930173     11.262579     -0.745932
    39  O        0.000334     13.827315     13.582747     -0.904933
    40  C        0.001205     13.947539      9.724568     -3.332400
    41  C       -0.005750     15.964104     10.852451     -4.988820
    42  O       -0.001644     18.243473     10.672625     -4.411225
    43  O       -0.000791     14.937813     11.563725     -7.195775
    44  C       -0.000343     16.848382     12.647918     -8.949044
    45  H        0.000281     13.223737     -3.132353     -5.855581
    46  H       -0.000126     14.660628     -5.319050      5.641777
    47  H        0.000358     13.437540      6.224985      8.107398
    48  H        0.000246     12.795997      5.989563     -7.805419
    49  H       -0.000234     13.678083      0.814510     -8.711883
    50  H       -0.000335      9.207520      3.681243     -6.759059
    51  H       -0.000384      9.442357      0.481143     -5.684825
    52  H       -0.000185      9.282996      1.031488     -8.924288
    53  H        0.000122     17.614666      2.922537     -8.037232
    54  H        0.000175     17.861748      6.228859     -7.204543
    55  H       -0.000183     14.899130      5.811777    -11.668643
    56  H        0.000103     17.064567      3.392399    -11.904972
    57  H        0.000201     14.785652     -6.796022     -5.916751
    58  H        0.000006     14.185116     -9.241895     -3.855457
    59  H        0.000133     17.397839     -8.448002     -4.483678
    60  H        0.000407     15.948060    -11.549288     -0.775959
    61  H        0.000204     18.142372    -12.450177      1.796317
    62  H        0.000466     19.020018    -10.352071     -0.692490
    63  H        0.000334     15.142338     -2.625982      9.607764
    64  H        0.001384     11.831141      1.883944     10.211721
    65  H       -0.000445     11.514139     -4.387509     11.009526
    66  H       -0.000595     10.113172     -3.579463      8.023834
    67  H       -0.000485      9.826651     -1.580737     10.491589
    68  H        0.000096     15.439214      0.810730     13.139455
    69  H        0.000307     15.323562      3.988777     12.165206
    70  H        0.000044     18.653770     -0.194585     10.775993
    71  H        0.000020     19.535667      2.991210     11.547720
    72  H        0.000172     18.296461      2.147371      8.451063
    73  H       -0.000921     14.103612     12.585387      5.475727
    74  H        0.000088     13.164399     10.186550      7.696193
    75  H       -0.001452     10.912469     11.262957      5.350306
    76  H       -0.006594     12.070115      9.925295     -4.153542
    77  H       -0.000186     16.186789     14.524511     -9.481946
    78  H       -0.000167     17.114569     11.265205    -10.452755
    79  H        0.000150     18.683911     13.101074     -8.128884
 ------------------------------------------------------

 TOTAL ENERGY:                        -130.912428322

 --------------------------------------------------------------------------------

 End time:                               Wed Jun 30 13:19:26 2021
 Total wall-clock time:                  0.356 seconds
==================================================================================
