
================================================================================
          _____________ ________ _______________ ________     _________         
         / ___________// ______ \\_____   _____// ______ \   / ________)        
        / /_________  / /      \ \     | |     / /      \ \ | (_______          
       |  __________|| |        | |    | |    | |        | | \________ \        
        \ \_________ | |        | |    | |     \ \______/ /___________) |       
         \__________||_|        |_|    |_|      \________//____________/        
                                                                                
====================================[ Qcore ]===================================

 Git hash:   ad9d0b24ea610736acb9cf13a2604964cd4d942e
 Git date:   Wed, 30 Jun 2021 12:42:56 +0100
 Compiler:   GNU 9.1.0
 Build type: Release
 Version:    1.4.1

 Start time: Wed Jun 30 13:19:35 2021

 Data directory: /home/of15641/.local/src/Qcore/release/share/entos/1.4.1/data
 Number of threads: 2
 Number of threads was determined by: command line argument
  - More threads can be used by running 'qcore -n 28'

 --------------------------------------------------------------------------------
                                   command: xtb                                  
 --------------------------------------------------------------------------------
 XTB basis setup:                        reference basis
 Number of basis functions:            244
 GFN version:                            chlorophyll
 Integral screening threshold:           1.00e-10
 Total charge:                           0.000000000
 Number of electrons:                  218.000000000
 Electronic temperature (Kelvin):        0.000000000

 D3BJ energy:                           -0.062532591
 Repulsive energy:                       1.521562588

 ****************************************************
  Running robust self-consistent charge (SCC) solver 
 ****************************************************
 Number of SCC trials:                   4
 Using the stop-early mechanism for the first 3 trials

 Conv. threshold (charge):               1.00e-05
 Conv. threshold (energy):               1.00e-06
 Initial guess:                          eeq

 -------------
  SCC Trial 1 
 -------------
 Broyden mixing factor:                  0.400000000
 Max number of iterations:             128

 ---------------------------------------------------------------
                  energy        change          grad        time
 ---------------------------------------------------------------
   0      -130.296900373                    6.61e-01        0.02
   1      -130.889096463     -5.92e-01      3.88e-01        0.01
   2      -130.898029035     -8.93e-03      1.03e-01        0.01
   3      -130.909488773     -1.15e-02      1.05e-02        0.01
   4      -130.910040970     -5.52e-04      5.71e-03        0.01
   5      -130.912303171     -2.26e-03      1.38e-03        0.01
   6      -130.912416828     -1.14e-04      4.09e-04        0.01
   7      -130.912424529     -7.70e-06      1.58e-04        0.01
   8      -130.912425319     -7.91e-07      4.48e-05        0.01
   9      -130.912425333     -1.42e-08      1.59e-05        0.01
  10      -130.912425335     -1.31e-09      4.93e-06        0.01
  11      -130.912425335     -1.80e-10      1.72e-06        0.01

 SCF converged in 10 iterations.

 Entropy contribution (-ST):             0.000000000
 Dipole moment (in Debye):              -2.773646      -0.684665       2.920106

 ----------------
  Excitation 0 1 
 ----------------
 Setting up Delta-SCF
 Ground-Excited state overlap:          -0.000000000
 No correction applied to the TDM.
 Excitation energy:                      0.095287934
 Excitation energy (in eV):              2.592916777
 Transition dipole:                      0.48159      -0.66524      -4.30445
 ------------------------------------------------------
           transition charges and positions           
           --------------------------------           
        atom     charge/e     x/bohr        y/bohr        z/bohr
 ------------------------------------------------------
     1  Mg       0.000007     14.896976      1.341139      1.131625
     2  C        0.020022     15.298183     -4.408996     -2.407908
     3  C       -0.017695     13.167838     -2.235546      6.210566
     4  C       -0.016147     13.700193      6.435481      4.051932
     5  C        0.014885     14.549795      4.530486     -4.619946
     6  N        0.000962     14.369780     -2.781639      1.606305
     7  C        0.030432     14.693603     -4.790248      0.132753
     8  C       -0.000141     14.470124     -7.346046      1.577128
     9  C       -0.000161     12.779160     -6.434480      3.898184
    10  C       -0.036512     13.531214     -3.665747      3.954535
    11  C       -0.004507      9.945969     -6.616782      3.400241
    12  C        0.002933     17.098733     -8.357559      2.484121
    13  C        0.000205     17.125530    -11.116408      3.357873
    14  H        0.000511     19.349605    -12.647597      2.838123
    15  N       -0.010730     14.521714      2.006190      4.785977
    16  C       -0.050691     13.833986      0.320290      6.585601
    17  C       -0.092756     13.827542      1.729307      8.998781
    18  C       -0.030518     14.218148      4.452592      8.405426
    19  C       -0.040595     14.111435      4.412926      5.685430
    20  C       -0.001205     13.567988      0.482390     11.526706
    21  C       -0.005473     14.603520      6.732338     10.032310
    22  O       -0.010688     14.467138      8.977938      9.151471
    23  C       -0.000274     14.984130      6.266426     12.752269
    24  N        0.004959     13.803051      4.933470     -0.076628
    25  C       -0.024639     13.517513      6.831568      1.567849
    26  C       -0.000361     13.258489      9.320375      0.236121
    27  C        0.001001     13.888807      8.784638     -2.665780
    28  C        0.047776     14.271061      5.887309     -2.511578
    29  C       -0.002824     10.662950     10.599228      0.439059
    30  C        0.003501     15.998006     10.405664     -3.888697
    31  C        0.000487     18.522661      9.755598     -2.717842
    32  N        0.001225     15.249901      0.345196     -2.831566
    33  C        0.069579     14.994221      1.967942     -4.911096
    34  C        0.058064     15.187748      0.394877     -7.202767
    35  C        0.028898     15.513348     -2.053981     -6.290917
    36  C        0.039098     15.472964     -2.019890     -3.600117
    37  C        0.001622     14.949132      1.265644     -9.735397
    38  C        0.007322     15.839382     -4.697746     -6.963962
    39  O        0.013551     16.188433     -5.850535     -8.956017
    40  C        0.000078     15.482602     -6.358191     -4.479785
    41  C        0.000218     17.633658     -8.213865     -4.370748
    42  O        0.000377     19.848984     -7.478289     -4.035000
    43  O        0.000054     16.704933    -10.569068     -4.228111
    44  C        0.000012     18.740830    -12.499386     -4.058376
    45  H       -0.000017     12.184557     -3.110999      7.799032
    46  H       -0.000088     13.487769      8.264755      4.983038
    47  H        0.001383     14.618657      5.415558     -6.481836
    48  H        0.001048     13.496783     -8.836397      0.540122
    49  H       -0.001158     13.322588     -7.360030      5.655856
    50  H       -0.000416      9.556591     -7.114290      1.439877
    51  H       -0.001187      9.190305     -4.749581      3.832327
    52  H       -0.000832      9.050881     -7.911433      4.729852
    53  H        0.000063     17.613117     -7.426208      4.247821
    54  H        0.000309     18.526157     -8.092223      1.021529
    55  H        0.000083     15.415044    -12.107286      2.776386
    56  H        0.000061     17.057273    -11.142146      5.416465
    57  H       -0.000016     12.996459     -1.486685     11.344196
    58  H       -0.011635     11.986741      1.389081     12.485326
    59  H       -0.009957     15.273768      0.675369     12.665398
    60  H       -0.000777     13.349479      5.264229     13.505854
    61  H        0.000005     15.396260      8.100916     13.590816
    62  H       -0.000815     16.597502      5.007755     12.994267
    63  H       -0.001999     14.598682     10.696851      0.975004
    64  H        0.005342     12.253041      9.088770     -3.880931
    65  H       -0.000243     10.736611     12.499782      1.231138
    66  H       -0.000498      9.437708      9.379467      1.557493
    67  H       -0.000286      9.617553     10.717544     -1.331104
    68  H        0.000138     15.661880     12.405466     -3.533032
    69  H        0.000382     16.143477     10.147451     -5.927183
    70  H        0.000056     18.549646     10.909049     -1.012818
    71  H        0.000118     20.059651     10.278825     -3.986944
    72  H        0.000688     18.592732      7.782969     -2.127945
    73  H        0.005841     16.443168      0.337524    -10.807211
    74  H        0.000838     15.115126      3.315600     -9.840635
    75  H        0.011599     13.052603      0.603201    -10.189573
    76  H        0.000090     13.658525     -7.297536     -4.652071
    77  H       -0.000001     18.444804    -13.830528     -5.602282
    78  H        0.000014     18.688749    -13.237891     -2.135939
    79  H        0.000006     20.651853    -11.846277     -4.469013
 ------------------------------------------------------


 -----------------
  Excitation -1 1 
 -----------------
 Setting up Delta-SCF
 Ground-Excited state overlap:           0.000000000
 No correction applied to the TDM.
 Excitation energy:                      0.102302190
 Excitation energy (in eV):              2.783784409
 Transition dipole:                     -0.13014       2.58059      -0.33455
 ------------------------------------------------------
           transition charges and positions           
           --------------------------------           
        atom     charge/e     x/bohr        y/bohr        z/bohr
 ------------------------------------------------------
     1  Mg       0.001802     14.896976      1.341139      1.131625
     2  C       -0.085885     15.298183     -4.408996     -2.407908
     3  C       -0.067020     13.167838     -2.235546      6.210566
     4  C        0.067531     13.700193      6.435481      4.051932
     5  C        0.053815     14.549795      4.530486     -4.619946
     6  N       -0.113095     14.369780     -2.781639      1.606305
     7  C       -0.010078     14.693603     -4.790248      0.132753
     8  C        0.000210     14.470124     -7.346046      1.577128
     9  C       -0.001257     12.779160     -6.434480      3.898184
    10  C       -0.005269     13.531214     -3.665747      3.954535
    11  C       -0.000628      9.945969     -6.616782      3.400241
    12  C       -0.000799     17.098733     -8.357559      2.484121
    13  C       -0.000022     17.125530    -11.116408      3.357873
    14  H       -0.000077     19.349605    -12.647597      2.838123
    15  N        0.029364     14.521714      2.006190      4.785977
    16  C        0.007760     13.833986      0.320290      6.585601
    17  C       -0.010912     13.827542      1.729307      8.998781
    18  C        0.008362     14.218148      4.452592      8.405426
    19  C       -0.007444     14.111435      4.412926      5.685430
    20  C       -0.000112     13.567988      0.482390     11.526706
    21  C        0.001143     14.603520      6.732338     10.032310
    22  O        0.001898     14.467138      8.977938      9.151471
    23  C        0.000358     14.984130      6.266426     12.752269
    24  N        0.118663     13.803051      4.933470     -0.076628
    25  C        0.004889     13.517513      6.831568      1.567849
    26  C        0.001514     13.258489      9.320375      0.236121
    27  C        0.000827     13.888807      8.784638     -2.665780
    28  C        0.012640     14.271061      5.887309     -2.511578
    29  C        0.000574     10.662950     10.599228      0.439059
    30  C        0.000765     15.998006     10.405664     -3.888697
    31  C       -0.000067     18.522661      9.755598     -2.717842
    32  N       -0.015937     15.249901      0.345196     -2.831566
    33  C       -0.000307     14.994221      1.967942     -4.911096
    34  C        0.014846     15.187748      0.394877     -7.202767
    35  C       -0.005249     15.513348     -2.053981     -6.290917
    36  C        0.010895     15.472964     -2.019890     -3.600117
    37  C        0.000546     14.949132      1.265644     -9.735397
    38  C       -0.001518     15.839382     -4.697746     -6.963962
    39  O       -0.003850     16.188433     -5.850535     -8.956017
    40  C       -0.000559     15.482602     -6.358191     -4.479785
    41  C       -0.004150     17.633658     -8.213865     -4.370748
    42  O       -0.002229     19.848984     -7.478289     -4.035000
    43  O       -0.000509     16.704933    -10.569068     -4.228111
    44  C       -0.000241     18.740830    -12.499386     -4.058376
    45  H        0.000061     12.184557     -3.110999      7.799032
    46  H       -0.000025     13.487769      8.264755      4.983038
    47  H        0.000438     14.618657      5.415558     -6.481836
    48  H       -0.000245     13.496783     -8.836397      0.540122
    49  H       -0.000227     13.322588     -7.360030      5.655856
    50  H       -0.000340      9.556591     -7.114290      1.439877
    51  H       -0.000558      9.190305     -4.749581      3.832327
    52  H       -0.000207      9.050881     -7.911433      4.729852
    53  H       -0.000066     17.613117     -7.426208      4.247821
    54  H       -0.000171     18.526157     -8.092223      1.021529
    55  H       -0.000019     15.415044    -12.107286      2.776386
    56  H       -0.000018     17.057273    -11.142146      5.416465
    57  H       -0.000092     12.996459     -1.486685     11.344196
    58  H       -0.000122     11.986741      1.389081     12.485326
    59  H       -0.002021     15.273768      0.675369     12.665398
    60  H        0.000217     13.349479      5.264229     13.505854
    61  H        0.000020     15.396260      8.100916     13.590816
    62  H        0.000268     16.597502      5.007755     12.994267
    63  H        0.000054     14.598682     10.696851      0.975004
    64  H        0.001549     12.253041      9.088770     -3.880931
    65  H        0.000096     10.736611     12.499782      1.231138
    66  H        0.000368      9.437708      9.379467      1.557493
    67  H        0.000281      9.617553     10.717544     -1.331104
    68  H        0.000002     15.661880     12.405466     -3.533032
    69  H        0.000211     16.143477     10.147451     -5.927183
    70  H        0.000023     18.549646     10.909049     -1.012818
    71  H        0.000046     20.059651     10.278825     -3.986944
    72  H        0.000147     18.592732      7.782969     -2.127945
    73  H        0.002205     16.443168      0.337524    -10.807211
    74  H       -0.000121     15.115126      3.315600     -9.840635
    75  H        0.002725     13.052603      0.603201    -10.189573
    76  H       -0.005423     13.658525     -7.297536     -4.652071
    77  H       -0.000039     18.444804    -13.830528     -5.602282
    78  H       -0.000093     18.688749    -13.237891     -2.135939
    79  H       -0.000112     20.651853    -11.846277     -4.469013
 ------------------------------------------------------


 ----------------
  Excitation 0 2 
 ----------------
 Setting up Delta-SCF
 Ground-Excited state overlap:           0.000000000
 No correction applied to the TDM.
 Excitation energy:                      0.149819710
 Excitation energy (in eV):              4.076801989
 Transition dipole:                     -0.17222       1.97840      -0.20270
 ------------------------------------------------------
           transition charges and positions           
           --------------------------------           
        atom     charge/e     x/bohr        y/bohr        z/bohr
 ------------------------------------------------------
     1  Mg       0.000997     14.896976      1.341139      1.131625
     2  C        0.010743     15.298183     -4.408996     -2.407908
     3  C        0.013919     13.167838     -2.235546      6.210566
     4  C       -0.009783     13.700193      6.435481      4.051932
     5  C       -0.016178     14.549795      4.530486     -4.619946
     6  N       -0.000200     14.369780     -2.781639      1.606305
     7  C       -0.061185     14.693603     -4.790248      0.132753
     8  C       -0.000436     14.470124     -7.346046      1.577128
     9  C       -0.000150     12.779160     -6.434480      3.898184
    10  C       -0.057615     13.531214     -3.665747      3.954535
    11  C       -0.004535      9.945969     -6.616782      3.400241
    12  C       -0.007066     17.098733     -8.357559      2.484121
    13  C       -0.000461     17.125530    -11.116408      3.357873
    14  H       -0.005135     19.349605    -12.647597      2.838123
    15  N       -0.026888     14.521714      2.006190      4.785977
    16  C       -0.024412     13.833986      0.320290      6.585601
    17  C        0.000280     13.827542      1.729307      8.998781
    18  C       -0.016895     14.218148      4.452592      8.405426
    19  C        0.086183     14.111435      4.412926      5.685430
    20  C       -0.000309     13.567988      0.482390     11.526706
    21  C       -0.009223     14.603520      6.732338     10.032310
    22  O       -0.013763     14.467138      8.977938      9.151471
    23  C        0.000127     14.984130      6.266426     12.752269
    24  N       -0.002224     13.803051      4.933470     -0.076628
    25  C        0.086884     13.517513      6.831568      1.567849
    26  C       -0.001068     13.258489      9.320375      0.236121
    27  C       -0.000405     13.888807      8.784638     -2.665780
    28  C        0.066774     14.271061      5.887309     -2.511578
    29  C        0.009573     10.662950     10.599228      0.439059
    30  C        0.004707     15.998006     10.405664     -3.888697
    31  C        0.000693     18.522661      9.755598     -2.717842
    32  N        0.004488     15.249901      0.345196     -2.831566
    33  C        0.034326     14.994221      1.967942     -4.911096
    34  C       -0.032055     15.187748      0.394877     -7.202767
    35  C        0.002810     15.513348     -2.053981     -6.290917
    36  C       -0.034680     15.472964     -2.019890     -3.600117
    37  C       -0.000077     14.949132      1.265644     -9.735397
    38  C       -0.001199     15.839382     -4.697746     -6.963962
    39  O       -0.001558     16.188433     -5.850535     -8.956017
    40  C       -0.000105     15.482602     -6.358191     -4.479785
    41  C        0.000309     17.633658     -8.213865     -4.370748
    42  O        0.000261     19.848984     -7.478289     -4.035000
    43  O        0.000077     16.704933    -10.569068     -4.228111
    44  C        0.000002     18.740830    -12.499386     -4.058376
    45  H        0.000229     12.184557     -3.110999      7.799032
    46  H       -0.000529     13.487769      8.264755      4.983038
    47  H        0.001196     14.618657      5.415558     -6.481836
    48  H       -0.001165     13.496783     -8.836397      0.540122
    49  H       -0.001303     13.322588     -7.360030      5.655856
    50  H       -0.000299      9.556591     -7.114290      1.439877
    51  H       -0.001036      9.190305     -4.749581      3.832327
    52  H       -0.000782      9.050881     -7.911433      4.729852
    53  H       -0.000218     17.613117     -7.426208      4.247821
    54  H       -0.000250     18.526157     -8.092223      1.021529
    55  H        0.000640     15.415044    -12.107286      2.776386
    56  H       -0.000337     17.057273    -11.142146      5.416465
    57  H        0.000096     12.996459     -1.486685     11.344196
    58  H       -0.000534     11.986741      1.389081     12.485326
    59  H        0.000501     15.273768      0.675369     12.665398
    60  H       -0.001260     13.349479      5.264229     13.505854
    61  H        0.000046     15.396260      8.100916     13.590816
    62  H       -0.001380     16.597502      5.007755     12.994267
    63  H        0.006524     14.598682     10.696851      0.975004
    64  H        0.005045     12.253041      9.088770     -3.880931
    65  H        0.001574     10.736611     12.499782      1.231138
    66  H        0.002448      9.437708      9.379467      1.557493
    67  H        0.002108      9.617553     10.717544     -1.331104
    68  H        0.000524     15.661880     12.405466     -3.533032
    69  H        0.000557     16.143477     10.147451     -5.927183
    70  H        0.000205     18.549646     10.909049     -1.012818
    71  H        0.000047     20.059651     10.278825     -3.986944
    72  H        0.000661     18.592732      7.782969     -2.127945
    73  H       -0.002409     16.443168      0.337524    -10.807211
    74  H       -0.000427     15.115126      3.315600     -9.840635
    75  H       -0.006114     13.052603      0.603201    -10.189573
    76  H        0.000095     13.658525     -7.297536     -4.652071
    77  H       -0.000003     18.444804    -13.830528     -5.602282
    78  H        0.000004     18.688749    -13.237891     -2.135939
    79  H       -0.000004     20.651853    -11.846277     -4.469013
 ------------------------------------------------------


 -----------------
  Excitation -1 2 
 -----------------
 Setting up Delta-SCF
 Ground-Excited state overlap:           0.000000000
 No correction applied to the TDM.
 Excitation energy:                      0.164101650
 Excitation energy (in eV):              4.465433394
 Transition dipole:                     -0.14921       0.17430       1.81700
 ------------------------------------------------------
           transition charges and positions           
           --------------------------------           
        atom     charge/e     x/bohr        y/bohr        z/bohr
 ------------------------------------------------------
     1  Mg       0.006410     14.896976      1.341139      1.131625
     2  C       -0.047017     15.298183     -4.408996     -2.407908
     3  C        0.051730     13.167838     -2.235546      6.210566
     4  C        0.036077     13.700193      6.435481      4.051932
     5  C       -0.059744     14.549795      4.530486     -4.619946
     6  N        0.013807     14.369780     -2.781639      1.606305
     7  C        0.020262     14.693603     -4.790248      0.132753
     8  C       -0.001081     14.470124     -7.346046      1.577128
     9  C        0.000218     12.779160     -6.434480      3.898184
    10  C       -0.008038     13.531214     -3.665747      3.954535
    11  C       -0.000665      9.945969     -6.616782      3.400241
    12  C        0.001953     17.098733     -8.357559      2.484121
    13  C       -0.000159     17.125530    -11.116408      3.357873
    14  H        0.000743     19.349605    -12.647597      2.838123
    15  N        0.093650     14.521714      2.006190      4.785977
    16  C        0.002809     13.833986      0.320290      6.585601
    17  C        0.000270     13.827542      1.729307      8.998781
    18  C        0.004841     14.218148      4.452592      8.405426
    19  C        0.015471     14.111435      4.412926      5.685430
    20  C        0.000374     13.567988      0.482390     11.526706
    21  C        0.002706     14.603520      6.732338     10.032310
    22  O        0.002693     14.467138      8.977938      9.151471
    23  C        0.000965     14.984130      6.266426     12.752269
    24  N       -0.044747     13.803051      4.933470     -0.076628
    25  C       -0.016422     13.517513      6.831568      1.567849
    26  C        0.000891     13.258489      9.320375      0.236121
    27  C       -0.000003     13.888807      8.784638     -2.665780
    28  C        0.018447     14.271061      5.887309     -2.511578
    29  C       -0.001205     10.662950     10.599228      0.439059
    30  C        0.001073     15.998006     10.405664     -3.888697
    31  C       -0.000188     18.522661      9.755598     -2.717842
    32  N       -0.065511     15.249901      0.345196     -2.831566
    33  C        0.000909     14.994221      1.967942     -4.911096
    34  C       -0.008082     15.187748      0.394877     -7.202767
    35  C       -0.000356     15.513348     -2.053981     -6.290917
    36  C       -0.009223     15.472964     -2.019890     -3.600117
    37  C       -0.000034     14.949132      1.265644     -9.735397
    38  C        0.000160     15.839382     -4.697746     -6.963962
    39  O        0.000334     16.188433     -5.850535     -8.956017
    40  C        0.001205     15.482602     -6.358191     -4.479785
    41  C       -0.005750     17.633658     -8.213865     -4.370748
    42  O       -0.001644     19.848984     -7.478289     -4.035000
    43  O       -0.000791     16.704933    -10.569068     -4.228111
    44  C       -0.000343     18.740830    -12.499386     -4.058376
    45  H        0.000281     12.184557     -3.110999      7.799032
    46  H       -0.000126     13.487769      8.264755      4.983038
    47  H        0.000358     14.618657      5.415558     -6.481836
    48  H        0.000246     13.496783     -8.836397      0.540122
    49  H       -0.000234     13.322588     -7.360030      5.655856
    50  H       -0.000335      9.556591     -7.114290      1.439877
    51  H       -0.000384      9.190305     -4.749581      3.832327
    52  H       -0.000185      9.050881     -7.911433      4.729852
    53  H        0.000122     17.613117     -7.426208      4.247821
    54  H        0.000175     18.526157     -8.092223      1.021529
    55  H       -0.000183     15.415044    -12.107286      2.776386
    56  H        0.000103     17.057273    -11.142146      5.416465
    57  H        0.000201     12.996459     -1.486685     11.344196
    58  H        0.000006     11.986741      1.389081     12.485326
    59  H        0.000132     15.273768      0.675369     12.665398
    60  H        0.000407     13.349479      5.264229     13.505854
    61  H        0.000204     15.396260      8.100916     13.590816
    62  H        0.000466     16.597502      5.007755     12.994267
    63  H        0.000333     14.598682     10.696851      0.975004
    64  H        0.001384     12.253041      9.088770     -3.880931
    65  H       -0.000445     10.736611     12.499782      1.231138
    66  H       -0.000596      9.437708      9.379467      1.557493
    67  H       -0.000485      9.617553     10.717544     -1.331104
    68  H        0.000096     15.661880     12.405466     -3.533032
    69  H        0.000307     16.143477     10.147451     -5.927183
    70  H        0.000044     18.549646     10.909049     -1.012818
    71  H        0.000020     20.059651     10.278825     -3.986944
    72  H        0.000172     18.592732      7.782969     -2.127945
    73  H       -0.000921     16.443168      0.337524    -10.807211
    74  H        0.000088     15.115126      3.315600     -9.840635
    75  H       -0.001452     13.052603      0.603201    -10.189573
    76  H       -0.006594     13.658525     -7.297536     -4.652071
    77  H       -0.000186     18.444804    -13.830528     -5.602282
    78  H       -0.000167     18.688749    -13.237891     -2.135939
    79  H        0.000150     20.651853    -11.846277     -4.469013
 ------------------------------------------------------

 TOTAL ENERGY:                        -130.912425335

 --------------------------------------------------------------------------------

 End time:                               Wed Jun 30 13:19:35 2021
 Total wall-clock time:                  0.508 seconds
==================================================================================
