
================================================================================
          _____________ ________ _______________ ________     _________         
         / ___________// ______ \\_____   _____// ______ \   / ________)        
        / /_________  / /      \ \     | |     / /      \ \ | (_______          
       |  __________|| |        | |    | |    | |        | | \________ \        
        \ \_________ | |        | |    | |     \ \______/ /___________) |       
         \__________||_|        |_|    |_|      \________//____________/        
                                                                                
====================================[ Qcore ]===================================

 Git hash:   4f46786782e696c626e0064ff3d1a47267e124c4
 Git date:   Wed, 30 Jun 2021 10:19:53 +0100
 Compiler:   AppleClang 10.0.1.10010046
 Build type: Release
 Version:    1.4.1

 Start time: Mon Jul  5 14:55:42 2021

 Data directory: /Users/of15641/qcore/cmake-build-release/share/entos/1.4.1/data
 Number of threads: 2
 Number of threads was determined by: number of physical cores

 --------------------------------------------------------------------------------
                                   command: xtb                                  
 --------------------------------------------------------------------------------
 XTB basis setup:                        reference basis
 Number of basis functions:            244
 GFN version:                            chlorophyll
 Integral screening threshold:           1.00e-10
 Total charge:                           0.000000000
 Number of electrons:                  218.000000000
 Electronic temperature (Kelvin):        0.000000000

 D3BJ energy:                           -0.062562660
 Repulsive energy:                       1.518581410

 ****************************************************
  Running robust self-consistent charge (SCC) solver 
 ****************************************************
 Number of SCC trials:                   4
 Using the stop-early mechanism for the first 3 trials

 Conv. threshold (charge):               1.00e-05
 Conv. threshold (energy):               1.00e-06
 Initial guess:                          eeq

 -------------
  SCC Trial 1 
 -------------
 Broyden mixing factor:                  0.400000000
 Max number of iterations:             128

 ---------------------------------------------------------------
                  energy        change          grad        time
 ---------------------------------------------------------------
   0      -130.292184740                    6.60e-01        0.07
   1      -130.884269792     -5.92e-01      3.88e-01        0.07
   2      -130.893054112     -8.78e-03      1.03e-01        0.03
   3      -130.904351571     -1.13e-02      1.05e-02        0.01
   4      -130.904889312     -5.38e-04      5.83e-03        0.01
   5      -130.907236863     -2.35e-03      1.35e-03        0.13
   6      -130.907344661     -1.08e-04      3.93e-04        0.05
   7      -130.907351597     -6.94e-06      1.59e-04        0.02
   8      -130.907352463     -8.66e-07      4.52e-05        0.03
   9      -130.907352479     -1.69e-08      1.63e-05        0.01
  10      -130.907352481     -1.42e-09      4.99e-06        0.01
  11      -130.907352481     -1.68e-10      1.76e-06        0.03

 SCF converged in 10 iterations.

 Entropy contribution (-ST):             0.000000000
 Dipole moment (in Debye):              -2.499264      -2.296375       2.105460

 ----------------
  Excitation 0 1 
 ----------------
 Setting up Delta-SCF
 Ground-Excited state overlap:          -0.000000000
 No correction applied to the TDM.
 Excitation energy:                      0.094811851
 Excitation energy (in eV):              2.579961886
 Transition dipole:                      0.25879       1.50452      -4.11745

 -----------------
  Excitation -1 1 
 -----------------
 Setting up Delta-SCF
 Ground-Excited state overlap:           0.000000000
 No correction applied to the TDM.
 Excitation energy:                      0.101903846
 Excitation energy (in eV):              2.772944925
 Transition dipole:                     -0.20564       2.50317       0.78453

 ----------------
  Excitation 0 2 
 ----------------
 Setting up Delta-SCF
 Ground-Excited state overlap:           0.000000000
 No correction applied to the TDM.
 Excitation energy:                      0.149331439
 Excitation energy (in eV):              4.063515466
 Transition dipole:                     -0.23755       1.80914       0.66916

 -----------------
  Excitation -1 2 
 -----------------
 Setting up Delta-SCF
 Ground-Excited state overlap:           0.000000000
 No correction applied to the TDM.
 Excitation energy:                      0.162784385
 Excitation energy (in eV):              4.429588765
 Transition dipole:                     -0.06797      -0.65326       1.66505
 TOTAL ENERGY:                        -130.907352481
 Saving results in set 'res'

 --------------------------------------------------------------------------------
                                  command: print                                 
 --------------------------------------------------------------------------------
 res.energy:                          -130.9073524811

 --------------------------------------------------------------------------------
                                  command: print                                 
 --------------------------------------------------------------------------------

 res.dipole:
                      1
 1        -0.9832861022
 2        -0.9034634428
 3         0.8283517348

 --------------------------------------------------------------------------------
                                  command: print                                 
 --------------------------------------------------------------------------------

 res.atomic_charges:
                      1
 1         0.3739080625
 2        -0.0585591433
 3        -0.1052942495
 4        -0.0918972373
 5        -0.0754670941
 6        -0.2347866572
 7         0.1311607791
 8        -0.0310269655
 9        -0.0293011453
 10        0.1146187718
 11       -0.0895451940
 12       -0.0574340014
 13       -0.0770427735
 14        0.0120148077
 15       -0.2927787945
 16        0.1409349922
 17       -0.0390501556
 18       -0.1169486548
 19        0.1621786866
 20       -0.0831270791
 21        0.3351444514
 22       -0.4233041084
 23       -0.1290226299
 24       -0.2520897712
 25        0.1464359146
 26       -0.0216304673
 27       -0.0354949869
 28        0.1192971516
 29       -0.0909139645
 30       -0.0530863582
 31       -0.0928305174
 32       -0.3034554975
 33        0.1010592491
 34        0.0040109724
 35       -0.1119386820
 36        0.1478639072
 37       -0.0863953083
 38        0.3461440559
 39       -0.3982382261
 40       -0.1076571226
 41        0.5203709441
 42       -0.4647578122
 43       -0.2905218537
 44        0.1060455161
 45        0.0507578982
 46        0.0537423973
 47        0.0399255382
 48        0.0445138633
 49        0.0460335574
 50        0.0446854111
 51        0.0374132796
 52        0.0349395956
 53        0.0399249572
 54        0.0614549914
 55        0.0256549900
 56        0.0201039645
 57        0.0346418361
 58        0.0358414472
 59        0.0466783125
 60        0.0608363259
 61        0.0591637280
 62        0.0504346934
 63        0.0496705293
 64        0.0359875420
 65        0.0383999446
 66        0.0337244076
 67        0.0308876947
 68        0.0342581674
 69        0.0332420620
 70        0.0298544641
 71        0.0371890251
 72        0.0387545024
 73        0.0640045496
 74        0.0388418739
 75        0.0630906786
 76        0.0595821002
 77        0.0315838038
 78        0.0274595833
 79        0.0491304734

 --------------------------------------------------------------------------------
                                  command: print                                 
 --------------------------------------------------------------------------------
 res.excitation_1_energy:                0.0948118505

 --------------------------------------------------------------------------------
                                  command: print                                 
 --------------------------------------------------------------------------------
 res.excitation_1_transition_dipole : [
  0.2587912456694918,
  1.5045157183539875,
  -4.117446576657483
]

 --------------------------------------------------------------------------------
                                  command: print                                 
 --------------------------------------------------------------------------------

 res.excitation_1_transition_charges:
                      1
 1        -0.0002235026
 2         0.0305961552
 3        -0.0107708915
 4        -0.0223155392
 5         0.0090991385
 6         0.0121333259
 7         0.0310835884
 8        -0.0001539187
 9        -0.0000187161
 10       -0.0365777025
 11       -0.0042915054
 12        0.0030786185
 13        0.0002110731
 14        0.0005557153
 15       -0.0136107006
 16       -0.0524609070
 17       -0.0878264652
 18       -0.0331075538
 19       -0.0396537773
 20       -0.0011252068
 21       -0.0058170991
 22       -0.0113526231
 23       -0.0003344193
 24       -0.0074162310
 25       -0.0257309351
 26       -0.0004933716
 27        0.0008730159
 28        0.0444642732
 29       -0.0027557376
 30        0.0033973874
 31        0.0004580460
 32        0.0034704011
 33        0.0695263872
 34        0.0570417246
 35        0.0299248420
 36        0.0357769369
 37        0.0016291333
 38        0.0075172500
 39        0.0142277394
 40        0.0001454473
 41        0.0007422985
 42        0.0006355032
 43        0.0001229247
 44        0.0000433345
 45       -0.0000208633
 46       -0.0000812723
 47        0.0013957855
 48        0.0010653923
 49       -0.0010904165
 50       -0.0003701314
 51       -0.0011348424
 52       -0.0008255076
 53        0.0000689486
 54        0.0003385584
 55        0.0000885511
 56        0.0000639800
 57       -0.0000065600
 58       -0.0112150221
 59       -0.0094229430
 60       -0.0008342951
 61        0.0000023216
 62       -0.0009164143
 63       -0.0019443121
 64        0.0051971602
 65       -0.0002528218
 66       -0.0005289149
 67       -0.0003024599
 68        0.0001357291
 69        0.0003499567
 70        0.0000500998
 71        0.0001171701
 72        0.0006235971
 73        0.0054397459
 74        0.0008614985
 75        0.0116491638
 76        0.0007311636
 77        0.0000040288
 78        0.0000269940
 79        0.0000194744

 --------------------------------------------------------------------------------
                                  command: print                                 
 --------------------------------------------------------------------------------
 res.excitation_1_excited_dipole : [
  -1.1586292907073634,
  -1.169822334723552,
  0.9516180552514744
]

 --------------------------------------------------------------------------------
                                  command: print                                 
 --------------------------------------------------------------------------------

 res.excitation_1_excited_atomic_charges:
                      1
 1         0.3753145667
 2        -0.1064573714
 3        -0.1438466038
 4        -0.1302338916
 5        -0.1065312713
 6        -0.3345662761
 7         0.1903588145
 8        -0.0295865424
 9        -0.0280514777
 10        0.1822260353
 11       -0.0835338102
 12       -0.0525588593
 13       -0.0771218167
 14        0.0124621539
 15       -0.2865047331
 16        0.1896819950
 17       -0.0524173551
 18       -0.1428632872
 19        0.2191599941
 20       -0.0807970866
 21        0.3202561619
 22       -0.4394206517
 23       -0.1292263006
 24       -0.3616036070
 25        0.2095439512
 26       -0.0210206143
 27       -0.0337133919
 28        0.1708160662
 29       -0.0844891906
 30       -0.0486831048
 31       -0.0923038618
 32       -0.3030750174
 33        0.1484266651
 34       -0.0128022782
 35       -0.1259623546
 36        0.1795761792
 37       -0.0842694200
 38        0.3355264988
 39       -0.4087638972
 40       -0.1075204229
 41        0.5189677816
 42       -0.4651680613
 43       -0.2906614122
 44        0.1059853303
 45        0.0507641704
 46        0.0545257278
 47        0.0418329915
 48        0.0470313481
 49        0.0483394277
 50        0.0445114798
 51        0.0373379136
 52        0.0355385866
 53        0.0398265390
 54        0.0614666422
 55        0.0260705227
 56        0.0202096356
 57        0.0346039483
 58        0.0381465487
 59        0.0470549483
 60        0.0591191164
 61        0.0591594577
 62        0.0487188194
 63        0.0558948395
 64        0.0448519615
 65        0.0387479859
 66        0.0340368254
 67        0.0315858148
 68        0.0343846446
 69        0.0332108816
 70        0.0298927679
 71        0.0374226881
 72        0.0388339565
 73        0.0637805470
 74        0.0388855944
 75        0.0635523567
 76        0.0580030265
 77        0.0315743848
 78        0.0274291900
 79        0.0491064861

 --------------------------------------------------------------------------------
                                  command: print                                 
 --------------------------------------------------------------------------------
 res.excitation_2_energy:                0.1019038464

 --------------------------------------------------------------------------------
                                  command: print                                 
 --------------------------------------------------------------------------------
 res.excitation_2_transition_dipole : [
  -0.20563865593922,
  2.5031720359519296,
  0.7845275166830007
]

 --------------------------------------------------------------------------------
                                  command: print                                 
 --------------------------------------------------------------------------------

 res.excitation_2_transition_charges:
                      1
 1         0.0018793068
 2        -0.0891977519
 3        -0.0635904428
 4         0.0633708299
 5         0.0545204711
 6        -0.1113318024
 7        -0.0072998169
 8         0.0002092048
 9        -0.0012807401
 10       -0.0086485596
 11       -0.0009899616
 12       -0.0005579390
 13       -0.0000045331
 14       -0.0000350017
 15        0.0280449129
 16        0.0027083946
 17       -0.0187447297
 18        0.0060528133
 19       -0.0111480200
 20       -0.0002561145
 21        0.0008094964
 22        0.0011435609
 23        0.0003473876
 24        0.1196830868
 25        0.0022838283
 26        0.0014219941
 27        0.0008846575
 28        0.0176124165
 29        0.0002409950
 30        0.0012036346
 31       -0.0000187445
 32       -0.0187478594
 33        0.0078713702
 34        0.0220822553
 35       -0.0027297320
 36        0.0150005692
 37        0.0008011819
 38       -0.0009303272
 39       -0.0027565227
 40       -0.0007175744
 41       -0.0046879183
 42       -0.0025191213
 43       -0.0006091890
 44       -0.0002771207
 45        0.0000429674
 46       -0.0000350490
 47        0.0006583775
 48       -0.0001450543
 49       -0.0003265978
 50       -0.0003722028
 51       -0.0006413199
 52       -0.0002851968
 53       -0.0000585737
 54       -0.0001548215
 55       -0.0000111030
 56       -0.0000119796
 57       -0.0000939829
 58       -0.0011873561
 59       -0.0028645661
 60        0.0001536756
 61        0.0000282220
 62        0.0002168550
 63       -0.0001845543
 64        0.0022394539
 65        0.0000742731
 66        0.0003116316
 67        0.0002516224
 68        0.0000196665
 69        0.0002446699
 70        0.0000270723
 71        0.0000643837
 72        0.0002042336
 73        0.0028718931
 74       -0.0000238650
 75        0.0043196527
 76       -0.0061348436
 77       -0.0000518548
 78       -0.0001099384
 79       -0.0001286359

 --------------------------------------------------------------------------------
                                  command: print                                 
 --------------------------------------------------------------------------------
 res.excitation_3_energy:                0.1493314390

 --------------------------------------------------------------------------------
                                  command: print                                 
 --------------------------------------------------------------------------------
 res.excitation_3_transition_dipole : [
  -0.2375450184752907,
  1.8091372730658375,
  0.669160934301427
]

 --------------------------------------------------------------------------------
                                  command: print                                 
 --------------------------------------------------------------------------------

 res.excitation_3_transition_charges:
                      1
 1         0.0003509413
 2         0.0154521185
 3         0.0086512091
 4        -0.0129738699
 5        -0.0095316253
 6        -0.0022825137
 7        -0.0633107751
 8        -0.0003126100
 9        -0.0001860736
 10       -0.0531408195
 11       -0.0036646183
 12       -0.0078209879
 13       -0.0004989677
 14       -0.0061781775
 15       -0.0340547398
 16       -0.0231119147
 17       -0.0017917347
 18       -0.0179961502
 19        0.0834622380
 20       -0.0003174464
 21       -0.0100524441
 22       -0.0147234559
 23       -0.0000015370
 24        0.0024508160
 25        0.0878761333
 26       -0.0010662957
 27       -0.0004781094
 28        0.0605703597
 29        0.0090599603
 30        0.0044765259
 31        0.0006659224
 32        0.0114496176
 33        0.0344949180
 34       -0.0301280129
 35        0.0033291849
 36       -0.0325275050
 37       -0.0000783289
 38       -0.0008643386
 39       -0.0011123415
 40       -0.0002114894
 41        0.0009055630
 42        0.0004151896
 43        0.0001576725
 44        0.0000346569
 45        0.0002251482
 46       -0.0004879240
 47        0.0009870576
 48       -0.0012083045
 49       -0.0010783492
 50       -0.0001969608
 51       -0.0008807837
 52       -0.0005650887
 53       -0.0002565111
 54       -0.0002852891
 55        0.0008150331
 56       -0.0003993550
 57        0.0000719884
 58       -0.0007337300
 59        0.0002542182
 60       -0.0013709370
 61        0.0000183183
 62       -0.0015510037
 63        0.0061028406
 64        0.0048737944
 65        0.0015671640
 66        0.0024784299
 67        0.0020700657
 68        0.0004872059
 69        0.0005013901
 70        0.0001852779
 71        0.0000444007
 72        0.0006101574
 73       -0.0021495024
 74       -0.0004424963
 75       -0.0058539995
 76        0.0007623882
 77        0.0000193592
 78        0.0000264649
 79       -0.0000266117

 --------------------------------------------------------------------------------
                                  command: print                                 
 --------------------------------------------------------------------------------
 res.excitation_4_energy:                0.1627843846

 --------------------------------------------------------------------------------
                                  command: print                                 
 --------------------------------------------------------------------------------
 res.excitation_4_transition_dipole : [
  -0.06796733973926974,
  -0.653261163473826,
  1.6650484644339627
]

 --------------------------------------------------------------------------------
                                  command: print                                 
 --------------------------------------------------------------------------------

 res.excitation_4_transition_charges:
                      1
 1         0.0063330254
 2        -0.0458141259
 3         0.0498399402
 4         0.0334985968
 5        -0.0587422373
 6         0.0193414292
 7         0.0148193047
 8        -0.0012450851
 9         0.0003431627
 10       -0.0122407060
 11       -0.0009128442
 12        0.0014507044
 13       -0.0002116913
 14        0.0003442489
 15        0.0849476553
 16        0.0002585895
 17       -0.0002091614
 18        0.0034343179
 19        0.0231672299
 20        0.0003268347
 21        0.0020930335
 22        0.0016898357
 23        0.0009280568
 24       -0.0450101567
 25       -0.0069596358
 26        0.0007930702
 27       -0.0001515534
 28        0.0247356106
 29       -0.0000761496
 30        0.0016259316
 31       -0.0001219640
 32       -0.0651819860
 33        0.0050641749
 34       -0.0115409879
 35       -0.0001064376
 36       -0.0131059342
 37       -0.0000495100
 38        0.0000025520
 39        0.0000860321
 40        0.0012331365
 41       -0.0056361240
 42       -0.0016620524
 43       -0.0008027651
 44       -0.0003073623
 45        0.0003609373
 46       -0.0001865349
 47        0.0004400676
 48        0.0001288438
 49       -0.0003486042
 50       -0.0003208930
 51       -0.0004024519
 52       -0.0001845172
 53        0.0001153018
 54        0.0001702800
 55       -0.0001560838
 56        0.0000772076
 57        0.0001816251
 58       -0.0000677627
 59        0.0001068871
 60        0.0003024276
 61        0.0002014305
 62        0.0003727670
 63        0.0010551569
 64        0.0020117774
 65       -0.0002899080
 66       -0.0003153740
 67       -0.0002486294
 68        0.0001532868
 69        0.0003443211
 70        0.0000626384
 71        0.0000245622
 72        0.0002331441
 73       -0.0011456679
 74        0.0000336757
 75       -0.0021861446
 76       -0.0065740661
 77       -0.0002151022
 78       -0.0002150832
 79        0.0002124820

 --------------------------------------------------------------------------------

 End time:                               Mon Jul  5 14:55:43 2021
 Total wall-clock time:                  1.020 seconds
==================================================================================
