
================================================================================
          _____________ ________ _______________ ________     _________         
         / ___________// ______ \\_____   _____// ______ \   / ________)        
        / /_________  / /      \ \     | |     / /      \ \ | (_______          
       |  __________|| |        | |    | |    | |        | | \________ \        
        \ \_________ | |        | |    | |     \ \______/ /___________) |       
         \__________||_|        |_|    |_|      \________//____________/        
                                                                                
====================================[ Qcore ]===================================

 Git hash:   4f46786782e696c626e0064ff3d1a47267e124c4
 Git date:   Wed, 30 Jun 2021 10:19:53 +0100
 Compiler:   AppleClang 10.0.1.10010046
 Build type: Release
 Version:    1.4.1

 Start time: Mon Jul  5 14:40:02 2021

 Data directory: /Users/of15641/qcore/cmake-build-release/share/entos/1.4.1/data
 Number of threads: 2
 Number of threads was determined by: number of physical cores

 --------------------------------------------------------------------------------
                                   command: xtb                                  
 --------------------------------------------------------------------------------
 XTB basis setup:                        reference basis
 Number of basis functions:            488
 GFN version:                            chlorophyll
 Integral screening threshold:           1.00e-10
 Total charge:                           0.000000000
 Number of electrons:                  436.000000000
 Electronic temperature (Kelvin):        0.000000000

 D3BJ energy:                           -0.129274224
 Repulsive energy:                       3.040137219

 ****************************************************
  Running robust self-consistent charge (SCC) solver 
 ****************************************************
 Number of SCC trials:                   4
 Using the stop-early mechanism for the first 3 trials

 Conv. threshold (charge):               1.00e-05
 Conv. threshold (energy):               1.00e-06
 Initial guess:                          eeq

 -------------
  SCC Trial 1 
 -------------
 Broyden mixing factor:                  0.400000000
 Max number of iterations:             128

 ---------------------------------------------------------------
                  energy        change          grad        time
 ---------------------------------------------------------------
   0      -260.593677096                    6.61e-01        0.07
   1      -261.778957897     -1.19e+00      3.88e-01        0.08
   2      -261.796565473     -1.76e-02      1.04e-01        0.07
   3      -261.819721432     -2.32e-02      1.07e-02        0.06
   4      -261.820875545     -1.15e-03      5.98e-03        0.16
   5      -261.825864929     -4.99e-03      1.42e-03        0.08
   6      -261.826109126     -2.44e-04      4.33e-04        0.07
   7      -261.826127181     -1.81e-05      1.59e-04        0.07
   8      -261.826128781     -1.60e-06      4.74e-05        0.09
   9      -261.826128803     -2.18e-08      2.03e-05        0.06
  10      -261.826128815     -1.25e-08      1.11e-05        0.07
  11      -261.826128829     -1.41e-08      3.13e-06        0.07
  12      -261.826128830     -2.76e-10      9.76e-07        0.07

 SCF converged in 11 iterations.

 Entropy contribution (-ST):             0.000000000
 Dipole moment (in Debye):              -5.340123       2.655950      -2.339055

 ----------------
  Excitation 0 1 
 ----------------
 Setting up Delta-SCF
 Ground-Excited state overlap:           0.000000000
 No correction applied to the TDM.
 Excitation energy:                      0.055460883
 Excitation energy (in eV):              1.509167516
 Transition dipole:                      0.00416       0.04962      -0.01487

 -----------------
  Excitation -1 1 
 -----------------
 Setting up Delta-SCF
 Ground-Excited state overlap:          -0.000000000
 No correction applied to the TDM.
 Excitation energy:                      0.095762013
 Excitation energy (in eV):              2.605817117
 Transition dipole:                      0.46916      -4.35498       0.22218

 ----------------
  Excitation 0 2 
 ----------------
 Setting up Delta-SCF
 Ground-Excited state overlap:           0.000000000
 No correction applied to the TDM.
 Excitation energy:                      0.095214949
 Excitation energy (in eV):              2.590930745
 Transition dipole:                      0.31975      -0.81185      -4.30836

 -----------------
  Excitation -1 2 
 -----------------
 Setting up Delta-SCF
 Ground-Excited state overlap:          -0.000000000
 No correction applied to the TDM.
 Excitation energy:                      0.064553857
 Excitation energy (in eV):              1.756599946
 Transition dipole:                      0.00942       0.00315      -0.05163
 TOTAL ENERGY:                        -261.826128830
 Saving results in set 'res'

 --------------------------------------------------------------------------------
                                  command: print                                 
 --------------------------------------------------------------------------------
 res.energy:                          -261.8261288296

 --------------------------------------------------------------------------------
                                  command: print                                 
 --------------------------------------------------------------------------------

 res.dipole:
                      1
 1        -2.1009659572
 2         1.0449312408
 3        -0.9202550924

 --------------------------------------------------------------------------------
                                  command: print                                 
 --------------------------------------------------------------------------------

 res.atomic_charges:
                      1
 1         0.3727424841
 2        -0.0563094740
 3        -0.1085764102
 4        -0.0938136405
 5        -0.0763378173
 6        -0.2367921404
 7         0.1301028242
 8        -0.0291338027
 9        -0.0284330288
 10        0.1184288348
 11       -0.0892348086
 12       -0.0577053164
 13       -0.0780856288
 14        0.0134957167
 15       -0.2951315965
 16        0.1401076828
 17       -0.0392984026
 18       -0.1157678063
 19        0.1610996822
 20       -0.0834769567
 21        0.3347448153
 22       -0.4223704558
 23       -0.1298165675
 24       -0.2501924219
 25        0.1496522263
 26       -0.0209900048
 27       -0.0355744437
 28        0.1164458658
 29       -0.0922718070
 30       -0.0527455113
 31       -0.0933603436
 32       -0.3010624710
 33        0.1035949135
 34        0.0043894961
 35       -0.1127886076
 36        0.1480553836
 37       -0.0867298140
 38        0.3446315134
 39       -0.3965259585
 40       -0.1068033607
 41        0.5196026215
 42       -0.4704026380
 43       -0.2889867910
 44        0.1052554565
 45        0.0518940444
 46        0.0508176641
 47        0.0401961053
 48        0.0427088719
 49        0.0459839199
 50        0.0435796687
 51        0.0361458904
 52        0.0363922945
 53        0.0407155102
 54        0.0585924066
 55        0.0256417232
 56        0.0217675501
 57        0.0367233912
 58        0.0384638916
 59        0.0469646084
 60        0.0606244117
 61        0.0582084109
 62        0.0476961629
 63        0.0475462350
 64        0.0382132206
 65        0.0408433567
 66        0.0328207960
 67        0.0307320894
 68        0.0355001749
 69        0.0332812498
 70        0.0280705057
 71        0.0384020606
 72        0.0398976395
 73        0.0625529009
 74        0.0388203463
 75        0.0634967789
 76        0.0602030038
 77        0.0330150531
 78        0.0311412996
 79        0.0460505454
 80        0.3729666728
 81       -0.0594435541
 82       -0.1056016299
 83       -0.0920869058
 84       -0.0734945331
 85       -0.2348005219
 86        0.1308717539
 87       -0.0309608835
 88       -0.0293821082
 89        0.1145414672
 90       -0.0891819916
 91       -0.0575082478
 92       -0.0767972700
 93        0.0113349700
 94       -0.2925617060
 95        0.1406888345
 96       -0.0399414396
 97       -0.1177793446
 98        0.1618300742
 99       -0.0829587055
 100       0.3347264947
 101      -0.4238023034
 102      -0.1289986869
 103      -0.2503014095
 104       0.1470184943
 105      -0.0212896698
 106      -0.0363116035
 107       0.1209163453
 108      -0.0915431490
 109      -0.0531725664
 110      -0.0927779664
 111      -0.3030337015
 112       0.1019964395
 113       0.0047065920
 114      -0.1126392194
 115       0.1479994201
 116      -0.0863975357
 117       0.3457962685
 118      -0.3998663358
 119      -0.1074652393
 120       0.5201817288
 121      -0.4646529312
 122      -0.2911600530
 123       0.1060858295
 124       0.0513318177
 125       0.0532337014
 126       0.0417397492
 127       0.0430534718
 128       0.0462597738
 129       0.0426577042
 130       0.0399136175
 131       0.0361521851
 132       0.0402047376
 133       0.0613149615
 134       0.0248380252
 135       0.0203065191
 136       0.0350802162
 137       0.0346844882
 138       0.0462429105
 139       0.0599972140
 140       0.0585604594
 141       0.0505077760
 142       0.0486891316
 143       0.0417831405
 144       0.0371759798
 145       0.0332981122
 146       0.0362290590
 147       0.0346837611
 148       0.0337485138
 149       0.0293751558
 150       0.0363798432
 151       0.0380190992
 152       0.0626191760
 153       0.0401421705
 154       0.0634763930
 155       0.0579363209
 156       0.0307678737
 157       0.0272943247
 158       0.0492171715

 --------------------------------------------------------------------------------
                                  command: print                                 
 --------------------------------------------------------------------------------
 res.excitation_1_energy:                0.0554608833

 --------------------------------------------------------------------------------
                                  command: print                                 
 --------------------------------------------------------------------------------
 res.excitation_1_transition_dipole : [
  0.0041564613975642595,
  0.04961897932910354,
  -0.014871112984446542
]

 --------------------------------------------------------------------------------
                                  command: print                                 
 --------------------------------------------------------------------------------

 res.excitation_1_transition_charges:
                      1
 1        -0.0000491987
 2        -0.0011481187
 3        -0.0005609019
 4         0.0008779022
 5         0.0003913862
 6        -0.0016581629
 7        -0.0003722166
 8         0.0000015060
 9        -0.0000074279
 10        0.0003969537
 11        0.0000323296
 12       -0.0000466285
 13       -0.0000033314
 14       -0.0000052566
 15        0.0004748871
 16        0.0004944471
 17        0.0008927401
 18        0.0003859610
 19        0.0004736208
 20        0.0000130375
 21        0.0000800287
 22        0.0000966282
 23       -0.0000092129
 24        0.0016404285
 25        0.0002532870
 26        0.0000186937
 27       -0.0000023818
 28       -0.0004845599
 29        0.0000340623
 30       -0.0000312392
 31        0.0000233745
 32       -0.0003011911
 33       -0.0006311069
 34       -0.0006068056
 35       -0.0002691654
 36       -0.0004463099
 37       -0.0000190215
 38       -0.0000765009
 39       -0.0001306985
 40       -0.0000069771
 41       -0.0000442635
 42       -0.0000240270
 43       -0.0000043046
 44       -0.0000029601
 45        0.0000008086
 46        0.0000005016
 47       -0.0000093132
 48       -0.0000101268
 49        0.0000120293
 50        0.0000028569
 51        0.0000036437
 52        0.0000060652
 53       -0.0000033839
 54       -0.0000119356
 55       -0.0000007919
 56       -0.0000007306
 57       -0.0000004331
 58        0.0001165574
 59        0.0001086499
 60        0.0000011535
 61       -0.0000008596
 62       -0.0000273389
 63        0.0000222241
 64       -0.0000400490
 65        0.0000031040
 66        0.0000092476
 67        0.0000044141
 68       -0.0000038141
 69       -0.0000045373
 70        0.0000006233
 71        0.0000033475
 72        0.0000093769
 73       -0.0000595178
 74       -0.0000120744
 75       -0.0001315294
 76       -0.0000606008
 77       -0.0000004735
 78       -0.0000009190
 79       -0.0000010215
 80       -0.0000332563
 81        0.0001468619
 82       -0.0000233897
 83       -0.0000944640
 84        0.0000342079
 85        0.0000518186
 86        0.0001411152
 87        0.0000062394
 88        0.0000110104
 89       -0.0000767848
 90       -0.0000656957
 91        0.0000304960
 92        0.0000012384
 93        0.0000049601
 94       -0.0000376562
 95       -0.0002391193
 96       -0.0002624790
 97       -0.0001210293
 98       -0.0000719620
 99       -0.0000029940
 100      -0.0000203256
 101      -0.0000424416
 102      -0.0000014236
 103      -0.0000190203
 104      -0.0000974064
 105      -0.0000038900
 106       0.0000006146
 107       0.0002410561
 108       0.0000006184
 109       0.0000133975
 110       0.0000006827
 111       0.0000407951
 112       0.0002927455
 113       0.0002516047
 114       0.0001225516
 115       0.0001854147
 116       0.0000093109
 117       0.0000300268
 118       0.0000569824
 119       0.0000009771
 120       0.0000039521
 121       0.0000033435
 122       0.0000006388
 123       0.0000002463
 124       0.0000002627
 125      -0.0000002899
 126       0.0000062750
 127       0.0000081993
 128       0.0000008232
 129      -0.0000085198
 130      -0.0000656808
 131      -0.0000277144
 132       0.0000001610
 133       0.0000030628
 134       0.0000014190
 135       0.0000005096
 136      -0.0000000319
 137      -0.0000323454
 138      -0.0000250223
 139      -0.0000032165
 140       0.0000000063
 141      -0.0000033864
 142      -0.0000096595
 143       0.0000239855
 144       0.0000007859
 145       0.0000071836
 146      -0.0000007186
 147       0.0000006529
 148       0.0000014363
 149       0.0000001078
 150       0.0000004088
 151       0.0000018686
 152       0.0000246970
 153       0.0000040927
 154       0.0000524497
 155       0.0000039057
 156       0.0000000241
 157       0.0000001390
 158       0.0000001017

 --------------------------------------------------------------------------------
                                  command: print                                 
 --------------------------------------------------------------------------------
 res.excitation_1_excited_dipole : [
  12.505345241402846,
  2.7212945365185632,
  0.04169494086912806
]

 --------------------------------------------------------------------------------
                                  command: print                                 
 --------------------------------------------------------------------------------

 res.excitation_1_excited_atomic_charges:
                      1
 1         0.3722515975
 2        -0.1139579034
 3        -0.1534270761
 4        -0.1446269671
 5        -0.1110007619
 6        -0.3408930660
 7         0.1163903477
 8        -0.0293605429
 9        -0.0291659534
 10        0.1028896528
 11       -0.0916203533
 12       -0.0592742169
 13       -0.0783947629
 14        0.0131484562
 15       -0.3053792939
 16        0.1074852523
 17       -0.1397694625
 18       -0.1642233790
 19        0.1407197329
 20       -0.0838992654
 21        0.3171242982
 22       -0.4449489508
 23       -0.1302817461
 24       -0.3599800989
 25        0.1409902917
 26       -0.0219791742
 27       -0.0361048177
 28        0.0895006716
 29       -0.0933546479
 30       -0.0546132713
 31       -0.0936546701
 32       -0.3041994052
 33        0.0541990801
 34       -0.0601311410
 35       -0.1491809428
 36        0.1233123836
 37       -0.0875345660
 38        0.3304335525
 39       -0.4161754552
 40       -0.1069250530
 41        0.5181611679
 42       -0.4711871819
 43       -0.2891578444
 44        0.1051885905
 45        0.0518178783
 46        0.0508072487
 47        0.0395226554
 48        0.0422987071
 49        0.0454563985
 50        0.0431000543
 51        0.0349642717
 52        0.0358245067
 53        0.0404529542
 54        0.0581932931
 55        0.0256074389
 56        0.0217236107
 57        0.0366668124
 58        0.0278283440
 59        0.0372786582
 60        0.0584830113
 61        0.0582047955
 62        0.0456189631
 63        0.0468302883
 64        0.0357843555
 65        0.0407135248
 66        0.0323447377
 67        0.0305330114
 68        0.0354162725
 69        0.0329081818
 70        0.0280326040
 71        0.0383399730
 72        0.0392636877
 73        0.0568886224
 74        0.0380116475
 75        0.0525622809
 76        0.0586582265
 77        0.0330080108
 78        0.0311036138
 79        0.0460217310
 80        0.3748124203
 81       -0.0454488597
 82       -0.1025093213
 83       -0.0808290155
 84       -0.0702911957
 85       -0.2298767061
 86        0.2028331142
 87       -0.0293440323
 88       -0.0274453408
 89        0.1980745311
 90       -0.0808860107
 91       -0.0511246122
 92       -0.0765643343
 93        0.0121451072
 94       -0.2754735626
 95        0.2226995881
 96        0.0418794409
 97       -0.0947668333
 98        0.2390547405
 99       -0.0803058557
 100       0.3368745151
 101      -0.4177388166
 102      -0.1287141353
 103      -0.2495573359
 104       0.2194230619
 105      -0.0196449540
 106      -0.0338207096
 107       0.1987038068
 108      -0.0839275990
 109      -0.0467805470
 110      -0.0919683311
 111      -0.2989259375
 112       0.1989790865
 113       0.0546090430
 114      -0.0890851459
 115       0.2032064886
 116      -0.0833901627
 117       0.3497198927
 118      -0.3900413028
 119      -0.1072120619
 120       0.5204538999
 121      -0.4642270871
 122      -0.2910977670
 123       0.1061057982
 124       0.0513870180
 125       0.0540340592
 126       0.0444290332
 127       0.0459180138
 128       0.0490532736
 129       0.0429671237
 130       0.0410134399
 131       0.0373271026
 132       0.0403710029
 133       0.0617465736
 134       0.0252726476
 135       0.0204537001
 136       0.0350991423
 137       0.0470547446
 138       0.0558416273
 139       0.0603495926
 140       0.0585619258
 141       0.0509108475
 142       0.0558121024
 143       0.0535152465
 144       0.0376516151
 145       0.0340773471
 146       0.0371309159
 147       0.0348956771
 148       0.0340785971
 149       0.0294478384
 150       0.0366921741
 151       0.0386861826
 152       0.0680026651
 153       0.0410332205
 154       0.0754784867
 155       0.0581629858
 156       0.0307689410
 157       0.0273083181
 158       0.0492263810

 --------------------------------------------------------------------------------
                                  command: print                                 
 --------------------------------------------------------------------------------
 res.excitation_2_energy:                0.0957620127

 --------------------------------------------------------------------------------
                                  command: print                                 
 --------------------------------------------------------------------------------
 res.excitation_2_transition_dipole : [
  0.46916270393874143,
  -4.354980126890863,
  0.2221836132132173
]

 --------------------------------------------------------------------------------
                                  command: print                                 
 --------------------------------------------------------------------------------

 res.excitation_2_transition_charges:
                      1
 1         0.0000094415
 2         0.0199099088
 3        -0.0181768353
 4        -0.0161479501
 5         0.0148500829
 6         0.0005726240
 7         0.0304738716
 8        -0.0001347505
 9        -0.0001680093
 10       -0.0361953915
 11       -0.0044817934
 12        0.0029354670
 13        0.0002022744
 14        0.0005072739
 15       -0.0106622915
 16       -0.0502322857
 17       -0.0933779592
 18       -0.0304584675
 19       -0.0401167331
 20       -0.0012083895
 21       -0.0056135974
 22       -0.0107894880
 23       -0.0002715904
 24        0.0047868605
 25       -0.0241920177
 26       -0.0003548400
 27        0.0010106850
 28        0.0479622335
 29       -0.0027786899
 30        0.0035146918
 31        0.0004886053
 32        0.0012338928
 33        0.0696355055
 34        0.0580561741
 35        0.0287950849
 36        0.0391047404
 37        0.0016413641
 38        0.0073028448
 39        0.0135082625
 40        0.0000775504
 41        0.0002144679
 42        0.0003736280
 43        0.0000539675
 44        0.0000118301
 45       -0.0000168642
 46       -0.0000857035
 47        0.0013890273
 48        0.0010519896
 49       -0.0011521530
 50       -0.0004141951
 51       -0.0011772943
 52       -0.0008247980
 53        0.0000636497
 54        0.0003061263
 55        0.0000859390
 56        0.0000617771
 57       -0.0000164443
 58       -0.0117016532
 59       -0.0100181078
 60       -0.0007917253
 61        0.0000047834
 62       -0.0008265439
 63       -0.0019588211
 64        0.0053707220
 65       -0.0002391123
 66       -0.0004896580
 67       -0.0002796864
 68        0.0001380503
 69        0.0003800526
 70        0.0000562623
 71        0.0001184467
 72        0.0006881614
 73        0.0058496013
 74        0.0008402781
 75        0.0116271268
 76        0.0000841057
 77       -0.0000010813
 78        0.0000134843
 79        0.0000057099
 80       -0.0000011841
 81       -0.0000036108
 82       -0.0000017506
 83        0.0000015198
 84        0.0000024378
 85       -0.0000081233
 86        0.0000012785
 87       -0.0000000073
 88       -0.0000000333
 89       -0.0000008947
 90       -0.0000037077
 91        0.0000001774
 92        0.0000000099
 93        0.0000000295
 94        0.0000005955
 95       -0.0000029452
 96       -0.0000031806
 97       -0.0000014415
 98       -0.0000009048
 99       -0.0000000287
 100      -0.0000002301
 101      -0.0000005663
 102      -0.0000000065
 103       0.0000043081
 104      -0.0000011607
 105      -0.0000000082
 106       0.0000000150
 107       0.0000032899
 108      -0.0000002798
 109       0.0000002115
 110       0.0000000117
 111      -0.0000029778
 112       0.0000038250
 113       0.0000033673
 114       0.0000014327
 115       0.0000024270
 116       0.0000001053
 117       0.0000003146
 118       0.0000006142
 119      -0.0000000665
 120      -0.0000002779
 121      -0.0000001285
 122      -0.0000000308
 123      -0.0000000174
 124       0.0000000058
 125      -0.0000000029
 126       0.0000001049
 127       0.0000000736
 128      -0.0000000480
 129      -0.0000006940
 130      -0.0000045629
 131      -0.0000011358
 132      -0.0000000127
 133       0.0000000069
 134       0.0000000087
 135       0.0000000037
 136       0.0000000013
 137      -0.0000003460
 138      -0.0000003096
 139      -0.0000000401
 140       0.0000000012
 141      -0.0000000385
 142      -0.0000001466
 143       0.0000003799
 144      -0.0000000026
 145      -0.0000000353
 146      -0.0000000170
 147       0.0000000083
 148       0.0000000269
 149       0.0000000019
 150       0.0000000078
 151       0.0000000297
 152       0.0000003405
 153       0.0000000406
 154       0.0000006523
 155      -0.0000003995
 156      -0.0000000038
 157      -0.0000000052
 158      -0.0000000068

 --------------------------------------------------------------------------------
                                  command: print                                 
 --------------------------------------------------------------------------------
 res.excitation_3_energy:                0.0952149487

 --------------------------------------------------------------------------------
                                  command: print                                 
 --------------------------------------------------------------------------------
 res.excitation_3_transition_dipole : [
  0.31975416926215977,
  -0.8118494820756691,
  -4.308361366253416
]

 --------------------------------------------------------------------------------
                                  command: print                                 
 --------------------------------------------------------------------------------

 res.excitation_3_transition_charges:
                      1
 1         0.0000125754
 2        -0.0000017048
 3        -0.0000011160
 4         0.0000054614
 5         0.0000024618
 6        -0.0000009137
 7        -0.0000018033
 8         0.0000000368
 9        -0.0000000261
 10        0.0000031127
 11        0.0000001860
 12       -0.0000001095
 13       -0.0000000137
 14       -0.0000000769
 15        0.0000107443
 16        0.0000015674
 17        0.0000041492
 18        0.0000018263
 19        0.0000042820
 20        0.0000002106
 21        0.0000003613
 22        0.0000003509
 23        0.0000007935
 24        0.0000134275
 25        0.0000007123
 26        0.0000001865
 27       -0.0000000194
 28       -0.0000007781
 29        0.0000002311
 30       -0.0000000210
 31        0.0000012617
 32        0.0000063052
 33       -0.0000030556
 34       -0.0000021567
 35       -0.0000011489
 36       -0.0000006393
 37       -0.0000000324
 38       -0.0000003591
 39       -0.0000006129
 40        0.0000000463
 41        0.0000000702
 42       -0.0000000056
 43        0.0000000034
 44        0.0000000073
 45        0.0000000030
 46       -0.0000000134
 47       -0.0000000452
 48       -0.0000000557
 49        0.0000001402
 50        0.0000000156
 51        0.0000000057
 52        0.0000000175
 53       -0.0000000162
 54       -0.0000001160
 55       -0.0000000064
 56       -0.0000000034
 57       -0.0000000059
 58        0.0000005224
 59        0.0000006475
 60        0.0000000171
 61        0.0000002417
 62        0.0000041352
 63        0.0000001011
 64       -0.0000001426
 65        0.0000000196
 66        0.0000000786
 67        0.0000000278
 68        0.0000000366
 69       -0.0000000062
 70        0.0000001498
 71        0.0000003185
 72        0.0000003439
 73       -0.0000001897
 74       -0.0000000384
 75       -0.0000004326
 76        0.0000001311
 77        0.0000000013
 78       -0.0000000016
 79        0.0000000028
 80        0.0002377282
 81       -0.0293407338
 82        0.0109605775
 83        0.0226637061
 84       -0.0099005617
 85       -0.0112230780
 86       -0.0308570690
 87        0.0001555934
 88        0.0000191298
 89        0.0362865471
 90        0.0042743567
 91       -0.0030586059
 92       -0.0002142126
 93       -0.0005568335
 94        0.0137353372
 95        0.0521031824
 96        0.0879966156
 97        0.0333327759
 98        0.0389782306
 99        0.0010902274
 100       0.0059737754
 101       0.0115242281
 102       0.0003322080
 103       0.0071313776
 104       0.0252694540
 105       0.0004973040
 106      -0.0009547631
 107      -0.0447751231
 108       0.0027122040
 109      -0.0034431096
 110      -0.0004587737
 111      -0.0031457105
 112      -0.0692897023
 113      -0.0577998288
 114      -0.0296950889
 115      -0.0359913675
 116      -0.0016508366
 117      -0.0075969174
 118      -0.0141800577
 119      -0.0001299127
 120      -0.0006750791
 121      -0.0005948936
 122      -0.0001138380
 123      -0.0000392133
 124       0.0000204130
 125       0.0000810136
 126      -0.0014189758
 127      -0.0010510839
 128       0.0010749400
 129       0.0003706390
 130       0.0011380442
 131       0.0008253807
 132      -0.0000662336
 133      -0.0003410530
 134      -0.0000849800
 135      -0.0000633221
 136       0.0000070066
 137       0.0111757162
 138       0.0094101228
 139       0.0008496367
 140      -0.0000024060
 141       0.0009327296
 142       0.0019242158
 143      -0.0053457675
 144       0.0002426495
 145       0.0005053042
 146       0.0002995754
 147      -0.0001339258
 148      -0.0003460417
 149      -0.0000493409
 150      -0.0001219017
 151      -0.0006230240
 152      -0.0055066099
 153      -0.0008709013
 154      -0.0117986814
 155      -0.0006380410
 156      -0.0000033219
 157      -0.0000252339
 158      -0.0000174525

 --------------------------------------------------------------------------------
                                  command: print                                 
 --------------------------------------------------------------------------------
 res.excitation_4_energy:                0.0645538574

 --------------------------------------------------------------------------------
                                  command: print                                 
 --------------------------------------------------------------------------------
 res.excitation_4_transition_dipole : [
  0.009422533333477796,
  0.0031475297310659786,
  -0.051626972528033103
]

 --------------------------------------------------------------------------------
                                  command: print                                 
 --------------------------------------------------------------------------------

 res.excitation_4_transition_charges:
                      1
 1         0.0000532214
 2         0.0000293436
 3        -0.0000398754
 4        -0.0000964274
 5         0.0000911502
 6         0.0000050653
 7         0.0001487926
 8        -0.0000028729
 9        -0.0000022785
 10       -0.0002840305
 11       -0.0000149515
 12        0.0000101656
 13        0.0000003801
 14        0.0000013305
 15       -0.0001017250
 16       -0.0001536548
 17       -0.0004199519
 18       -0.0001382438
 19       -0.0003609427
 20       -0.0000108825
 21       -0.0000260076
 22       -0.0000360231
 23        0.0000052174
 24        0.0000397848
 25       -0.0000677718
 26       -0.0000062653
 27        0.0000076248
 28        0.0000782612
 29       -0.0000181142
 30        0.0000117655
 31        0.0000198898
 32       -0.0000281415
 33        0.0003366923
 34        0.0002072382
 35        0.0001272683
 36        0.0000560971
 37        0.0000029194
 38        0.0000341928
 39        0.0000632679
 40       -0.0000002426
 41       -0.0000001912
 42        0.0000004152
 43        0.0000000454
 44       -0.0000000485
 45        0.0000000690
 46        0.0000013057
 47        0.0000067725
 48        0.0000057741
 49       -0.0000112661
 50       -0.0000023277
 51       -0.0000010615
 52       -0.0000022527
 53        0.0000005526
 54        0.0000032593
 55        0.0000007542
 56        0.0000002361
 57        0.0000002497
 58       -0.0000525731
 59       -0.0000522317
 60       -0.0000008338
 61       -0.0000012314
 62        0.0000064939
 63       -0.0000076023
 64        0.0000204777
 65       -0.0000015191
 66       -0.0000045491
 67       -0.0000021145
 68       -0.0000007080
 69        0.0000005503
 70        0.0000034559
 71        0.0000015870
 72        0.0000140318
 73        0.0000186016
 74        0.0000026767
 75        0.0000383843
 76       -0.0000002029
 77        0.0000000038
 78       -0.0000000076
 79       -0.0000000184
 80        0.0000124359
 81        0.0007226572
 82        0.0007458531
 83       -0.0003678145
 84       -0.0007091074
 85        0.0014520615
 86       -0.0002801717
 87        0.0000020001
 88        0.0000100343
 89        0.0004181082
 90        0.0001143307
 91       -0.0000177517
 92       -0.0000017677
 93       -0.0000033165
 94       -0.0002608845
 95        0.0006415960
 96        0.0010668386
 97        0.0003966991
 98        0.0004877569
 99        0.0000112102
 100       0.0000685483
 101       0.0001537131
 102       0.0000010580
 103      -0.0014876954
 104       0.0002992084
 105      -0.0000035664
 106      -0.0000226162
 107      -0.0006110855
 108       0.0000216386
 109      -0.0000544597
 110      -0.0000073546
 111       0.0002641649
 112      -0.0009052653
 113      -0.0007750419
 114      -0.0003537367
 115      -0.0004714041
 116      -0.0000188949
 117      -0.0000797120
 118      -0.0001533422
 119       0.0000077796
 120       0.0000466921
 121       0.0000207015
 122       0.0000051874
 123       0.0000027568
 124      -0.0000006769
 125       0.0000011203
 126      -0.0000237306
 127      -0.0000094323
 128       0.0000088666
 129       0.0000124554
 130       0.0000838945
 131       0.0000214980
 132       0.0000008400
 133      -0.0000012454
 134      -0.0000005084
 135      -0.0000005668
 136       0.0000011031
 137       0.0001191597
 138       0.0001165743
 139       0.0000104768
 140      -0.0000003589
 141       0.0000105786
 142       0.0000279804
 143      -0.0000856424
 144       0.0000000353
 145      -0.0000065941
 146       0.0000041164
 147      -0.0000017682
 148      -0.0000064782
 149      -0.0000008532
 150      -0.0000023226
 151      -0.0000098661
 152      -0.0000758999
 153      -0.0000086337
 154      -0.0001467123
 155       0.0000657116
 156       0.0000005144
 157       0.0000009424
 158       0.0000011576

 --------------------------------------------------------------------------------

 End time:                               Mon Jul  5 14:40:05 2021
 Total wall-clock time:                  3.250 seconds
==================================================================================
