
================================================================================
          _____________ ________ _______________ ________     _________         
         / ___________// ______ \\_____   _____// ______ \   / ________)        
        / /_________  / /      \ \     | |     / /      \ \ | (_______          
       |  __________|| |        | |    | |    | |        | | \________ \        
        \ \_________ | |        | |    | |     \ \______/ /___________) |       
         \__________||_|        |_|    |_|      \________//____________/        
                                                                                
====================================[ Qcore ]===================================

 Git hash:   4f46786782e696c626e0064ff3d1a47267e124c4
 Git date:   Wed, 30 Jun 2021 10:19:53 +0100
 Compiler:   AppleClang 10.0.1.10010046
 Build type: Release
 Version:    1.4.1

 Start time: Mon Jul  5 14:58:06 2021

 Data directory: /Users/of15641/qcore/cmake-build-release/share/entos/1.4.1/data
 Number of threads: 2
 Number of threads was determined by: number of physical cores

 --------------------------------------------------------------------------------
                                   command: xtb                                  
 --------------------------------------------------------------------------------
 XTB basis setup:                        reference basis
 Number of basis functions:            488
 GFN version:                            chlorophyll
 Integral screening threshold:           1.00e-10
 Total charge:                           0.000000000
 Number of electrons:                  436.000000000
 Electronic temperature (Kelvin):        0.000000000

 D3BJ energy:                           -0.125096603
 Repulsive energy:                       3.040138707

 ****************************************************
  Running robust self-consistent charge (SCC) solver 
 ****************************************************
 Number of SCC trials:                   4
 Using the stop-early mechanism for the first 3 trials

 Conv. threshold (charge):               1.00e-05
 Conv. threshold (energy):               1.00e-06
 Initial guess:                          eeq

 -------------
  SCC Trial 1 
 -------------
 Broyden mixing factor:                  0.400000000
 Max number of iterations:             128

 ---------------------------------------------------------------
                  energy        change          grad        time
 ---------------------------------------------------------------
   0      -260.589124431                    6.60e-01        0.05
   1      -261.773386908     -1.18e+00      3.88e-01        0.05
   2      -261.791131925     -1.77e-02      1.03e-01        0.04
   3      -261.813896463     -2.28e-02      1.05e-02        0.03
   4      -261.814990790     -1.09e-03      5.74e-03        0.03
   5      -261.819549989     -4.56e-03      1.36e-03        0.03
   6      -261.819771246     -2.21e-04      4.00e-04        0.03
   7      -261.819785766     -1.45e-05      1.58e-04        0.03
   8      -261.819787420     -1.65e-06      4.50e-05        0.03
   9      -261.819787451     -3.10e-08      1.62e-05        0.03
  10      -261.819787454     -2.78e-09      5.16e-06        0.03
  11      -261.819787454     -4.19e-10      2.08e-06        0.03

 SCF converged in 10 iterations.

 Entropy contribution (-ST):             0.000000000
 Dipole moment (in Debye):              -5.148008       2.010623      -2.633810

 ----------------
  Excitation 0 1 
 ----------------
 Setting up Delta-SCF
 Ground-Excited state overlap:          -0.000000000
 No correction applied to the TDM.
 Excitation energy:                      0.095419491
 Excitation energy (in eV):              2.596496637
 Transition dipole:                     -0.41101       2.37000       3.67404

 -----------------
  Excitation -1 1 
 -----------------
 Setting up Delta-SCF
 Ground-Excited state overlap:          -0.000000000
 No correction applied to the TDM.
 Excitation energy:                      0.060189425
 Excitation energy (in eV):              1.637837691
 Transition dipole:                      0.00000      -0.00000      -0.00000

 ----------------
  Excitation 0 2 
 ----------------
 Setting up Delta-SCF
 Ground-Excited state overlap:          -0.000000000
 No correction applied to the TDM.
 Excitation energy:                      0.060147394
 Excitation energy (in eV):              1.636693975
 Transition dipole:                     -0.00000       0.00000      -0.00000

 -----------------
  Excitation -1 2 
 -----------------
 Setting up Delta-SCF
 Ground-Excited state overlap:          -0.000000000
 No correction applied to the TDM.
 Excitation energy:                      0.095898374
 Excitation energy (in eV):              2.609527707
 Transition dipole:                     -0.46908       4.35094      -0.22852
 TOTAL ENERGY:                        -261.819787454
 Saving results in set 'res'

 --------------------------------------------------------------------------------
                                  command: print                                 
 --------------------------------------------------------------------------------
 res.energy:                          -261.8197874544

 --------------------------------------------------------------------------------
                                  command: print                                 
 --------------------------------------------------------------------------------

 res.dipole:
                      1
 1        -2.0253821873
 2         0.7910400835
 3        -1.0362207589

 --------------------------------------------------------------------------------
                                  command: print                                 
 --------------------------------------------------------------------------------

 res.atomic_charges:
                      1
 1         0.3744117127
 2        -0.0563468973
 3        -0.1087640836
 4        -0.0932255138
 5        -0.0765172110
 6        -0.2370682442
 7         0.1298597219
 8        -0.0290624005
 9        -0.0284288521
 10        0.1181328137
 11       -0.0891837496
 12       -0.0577463581
 13       -0.0777307860
 14        0.0131748830
 15       -0.2948113651
 16        0.1402535580
 17       -0.0388922475
 18       -0.1142187575
 19        0.1616855614
 20       -0.0833387821
 21        0.3357442793
 22       -0.4213303071
 23       -0.1298604776
 24       -0.2503556868
 25        0.1497935165
 26       -0.0210890204
 27       -0.0354733164
 28        0.1162502157
 29       -0.0921848060
 30       -0.0526653144
 31       -0.0935600465
 32       -0.3012578332
 33        0.1034085741
 34        0.0042778478
 35       -0.1124800757
 36        0.1481213227
 37       -0.0866290590
 38        0.3448509708
 39       -0.3964278626
 40       -0.1067223905
 41        0.5194833898
 42       -0.4688628408
 43       -0.2895480171
 44        0.1051949012
 45        0.0513587576
 46        0.0514054065
 47        0.0397036870
 48        0.0424849952
 49        0.0453359385
 50        0.0434761273
 51        0.0361302767
 52        0.0358734720
 53        0.0403361575
 54        0.0595756723
 55        0.0254846960
 56        0.0205011003
 57        0.0357592883
 58        0.0380132929
 59        0.0476640968
 60        0.0591705172
 61        0.0589613250
 62        0.0498494732
 63        0.0484305683
 64        0.0377425364
 65        0.0409386535
 66        0.0325862645
 67        0.0302877313
 68        0.0355061719
 69        0.0323032672
 70        0.0297589955
 71        0.0368053358
 72        0.0399536172
 73        0.0627648076
 74        0.0382713433
 75        0.0629081528
 76        0.0595828036
 77        0.0325270389
 78        0.0305205133
 79        0.0471669526
 80        0.3739036570
 81       -0.0585763902
 82       -0.1052930769
 83       -0.0918861724
 84       -0.0754601635
 85       -0.2347868956
 86        0.1311578706
 87       -0.0310276884
 88       -0.0292966407
 89        0.1146204100
 90       -0.0895493776
 91       -0.0574338454
 92       -0.0770303111
 93        0.0119632242
 94       -0.2927781563
 95        0.1409460138
 96       -0.0390421899
 97       -0.1169375697
 98        0.1621883653
 99       -0.0831303307
 100       0.3351442874
 101      -0.4232893244
 102      -0.1290189159
 103      -0.2520708657
 104       0.1464500738
 105      -0.0216286669
 106      -0.0355031160
 107       0.1192990575
 108      -0.0909306297
 109      -0.0530875656
 110      -0.0928277832
 111      -0.3034514406
 112       0.1010519999
 113       0.0040036630
 114      -0.1119518491
 115       0.1478625896
 116      -0.0863944629
 117       0.3461381591
 118      -0.3982828815
 119      -0.1076553726
 120       0.5203634763
 121      -0.4647717079
 122      -0.2905224365
 123       0.1060532441
 124       0.0507667287
 125       0.0537646405
 126       0.0399282183
 127       0.0445025596
 128       0.0460170081
 129       0.0446895506
 130       0.0374516301
 131       0.0349475181
 132       0.0399218001
 133       0.0614410690
 134       0.0256542180
 135       0.0200999582
 136       0.0346407883
 137       0.0358730208
 138       0.0466556210
 139       0.0608541790
 140       0.0591637239
 141       0.0504065082
 142       0.0496618380
 143       0.0360259637
 144       0.0384274724
 145       0.0337636589
 146       0.0309301844
 147       0.0342748011
 148       0.0332334523
 149       0.0298540472
 150       0.0371631007
 151       0.0387401728
 152       0.0639671279
 153       0.0388467296
 154       0.0631017628
 155       0.0595846545
 156       0.0315541028
 157       0.0274505271
 158       0.0491113990

 --------------------------------------------------------------------------------
                                  command: print                                 
 --------------------------------------------------------------------------------
 res.excitation_1_energy:                0.0954194914

 --------------------------------------------------------------------------------
                                  command: print                                 
 --------------------------------------------------------------------------------
 res.excitation_1_transition_dipole : [
  -0.41101220650568,
  2.3699992088403095,
  3.674037462407562
]

 --------------------------------------------------------------------------------
                                  command: print                                 
 --------------------------------------------------------------------------------

 res.excitation_1_transition_charges:
                      1
 1         0.0000000000
 2         0.0000000000
 3         0.0000000000
 4         0.0000000000
 5         0.0000000000
 6         0.0000000000
 7         0.0000000000
 8         0.0000000000
 9         0.0000000000
 10        0.0000000000
 11        0.0000000000
 12        0.0000000000
 13        0.0000000000
 14        0.0000000000
 15        0.0000000000
 16        0.0000000000
 17        0.0000000000
 18        0.0000000000
 19        0.0000000000
 20        0.0000000000
 21        0.0000000000
 22        0.0000000000
 23        0.0000000000
 24        0.0000000000
 25        0.0000000000
 26        0.0000000000
 27        0.0000000000
 28        0.0000000000
 29        0.0000000000
 30        0.0000000000
 31        0.0000000000
 32        0.0000000000
 33        0.0000000000
 34        0.0000000000
 35        0.0000000000
 36        0.0000000000
 37        0.0000000000
 38        0.0000000000
 39        0.0000000000
 40        0.0000000000
 41        0.0000000000
 42        0.0000000000
 43        0.0000000000
 44        0.0000000000
 45        0.0000000000
 46        0.0000000000
 47        0.0000000000
 48        0.0000000000
 49        0.0000000000
 50        0.0000000000
 51        0.0000000000
 52        0.0000000000
 53        0.0000000000
 54        0.0000000000
 55        0.0000000000
 56        0.0000000000
 57        0.0000000000
 58        0.0000000000
 59        0.0000000000
 60        0.0000000000
 61        0.0000000000
 62        0.0000000000
 63        0.0000000000
 64        0.0000000000
 65        0.0000000000
 66        0.0000000000
 67        0.0000000000
 68        0.0000000000
 69        0.0000000000
 70        0.0000000000
 71        0.0000000000
 72        0.0000000000
 73        0.0000000000
 74        0.0000000000
 75        0.0000000000
 76        0.0000000000
 77        0.0000000000
 78        0.0000000000
 79        0.0000000000
 80       -0.0002237779
 81        0.0305937277
 82       -0.0107614446
 83       -0.0223205170
 84        0.0091098644
 85        0.0121453010
 86        0.0310717318
 87       -0.0001541111
 88       -0.0000188257
 89       -0.0365833329
 90       -0.0042915880
 91        0.0030773832
 92        0.0002111635
 93        0.0005556594
 94       -0.0136167502
 95       -0.0524657578
 96       -0.0878222553
 97       -0.0331073413
 98       -0.0396542614
 99       -0.0011254580
 100      -0.0058159010
 101      -0.0113521858
 102      -0.0003344240
 103      -0.0074033427
 104      -0.0257372159
 105      -0.0004936560
 106       0.0008736371
 107       0.0444589897
 108      -0.0027564937
 109       0.0033974999
 110       0.0004579710
 111       0.0034667689
 112       0.0695177623
 113       0.0570504047
 114       0.0299271522
 115       0.0357730268
 116       0.0016287270
 117       0.0075210260
 118       0.0142297290
 119       0.0001452007
 120       0.0007418482
 121       0.0006350164
 122       0.0001228471
 123       0.0000432937
 124      -0.0000208737
 125      -0.0000813762
 126       0.0013956788
 127       0.0010648363
 128      -0.0010905052
 129      -0.0003700676
 130      -0.0011345785
 131      -0.0008255328
 132       0.0000689006
 133       0.0003386880
 134       0.0000883880
 135       0.0000639448
 136      -0.0000065546
 137      -0.0112147179
 138      -0.0094225608
 139      -0.0008341417
 140       0.0000023207
 141      -0.0009162743
 142      -0.0019451105
 143       0.0051976195
 144      -0.0002527484
 145      -0.0005285359
 146      -0.0003025881
 147       0.0001356958
 148       0.0003499232
 149       0.0000500858
 150       0.0001172044
 151       0.0006236245
 152       0.0054399016
 153       0.0008615105
 154       0.0116498950
 155       0.0007304050
 156       0.0000040221
 157       0.0000269785
 158       0.0000194517

 --------------------------------------------------------------------------------
                                  command: print                                 
 --------------------------------------------------------------------------------
 res.excitation_1_excited_dipole : [
  -2.333233696506042,
  0.9840797226234841,
  -1.0703504513253463
]

 --------------------------------------------------------------------------------
                                  command: print                                 
 --------------------------------------------------------------------------------

 res.excitation_1_excited_atomic_charges:
                      1
 1         0.3744117127
 2        -0.0563468973
 3        -0.1087640836
 4        -0.0932255138
 5        -0.0765172110
 6        -0.2370682442
 7         0.1298597219
 8        -0.0290624005
 9        -0.0284288521
 10        0.1181328137
 11       -0.0891837496
 12       -0.0577463581
 13       -0.0777307860
 14        0.0131748830
 15       -0.2948113651
 16        0.1402535580
 17       -0.0388922475
 18       -0.1142187575
 19        0.1616855614
 20       -0.0833387821
 21        0.3357442793
 22       -0.4213303071
 23       -0.1298604776
 24       -0.2503556868
 25        0.1497935165
 26       -0.0210890204
 27       -0.0354733164
 28        0.1162502157
 29       -0.0921848060
 30       -0.0526653144
 31       -0.0935600465
 32       -0.3012578332
 33        0.1034085741
 34        0.0042778478
 35       -0.1124800757
 36        0.1481213227
 37       -0.0866290590
 38        0.3448509708
 39       -0.3964278626
 40       -0.1067223905
 41        0.5194833898
 42       -0.4688628408
 43       -0.2895480171
 44        0.1051949012
 45        0.0513587576
 46        0.0514054065
 47        0.0397036870
 48        0.0424849952
 49        0.0453359385
 50        0.0434761273
 51        0.0361302767
 52        0.0358734720
 53        0.0403361575
 54        0.0595756723
 55        0.0254846960
 56        0.0205011003
 57        0.0357592883
 58        0.0380132929
 59        0.0476640968
 60        0.0591705172
 61        0.0589613250
 62        0.0498494732
 63        0.0484305683
 64        0.0377425364
 65        0.0409386535
 66        0.0325862645
 67        0.0302877313
 68        0.0355061719
 69        0.0323032672
 70        0.0297589955
 71        0.0368053358
 72        0.0399536172
 73        0.0627648076
 74        0.0382713433
 75        0.0629081528
 76        0.0595828036
 77        0.0325270389
 78        0.0305205133
 79        0.0471669526
 80        0.3753097870
 81       -0.1064623457
 82       -0.1438410617
 83       -0.1302328544
 84       -0.1065288869
 85       -0.3345554275
 86        0.1903576129
 87       -0.0295883911
 88       -0.0280475364
 89        0.1822055497
 90       -0.0835414228
 91       -0.0525597045
 92       -0.0771095451
 93        0.0124101560
 94       -0.2865032065
 95        0.1896760019
 96       -0.0524212365
 97       -0.1428622552
 98        0.2191599704
 99       -0.0808004796
 100       0.3202565467
 101      -0.4394081339
 102      -0.1292227023
 103      -0.3615952752
 104       0.2095545365
 105      -0.0210173198
 106      -0.0337194033
 107       0.1708372486
 108      -0.0845043991
 109      -0.0486813825
 110      -0.0923008411
 111      -0.3030726574
 112       0.1484413118
 113      -0.0128032135
 114      -0.1259648587
 115       0.1795817589
 116      -0.0842686780
 117       0.3355188694
 118      -0.4088063616
 119      -0.1075187069
 120       0.5189608607
 121      -0.4651819341
 122      -0.2906619706
 123       0.1059930889
 124       0.0507729863
 125       0.0545481304
 126       0.0418361987
 127       0.0470193365
 128       0.0483218375
 129       0.0445154886
 130       0.0373758072
 131       0.0355460379
 132       0.0398231348
 133       0.0614526749
 134       0.0260693867
 135       0.0202055610
 136       0.0346029281
 137       0.0381766755
 138       0.0470308745
 139       0.0591369757
 140       0.0591594531
 141       0.0486906104
 142       0.0558884306
 143       0.0448964930
 144       0.0387753254
 145       0.0340756898
 146       0.0316280729
 147       0.0344013701
 148       0.0332024511
 149       0.0298923838
 150       0.0373969393
 151       0.0388200040
 152       0.0637436692
 153       0.0388904925
 154       0.0635644567
 155       0.0580067632
 156       0.0315446890
 157       0.0274201391
 158       0.0490874247

 --------------------------------------------------------------------------------
                                  command: print                                 
 --------------------------------------------------------------------------------
 res.excitation_2_energy:                0.0601894250

 --------------------------------------------------------------------------------
                                  command: print                                 
 --------------------------------------------------------------------------------
 res.excitation_2_transition_dipole : [
  5.89084893623851e-12,
  -2.990917758372215e-11,
  -4.636734902188903e-11
]

 --------------------------------------------------------------------------------
                                  command: print                                 
 --------------------------------------------------------------------------------

 res.excitation_2_transition_charges:
                      1
 1         0.0000000000
 2         0.0000000000
 3        -0.0000000000
 4        -0.0000000000
 5         0.0000000000
 6         0.0000000000
 7         0.0000000000
 8        -0.0000000000
 9        -0.0000000000
 10       -0.0000000000
 11       -0.0000000000
 12        0.0000000000
 13        0.0000000000
 14        0.0000000000
 15       -0.0000000000
 16       -0.0000000000
 17       -0.0000000000
 18       -0.0000000000
 19       -0.0000000000
 20       -0.0000000000
 21       -0.0000000000
 22       -0.0000000000
 23       -0.0000000000
 24        0.0000000000
 25       -0.0000000000
 26       -0.0000000000
 27        0.0000000000
 28        0.0000000000
 29       -0.0000000000
 30        0.0000000000
 31        0.0000000000
 32        0.0000000000
 33        0.0000000000
 34        0.0000000000
 35        0.0000000000
 36        0.0000000000
 37        0.0000000000
 38        0.0000000000
 39        0.0000000000
 40        0.0000000000
 41        0.0000000000
 42        0.0000000000
 43        0.0000000000
 44        0.0000000000
 45        0.0000000000
 46       -0.0000000000
 47        0.0000000000
 48        0.0000000000
 49       -0.0000000000
 50       -0.0000000000
 51       -0.0000000000
 52       -0.0000000000
 53        0.0000000000
 54        0.0000000000
 55        0.0000000000
 56        0.0000000000
 57       -0.0000000000
 58       -0.0000000000
 59       -0.0000000000
 60       -0.0000000000
 61        0.0000000000
 62       -0.0000000000
 63       -0.0000000000
 64        0.0000000000
 65       -0.0000000000
 66       -0.0000000000
 67       -0.0000000000
 68        0.0000000000
 69        0.0000000000
 70        0.0000000000
 71        0.0000000000
 72        0.0000000000
 73        0.0000000000
 74        0.0000000000
 75        0.0000000000
 76        0.0000000000
 77        0.0000000000
 78        0.0000000000
 79        0.0000000000
 80        0.0000000000
 81       -0.0000000000
 82        0.0000000000
 83        0.0000000000
 84       -0.0000000000
 85       -0.0000000000
 86       -0.0000000000
 87        0.0000000000
 88        0.0000000000
 89        0.0000000000
 90        0.0000000000
 91       -0.0000000000
 92       -0.0000000000
 93       -0.0000000000
 94        0.0000000000
 95        0.0000000000
 96        0.0000000000
 97        0.0000000000
 98        0.0000000000
 99        0.0000000000
 100       0.0000000000
 101       0.0000000000
 102       0.0000000000
 103       0.0000000000
 104       0.0000000000
 105       0.0000000000
 106      -0.0000000000
 107      -0.0000000000
 108       0.0000000000
 109      -0.0000000000
 110      -0.0000000000
 111      -0.0000000000
 112      -0.0000000000
 113      -0.0000000000
 114      -0.0000000000
 115      -0.0000000000
 116      -0.0000000000
 117      -0.0000000000
 118      -0.0000000000
 119      -0.0000000000
 120      -0.0000000000
 121      -0.0000000000
 122      -0.0000000000
 123      -0.0000000000
 124       0.0000000000
 125       0.0000000000
 126      -0.0000000000
 127      -0.0000000000
 128       0.0000000000
 129       0.0000000000
 130       0.0000000000
 131       0.0000000000
 132      -0.0000000000
 133      -0.0000000000
 134      -0.0000000000
 135      -0.0000000000
 136       0.0000000000
 137       0.0000000000
 138       0.0000000000
 139       0.0000000000
 140      -0.0000000000
 141       0.0000000000
 142       0.0000000000
 143      -0.0000000000
 144       0.0000000000
 145       0.0000000000
 146       0.0000000000
 147      -0.0000000000
 148      -0.0000000000
 149      -0.0000000000
 150      -0.0000000000
 151      -0.0000000000
 152      -0.0000000000
 153      -0.0000000000
 154      -0.0000000000
 155      -0.0000000000
 156      -0.0000000000
 157      -0.0000000000
 158      -0.0000000000

 --------------------------------------------------------------------------------
                                  command: print                                 
 --------------------------------------------------------------------------------
 res.excitation_3_energy:                0.0601473942

 --------------------------------------------------------------------------------
                                  command: print                                 
 --------------------------------------------------------------------------------
 res.excitation_3_transition_dipole : [
  -4.816189834191848e-12,
  5.505966402358213e-11,
  -3.4985086573178038e-12
]

 --------------------------------------------------------------------------------
                                  command: print                                 
 --------------------------------------------------------------------------------

 res.excitation_3_transition_charges:
                      1
 1        -0.0000000000
 2        -0.0000000000
 3         0.0000000000
 4         0.0000000000
 5        -0.0000000000
 6        -0.0000000000
 7        -0.0000000000
 8         0.0000000000
 9         0.0000000000
 10        0.0000000000
 11        0.0000000000
 12       -0.0000000000
 13       -0.0000000000
 14       -0.0000000000
 15        0.0000000000
 16        0.0000000000
 17        0.0000000000
 18        0.0000000000
 19        0.0000000000
 20        0.0000000000
 21        0.0000000000
 22        0.0000000000
 23        0.0000000000
 24        0.0000000000
 25        0.0000000000
 26        0.0000000000
 27       -0.0000000000
 28       -0.0000000000
 29        0.0000000000
 30       -0.0000000000
 31       -0.0000000000
 32       -0.0000000000
 33       -0.0000000000
 34       -0.0000000000
 35       -0.0000000000
 36       -0.0000000000
 37       -0.0000000000
 38       -0.0000000000
 39       -0.0000000000
 40       -0.0000000000
 41       -0.0000000000
 42       -0.0000000000
 43       -0.0000000000
 44       -0.0000000000
 45        0.0000000000
 46        0.0000000000
 47       -0.0000000000
 48       -0.0000000000
 49        0.0000000000
 50        0.0000000000
 51        0.0000000000
 52        0.0000000000
 53       -0.0000000000
 54       -0.0000000000
 55       -0.0000000000
 56       -0.0000000000
 57        0.0000000000
 58        0.0000000000
 59        0.0000000000
 60        0.0000000000
 61       -0.0000000000
 62        0.0000000000
 63        0.0000000000
 64       -0.0000000000
 65        0.0000000000
 66        0.0000000000
 67        0.0000000000
 68       -0.0000000000
 69       -0.0000000000
 70       -0.0000000000
 71       -0.0000000000
 72       -0.0000000000
 73       -0.0000000000
 74       -0.0000000000
 75       -0.0000000000
 76       -0.0000000000
 77       -0.0000000000
 78       -0.0000000000
 79       -0.0000000000
 80       -0.0000000000
 81        0.0000000000
 82       -0.0000000000
 83       -0.0000000000
 84        0.0000000000
 85        0.0000000000
 86        0.0000000000
 87       -0.0000000000
 88        0.0000000000
 89       -0.0000000000
 90       -0.0000000000
 91        0.0000000000
 92        0.0000000000
 93        0.0000000000
 94       -0.0000000000
 95       -0.0000000000
 96       -0.0000000000
 97       -0.0000000000
 98       -0.0000000000
 99       -0.0000000000
 100      -0.0000000000
 101      -0.0000000000
 102      -0.0000000000
 103      -0.0000000000
 104      -0.0000000000
 105      -0.0000000000
 106       0.0000000000
 107       0.0000000000
 108      -0.0000000000
 109       0.0000000000
 110       0.0000000000
 111       0.0000000000
 112       0.0000000000
 113       0.0000000000
 114       0.0000000000
 115       0.0000000000
 116       0.0000000000
 117       0.0000000000
 118       0.0000000000
 119       0.0000000000
 120       0.0000000000
 121       0.0000000000
 122       0.0000000000
 123       0.0000000000
 124      -0.0000000000
 125      -0.0000000000
 126       0.0000000000
 127       0.0000000000
 128      -0.0000000000
 129      -0.0000000000
 130      -0.0000000000
 131      -0.0000000000
 132       0.0000000000
 133       0.0000000000
 134       0.0000000000
 135       0.0000000000
 136      -0.0000000000
 137      -0.0000000000
 138      -0.0000000000
 139      -0.0000000000
 140       0.0000000000
 141      -0.0000000000
 142      -0.0000000000
 143       0.0000000000
 144      -0.0000000000
 145      -0.0000000000
 146      -0.0000000000
 147       0.0000000000
 148       0.0000000000
 149       0.0000000000
 150       0.0000000000
 151       0.0000000000
 152       0.0000000000
 153       0.0000000000
 154       0.0000000000
 155       0.0000000000
 156       0.0000000000
 157       0.0000000000
 158       0.0000000000

 --------------------------------------------------------------------------------
                                  command: print                                 
 --------------------------------------------------------------------------------
 res.excitation_4_energy:                0.0958983744

 --------------------------------------------------------------------------------
                                  command: print                                 
 --------------------------------------------------------------------------------
 res.excitation_4_transition_dipole : [
  -0.46907982317259206,
  4.350939064920844,
  -0.22852107576227962
]

 --------------------------------------------------------------------------------
                                  command: print                                 
 --------------------------------------------------------------------------------

 res.excitation_4_transition_charges:
                      1
 1        -0.0000075131
 2        -0.0200295620
 3         0.0177054844
 4         0.0161404040
 5        -0.0148779424
 6        -0.0009620039
 7        -0.0304329487
 8         0.0001410256
 9         0.0001614506
 10        0.0365135751
 11        0.0045072555
 12       -0.0029334105
 13       -0.0002049391
 14       -0.0005106121
 15        0.0107260920
 16        0.0506871561
 17        0.0927656947
 18        0.0305141581
 19        0.0405938182
 20        0.0012054813
 21        0.0054732719
 22        0.0106874938
 23        0.0002737622
 24       -0.0049610038
 25        0.0246341271
 26        0.0003602410
 27       -0.0010007371
 28       -0.0477777291
 29        0.0028239357
 30       -0.0035014887
 31       -0.0004869089
 32       -0.0012264884
 33       -0.0695812345
 34       -0.0580578133
 35       -0.0288991135
 36       -0.0390941006
 37       -0.0016219794
 38       -0.0073210300
 39       -0.0135511281
 40       -0.0000783647
 41       -0.0002184474
 42       -0.0003774912
 43       -0.0000541927
 44       -0.0000121010
 45        0.0000169854
 46        0.0000882331
 47       -0.0013826731
 48       -0.0010478807
 49        0.0011584911
 50        0.0004155113
 51        0.0011866526
 52        0.0008322640
 53       -0.0000626922
 54       -0.0003086110
 55       -0.0000833843
 56       -0.0000612114
 57        0.0000159983
 58        0.0116367629
 59        0.0099583764
 60        0.0007771414
 61       -0.0000047111
 62        0.0008151133
 63        0.0019981271
 64       -0.0053414977
 65        0.0002430203
 66        0.0004978775
 67        0.0002857029
 68       -0.0001380917
 69       -0.0003819511
 70       -0.0000559909
 71       -0.0001175677
 72       -0.0006882134
 73       -0.0058407152
 74       -0.0008379681
 75       -0.0115979483
 76       -0.0000909721
 77        0.0000010232
 78       -0.0000135167
 79       -0.0000058275
 80        0.0000000000
 81        0.0000000000
 82        0.0000000000
 83        0.0000000000
 84        0.0000000000
 85        0.0000000000
 86        0.0000000000
 87        0.0000000000
 88        0.0000000000
 89        0.0000000000
 90        0.0000000000
 91        0.0000000000
 92        0.0000000000
 93        0.0000000000
 94        0.0000000000
 95        0.0000000000
 96        0.0000000000
 97        0.0000000000
 98        0.0000000000
 99        0.0000000000
 100       0.0000000000
 101       0.0000000000
 102       0.0000000000
 103       0.0000000000
 104       0.0000000000
 105       0.0000000000
 106       0.0000000000
 107       0.0000000000
 108       0.0000000000
 109       0.0000000000
 110       0.0000000000
 111       0.0000000000
 112       0.0000000000
 113       0.0000000000
 114       0.0000000000
 115       0.0000000000
 116       0.0000000000
 117       0.0000000000
 118       0.0000000000
 119       0.0000000000
 120       0.0000000000
 121       0.0000000000
 122       0.0000000000
 123       0.0000000000
 124       0.0000000000
 125       0.0000000000
 126       0.0000000000
 127       0.0000000000
 128       0.0000000000
 129       0.0000000000
 130       0.0000000000
 131       0.0000000000
 132       0.0000000000
 133       0.0000000000
 134       0.0000000000
 135       0.0000000000
 136       0.0000000000
 137       0.0000000000
 138       0.0000000000
 139       0.0000000000
 140       0.0000000000
 141       0.0000000000
 142       0.0000000000
 143       0.0000000000
 144       0.0000000000
 145       0.0000000000
 146       0.0000000000
 147       0.0000000000
 148       0.0000000000
 149       0.0000000000
 150       0.0000000000
 151       0.0000000000
 152       0.0000000000
 153       0.0000000000
 154       0.0000000000
 155       0.0000000000
 156       0.0000000000
 157       0.0000000000
 158       0.0000000000

 --------------------------------------------------------------------------------

 End time:                               Mon Jul  5 14:58:08 2021
 Total wall-clock time:                  1.516 seconds
==================================================================================
