
================================================================================
          _____________ ________ _______________ ________     _________         
         / ___________// ______ \\_____   _____// ______ \   / ________)        
        / /_________  / /      \ \     | |     / /      \ \ | (_______          
       |  __________|| |        | |    | |    | |        | | \________ \        
        \ \_________ | |        | |    | |     \ \______/ /___________) |       
         \__________||_|        |_|    |_|      \________//____________/        
                                                                                
====================================[ Qcore ]===================================

 Git hash:   035eaa6e02832a1eaacaa1f2c2b4151870260895
 Git date:   Fri, 20 Aug 2021 11:46:14 +0100
 Compiler:   GNU 9.1.0
 Build type: Release
 Version:    2.0.0

 Start time: Fri Aug 20 14:49:23 2021

 Data directory: /home/of15641/.local/src/Qcore/release/share/entos/2.0.0/data
 Number of threads: 2
 Number of threads was determined by: command line argument
  - More threads can be used by running 'qcore -n 24'

 --------------------------------------------------------------------------------
                                   command: xtb                                  
 --------------------------------------------------------------------------------
 XTB basis setup:                        reference basis
 Implicit solvation model:               none
 Number of basis functions:            488
 GFN version:                            chlorophyll
 Integral screening threshold:           1.00e-10
 Total charge:                           0.000000000
 Number of electrons:                  436.000000000
 Electronic temperature (Kelvin):        0.000000000

 D3BJ energy:                           -0.125857480
 Repulsive energy:                       3.040136360

 ****************************************************
  Running robust self-consistent charge (SCC) solver 
 ****************************************************
 Number of SCC trials:                   4
 Using the stop-early mechanism for the first 3 trials

 Conv. threshold (charge):               1.00e-05
 Conv. threshold (energy):               1.00e-06
 Initial guess:                          eeq

 -------------
  SCC Trial 1 
 -------------
 Broyden mixing factor:                  0.400000000
 Max number of iterations:             128

 ---------------------------------------------------------------
                  energy        change          grad        time
 ---------------------------------------------------------------
   0      -251.771037642                    6.23e-01        0.05
   1      -253.100309836     -1.33e+00      3.67e-01        0.05
   2      -253.113502275     -1.32e-02      1.27e-01        0.04
   3      -253.189979389     -7.65e-02      1.51e-02        0.04
   4      -253.195052987     -5.07e-03      1.08e-02        0.04
   5      -253.211870952     -1.68e-02      3.11e-03        0.04
   6      -253.213073485     -1.20e-03      9.39e-04        0.04
   7      -253.213169745     -9.63e-05      2.64e-04        0.04
   8      -253.213175466     -5.72e-06      7.95e-05        0.04
   9      -253.213175456      9.83e-09      4.73e-05        0.04
  10      -253.213175623     -1.67e-07      2.18e-05        0.04
  11      -253.213175662     -3.92e-08      8.21e-06        0.04
  12      -253.213175667     -4.20e-09      2.74e-06        0.05

 SCF converged in 11 iterations.

 Entropy contribution (-ST):             0.000000000
 Dipole moment (in Debye):              -4.760660       3.773197      -1.935337

 ----------------
  Excitation 0 1 
 ----------------
 Setting up Delta-SCF
 Ground-Excited state overlap:          -0.000000000
 No correction applied to the TDM.
 Excitation energy:                      0.049482749
 Excitation energy (in eV):              1.346494205
 Transition dipole:                     -0.00036      -0.00177       0.00030

 -----------------
  Excitation -1 1 
 -----------------
 Setting up Delta-SCF
 Ground-Excited state overlap:          -0.000000000
 No correction applied to the TDM.
 Excitation energy:                      0.067516492
 Excitation energy (in eV):              1.837217334
 Transition dipole:                     -0.30402       2.76667      -0.11834

 ----------------
  Excitation 0 2 
 ----------------
 Setting up Delta-SCF
 Ground-Excited state overlap:          -0.000000000
 No correction applied to the TDM.
 Excitation energy:                      0.067271595
 Excitation energy (in eV):              1.830553364
 Transition dipole:                     -0.12961      -0.27927       2.78265

 -----------------
  Excitation -1 2 
 -----------------
 Setting up Delta-SCF
 Ground-Excited state overlap:          -0.000000000
 No correction applied to the TDM.
 Excitation energy:                      0.054765451
 Excitation energy (in eV):              1.490243837
 Transition dipole:                     -0.00055       0.00083       0.00152
 TOTAL ENERGY:                        -253.213175667
 Saving results in set 'res'

 --------------------------------------------------------------------------------
                                  command: print                                 
 --------------------------------------------------------------------------------
 res.energy:                          -253.2131756666

 --------------------------------------------------------------------------------
                                  command: print                                 
 --------------------------------------------------------------------------------

 res.dipole:
                      1
 1        -1.8729877544
 2         1.4844898540
 3        -0.7614202605

 --------------------------------------------------------------------------------
                                  command: print                                 
 --------------------------------------------------------------------------------

 res.atomic_charges:
                      1
 1         0.4466224407
 2        -0.0508319372
 3        -0.1067894736
 4        -0.0965274017
 5        -0.0783676446
 6        -0.2187490605
 7         0.1244218407
 8        -0.0241976028
 9        -0.0154793120
 10        0.1135662793
 11       -0.0941709003
 12       -0.0318697012
 13       -0.0766256312
 14        0.0154129584
 15       -0.2558216921
 16        0.1243294026
 17       -0.0208196571
 18       -0.1146754018
 19        0.1524855672
 20       -0.0941013209
 21        0.3640820230
 22       -0.4673675363
 23       -0.1398166375
 24       -0.2323256166
 25        0.1430485552
 26       -0.0073487806
 27       -0.0308011688
 28        0.1154567147
 29       -0.0949833019
 30       -0.0308824931
 31       -0.0960910282
 32       -0.2645455968
 33        0.0947397690
 34        0.0198665096
 35       -0.1215822272
 36        0.1326356506
 37       -0.0963059116
 38        0.3689410740
 39       -0.4450240523
 40       -0.0934780557
 41        0.5508793435
 42       -0.4981840968
 43       -0.3420839141
 44        0.1142800491
 45        0.0394228225
 46        0.0450485015
 47        0.0269246616
 48        0.0307512584
 49        0.0287354191
 50        0.0419420229
 51        0.0309335368
 52        0.0358427278
 53        0.0268423638
 54        0.0447585553
 55        0.0195039532
 56        0.0161290802
 57        0.0387086642
 58        0.0378641119
 59        0.0475468879
 60        0.0588750942
 61        0.0671611041
 62        0.0446830272
 63        0.0330315710
 64        0.0280189782
 65        0.0398991463
 66        0.0253657824
 67        0.0257070512
 68        0.0277332752
 69        0.0216397175
 70        0.0269773289
 71        0.0394517977
 72        0.0328019180
 73        0.0683829299
 74        0.0450052981
 75        0.0653278199
 76        0.0555866544
 77        0.0458479454
 78        0.0455746078
 79        0.0510222336
 80        0.4470909827
 81       -0.0529244575
 82       -0.1037492740
 83       -0.0951712392
 84       -0.0767429692
 85       -0.2175222889
 86        0.1257144026
 87       -0.0264085192
 88       -0.0162497851
 89        0.1099569730
 90       -0.0941069900
 91       -0.0315666008
 92       -0.0753070672
 93        0.0128694316
 94       -0.2534401134
 95        0.1247805943
 96       -0.0208321633
 97       -0.1164574863
 98        0.1528688030
 99       -0.0939154061
 100       0.3635996798
 101      -0.4690968186
 102      -0.1393706194
 103      -0.2337262161
 104       0.1403275705
 105      -0.0078017114
 106      -0.0308193713
 107       0.1189124877
 108      -0.0936428109
 109      -0.0313329607
 110      -0.0953451535
 111      -0.2675809931
 112       0.0936285623
 113       0.0206080773
 114      -0.1211308976
 115       0.1328950826
 116      -0.0961670620
 117       0.3699403018
 118      -0.4475942224
 119      -0.0936366281
 120       0.5513820039
 121      -0.4939436413
 122      -0.3432061811
 123       0.1150306002
 124       0.0387249031
 125       0.0473189154
 126       0.0277816954
 127       0.0314473165
 128       0.0288254658
 129       0.0420487628
 130       0.0326980618
 131       0.0338983228
 132       0.0270118838
 133       0.0471353794
 134       0.0189712810
 135       0.0150829050
 136       0.0373536897
 137       0.0351545104
 138       0.0467884395
 139       0.0602225719
 140       0.0676815405
 141       0.0462026818
 142       0.0341285863
 143       0.0278878988
 144       0.0367506400
 145       0.0261375260
 146       0.0279592493
 147       0.0262125740
 148       0.0222664267
 149       0.0276457499
 150       0.0388810073
 151       0.0317730633
 152       0.0690943055
 153       0.0459233604
 154       0.0660177659
 155       0.0547003978
 156       0.0440310133
 157       0.0422346748
 158       0.0532226565

 --------------------------------------------------------------------------------
                                  command: print                                 
 --------------------------------------------------------------------------------
 res.excitation_1_energy:                0.0494827493

 --------------------------------------------------------------------------------
                                  command: print                                 
 --------------------------------------------------------------------------------
 res.excitation_1_transition_dipole : [
  -0.0003640688012158633,
  -0.0017687459858581095,
  0.0003047994891487734
]

 --------------------------------------------------------------------------------
                                  command: print                                 
 --------------------------------------------------------------------------------

 res.excitation_1_transition_charges:
                      1
 1         0.0000029892
 2         0.0000952669
 3         0.0000604162
 4        -0.0000769864
 5        -0.0000457936
 6         0.0000824818
 7         0.0000188105
 8        -0.0000001760
 9         0.0000007906
 10       -0.0000137791
 11       -0.0000009345
 12        0.0000019994
 13        0.0000002576
 14        0.0000003429
 15       -0.0000238447
 16       -0.0000252410
 17       -0.0000392163
 18       -0.0000175398
 19       -0.0000138807
 20       -0.0000005223
 21       -0.0000054069
 22       -0.0000057504
 23       -0.0000000336
 24       -0.0000832005
 25       -0.0000129621
 26       -0.0000009314
 27       -0.0000000626
 28        0.0000145253
 29       -0.0000011737
 30        0.0000004067
 31       -0.0000013107
 32        0.0000162539
 33        0.0000284149
 34        0.0000226591
 35        0.0000115264
 36        0.0000134547
 37        0.0000007732
 38        0.0000045603
 39        0.0000067529
 40        0.0000005843
 41        0.0000019972
 42        0.0000013933
 43        0.0000001813
 44        0.0000001538
 45       -0.0000000599
 46       -0.0000000070
 47        0.0000001949
 48        0.0000001458
 49       -0.0000000908
 50       -0.0000000102
 51       -0.0000000341
 52       -0.0000001480
 53        0.0000000943
 54        0.0000003639
 55        0.0000000217
 56        0.0000001145
 57        0.0000000274
 58       -0.0000027212
 59       -0.0000030484
 60       -0.0000003505
 61       -0.0000000000
 62       -0.0000001666
 63       -0.0000005889
 64        0.0000007386
 65       -0.0000001812
 66       -0.0000003584
 67       -0.0000003782
 68        0.0000001998
 69        0.0000002160
 70       -0.0000000114
 71       -0.0000000819
 72       -0.0000003756
 73        0.0000007742
 74        0.0000004467
 75        0.0000032878
 76        0.0000033914
 77        0.0000000147
 78        0.0000000456
 79        0.0000000129
 80        0.0000044035
 81       -0.0000174270
 82        0.0000104729
 83        0.0000058081
 84       -0.0000026588
 85       -0.0000012158
 86       -0.0000125818
 87       -0.0000004375
 88       -0.0000003585
 89        0.0000111949
 90        0.0000044737
 91       -0.0000019381
 92       -0.0000002085
 93       -0.0000003771
 94       -0.0000007567
 95        0.0000295042
 96        0.0000385409
 97        0.0000162304
 98        0.0000104866
 99        0.0000003496
 100       0.0000039309
 101       0.0000060138
 102       0.0000001697
 103       0.0000002930
 104       0.0000128550
 105       0.0000006188
 106       0.0000002070
 107      -0.0000271302
 108      -0.0000007108
 109      -0.0000005777
 110      -0.0000000808
 111      -0.0000015727
 112      -0.0000312353
 113      -0.0000309055
 114      -0.0000118055
 115      -0.0000208509
 116      -0.0000010682
 117      -0.0000041388
 118      -0.0000061770
 119      -0.0000000571
 120      -0.0000001196
 121      -0.0000002361
 122      -0.0000000248
 123      -0.0000000035
 124       0.0000000040
 125       0.0000000557
 126      -0.0000006782
 127      -0.0000000590
 128      -0.0000005835
 129       0.0000005963
 130       0.0000016966
 131       0.0000008517
 132      -0.0000000775
 133      -0.0000003058
 134       0.0000000137
 135      -0.0000000834
 136       0.0000000050
 137       0.0000026388
 138       0.0000023701
 139       0.0000003315
 140      -0.0000000012
 141       0.0000003520
 142       0.0000016101
 143      -0.0000019663
 144      -0.0000002984
 145      -0.0000006973
 146      -0.0000002316
 147      -0.0000000207
 148      -0.0000000687
 149       0.0000000060
 150      -0.0000000139
 151      -0.0000001046
 152      -0.0000018822
 153      -0.0000003568
 154      -0.0000035884
 155      -0.0000001313
 156       0.0000000014
 157      -0.0000000061
 158      -0.0000000008

 --------------------------------------------------------------------------------
                                  command: print                                 
 --------------------------------------------------------------------------------
 res.excitation_1_excited_dipole : [
  17.543965911508415,
  3.36661869763579,
  0.7484687062447506
]

 --------------------------------------------------------------------------------
                                  command: print                                 
 --------------------------------------------------------------------------------

 res.excitation_1_excited_atomic_charges:
                      1
 1         0.4461224766
 2        -0.1197408645
 3        -0.1602396933
 4        -0.1566434219
 5        -0.1185563718
 6        -0.2961775210
 7         0.1120967644
 8        -0.0246257355
 9        -0.0160543149
 10        0.0995754407
 11       -0.0964773093
 12       -0.0333802502
 13       -0.0770663999
 14        0.0149109978
 15       -0.2644655843
 16        0.0912855686
 17       -0.1376690380
 18       -0.1656466543
 19        0.1352416906
 20       -0.0949442875
 21        0.3372076316
 22       -0.4936854531
 23       -0.1404008846
 24       -0.3108920432
 25        0.1350981563
 26       -0.0081614245
 27       -0.0313435537
 28        0.0898233085
 29       -0.0957393838
 30       -0.0320733923
 31       -0.0964606381
 32       -0.2679107633
 33        0.0463147594
 34       -0.0561944586
 35       -0.1559813846
 36        0.1084539106
 37       -0.0975838153
 38        0.3487271489
 39       -0.4669665049
 40       -0.0936346198
 41        0.5499668376
 42       -0.4989272038
 43       -0.3421972918
 44        0.1142305790
 45        0.0393566399
 46        0.0449972851
 47        0.0261544284
 48        0.0305948974
 49        0.0284955892
 50        0.0413810698
 51        0.0301733955
 52        0.0352743660
 53        0.0265851023
 54        0.0444469772
 55        0.0194562486
 56        0.0160155422
 57        0.0386366889
 58        0.0308641130
 59        0.0405125626
 60        0.0567818842
 61        0.0671512610
 62        0.0429130273
 63        0.0326319268
 64        0.0265006193
 65        0.0397767881
 66        0.0250704858
 67        0.0254361023
 68        0.0276669982
 69        0.0214031055
 70        0.0269694094
 71        0.0394253899
 72        0.0324930161
 73        0.0642903514
 74        0.0443461347
 75        0.0580672300
 76        0.0544750638
 77        0.0458454310
 78        0.0455507271
 79        0.0510171623
 80        0.4480067906
 81       -0.0448550224
 82       -0.0977590899
 83       -0.0880635574
 84       -0.0709429451
 85       -0.2133630435
 86        0.1991831237
 87       -0.0246704747
 88       -0.0143616438
 89        0.2022129339
 90       -0.0865640207
 91       -0.0267798199
 92       -0.0749979781
 93        0.0134417839
 94       -0.2444970966
 95        0.2109208676
 96        0.0622725031
 97       -0.0943248495
 98        0.2324016514
 99       -0.0918886050
 100       0.3663498383
 101      -0.4631651223
 102      -0.1391789384
 103      -0.2335337126
 104       0.2132065255
 105      -0.0063152433
 106      -0.0282896650
 107       0.2050283826
 108      -0.0873003527
 109      -0.0271160490
 110      -0.0939882628
 111      -0.2649557276
 112       0.1979033436
 113       0.0764025241
 114      -0.0981374158
 115       0.1945599338
 116      -0.0935478990
 117       0.3747503089
 118      -0.4382155287
 119      -0.0935388301
 120       0.5514050669
 121      -0.4937877356
 122      -0.3431938675
 123       0.1150315238
 124       0.0387885697
 125       0.0479620131
 126       0.0300893259
 127       0.0333874782
 128       0.0306655284
 129       0.0427351662
 130       0.0337310902
 131       0.0351929724
 132       0.0271910022
 133       0.0475832049
 134       0.0190089803
 135       0.0152551180
 136       0.0373872742
 137       0.0420388949
 138       0.0529268837
 139       0.0604590440
 140       0.0676834502
 141       0.0464929410
 142       0.0391105919
 143       0.0379042523
 144       0.0377541709
 145       0.0271463999
 146       0.0290277420
 147       0.0264120089
 148       0.0225684792
 149       0.0276539177
 150       0.0390439598
 151       0.0321609950
 152       0.0722800476
 153       0.0466546323
 154       0.0737821398
 155       0.0547139001
 156       0.0440313139
 157       0.0422370600
 158       0.0532228176

 --------------------------------------------------------------------------------
                                  command: print                                 
 --------------------------------------------------------------------------------
 res.excitation_2_energy:                0.0675164917

 --------------------------------------------------------------------------------
                                  command: print                                 
 --------------------------------------------------------------------------------
 res.excitation_2_transition_dipole : [
  -0.30402107114811733,
  2.766673689911512,
  -0.11834070097162261
]

 --------------------------------------------------------------------------------
                                  command: print                                 
 --------------------------------------------------------------------------------

 res.excitation_2_transition_charges:
                      1
 1         0.0001276929
 2        -0.0112533471
 3         0.0139234420
 4         0.0095631532
 5        -0.0115976805
 6         0.0016393710
 7        -0.0185748512
 8         0.0001364586
 9         0.0000437048
 10        0.0227974461
 11        0.0026049073
 12       -0.0015591726
 13       -0.0001878804
 14       -0.0003252332
 15        0.0048846831
 16        0.0327706629
 17        0.0645205872
 18        0.0192878046
 19        0.0235954229
 20        0.0008485721
 21        0.0049824964
 22        0.0072433259
 23        0.0001630890
 24       -0.0025336111
 25        0.0147203119
 26        0.0003683976
 27       -0.0007086054
 28       -0.0310261504
 29        0.0013330734
 30       -0.0014344373
 31       -0.0004555736
 32       -0.0003690443
 33       -0.0450858884
 34       -0.0419817648
 35       -0.0174423068
 36       -0.0257063446
 37       -0.0011623732
 38       -0.0061139524
 39       -0.0088058447
 40       -0.0000195482
 41        0.0000092167
 42       -0.0001562614
 43       -0.0000122122
 44        0.0000048209
 45        0.0000069982
 46        0.0001129461
 47       -0.0008665687
 48       -0.0002638087
 49        0.0002879524
 50        0.0004117391
 51        0.0005659763
 52        0.0005552561
 53       -0.0000805464
 54       -0.0001985340
 55        0.0000169163
 56       -0.0000764972
 57        0.0000179105
 58        0.0045061170
 59        0.0042837546
 60        0.0003923987
 61       -0.0000057264
 62        0.0004137534
 63        0.0006737928
 64       -0.0024779743
 65        0.0002183635
 66        0.0002732062
 67        0.0002620233
 68       -0.0000731323
 69       -0.0001770629
 70       -0.0000041247
 71       -0.0000361753
 72       -0.0002306436
 73       -0.0023973497
 74       -0.0004366027
 75       -0.0047934357
 76        0.0000637044
 77        0.0000011382
 78       -0.0000025968
 79        0.0000001392
 80        0.0000000147
 81        0.0000000417
 82        0.0000000345
 83       -0.0000000096
 84       -0.0000000089
 85        0.0000000442
 86       -0.0000000059
 87        0.0000000003
 88        0.0000000009
 89        0.0000000077
 90        0.0000000128
 91       -0.0000000005
 92       -0.0000000001
 93       -0.0000000001
 94        0.0000000037
 95        0.0000000182
 96        0.0000000281
 97        0.0000000086
 98        0.0000000080
 99        0.0000000002
 100       0.0000000020
 101       0.0000000035
 102       0.0000000001
 103      -0.0000000123
 104       0.0000000079
 105       0.0000000004
 106       0.0000000003
 107      -0.0000000213
 108       0.0000000027
 109      -0.0000000005
 110      -0.0000000001
 111       0.0000000213
 112      -0.0000000214
 113      -0.0000000247
 114      -0.0000000071
 115      -0.0000000170
 116      -0.0000000005
 117      -0.0000000021
 118      -0.0000000031
 119       0.0000000008
 120       0.0000000018
 121       0.0000000009
 122       0.0000000002
 123       0.0000000001
 124      -0.0000000000
 125       0.0000000000
 126      -0.0000000006
 127      -0.0000000000
 128       0.0000000004
 129       0.0000000007
 130       0.0000000029
 131       0.0000000008
 132       0.0000000000
 133       0.0000000000
 134       0.0000000000
 135      -0.0000000000
 136       0.0000000000
 137       0.0000000017
 138       0.0000000018
 139       0.0000000001
 140      -0.0000000000
 141       0.0000000002
 142       0.0000000016
 143      -0.0000000017
 144      -0.0000000001
 145      -0.0000000001
 146      -0.0000000001
 147      -0.0000000000
 148      -0.0000000001
 149       0.0000000000
 150      -0.0000000000
 151      -0.0000000001
 152      -0.0000000015
 153      -0.0000000002
 154      -0.0000000026
 155       0.0000000032
 156       0.0000000000
 157       0.0000000000
 158       0.0000000000

 --------------------------------------------------------------------------------
                                  command: print                                 
 --------------------------------------------------------------------------------
 res.excitation_3_energy:                0.0672715953

 --------------------------------------------------------------------------------
                                  command: print                                 
 --------------------------------------------------------------------------------
 res.excitation_3_transition_dipole : [
  -0.1296111139688842,
  -0.2792670779759134,
  2.782654831577177
]

 --------------------------------------------------------------------------------
                                  command: print                                 
 --------------------------------------------------------------------------------

 res.excitation_3_transition_charges:
                      1
 1        -0.0000001151
 2        -0.0000000005
 3        -0.0000000020
 4        -0.0000001128
 5        -0.0000000707
 6         0.0000000033
 7         0.0000000159
 8        -0.0000000002
 9         0.0000000003
 10       -0.0000000156
 11       -0.0000000008
 12        0.0000000005
 13        0.0000000000
 14        0.0000000002
 15       -0.0000000915
 16       -0.0000000133
 17       -0.0000000347
 18       -0.0000000112
 19       -0.0000000170
 20       -0.0000000007
 21       -0.0000000039
 22       -0.0000000036
 23       -0.0000000002
 24       -0.0000001267
 25       -0.0000000077
 26       -0.0000000012
 27       -0.0000000001
 28        0.0000000067
 29       -0.0000000010
 30       -0.0000000009
 31       -0.0000000100
 32       -0.0000000512
 33        0.0000000244
 34        0.0000000154
 35        0.0000000096
 36        0.0000000055
 37        0.0000000004
 38        0.0000000041
 39        0.0000000059
 40       -0.0000000006
 41       -0.0000000016
 42       -0.0000000005
 43       -0.0000000001
 44       -0.0000000002
 45       -0.0000000000
 46        0.0000000000
 47        0.0000000002
 48        0.0000000003
 49       -0.0000000006
 50       -0.0000000000
 51       -0.0000000000
 52       -0.0000000001
 53        0.0000000000
 54        0.0000000000
 55       -0.0000000000
 56        0.0000000000
 57        0.0000000000
 58       -0.0000000022
 59       -0.0000000030
 60       -0.0000000002
 61        0.0000000000
 62       -0.0000000004
 63       -0.0000000002
 64        0.0000000004
 65       -0.0000000002
 66       -0.0000000004
 67       -0.0000000004
 68       -0.0000000003
 69       -0.0000000002
 70       -0.0000000001
 71       -0.0000000005
 72       -0.0000000008
 73        0.0000000005
 74        0.0000000003
 75        0.0000000022
 76       -0.0000000034
 77       -0.0000000000
 78       -0.0000000000
 79       -0.0000000000
 80       -0.0002595560
 81        0.0155771564
 82       -0.0107392625
 83       -0.0121147140
 84        0.0094170568
 85        0.0011150621
 86        0.0186875241
 87       -0.0001583843
 88        0.0000239020
 89       -0.0232839708
 90       -0.0025049592
 91        0.0016141858
 92        0.0001919414
 93        0.0003501269
 94       -0.0056629790
 95       -0.0343139410
 96       -0.0608403271
 97       -0.0212625616
 98       -0.0233843403
 99       -0.0007840145
 100      -0.0053246907
 101      -0.0077724558
 102      -0.0002054456
 103      -0.0003887149
 104      -0.0155281788
 105      -0.0004091733
 106       0.0006567458
 107       0.0293700462
 108      -0.0013099929
 109       0.0014187397
 110       0.0004322893
 111       0.0009414450
 112       0.0455144208
 113       0.0421219783
 114       0.0181575683
 115       0.0238203234
 116       0.0011997973
 117       0.0063598289
 118       0.0093128872
 119       0.0000424816
 120       0.0000926957
 121       0.0002173890
 122       0.0000236048
 123       0.0000026006
 124      -0.0000092829
 125      -0.0001068318
 126       0.0008841801
 127       0.0002713568
 128      -0.0002762466
 129      -0.0003787610
 130      -0.0005515052
 131      -0.0005447381
 132       0.0000838117
 133       0.0002135481
 134      -0.0000176926
 135       0.0000786331
 136      -0.0000199869
 137      -0.0042660154
 138      -0.0041336131
 139      -0.0004401049
 140       0.0000031420
 141      -0.0004588151
 142      -0.0006757471
 143       0.0024687778
 144      -0.0002212705
 145      -0.0002820562
 146      -0.0002731498
 147       0.0000724114
 148       0.0001689716
 149       0.0000029328
 150       0.0000388719
 151       0.0002049632
 152       0.0022991384
 153       0.0004586091
 154       0.0049075457
 155       0.0000801829
 156      -0.0000005976
 157       0.0000051655
 158       0.0000006499

 --------------------------------------------------------------------------------
                                  command: print                                 
 --------------------------------------------------------------------------------
 res.excitation_4_energy:                0.0547654509

 --------------------------------------------------------------------------------
                                  command: print                                 
 --------------------------------------------------------------------------------
 res.excitation_4_transition_dipole : [
  -0.0005520709440986499,
  0.0008341233093242628,
  0.0015222140971073955
]

 --------------------------------------------------------------------------------
                                  command: print                                 
 --------------------------------------------------------------------------------

 res.excitation_4_transition_charges:
                      1
 1        -0.0000038166
 2         0.0000000654
 3        -0.0000004323
 4         0.0000135878
 5        -0.0000178336
 6        -0.0000003792
 7        -0.0000156135
 8         0.0000001973
 9        -0.0000000141
 10        0.0000259682
 11        0.0000015329
 12       -0.0000008079
 13       -0.0000000302
 14       -0.0000001605
 15        0.0000105104
 16        0.0000167814
 17        0.0000560183
 18        0.0000122345
 19        0.0000292267
 20        0.0000008477
 21        0.0000035136
 22        0.0000045220
 23        0.0000000131
 24       -0.0000039869
 25        0.0000085595
 26        0.0000005855
 27       -0.0000008786
 28       -0.0000142856
 29        0.0000010929
 30       -0.0000011352
 31       -0.0000020687
 32        0.0000012687
 33       -0.0000386113
 34       -0.0000286033
 35       -0.0000156770
 36       -0.0000102911
 37       -0.0000006194
 38       -0.0000055416
 39       -0.0000078167
 40       -0.0000000017
 41       -0.0000000421
 42       -0.0000000240
 43       -0.0000000073
 44       -0.0000000066
 45       -0.0000000071
 46       -0.0000000598
 47       -0.0000007381
 48       -0.0000006404
 49        0.0000007410
 50        0.0000002855
 51        0.0000002760
 52        0.0000003142
 53       -0.0000000518
 54        0.0000000062
 55       -0.0000000079
 56       -0.0000000274
 57        0.0000000045
 58        0.0000036960
 59        0.0000041931
 60        0.0000002187
 61        0.0000000110
 62        0.0000002453
 63        0.0000001257
 64       -0.0000015681
 65        0.0000001993
 66        0.0000003477
 67        0.0000002547
 68        0.0000000956
 69        0.0000000159
 70       -0.0000000596
 71        0.0000000412
 72       -0.0000007549
 73       -0.0000015427
 74       -0.0000002617
 75       -0.0000031694
 76       -0.0000000634
 77       -0.0000000036
 78       -0.0000000000
 79       -0.0000000001
 80       -0.0000012168
 81       -0.0000373128
 82       -0.0000349402
 83        0.0000212234
 84        0.0000323436
 85       -0.0000404374
 86        0.0000087266
 87       -0.0000001361
 88       -0.0000003862
 89       -0.0000159219
 90       -0.0000040397
 91        0.0000003959
 92        0.0000000535
 93        0.0000000782
 94        0.0000061400
 95       -0.0000211748
 96       -0.0000443265
 97       -0.0000110380
 98       -0.0000178484
 99       -0.0000005400
 100      -0.0000026740
 101      -0.0000045254
 102      -0.0000000246
 103       0.0000407867
 104      -0.0000094279
 105       0.0000000611
 106       0.0000009295
 107       0.0000230568
 108      -0.0000003790
 109       0.0000013274
 110       0.0000003858
 111      -0.0000083273
 112       0.0000311601
 113       0.0000336424
 114       0.0000110031
 115       0.0000193542
 116       0.0000006474
 117       0.0000033228
 118       0.0000047751
 119      -0.0000004434
 120      -0.0000011911
 121      -0.0000006687
 122      -0.0000001194
 123      -0.0000000846
 124       0.0000000142
 125      -0.0000000855
 126       0.0000008301
 127       0.0000001407
 128      -0.0000001595
 129      -0.0000004625
 130      -0.0000010633
 131      -0.0000006134
 132      -0.0000000274
 133       0.0000000205
 134      -0.0000000070
 135       0.0000000307
 136      -0.0000000475
 137      -0.0000028062
 138      -0.0000031222
 139      -0.0000001840
 140       0.0000000171
 141      -0.0000002484
 142      -0.0000005749
 143       0.0000022126
 144      -0.0000000568
 145       0.0000000845
 146      -0.0000001663
 147       0.0000000612
 148       0.0000001862
 149       0.0000000030
 150       0.0000000450
 151       0.0000001735
 152       0.0000018447
 153       0.0000002641
 154       0.0000035414
 155      -0.0000019867
 156      -0.0000000103
 157      -0.0000000242
 158      -0.0000000092

 --------------------------------------------------------------------------------

 End time:                               Fri Aug 20 14:49:25 2021
 Total wall-clock time:                  1.634 seconds
==================================================================================
