
================================================================================
          _____________ ________ _______________ ________     _________         
         / ___________// ______ \\_____   _____// ______ \   / ________)        
        / /_________  / /      \ \     | |     / /      \ \ | (_______          
       |  __________|| |        | |    | |    | |        | | \________ \        
        \ \_________ | |        | |    | |     \ \______/ /___________) |       
         \__________||_|        |_|    |_|      \________//____________/        
                                                                                
====================================[ Qcore ]===================================

 Git hash:   4f46786782e696c626e0064ff3d1a47267e124c4
 Git date:   Wed, 30 Jun 2021 10:19:53 +0100
 Compiler:   AppleClang 10.0.1.10010046
 Build type: Release
 Version:    1.4.1

 Start time: Mon Jul  5 14:43:10 2021

 Data directory: /Users/of15641/qcore/cmake-build-release/share/entos/1.4.1/data
 Number of threads: 2
 Number of threads was determined by: number of physical cores

 --------------------------------------------------------------------------------
                                   command: xtb                                  
 --------------------------------------------------------------------------------
 XTB basis setup:                        reference basis
 Number of basis functions:            244
 GFN version:                            chlorophyll
 Integral screening threshold:           1.00e-10
 Total charge:                           0.000000000
 Number of electrons:                  218.000000000
 Electronic temperature (Kelvin):        0.000000000

 D3BJ energy:                           -0.062562691
 Repulsive energy:                       1.518582330

 ****************************************************
  Running robust self-consistent charge (SCC) solver 
 ****************************************************
 Number of SCC trials:                   4
 Using the stop-early mechanism for the first 3 trials

 Conv. threshold (charge):               1.00e-05
 Conv. threshold (energy):               1.00e-06
 Initial guess:                          eeq

 -------------
  SCC Trial 1 
 -------------
 Broyden mixing factor:                  0.400000000
 Max number of iterations:             128

 ---------------------------------------------------------------
                  energy        change          grad        time
 ---------------------------------------------------------------
   0      -130.292178143                    6.60e-01        0.02
   1      -130.884265346     -5.92e-01      3.88e-01        0.01
   2      -130.893048731     -8.78e-03      1.03e-01        0.02
   3      -130.904345955     -1.13e-02      1.05e-02        0.03
   4      -130.904883824     -5.38e-04      5.83e-03        0.01
   5      -130.907232883     -2.35e-03      1.35e-03        0.03
   6      -130.907340637     -1.08e-04      3.93e-04        0.01
   7      -130.907347572     -6.94e-06      1.59e-04        0.02
   8      -130.907348438     -8.66e-07      4.52e-05        0.03
   9      -130.907348455     -1.69e-08      1.63e-05        0.01
  10      -130.907348456     -1.42e-09      4.99e-06        0.03
  11      -130.907348457     -1.68e-10      1.76e-06        0.01

 SCF converged in 10 iterations.

 Entropy contribution (-ST):             0.000000000
 Dipole moment (in Debye):              -2.859719       1.500796       2.349685

 ----------------
  Excitation 0 1 
 ----------------
 Setting up Delta-SCF
 Ground-Excited state overlap:          -0.000000000
 No correction applied to the TDM.
 Excitation energy:                      0.094811945
 Excitation energy (in eV):              2.579964447
 Transition dipole:                      0.59047      -3.63271      -2.39555

 -----------------
  Excitation -1 1 
 -----------------
 Setting up Delta-SCF
 Ground-Excited state overlap:           0.000000000
 No correction applied to the TDM.
 Excitation energy:                      0.101903702
 Excitation energy (in eV):              2.772940992
 Transition dipole:                      0.12667       1.36767      -2.24437

 ----------------
  Excitation 0 2 
 ----------------
 Setting up Delta-SCF
 Ground-Excited state overlap:           0.000000000
 No correction applied to the TDM.
 Excitation energy:                      0.149331721
 Excitation energy (in eV):              4.063523135
 Transition dipole:                      0.00051       1.08808      -1.61035

 -----------------
  Excitation -1 2 
 -----------------
 Setting up Delta-SCF
 Ground-Excited state overlap:           0.000000000
 No correction applied to the TDM.
 Excitation energy:                      0.162783573
 Excitation energy (in eV):              4.429566681
 Transition dipole:                     -0.20882       1.45799       1.01705
 TOTAL ENERGY:                        -130.907348457
 Saving results in set 'res'

 --------------------------------------------------------------------------------
                                  command: print                                 
 --------------------------------------------------------------------------------
 res.energy:                          -130.9073484566

 --------------------------------------------------------------------------------
                                  command: print                                 
 --------------------------------------------------------------------------------

 res.dipole:
                      1
 1        -1.1250999560
 2         0.5904585394
 3         0.9244372274

 --------------------------------------------------------------------------------
                                  command: print                                 
 --------------------------------------------------------------------------------

 res.atomic_charges:
                      1
 1         0.3739077893
 2        -0.0585655126
 3        -0.1052934878
 4        -0.0918947891
 5        -0.0754665557
 6        -0.2347863746
 7         0.1311651775
 8        -0.0310290067
 9        -0.0293000797
 10        0.1146167439
 11       -0.0895443458
 12       -0.0574343329
 13       -0.0770428710
 14        0.0120134266
 15       -0.2927780029
 16        0.1409354463
 17       -0.0390518349
 18       -0.1169486604
 19        0.1621798573
 20       -0.0831257836
 21        0.3351424099
 22       -0.4233084924
 23       -0.1290213172
 24       -0.2520902371
 25        0.1464350139
 26       -0.0216308959
 27       -0.0354962171
 28        0.1192998400
 29       -0.0909136973
 30       -0.0530856625
 31       -0.0928311902
 32       -0.3034545008
 33        0.1010565517
 34        0.0040123850
 35       -0.1119385693
 36        0.1478683502
 37       -0.0863963725
 38        0.3461447678
 39       -0.3982383247
 40       -0.1076585046
 41        0.5203707626
 42       -0.4647602216
 43       -0.2905164256
 44        0.1060453084
 45        0.0507573150
 46        0.0537440473
 47        0.0399264587
 48        0.0445140767
 49        0.0460324880
 50        0.0446834402
 51        0.0374129857
 52        0.0349410258
 53        0.0399245347
 54        0.0614573019
 55        0.0256556537
 56        0.0201047421
 57        0.0346402709
 58        0.0358420919
 59        0.0466781480
 60        0.0608342000
 61        0.0591636339
 62        0.0504327414
 63        0.0496696398
 64        0.0359883916
 65        0.0384007873
 66        0.0337226419
 67        0.0308881841
 68        0.0342578530
 69        0.0332393132
 70        0.0298535753
 71        0.0371902763
 72        0.0387562905
 73        0.0640045083
 74        0.0388444846
 75        0.0630905384
 76        0.0595831646
 77        0.0315854608
 78        0.0274571618
 79        0.0491310086

 --------------------------------------------------------------------------------
                                  command: print                                 
 --------------------------------------------------------------------------------
 res.excitation_1_energy:                0.0948119447

 --------------------------------------------------------------------------------
                                  command: print                                 
 --------------------------------------------------------------------------------
 res.excitation_1_transition_dipole : [
  0.5904749036610083,
  -3.6327149117964073,
  -2.395546075645128
]

 --------------------------------------------------------------------------------
                                  command: print                                 
 --------------------------------------------------------------------------------

 res.excitation_1_transition_charges:
                      1
 1        -0.0002236419
 2         0.0306013397
 3        -0.0107674123
 4        -0.0223196042
 5         0.0090965580
 6         0.0121381986
 7         0.0310821454
 8        -0.0001539200
 9        -0.0000186775
 10       -0.0365760160
 11       -0.0042911525
 12        0.0030784401
 13        0.0002110643
 14        0.0005556922
 15       -0.0136135630
 16       -0.0524608093
 17       -0.0878259671
 18       -0.0331083899
 19       -0.0396505747
 20       -0.0011252304
 21       -0.0058172472
 22       -0.0113531544
 23       -0.0003344558
 24       -0.0074224815
 25       -0.0257305351
 26       -0.0004934704
 27        0.0008730336
 28        0.0444655072
 29       -0.0027557669
 30        0.0033975335
 31        0.0004580506
 32        0.0034705663
 33        0.0695282922
 34        0.0570374696
 35        0.0299272915
 36        0.0357742829
 37        0.0016289769
 38        0.0075176679
 39        0.0142286729
 40        0.0001454730
 41        0.0007425043
 42        0.0006355995
 43        0.0001229455
 44        0.0000433470
 45       -0.0000208589
 46       -0.0000812684
 47        0.0013958072
 48        0.0010653133
 49       -0.0010903731
 50       -0.0003701092
 51       -0.0011347818
 52       -0.0008254496
 53        0.0000689366
 54        0.0003385684
 55        0.0000885424
 56        0.0000639784
 57       -0.0000065518
 58       -0.0112149878
 59       -0.0094232433
 60       -0.0008343183
 61        0.0000023200
 62       -0.0009164500
 63       -0.0019443552
 64        0.0051973693
 65       -0.0002528123
 66       -0.0005289054
 67       -0.0003024578
 68        0.0001357364
 69        0.0003499600
 70        0.0000501010
 71        0.0001171711
 72        0.0006235884
 73        0.0054393868
 74        0.0008613505
 75        0.0116482722
 76        0.0007314282
 77        0.0000040315
 78        0.0000269989
 79        0.0000194797

 --------------------------------------------------------------------------------
                                  command: print                                 
 --------------------------------------------------------------------------------
 res.excitation_1_excited_dipole : [
  -1.3399124388402601,
  0.6468688769876678,
  1.1845804083375473
]

 --------------------------------------------------------------------------------
                                  command: print                                 
 --------------------------------------------------------------------------------

 res.excitation_1_excited_atomic_charges:
                      1
 1         0.3753146092
 2        -0.1064640718
 3        -0.1438447084
 4        -0.1302282500
 5        -0.1065325273
 6        -0.3345621003
 7         0.1903599111
 8        -0.0295887130
 9        -0.0280504897
 10        0.1822222864
 11       -0.0835333955
 12       -0.0525596215
 13       -0.0771219245
 14        0.0124607071
 15       -0.2865006007
 16        0.1896853519
 17       -0.0524148341
 18       -0.1428621833
 19        0.2191624287
 20       -0.0807956682
 21        0.3202542398
 22       -0.4394249906
 23       -0.1292249564
 24       -0.3616024686
 25        0.2095491370
 26       -0.0210208544
 27       -0.0337146827
 28        0.1708157275
 29       -0.0844880182
 30       -0.0486824923
 31       -0.0923045321
 32       -0.3030738942
 33        0.1484206268
 34       -0.0128078998
 35       -0.1259622732
 36        0.1795740003
 37       -0.0842709397
 38        0.3355267449
 39       -0.4087643366
 40       -0.1075217826
 41        0.5189676797
 42       -0.4651703645
 43       -0.2906559610
 44        0.1059851289
 45        0.0507635678
 46        0.0545272580
 47        0.0418336906
 48        0.0470313045
 49        0.0483384488
 50        0.0445095105
 51        0.0373376383
 52        0.0355399779
 53        0.0398261108
 54        0.0614689147
 55        0.0260711433
 56        0.0202104075
 57        0.0346023857
 58        0.0381478398
 59        0.0470552140
 60        0.0591170109
 61        0.0591593669
 62        0.0487168895
 63        0.0558947950
 64        0.0448526926
 65        0.0387488897
 66        0.0340351619
 67        0.0315863912
 68        0.0343843267
 69        0.0332081047
 70        0.0298918792
 71        0.0374239281
 72        0.0388357128
 73        0.0637797630
 74        0.0388880874
 75        0.0635505061
 76        0.0580042006
 77        0.0315760415
 78        0.0274267710
 79        0.0491070249

 --------------------------------------------------------------------------------
                                  command: print                                 
 --------------------------------------------------------------------------------
 res.excitation_2_energy:                0.1019037019

 --------------------------------------------------------------------------------
                                  command: print                                 
 --------------------------------------------------------------------------------
 res.excitation_2_transition_dipole : [
  0.12667387544038233,
  1.3676747289421018,
  -2.2443668716014287
]

 --------------------------------------------------------------------------------
                                  command: print                                 
 --------------------------------------------------------------------------------

 res.excitation_2_transition_charges:
                      1
 1         0.0018796652
 2        -0.0892034478
 3        -0.0635881553
 4         0.0633678526
 5         0.0545208240
 6        -0.1113310245
 7        -0.0072985176
 8         0.0002092127
 9        -0.0012806938
 10       -0.0086496060
 11       -0.0009900474
 12       -0.0005578197
 13       -0.0000045281
 14       -0.0000349794
 15        0.0280458320
 16        0.0027063934
 17       -0.0187480032
 18        0.0060525051
 19       -0.0111486955
 20       -0.0002561764
 21        0.0008094669
 22        0.0011435463
 23        0.0003473510
 24        0.1196792420
 25        0.0022822170
 26        0.0014219246
 27        0.0008847582
 28        0.0176155722
 29        0.0002408105
 30        0.0012038721
 31       -0.0000187137
 32       -0.0187482703
 33        0.0078760824
 34        0.0220855872
 35       -0.0027280261
 36        0.0150025303
 37        0.0008012840
 38       -0.0009299501
 39       -0.0027558081
 40       -0.0007176522
 41       -0.0046882049
 42       -0.0025192668
 43       -0.0006092057
 44       -0.0002771447
 45        0.0000429806
 46       -0.0000350504
 47        0.0006584838
 48       -0.0001450059
 49       -0.0003266310
 50       -0.0003722142
 51       -0.0006413426
 52       -0.0002852153
 53       -0.0000585666
 54       -0.0001548265
 55       -0.0000110983
 56       -0.0000119775
 57       -0.0000939905
 58       -0.0011878584
 59       -0.0028649886
 60        0.0001536835
 61        0.0000282120
 62        0.0002168462
 63       -0.0001846865
 64        0.0022398875
 65        0.0000742474
 66        0.0003115879
 67        0.0002515947
 68        0.0000196738
 69        0.0002446901
 70        0.0000270759
 71        0.0000643913
 72        0.0002042613
 73        0.0028722344
 74       -0.0000238247
 75        0.0043203484
 76       -0.0061350634
 77       -0.0000518628
 78       -0.0001099449
 79       -0.0001286432

 --------------------------------------------------------------------------------
                                  command: print                                 
 --------------------------------------------------------------------------------
 res.excitation_3_energy:                0.1493317208

 --------------------------------------------------------------------------------
                                  command: print                                 
 --------------------------------------------------------------------------------
 res.excitation_3_transition_dipole : [
  0.0005098305421032375,
  1.0880833939341328,
  -1.6103463733467516
]

 --------------------------------------------------------------------------------
                                  command: print                                 
 --------------------------------------------------------------------------------

 res.excitation_3_transition_charges:
                      1
 1         0.0003506208
 2         0.0154526008
 3         0.0086483703
 4        -0.0129763548
 5        -0.0095291224
 6        -0.0022833908
 7        -0.0633054536
 8        -0.0003125152
 9        -0.0001860537
 10       -0.0531360846
 11       -0.0036640621
 12       -0.0078202579
 13       -0.0004988709
 14       -0.0061777285
 15       -0.0340607904
 16       -0.0231109954
 17       -0.0017961489
 18       -0.0179978411
 19        0.0834617452
 20       -0.0003174229
 21       -0.0100531655
 22       -0.0147247297
 23       -0.0000015835
 24        0.0024533736
 25        0.0878826146
 26       -0.0010664157
 27       -0.0004781435
 28        0.0605699587
 29        0.0090610878
 30        0.0044765072
 31        0.0006658987
 32        0.0114495266
 33        0.0344931444
 34       -0.0301297268
 35        0.0033269199
 36       -0.0325234506
 37       -0.0000783035
 38       -0.0008655344
 39       -0.0011140864
 40       -0.0002115246
 41        0.0009057732
 42        0.0004152200
 43        0.0001576885
 44        0.0000346743
 45        0.0002251042
 46       -0.0004879045
 47        0.0009869364
 48       -0.0012081084
 49       -0.0010783069
 50       -0.0001969274
 51       -0.0008807019
 52       -0.0005649963
 53       -0.0002564707
 54       -0.0002852940
 55        0.0008149727
 56       -0.0003993355
 57        0.0000719792
 58       -0.0007341734
 59        0.0002537138
 60       -0.0013710377
 61        0.0000183093
 62       -0.0015511213
 63        0.0061035873
 64        0.0048738834
 65        0.0015673069
 66        0.0024786068
 67        0.0020702401
 68        0.0004872202
 69        0.0005013829
 70        0.0001852782
 71        0.0000443975
 72        0.0006100910
 73       -0.0021496571
 74       -0.0004424673
 75       -0.0058543376
 76        0.0007626436
 77        0.0000193695
 78        0.0000264719
 79       -0.0000266224

 --------------------------------------------------------------------------------
                                  command: print                                 
 --------------------------------------------------------------------------------
 res.excitation_4_energy:                0.1627835730

 --------------------------------------------------------------------------------
                                  command: print                                 
 --------------------------------------------------------------------------------
 res.excitation_4_transition_dipole : [
  -0.20881540106728527,
  1.457986089266428,
  1.0170490822477622
]

 --------------------------------------------------------------------------------
                                  command: print                                 
 --------------------------------------------------------------------------------

 res.excitation_4_transition_charges:
                      1
 1         0.0063337146
 2        -0.0458107346
 3         0.0498378052
 4         0.0334980990
 5        -0.0587442258
 6         0.0193427223
 7         0.0148161499
 8        -0.0012450607
 9         0.0003432101
 10       -0.0122417248
 11       -0.0009128619
 12        0.0014503409
 13       -0.0002116866
 14        0.0003439863
 15        0.0849429054
 16        0.0002577145
 17       -0.0002102002
 18        0.0034343887
 19        0.0231705687
 20        0.0003268141
 21        0.0020930092
 22        0.0016898839
 23        0.0009279788
 24       -0.0450122055
 25       -0.0069547556
 26        0.0007927143
 27       -0.0001516188
 28        0.0247390150
 29       -0.0000755847
 30        0.0016261708
 31       -0.0001219169
 32       -0.0651795851
 33        0.0050662594
 34       -0.0115442435
 35       -0.0001060420
 36       -0.0131070704
 37       -0.0000495142
 38        0.0000026587
 39        0.0000863107
 40        0.0012330944
 41       -0.0056362663
 42       -0.0016621211
 43       -0.0008027448
 44       -0.0003074169
 45        0.0003609875
 46       -0.0001865409
 47        0.0004400719
 48        0.0001287829
 49       -0.0003486286
 50       -0.0003208842
 51       -0.0004024465
 52       -0.0001845106
 53        0.0001152786
 54        0.0001702864
 55       -0.0001560431
 56        0.0000771963
 57        0.0001815999
 58       -0.0000678441
 59        0.0001067419
 60        0.0003024468
 61        0.0002013976
 62        0.0003727611
 63        0.0010556380
 64        0.0020121345
 65       -0.0002898033
 66       -0.0003152113
 67       -0.0002484909
 68        0.0001533113
 69        0.0003443364
 70        0.0000626474
 71        0.0000245621
 72        0.0002331514
 73       -0.0011459626
 74        0.0000336538
 75       -0.0021867896
 76       -0.0065740487
 77       -0.0002151233
 78       -0.0002151028
 79        0.0002125099

 --------------------------------------------------------------------------------

 End time:                               Mon Jul  5 14:43:11 2021
 Total wall-clock time:                  0.979 seconds
==================================================================================
