
================================================================================
          _____________ ________ _______________ ________     _________         
         / ___________// ______ \\_____   _____// ______ \   / ________)        
        / /_________  / /      \ \     | |     / /      \ \ | (_______          
       |  __________|| |        | |    | |    | |        | | \________ \        
        \ \_________ | |        | |    | |     \ \______/ /___________) |       
         \__________||_|        |_|    |_|      \________//____________/        
                                                                                
====================================[ Qcore ]===================================

 Git hash:   ad9d0b24ea610736acb9cf13a2604964cd4d942e
 Git date:   Wed, 30 Jun 2021 12:42:56 +0100
 Compiler:   GNU 9.1.0
 Build type: Release
 Version:    1.4.1

 Start time: Wed Jun 30 13:19:36 2021

 Data directory: /home/of15641/.local/src/Qcore/release/share/entos/1.4.1/data
 Number of threads: 2
 Number of threads was determined by: command line argument
  - More threads can be used by running 'qcore -n 24'

 --------------------------------------------------------------------------------
                                   command: xtb                                  
 --------------------------------------------------------------------------------
 XTB basis setup:                        reference basis
 Number of basis functions:            488
 GFN version:                            chlorophyll
 Integral screening threshold:           1.00e-10
 Total charge:                           0.000000000
 Number of electrons:                  436.000000000
 Electronic temperature (Kelvin):        0.000000000

 D3BJ energy:                           -0.125140235
 Repulsive energy:                       3.043114738

 ****************************************************
  Running robust self-consistent charge (SCC) solver 
 ****************************************************
 Number of SCC trials:                   4
 Using the stop-early mechanism for the first 3 trials

 Conv. threshold (charge):               1.00e-05
 Conv. threshold (energy):               1.00e-06
 Initial guess:                          eeq

 -------------
  SCC Trial 1 
 -------------
 Broyden mixing factor:                  0.400000000
 Max number of iterations:             128

 ---------------------------------------------------------------
                  energy        change          grad        time
 ---------------------------------------------------------------
   0      -260.594112491                    6.61e-01        0.04
   1      -261.778428602     -1.18e+00      3.88e-01        0.03
   2      -261.796541126     -1.81e-02      1.03e-01        0.03
   3      -261.819562588     -2.30e-02      1.04e-02        0.03
   4      -261.820728960     -1.17e-03      5.47e-03        0.03
   5      -261.824773366     -4.04e-03      1.37e-03        0.03
   6      -261.824998480     -2.25e-04      3.97e-04        0.03
   7      -261.825012653     -1.42e-05      1.57e-04        0.03
   8      -261.825014246     -1.59e-06      4.43e-05        0.03
   9      -261.825014274     -2.81e-08      1.58e-05        0.03
  10      -261.825014277     -2.31e-09      5.33e-06        0.03
  11      -261.825014277     -3.76e-10      2.78e-06        0.03

 SCF converged in 10 iterations.

 Entropy contribution (-ST):             0.000000000
 Dipole moment (in Debye):              -5.186243       0.935053      -2.281442

 ----------------
  Excitation 0 1 
 ----------------
 Setting up Delta-SCF
 Ground-Excited state overlap:          -0.000000000
 No correction applied to the TDM.
 Excitation energy:                      0.059235858
 Excitation energy (in eV):              1.611889810
 Transition dipole:                      0.00000      -0.00048       0.00011
 ------------------------------------------------------
           transition charges and positions           
           --------------------------------           
        atom     charge/e     x/bohr        y/bohr        z/bohr
 ------------------------------------------------------
     1  Mg       0.000000      0.000000      0.000000      0.000000
     2  C        0.000007     -0.410071     -4.191413      5.293123
     3  C        0.000002     -2.371606      4.614711      3.828585
     4  C       -0.000005     -0.462983      3.495993     -4.845258
     5  C       -0.000001      0.275900     -5.336587     -3.849372
     6  N        0.000008     -1.165961     -0.017008      4.017558
     7  C        0.000003     -1.122497     -1.715871      5.867600
     8  C       -0.000000     -1.768784     -0.583925      8.507547
     9  C        0.000000     -3.350484      1.821696      7.619376
    10  C       -0.000004     -2.182634      2.207200      5.026671
    11  C       -0.000000     -6.166176      1.294462      7.300012
    12  C        0.000000      0.651956      0.207870     10.013659
    13  C        0.000000      0.234326      0.750221     12.825571
    14  H        0.000000      2.207200      0.062361     14.613252
    15  N       -0.000003     -0.349599      3.705753     -0.287238
    16  C       -0.000005     -1.328477      5.291233      1.468317
    17  C       -0.000009     -1.171630      7.853702      0.364717
    18  C       -0.000003     -0.353379      7.587250     -2.314915
    19  C       -0.000004     -0.404401      4.881163     -2.607822
    20  C       -0.000000     -1.676187     10.215859      1.840593
    21  C       -0.000001      0.342040      9.473197     -4.302906
    22  O       -0.000001      0.572587      8.862816     -6.629159
    23  C       -0.000000      0.585815     12.120703     -3.471427
    24  N       -0.000007     -0.500777     -0.780457     -3.834254
    25  C       -0.000002     -0.527234      1.075254     -5.550126
    26  C       -0.000000     -0.370386      0.045353     -8.186294
    27  C        0.000000      0.234326     -2.896950     -7.899055
    28  C        0.000004      0.162516     -3.084033     -4.979428
    29  C       -0.000000     -2.741993      0.387394     -9.820907
    30  C        0.000000      2.594594     -3.911733     -9.303122
    31  C        0.000000      4.962421     -2.815692     -8.137161
    32  N        0.000001      0.283459     -4.051573      0.572587
    33  C        0.000006      0.326923     -5.926181     -1.300132
    34  C        0.000005      0.326923     -8.386605      0.007559
    35  C        0.000003      0.251334     -7.768664      2.566248
    36  C        0.000004      0.156847     -5.092812      2.838369
    37  C        0.000000      0.281569    -10.799785     -1.177299
    38  C        0.000001      0.181414     -8.747542      5.132496
    39  O        0.000001      0.393063    -10.860256      6.086808
    40  C        0.000000     -0.481880     -6.477981      6.993876
    41  C        0.000000      1.354934     -6.580026      9.161392
    42  O        0.000000      3.649061     -6.151059      8.823131
    43  O        0.000000      0.071810     -6.719866     11.344026
    44  C        0.000000      1.782012     -6.770889     13.573903
    45  H       -0.000000     -3.513001      6.084918      4.718646
    46  H       -0.000000     -0.411960      4.635498     -6.564909
    47  H        0.000000      0.521564     -7.080804     -4.922737
    48  H        0.000000     -2.936634     -1.793350      9.698074
    49  H       -0.000000     -2.995216      3.460089      8.815572
    50  H       -0.000000     -6.583806     -0.712427      7.500323
    51  H       -0.000000     -6.634828      1.940749      5.400837
    52  H       -0.000000     -7.279225      2.458534      8.585026
    53  H        0.000000      1.264227      2.071140      9.384380
    54  H        0.000000      2.135391     -1.207535      9.805789
    55  H        0.000000     -1.594929      0.049133     13.464299
    56  H        0.000000      0.117163      2.791125     13.078795
    57  H        0.000000     -2.539792      9.800120      3.662289
    58  H       -0.000001     -3.119938     11.268437      0.816362
    59  H       -0.000001      0.013228     11.376151      2.048463
    60  H       -0.000000     -1.199976     12.744313     -2.655065
    61  H       -0.000000      1.256668     13.171391     -5.109819
    62  H       -0.000000      1.980433     12.218969     -1.957756
    63  H       -0.000000      1.148953      0.946753     -9.242650
    64  H        0.000000     -1.307690     -4.074250     -8.592585
    65  H       -0.000000     -2.394283      1.398397    -11.582131
    66  H       -0.000000     -4.164956      1.349264     -8.685181
    67  H       -0.000000     -3.717091     -1.360603    -10.304677
    68  H        0.000000      2.562469     -3.324028    -11.275996
    69  H        0.000000      2.743882     -5.965865     -9.263437
    70  H        0.000000      5.128717     -0.986437     -9.066906
    71  H        0.000000      6.589475     -4.008109     -8.558570
    72  H        0.000000      4.714867     -2.462313     -6.122713
    73  H        0.000001      1.638393    -11.967636     -0.158737
    74  H        0.000000      0.763449    -10.661835     -3.174740
    75  H        0.000001     -1.683746    -11.336467     -0.874943
    76  H        0.000000     -2.424519     -6.767109      7.611817
    77  H        0.000000      1.319029     -8.462194     14.654826
    78  H        0.000000      1.574142     -4.949193     14.513097
    79  H        0.000000      3.779452     -7.094032     13.182729
    80  Mg       0.000000     29.793951      2.682277      2.263249
    81  C       -0.000000     28.872294      9.332753      1.441691
    82  C        0.000000     28.666994      2.030964     -4.052121
    83  C        0.000000     29.748976     -3.252653      3.092291
    84  C       -0.000000     28.724782      3.611248      8.694970
    85  N       -0.000000     28.907821      5.470247     -0.727148
    86  C       -0.000001     28.720209      7.973775     -0.815719
    87  C       -0.000000     28.489171      9.031096     -3.553781
    88  C       -0.000000     27.380469      6.583579     -4.916878
    89  C        0.000000     28.434785      4.567166     -3.168409
    90  C        0.000000     24.501981      6.442511     -4.867179
    91  C       -0.000000     31.111771      9.805335     -4.684196
    92  C       -0.000000     30.994249     11.414173     -7.086945
    93  H       -0.000000     32.894255     13.365164     -7.467461
    94  N       -0.000000     30.193307     -0.107431     -0.185288
    95  C        0.000001     29.673935     -0.030576     -2.690932
    96  C        0.000001     30.281690     -2.571766     -3.681791
    97  C        0.000001     30.855448     -4.236237     -1.486062
    98  C        0.000000     30.232594     -2.590437      0.591125
    99  C        0.000000     30.366878     -3.184170     -6.444079
   100  C        0.000000     31.794264     -6.895781     -1.291042
   101  O        0.000000     31.746076     -8.126692      0.787335
   102  C        0.000000     32.627709     -8.095133     -3.663159
   103  N       -0.000000     28.900489      0.412508      5.363458
   104  C        0.000000     29.145378     -2.100752      5.253250
   105  C        0.000000     28.919518     -3.273176      7.824052
   106  C       -0.000000     28.925735     -0.983791      9.789764
   107  C       -0.000001     29.003422      1.237922      7.886545
   108  C        0.000000     26.568982     -4.914989      8.263243
   109  C       -0.000000     30.933645     -1.065976     11.918994
   110  C        0.000000     33.545190     -0.750826     10.801939
   111  N       -0.000000     29.277357      5.908682      4.742551
   112  C       -0.000001     28.816377      5.855392      7.351734
   113  C       -0.000001     28.395743      8.488442      8.160329
   114  C       -0.000000     28.611644      9.896439      5.945513
   115  C       -0.000001     29.084850      8.242324      3.875942
   116  C       -0.000000     27.781563      9.291764     10.651687
   117  C       -0.000000     28.506443     12.408830      4.838455
   118  O       -0.000000     28.341224     14.569108      5.689871
   119  C       -0.000000     28.442192     12.121951      1.843598
   120  C       -0.000000     30.353537     13.929946      0.766378
   121  O       -0.000000     32.660552     13.614815      1.140336
   122  O       -0.000000     29.210801     15.471188     -0.891497
   123  C       -0.000000     31.012919     17.276613     -2.071593
   124  H       -0.000000     27.910102      1.548763     -5.909835
   125  H        0.000000     29.922585     -5.268443      3.498223
   126  H       -0.000000     28.538984      4.062911     10.699025
   127  H       -0.000000     27.176681     10.605691     -3.758533
   128  H       -0.000000     28.139364      6.351540     -6.817319
   129  H        0.000000     23.695729      7.926437     -3.688160
   130  H        0.000000     24.055533      4.586309     -4.092977
   131  H        0.000000     23.735244      6.457742     -6.779525
   132  H       -0.000000     32.051361      8.130603     -5.429240
   133  H       -0.000000     32.257474     10.773801     -3.271173
   134  H       -0.000000     29.104711     12.177830     -7.390398
   135  H       -0.000000     31.314047     10.181013     -8.705666
   136  H        0.000000     29.554372     -1.671916     -7.579956
   137  H        0.000000     29.107055     -4.785410     -6.744508
   138  H        0.000000     32.267886     -3.668374     -7.072810
   139  H        0.000000     31.063299     -8.110705     -5.003598
   140  H       -0.000000     33.393728     -9.931059     -3.133090
   141  H        0.000000     34.106495     -6.938262     -4.512080
   142  H        0.000000     30.520778     -4.505183      8.217682
   143  H       -0.000000     27.134237     -0.822862     10.794494
   144  H        0.000000     27.003412     -6.843416      8.844145
   145  H       -0.000000     25.448602     -4.898208      6.535712
   146  H       -0.000000     25.227674     -4.155451      9.628646
   147  H       -0.000000     30.896871     -2.892415     12.868430
   148  H       -0.000000     30.661184      0.390077     13.350424
   149  H        0.000000     34.023064     -2.661698     10.203160
   150  H       -0.000000     34.863236     -0.075381     12.234862
   151  H       -0.000000     33.504239      0.430933      9.114962
   152  H       -0.000000     28.932501     10.959769     11.019692
   153  H       -0.000000     28.153121      7.807044     12.029581
   154  H       -0.000000     25.771348      9.687152     10.440453
   155  H       -0.000000     26.524971     12.576260      1.245991
   156  H        0.000000     30.283164     19.172443     -1.730195
   157  H       -0.000000     31.242937     16.678836     -4.029558
   158  H       -0.000000     32.872712     17.411918     -1.194042
 ------------------------------------------------------


 -----------------
  Excitation -1 1 
 -----------------
 Setting up Delta-SCF
 Ground-Excited state overlap:          -0.000000000
 No correction applied to the TDM.
 Excitation energy:                      0.096658733
 Excitation energy (in eV):              2.630218130
 Transition dipole:                     -0.46929       4.35081      -0.22805
 ------------------------------------------------------
           transition charges and positions           
           --------------------------------           
        atom     charge/e     x/bohr        y/bohr        z/bohr
 ------------------------------------------------------
     1  Mg      -0.000008      0.000000      0.000000      0.000000
     2  C       -0.020071     -0.410071     -4.191413      5.293123
     3  C        0.017740     -2.371606      4.614711      3.828585
     4  C        0.016087     -0.462983      3.495993     -4.845258
     5  C       -0.014837      0.275900     -5.336587     -3.849372
     6  N       -0.000979     -1.165961     -0.017008      4.017558
     7  C       -0.030435     -1.122497     -1.715871      5.867600
     8  C        0.000141     -1.768784     -0.583925      8.507547
     9  C        0.000163     -3.350484      1.821696      7.619376
    10  C        0.036542     -2.182634      2.207200      5.026671
    11  C        0.004511     -6.166176      1.294462      7.300012
    12  C       -0.002934      0.651956      0.207870     10.013659
    13  C       -0.000205      0.234326      0.750221     12.825571
    14  H       -0.000510      2.207200      0.062361     14.613252
    15  N        0.010707     -0.349599      3.705753     -0.287238
    16  C        0.050699     -1.328477      5.291233      1.468317
    17  C        0.092795     -1.171630      7.853702      0.364717
    18  C        0.030468     -0.353379      7.587250     -2.314915
    19  C        0.040623     -0.404401      4.881163     -2.607822
    20  C        0.001213     -1.676187     10.215859      1.840593
    21  C        0.005466      0.342040      9.473197     -4.302906
    22  O        0.010671      0.572587      8.862816     -6.629159
    23  C        0.000274      0.585815     12.120703     -3.471427
    24  N       -0.004982     -0.500777     -0.780457     -3.834254
    25  C        0.024636     -0.527234      1.075254     -5.550126
    26  C        0.000359     -0.370386      0.045353     -8.186294
    27  C       -0.000998      0.234326     -2.896950     -7.899055
    28  C       -0.047779      0.162516     -3.084033     -4.979428
    29  C        0.002824     -2.741993      0.387394     -9.820907
    30  C       -0.003500      2.594594     -3.911733     -9.303122
    31  C       -0.000487      4.962421     -2.815692     -8.137161
    32  N       -0.001239      0.283459     -4.051573      0.572587
    33  C       -0.069608      0.326923     -5.926181     -1.300132
    34  C       -0.058021      0.326923     -8.386605      0.007559
    35  C       -0.028898      0.251334     -7.768664      2.566248
    36  C       -0.039086      0.156847     -5.092812      2.838369
    37  C       -0.001624      0.281569    -10.799785     -1.177299
    38  C       -0.007314      0.181414     -8.747542      5.132496
    39  O       -0.013548      0.393063    -10.860256      6.086808
    40  C       -0.000079     -0.481880     -6.477981      6.993876
    41  C       -0.000220      1.354934     -6.580026      9.161392
    42  O       -0.000378      3.649061     -6.151059      8.823131
    43  O       -0.000054      0.071810     -6.719866     11.344026
    44  C       -0.000012      1.782012     -6.770889     13.573903
    45  H        0.000017     -3.513001      6.084918      4.718646
    46  H        0.000088     -0.411960      4.635498     -6.564909
    47  H       -0.001382      0.521564     -7.080804     -4.922737
    48  H       -0.001048     -2.936634     -1.793350      9.698074
    49  H        0.001160     -2.995216      3.460089      8.815572
    50  H        0.000416     -6.583806     -0.712427      7.500323
    51  H        0.001186     -6.634828      1.940749      5.400837
    52  H        0.000832     -7.279225      2.458534      8.585026
    53  H       -0.000063      1.264227      2.071140      9.384380
    54  H       -0.000309      2.135391     -1.207535      9.805789
    55  H       -0.000084     -1.594929      0.049133     13.464299
    56  H       -0.000061      0.117163      2.791125     13.078795
    57  H        0.000016     -2.539792      9.800120      3.662289
    58  H        0.011649     -3.119938     11.268437      0.816362
    59  H        0.009969      0.013228     11.376151      2.048463
    60  H        0.000777     -1.199976     12.744313     -2.655065
    61  H       -0.000005      1.256668     13.171391     -5.109819
    62  H        0.000814      1.980433     12.218969     -1.957756
    63  H        0.001997      1.148953      0.946753     -9.242650
    64  H       -0.005336     -1.307690     -4.074250     -8.592585
    65  H        0.000243     -2.394283      1.398397    -11.582131
    66  H        0.000498     -4.164956      1.349264     -8.685181
    67  H        0.000286     -3.717091     -1.360603    -10.304677
    68  H       -0.000139      2.562469     -3.324028    -11.275996
    69  H       -0.000383      2.743882     -5.965865     -9.263437
    70  H       -0.000056      5.128717     -0.986437     -9.066906
    71  H       -0.000117      6.589475     -4.008109     -8.558570
    72  H       -0.000691      4.714867     -2.462313     -6.122713
    73  H       -0.005839      1.638393    -11.967636     -0.158737
    74  H       -0.000838      0.763449    -10.661835     -3.174740
    75  H       -0.011595     -1.683746    -11.336467     -0.874943
    76  H       -0.000094     -2.424519     -6.767109      7.611817
    77  H        0.000001      1.319029     -8.462194     14.654826
    78  H       -0.000014      1.574142     -4.949193     14.513097
    79  H       -0.000006      3.779452     -7.094032     13.182729
    80  Mg       0.000000     29.793951      2.682277      2.263249
    81  C        0.000000     28.872294      9.332753      1.441691
    82  C        0.000000     28.666994      2.030964     -4.052121
    83  C       -0.000000     29.748976     -3.252653      3.092291
    84  C       -0.000000     28.724782      3.611248      8.694970
    85  N        0.000000     28.907821      5.470247     -0.727148
    86  C       -0.000000     28.720209      7.973775     -0.815719
    87  C       -0.000000     28.489171      9.031096     -3.553781
    88  C        0.000000     27.380469      6.583579     -4.916878
    89  C        0.000000     28.434785      4.567166     -3.168409
    90  C        0.000000     24.501981      6.442511     -4.867179
    91  C       -0.000000     31.111771      9.805335     -4.684196
    92  C       -0.000000     30.994249     11.414173     -7.086945
    93  H       -0.000000     32.894255     13.365164     -7.467461
    94  N        0.000000     30.193307     -0.107431     -0.185288
    95  C        0.000000     29.673935     -0.030576     -2.690932
    96  C        0.000000     30.281690     -2.571766     -3.681791
    97  C        0.000000     30.855448     -4.236237     -1.486062
    98  C        0.000000     30.232594     -2.590437      0.591125
    99  C        0.000000     30.366878     -3.184170     -6.444079
   100  C        0.000000     31.794264     -6.895781     -1.291042
   101  O        0.000000     31.746076     -8.126692      0.787335
   102  C        0.000000     32.627709     -8.095133     -3.663159
   103  N       -0.000000     28.900489      0.412508      5.363458
   104  C        0.000000     29.145378     -2.100752      5.253250
   105  C       -0.000000     28.919518     -3.273176      7.824052
   106  C       -0.000000     28.925735     -0.983791      9.789764
   107  C       -0.000000     29.003422      1.237922      7.886545
   108  C        0.000000     26.568982     -4.914989      8.263243
   109  C       -0.000000     30.933645     -1.065976     11.918994
   110  C        0.000000     33.545190     -0.750826     10.801939
   111  N        0.000000     29.277357      5.908682      4.742551
   112  C       -0.000000     28.816377      5.855392      7.351734
   113  C       -0.000000     28.395743      8.488442      8.160329
   114  C       -0.000000     28.611644      9.896439      5.945513
   115  C       -0.000000     29.084850      8.242324      3.875942
   116  C       -0.000000     27.781563      9.291764     10.651687
   117  C       -0.000000     28.506443     12.408830      4.838455
   118  O       -0.000000     28.341224     14.569108      5.689871
   119  C        0.000000     28.442192     12.121951      1.843598
   120  C        0.000000     30.353537     13.929946      0.766378
   121  O        0.000000     32.660552     13.614815      1.140336
   122  O        0.000000     29.210801     15.471188     -0.891497
   123  C        0.000000     31.012919     17.276613     -2.071593
   124  H       -0.000000     27.910102      1.548763     -5.909835
   125  H        0.000000     29.922585     -5.268443      3.498223
   126  H       -0.000000     28.538984      4.062911     10.699025
   127  H       -0.000000     27.176681     10.605691     -3.758533
   128  H        0.000000     28.139364      6.351540     -6.817319
   129  H        0.000000     23.695729      7.926437     -3.688160
   130  H        0.000000     24.055533      4.586309     -4.092977
   131  H        0.000000     23.735244      6.457742     -6.779525
   132  H        0.000000     32.051361      8.130603     -5.429240
   133  H       -0.000000     32.257474     10.773801     -3.271173
   134  H       -0.000000     29.104711     12.177830     -7.390398
   135  H       -0.000000     31.314047     10.181013     -8.705666
   136  H        0.000000     29.554372     -1.671916     -7.579956
   137  H        0.000000     29.107055     -4.785410     -6.744508
   138  H        0.000000     32.267886     -3.668374     -7.072810
   139  H        0.000000     31.063299     -8.110705     -5.003598
   140  H       -0.000000     33.393728     -9.931059     -3.133090
   141  H        0.000000     34.106495     -6.938262     -4.512080
   142  H        0.000000     30.520778     -4.505183      8.217682
   143  H       -0.000000     27.134237     -0.822862     10.794494
   144  H        0.000000     27.003412     -6.843416      8.844145
   145  H       -0.000000     25.448602     -4.898208      6.535712
   146  H       -0.000000     25.227674     -4.155451      9.628646
   147  H       -0.000000     30.896871     -2.892415     12.868430
   148  H       -0.000000     30.661184      0.390077     13.350424
   149  H       -0.000000     34.023064     -2.661698     10.203160
   150  H       -0.000000     34.863236     -0.075381     12.234862
   151  H       -0.000000     33.504239      0.430933      9.114962
   152  H       -0.000000     28.932501     10.959769     11.019692
   153  H       -0.000000     28.153121      7.807044     12.029581
   154  H       -0.000000     25.771348      9.687152     10.440453
   155  H        0.000000     26.524971     12.576260      1.245991
   156  H        0.000000     30.283164     19.172443     -1.730195
   157  H        0.000000     31.242937     16.678836     -4.029558
   158  H        0.000000     32.872712     17.411918     -1.194042
 ------------------------------------------------------


 ----------------
  Excitation 0 2 
 ----------------
 Setting up Delta-SCF
 Ground-Excited state overlap:           0.000000000
 No correction applied to the TDM.
 Excitation energy:                      0.096640172
 Excitation energy (in eV):              2.629713035
 Transition dipole:                      0.41875      -3.20337      -2.96132
 ------------------------------------------------------
           transition charges and positions           
           --------------------------------           
        atom     charge/e     x/bohr        y/bohr        z/bohr
 ------------------------------------------------------
     1  Mg       0.000000      0.000000      0.000000      0.000000
     2  C       -0.000000     -0.410071     -4.191413      5.293123
     3  C       -0.000000     -2.371606      4.614711      3.828585
     4  C        0.000000     -0.462983      3.495993     -4.845258
     5  C        0.000000      0.275900     -5.336587     -3.849372
     6  N       -0.000000     -1.165961     -0.017008      4.017558
     7  C       -0.000000     -1.122497     -1.715871      5.867600
     8  C        0.000000     -1.768784     -0.583925      8.507547
     9  C        0.000000     -3.350484      1.821696      7.619376
    10  C        0.000000     -2.182634      2.207200      5.026671
    11  C        0.000000     -6.166176      1.294462      7.300012
    12  C       -0.000000      0.651956      0.207870     10.013659
    13  C       -0.000000      0.234326      0.750221     12.825571
    14  H       -0.000000      2.207200      0.062361     14.613252
    15  N        0.000000     -0.349599      3.705753     -0.287238
    16  C        0.000000     -1.328477      5.291233      1.468317
    17  C        0.000000     -1.171630      7.853702      0.364717
    18  C        0.000000     -0.353379      7.587250     -2.314915
    19  C        0.000000     -0.404401      4.881163     -2.607822
    20  C        0.000000     -1.676187     10.215859      1.840593
    21  C        0.000000      0.342040      9.473197     -4.302906
    22  O        0.000000      0.572587      8.862816     -6.629159
    23  C        0.000000      0.585815     12.120703     -3.471427
    24  N        0.000000     -0.500777     -0.780457     -3.834254
    25  C        0.000000     -0.527234      1.075254     -5.550126
    26  C        0.000000     -0.370386      0.045353     -8.186294
    27  C       -0.000000      0.234326     -2.896950     -7.899055
    28  C       -0.000000      0.162516     -3.084033     -4.979428
    29  C        0.000000     -2.741993      0.387394     -9.820907
    30  C       -0.000000      2.594594     -3.911733     -9.303122
    31  C        0.000000      4.962421     -2.815692     -8.137161
    32  N        0.000000      0.283459     -4.051573      0.572587
    33  C       -0.000000      0.326923     -5.926181     -1.300132
    34  C       -0.000000      0.326923     -8.386605      0.007559
    35  C       -0.000000      0.251334     -7.768664      2.566248
    36  C       -0.000000      0.156847     -5.092812      2.838369
    37  C       -0.000000      0.281569    -10.799785     -1.177299
    38  C       -0.000000      0.181414     -8.747542      5.132496
    39  O       -0.000000      0.393063    -10.860256      6.086808
    40  C        0.000000     -0.481880     -6.477981      6.993876
    41  C        0.000000      1.354934     -6.580026      9.161392
    42  O       -0.000000      3.649061     -6.151059      8.823131
    43  O       -0.000000      0.071810     -6.719866     11.344026
    44  C        0.000000      1.782012     -6.770889     13.573903
    45  H        0.000000     -3.513001      6.084918      4.718646
    46  H       -0.000000     -0.411960      4.635498     -6.564909
    47  H       -0.000000      0.521564     -7.080804     -4.922737
    48  H       -0.000000     -2.936634     -1.793350      9.698074
    49  H        0.000000     -2.995216      3.460089      8.815572
    50  H        0.000000     -6.583806     -0.712427      7.500323
    51  H        0.000000     -6.634828      1.940749      5.400837
    52  H        0.000000     -7.279225      2.458534      8.585026
    53  H       -0.000000      1.264227      2.071140      9.384380
    54  H       -0.000000      2.135391     -1.207535      9.805789
    55  H       -0.000000     -1.594929      0.049133     13.464299
    56  H       -0.000000      0.117163      2.791125     13.078795
    57  H       -0.000000     -2.539792      9.800120      3.662289
    58  H        0.000000     -3.119938     11.268437      0.816362
    59  H        0.000000      0.013228     11.376151      2.048463
    60  H        0.000000     -1.199976     12.744313     -2.655065
    61  H       -0.000000      1.256668     13.171391     -5.109819
    62  H        0.000000      1.980433     12.218969     -1.957756
    63  H        0.000000      1.148953      0.946753     -9.242650
    64  H       -0.000000     -1.307690     -4.074250     -8.592585
    65  H        0.000000     -2.394283      1.398397    -11.582131
    66  H        0.000000     -4.164956      1.349264     -8.685181
    67  H        0.000000     -3.717091     -1.360603    -10.304677
    68  H        0.000000      2.562469     -3.324028    -11.275996
    69  H       -0.000000      2.743882     -5.965865     -9.263437
    70  H       -0.000000      5.128717     -0.986437     -9.066906
    71  H        0.000000      6.589475     -4.008109     -8.558570
    72  H       -0.000000      4.714867     -2.462313     -6.122713
    73  H       -0.000000      1.638393    -11.967636     -0.158737
    74  H       -0.000000      0.763449    -10.661835     -3.174740
    75  H       -0.000000     -1.683746    -11.336467     -0.874943
    76  H        0.000000     -2.424519     -6.767109      7.611817
    77  H        0.000000      1.319029     -8.462194     14.654826
    78  H       -0.000000      1.574142     -4.949193     14.513097
    79  H       -0.000000      3.779452     -7.094032     13.182729
    80  Mg      -0.000007     29.793951      2.682277      2.263249
    81  C       -0.020022     28.872294      9.332753      1.441691
    82  C        0.017621     28.666994      2.030964     -4.052121
    83  C        0.016186     29.748976     -3.252653      3.092291
    84  C       -0.014992     28.724782      3.611248      8.694970
    85  N       -0.001050     28.907821      5.470247     -0.727148
    86  C       -0.030341     28.720209      7.973775     -0.815719
    87  C        0.000142     28.489171      9.031096     -3.553781
    88  C        0.000162     27.380469      6.583579     -4.916878
    89  C        0.036564     28.434785      4.567166     -3.168409
    90  C        0.004510     24.501981      6.442511     -4.867179
    91  C       -0.002926     31.111771      9.805335     -4.684196
    92  C       -0.000205     30.994249     11.414173     -7.086945
    93  H       -0.000510     32.894255     13.365164     -7.467461
    94  N        0.010761     30.193307     -0.107431     -0.185288
    95  C        0.050724     29.673935     -0.030576     -2.690932
    96  C        0.092704     30.281690     -2.571766     -3.681791
    97  C        0.030543     30.855448     -4.236237     -1.486062
    98  C        0.040594     30.232594     -2.590437      0.591125
    99  C        0.001202     30.366878     -3.184170     -6.444079
   100  C        0.005470     31.794264     -6.895781     -1.291042
   101  O        0.010693     31.746076     -8.126692      0.787335
   102  C        0.000274     32.627709     -8.095133     -3.663159
   103  N       -0.005082     28.900489      0.412508      5.363458
   104  C        0.024686     29.145378     -2.100752      5.253250
   105  C        0.000363     28.919518     -3.273176      7.824052
   106  C       -0.001006     28.925735     -0.983791      9.789764
   107  C       -0.047692     29.003422      1.237922      7.886545
   108  C        0.002829     26.568982     -4.914989      8.263243
   109  C       -0.003498     30.933645     -1.065976     11.918994
   110  C       -0.000486     33.545190     -0.750826     10.801939
   111  N       -0.001205     29.277357      5.908682      4.742551
   112  C       -0.069454     28.816377      5.855392      7.351734
   113  C       -0.058158     28.395743      8.488442      8.160329
   114  C       -0.028921     28.611644      9.896439      5.945513
   115  C       -0.039047     29.084850      8.242324      3.875942
   116  C       -0.001613     27.781563      9.291764     10.651687
   117  C       -0.007356     28.506443     12.408830      4.838455
   118  O       -0.013575     28.341224     14.569108      5.689871
   119  C       -0.000078     28.442192     12.121951      1.843598
   120  C       -0.000217     30.353537     13.929946      0.766378
   121  O       -0.000376     32.660552     13.614815      1.140336
   122  O       -0.000054     29.210801     15.471188     -0.891497
   123  C       -0.000012     31.012919     17.276613     -2.071593
   124  H        0.000017     27.910102      1.548763     -5.909835
   125  H        0.000089     29.922585     -5.268443      3.498223
   126  H       -0.001382     28.538984      4.062911     10.699025
   127  H       -0.001044     27.176681     10.605691     -3.758533
   128  H        0.001159     28.139364      6.351540     -6.817319
   129  H        0.000415     23.695729      7.926437     -3.688160
   130  H        0.001186     24.055533      4.586309     -4.092977
   131  H        0.000833     23.735244      6.457742     -6.779525
   132  H       -0.000062     32.051361      8.130603     -5.429240
   133  H       -0.000309     32.257474     10.773801     -3.271173
   134  H       -0.000082     29.104711     12.177830     -7.390398
   135  H       -0.000061     31.314047     10.181013     -8.705666
   136  H        0.000016     29.554372     -1.671916     -7.579956
   137  H        0.011628     29.107055     -4.785410     -6.744508
   138  H        0.009947     32.267886     -3.668374     -7.072810
   139  H        0.000777     31.063299     -8.110705     -5.003598
   140  H       -0.000005     33.393728     -9.931059     -3.133090
   141  H        0.000815     34.106495     -6.938262     -4.512080
   142  H        0.002006     30.520778     -4.505183      8.217682
   143  H       -0.005342     27.134237     -0.822862     10.794494
   144  H        0.000242     27.003412     -6.843416      8.844145
   145  H        0.000494     25.448602     -4.898208      6.535712
   146  H        0.000287     25.227674     -4.155451      9.628646
   147  H       -0.000138     30.896871     -2.892415     12.868430
   148  H       -0.000381     30.661184      0.390077     13.350424
   149  H       -0.000056     34.023064     -2.661698     10.203160
   150  H       -0.000118     34.863236     -0.075381     12.234862
   151  H       -0.000687     33.504239      0.430933      9.114962
   152  H       -0.005842     28.932501     10.959769     11.019692
   153  H       -0.000838     28.153121      7.807044     12.029581
   154  H       -0.011600     25.771348      9.687152     10.440453
   155  H       -0.000088     26.524971     12.576260      1.245991
   156  H        0.000001     30.283164     19.172443     -1.730195
   157  H       -0.000013     31.242937     16.678836     -4.029558
   158  H       -0.000006     32.872712     17.411918     -1.194042
 ------------------------------------------------------


 -----------------
  Excitation -1 2 
 -----------------
 Setting up Delta-SCF
 Ground-Excited state overlap:          -0.000000000
 No correction applied to the TDM.
 Excitation energy:                      0.062995145
 Excitation energy (in eV):              1.714185216
 Transition dipole:                      0.00008      -0.00029      -0.00038
 ------------------------------------------------------
           transition charges and positions           
           --------------------------------           
        atom     charge/e     x/bohr        y/bohr        z/bohr
 ------------------------------------------------------
     1  Mg       0.000000      0.000000      0.000000      0.000000
     2  C        0.000000     -0.410071     -4.191413      5.293123
     3  C       -0.000000     -2.371606      4.614711      3.828585
     4  C       -0.000000     -0.462983      3.495993     -4.845258
     5  C        0.000000      0.275900     -5.336587     -3.849372
     6  N        0.000000     -1.165961     -0.017008      4.017558
     7  C        0.000001     -1.122497     -1.715871      5.867600
     8  C       -0.000000     -1.768784     -0.583925      8.507547
     9  C       -0.000000     -3.350484      1.821696      7.619376
    10  C       -0.000001     -2.182634      2.207200      5.026671
    11  C       -0.000000     -6.166176      1.294462      7.300012
    12  C        0.000000      0.651956      0.207870     10.013659
    13  C        0.000000      0.234326      0.750221     12.825571
    14  H        0.000000      2.207200      0.062361     14.613252
    15  N       -0.000001     -0.349599      3.705753     -0.287238
    16  C       -0.000001     -1.328477      5.291233      1.468317
    17  C       -0.000002     -1.171630      7.853702      0.364717
    18  C       -0.000001     -0.353379      7.587250     -2.314915
    19  C       -0.000001     -0.404401      4.881163     -2.607822
    20  C       -0.000000     -1.676187     10.215859      1.840593
    21  C       -0.000000      0.342040      9.473197     -4.302906
    22  O       -0.000000      0.572587      8.862816     -6.629159
    23  C       -0.000000      0.585815     12.120703     -3.471427
    24  N        0.000000     -0.500777     -0.780457     -3.834254
    25  C       -0.000000     -0.527234      1.075254     -5.550126
    26  C       -0.000000     -0.370386      0.045353     -8.186294
    27  C        0.000000      0.234326     -2.896950     -7.899055
    28  C        0.000000      0.162516     -3.084033     -4.979428
    29  C       -0.000000     -2.741993      0.387394     -9.820907
    30  C        0.000000      2.594594     -3.911733     -9.303122
    31  C        0.000000      4.962421     -2.815692     -8.137161
    32  N       -0.000000      0.283459     -4.051573      0.572587
    33  C        0.000001      0.326923     -5.926181     -1.300132
    34  C        0.000001      0.326923     -8.386605      0.007559
    35  C        0.000001      0.251334     -7.768664      2.566248
    36  C        0.000000      0.156847     -5.092812      2.838369
    37  C        0.000000      0.281569    -10.799785     -1.177299
    38  C        0.000000      0.181414     -8.747542      5.132496
    39  O        0.000000      0.393063    -10.860256      6.086808
    40  C       -0.000000     -0.481880     -6.477981      6.993876
    41  C        0.000000      1.354934     -6.580026      9.161392
    42  O        0.000000      3.649061     -6.151059      8.823131
    43  O        0.000000      0.071810     -6.719866     11.344026
    44  C       -0.000000      1.782012     -6.770889     13.573903
    45  H        0.000000     -3.513001      6.084918      4.718646
    46  H        0.000000     -0.411960      4.635498     -6.564909
    47  H        0.000000      0.521564     -7.080804     -4.922737
    48  H        0.000000     -2.936634     -1.793350      9.698074
    49  H       -0.000000     -2.995216      3.460089      8.815572
    50  H       -0.000000     -6.583806     -0.712427      7.500323
    51  H       -0.000000     -6.634828      1.940749      5.400837
    52  H       -0.000000     -7.279225      2.458534      8.585026
    53  H        0.000000      1.264227      2.071140      9.384380
    54  H        0.000000      2.135391     -1.207535      9.805789
    55  H        0.000000     -1.594929      0.049133     13.464299
    56  H        0.000000      0.117163      2.791125     13.078795
    57  H       -0.000000     -2.539792      9.800120      3.662289
    58  H       -0.000000     -3.119938     11.268437      0.816362
    59  H       -0.000000      0.013228     11.376151      2.048463
    60  H       -0.000000     -1.199976     12.744313     -2.655065
    61  H       -0.000000      1.256668     13.171391     -5.109819
    62  H       -0.000000      1.980433     12.218969     -1.957756
    63  H       -0.000000      1.148953      0.946753     -9.242650
    64  H        0.000000     -1.307690     -4.074250     -8.592585
    65  H       -0.000000     -2.394283      1.398397    -11.582131
    66  H       -0.000000     -4.164956      1.349264     -8.685181
    67  H       -0.000000     -3.717091     -1.360603    -10.304677
    68  H       -0.000000      2.562469     -3.324028    -11.275996
    69  H        0.000000      2.743882     -5.965865     -9.263437
    70  H        0.000000      5.128717     -0.986437     -9.066906
    71  H        0.000000      6.589475     -4.008109     -8.558570
    72  H        0.000000      4.714867     -2.462313     -6.122713
    73  H        0.000000      1.638393    -11.967636     -0.158737
    74  H        0.000000      0.763449    -10.661835     -3.174740
    75  H        0.000000     -1.683746    -11.336467     -0.874943
    76  H       -0.000000     -2.424519     -6.767109      7.611817
    77  H        0.000000      1.319029     -8.462194     14.654826
    78  H        0.000000      1.574142     -4.949193     14.513097
    79  H        0.000000      3.779452     -7.094032     13.182729
    80  Mg       0.000000     29.793951      2.682277      2.263249
    81  C        0.000003     28.872294      9.332753      1.441691
    82  C        0.000005     28.666994      2.030964     -4.052121
    83  C       -0.000002     29.748976     -3.252653      3.092291
    84  C       -0.000004     28.724782      3.611248      8.694970
    85  N        0.000007     28.907821      5.470247     -0.727148
    86  C       -0.000003     28.720209      7.973775     -0.815719
    87  C        0.000000     28.489171      9.031096     -3.553781
    88  C        0.000000     27.380469      6.583579     -4.916878
    89  C        0.000004     28.434785      4.567166     -3.168409
    90  C        0.000001     24.501981      6.442511     -4.867179
    91  C       -0.000000     31.111771      9.805335     -4.684196
    92  C       -0.000000     30.994249     11.414173     -7.086945
    93  H       -0.000000     32.894255     13.365164     -7.467461
    94  N       -0.000001     30.193307     -0.107431     -0.185288
    95  C        0.000005     29.673935     -0.030576     -2.690932
    96  C        0.000009     30.281690     -2.571766     -3.681791
    97  C        0.000003     30.855448     -4.236237     -1.486062
    98  C        0.000004     30.232594     -2.590437      0.591125
    99  C        0.000000     30.366878     -3.184170     -6.444079
   100  C        0.000001     31.794264     -6.895781     -1.291042
   101  O        0.000001     31.746076     -8.126692      0.787335
   102  C        0.000000     32.627709     -8.095133     -3.663159
   103  N       -0.000008     28.900489      0.412508      5.363458
   104  C        0.000002     29.145378     -2.100752      5.253250
   105  C       -0.000000     28.919518     -3.273176      7.824052
   106  C       -0.000000     28.925735     -0.983791      9.789764
   107  C       -0.000005     29.003422      1.237922      7.886545
   108  C        0.000000     26.568982     -4.914989      8.263243
   109  C       -0.000000     30.933645     -1.065976     11.918994
   110  C       -0.000000     33.545190     -0.750826     10.801939
   111  N        0.000001     29.277357      5.908682      4.742551
   112  C       -0.000007     28.816377      5.855392      7.351734
   113  C       -0.000006     28.395743      8.488442      8.160329
   114  C       -0.000003     28.611644      9.896439      5.945513
   115  C       -0.000004     29.084850      8.242324      3.875942
   116  C       -0.000000     27.781563      9.291764     10.651687
   117  C       -0.000001     28.506443     12.408830      4.838455
   118  O       -0.000001     28.341224     14.569108      5.689871
   119  C        0.000000     28.442192     12.121951      1.843598
   120  C        0.000000     30.353537     13.929946      0.766378
   121  O        0.000000     32.660552     13.614815      1.140336
   122  O        0.000000     29.210801     15.471188     -0.891497
   123  C        0.000000     31.012919     17.276613     -2.071593
   124  H       -0.000000     27.910102      1.548763     -5.909835
   125  H        0.000000     29.922585     -5.268443      3.498223
   126  H       -0.000000     28.538984      4.062911     10.699025
   127  H       -0.000000     27.176681     10.605691     -3.758533
   128  H        0.000000     28.139364      6.351540     -6.817319
   129  H        0.000000     23.695729      7.926437     -3.688160
   130  H        0.000000     24.055533      4.586309     -4.092977
   131  H        0.000000     23.735244      6.457742     -6.779525
   132  H       -0.000000     32.051361      8.130603     -5.429240
   133  H       -0.000000     32.257474     10.773801     -3.271173
   134  H       -0.000000     29.104711     12.177830     -7.390398
   135  H       -0.000000     31.314047     10.181013     -8.705666
   136  H        0.000000     29.554372     -1.671916     -7.579956
   137  H        0.000001     29.107055     -4.785410     -6.744508
   138  H        0.000001     32.267886     -3.668374     -7.072810
   139  H        0.000000     31.063299     -8.110705     -5.003598
   140  H       -0.000000     33.393728     -9.931059     -3.133090
   141  H        0.000000     34.106495     -6.938262     -4.512080
   142  H        0.000000     30.520778     -4.505183      8.217682
   143  H       -0.000001     27.134237     -0.822862     10.794494
   144  H        0.000000     27.003412     -6.843416      8.844145
   145  H        0.000000     25.448602     -4.898208      6.535712
   146  H        0.000000     25.227674     -4.155451      9.628646
   147  H       -0.000000     30.896871     -2.892415     12.868430
   148  H       -0.000000     30.661184      0.390077     13.350424
   149  H       -0.000000     34.023064     -2.661698     10.203160
   150  H       -0.000000     34.863236     -0.075381     12.234862
   151  H       -0.000000     33.504239      0.430933      9.114962
   152  H       -0.000001     28.932501     10.959769     11.019692
   153  H       -0.000000     28.153121      7.807044     12.029581
   154  H       -0.000001     25.771348      9.687152     10.440453
   155  H        0.000000     26.524971     12.576260      1.245991
   156  H        0.000000     30.283164     19.172443     -1.730195
   157  H        0.000000     31.242937     16.678836     -4.029558
   158  H        0.000000     32.872712     17.411918     -1.194042
 ------------------------------------------------------

 TOTAL ENERGY:                        -261.825014277

 --------------------------------------------------------------------------------

 End time:                               Wed Jun 30 13:19:37 2021
 Total wall-clock time:                  1.009 seconds
==================================================================================
