
================================================================================
          _____________ ________ _______________ ________     _________         
         / ___________// ______ \\_____   _____// ______ \   / ________)        
        / /_________  / /      \ \     | |     / /      \ \ | (_______          
       |  __________|| |        | |    | |    | |        | | \________ \        
        \ \_________ | |        | |    | |     \ \______/ /___________) |       
         \__________||_|        |_|    |_|      \________//____________/        
                                                                                
====================================[ Qcore ]===================================

 Git hash:   ad9d0b24ea610736acb9cf13a2604964cd4d942e
 Git date:   Wed, 30 Jun 2021 12:42:56 +0100
 Compiler:   GNU 9.1.0
 Build type: Release
 Version:    1.4.1

 Start time: Wed Jun 30 13:19:45 2021

 Data directory: /home/of15641/.local/src/Qcore/release/share/entos/1.4.1/data
 Number of threads: 2
 Number of threads was determined by: command line argument
  - More threads can be used by running 'qcore -n 24'

 --------------------------------------------------------------------------------
                                   command: xtb                                  
 --------------------------------------------------------------------------------
 XTB basis setup:                        reference basis
 Number of basis functions:            244
 GFN version:                            chlorophyll
 Integral screening threshold:           1.00e-10
 Total charge:                           0.000000000
 Number of electrons:                  218.000000000
 Electronic temperature (Kelvin):        0.000000000

 D3BJ energy:                           -0.062532577
 Repulsive energy:                       1.521558710

 ****************************************************
  Running robust self-consistent charge (SCC) solver 
 ****************************************************
 Number of SCC trials:                   4
 Using the stop-early mechanism for the first 3 trials

 Conv. threshold (charge):               1.00e-05
 Conv. threshold (energy):               1.00e-06
 Initial guess:                          eeq

 -------------
  SCC Trial 1 
 -------------
 Broyden mixing factor:                  0.400000000
 Max number of iterations:             128

 ---------------------------------------------------------------
                  energy        change          grad        time
 ---------------------------------------------------------------
   0      -130.296901552                    6.61e-01        0.01
   1      -130.889098299     -5.92e-01      3.88e-01        0.01
   2      -130.898028848     -8.93e-03      1.03e-01        0.01
   3      -130.909488158     -1.15e-02      1.05e-02        0.01
   4      -130.910040667     -5.53e-04      5.71e-03        0.01
   5      -130.912305463     -2.26e-03      1.38e-03        0.01
   6      -130.912419067     -1.14e-04      4.09e-04        0.01
   7      -130.912426768     -7.70e-06      1.58e-04        0.01
   8      -130.912427558     -7.90e-07      4.48e-05        0.01
   9      -130.912427572     -1.42e-08      1.59e-05        0.01
  10      -130.912427573     -1.31e-09      4.94e-06        0.01
  11      -130.912427574     -1.80e-10      1.72e-06        0.01

 SCF converged in 10 iterations.

 Entropy contribution (-ST):             0.000000000
 Dipole moment (in Debye):              -2.230328      -1.798339      -2.912005

 ----------------
  Excitation 0 1 
 ----------------
 Setting up Delta-SCF
 Ground-Excited state overlap:          -0.000000000
 No correction applied to the TDM.
 Excitation energy:                      0.095288200
 Excitation energy (in eV):              2.592924008
 Transition dipole:                     -0.41857       3.20276       2.96137
 ------------------------------------------------------
           transition charges and positions           
           --------------------------------           
        atom     charge/e     x/bohr        y/bohr        z/bohr
 ------------------------------------------------------
     1  Mg       0.000008     59.587902      5.364555      4.526518
     2  C        0.020015     58.666245     12.015030      3.704959
     3  C       -0.017701     58.460945      4.713242     -1.788853
     4  C       -0.016142     59.542927     -0.570376      5.355559
     5  C        0.014889     58.518733      6.293544     10.958219
     6  N        0.000952     58.701753      8.152524      1.536102
     7  C        0.030431     58.514160     10.656052      1.447530
     8  C       -0.000141     58.283122     11.713373     -1.290532
     9  C       -0.000161     57.174420      9.265856     -2.653610
    10  C       -0.036513     58.228736      7.249443     -0.905141
    11  C       -0.004507     54.295913      9.124788     -2.603929
    12  C        0.002933     60.905722     12.487613     -2.420928
    13  C        0.000205     60.788200     14.096450     -4.823696
    14  H        0.000511     62.688206     16.047441     -5.204211
    15  N       -0.010727     59.987258      2.574846      2.077981
    16  C       -0.050691     59.467886      2.651701     -0.427683
    17  C       -0.092756     60.075641      0.110511     -1.418542
    18  C       -0.030519     60.649399     -1.553960      0.777207
    19  C       -0.040595     60.026546      0.091841      2.854394
    20  C       -0.001205     60.160830     -0.501873     -4.180830
    21  C       -0.005472     61.588215     -4.213503      0.972207
    22  O       -0.010688     61.540027     -5.444414      3.050604
    23  C       -0.000274     62.421660     -5.412856     -1.399909
    24  N        0.004968     58.694440      3.094786      7.626708
    25  C       -0.024636     58.939330      0.581525      7.516499
    26  C       -0.000360     58.713469     -0.590898     10.087320
    27  C        0.001001     58.719687      1.698486     12.053032
    28  C        0.047781     58.797373      3.920199     10.149795
    29  C       -0.002824     56.362934     -2.232711     10.526493
    30  C        0.003502     60.727596      1.616302     14.182262
    31  C        0.000487     63.339141      1.931451     13.065188
    32  N        0.001223     59.071289      8.590960      7.005801
    33  C        0.069578     58.610328      8.537669      9.614983
    34  C        0.058065     58.189694     11.170738     10.423578
    35  C        0.028898     58.405595     12.578716      8.208762
    36  C        0.039096     58.878802     10.924601      6.139191
    37  C        0.001622     57.575495     11.974042     12.914936
    38  C        0.007322     58.300394     15.091107      7.101704
    39  O        0.013551     58.135175     17.251385      7.953120
    40  C        0.000078     58.236144     14.804228      4.106847
    41  C        0.000218     60.147488     16.612223      3.029647
    42  O        0.000377     62.454504     16.297093      3.403586
    43  O        0.000054     59.004752     18.153465      1.371752
    44  C        0.000012     60.806870     19.958890      0.191675
    45  H       -0.000017     57.704053      4.231040     -3.646567
    46  H       -0.000088     59.716536     -2.586166      5.761473
    47  H        0.001383     58.332935      6.745188     12.962274
    48  H        0.001048     56.970613     13.287987     -1.495265
    49  H       -0.001158     57.933315      9.033817     -4.554051
    50  H       -0.000416     53.489681     10.608715     -1.424910
    51  H       -0.001187     53.849484      7.268586     -1.829727
    52  H       -0.000832     53.529176      9.140019     -4.516275
    53  H        0.000063     61.845313     10.812881     -3.165972
    54  H        0.000309     62.051406     13.456078     -1.007923
    55  H        0.000083     58.898644     14.860107     -5.127129
    56  H        0.000061     61.107998     12.863309     -6.442398
    57  H       -0.000016     59.348304      1.010361     -5.316707
    58  H       -0.011636     58.901006     -2.103133     -4.481259
    59  H       -0.009957     62.061837     -0.986097     -4.809542
    60  H       -0.000777     60.857250     -5.428427     -2.740349
    61  H        0.000005     63.187661     -7.248782     -0.869841
    62  H       -0.000815     63.900446     -4.255984     -2.248831
    63  H       -0.001999     60.314729     -1.822905     10.480931
    64  H        0.005343     56.928188      1.859415     13.057743
    65  H       -0.000243     56.797363     -4.161139     11.107394
    66  H       -0.000498     55.242553     -2.215931      8.798962
    67  H       -0.000286     55.021625     -1.473174     11.891895
    68  H        0.000138     60.690822     -0.210138     15.131698
    69  H        0.000382     60.455136      3.072355     15.613692
    70  H        0.000056     63.817015      0.020579     12.466429
    71  H        0.000118     64.657168      2.606915     14.498130
    72  H        0.000688     63.298191      3.113229     11.378211
    73  H        0.005841     58.726433     13.642046     13.282942
    74  H        0.000838     57.947072     10.489322     14.292830
    75  H        0.011598     55.565299     12.369429     12.703703
    76  H        0.000090     56.318922     15.258537      3.509259
    77  H       -0.000001     60.077115     21.854720      0.533073
    78  H        0.000013     61.036888     19.361113     -1.766289
    79  H        0.000006     62.666644     20.094195      1.069207
 ------------------------------------------------------


 -----------------
  Excitation -1 1 
 -----------------
 Setting up Delta-SCF
 Ground-Excited state overlap:           0.000000000
 No correction applied to the TDM.
 Excitation energy:                      0.102302397
 Excitation energy (in eV):              2.783790045
 Transition dipole:                      0.09873      -1.81725       1.86447
 ------------------------------------------------------
           transition charges and positions           
           --------------------------------           
        atom     charge/e     x/bohr        y/bohr        z/bohr
 ------------------------------------------------------
     1  Mg       0.001802     59.587902      5.364555      4.526518
     2  C       -0.085890     58.666245     12.015030      3.704959
     3  C       -0.067017     58.460945      4.713242     -1.788853
     4  C        0.067533     59.542927     -0.570376      5.355559
     5  C        0.053813     58.518733      6.293544     10.958219
     6  N       -0.113092     58.701753      8.152524      1.536102
     7  C       -0.010081     58.514160     10.656052      1.447530
     8  C        0.000210     58.283122     11.713373     -1.290532
     9  C       -0.001257     57.174420      9.265856     -2.653610
    10  C       -0.005266     58.228736      7.249443     -0.905141
    11  C       -0.000628     54.295913      9.124788     -2.603929
    12  C       -0.000799     60.905722     12.487613     -2.420928
    13  C       -0.000022     60.788200     14.096450     -4.823696
    14  H       -0.000077     62.688206     16.047441     -5.204211
    15  N        0.029363     59.987258      2.574846      2.077981
    16  C        0.007764     59.467886      2.651701     -0.427683
    17  C       -0.010905     60.075641      0.110511     -1.418542
    18  C        0.008364     60.649399     -1.553960      0.777207
    19  C       -0.007441     60.026546      0.091841      2.854394
    20  C       -0.000112     60.160830     -0.501873     -4.180830
    21  C        0.001143     61.588215     -4.213503      0.972207
    22  O        0.001899     61.540027     -5.444414      3.050604
    23  C        0.000358     62.421660     -5.412856     -1.399909
    24  N        0.118664     58.694440      3.094786      7.626708
    25  C        0.004891     58.939330      0.581525      7.516499
    26  C        0.001514     58.713469     -0.590898     10.087320
    27  C        0.000827     58.719687      1.698486     12.053032
    28  C        0.012636     58.797373      3.920199     10.149795
    29  C        0.000574     56.362934     -2.232711     10.526493
    30  C        0.000765     60.727596      1.616302     14.182262
    31  C       -0.000067     63.339141      1.931451     13.065188
    32  N       -0.015938     59.071289      8.590960      7.005801
    33  C       -0.000312     58.610328      8.537669      9.614983
    34  C        0.014843     58.189694     11.170738     10.423578
    35  C       -0.005251     58.405595     12.578716      8.208762
    36  C        0.010891     58.878802     10.924601      6.139191
    37  C        0.000546     57.575495     11.974042     12.914936
    38  C       -0.001518     58.300394     15.091107      7.101704
    39  O       -0.003851     58.135175     17.251385      7.953120
    40  C       -0.000559     58.236144     14.804228      4.106847
    41  C       -0.004150     60.147488     16.612223      3.029647
    42  O       -0.002229     62.454504     16.297093      3.403586
    43  O       -0.000509     59.004752     18.153465      1.371752
    44  C       -0.000241     60.806870     19.958890      0.191675
    45  H        0.000061     57.704053      4.231040     -3.646567
    46  H       -0.000025     59.716536     -2.586166      5.761473
    47  H        0.000437     58.332935      6.745188     12.962274
    48  H       -0.000246     56.970613     13.287987     -1.495265
    49  H       -0.000227     57.933315      9.033817     -4.554051
    50  H       -0.000340     53.489681     10.608715     -1.424910
    51  H       -0.000558     53.849484      7.268586     -1.829727
    52  H       -0.000207     53.529176      9.140019     -4.516275
    53  H       -0.000066     61.845313     10.812881     -3.165972
    54  H       -0.000171     62.051406     13.456078     -1.007923
    55  H       -0.000019     58.898644     14.860107     -5.127129
    56  H       -0.000018     61.107998     12.863309     -6.442398
    57  H       -0.000092     59.348304      1.010361     -5.316707
    58  H       -0.000121     58.901006     -2.103133     -4.481259
    59  H       -0.002020     62.061837     -0.986097     -4.809542
    60  H        0.000217     60.857250     -5.428427     -2.740349
    61  H        0.000020     63.187661     -7.248782     -0.869841
    62  H        0.000269     63.900446     -4.255984     -2.248831
    63  H        0.000054     60.314729     -1.822905     10.480931
    64  H        0.001548     56.928188      1.859415     13.057743
    65  H        0.000096     56.797363     -4.161139     11.107394
    66  H        0.000368     55.242553     -2.215931      8.798962
    67  H        0.000281     55.021625     -1.473174     11.891895
    68  H        0.000002     60.690822     -0.210138     15.131698
    69  H        0.000211     60.455136      3.072355     15.613692
    70  H        0.000023     63.817015      0.020579     12.466429
    71  H        0.000046     64.657168      2.606915     14.498130
    72  H        0.000147     63.298191      3.113229     11.378211
    73  H        0.002205     58.726433     13.642046     13.282942
    74  H       -0.000121     57.947072     10.489322     14.292830
    75  H        0.002725     55.565299     12.369429     12.703703
    76  H       -0.005423     56.318922     15.258537      3.509259
    77  H       -0.000039     60.077115     21.854720      0.533073
    78  H       -0.000093     61.036888     19.361113     -1.766289
    79  H       -0.000112     62.666644     20.094195      1.069207
 ------------------------------------------------------


 ----------------
  Excitation 0 2 
 ----------------
 Setting up Delta-SCF
 Ground-Excited state overlap:           0.000000000
 No correction applied to the TDM.
 Excitation energy:                      0.149820243
 Excitation energy (in eV):              4.076816507
 Transition dipole:                      0.01521      -1.44042       1.38206
 ------------------------------------------------------
           transition charges and positions           
           --------------------------------           
        atom     charge/e     x/bohr        y/bohr        z/bohr
 ------------------------------------------------------
     1  Mg       0.000998     59.587902      5.364555      4.526518
     2  C        0.010741     58.666245     12.015030      3.704959
     3  C        0.013926     58.460945      4.713242     -1.788853
     4  C       -0.009780     59.542927     -0.570376      5.355559
     5  C       -0.016183     58.518733      6.293544     10.958219
     6  N       -0.000199     58.701753      8.152524      1.536102
     7  C       -0.061190     58.514160     10.656052      1.447530
     8  C       -0.000436     58.283122     11.713373     -1.290532
     9  C       -0.000150     57.174420      9.265856     -2.653610
    10  C       -0.057624     58.228736      7.249443     -0.905141
    11  C       -0.004536     54.295913      9.124788     -2.603929
    12  C       -0.007066     60.905722     12.487613     -2.420928
    13  C       -0.000461     60.788200     14.096450     -4.823696
    14  H       -0.005135     62.688206     16.047441     -5.204211
    15  N       -0.026879     59.987258      2.574846      2.077981
    16  C       -0.024417     59.467886      2.651701     -0.427683
    17  C        0.000292     60.075641      0.110511     -1.418542
    18  C       -0.016892     60.649399     -1.553960      0.777207
    19  C        0.086179     60.026546      0.091841      2.854394
    20  C       -0.000309     60.160830     -0.501873     -4.180830
    21  C       -0.009221     61.588215     -4.213503      0.972207
    22  O       -0.013760     61.540027     -5.444414      3.050604
    23  C        0.000127     62.421660     -5.412856     -1.399909
    24  N       -0.002227     58.694440      3.094786      7.626708
    25  C        0.086875     58.939330      0.581525      7.516499
    26  C       -0.001068     58.713469     -0.590898     10.087320
    27  C       -0.000405     58.719687      1.698486     12.053032
    28  C        0.066780     58.797373      3.920199     10.149795
    29  C        0.009572     56.362934     -2.232711     10.526493
    30  C        0.004708     60.727596      1.616302     14.182262
    31  C        0.000693     63.339141      1.931451     13.065188
    32  N        0.004482     59.071289      8.590960      7.005801
    33  C        0.034328     58.610328      8.537669      9.614983
    34  C       -0.032056     58.189694     11.170738     10.423578
    35  C        0.002810     58.405595     12.578716      8.208762
    36  C       -0.034681     58.878802     10.924601      6.139191
    37  C       -0.000077     57.575495     11.974042     12.914936
    38  C       -0.001198     58.300394     15.091107      7.101704
    39  O       -0.001558     58.135175     17.251385      7.953120
    40  C       -0.000105     58.236144     14.804228      4.106847
    41  C        0.000308     60.147488     16.612223      3.029647
    42  O        0.000261     62.454504     16.297093      3.403586
    43  O        0.000077     59.004752     18.153465      1.371752
    44  C        0.000002     60.806870     19.958890      0.191675
    45  H        0.000229     57.704053      4.231040     -3.646567
    46  H       -0.000529     59.716536     -2.586166      5.761473
    47  H        0.001196     58.332935      6.745188     12.962274
    48  H       -0.001165     56.970613     13.287987     -1.495265
    49  H       -0.001303     57.933315      9.033817     -4.554051
    50  H       -0.000299     53.489681     10.608715     -1.424910
    51  H       -0.001036     53.849484      7.268586     -1.829727
    52  H       -0.000782     53.529176      9.140019     -4.516275
    53  H       -0.000218     61.845313     10.812881     -3.165972
    54  H       -0.000250     62.051406     13.456078     -1.007923
    55  H        0.000640     58.898644     14.860107     -5.127129
    56  H       -0.000337     61.107998     12.863309     -6.442398
    57  H        0.000096     59.348304      1.010361     -5.316707
    58  H       -0.000532     58.901006     -2.103133     -4.481259
    59  H        0.000503     62.061837     -0.986097     -4.809542
    60  H       -0.001260     60.857250     -5.428427     -2.740349
    61  H        0.000046     63.187661     -7.248782     -0.869841
    62  H       -0.001379     63.900446     -4.255984     -2.248831
    63  H        0.006524     60.314729     -1.822905     10.480931
    64  H        0.005046     56.928188      1.859415     13.057743
    65  H        0.001574     56.797363     -4.161139     11.107394
    66  H        0.002447     55.242553     -2.215931      8.798962
    67  H        0.002107     55.021625     -1.473174     11.891895
    68  H        0.000524     60.690822     -0.210138     15.131698
    69  H        0.000557     60.455136      3.072355     15.613692
    70  H        0.000205     63.817015      0.020579     12.466429
    71  H        0.000047     64.657168      2.606915     14.498130
    72  H        0.000661     63.298191      3.113229     11.378211
    73  H       -0.002409     58.726433     13.642046     13.282942
    74  H       -0.000427     57.947072     10.489322     14.292830
    75  H       -0.006114     55.565299     12.369429     12.703703
    76  H        0.000095     56.318922     15.258537      3.509259
    77  H       -0.000003     60.077115     21.854720      0.533073
    78  H        0.000004     61.036888     19.361113     -1.766289
    79  H       -0.000004     62.666644     20.094195      1.069207
 ------------------------------------------------------


 -----------------
  Excitation -1 2 
 -----------------
 Setting up Delta-SCF
 Ground-Excited state overlap:           0.000000000
 No correction applied to the TDM.
 Excitation energy:                      0.164102403
 Excitation energy (in eV):              4.465453871
 Transition dipole:                      0.21752      -1.25871      -1.31251
 ------------------------------------------------------
           transition charges and positions           
           --------------------------------           
        atom     charge/e     x/bohr        y/bohr        z/bohr
 ------------------------------------------------------
     1  Mg       0.006411     59.587902      5.364555      4.526518
     2  C       -0.047025     58.666245     12.015030      3.704959
     3  C        0.051734     58.460945      4.713242     -1.788853
     4  C        0.036078     59.542927     -0.570376      5.355559
     5  C       -0.059741     58.518733      6.293544     10.958219
     6  N        0.013807     58.701753      8.152524      1.536102
     7  C        0.020269     58.514160     10.656052      1.447530
     8  C       -0.001081     58.283122     11.713373     -1.290532
     9  C        0.000218     57.174420      9.265856     -2.653610
    10  C       -0.008034     58.228736      7.249443     -0.905141
    11  C       -0.000665     54.295913      9.124788     -2.603929
    12  C        0.001953     60.905722     12.487613     -2.420928
    13  C       -0.000159     60.788200     14.096450     -4.823696
    14  H        0.000743     62.688206     16.047441     -5.204211
    15  N        0.093652     59.987258      2.574846      2.077981
    16  C        0.002811     59.467886      2.651701     -0.427683
    17  C        0.000271     60.075641      0.110511     -1.418542
    18  C        0.004842     60.649399     -1.553960      0.777207
    19  C        0.015463     60.026546      0.091841      2.854394
    20  C        0.000374     60.160830     -0.501873     -4.180830
    21  C        0.002706     61.588215     -4.213503      0.972207
    22  O        0.002693     61.540027     -5.444414      3.050604
    23  C        0.000965     62.421660     -5.412856     -1.399909
    24  N       -0.044739     58.694440      3.094786      7.626708
    25  C       -0.016429     58.939330      0.581525      7.516499
    26  C        0.000891     58.713469     -0.590898     10.087320
    27  C       -0.000003     58.719687      1.698486     12.053032
    28  C        0.018442     58.797373      3.920199     10.149795
    29  C       -0.001206     56.362934     -2.232711     10.526493
    30  C        0.001073     60.727596      1.616302     14.182262
    31  C       -0.000188     63.339141      1.931451     13.065188
    32  N       -0.065517     59.071289      8.590960      7.005801
    33  C        0.000906     58.610328      8.537669      9.614983
    34  C       -0.008080     58.189694     11.170738     10.423578
    35  C       -0.000356     58.405595     12.578716      8.208762
    36  C       -0.009221     58.878802     10.924601      6.139191
    37  C       -0.000034     57.575495     11.974042     12.914936
    38  C        0.000160     58.300394     15.091107      7.101704
    39  O        0.000334     58.135175     17.251385      7.953120
    40  C        0.001205     58.236144     14.804228      4.106847
    41  C       -0.005751     60.147488     16.612223      3.029647
    42  O       -0.001644     62.454504     16.297093      3.403586
    43  O       -0.000791     59.004752     18.153465      1.371752
    44  C       -0.000343     60.806870     19.958890      0.191675
    45  H        0.000281     57.704053      4.231040     -3.646567
    46  H       -0.000126     59.716536     -2.586166      5.761473
    47  H        0.000358     58.332935      6.745188     12.962274
    48  H        0.000246     56.970613     13.287987     -1.495265
    49  H       -0.000234     57.933315      9.033817     -4.554051
    50  H       -0.000335     53.489681     10.608715     -1.424910
    51  H       -0.000384     53.849484      7.268586     -1.829727
    52  H       -0.000185     53.529176      9.140019     -4.516275
    53  H        0.000122     61.845313     10.812881     -3.165972
    54  H        0.000176     62.051406     13.456078     -1.007923
    55  H       -0.000183     58.898644     14.860107     -5.127129
    56  H        0.000103     61.107998     12.863309     -6.442398
    57  H        0.000201     59.348304      1.010361     -5.316707
    58  H        0.000006     58.901006     -2.103133     -4.481259
    59  H        0.000133     62.061837     -0.986097     -4.809542
    60  H        0.000407     60.857250     -5.428427     -2.740349
    61  H        0.000204     63.187661     -7.248782     -0.869841
    62  H        0.000466     63.900446     -4.255984     -2.248831
    63  H        0.000333     60.314729     -1.822905     10.480931
    64  H        0.001383     56.928188      1.859415     13.057743
    65  H       -0.000445     56.797363     -4.161139     11.107394
    66  H       -0.000596     55.242553     -2.215931      8.798962
    67  H       -0.000485     55.021625     -1.473174     11.891895
    68  H        0.000096     60.690822     -0.210138     15.131698
    69  H        0.000307     60.455136      3.072355     15.613692
    70  H        0.000044     63.817015      0.020579     12.466429
    71  H        0.000020     64.657168      2.606915     14.498130
    72  H        0.000172     63.298191      3.113229     11.378211
    73  H       -0.000921     58.726433     13.642046     13.282942
    74  H        0.000088     57.947072     10.489322     14.292830
    75  H       -0.001451     55.565299     12.369429     12.703703
    76  H       -0.006595     56.318922     15.258537      3.509259
    77  H       -0.000186     60.077115     21.854720      0.533073
    78  H       -0.000167     61.036888     19.361113     -1.766289
    79  H        0.000150     62.666644     20.094195      1.069207
 ------------------------------------------------------

 TOTAL ENERGY:                        -130.912427574

 --------------------------------------------------------------------------------

 End time:                               Wed Jun 30 13:19:45 2021
 Total wall-clock time:                  0.335 seconds
==================================================================================
