
================================================================================
          _____________ ________ _______________ ________     _________         
         / ___________// ______ \\_____   _____// ______ \   / ________)        
        / /_________  / /      \ \     | |     / /      \ \ | (_______          
       |  __________|| |        | |    | |    | |        | | \________ \        
        \ \_________ | |        | |    | |     \ \______/ /___________) |       
         \__________||_|        |_|    |_|      \________//____________/        
                                                                                
====================================[ Qcore ]===================================

 Git hash:   ad9d0b24ea610736acb9cf13a2604964cd4d942e
 Git date:   Wed, 30 Jun 2021 12:42:56 +0100
 Compiler:   GNU 9.1.0
 Build type: Release
 Version:    1.4.1

 Start time: Wed Jun 30 13:19:34 2021

 Data directory: /home/of15641/.local/src/Qcore/release/share/entos/1.4.1/data
 Number of threads: 2
 Number of threads was determined by: command line argument
  - More threads can be used by running 'qcore -n 24'

 --------------------------------------------------------------------------------
                                   command: xtb                                  
 --------------------------------------------------------------------------------
 XTB basis setup:                        reference basis
 Number of basis functions:            488
 GFN version:                            chlorophyll
 Integral screening threshold:           1.00e-10
 Total charge:                           0.000000000
 Number of electrons:                  436.000000000
 Electronic temperature (Kelvin):        0.000000000

 D3BJ energy:                           -0.125140418
 Repulsive energy:                       3.043121652

 ****************************************************
  Running robust self-consistent charge (SCC) solver 
 ****************************************************
 Number of SCC trials:                   4
 Using the stop-early mechanism for the first 3 trials

 Conv. threshold (charge):               1.00e-05
 Conv. threshold (energy):               1.00e-06
 Initial guess:                          eeq

 -------------
  SCC Trial 1 
 -------------
 Broyden mixing factor:                  0.400000000
 Max number of iterations:             128

 ---------------------------------------------------------------
                  energy        change          grad        time
 ---------------------------------------------------------------
   0      -260.594288235                    6.61e-01        0.05
   1      -261.778478425     -1.18e+00      3.88e-01        0.04
   2      -261.796399004     -1.79e-02      1.03e-01        0.04
   3      -261.819284732     -2.29e-02      1.04e-02        0.04
   4      -261.820387178     -1.10e-03      5.67e-03        0.04
   5      -261.824843436     -4.46e-03      1.38e-03        0.04
   6      -261.825068746     -2.25e-04      4.00e-04        0.04
   7      -261.825083091     -1.43e-05      1.56e-04        0.04
   8      -261.825084655     -1.56e-06      4.47e-05        0.04
   9      -261.825084683     -2.85e-08      1.58e-05        0.04
  10      -261.825084686     -2.51e-09      4.98e-06        0.04
  11      -261.825084686     -3.09e-10      2.03e-06        0.04

 SCF converged in 10 iterations.

 Entropy contribution (-ST):             0.000000000
 Dipole moment (in Debye):              -5.581745       0.802820       3.004887

 ----------------
  Excitation 0 1 
 ----------------
 Setting up Delta-SCF
 Ground-Excited state overlap:          -0.000000000
 No correction applied to the TDM.
 Excitation energy:                      0.059176776
 Excitation energy (in eV):              1.610282118
 Transition dipole:                     -0.00001      -0.00046       0.00023
 ------------------------------------------------------
           transition charges and positions           
           --------------------------------           
        atom     charge/e     x/bohr        y/bohr        z/bohr
 ------------------------------------------------------
     1  Mg       0.000000      0.000000      0.000000      0.000000
     2  C        0.000007     -0.410071     -4.191413      5.293123
     3  C        0.000002     -2.371606      4.614711      3.828585
     4  C       -0.000005     -0.462983      3.495993     -4.845258
     5  C       -0.000001      0.275900     -5.336587     -3.849372
     6  N        0.000008     -1.165961     -0.017008      4.017558
     7  C        0.000003     -1.122497     -1.715871      5.867600
     8  C       -0.000000     -1.768784     -0.583925      8.507547
     9  C        0.000000     -3.350484      1.821696      7.619376
    10  C       -0.000004     -2.182634      2.207200      5.026671
    11  C       -0.000000     -6.166176      1.294462      7.300012
    12  C        0.000000      0.651956      0.207870     10.013659
    13  C        0.000000      0.234326      0.750221     12.825571
    14  H        0.000000      2.207200      0.062361     14.613252
    15  N       -0.000003     -0.349599      3.705753     -0.287238
    16  C       -0.000005     -1.328477      5.291233      1.468317
    17  C       -0.000009     -1.171630      7.853702      0.364717
    18  C       -0.000003     -0.353379      7.587250     -2.314915
    19  C       -0.000004     -0.404401      4.881163     -2.607822
    20  C       -0.000000     -1.676187     10.215859      1.840593
    21  C       -0.000001      0.342040      9.473197     -4.302906
    22  O       -0.000001      0.572587      8.862816     -6.629159
    23  C       -0.000000      0.585815     12.120703     -3.471427
    24  N       -0.000007     -0.500777     -0.780457     -3.834254
    25  C       -0.000002     -0.527234      1.075254     -5.550126
    26  C       -0.000000     -0.370386      0.045353     -8.186294
    27  C        0.000000      0.234326     -2.896950     -7.899055
    28  C        0.000004      0.162516     -3.084033     -4.979428
    29  C       -0.000000     -2.741993      0.387394     -9.820907
    30  C        0.000000      2.594594     -3.911733     -9.303122
    31  C        0.000000      4.962421     -2.815692     -8.137161
    32  N        0.000001      0.283459     -4.051573      0.572587
    33  C        0.000006      0.326923     -5.926181     -1.300132
    34  C        0.000006      0.326923     -8.386605      0.007559
    35  C        0.000003      0.251334     -7.768664      2.566248
    36  C        0.000004      0.156847     -5.092812      2.838369
    37  C        0.000000      0.281569    -10.799785     -1.177299
    38  C        0.000001      0.181414     -8.747542      5.132496
    39  O        0.000001      0.393063    -10.860256      6.086808
    40  C        0.000000     -0.481880     -6.477981      6.993876
    41  C        0.000000      1.354934     -6.580026      9.161392
    42  O        0.000000      3.649061     -6.151059      8.823131
    43  O        0.000000      0.071810     -6.719866     11.344026
    44  C        0.000000      1.782012     -6.770889     13.573903
    45  H       -0.000000     -3.513001      6.084918      4.718646
    46  H       -0.000000     -0.411960      4.635498     -6.564909
    47  H        0.000000      0.521564     -7.080804     -4.922737
    48  H        0.000000     -2.936634     -1.793350      9.698074
    49  H       -0.000000     -2.995216      3.460089      8.815572
    50  H       -0.000000     -6.583806     -0.712427      7.500323
    51  H       -0.000000     -6.634828      1.940749      5.400837
    52  H       -0.000000     -7.279225      2.458534      8.585026
    53  H        0.000000      1.264227      2.071140      9.384380
    54  H        0.000000      2.135391     -1.207535      9.805789
    55  H        0.000000     -1.594929      0.049133     13.464299
    56  H        0.000000      0.117163      2.791125     13.078795
    57  H        0.000000     -2.539792      9.800120      3.662289
    58  H       -0.000001     -3.119938     11.268437      0.816362
    59  H       -0.000001      0.013228     11.376151      2.048463
    60  H       -0.000000     -1.199976     12.744313     -2.655065
    61  H       -0.000000      1.256668     13.171391     -5.109819
    62  H       -0.000000      1.980433     12.218969     -1.957756
    63  H       -0.000000      1.148953      0.946753     -9.242650
    64  H        0.000000     -1.307690     -4.074250     -8.592585
    65  H       -0.000000     -2.394283      1.398397    -11.582131
    66  H       -0.000000     -4.164956      1.349264     -8.685181
    67  H       -0.000000     -3.717091     -1.360603    -10.304677
    68  H        0.000000      2.562469     -3.324028    -11.275996
    69  H        0.000000      2.743882     -5.965865     -9.263437
    70  H        0.000000      5.128717     -0.986437     -9.066906
    71  H        0.000000      6.589475     -4.008109     -8.558570
    72  H        0.000000      4.714867     -2.462313     -6.122713
    73  H        0.000001      1.638393    -11.967636     -0.158737
    74  H        0.000000      0.763449    -10.661835     -3.174740
    75  H        0.000001     -1.683746    -11.336467     -0.874943
    76  H        0.000000     -2.424519     -6.767109      7.611817
    77  H        0.000000      1.319029     -8.462194     14.654826
    78  H        0.000000      1.574142     -4.949193     14.513097
    79  H        0.000000      3.779452     -7.094032     13.182729
    80  Mg       0.000000     29.793951      2.682277      2.263249
    81  C       -0.000000     30.169761     -0.989139     -3.405305
    82  C        0.000000     28.384367     -2.785532      5.376819
    83  C        0.000000     28.610945      5.992340      7.116803
    84  C       -0.000000     29.108472      8.001497     -1.558911
    85  N       -0.000000     29.387282     -1.267420      0.946054
    86  C       -0.000000     29.691150     -2.441299     -1.254022
    87  C       -0.000000     29.594831     -5.375742     -1.034701
    88  C       -0.000000     27.990472     -5.610559      1.504694
    89  C        0.000000     28.678200     -3.101607      2.715801
    90  C        0.000000     25.142636     -5.679383      1.065144
    91  C       -0.000000     32.285461     -6.568499     -0.729567
    92  C       -0.000000     32.417836     -9.432965     -1.120400
    93  H       -0.000000     34.651643    -10.503910     -2.313837
    94  N       -0.000000     29.570359      1.710448      5.860872
    95  C        0.000001     29.005935     -0.608322      6.787518
    96  C        0.000001     29.076233     -0.363716      9.570310
    97  C        0.000001     29.374375      2.366239     10.186266
    98  C        0.000000     29.144452      3.485241      7.715185
    99  C        0.000000     28.962226     -2.578588     11.329267
   100  C        0.000000     29.779306      3.748895     12.618722
   101  O        0.000000     29.549421      6.148054     12.787115
   102  C        0.000000     30.294804      2.184259     14.865096
   103  N       -0.000000     28.560735      6.398726      2.741426
   104  C        0.000000     28.305546      7.401471      5.047496
   105  C        0.000000     27.926770     10.207526      4.916330
   106  C       -0.000000     28.436372     10.986017      2.045874
   107  C       -0.000001     28.894139      8.317667      0.934677
   108  C        0.000000     25.313505     11.170228      5.727269
   109  C       -0.000000     30.448307     13.058726      1.568284
   110  C        0.000000     33.038592     12.075860      2.269561
   111  N       -0.000000     29.988990      3.485789     -1.754176
   112  C       -0.000001     29.599971      5.828048     -2.931286
   113  C       -0.000001     29.725978      5.391105     -5.680271
   114  C       -0.000000     30.151109      2.802804     -5.913463
   115  C       -0.000001     30.232935      1.685182     -3.466551
   116  C       -0.000000     29.351188      7.247591     -7.588781
   117  C       -0.000000     30.508891      0.713863     -7.661913
   118  O       -0.000000     30.793881      0.535397     -9.965395
   119  C       -0.000000     30.305632     -1.860076     -6.116250
   120  C       -0.000000     32.502987     -3.495219     -6.878036
   121  O       -0.000000     34.713192     -2.882645     -6.329260
   122  O       -0.000000     31.638078     -5.722544     -7.727090
   123  C       -0.000000     33.724978     -7.455744     -8.462364
   124  H        0.000000     27.495836     -4.294025      6.468344
   125  H        0.000000     28.397803      7.239900      8.746654
   126  H       -0.000000     29.071074      9.597692     -2.864863
   127  H       -0.000000     28.610850     -6.320548     -2.578418
   128  H       -0.000000     28.635549     -7.173797      2.680123
   129  H        0.000000     24.676025     -5.309469     -0.906558
   130  H        0.000000     24.363275     -4.207135      2.277290
   131  H        0.000000     24.340334     -7.452777      1.740854
   132  H       -0.000000     32.857594     -6.457402      1.246029
   133  H       -0.000000     33.637843     -5.646785     -1.982039
   134  H       -0.000000     30.706651    -10.150796     -2.016054
   135  H       -0.000000     32.444368    -10.336367      0.730625
   136  H        0.000000     28.430004     -4.303738     10.340411
   137  H        0.000000     27.405318     -2.232655     12.632252
   138  H        0.000000     30.713190     -2.819471     12.387419
   139  H        0.000000     28.720625      0.890307     15.168435
   140  H       -0.000000     30.701058      3.501625     16.394111
   141  H        0.000000     31.947067      1.009889     14.495390
   142  H        0.000000     29.266188     11.191582      6.130593
   143  H       -0.000000     26.740022     11.711615      1.128979
   144  H        0.000000     25.378039     12.553205      7.253090
   145  H       -0.000000     24.170051      9.540982      6.254464
   146  H       -0.000000     24.185792     11.988668      4.211103
   147  H       -0.000000     30.081265     14.700557      2.754994
   148  H       -0.000000     30.506567     13.700118     -0.388395
   149  H       -0.000000     33.116014     12.392692      4.302264
   150  H       -0.000000     34.503092     13.152664      1.298733
   151  H       -0.000000     33.182476     10.044650      1.957038
   152  H       -0.000000     30.816350      6.926980     -9.000444
   153  H       -0.000000     29.463381      9.151811     -6.812671
   154  H       -0.000000     27.452203      6.764672     -8.223219
   155  H       -0.000000     28.498468     -2.710396     -6.616630
   156  H        0.000000     33.390478     -8.012855    -10.417096
   157  H       -0.000000     33.778401     -8.944584     -7.039570
   158  H       -0.000000     35.599152     -6.612095     -8.613712
 ------------------------------------------------------


 -----------------
  Excitation -1 1 
 -----------------
 Setting up Delta-SCF
 Ground-Excited state overlap:          -0.000000000
 No correction applied to the TDM.
 Excitation energy:                      0.096664854
 Excitation energy (in eV):              2.630384679
 Transition dipole:                     -0.46921       4.35107      -0.22789
 ------------------------------------------------------
           transition charges and positions           
           --------------------------------           
        atom     charge/e     x/bohr        y/bohr        z/bohr
 ------------------------------------------------------
     1  Mg      -0.000007      0.000000      0.000000      0.000000
     2  C       -0.020037     -0.410071     -4.191413      5.293123
     3  C        0.017667     -2.371606      4.614711      3.828585
     4  C        0.016124     -0.462983      3.495993     -4.845258
     5  C       -0.014957      0.275900     -5.336587     -3.849372
     6  N       -0.001022     -1.165961     -0.017008      4.017558
     7  C       -0.030359     -1.122497     -1.715871      5.867600
     8  C        0.000142     -1.768784     -0.583925      8.507547
     9  C        0.000163     -3.350484      1.821696      7.619376
    10  C        0.036585     -2.182634      2.207200      5.026671
    11  C        0.004514     -6.166176      1.294462      7.300012
    12  C       -0.002928      0.651956      0.207870     10.013659
    13  C       -0.000205      0.234326      0.750221     12.825571
    14  H       -0.000510      2.207200      0.062361     14.613252
    15  N        0.010733     -0.349599      3.705753     -0.287238
    16  C        0.050739     -1.328477      5.291233      1.468317
    17  C        0.092712     -1.171630      7.853702      0.364717
    18  C        0.030499     -0.353379      7.587250     -2.314915
    19  C        0.040636     -0.404401      4.881163     -2.607822
    20  C        0.001209     -1.676187     10.215859      1.840593
    21  C        0.005457      0.342040      9.473197     -4.302906
    22  O        0.010673      0.572587      8.862816     -6.629159
    23  C        0.000274      0.585815     12.120703     -3.471427
    24  N       -0.005076     -0.500777     -0.780457     -3.834254
    25  C        0.024688     -0.527234      1.075254     -5.550126
    26  C        0.000361     -0.370386      0.045353     -8.186294
    27  C       -0.001004      0.234326     -2.896950     -7.899055
    28  C       -0.047718      0.162516     -3.084033     -4.979428
    29  C        0.002829     -2.741993      0.387394     -9.820907
    30  C       -0.003499      2.594594     -3.911733     -9.303122
    31  C       -0.000486      4.962421     -2.815692     -8.137161
    32  N       -0.001215      0.283459     -4.051573      0.572587
    33  C       -0.069502      0.326923     -5.926181     -1.300132
    34  C       -0.058121      0.326923     -8.386605      0.007559
    35  C       -0.028906      0.251334     -7.768664      2.566248
    36  C       -0.039055      0.156847     -5.092812      2.838369
    37  C       -0.001620      0.281569    -10.799785     -1.177299
    38  C       -0.007342      0.181414     -8.747542      5.132496
    39  O       -0.013565      0.393063    -10.860256      6.086808
    40  C       -0.000078     -0.481880     -6.477981      6.993876
    41  C       -0.000218      1.354934     -6.580026      9.161392
    42  O       -0.000377      3.649061     -6.151059      8.823131
    43  O       -0.000054      0.071810     -6.719866     11.344026
    44  C       -0.000012      1.782012     -6.770889     13.573903
    45  H        0.000017     -3.513001      6.084918      4.718646
    46  H        0.000089     -0.411960      4.635498     -6.564909
    47  H       -0.001382      0.521564     -7.080804     -4.922737
    48  H       -0.001045     -2.936634     -1.793350      9.698074
    49  H        0.001161     -2.995216      3.460089      8.815572
    50  H        0.000416     -6.583806     -0.712427      7.500323
    51  H        0.001186     -6.634828      1.940749      5.400837
    52  H        0.000833     -7.279225      2.458534      8.585026
    53  H       -0.000063      1.264227      2.071140      9.384380
    54  H       -0.000309      2.135391     -1.207535      9.805789
    55  H       -0.000083     -1.594929      0.049133     13.464299
    56  H       -0.000061      0.117163      2.791125     13.078795
    57  H        0.000016     -2.539792      9.800120      3.662289
    58  H        0.011637     -3.119938     11.268437      0.816362
    59  H        0.009956      0.013228     11.376151      2.048463
    60  H        0.000775     -1.199976     12.744313     -2.655065
    61  H       -0.000005      1.256668     13.171391     -5.109819
    62  H        0.000813      1.980433     12.218969     -1.957756
    63  H        0.002005      1.148953      0.946753     -9.242650
    64  H       -0.005341     -1.307690     -4.074250     -8.592585
    65  H        0.000243     -2.394283      1.398397    -11.582131
    66  H        0.000497     -4.164956      1.349264     -8.685181
    67  H        0.000286     -3.717091     -1.360603    -10.304677
    68  H       -0.000138      2.562469     -3.324028    -11.275996
    69  H       -0.000381      2.743882     -5.965865     -9.263437
    70  H       -0.000056      5.128717     -0.986437     -9.066906
    71  H       -0.000118      6.589475     -4.008109     -8.558570
    72  H       -0.000688      4.714867     -2.462313     -6.122713
    73  H       -0.005843      1.638393    -11.967636     -0.158737
    74  H       -0.000839      0.763449    -10.661835     -3.174740
    75  H       -0.011605     -1.683746    -11.336467     -0.874943
    76  H       -0.000090     -2.424519     -6.767109      7.611817
    77  H        0.000001      1.319029     -8.462194     14.654826
    78  H       -0.000014      1.574142     -4.949193     14.513097
    79  H       -0.000006      3.779452     -7.094032     13.182729
    80  Mg       0.000000     29.793951      2.682277      2.263249
    81  C        0.000000     30.169761     -0.989139     -3.405305
    82  C        0.000000     28.384367     -2.785532      5.376819
    83  C       -0.000000     28.610945      5.992340      7.116803
    84  C       -0.000000     29.108472      8.001497     -1.558911
    85  N        0.000000     29.387282     -1.267420      0.946054
    86  C       -0.000000     29.691150     -2.441299     -1.254022
    87  C       -0.000000     29.594831     -5.375742     -1.034701
    88  C        0.000000     27.990472     -5.610559      1.504694
    89  C        0.000000     28.678200     -3.101607      2.715801
    90  C        0.000000     25.142636     -5.679383      1.065144
    91  C       -0.000000     32.285461     -6.568499     -0.729567
    92  C       -0.000000     32.417836     -9.432965     -1.120400
    93  H       -0.000000     34.651643    -10.503910     -2.313837
    94  N        0.000000     29.570359      1.710448      5.860872
    95  C        0.000000     29.005935     -0.608322      6.787518
    96  C        0.000000     29.076233     -0.363716      9.570310
    97  C        0.000000     29.374375      2.366239     10.186266
    98  C        0.000000     29.144452      3.485241      7.715185
    99  C        0.000000     28.962226     -2.578588     11.329267
   100  C        0.000000     29.779306      3.748895     12.618722
   101  O        0.000000     29.549421      6.148054     12.787115
   102  C        0.000000     30.294804      2.184259     14.865096
   103  N       -0.000000     28.560735      6.398726      2.741426
   104  C        0.000000     28.305546      7.401471      5.047496
   105  C       -0.000000     27.926770     10.207526      4.916330
   106  C       -0.000000     28.436372     10.986017      2.045874
   107  C       -0.000000     28.894139      8.317667      0.934677
   108  C        0.000000     25.313505     11.170228      5.727269
   109  C       -0.000000     30.448307     13.058726      1.568284
   110  C        0.000000     33.038592     12.075860      2.269561
   111  N        0.000000     29.988990      3.485789     -1.754176
   112  C       -0.000000     29.599971      5.828048     -2.931286
   113  C       -0.000000     29.725978      5.391105     -5.680271
   114  C       -0.000000     30.151109      2.802804     -5.913463
   115  C       -0.000000     30.232935      1.685182     -3.466551
   116  C       -0.000000     29.351188      7.247591     -7.588781
   117  C       -0.000000     30.508891      0.713863     -7.661913
   118  O       -0.000000     30.793881      0.535397     -9.965395
   119  C        0.000000     30.305632     -1.860076     -6.116250
   120  C        0.000000     32.502987     -3.495219     -6.878036
   121  O        0.000000     34.713192     -2.882645     -6.329260
   122  O        0.000000     31.638078     -5.722544     -7.727090
   123  C        0.000000     33.724978     -7.455744     -8.462364
   124  H       -0.000000     27.495836     -4.294025      6.468344
   125  H        0.000000     28.397803      7.239900      8.746654
   126  H       -0.000000     29.071074      9.597692     -2.864863
   127  H       -0.000000     28.610850     -6.320548     -2.578418
   128  H        0.000000     28.635549     -7.173797      2.680123
   129  H        0.000000     24.676025     -5.309469     -0.906558
   130  H        0.000000     24.363275     -4.207135      2.277290
   131  H        0.000000     24.340334     -7.452777      1.740854
   132  H        0.000000     32.857594     -6.457402      1.246029
   133  H       -0.000000     33.637843     -5.646785     -1.982039
   134  H       -0.000000     30.706651    -10.150796     -2.016054
   135  H       -0.000000     32.444368    -10.336367      0.730625
   136  H        0.000000     28.430004     -4.303738     10.340411
   137  H        0.000000     27.405318     -2.232655     12.632252
   138  H        0.000000     30.713190     -2.819471     12.387419
   139  H        0.000000     28.720625      0.890307     15.168435
   140  H       -0.000000     30.701058      3.501625     16.394111
   141  H        0.000000     31.947067      1.009889     14.495390
   142  H        0.000000     29.266188     11.191582      6.130593
   143  H       -0.000000     26.740022     11.711615      1.128979
   144  H        0.000000     25.378039     12.553205      7.253090
   145  H       -0.000000     24.170051      9.540982      6.254464
   146  H       -0.000000     24.185792     11.988668      4.211103
   147  H       -0.000000     30.081265     14.700557      2.754994
   148  H       -0.000000     30.506567     13.700118     -0.388395
   149  H       -0.000000     33.116014     12.392692      4.302264
   150  H       -0.000000     34.503092     13.152664      1.298733
   151  H       -0.000000     33.182476     10.044650      1.957038
   152  H       -0.000000     30.816350      6.926980     -9.000444
   153  H       -0.000000     29.463381      9.151811     -6.812671
   154  H       -0.000000     27.452203      6.764672     -8.223219
   155  H        0.000000     28.498468     -2.710396     -6.616630
   156  H        0.000000     33.390478     -8.012855    -10.417096
   157  H        0.000000     33.778401     -8.944584     -7.039570
   158  H        0.000000     35.599152     -6.612095     -8.613712
 ------------------------------------------------------


 ----------------
  Excitation 0 2 
 ----------------
 Setting up Delta-SCF
 Ground-Excited state overlap:           0.000000000
 No correction applied to the TDM.
 Excitation energy:                      0.096673549
 Excitation energy (in eV):              2.630621290
 Transition dipole:                     -0.30032      -1.25395       4.18870
 ------------------------------------------------------
           transition charges and positions           
           --------------------------------           
        atom     charge/e     x/bohr        y/bohr        z/bohr
 ------------------------------------------------------
     1  Mg       0.000000      0.000000      0.000000      0.000000
     2  C       -0.000000     -0.410071     -4.191413      5.293123
     3  C       -0.000000     -2.371606      4.614711      3.828585
     4  C        0.000000     -0.462983      3.495993     -4.845258
     5  C        0.000000      0.275900     -5.336587     -3.849372
     6  N       -0.000000     -1.165961     -0.017008      4.017558
     7  C       -0.000000     -1.122497     -1.715871      5.867600
     8  C        0.000000     -1.768784     -0.583925      8.507547
     9  C        0.000000     -3.350484      1.821696      7.619376
    10  C        0.000000     -2.182634      2.207200      5.026671
    11  C        0.000000     -6.166176      1.294462      7.300012
    12  C       -0.000000      0.651956      0.207870     10.013659
    13  C       -0.000000      0.234326      0.750221     12.825571
    14  H       -0.000000      2.207200      0.062361     14.613252
    15  N        0.000000     -0.349599      3.705753     -0.287238
    16  C        0.000000     -1.328477      5.291233      1.468317
    17  C        0.000000     -1.171630      7.853702      0.364717
    18  C        0.000000     -0.353379      7.587250     -2.314915
    19  C        0.000000     -0.404401      4.881163     -2.607822
    20  C        0.000000     -1.676187     10.215859      1.840593
    21  C        0.000000      0.342040      9.473197     -4.302906
    22  O        0.000000      0.572587      8.862816     -6.629159
    23  C        0.000000      0.585815     12.120703     -3.471427
    24  N        0.000000     -0.500777     -0.780457     -3.834254
    25  C        0.000000     -0.527234      1.075254     -5.550126
    26  C        0.000000     -0.370386      0.045353     -8.186294
    27  C       -0.000000      0.234326     -2.896950     -7.899055
    28  C       -0.000000      0.162516     -3.084033     -4.979428
    29  C        0.000000     -2.741993      0.387394     -9.820907
    30  C       -0.000000      2.594594     -3.911733     -9.303122
    31  C        0.000000      4.962421     -2.815692     -8.137161
    32  N        0.000000      0.283459     -4.051573      0.572587
    33  C       -0.000000      0.326923     -5.926181     -1.300132
    34  C       -0.000000      0.326923     -8.386605      0.007559
    35  C       -0.000000      0.251334     -7.768664      2.566248
    36  C       -0.000000      0.156847     -5.092812      2.838369
    37  C       -0.000000      0.281569    -10.799785     -1.177299
    38  C       -0.000000      0.181414     -8.747542      5.132496
    39  O       -0.000000      0.393063    -10.860256      6.086808
    40  C        0.000000     -0.481880     -6.477981      6.993876
    41  C       -0.000000      1.354934     -6.580026      9.161392
    42  O       -0.000000      3.649061     -6.151059      8.823131
    43  O       -0.000000      0.071810     -6.719866     11.344026
    44  C        0.000000      1.782012     -6.770889     13.573903
    45  H        0.000000     -3.513001      6.084918      4.718646
    46  H        0.000000     -0.411960      4.635498     -6.564909
    47  H       -0.000000      0.521564     -7.080804     -4.922737
    48  H       -0.000000     -2.936634     -1.793350      9.698074
    49  H        0.000000     -2.995216      3.460089      8.815572
    50  H        0.000000     -6.583806     -0.712427      7.500323
    51  H        0.000000     -6.634828      1.940749      5.400837
    52  H        0.000000     -7.279225      2.458534      8.585026
    53  H       -0.000000      1.264227      2.071140      9.384380
    54  H        0.000000      2.135391     -1.207535      9.805789
    55  H       -0.000000     -1.594929      0.049133     13.464299
    56  H       -0.000000      0.117163      2.791125     13.078795
    57  H       -0.000000     -2.539792      9.800120      3.662289
    58  H        0.000000     -3.119938     11.268437      0.816362
    59  H        0.000000      0.013228     11.376151      2.048463
    60  H        0.000000     -1.199976     12.744313     -2.655065
    61  H        0.000000      1.256668     13.171391     -5.109819
    62  H        0.000000      1.980433     12.218969     -1.957756
    63  H        0.000000      1.148953      0.946753     -9.242650
    64  H       -0.000000     -1.307690     -4.074250     -8.592585
    65  H        0.000000     -2.394283      1.398397    -11.582131
    66  H        0.000000     -4.164956      1.349264     -8.685181
    67  H        0.000000     -3.717091     -1.360603    -10.304677
    68  H        0.000000      2.562469     -3.324028    -11.275996
    69  H       -0.000000      2.743882     -5.965865     -9.263437
    70  H       -0.000000      5.128717     -0.986437     -9.066906
    71  H        0.000000      6.589475     -4.008109     -8.558570
    72  H       -0.000000      4.714867     -2.462313     -6.122713
    73  H       -0.000000      1.638393    -11.967636     -0.158737
    74  H       -0.000000      0.763449    -10.661835     -3.174740
    75  H       -0.000000     -1.683746    -11.336467     -0.874943
    76  H        0.000000     -2.424519     -6.767109      7.611817
    77  H        0.000000      1.319029     -8.462194     14.654826
    78  H       -0.000000      1.574142     -4.949193     14.513097
    79  H       -0.000000      3.779452     -7.094032     13.182729
    80  Mg      -0.000009     29.793951      2.682277      2.263249
    81  C       -0.020136     30.169761     -0.989139     -3.405305
    82  C        0.017784     28.384367     -2.785532      5.376819
    83  C        0.016018     28.610945      5.992340      7.116803
    84  C       -0.014858     29.108472      8.001497     -1.558911
    85  N       -0.001056     29.387282     -1.267420      0.946054
    86  C       -0.030374     29.691150     -2.441299     -1.254022
    87  C        0.000141     29.594831     -5.375742     -1.034701
    88  C        0.000166     27.990472     -5.610559      1.504694
    89  C        0.036584     28.678200     -3.101607      2.715801
    90  C        0.004516     25.142636     -5.679383      1.065144
    91  C       -0.002929     32.285461     -6.568499     -0.729567
    92  C       -0.000205     32.417836     -9.432965     -1.120400
    93  H       -0.000510     34.651643    -10.503910     -2.313837
    94  N        0.010686     29.570359      1.710448      5.860872
    95  C        0.050682     29.005935     -0.608322      6.787518
    96  C        0.092860     29.076233     -0.363716      9.570310
    97  C        0.030437     29.374375      2.366239     10.186266
    98  C        0.040643     29.144452      3.485241      7.715185
    99  C        0.001213     28.962226     -2.578588     11.329267
   100  C        0.005470     29.779306      3.748895     12.618722
   101  O        0.010668     29.549421      6.148054     12.787115
   102  C        0.000273     30.294804      2.184259     14.865096
   103  N       -0.005065     28.560735      6.398726      2.741426
   104  C        0.024653     28.305546      7.401471      5.047496
   105  C        0.000357     27.926770     10.207526      4.916330
   106  C       -0.000995     28.436372     10.986017      2.045874
   107  C       -0.047717     28.894139      8.317667      0.934677
   108  C        0.002825     25.313505     11.170228      5.727269
   109  C       -0.003495     30.448307     13.058726      1.568284
   110  C       -0.000487     33.038592     12.075860      2.269561
   111  N       -0.001243     29.988990      3.485789     -1.754176
   112  C       -0.069537     29.599971      5.828048     -2.931286
   113  C       -0.058061     29.725978      5.391105     -5.680271
   114  C       -0.028927     30.151109      2.802804     -5.913463
   115  C       -0.039031     30.232935      1.685182     -3.466551
   116  C       -0.001616     29.351188      7.247591     -7.588781
   117  C       -0.007340     30.508891      0.713863     -7.661913
   118  O       -0.013568     30.793881      0.535397     -9.965395
   119  C       -0.000079     30.305632     -1.860076     -6.116250
   120  C       -0.000222     32.502987     -3.495219     -6.878036
   121  O       -0.000379     34.713192     -2.882645     -6.329260
   122  O       -0.000055     31.638078     -5.722544     -7.727090
   123  C       -0.000012     33.724978     -7.455744     -8.462364
   124  H        0.000017     27.495836     -4.294025      6.468344
   125  H        0.000088     28.397803      7.239900      8.746654
   126  H       -0.001380     29.071074      9.597692     -2.864863
   127  H       -0.001046     28.610850     -6.320548     -2.578418
   128  H        0.001162     28.635549     -7.173797      2.680123
   129  H        0.000415     24.676025     -5.309469     -0.906558
   130  H        0.001182     24.363275     -4.207135      2.277290
   131  H        0.000832     24.340334     -7.452777      1.740854
   132  H       -0.000063     32.857594     -6.457402      1.246029
   133  H       -0.000308     33.637843     -5.646785     -1.982039
   134  H       -0.000083     30.706651    -10.150796     -2.016054
   135  H       -0.000061     32.444368    -10.336367      0.730625
   136  H        0.000016     28.430004     -4.303738     10.340411
   137  H        0.011658     27.405318     -2.232655     12.632252
   138  H        0.009974     30.713190     -2.819471     12.387419
   139  H        0.000776     28.720625      0.890307     15.168435
   140  H       -0.000005     30.701058      3.501625     16.394111
   141  H        0.000814     31.947067      1.009889     14.495390
   142  H        0.001997     29.266188     11.191582      6.130593
   143  H       -0.005326     26.740022     11.711615      1.128979
   144  H        0.000244     25.378039     12.553205      7.253090
   145  H        0.000499     24.170051      9.540982      6.254464
   146  H        0.000286     24.185792     11.988668      4.211103
   147  H       -0.000139     30.081265     14.700557      2.754994
   148  H       -0.000383     30.506567     13.700118     -0.388395
   149  H       -0.000056     33.116014     12.392692      4.302264
   150  H       -0.000117     34.503092     13.152664      1.298733
   151  H       -0.000690     33.182476     10.044650      1.957038
   152  H       -0.005835     30.816350      6.926980     -9.000444
   153  H       -0.000838     29.463381      9.151811     -6.812671
   154  H       -0.011590     27.452203      6.764672     -8.223219
   155  H       -0.000095     28.498468     -2.710396     -6.616630
   156  H        0.000001     33.390478     -8.012855    -10.417096
   157  H       -0.000014     33.778401     -8.944584     -7.039570
   158  H       -0.000006     35.599152     -6.612095     -8.613712
 ------------------------------------------------------


 -----------------
  Excitation -1 2 
 -----------------
 Setting up Delta-SCF
 Ground-Excited state overlap:          -0.000000000
 No correction applied to the TDM.
 Excitation energy:                      0.063088606
 Excitation energy (in eV):              1.716728432
 Transition dipole:                      0.00003      -0.00033       0.00038
 ------------------------------------------------------
           transition charges and positions           
           --------------------------------           
        atom     charge/e     x/bohr        y/bohr        z/bohr
 ------------------------------------------------------
     1  Mg       0.000000      0.000000      0.000000      0.000000
     2  C        0.000000     -0.410071     -4.191413      5.293123
     3  C       -0.000000     -2.371606      4.614711      3.828585
     4  C       -0.000000     -0.462983      3.495993     -4.845258
     5  C        0.000000      0.275900     -5.336587     -3.849372
     6  N        0.000000     -1.165961     -0.017008      4.017558
     7  C        0.000001     -1.122497     -1.715871      5.867600
     8  C       -0.000000     -1.768784     -0.583925      8.507547
     9  C       -0.000000     -3.350484      1.821696      7.619376
    10  C       -0.000001     -2.182634      2.207200      5.026671
    11  C       -0.000000     -6.166176      1.294462      7.300012
    12  C        0.000000      0.651956      0.207870     10.013659
    13  C        0.000000      0.234326      0.750221     12.825571
    14  H        0.000000      2.207200      0.062361     14.613252
    15  N       -0.000001     -0.349599      3.705753     -0.287238
    16  C       -0.000001     -1.328477      5.291233      1.468317
    17  C       -0.000002     -1.171630      7.853702      0.364717
    18  C       -0.000001     -0.353379      7.587250     -2.314915
    19  C       -0.000001     -0.404401      4.881163     -2.607822
    20  C       -0.000000     -1.676187     10.215859      1.840593
    21  C       -0.000000      0.342040      9.473197     -4.302906
    22  O       -0.000000      0.572587      8.862816     -6.629159
    23  C       -0.000000      0.585815     12.120703     -3.471427
    24  N        0.000000     -0.500777     -0.780457     -3.834254
    25  C       -0.000000     -0.527234      1.075254     -5.550126
    26  C       -0.000000     -0.370386      0.045353     -8.186294
    27  C        0.000000      0.234326     -2.896950     -7.899055
    28  C        0.000000      0.162516     -3.084033     -4.979428
    29  C       -0.000000     -2.741993      0.387394     -9.820907
    30  C        0.000000      2.594594     -3.911733     -9.303122
    31  C        0.000000      4.962421     -2.815692     -8.137161
    32  N       -0.000000      0.283459     -4.051573      0.572587
    33  C        0.000001      0.326923     -5.926181     -1.300132
    34  C        0.000001      0.326923     -8.386605      0.007559
    35  C        0.000001      0.251334     -7.768664      2.566248
    36  C        0.000000      0.156847     -5.092812      2.838369
    37  C        0.000000      0.281569    -10.799785     -1.177299
    38  C        0.000000      0.181414     -8.747542      5.132496
    39  O        0.000000      0.393063    -10.860256      6.086808
    40  C       -0.000000     -0.481880     -6.477981      6.993876
    41  C        0.000000      1.354934     -6.580026      9.161392
    42  O        0.000000      3.649061     -6.151059      8.823131
    43  O        0.000000      0.071810     -6.719866     11.344026
    44  C       -0.000000      1.782012     -6.770889     13.573903
    45  H        0.000000     -3.513001      6.084918      4.718646
    46  H       -0.000000     -0.411960      4.635498     -6.564909
    47  H        0.000000      0.521564     -7.080804     -4.922737
    48  H        0.000000     -2.936634     -1.793350      9.698074
    49  H       -0.000000     -2.995216      3.460089      8.815572
    50  H       -0.000000     -6.583806     -0.712427      7.500323
    51  H       -0.000000     -6.634828      1.940749      5.400837
    52  H       -0.000000     -7.279225      2.458534      8.585026
    53  H        0.000000      1.264227      2.071140      9.384380
    54  H       -0.000000      2.135391     -1.207535      9.805789
    55  H        0.000000     -1.594929      0.049133     13.464299
    56  H        0.000000      0.117163      2.791125     13.078795
    57  H       -0.000000     -2.539792      9.800120      3.662289
    58  H       -0.000000     -3.119938     11.268437      0.816362
    59  H       -0.000000      0.013228     11.376151      2.048463
    60  H       -0.000000     -1.199976     12.744313     -2.655065
    61  H        0.000000      1.256668     13.171391     -5.109819
    62  H       -0.000000      1.980433     12.218969     -1.957756
    63  H       -0.000000      1.148953      0.946753     -9.242650
    64  H        0.000000     -1.307690     -4.074250     -8.592585
    65  H       -0.000000     -2.394283      1.398397    -11.582131
    66  H       -0.000000     -4.164956      1.349264     -8.685181
    67  H       -0.000000     -3.717091     -1.360603    -10.304677
    68  H        0.000000      2.562469     -3.324028    -11.275996
    69  H        0.000000      2.743882     -5.965865     -9.263437
    70  H        0.000000      5.128717     -0.986437     -9.066906
    71  H        0.000000      6.589475     -4.008109     -8.558570
    72  H        0.000000      4.714867     -2.462313     -6.122713
    73  H        0.000000      1.638393    -11.967636     -0.158737
    74  H        0.000000      0.763449    -10.661835     -3.174740
    75  H        0.000000     -1.683746    -11.336467     -0.874943
    76  H       -0.000000     -2.424519     -6.767109      7.611817
    77  H        0.000000      1.319029     -8.462194     14.654826
    78  H        0.000000      1.574142     -4.949193     14.513097
    79  H        0.000000      3.779452     -7.094032     13.182729
    80  Mg       0.000000     29.793951      2.682277      2.263249
    81  C        0.000003     30.169761     -0.989139     -3.405305
    82  C        0.000005     28.384367     -2.785532      5.376819
    83  C       -0.000002     28.610945      5.992340      7.116803
    84  C       -0.000004     29.108472      8.001497     -1.558911
    85  N        0.000007     29.387282     -1.267420      0.946054
    86  C       -0.000003     29.691150     -2.441299     -1.254022
    87  C        0.000000     29.594831     -5.375742     -1.034701
    88  C        0.000000     27.990472     -5.610559      1.504694
    89  C        0.000004     28.678200     -3.101607      2.715801
    90  C        0.000001     25.142636     -5.679383      1.065144
    91  C       -0.000000     32.285461     -6.568499     -0.729567
    92  C       -0.000000     32.417836     -9.432965     -1.120400
    93  H       -0.000000     34.651643    -10.503910     -2.313837
    94  N       -0.000001     29.570359      1.710448      5.860872
    95  C        0.000005     29.005935     -0.608322      6.787518
    96  C        0.000009     29.076233     -0.363716      9.570310
    97  C        0.000003     29.374375      2.366239     10.186266
    98  C        0.000004     29.144452      3.485241      7.715185
    99  C        0.000000     28.962226     -2.578588     11.329267
   100  C        0.000001     29.779306      3.748895     12.618722
   101  O        0.000001     29.549421      6.148054     12.787115
   102  C        0.000000     30.294804      2.184259     14.865096
   103  N       -0.000008     28.560735      6.398726      2.741426
   104  C        0.000002     28.305546      7.401471      5.047496
   105  C       -0.000000     27.926770     10.207526      4.916330
   106  C       -0.000000     28.436372     10.986017      2.045874
   107  C       -0.000005     28.894139      8.317667      0.934677
   108  C        0.000000     25.313505     11.170228      5.727269
   109  C       -0.000000     30.448307     13.058726      1.568284
   110  C       -0.000000     33.038592     12.075860      2.269561
   111  N        0.000001     29.988990      3.485789     -1.754176
   112  C       -0.000007     29.599971      5.828048     -2.931286
   113  C       -0.000006     29.725978      5.391105     -5.680271
   114  C       -0.000003     30.151109      2.802804     -5.913463
   115  C       -0.000004     30.232935      1.685182     -3.466551
   116  C       -0.000000     29.351188      7.247591     -7.588781
   117  C       -0.000001     30.508891      0.713863     -7.661913
   118  O       -0.000001     30.793881      0.535397     -9.965395
   119  C        0.000000     30.305632     -1.860076     -6.116250
   120  C        0.000000     32.502987     -3.495219     -6.878036
   121  O        0.000000     34.713192     -2.882645     -6.329260
   122  O        0.000000     31.638078     -5.722544     -7.727090
   123  C        0.000000     33.724978     -7.455744     -8.462364
   124  H       -0.000000     27.495836     -4.294025      6.468344
   125  H        0.000000     28.397803      7.239900      8.746654
   126  H       -0.000000     29.071074      9.597692     -2.864863
   127  H       -0.000000     28.610850     -6.320548     -2.578418
   128  H        0.000000     28.635549     -7.173797      2.680123
   129  H        0.000000     24.676025     -5.309469     -0.906558
   130  H        0.000000     24.363275     -4.207135      2.277290
   131  H        0.000000     24.340334     -7.452777      1.740854
   132  H       -0.000000     32.857594     -6.457402      1.246029
   133  H       -0.000000     33.637843     -5.646785     -1.982039
   134  H       -0.000000     30.706651    -10.150796     -2.016054
   135  H       -0.000000     32.444368    -10.336367      0.730625
   136  H        0.000000     28.430004     -4.303738     10.340411
   137  H        0.000001     27.405318     -2.232655     12.632252
   138  H        0.000001     30.713190     -2.819471     12.387419
   139  H        0.000000     28.720625      0.890307     15.168435
   140  H       -0.000000     30.701058      3.501625     16.394111
   141  H        0.000000     31.947067      1.009889     14.495390
   142  H        0.000000     29.266188     11.191582      6.130593
   143  H       -0.000001     26.740022     11.711615      1.128979
   144  H        0.000000     25.378039     12.553205      7.253090
   145  H        0.000000     24.170051      9.540982      6.254464
   146  H        0.000000     24.185792     11.988668      4.211103
   147  H       -0.000000     30.081265     14.700557      2.754994
   148  H       -0.000000     30.506567     13.700118     -0.388395
   149  H       -0.000000     33.116014     12.392692      4.302264
   150  H       -0.000000     34.503092     13.152664      1.298733
   151  H       -0.000000     33.182476     10.044650      1.957038
   152  H       -0.000001     30.816350      6.926980     -9.000444
   153  H       -0.000000     29.463381      9.151811     -6.812671
   154  H       -0.000001     27.452203      6.764672     -8.223219
   155  H        0.000000     28.498468     -2.710396     -6.616630
   156  H        0.000000     33.390478     -8.012855    -10.417096
   157  H        0.000000     33.778401     -8.944584     -7.039570
   158  H        0.000000     35.599152     -6.612095     -8.613712
 ------------------------------------------------------

 TOTAL ENERGY:                        -261.825084686

 --------------------------------------------------------------------------------

 End time:                               Wed Jun 30 13:19:36 2021
 Total wall-clock time:                  1.167 seconds
==================================================================================
