
================================================================================
          _____________ ________ _______________ ________     _________         
         / ___________// ______ \\_____   _____// ______ \   / ________)        
        / /_________  / /      \ \     | |     / /      \ \ | (_______          
       |  __________|| |        | |    | |    | |        | | \________ \        
        \ \_________ | |        | |    | |     \ \______/ /___________) |       
         \__________||_|        |_|    |_|      \________//____________/        
                                                                                
====================================[ Qcore ]===================================

 Git hash:   ad9d0b24ea610736acb9cf13a2604964cd4d942e
 Git date:   Wed, 30 Jun 2021 12:42:56 +0100
 Compiler:   GNU 9.1.0
 Build type: Release
 Version:    1.4.1

 Start time: Wed Jun 30 13:19:41 2021

 Data directory: /home/of15641/.local/src/Qcore/release/share/entos/1.4.1/data
 Number of threads: 2
 Number of threads was determined by: command line argument
  - More threads can be used by running 'qcore -n 24'

 --------------------------------------------------------------------------------
                                   command: xtb                                  
 --------------------------------------------------------------------------------
 XTB basis setup:                        reference basis
 Number of basis functions:            244
 GFN version:                            chlorophyll
 Integral screening threshold:           1.00e-10
 Total charge:                           0.000000000
 Number of electrons:                  218.000000000
 Electronic temperature (Kelvin):        0.000000000

 D3BJ energy:                           -0.062532573
 Repulsive energy:                       1.521562259

 ****************************************************
  Running robust self-consistent charge (SCC) solver 
 ****************************************************
 Number of SCC trials:                   4
 Using the stop-early mechanism for the first 3 trials

 Conv. threshold (charge):               1.00e-05
 Conv. threshold (energy):               1.00e-06
 Initial guess:                          eeq

 -------------
  SCC Trial 1 
 -------------
 Broyden mixing factor:                  0.400000000
 Max number of iterations:             128

 ---------------------------------------------------------------
                  energy        change          grad        time
 ---------------------------------------------------------------
   0      -130.296902111                    6.61e-01        0.01
   1      -130.889099955     -5.92e-01      3.88e-01        0.01
   2      -130.898031383     -8.93e-03      1.03e-01        0.01
   3      -130.909490787     -1.15e-02      1.05e-02        0.01
   4      -130.910043109     -5.52e-04      5.71e-03        0.01
   5      -130.912307014     -2.26e-03      1.38e-03        0.01
   6      -130.912420641     -1.14e-04      4.09e-04        0.01
   7      -130.912428341     -7.70e-06      1.58e-04        0.01
   8      -130.912429131     -7.90e-07      4.48e-05        0.01
   9      -130.912429146     -1.42e-08      1.59e-05        0.01
  10      -130.912429147     -1.31e-09      4.94e-06        0.01
  11      -130.912429147     -1.80e-10      1.72e-06        0.01

 SCF converged in 10 iterations.

 Entropy contribution (-ST):             0.000000000
 Dipole moment (in Debye):              -2.455496       0.894405      -3.139908

 ----------------
  Excitation 0 1 
 ----------------
 Setting up Delta-SCF
 Ground-Excited state overlap:          -0.000000000
 No correction applied to the TDM.
 Excitation energy:                      0.095288137
 Excitation energy (in eV):              2.592922310
 Transition dipole:                     -0.21145      -0.28452       4.36773
 ------------------------------------------------------
           transition charges and positions           
           --------------------------------           
        atom     charge/e     x/bohr        y/bohr        z/bohr
 ------------------------------------------------------
     1  Mg       0.000008     29.793951      2.682277      2.263249
     2  C        0.020016     28.625968      7.442422      6.924807
     3  C       -0.017701     28.076398      7.018972     -2.188851
     4  C       -0.016143     29.982489     -1.718630     -1.799907
     5  C        0.014888     29.330628     -1.768519      7.095298
     6  N        0.000954     28.550209      6.665121      2.564283
     7  C        0.030432     28.290504      8.302039      4.452081
     8  C       -0.000141     27.767598     11.054463      3.547110
     9  C       -0.000161     26.595212     10.449959      0.838283
    10  C       -0.036512     27.865845      7.925474      0.341190
    11  C       -0.004507     23.739722     10.059428      0.880726
    12  C        0.002933     30.247278     12.653077      3.321269
    13  C        0.000205     29.855670     15.507641      3.050169
    14  H        0.000511     31.658903     17.209547      4.238901
    15  N       -0.010728     30.025424      2.832737     -1.459795
    16  C       -0.050690     29.263467      4.759143     -2.963903
    17  C       -0.092759     29.837396      3.966100     -5.581249
    18  C       -0.030517     30.664265      1.277020     -5.503204
    19  C       -0.040596     30.203833      0.666790     -2.890374
    20  C       -0.001205     29.669758      5.708258     -7.805967
    21  C       -0.005472     31.685737     -0.471865     -7.475624
    22  O       -0.010688     31.871252     -2.852938     -7.110605
    23  C       -0.000274     32.315583      0.667036     -9.938618
    24  N        0.004967     29.264393     -1.219232      2.506646
    25  C       -0.024636     29.562082     -2.704330      0.483184
    26  C       -0.000360     29.617111     -5.442940      1.212392
    27  C        0.001001     29.755155     -5.502334      4.226146
    28  C        0.047779     29.590503     -2.625453      4.736901
    29  C       -0.002824     27.363367     -7.035205      0.318665
    30  C        0.003502     31.961732     -7.006897      5.425914
    31  C        0.000487     34.443528     -5.710393      4.853951
    32  N        0.001224     29.437568      2.774118      6.348346
    33  C        0.069577     29.233591      0.693567      7.977082
    34  C        0.058066     28.825769      1.701925     10.542366
    35  C        0.028896     28.789316      4.315303     10.220943
    36  C        0.039099     29.101820      4.900759      7.612743
    37  C        0.001622     28.435862      0.240524     12.765365
    38  C        0.007322     28.512490      6.747891     11.467803
    39  O        0.013550     28.375145      7.447184     13.683923
    40  C        0.000078     28.165234      8.861304      9.353918
    41  C        0.000218     29.915782     11.008959      9.990831
    42  O        0.000377     32.255546     10.732775      9.887482
    43  O        0.000054     28.578215     13.154743     10.181485
    44  C        0.000012     30.210163     15.369804     10.755868
    45  H       -0.000017     27.155421      8.071682     -3.705469
    46  H       -0.000088     30.246541     -3.291657     -3.109166
    47  H        0.001383     29.328682     -3.039133      8.720198
    48  H        0.001048     26.401326     12.089391      4.689979
    49  H       -0.001158     27.171748     11.832445     -0.575119
    50  H       -0.000416     23.013803     10.019989      2.807793
    51  H       -0.001187     23.418488      8.247899     -0.046279
    52  H       -0.000832     22.790815     11.468351     -0.285368
    53  H        0.000063     31.152910     12.250395      1.515636
    54  H        0.000309     31.499410     12.285620      4.916349
    55  H        0.000083     27.926562     16.051938      3.527571
    56  H        0.000061     30.048460     15.999347      1.059154
    57  H       -0.000016     28.712159      7.464758     -7.321253
    58  H       -0.011635     28.428378      4.809599     -9.181745
    59  H       -0.009957     31.512600      6.058254     -8.657459
    60  H       -0.000777     30.629361      1.544133    -10.733418
    61  H        0.000005     33.176448     -0.833313    -11.054936
    62  H       -0.000815     33.674693      2.187264     -9.642743
    63  H       -0.001998     31.280202     -6.379545      0.441894
    64  H        0.005342     28.066118     -6.336006      5.060970
    65  H       -0.000243     27.901636     -8.663506     -0.823202
    66  H       -0.000498     26.080526     -5.799626     -0.714562
    67  H       -0.000286     26.141810     -7.725654      1.825797
    68  H        0.000138     32.064325     -8.896793      4.615713
    69  H        0.000382     31.792129     -7.209173      7.468859
    70  H        0.000056     34.910045     -6.417226      2.977528
    71  H        0.000118     35.876602     -6.263025      6.227876
    72  H        0.000688     34.208578     -3.669319      4.702262
    73  H        0.005841     29.573741      1.119625     14.240050
    74  H        0.000838     28.977533     -1.724772     12.473440
    75  H        0.011599     26.405124      0.469654     13.021328
    76  H        0.000090     26.187995      9.433116      9.407151
    77  H       -0.000001     29.468427     16.241856     12.468375
    78  H        0.000014     30.264342     16.516471      9.045287
    79  H        0.000006     32.142257     14.951211     11.338111
 ------------------------------------------------------


 -----------------
  Excitation -1 1 
 -----------------
 Setting up Delta-SCF
 Ground-Excited state overlap:           0.000000000
 No correction applied to the TDM.
 Excitation energy:                      0.102301846
 Excitation energy (in eV):              2.783775037
 Transition dipole:                      0.32601      -2.57476      -0.22978
 ------------------------------------------------------
           transition charges and positions           
           --------------------------------           
        atom     charge/e     x/bohr        y/bohr        z/bohr
 ------------------------------------------------------
     1  Mg       0.001802     29.793951      2.682277      2.263249
     2  C       -0.085886     28.625968      7.442422      6.924807
     3  C       -0.067019     28.076398      7.018972     -2.188851
     4  C        0.067535     29.982489     -1.718630     -1.799907
     5  C        0.053813     29.330628     -1.768519      7.095298
     6  N       -0.113094     28.550209      6.665121      2.564283
     7  C       -0.010081     28.290504      8.302039      4.452081
     8  C        0.000210     27.767598     11.054463      3.547110
     9  C       -0.001257     26.595212     10.449959      0.838283
    10  C       -0.005266     27.865845      7.925474      0.341190
    11  C       -0.000628     23.739722     10.059428      0.880726
    12  C       -0.000799     30.247278     12.653077      3.321269
    13  C       -0.000022     29.855670     15.507641      3.050169
    14  H       -0.000077     31.658903     17.209547      4.238901
    15  N        0.029363     30.025424      2.832737     -1.459795
    16  C        0.007763     29.263467      4.759143     -2.963903
    17  C       -0.010908     29.837396      3.966100     -5.581249
    18  C        0.008364     30.664265      1.277020     -5.503204
    19  C       -0.007442     30.203833      0.666790     -2.890374
    20  C       -0.000112     29.669758      5.708258     -7.805967
    21  C        0.001143     31.685737     -0.471865     -7.475624
    22  O        0.001899     31.871252     -2.852938     -7.110605
    23  C        0.000358     32.315583      0.667036     -9.938618
    24  N        0.118664     29.264393     -1.219232      2.506646
    25  C        0.004890     29.562082     -2.704330      0.483184
    26  C        0.001515     29.617111     -5.442940      1.212392
    27  C        0.000827     29.755155     -5.502334      4.226146
    28  C        0.012636     29.590503     -2.625453      4.736901
    29  C        0.000574     27.363367     -7.035205      0.318665
    30  C        0.000765     31.961732     -7.006897      5.425914
    31  C       -0.000067     34.443528     -5.710393      4.853951
    32  N       -0.015937     29.437568      2.774118      6.348346
    33  C       -0.000312     29.233591      0.693567      7.977082
    34  C        0.014842     28.825769      1.701925     10.542366
    35  C       -0.005251     28.789316      4.315303     10.220943
    36  C        0.010892     29.101820      4.900759      7.612743
    37  C        0.000546     28.435862      0.240524     12.765365
    38  C       -0.001518     28.512490      6.747891     11.467803
    39  O       -0.003851     28.375145      7.447184     13.683923
    40  C       -0.000559     28.165234      8.861304      9.353918
    41  C       -0.004150     29.915782     11.008959      9.990831
    42  O       -0.002229     32.255546     10.732775      9.887482
    43  O       -0.000509     28.578215     13.154743     10.181485
    44  C       -0.000241     30.210163     15.369804     10.755868
    45  H        0.000061     27.155421      8.071682     -3.705469
    46  H       -0.000025     30.246541     -3.291657     -3.109166
    47  H        0.000438     29.328682     -3.039133      8.720198
    48  H       -0.000246     26.401326     12.089391      4.689979
    49  H       -0.000227     27.171748     11.832445     -0.575119
    50  H       -0.000340     23.013803     10.019989      2.807793
    51  H       -0.000558     23.418488      8.247899     -0.046279
    52  H       -0.000207     22.790815     11.468351     -0.285368
    53  H       -0.000066     31.152910     12.250395      1.515636
    54  H       -0.000171     31.499410     12.285620      4.916349
    55  H       -0.000019     27.926562     16.051938      3.527571
    56  H       -0.000018     30.048460     15.999347      1.059154
    57  H       -0.000092     28.712159      7.464758     -7.321253
    58  H       -0.000122     28.428378      4.809599     -9.181745
    59  H       -0.002020     31.512600      6.058254     -8.657459
    60  H        0.000217     30.629361      1.544133    -10.733418
    61  H        0.000020     33.176448     -0.833313    -11.054936
    62  H        0.000269     33.674693      2.187264     -9.642743
    63  H        0.000054     31.280202     -6.379545      0.441894
    64  H        0.001548     28.066118     -6.336006      5.060970
    65  H        0.000096     27.901636     -8.663506     -0.823202
    66  H        0.000368     26.080526     -5.799626     -0.714562
    67  H        0.000281     26.141810     -7.725654      1.825797
    68  H        0.000002     32.064325     -8.896793      4.615713
    69  H        0.000211     31.792129     -7.209173      7.468859
    70  H        0.000023     34.910045     -6.417226      2.977528
    71  H        0.000046     35.876602     -6.263025      6.227876
    72  H        0.000147     34.208578     -3.669319      4.702262
    73  H        0.002205     29.573741      1.119625     14.240050
    74  H       -0.000121     28.977533     -1.724772     12.473440
    75  H        0.002725     26.405124      0.469654     13.021328
    76  H       -0.005423     26.187995      9.433116      9.407151
    77  H       -0.000039     29.468427     16.241856     12.468375
    78  H       -0.000093     30.264342     16.516471      9.045287
    79  H       -0.000112     32.142257     14.951211     11.338111
 ------------------------------------------------------


 ----------------
  Excitation 0 2 
 ----------------
 Setting up Delta-SCF
 Ground-Excited state overlap:           0.000000000
 No correction applied to the TDM.
 Excitation energy:                      0.149820868
 Excitation energy (in eV):              4.076833494
 Transition dipole:                      0.18638      -1.97297      -0.24012
 ------------------------------------------------------
           transition charges and positions           
           --------------------------------           
        atom     charge/e     x/bohr        y/bohr        z/bohr
 ------------------------------------------------------
     1  Mg       0.000998     29.793951      2.682277      2.263249
     2  C        0.010742     28.625968      7.442422      6.924807
     3  C        0.013925     28.076398      7.018972     -2.188851
     4  C       -0.009780     29.982489     -1.718630     -1.799907
     5  C       -0.016181     29.330628     -1.768519      7.095298
     6  N       -0.000199     28.550209      6.665121      2.564283
     7  C       -0.061190     28.290504      8.302039      4.452081
     8  C       -0.000436     27.767598     11.054463      3.547110
     9  C       -0.000150     26.595212     10.449959      0.838283
    10  C       -0.057623     27.865845      7.925474      0.341190
    11  C       -0.004535     23.739722     10.059428      0.880726
    12  C       -0.007067     30.247278     12.653077      3.321269
    13  C       -0.000461     29.855670     15.507641      3.050169
    14  H       -0.005136     31.658903     17.209547      4.238901
    15  N       -0.026881     30.025424      2.832737     -1.459795
    16  C       -0.024416     29.263467      4.759143     -2.963903
    17  C        0.000292     29.837396      3.966100     -5.581249
    18  C       -0.016891     30.664265      1.277020     -5.503204
    19  C        0.086179     30.203833      0.666790     -2.890374
    20  C       -0.000309     29.669758      5.708258     -7.805967
    21  C       -0.009221     31.685737     -0.471865     -7.475624
    22  O       -0.013760     31.871252     -2.852938     -7.110605
    23  C        0.000127     32.315583      0.667036     -9.938618
    24  N       -0.002227     29.264393     -1.219232      2.506646
    25  C        0.086871     29.562082     -2.704330      0.483184
    26  C       -0.001068     29.617111     -5.442940      1.212392
    27  C       -0.000405     29.755155     -5.502334      4.226146
    28  C        0.066779     29.590503     -2.625453      4.736901
    29  C        0.009571     27.363367     -7.035205      0.318665
    30  C        0.004707     31.961732     -7.006897      5.425914
    31  C        0.000693     34.443528     -5.710393      4.853951
    32  N        0.004484     29.437568      2.774118      6.348346
    33  C        0.034329     29.233591      0.693567      7.977082
    34  C       -0.032054     28.825769      1.701925     10.542366
    35  C        0.002811     28.789316      4.315303     10.220943
    36  C       -0.034682     29.101820      4.900759      7.612743
    37  C       -0.000077     28.435862      0.240524     12.765365
    38  C       -0.001198     28.512490      6.747891     11.467803
    39  O       -0.001557     28.375145      7.447184     13.683923
    40  C       -0.000105     28.165234      8.861304      9.353918
    41  C        0.000309     29.915782     11.008959      9.990831
    42  O        0.000261     32.255546     10.732775      9.887482
    43  O        0.000077     28.578215     13.154743     10.181485
    44  C        0.000002     30.210163     15.369804     10.755868
    45  H        0.000229     27.155421      8.071682     -3.705469
    46  H       -0.000529     30.246541     -3.291657     -3.109166
    47  H        0.001196     29.328682     -3.039133      8.720198
    48  H       -0.001165     26.401326     12.089391      4.689979
    49  H       -0.001303     27.171748     11.832445     -0.575119
    50  H       -0.000299     23.013803     10.019989      2.807793
    51  H       -0.001036     23.418488      8.247899     -0.046279
    52  H       -0.000782     22.790815     11.468351     -0.285368
    53  H       -0.000218     31.152910     12.250395      1.515636
    54  H       -0.000250     31.499410     12.285620      4.916349
    55  H        0.000640     27.926562     16.051938      3.527571
    56  H       -0.000337     30.048460     15.999347      1.059154
    57  H        0.000096     28.712159      7.464758     -7.321253
    58  H       -0.000532     28.428378      4.809599     -9.181745
    59  H        0.000503     31.512600      6.058254     -8.657459
    60  H       -0.001260     30.629361      1.544133    -10.733418
    61  H        0.000046     33.176448     -0.833313    -11.054936
    62  H       -0.001379     33.674693      2.187264     -9.642743
    63  H        0.006523     31.280202     -6.379545      0.441894
    64  H        0.005045     28.066118     -6.336006      5.060970
    65  H        0.001574     27.901636     -8.663506     -0.823202
    66  H        0.002447     26.080526     -5.799626     -0.714562
    67  H        0.002107     26.141810     -7.725654      1.825797
    68  H        0.000524     32.064325     -8.896793      4.615713
    69  H        0.000557     31.792129     -7.209173      7.468859
    70  H        0.000205     34.910045     -6.417226      2.977528
    71  H        0.000047     35.876602     -6.263025      6.227876
    72  H        0.000661     34.208578     -3.669319      4.702262
    73  H       -0.002409     29.573741      1.119625     14.240050
    74  H       -0.000427     28.977533     -1.724772     12.473440
    75  H       -0.006114     26.405124      0.469654     13.021328
    76  H        0.000095     26.187995      9.433116      9.407151
    77  H       -0.000003     29.468427     16.241856     12.468375
    78  H        0.000004     30.264342     16.516471      9.045287
    79  H       -0.000004     32.142257     14.951211     11.338111
 ------------------------------------------------------


 -----------------
  Excitation -1 2 
 -----------------
 Setting up Delta-SCF
 Ground-Excited state overlap:           0.000000000
 No correction applied to the TDM.
 Excitation energy:                      0.164102878
 Excitation energy (in eV):              4.465466805
 Transition dipole:                      0.12141       0.23088      -1.81279
 ------------------------------------------------------
           transition charges and positions           
           --------------------------------           
        atom     charge/e     x/bohr        y/bohr        z/bohr
 ------------------------------------------------------
     1  Mg       0.006412     29.793951      2.682277      2.263249
     2  C       -0.047025     28.625968      7.442422      6.924807
     3  C        0.051734     28.076398      7.018972     -2.188851
     4  C        0.036077     29.982489     -1.718630     -1.799907
     5  C       -0.059741     29.330628     -1.768519      7.095298
     6  N        0.013807     28.550209      6.665121      2.564283
     7  C        0.020268     28.290504      8.302039      4.452081
     8  C       -0.001081     27.767598     11.054463      3.547110
     9  C        0.000218     26.595212     10.449959      0.838283
    10  C       -0.008035     27.865845      7.925474      0.341190
    11  C       -0.000665     23.739722     10.059428      0.880726
    12  C        0.001954     30.247278     12.653077      3.321269
    13  C       -0.000159     29.855670     15.507641      3.050169
    14  H        0.000744     31.658903     17.209547      4.238901
    15  N        0.093649     30.025424      2.832737     -1.459795
    16  C        0.002811     29.263467      4.759143     -2.963903
    17  C        0.000271     29.837396      3.966100     -5.581249
    18  C        0.004841     30.664265      1.277020     -5.503204
    19  C        0.015464     30.203833      0.666790     -2.890374
    20  C        0.000374     29.669758      5.708258     -7.805967
    21  C        0.002706     31.685737     -0.471865     -7.475624
    22  O        0.002693     31.871252     -2.852938     -7.110605
    23  C        0.000965     32.315583      0.667036     -9.938618
    24  N       -0.044738     29.264393     -1.219232      2.506646
    25  C       -0.016427     29.562082     -2.704330      0.483184
    26  C        0.000891     29.617111     -5.442940      1.212392
    27  C       -0.000003     29.755155     -5.502334      4.226146
    28  C        0.018442     29.590503     -2.625453      4.736901
    29  C       -0.001206     27.363367     -7.035205      0.318665
    30  C        0.001073     31.961732     -7.006897      5.425914
    31  C       -0.000188     34.443528     -5.710393      4.853951
    32  N       -0.065516     29.437568      2.774118      6.348346
    33  C        0.000907     29.233591      0.693567      7.977082
    34  C       -0.008079     28.825769      1.701925     10.542366
    35  C       -0.000356     28.789316      4.315303     10.220943
    36  C       -0.009221     29.101820      4.900759      7.612743
    37  C       -0.000034     28.435862      0.240524     12.765365
    38  C        0.000160     28.512490      6.747891     11.467803
    39  O        0.000334     28.375145      7.447184     13.683923
    40  C        0.001205     28.165234      8.861304      9.353918
    41  C       -0.005751     29.915782     11.008959      9.990831
    42  O       -0.001644     32.255546     10.732775      9.887482
    43  O       -0.000791     28.578215     13.154743     10.181485
    44  C       -0.000343     30.210163     15.369804     10.755868
    45  H        0.000281     27.155421      8.071682     -3.705469
    46  H       -0.000126     30.246541     -3.291657     -3.109166
    47  H        0.000358     29.328682     -3.039133      8.720198
    48  H        0.000246     26.401326     12.089391      4.689979
    49  H       -0.000234     27.171748     11.832445     -0.575119
    50  H       -0.000335     23.013803     10.019989      2.807793
    51  H       -0.000384     23.418488      8.247899     -0.046279
    52  H       -0.000185     22.790815     11.468351     -0.285368
    53  H        0.000122     31.152910     12.250395      1.515636
    54  H        0.000175     31.499410     12.285620      4.916349
    55  H       -0.000183     27.926562     16.051938      3.527571
    56  H        0.000104     30.048460     15.999347      1.059154
    57  H        0.000201     28.712159      7.464758     -7.321253
    58  H        0.000006     28.428378      4.809599     -9.181745
    59  H        0.000133     31.512600      6.058254     -8.657459
    60  H        0.000407     30.629361      1.544133    -10.733418
    61  H        0.000204     33.176448     -0.833313    -11.054936
    62  H        0.000466     33.674693      2.187264     -9.642743
    63  H        0.000333     31.280202     -6.379545      0.441894
    64  H        0.001383     28.066118     -6.336006      5.060970
    65  H       -0.000445     27.901636     -8.663506     -0.823202
    66  H       -0.000596     26.080526     -5.799626     -0.714562
    67  H       -0.000485     26.141810     -7.725654      1.825797
    68  H        0.000096     32.064325     -8.896793      4.615713
    69  H        0.000307     31.792129     -7.209173      7.468859
    70  H        0.000044     34.910045     -6.417226      2.977528
    71  H        0.000020     35.876602     -6.263025      6.227876
    72  H        0.000172     34.208578     -3.669319      4.702262
    73  H       -0.000921     29.573741      1.119625     14.240050
    74  H        0.000088     28.977533     -1.724772     12.473440
    75  H       -0.001451     26.405124      0.469654     13.021328
    76  H       -0.006595     26.187995      9.433116      9.407151
    77  H       -0.000186     29.468427     16.241856     12.468375
    78  H       -0.000167     30.264342     16.516471      9.045287
    79  H        0.000150     32.142257     14.951211     11.338111
 ------------------------------------------------------

 TOTAL ENERGY:                        -130.912429147

 --------------------------------------------------------------------------------

 End time:                               Wed Jun 30 13:19:41 2021
 Total wall-clock time:                  0.322 seconds
==================================================================================
