
================================================================================
          _____________ ________ _______________ ________     _________         
         / ___________// ______ \\_____   _____// ______ \   / ________)        
        / /_________  / /      \ \     | |     / /      \ \ | (_______          
       |  __________|| |        | |    | |    | |        | | \________ \        
        \ \_________ | |        | |    | |     \ \______/ /___________) |       
         \__________||_|        |_|    |_|      \________//____________/        
                                                                                
====================================[ Qcore ]===================================

 Git hash:   0385c69a4f85ff35f953e853350ecec6fa7ab330
 Git date:   Wed, 8 Sep 2021 10:09:58 +0100
 Compiler:   AppleClang 10.0.1.10010046
 Build type: Release
 Version:    2.1.1

 Start time: Fri Sep 10 12:01:25 2021

 Data directory: /Users/of15641/qcore/cmake-build-release/share/entos/2.1.1/data
 Number of threads: 2
 Number of threads was determined by: number of physical cores

 --------------------------------------------------------------------------------
                                command: excitons                                
 --------------------------------------------------------------------------------
 XTB basis setup:                        reference basis
 Implicit solvation model:               none
 Number of basis functions:            244
 GFN version:                            chlorophyll
 Integral screening threshold:           1.00e-10
 Total charge:                           0.000000000
 Number of electrons:                  218.000000000
 Electronic temperature (Kelvin):        0.000000000

 D3BJ energy:                           -0.061096807
 Repulsive energy:                       1.515884177

 ****************************************************
  Running robust self-consistent charge (SCC) solver 
 ****************************************************
 Number of SCC trials:                   4
 Using the stop-early mechanism for the first 3 trials

 Conv. threshold (charge):               1.00e-05
 Conv. threshold (energy):               1.00e-06
 Initial guess:                          SAD

 -------------
  SCC Trial 1 
 -------------
 Broyden mixing factor:                  0.400000000
 Max number of iterations:             128

 ---------------------------------------------------------------
                  energy        change          grad        time
 ---------------------------------------------------------------
   0      -125.932768803                    6.46e-01        0.01
   1      -126.603434985     -6.71e-01      3.69e-01        0.01
   2      -126.590302378      1.31e-02      9.56e-02        0.01
   3      -126.591908233     -1.61e-03      2.26e-02        0.01
   4      -126.614199839     -2.23e-02      6.25e-03        0.01
   5      -126.616550159     -2.35e-03      2.22e-03        0.01
   6      -126.616896598     -3.46e-04      8.03e-04        0.01
   7      -126.616934916     -3.83e-05      1.78e-04        0.01
   8      -126.616936131     -1.21e-06      6.15e-05        0.01
   9      -126.616936205     -7.42e-08      2.32e-05        0.01
  10      -126.616936212     -7.09e-09      9.01e-06        0.01
  11      -126.616936213     -9.04e-10      3.07e-06        0.01

 SCF converged in 10 iterations.

 Entropy contribution (-ST):             0.000000000
 Dipole moment (in Debye):              -3.623969       0.124449       1.139470

Chlorophyll parameters
 D_scl:                                  0.636
 Mg_p:                                   0.902
 Mg_s:                                   1.053
 Mgp_Np:                                 1.402
 Mgp_Ns:                                 1.067
 Mgs_Np:                                 1.023
 Mgs_Ns:                                 1.468
 N_p:                                    1.044
 N_s:                                    1.281
 a_x:                                    0.067
 k_p:                                    2.694
 k_s:                                    1.462
 y_J:                                    4.012
 y_K:                                    2.147

 ----------------
  Excitation 0 1 
 ----------------
 Setting up Delta-SCF
 Ground-Excited state overlap:           0.000000000
 No correction applied to the TDM.
 Excitation energy:                      0.067367724
 Excitation energy (in eV):              1.833169152
 Transition dipole:                      2.45860       1.36447       0.17295
 XTB basis setup:                        reference basis
 Implicit solvation model:               none
 Number of basis functions:            244
 GFN version:                            chlorophyll
 Integral screening threshold:           1.00e-10
 Total charge:                           0.000000000
 Number of electrons:                  218.000000000
 Electronic temperature (Kelvin):        0.000000000

 D3BJ energy:                           -0.061792848
 Repulsive energy:                       1.513577430

 ****************************************************
  Running robust self-consistent charge (SCC) solver 
 ****************************************************
 Number of SCC trials:                   4
 Using the stop-early mechanism for the first 3 trials

 Conv. threshold (charge):               1.00e-05
 Conv. threshold (energy):               1.00e-06
 Initial guess:                          SAD

 -------------
  SCC Trial 1 
 -------------
 Broyden mixing factor:                  0.400000000
 Max number of iterations:             128

 ---------------------------------------------------------------
                  energy        change          grad        time
 ---------------------------------------------------------------
   0      -125.962495821                    6.46e-01        0.01
   1      -126.625657088     -6.63e-01      3.69e-01        0.01
   2      -126.584349273      4.13e-02      9.60e-02        0.01
   3      -126.533859449      5.05e-02      3.63e-02        0.01
   4      -126.637368395     -1.04e-01      9.40e-03        0.01
   5      -126.641481036     -4.11e-03      2.33e-03        0.01
   6      -126.641528153     -4.71e-05      1.03e-03        0.01
   7      -126.641567518     -3.94e-05      3.23e-04        0.01
   8      -126.641570285     -2.77e-06      1.99e-04        0.01
   9      -126.641570678     -3.92e-07      6.89e-05        0.01
  10      -126.641570717     -3.96e-08      2.00e-05        0.01
  11      -126.641570723     -5.62e-09      4.79e-06        0.01
  12      -126.641570723     -3.19e-10      1.17e-06        0.01

 SCF converged in 11 iterations.

 Entropy contribution (-ST):             0.000000000
 Dipole moment (in Debye):              -2.800526      -2.166650      -0.045597

Chlorophyll parameters
 D_scl:                                  0.636
 Mg_p:                                   0.902
 Mg_s:                                   1.053
 Mgp_Np:                                 1.402
 Mgp_Ns:                                 1.067
 Mgs_Np:                                 1.023
 Mgs_Ns:                                 1.468
 N_p:                                    1.044
 N_s:                                    1.281
 a_x:                                    0.067
 k_p:                                    2.694
 k_s:                                    1.462
 y_J:                                    4.012
 y_K:                                    2.147

 ----------------
  Excitation 0 1 
 ----------------
 Setting up Delta-SCF
 Ground-Excited state overlap:          -0.000000000
 No correction applied to the TDM.
 Excitation energy:                      0.066754220
 Excitation energy (in eV):              1.816474852
 Transition dipole:                      0.68746       2.64290      -0.29938

 ******************
  Exciton analysis 
 ******************

 eigenvalues
 -----------
 state 0:                             -253.2586 hr
 state 1:                             -253.1921 hr
 state 2:                             -253.1911 hr

 coupling energies
 -----------------
 states 1, 2:                          -82.4828 cm^-1

 distances
 ---------
 chromophore 1, 2:                      32.8245 au

 charge centers
                         X                   Y                   Z
 1            79.195792001        17.952479232        58.177939745
 2            90.495209336        48.674547723        55.743768304
 Saving results in set 'trunc_bchla_10_bchla_13_frame_41801'

 --------------------------------------------------------------------------------

 End time:                               Fri Sep 10 12:01:26 2021
 Total wall-clock time:                  0.534 seconds
==================================================================================
