
================================================================================
          _____________ ________ _______________ ________     _________         
         / ___________// ______ \\_____   _____// ______ \   / ________)        
        / /_________  / /      \ \     | |     / /      \ \ | (_______          
       |  __________|| |        | |    | |    | |        | | \________ \        
        \ \_________ | |        | |    | |     \ \______/ /___________) |       
         \__________||_|        |_|    |_|      \________//____________/        
                                                                                
====================================[ Qcore ]===================================

 Git hash:   0385c69a4f85ff35f953e853350ecec6fa7ab330
 Git date:   Wed, 8 Sep 2021 10:09:58 +0100
 Compiler:   AppleClang 10.0.1.10010046
 Build type: Release
 Version:    2.1.1

 Start time: Thu Sep  9 11:21:19 2021

 Data directory: /Users/of15641/qcore/cmake-build-release/share/entos/2.1.1/data
 Number of threads: 2
 Number of threads was determined by: number of physical cores

 --------------------------------------------------------------------------------
                                command: excitons                                
 --------------------------------------------------------------------------------
 XTB basis setup:                        reference basis
 Implicit solvation model:               none
 Number of basis functions:            244
 GFN version:                            chlorophyll
 Integral screening threshold:           1.00e-10
 Total charge:                           0.000000000
 Number of electrons:                  218.000000000
 Electronic temperature (Kelvin):        0.000000000

 D3BJ energy:                           -0.061597921
 Repulsive energy:                       1.533275374

 ****************************************************
  Running robust self-consistent charge (SCC) solver 
 ****************************************************
 Number of SCC trials:                   4
 Using the stop-early mechanism for the first 3 trials

 Conv. threshold (charge):               1.00e-05
 Conv. threshold (energy):               1.00e-06
 Initial guess:                          SAD

 -------------
  SCC Trial 1 
 -------------
 Broyden mixing factor:                  0.400000000
 Max number of iterations:             128

 ---------------------------------------------------------------
                  energy        change          grad        time
 ---------------------------------------------------------------
   0      -125.933218840                    6.47e-01        0.01
   1      -126.605238702     -6.72e-01      3.69e-01        0.00
   2      -126.597666685      7.57e-03      9.48e-02        0.00
   3      -126.606509529     -8.84e-03      1.64e-02        0.00
   4      -126.616973427     -1.05e-02      4.14e-03        0.00
   5      -126.617840997     -8.68e-04      1.73e-03        0.00
   6      -126.618014798     -1.74e-04      6.72e-04        0.01
   7      -126.618042857     -2.81e-05      1.91e-04        0.00
   8      -126.618045068     -2.21e-06      4.80e-05        0.00
   9      -126.618045125     -5.64e-08      1.73e-05        0.00
  10      -126.618045129     -4.11e-09      7.20e-06        0.00
  11      -126.618045130     -6.42e-10      2.53e-06        0.00

 SCF converged in 10 iterations.

 Entropy contribution (-ST):             0.000000000
 Dipole moment (in Debye):               0.721298      -0.637448       2.289137

Chlorophyll parameters
 D_scl:                                  0.636
 Mg_p:                                   0.902
 Mg_s:                                   1.053
 Mgp_Np:                                 1.402
 Mgp_Ns:                                 1.067
 Mgs_Np:                                 1.023
 Mgs_Ns:                                 1.468
 N_p:                                    1.044
 N_s:                                    1.281
 a_x:                                    0.067
 k_p:                                    2.694
 k_s:                                    1.462
 y_J:                                    4.012
 y_K:                                    2.147

 ----------------
  Excitation 0 1 
 ----------------
 Setting up Delta-SCF
 Ground-Excited state overlap:           0.000000000
 No correction applied to the TDM.
 Excitation energy:                      0.069192511
 Excitation energy (in eV):              1.882824134
 Transition dipole:                      0.09678       2.63724       0.55938
 XTB basis setup:                        reference basis
 Implicit solvation model:               none
 Number of basis functions:            244
 GFN version:                            chlorophyll
 Integral screening threshold:           1.00e-10
 Total charge:                           0.000000000
 Number of electrons:                  218.000000000
 Electronic temperature (Kelvin):        0.000000000

 D3BJ energy:                           -0.062388637
 Repulsive energy:                       1.449121352

 ****************************************************
  Running robust self-consistent charge (SCC) solver 
 ****************************************************
 Number of SCC trials:                   4
 Using the stop-early mechanism for the first 3 trials

 Conv. threshold (charge):               1.00e-05
 Conv. threshold (energy):               1.00e-06
 Initial guess:                          SAD

 -------------
  SCC Trial 1 
 -------------
 Broyden mixing factor:                  0.400000000
 Max number of iterations:             128

 ---------------------------------------------------------------
                  energy        change          grad        time
 ---------------------------------------------------------------
   0      -125.853616522                    6.46e-01        0.01
   1      -126.572632344     -7.19e-01      3.68e-01        0.01
   2      -126.556820685      1.58e-02      1.01e-01        0.01
   3      -126.562307197     -5.49e-03      2.27e-02        0.01
   4      -126.583898128     -2.16e-02      7.83e-03        0.01
   5      -126.588115691     -4.22e-03      2.06e-03        0.01
   6      -126.588365422     -2.50e-04      6.26e-04        0.01
   7      -126.588382964     -1.75e-05      2.15e-04        0.01
   8      -126.588385368     -2.40e-06      7.26e-05        0.01
   9      -126.588385495     -1.27e-07      2.98e-05        0.01
  10      -126.588385505     -1.03e-08      1.23e-05        0.01
  11      -126.588385507     -2.38e-09      3.05e-06        0.01
  12      -126.588385507     -9.88e-11      1.12e-06        0.01

 SCF converged in 11 iterations.

 Entropy contribution (-ST):             0.000000000
 Dipole moment (in Debye):               0.257492       1.266622       0.940216

Chlorophyll parameters
 D_scl:                                  0.636
 Mg_p:                                   0.902
 Mg_s:                                   1.053
 Mgp_Np:                                 1.402
 Mgp_Ns:                                 1.067
 Mgs_Np:                                 1.023
 Mgs_Ns:                                 1.468
 N_p:                                    1.044
 N_s:                                    1.281
 a_x:                                    0.067
 k_p:                                    2.694
 k_s:                                    1.462
 y_J:                                    4.012
 y_K:                                    2.147

 ----------------
  Excitation 0 1 
 ----------------
 Setting up Delta-SCF
 Ground-Excited state overlap:          -0.000000000
 No correction applied to the TDM.
 Excitation energy:                      0.066228729
 Excitation energy (in eV):              1.802175523
 Transition dipole:                     -2.46511      -0.89874       0.67424

 ******************
  Exciton analysis 
 ******************

 eigenvalues
 -----------
 state 0:                             -253.2064 hr
 state 1:                             -253.1402 hr
 state 2:                             -253.1372 hr

 coupling energies
 -----------------
 states 1, 2:                           -1.2937 cm^-1

 distances
 ---------
 chromophore 1, 2:                     108.0387 au

 charge centers
                         X                   Y                   Z
 1           103.303707137        45.672567368        84.024641666
 2            10.423026526        99.694605369        72.748517209
 Saving results in set 'trunc_bchla_11_bchla_20_frame_40001'

 --------------------------------------------------------------------------------

 End time:                               Thu Sep  9 11:21:19 2021
 Total wall-clock time:                  0.408 seconds
==================================================================================
