
================================================================================
          _____________ ________ _______________ ________     _________         
         / ___________// ______ \\_____   _____// ______ \   / ________)        
        / /_________  / /      \ \     | |     / /      \ \ | (_______          
       |  __________|| |        | |    | |    | |        | | \________ \        
        \ \_________ | |        | |    | |     \ \______/ /___________) |       
         \__________||_|        |_|    |_|      \________//____________/        
                                                                                
====================================[ Qcore ]===================================

 Git hash:   0385c69a4f85ff35f953e853350ecec6fa7ab330
 Git date:   Wed, 8 Sep 2021 10:09:58 +0100
 Compiler:   AppleClang 10.0.1.10010046
 Build type: Release
 Version:    2.1.1

 Start time: Fri Sep 10 12:00:56 2021

 Data directory: /Users/of15641/qcore/cmake-build-release/share/entos/2.1.1/data
 Number of threads: 2
 Number of threads was determined by: number of physical cores

 --------------------------------------------------------------------------------
                                command: excitons                                
 --------------------------------------------------------------------------------
 XTB basis setup:                        reference basis
 Implicit solvation model:               none
 Number of basis functions:            244
 GFN version:                            chlorophyll
 Integral screening threshold:           1.00e-10
 Total charge:                           0.000000000
 Number of electrons:                  218.000000000
 Electronic temperature (Kelvin):        0.000000000

 D3BJ energy:                           -0.061731248
 Repulsive energy:                       1.495716584

 ****************************************************
  Running robust self-consistent charge (SCC) solver 
 ****************************************************
 Number of SCC trials:                   4
 Using the stop-early mechanism for the first 3 trials

 Conv. threshold (charge):               1.00e-05
 Conv. threshold (energy):               1.00e-06
 Initial guess:                          SAD

 -------------
  SCC Trial 1 
 -------------
 Broyden mixing factor:                  0.400000000
 Max number of iterations:             128

 ---------------------------------------------------------------
                  energy        change          grad        time
 ---------------------------------------------------------------
   0      -125.826374402                    6.48e-01        0.01
   1      -126.531360057     -7.05e-01      3.69e-01        0.01
   2      -126.438488965      9.29e-02      1.06e-01        0.01
   3      -126.388529492      5.00e-02      4.80e-02        0.01
   4      -126.551849361     -1.63e-01      9.99e-03        0.01
   5      -126.555842414     -3.99e-03      3.46e-03        0.01
   6      -126.556212640     -3.70e-04      1.70e-03        0.01
   7      -126.556350332     -1.38e-04      5.29e-04        0.01
   8      -126.556355860     -5.53e-06      2.41e-04        0.01
   9      -126.556356243     -3.82e-07      8.71e-05        0.01
  10      -126.556356265     -2.20e-08      2.14e-05        0.01
  11      -126.556356273     -8.26e-09      7.81e-06        0.01
  12      -126.556356274     -1.06e-09      1.78e-06        0.01

 SCF converged in 11 iterations.

 Entropy contribution (-ST):             0.000000000
 Dipole moment (in Debye):              -4.871397       1.042180      -0.365310

Chlorophyll parameters
 D_scl:                                  0.636
 Mg_p:                                   0.902
 Mg_s:                                   1.053
 Mgp_Np:                                 1.402
 Mgp_Ns:                                 1.067
 Mgs_Np:                                 1.023
 Mgs_Ns:                                 1.468
 N_p:                                    1.044
 N_s:                                    1.281
 a_x:                                    0.067
 k_p:                                    2.694
 k_s:                                    1.462
 y_J:                                    4.012
 y_K:                                    2.147

 ----------------
  Excitation 0 1 
 ----------------
 Setting up Delta-SCF
 Ground-Excited state overlap:          -0.000000000
 No correction applied to the TDM.
 Excitation energy:                      0.063717522
 Excitation energy (in eV):              1.733842090
 Transition dipole:                     -2.32398      -1.56008       0.17184
 XTB basis setup:                        reference basis
 Implicit solvation model:               none
 Number of basis functions:            244
 GFN version:                            chlorophyll
 Integral screening threshold:           1.00e-10
 Total charge:                           0.000000000
 Number of electrons:                  218.000000000
 Electronic temperature (Kelvin):        0.000000000

 D3BJ energy:                           -0.062123317
 Repulsive energy:                       1.468487064

 ****************************************************
  Running robust self-consistent charge (SCC) solver 
 ****************************************************
 Number of SCC trials:                   4
 Using the stop-early mechanism for the first 3 trials

 Conv. threshold (charge):               1.00e-05
 Conv. threshold (energy):               1.00e-06
 Initial guess:                          SAD

 -------------
  SCC Trial 1 
 -------------
 Broyden mixing factor:                  0.400000000
 Max number of iterations:             128

 ---------------------------------------------------------------
                  energy        change          grad        time
 ---------------------------------------------------------------
   0      -125.896655159                    6.45e-01        0.01
   1      -126.573310963     -6.77e-01      3.68e-01        0.01
   2      -126.498599060      7.47e-02      1.02e-01        0.01
   3      -126.438069547      6.05e-02      4.93e-02        0.01
   4      -126.590954279     -1.53e-01      9.95e-03        0.01
   5      -126.597134601     -6.18e-03      2.87e-03        0.01
   6      -126.597360786     -2.26e-04      1.14e-03        0.01
   7      -126.597419605     -5.88e-05      3.55e-04        0.01
   8      -126.597422233     -2.63e-06      2.36e-04        0.01
   9      -126.597422795     -5.61e-07      9.04e-05        0.01
  10      -126.597422819     -2.46e-08      3.02e-05        0.01
  11      -126.597422830     -1.09e-08      5.82e-06        0.01
  12      -126.597422831     -3.23e-10      1.58e-06        0.01

 SCF converged in 11 iterations.

 Entropy contribution (-ST):             0.000000000
 Dipole moment (in Debye):              -3.081853      -2.538253       0.242852

Chlorophyll parameters
 D_scl:                                  0.636
 Mg_p:                                   0.902
 Mg_s:                                   1.053
 Mgp_Np:                                 1.402
 Mgp_Ns:                                 1.067
 Mgs_Np:                                 1.023
 Mgs_Ns:                                 1.468
 N_p:                                    1.044
 N_s:                                    1.281
 a_x:                                    0.067
 k_p:                                    2.694
 k_s:                                    1.462
 y_J:                                    4.012
 y_K:                                    2.147

 ----------------
  Excitation 0 1 
 ----------------
 Setting up Delta-SCF
 Ground-Excited state overlap:          -0.000000000
 No correction applied to the TDM.
 Excitation energy:                      0.065136583
 Excitation energy (in eV):              1.772456726
 Transition dipole:                      1.12290       2.50664      -0.14912

 ******************
  Exciton analysis 
 ******************

 eigenvalues
 -----------
 state 0:                             -253.1539 hr
 state 1:                             -253.0903 hr
 state 2:                             -253.0887 hr

 coupling energies
 -----------------
 states 1, 2:                           74.2377 cm^-1

 distances
 ---------
 chromophore 1, 2:                      33.4327 au

 charge centers
                         X                   Y                   Z
 1            78.045544816        17.909597272        56.690379834
 2            90.723172333        48.691528277        53.608329406
 Saving results in set 'trunc_bchla_10_bchla_13_frame_37401'

 --------------------------------------------------------------------------------

 End time:                               Fri Sep 10 12:00:56 2021
 Total wall-clock time:                  0.543 seconds
==================================================================================
