
================================================================================
          _____________ ________ _______________ ________     _________         
         / ___________// ______ \\_____   _____// ______ \   / ________)        
        / /_________  / /      \ \     | |     / /      \ \ | (_______          
       |  __________|| |        | |    | |    | |        | | \________ \        
        \ \_________ | |        | |    | |     \ \______/ /___________) |       
         \__________||_|        |_|    |_|      \________//____________/        
                                                                                
====================================[ Qcore ]===================================

 Git hash:   0385c69a4f85ff35f953e853350ecec6fa7ab330
 Git date:   Wed, 8 Sep 2021 10:09:58 +0100
 Compiler:   AppleClang 10.0.1.10010046
 Build type: Release
 Version:    2.1.1

 Start time: Fri Sep 10 11:58:43 2021

 Data directory: /Users/of15641/qcore/cmake-build-release/share/entos/2.1.1/data
 Number of threads: 2
 Number of threads was determined by: number of physical cores

 --------------------------------------------------------------------------------
                                command: excitons                                
 --------------------------------------------------------------------------------
 XTB basis setup:                        reference basis
 Implicit solvation model:               none
 Number of basis functions:            244
 GFN version:                            chlorophyll
 Integral screening threshold:           1.00e-10
 Total charge:                           0.000000000
 Number of electrons:                  218.000000000
 Electronic temperature (Kelvin):        0.000000000

 D3BJ energy:                           -0.062494256
 Repulsive energy:                       1.520318474

 ****************************************************
  Running robust self-consistent charge (SCC) solver 
 ****************************************************
 Number of SCC trials:                   4
 Using the stop-early mechanism for the first 3 trials

 Conv. threshold (charge):               1.00e-05
 Conv. threshold (energy):               1.00e-06
 Initial guess:                          SAD

 -------------
  SCC Trial 1 
 -------------
 Broyden mixing factor:                  0.400000000
 Max number of iterations:             128

 ---------------------------------------------------------------
                  energy        change          grad        time
 ---------------------------------------------------------------
   0      -125.928098964                    6.48e-01        0.01
   1      -126.607914368     -6.80e-01      3.70e-01        0.01
   2      -126.561621337      4.63e-02      1.00e-01        0.01
   3      -126.538534266      2.31e-02      3.64e-02        0.01
   4      -126.623120283     -8.46e-02      8.63e-03        0.02
   5      -126.628193562     -5.07e-03      2.21e-03        0.01
   6      -126.628337751     -1.44e-04      8.77e-04        0.01
   7      -126.628369556     -3.18e-05      2.92e-04        0.01
   8      -126.628371593     -2.04e-06      1.71e-04        0.01
   9      -126.628371942     -3.49e-07      6.69e-05        0.01
  10      -126.628371986     -4.33e-08      2.25e-05        0.01
  11      -126.628371993     -7.26e-09      4.82e-06        0.01
  12      -126.628371993     -2.36e-10      1.42e-06        0.01

 SCF converged in 11 iterations.

 Entropy contribution (-ST):             0.000000000
 Dipole moment (in Debye):              -4.898204      -0.258707       0.417384

Chlorophyll parameters
 D_scl:                                  0.636
 Mg_p:                                   0.902
 Mg_s:                                   1.053
 Mgp_Np:                                 1.402
 Mgp_Ns:                                 1.067
 Mgs_Np:                                 1.023
 Mgs_Ns:                                 1.468
 N_p:                                    1.044
 N_s:                                    1.281
 a_x:                                    0.067
 k_p:                                    2.694
 k_s:                                    1.462
 y_J:                                    4.012
 y_K:                                    2.147

 ----------------
  Excitation 0 1 
 ----------------
 Setting up Delta-SCF
 Ground-Excited state overlap:          -0.000000000
 No correction applied to the TDM.
 Excitation energy:                      0.068839579
 Excitation energy (in eV):              1.873220368
 Transition dipole:                     -2.31123      -1.38593       0.06893
 XTB basis setup:                        reference basis
 Implicit solvation model:               none
 Number of basis functions:            244
 GFN version:                            chlorophyll
 Integral screening threshold:           1.00e-10
 Total charge:                           0.000000000
 Number of electrons:                  218.000000000
 Electronic temperature (Kelvin):        0.000000000

 D3BJ energy:                           -0.061803099
 Repulsive energy:                       1.498101148

 ****************************************************
  Running robust self-consistent charge (SCC) solver 
 ****************************************************
 Number of SCC trials:                   4
 Using the stop-early mechanism for the first 3 trials

 Conv. threshold (charge):               1.00e-05
 Conv. threshold (energy):               1.00e-06
 Initial guess:                          SAD

 -------------
  SCC Trial 1 
 -------------
 Broyden mixing factor:                  0.400000000
 Max number of iterations:             128

 ---------------------------------------------------------------
                  energy        change          grad        time
 ---------------------------------------------------------------
   0      -125.933461576                    6.47e-01        0.01
   1      -126.611177103     -6.78e-01      3.69e-01        0.01
   2      -126.566268596      4.49e-02      9.93e-02        0.01
   3      -126.554086936      1.22e-02      3.31e-02        0.01
   4      -126.626854006     -7.28e-02      7.48e-03        0.01
   5      -126.630097838     -3.24e-03      2.37e-03        0.01
   6      -126.630393654     -2.96e-04      9.86e-04        0.01
   7      -126.630442949     -4.93e-05      2.74e-04        0.01
   8      -126.630445509     -2.56e-06      9.47e-05        0.01
   9      -126.630445565     -5.60e-08      4.65e-05        0.01
  10      -126.630445578     -1.31e-08      1.65e-05        0.01
  11      -126.630445580     -1.85e-09      3.66e-06        0.01
  12      -126.630445580     -1.91e-10      1.39e-06        0.01

 SCF converged in 11 iterations.

 Entropy contribution (-ST):             0.000000000
 Dipole moment (in Debye):              -1.672162      -1.826824       1.028332

Chlorophyll parameters
 D_scl:                                  0.636
 Mg_p:                                   0.902
 Mg_s:                                   1.053
 Mgp_Np:                                 1.402
 Mgp_Ns:                                 1.067
 Mgs_Np:                                 1.023
 Mgs_Ns:                                 1.468
 N_p:                                    1.044
 N_s:                                    1.281
 a_x:                                    0.067
 k_p:                                    2.694
 k_s:                                    1.462
 y_J:                                    4.012
 y_K:                                    2.147

 ----------------
  Excitation 0 1 
 ----------------
 Setting up Delta-SCF
 Ground-Excited state overlap:          -0.000000000
 No correction applied to the TDM.
 Excitation energy:                      0.068498863
 Excitation energy (in eV):              1.863949009
 Transition dipole:                      0.82820       2.61377       0.04568

 ******************
  Exciton analysis 
 ******************

 eigenvalues
 -----------
 state 0:                             -253.2590 hr
 state 1:                             -253.1907 hr
 state 2:                             -253.1900 hr

 coupling energies
 -----------------
 states 1, 2:                           77.5126 cm^-1

 distances
 ---------
 chromophore 1, 2:                      33.2168 au

 charge centers
                         X                   Y                   Z
 1            79.043612248        17.139675503        57.950088136
 2            90.725638050        48.195249034        56.389367440
 Saving results in set 'trunc_bchla_10_bchla_13_frame_14601'

 --------------------------------------------------------------------------------

 End time:                               Fri Sep 10 11:58:43 2021
 Total wall-clock time:                  0.484 seconds
==================================================================================
