
================================================================================
          _____________ ________ _______________ ________     _________         
         / ___________// ______ \\_____   _____// ______ \   / ________)        
        / /_________  / /      \ \     | |     / /      \ \ | (_______          
       |  __________|| |        | |    | |    | |        | | \________ \        
        \ \_________ | |        | |    | |     \ \______/ /___________) |       
         \__________||_|        |_|    |_|      \________//____________/        
                                                                                
====================================[ Qcore ]===================================

 Git hash:   0385c69a4f85ff35f953e853350ecec6fa7ab330
 Git date:   Wed, 8 Sep 2021 10:09:58 +0100
 Compiler:   AppleClang 10.0.1.10010046
 Build type: Release
 Version:    2.1.1

 Start time: Thu Sep  9 11:50:18 2021

 Data directory: /Users/of15641/qcore/cmake-build-release/share/entos/2.1.1/data
 Number of threads: 2
 Number of threads was determined by: number of physical cores

 --------------------------------------------------------------------------------
                                command: excitons                                
 --------------------------------------------------------------------------------
 XTB basis setup:                        reference basis
 Implicit solvation model:               none
 Number of basis functions:            244
 GFN version:                            chlorophyll
 Integral screening threshold:           1.00e-10
 Total charge:                           0.000000000
 Number of electrons:                  218.000000000
 Electronic temperature (Kelvin):        0.000000000

 D3BJ energy:                           -0.061291610
 Repulsive energy:                       1.508387848

 ****************************************************
  Running robust self-consistent charge (SCC) solver 
 ****************************************************
 Number of SCC trials:                   4
 Using the stop-early mechanism for the first 3 trials

 Conv. threshold (charge):               1.00e-05
 Conv. threshold (energy):               1.00e-06
 Initial guess:                          SAD

 -------------
  SCC Trial 1 
 -------------
 Broyden mixing factor:                  0.400000000
 Max number of iterations:             128

 ---------------------------------------------------------------
                  energy        change          grad        time
 ---------------------------------------------------------------
   0      -125.895778478                    6.47e-01        0.01
   1      -126.592922188     -6.97e-01      3.69e-01        0.00
   2      -126.560915428      3.20e-02      1.00e-01        0.00
   3      -126.545879844      1.50e-02      2.93e-02        0.00
   4      -126.604605369     -5.87e-02      8.79e-03        0.00
   5      -126.609703357     -5.10e-03      1.89e-03        0.00
   6      -126.609796281     -9.29e-05      7.33e-04        0.01
   7      -126.609817162     -2.09e-05      2.48e-04        0.00
   8      -126.609819180     -2.02e-06      1.30e-04        0.01
   9      -126.609819412     -2.32e-07      5.16e-05        0.01
  10      -126.609819417     -5.58e-09      1.77e-05        0.00
  11      -126.609819421     -3.86e-09      3.90e-06        0.01
  12      -126.609819421     -2.24e-10      1.21e-06        0.00

 SCF converged in 11 iterations.

 Entropy contribution (-ST):             0.000000000
 Dipole moment (in Debye):               1.711929      -1.198664      -0.641399

Chlorophyll parameters
 D_scl:                                  0.636
 Mg_p:                                   0.902
 Mg_s:                                   1.053
 Mgp_Np:                                 1.402
 Mgp_Ns:                                 1.067
 Mgs_Np:                                 1.023
 Mgs_Ns:                                 1.468
 N_p:                                    1.044
 N_s:                                    1.281
 a_x:                                    0.067
 k_p:                                    2.694
 k_s:                                    1.462
 y_J:                                    4.012
 y_K:                                    2.147

 ----------------
  Excitation 0 1 
 ----------------
 Setting up Delta-SCF
 Ground-Excited state overlap:          -0.000000000
 No correction applied to the TDM.
 Excitation energy:                      0.068816212
 Excitation energy (in eV):              1.872584518
 Transition dipole:                      0.49891       2.65342       0.10349
 XTB basis setup:                        reference basis
 Implicit solvation model:               none
 Number of basis functions:            244
 GFN version:                            chlorophyll
 Integral screening threshold:           1.00e-10
 Total charge:                           0.000000000
 Number of electrons:                  218.000000000
 Electronic temperature (Kelvin):        0.000000000

 D3BJ energy:                           -0.062170273
 Repulsive energy:                       1.557625638

 ****************************************************
  Running robust self-consistent charge (SCC) solver 
 ****************************************************
 Number of SCC trials:                   4
 Using the stop-early mechanism for the first 3 trials

 Conv. threshold (charge):               1.00e-05
 Conv. threshold (energy):               1.00e-06
 Initial guess:                          SAD

 -------------
  SCC Trial 1 
 -------------
 Broyden mixing factor:                  0.400000000
 Max number of iterations:             128

 ---------------------------------------------------------------
                  energy        change          grad        time
 ---------------------------------------------------------------
   0      -125.953855606                    6.48e-01        0.01
   1      -126.617632352     -6.64e-01      3.70e-01        0.01
   2      -126.573120081      4.45e-02      9.66e-02        0.01
   3      -126.532931029      4.02e-02      3.75e-02        0.01
   4      -126.631283180     -9.84e-02      8.30e-03        0.01
   5      -126.636156529     -4.87e-03      2.14e-03        0.01
   6      -126.636290352     -1.34e-04      7.61e-04        0.01
   7      -126.636310257     -1.99e-05      2.66e-04        0.01
   8      -126.636311732     -1.47e-06      1.60e-04        0.01
   9      -126.636311988     -2.56e-07      6.15e-05        0.01
  10      -126.636312014     -2.61e-08      1.93e-05        0.01
  11      -126.636312019     -4.54e-09      4.37e-06        0.01
  12      -126.636312019     -1.28e-10      1.08e-06        0.01

 SCF converged in 11 iterations.

 Entropy contribution (-ST):             0.000000000
 Dipole moment (in Debye):              -4.007161      -0.046202      -0.386537

Chlorophyll parameters
 D_scl:                                  0.636
 Mg_p:                                   0.902
 Mg_s:                                   1.053
 Mgp_Np:                                 1.402
 Mgp_Ns:                                 1.067
 Mgs_Np:                                 1.023
 Mgs_Ns:                                 1.468
 N_p:                                    1.044
 N_s:                                    1.281
 a_x:                                    0.067
 k_p:                                    2.694
 k_s:                                    1.462
 y_J:                                    4.012
 y_K:                                    2.147

 ----------------
  Excitation 0 1 
 ----------------
 Setting up Delta-SCF
 Ground-Excited state overlap:           0.000000000
 No correction applied to the TDM.
 Excitation energy:                      0.068542963
 Excitation energy (in eV):              1.865149040
 Transition dipole:                     -2.29172      -1.40963       0.41208

 ******************
  Exciton analysis 
 ******************

 eigenvalues
 -----------
 state 0:                             -253.2462 hr
 state 1:                             -253.1777 hr
 state 2:                             -253.1774 hr

 coupling energies
 -----------------
 states 1, 2:                          -21.7311 cm^-1

 distances
 ---------
 chromophore 1, 2:                      32.3898 au

 charge centers
                         X                   Y                   Z
 1            83.198936852         7.041193080        88.555945449
 2            78.346781630        16.511874890        57.964091188
 Saving results in set 'trunc_bchla_8_bchla_10_frame_1'

 --------------------------------------------------------------------------------

 End time:                               Thu Sep  9 11:50:19 2021
 Total wall-clock time:                  0.451 seconds
==================================================================================
