
================================================================================
          _____________ ________ _______________ ________     _________         
         / ___________// ______ \\_____   _____// ______ \   / ________)        
        / /_________  / /      \ \     | |     / /      \ \ | (_______          
       |  __________|| |        | |    | |    | |        | | \________ \        
        \ \_________ | |        | |    | |     \ \______/ /___________) |       
         \__________||_|        |_|    |_|      \________//____________/        
                                                                                
====================================[ Qcore ]===================================

 Git hash:   0385c69a4f85ff35f953e853350ecec6fa7ab330
 Git date:   Wed, 8 Sep 2021 10:09:58 +0100
 Compiler:   AppleClang 10.0.1.10010046
 Build type: Release
 Version:    2.1.1

 Start time: Thu Sep  9 11:36:03 2021

 Data directory: /Users/of15641/qcore/cmake-build-release/share/entos/2.1.1/data
 Number of threads: 2
 Number of threads was determined by: number of physical cores

 --------------------------------------------------------------------------------
                                command: excitons                                
 --------------------------------------------------------------------------------
 XTB basis setup:                        reference basis
 Implicit solvation model:               none
 Number of basis functions:            244
 GFN version:                            chlorophyll
 Integral screening threshold:           1.00e-10
 Total charge:                           0.000000000
 Number of electrons:                  218.000000000
 Electronic temperature (Kelvin):        0.000000000

 D3BJ energy:                           -0.061634349
 Repulsive energy:                       1.469552280

 ****************************************************
  Running robust self-consistent charge (SCC) solver 
 ****************************************************
 Number of SCC trials:                   4
 Using the stop-early mechanism for the first 3 trials

 Conv. threshold (charge):               1.00e-05
 Conv. threshold (energy):               1.00e-06
 Initial guess:                          SAD

 -------------
  SCC Trial 1 
 -------------
 Broyden mixing factor:                  0.400000000
 Max number of iterations:             128

 ---------------------------------------------------------------
                  energy        change          grad        time
 ---------------------------------------------------------------
   0      -125.838770607                    6.46e-01        0.01
   1      -126.531445380     -6.93e-01      3.68e-01        0.01
   2      -126.485405880      4.60e-02      1.00e-01        0.01
   3      -126.430074942      5.53e-02      3.90e-02        0.01
   4      -126.541912331     -1.12e-01      1.05e-02        0.01
   5      -126.549335387     -7.42e-03      2.55e-03        0.01
   6      -126.549410910     -7.55e-05      8.26e-04        0.01
   7      -126.549430292     -1.94e-05      3.16e-04        0.01
   8      -126.549430035      2.56e-07      2.14e-04        0.01
   9      -126.549431229     -1.19e-06      9.71e-05        0.01
  10      -126.549431402     -1.73e-07      3.44e-05        0.01
  11      -126.549431422     -2.05e-08      4.98e-06        0.01
  12      -126.549431423     -3.51e-10      1.73e-06        0.01

 SCF converged in 11 iterations.

 Entropy contribution (-ST):             0.000000000
 Dipole moment (in Debye):              -2.678532      -0.689118       0.023228

Chlorophyll parameters
 D_scl:                                  0.636
 Mg_p:                                   0.902
 Mg_s:                                   1.053
 Mgp_Np:                                 1.402
 Mgp_Ns:                                 1.067
 Mgs_Np:                                 1.023
 Mgs_Ns:                                 1.468
 N_p:                                    1.044
 N_s:                                    1.281
 a_x:                                    0.067
 k_p:                                    2.694
 k_s:                                    1.462
 y_J:                                    4.012
 y_K:                                    2.147

 ----------------
  Excitation 0 1 
 ----------------
 Setting up Delta-SCF
 Ground-Excited state overlap:           0.000000000
 No correction applied to the TDM.
 Excitation energy:                      0.066324942
 Excitation energy (in eV):              1.804793613
 Transition dipole:                     -1.96962       1.51093      -1.04877
 XTB basis setup:                        reference basis
 Implicit solvation model:               none
 Number of basis functions:            244
 GFN version:                            chlorophyll
 Integral screening threshold:           1.00e-10
 Total charge:                           0.000000000
 Number of electrons:                  218.000000000
 Electronic temperature (Kelvin):        0.000000000

 D3BJ energy:                           -0.061753063
 Repulsive energy:                       1.507874709

 ****************************************************
  Running robust self-consistent charge (SCC) solver 
 ****************************************************
 Number of SCC trials:                   4
 Using the stop-early mechanism for the first 3 trials

 Conv. threshold (charge):               1.00e-05
 Conv. threshold (energy):               1.00e-06
 Initial guess:                          SAD

 -------------
  SCC Trial 1 
 -------------
 Broyden mixing factor:                  0.400000000
 Max number of iterations:             128

 ---------------------------------------------------------------
                  energy        change          grad        time
 ---------------------------------------------------------------
   0      -125.927680546                    6.47e-01        0.01
   1      -126.604269200     -6.77e-01      3.69e-01        0.01
   2      -126.590557730      1.37e-02      9.63e-02        0.01
   3      -126.601042236     -1.05e-02      1.92e-02        0.01
   4      -126.617062556     -1.60e-02      3.70e-03        0.01
   5      -126.617713279     -6.51e-04      1.59e-03        0.01
   6      -126.617835632     -1.22e-04      7.85e-04        0.01
   7      -126.617874699     -3.91e-05      2.70e-04        0.01
   8      -126.617878854     -4.16e-06      5.33e-05        0.01
   9      -126.617878891     -3.66e-08      2.11e-05        0.01
  10      -126.617878895     -4.12e-09      9.35e-06        0.01
  11      -126.617878896     -8.19e-10      3.35e-06        0.01

 SCF converged in 10 iterations.

 Entropy contribution (-ST):             0.000000000
 Dipole moment (in Debye):               3.523874       0.829793       1.792277

Chlorophyll parameters
 D_scl:                                  0.636
 Mg_p:                                   0.902
 Mg_s:                                   1.053
 Mgp_Np:                                 1.402
 Mgp_Ns:                                 1.067
 Mgs_Np:                                 1.023
 Mgs_Ns:                                 1.468
 N_p:                                    1.044
 N_s:                                    1.281
 a_x:                                    0.067
 k_p:                                    2.694
 k_s:                                    1.462
 y_J:                                    4.012
 y_K:                                    2.147

 ----------------
  Excitation 0 1 
 ----------------
 Setting up Delta-SCF
 Ground-Excited state overlap:           0.000000000
 No correction applied to the TDM.
 Excitation energy:                      0.065583683
 Excitation energy (in eV):              1.784622937
 Transition dipole:                     -1.07896       2.43059       0.35621

 ******************
  Exciton analysis 
 ******************

 eigenvalues
 -----------
 state 0:                             -253.1673 hr
 state 1:                             -253.1017 hr
 state 2:                             -253.1010 hr

 coupling energies
 -----------------
 states 1, 2:                            0.7124 cm^-1

 distances
 ---------
 chromophore 1, 2:                     120.5611 au

 charge centers
                         X                   Y                   Z
 1             7.387057722        -2.858467399        83.271256338
 2            89.157325941        85.673948133        80.012084519
 Saving results in set 'trunc_bchla_2_bchla_14_frame_20001'

 --------------------------------------------------------------------------------

 End time:                               Thu Sep  9 11:36:03 2021
 Total wall-clock time:                  0.540 seconds
==================================================================================
