
================================================================================
          _____________ ________ _______________ ________     _________         
         / ___________// ______ \\_____   _____// ______ \   / ________)        
        / /_________  / /      \ \     | |     / /      \ \ | (_______          
       |  __________|| |        | |    | |    | |        | | \________ \        
        \ \_________ | |        | |    | |     \ \______/ /___________) |       
         \__________||_|        |_|    |_|      \________//____________/        
                                                                                
====================================[ Qcore ]===================================

 Git hash:   0385c69a4f85ff35f953e853350ecec6fa7ab330
 Git date:   Wed, 8 Sep 2021 10:09:58 +0100
 Compiler:   AppleClang 10.0.1.10010046
 Build type: Release
 Version:    2.1.1

 Start time: Fri Sep 10 12:00:17 2021

 Data directory: /Users/of15641/qcore/cmake-build-release/share/entos/2.1.1/data
 Number of threads: 2
 Number of threads was determined by: number of physical cores

 --------------------------------------------------------------------------------
                                command: excitons                                
 --------------------------------------------------------------------------------
 XTB basis setup:                        reference basis
 Implicit solvation model:               none
 Number of basis functions:            244
 GFN version:                            chlorophyll
 Integral screening threshold:           1.00e-10
 Total charge:                           0.000000000
 Number of electrons:                  218.000000000
 Electronic temperature (Kelvin):        0.000000000

 D3BJ energy:                           -0.062091710
 Repulsive energy:                       1.516806566

 ****************************************************
  Running robust self-consistent charge (SCC) solver 
 ****************************************************
 Number of SCC trials:                   4
 Using the stop-early mechanism for the first 3 trials

 Conv. threshold (charge):               1.00e-05
 Conv. threshold (energy):               1.00e-06
 Initial guess:                          SAD

 -------------
  SCC Trial 1 
 -------------
 Broyden mixing factor:                  0.400000000
 Max number of iterations:             128

 ---------------------------------------------------------------
                  energy        change          grad        time
 ---------------------------------------------------------------
   0      -125.958135291                    6.47e-01        0.01
   1      -126.629470970     -6.71e-01      3.69e-01        0.00
   2      -126.586934497      4.25e-02      9.98e-02        0.00
   3      -126.572582794      1.44e-02      3.55e-02        0.00
   4      -126.643129680     -7.05e-02      8.75e-03        0.00
   5      -126.648374584     -5.24e-03      2.46e-03        0.00
   6      -126.648739928     -3.65e-04      8.12e-04        0.00
   7      -126.648766433     -2.65e-05      2.20e-04        0.00
   8      -126.648767598     -1.17e-06      1.27e-04        0.00
   9      -126.648767760     -1.62e-07      5.42e-05        0.00
  10      -126.648767802     -4.25e-08      2.19e-05        0.00
  11      -126.648767810     -7.49e-09      4.36e-06        0.01
  12      -126.648767810     -9.39e-11      1.26e-06        0.00

 SCF converged in 11 iterations.

 Entropy contribution (-ST):             0.000000000
 Dipole moment (in Debye):              -2.624514      -1.170648       1.096303

Chlorophyll parameters
 D_scl:                                  0.636
 Mg_p:                                   0.902
 Mg_s:                                   1.053
 Mgp_Np:                                 1.402
 Mgp_Ns:                                 1.067
 Mgs_Np:                                 1.023
 Mgs_Ns:                                 1.468
 N_p:                                    1.044
 N_s:                                    1.281
 a_x:                                    0.067
 k_p:                                    2.694
 k_s:                                    1.462
 y_J:                                    4.012
 y_K:                                    2.147

 ----------------
  Excitation 0 1 
 ----------------
 Setting up Delta-SCF
 Ground-Excited state overlap:           0.000000000
 No correction applied to the TDM.
 Excitation energy:                      0.066986945
 Excitation energy (in eV):              1.822807639
 Transition dipole:                     -2.37366      -1.39030      -0.20275
 XTB basis setup:                        reference basis
 Implicit solvation model:               none
 Number of basis functions:            244
 GFN version:                            chlorophyll
 Integral screening threshold:           1.00e-10
 Total charge:                           0.000000000
 Number of electrons:                  218.000000000
 Electronic temperature (Kelvin):        0.000000000

 D3BJ energy:                           -0.062060564
 Repulsive energy:                       1.538108520

 ****************************************************
  Running robust self-consistent charge (SCC) solver 
 ****************************************************
 Number of SCC trials:                   4
 Using the stop-early mechanism for the first 3 trials

 Conv. threshold (charge):               1.00e-05
 Conv. threshold (energy):               1.00e-06
 Initial guess:                          SAD

 -------------
  SCC Trial 1 
 -------------
 Broyden mixing factor:                  0.400000000
 Max number of iterations:             128

 ---------------------------------------------------------------
                  energy        change          grad        time
 ---------------------------------------------------------------
   0      -125.916270839                    6.47e-01        0.01
   1      -126.591817463     -6.76e-01      3.70e-01        0.01
   2      -126.562919137      2.89e-02      9.66e-02        0.01
   3      -126.566444168     -3.53e-03      2.60e-02        0.01
   4      -126.607438739     -4.10e-02      5.07e-03        0.01
   5      -126.608823057     -1.38e-03      1.72e-03        0.01
   6      -126.608938033     -1.15e-04      9.36e-04        0.01
   7      -126.608991181     -5.31e-05      2.23e-04        0.01
   8      -126.608993313     -2.13e-06      6.03e-05        0.01
   9      -126.608993332     -1.83e-08      3.00e-05        0.01
  10      -126.608993337     -5.60e-09      9.98e-06        0.01
  11      -126.608993338     -6.33e-10      2.92e-06        0.01

 SCF converged in 10 iterations.

 Entropy contribution (-ST):             0.000000000
 Dipole moment (in Debye):              -2.823956      -1.548721       1.292756

Chlorophyll parameters
 D_scl:                                  0.636
 Mg_p:                                   0.902
 Mg_s:                                   1.053
 Mgp_Np:                                 1.402
 Mgp_Ns:                                 1.067
 Mgs_Np:                                 1.023
 Mgs_Ns:                                 1.468
 N_p:                                    1.044
 N_s:                                    1.281
 a_x:                                    0.067
 k_p:                                    2.694
 k_s:                                    1.462
 y_J:                                    4.012
 y_K:                                    2.147

 ----------------
  Excitation 0 1 
 ----------------
 Setting up Delta-SCF
 Ground-Excited state overlap:          -0.000000000
 No correction applied to the TDM.
 Excitation energy:                      0.069637043
 Excitation energy (in eV):              1.894920473
 Transition dipole:                      0.76921       2.52055      -0.34494

 ******************
  Exciton analysis 
 ******************

 eigenvalues
 -----------
 state 0:                             -253.2579 hr
 state 1:                             -253.1909 hr
 state 2:                             -253.1883 hr

 coupling energies
 -----------------
 states 1, 2:                           74.4973 cm^-1

 distances
 ---------
 chromophore 1, 2:                      33.3833 au

 charge centers
                         X                   Y                   Z
 1            80.244910329        17.238891588        58.118920034
 2            91.560577900        48.491660232        55.010377555
 Saving results in set 'trunc_bchla_10_bchla_13_frame_31201'

 --------------------------------------------------------------------------------

 End time:                               Fri Sep 10 12:00:17 2021
 Total wall-clock time:                  0.426 seconds
==================================================================================
