
================================================================================
          _____________ ________ _______________ ________     _________         
         / ___________// ______ \\_____   _____// ______ \   / ________)        
        / /_________  / /      \ \     | |     / /      \ \ | (_______          
       |  __________|| |        | |    | |    | |        | | \________ \        
        \ \_________ | |        | |    | |     \ \______/ /___________) |       
         \__________||_|        |_|    |_|      \________//____________/        
                                                                                
====================================[ Qcore ]===================================

 Git hash:   0385c69a4f85ff35f953e853350ecec6fa7ab330
 Git date:   Wed, 8 Sep 2021 10:09:58 +0100
 Compiler:   AppleClang 10.0.1.10010046
 Build type: Release
 Version:    2.1.1

 Start time: Thu Sep  9 11:42:19 2021

 Data directory: /Users/of15641/qcore/cmake-build-release/share/entos/2.1.1/data
 Number of threads: 2
 Number of threads was determined by: number of physical cores

 --------------------------------------------------------------------------------
                                command: excitons                                
 --------------------------------------------------------------------------------
 XTB basis setup:                        reference basis
 Implicit solvation model:               none
 Number of basis functions:            244
 GFN version:                            chlorophyll
 Integral screening threshold:           1.00e-10
 Total charge:                           0.000000000
 Number of electrons:                  218.000000000
 Electronic temperature (Kelvin):        0.000000000

 D3BJ energy:                           -0.061395060
 Repulsive energy:                       1.517182916

 ****************************************************
  Running robust self-consistent charge (SCC) solver 
 ****************************************************
 Number of SCC trials:                   4
 Using the stop-early mechanism for the first 3 trials

 Conv. threshold (charge):               1.00e-05
 Conv. threshold (energy):               1.00e-06
 Initial guess:                          SAD

 -------------
  SCC Trial 1 
 -------------
 Broyden mixing factor:                  0.400000000
 Max number of iterations:             128

 ---------------------------------------------------------------
                  energy        change          grad        time
 ---------------------------------------------------------------
   0      -125.889868471                    6.48e-01        0.01
   1      -126.583020150     -6.93e-01      3.70e-01        0.01
   2      -126.556918744      2.61e-02      9.98e-02        0.00
   3      -126.553981641      2.94e-03      2.99e-02        0.01
   4      -126.595581976     -4.16e-02      8.23e-03        0.00
   5      -126.599972569     -4.39e-03      2.42e-03        0.01
   6      -126.600345408     -3.73e-04      9.00e-04        0.01
   7      -126.600389330     -4.39e-05      2.01e-04        0.01
   8      -126.600390801     -1.47e-06      7.80e-05        0.00
   9      -126.600390874     -7.34e-08      3.40e-05        0.01
  10      -126.600390891     -1.62e-08      1.44e-05        0.01
  11      -126.600390893     -2.75e-09      3.58e-06        0.01
  12      -126.600390893     -1.09e-10      1.29e-06        0.01

 SCF converged in 11 iterations.

 Entropy contribution (-ST):             0.000000000
 Dipole moment (in Debye):              -1.134538       3.854360      -0.457440

Chlorophyll parameters
 D_scl:                                  0.636
 Mg_p:                                   0.902
 Mg_s:                                   1.053
 Mgp_Np:                                 1.402
 Mgp_Ns:                                 1.067
 Mgs_Np:                                 1.023
 Mgs_Ns:                                 1.468
 N_p:                                    1.044
 N_s:                                    1.281
 a_x:                                    0.067
 k_p:                                    2.694
 k_s:                                    1.462
 y_J:                                    4.012
 y_K:                                    2.147

 ----------------
  Excitation 0 1 
 ----------------
 Setting up Delta-SCF
 Ground-Excited state overlap:           0.000000000
 No correction applied to the TDM.
 Excitation energy:                      0.066628099
 Excitation energy (in eV):              1.813042943
 Transition dipole:                      1.73324      -2.17640       0.12979
 XTB basis setup:                        reference basis
 Implicit solvation model:               none
 Number of basis functions:            244
 GFN version:                            chlorophyll
 Integral screening threshold:           1.00e-10
 Total charge:                           0.000000000
 Number of electrons:                  218.000000000
 Electronic temperature (Kelvin):        0.000000000

 D3BJ energy:                           -0.061151495
 Repulsive energy:                       1.593993167

 ****************************************************
  Running robust self-consistent charge (SCC) solver 
 ****************************************************
 Number of SCC trials:                   4
 Using the stop-early mechanism for the first 3 trials

 Conv. threshold (charge):               1.00e-05
 Conv. threshold (energy):               1.00e-06
 Initial guess:                          SAD

 -------------
  SCC Trial 1 
 -------------
 Broyden mixing factor:                  0.400000000
 Max number of iterations:             128

 ---------------------------------------------------------------
                  energy        change          grad        time
 ---------------------------------------------------------------
   0      -126.007150606                    6.49e-01        0.01
   1      -126.663029121     -6.56e-01      3.71e-01        0.01
   2      -126.656962241      6.07e-03      9.18e-02        0.01
   3      -126.663741103     -6.78e-03      1.48e-02        0.01
   4      -126.673847532     -1.01e-02      3.69e-03        0.01
   5      -126.674673091     -8.26e-04      1.24e-03        0.01
   6      -126.674740334     -6.72e-05      5.39e-04        0.01
   7      -126.674757868     -1.75e-05      1.88e-04        0.01
   8      -126.674760168     -2.30e-06      3.77e-05        0.01
   9      -126.674760187     -1.91e-08      1.49e-05        0.01
  10      -126.674760189     -1.63e-09      5.29e-06        0.01
  11      -126.674760189     -6.51e-11      1.94e-06        0.01

 SCF converged in 10 iterations.

 Entropy contribution (-ST):             0.000000000
 Dipole moment (in Debye):               4.322721       0.323056       0.470115

Chlorophyll parameters
 D_scl:                                  0.636
 Mg_p:                                   0.902
 Mg_s:                                   1.053
 Mgp_Np:                                 1.402
 Mgp_Ns:                                 1.067
 Mgs_Np:                                 1.023
 Mgs_Ns:                                 1.468
 N_p:                                    1.044
 N_s:                                    1.281
 a_x:                                    0.067
 k_p:                                    2.694
 k_s:                                    1.462
 y_J:                                    4.012
 y_K:                                    2.147

 ----------------
  Excitation 0 1 
 ----------------
 Setting up Delta-SCF
 Ground-Excited state overlap:          -0.000000000
 No correction applied to the TDM.
 Excitation energy:                      0.069854589
 Excitation energy (in eV):              1.900840193
 Transition dipole:                      2.37556       1.26594       0.05291

 ******************
  Exciton analysis 
 ******************

 eigenvalues
 -----------
 state 0:                             -253.2752 hr
 state 1:                             -253.2085 hr
 state 2:                             -253.2053 hr

 coupling energies
 -----------------
 states 1, 2:                           -2.8723 cm^-1

 distances
 ---------
 chromophore 1, 2:                      76.4781 au

 charge centers
                         X                   Y                   Z
 1            16.756684054         4.501609036        53.977088187
 2            88.470868227        30.995292344        55.990448878
 Saving results in set 'trunc_bchla_4_bchla_12_frame_10001'

 --------------------------------------------------------------------------------

 End time:                               Thu Sep  9 11:42:19 2021
 Total wall-clock time:                  0.446 seconds
==================================================================================
