
================================================================================
          _____________ ________ _______________ ________     _________         
         / ___________// ______ \\_____   _____// ______ \   / ________)        
        / /_________  / /      \ \     | |     / /      \ \ | (_______          
       |  __________|| |        | |    | |    | |        | | \________ \        
        \ \_________ | |        | |    | |     \ \______/ /___________) |       
         \__________||_|        |_|    |_|      \________//____________/        
                                                                                
====================================[ Qcore ]===================================

 Git hash:   0385c69a4f85ff35f953e853350ecec6fa7ab330
 Git date:   Wed, 8 Sep 2021 10:09:58 +0100
 Compiler:   AppleClang 10.0.1.10010046
 Build type: Release
 Version:    2.1.1

 Start time: Fri Sep 10 11:57:26 2021

 Data directory: /Users/of15641/qcore/cmake-build-release/share/entos/2.1.1/data
 Number of threads: 2
 Number of threads was determined by: number of physical cores

 --------------------------------------------------------------------------------
                                command: excitons                                
 --------------------------------------------------------------------------------
 XTB basis setup:                        reference basis
 Implicit solvation model:               none
 Number of basis functions:            244
 GFN version:                            chlorophyll
 Integral screening threshold:           1.00e-10
 Total charge:                           0.000000000
 Number of electrons:                  218.000000000
 Electronic temperature (Kelvin):        0.000000000

 D3BJ energy:                           -0.062243897
 Repulsive energy:                       1.501970675

 ****************************************************
  Running robust self-consistent charge (SCC) solver 
 ****************************************************
 Number of SCC trials:                   4
 Using the stop-early mechanism for the first 3 trials

 Conv. threshold (charge):               1.00e-05
 Conv. threshold (energy):               1.00e-06
 Initial guess:                          SAD

 -------------
  SCC Trial 1 
 -------------
 Broyden mixing factor:                  0.400000000
 Max number of iterations:             128

 ---------------------------------------------------------------
                  energy        change          grad        time
 ---------------------------------------------------------------
   0      -125.905959019                    6.47e-01        0.01
   1      -126.583853688     -6.78e-01      3.69e-01        0.00
   2      -126.559723044      2.41e-02      9.67e-02        0.00
   3      -126.556246017      3.48e-03      2.45e-02        0.00
   4      -126.594988701     -3.87e-02      6.77e-03        0.00
   5      -126.597981120     -2.99e-03      2.21e-03        0.00
   6      -126.598245202     -2.64e-04      7.88e-04        0.00
   7      -126.598275321     -3.01e-05      1.90e-04        0.00
   8      -126.598276476     -1.16e-06      6.68e-05        0.00
   9      -126.598276502     -2.57e-08      2.95e-05        0.00
  10      -126.598276504     -2.05e-09      9.24e-06        0.00
  11      -126.598276505     -8.48e-10      2.78e-06        0.00

 SCF converged in 10 iterations.

 Entropy contribution (-ST):             0.000000000
 Dipole moment (in Debye):              -3.016825       0.128534       1.040872

Chlorophyll parameters
 D_scl:                                  0.636
 Mg_p:                                   0.902
 Mg_s:                                   1.053
 Mgp_Np:                                 1.402
 Mgp_Ns:                                 1.067
 Mgs_Np:                                 1.023
 Mgs_Ns:                                 1.468
 N_p:                                    1.044
 N_s:                                    1.281
 a_x:                                    0.067
 k_p:                                    2.694
 k_s:                                    1.462
 y_J:                                    4.012
 y_K:                                    2.147

 ----------------
  Excitation 0 1 
 ----------------
 Setting up Delta-SCF
 Ground-Excited state overlap:          -0.000000000
 No correction applied to the TDM.
 Excitation energy:                      0.068997725
 Excitation energy (in eV):              1.877523743
 Transition dipole:                     -2.42692      -1.22406       0.07846
 XTB basis setup:                        reference basis
 Implicit solvation model:               none
 Number of basis functions:            244
 GFN version:                            chlorophyll
 Integral screening threshold:           1.00e-10
 Total charge:                           0.000000000
 Number of electrons:                  218.000000000
 Electronic temperature (Kelvin):        0.000000000

 D3BJ energy:                           -0.062271131
 Repulsive energy:                       1.561057871

 ****************************************************
  Running robust self-consistent charge (SCC) solver 
 ****************************************************
 Number of SCC trials:                   4
 Using the stop-early mechanism for the first 3 trials

 Conv. threshold (charge):               1.00e-05
 Conv. threshold (energy):               1.00e-06
 Initial guess:                          SAD

 -------------
  SCC Trial 1 
 -------------
 Broyden mixing factor:                  0.400000000
 Max number of iterations:             128

 ---------------------------------------------------------------
                  energy        change          grad        time
 ---------------------------------------------------------------
   0      -125.969384633                    6.48e-01        0.01
   1      -126.636807190     -6.67e-01      3.70e-01        0.01
   2      -126.615028606      2.18e-02      9.60e-02        0.01
   3      -126.613373561      1.66e-03      2.37e-02        0.01
   4      -126.647781392     -3.44e-02      6.84e-03        0.01
   5      -126.651155400     -3.37e-03      2.00e-03        0.01
   6      -126.651375077     -2.20e-04      6.93e-04        0.01
   7      -126.651396137     -2.11e-05      1.86e-04        0.01
   8      -126.651397408     -1.27e-06      7.01e-05        0.01
   9      -126.651397450     -4.13e-08      2.93e-05        0.01
  10      -126.651397451     -1.34e-09      1.04e-05        0.01
  11      -126.651397452     -1.07e-09      2.67e-06        0.01
  12      -126.651397452     -5.56e-11      7.90e-07        0.01

 SCF converged in 11 iterations.

 Entropy contribution (-ST):             0.000000000
 Dipole moment (in Debye):               3.603990      -0.483661       0.887938

Chlorophyll parameters
 D_scl:                                  0.636
 Mg_p:                                   0.902
 Mg_s:                                   1.053
 Mgp_Np:                                 1.402
 Mgp_Ns:                                 1.067
 Mgs_Np:                                 1.023
 Mgs_Ns:                                 1.468
 N_p:                                    1.044
 N_s:                                    1.281
 a_x:                                    0.067
 k_p:                                    2.694
 k_s:                                    1.462
 y_J:                                    4.012
 y_K:                                    2.147

 ----------------
  Excitation 0 1 
 ----------------
 Setting up Delta-SCF
 Ground-Excited state overlap:          -0.000000000
 No correction applied to the TDM.
 Excitation energy:                      0.068713522
 Excitation energy (in eV):              1.869790180
 Transition dipole:                     -2.34250      -1.18858       0.34563

 ******************
  Exciton analysis 
 ******************

 eigenvalues
 -----------
 state 0:                             -253.2519 hr
 state 1:                             -253.1848 hr
 state 2:                             -253.1818 hr

 coupling energies
 -----------------
 states 1, 2:                         -327.7320 cm^-1

 distances
 ---------
 chromophore 1, 2:                      17.2291 au

 charge centers
                         X                   Y                   Z
 1            76.670755965        16.237648513        57.036470597
 2            87.277012087        29.385742695        53.648753790
 Saving results in set 'trunc_bchla_10_bchla_12_frame_4601'

 --------------------------------------------------------------------------------

 End time:                               Fri Sep 10 11:57:26 2021
 Total wall-clock time:                  0.432 seconds
==================================================================================
