
================================================================================
          _____________ ________ _______________ ________     _________         
         / ___________// ______ \\_____   _____// ______ \   / ________)        
        / /_________  / /      \ \     | |     / /      \ \ | (_______          
       |  __________|| |        | |    | |    | |        | | \________ \        
        \ \_________ | |        | |    | |     \ \______/ /___________) |       
         \__________||_|        |_|    |_|      \________//____________/        
                                                                                
====================================[ Qcore ]===================================

 Git hash:   0385c69a4f85ff35f953e853350ecec6fa7ab330
 Git date:   Wed, 8 Sep 2021 10:09:58 +0100
 Compiler:   AppleClang 10.0.1.10010046
 Build type: Release
 Version:    2.1.1

 Start time: Thu Sep  9 11:47:48 2021

 Data directory: /Users/of15641/qcore/cmake-build-release/share/entos/2.1.1/data
 Number of threads: 2
 Number of threads was determined by: number of physical cores

 --------------------------------------------------------------------------------
                                command: excitons                                
 --------------------------------------------------------------------------------
 XTB basis setup:                        reference basis
 Implicit solvation model:               none
 Number of basis functions:            244
 GFN version:                            chlorophyll
 Integral screening threshold:           1.00e-10
 Total charge:                           0.000000000
 Number of electrons:                  218.000000000
 Electronic temperature (Kelvin):        0.000000000

 D3BJ energy:                           -0.061941681
 Repulsive energy:                       1.531554333

 ****************************************************
  Running robust self-consistent charge (SCC) solver 
 ****************************************************
 Number of SCC trials:                   4
 Using the stop-early mechanism for the first 3 trials

 Conv. threshold (charge):               1.00e-05
 Conv. threshold (energy):               1.00e-06
 Initial guess:                          SAD

 -------------
  SCC Trial 1 
 -------------
 Broyden mixing factor:                  0.400000000
 Max number of iterations:             128

 ---------------------------------------------------------------
                  energy        change          grad        time
 ---------------------------------------------------------------
   0      -125.927642092                    6.46e-01        0.01
   1      -126.593172653     -6.66e-01      3.69e-01        0.00
   2      -126.569527681      2.36e-02      9.66e-02        0.00
   3      -126.575631646     -6.10e-03      2.41e-02        0.00
   4      -126.608381539     -3.27e-02      4.59e-03        0.00
   5      -126.609456791     -1.08e-03      1.47e-03        0.01
   6      -126.609539729     -8.29e-05      8.44e-04        0.02
   7      -126.609591290     -5.16e-05      1.72e-04        0.01
   8      -126.609592450     -1.16e-06      5.91e-05        0.00
   9      -126.609592502     -5.20e-08      2.28e-05        0.01
  10      -126.609592506     -4.04e-09      9.06e-06        0.00
  11      -126.609592507     -6.69e-10      2.69e-06        0.01

 SCF converged in 10 iterations.

 Entropy contribution (-ST):             0.000000000
 Dipole moment (in Debye):              -0.086999      -3.054511       0.163883

Chlorophyll parameters
 D_scl:                                  0.636
 Mg_p:                                   0.902
 Mg_s:                                   1.053
 Mgp_Np:                                 1.402
 Mgp_Ns:                                 1.067
 Mgs_Np:                                 1.023
 Mgs_Ns:                                 1.468
 N_p:                                    1.044
 N_s:                                    1.281
 a_x:                                    0.067
 k_p:                                    2.694
 k_s:                                    1.462
 y_J:                                    4.012
 y_K:                                    2.147

 ----------------
  Excitation 0 1 
 ----------------
 Setting up Delta-SCF
 Ground-Excited state overlap:          -0.000000000
 No correction applied to the TDM.
 Excitation energy:                      0.069931477
 Excitation energy (in eV):              1.902932419
 Transition dipole:                      1.86334      -1.94811      -0.14056
 XTB basis setup:                        reference basis
 Implicit solvation model:               none
 Number of basis functions:            244
 GFN version:                            chlorophyll
 Integral screening threshold:           1.00e-10
 Total charge:                           0.000000000
 Number of electrons:                  218.000000000
 Electronic temperature (Kelvin):        0.000000000

 D3BJ energy:                           -0.062455558
 Repulsive energy:                       1.473612486

 ****************************************************
  Running robust self-consistent charge (SCC) solver 
 ****************************************************
 Number of SCC trials:                   4
 Using the stop-early mechanism for the first 3 trials

 Conv. threshold (charge):               1.00e-05
 Conv. threshold (energy):               1.00e-06
 Initial guess:                          SAD

 -------------
  SCC Trial 1 
 -------------
 Broyden mixing factor:                  0.400000000
 Max number of iterations:             128

 ---------------------------------------------------------------
                  energy        change          grad        time
 ---------------------------------------------------------------
   0      -125.866426842                    6.46e-01        0.01
   1      -126.577281237     -7.11e-01      3.69e-01        0.01
   2      -126.564487067      1.28e-02      1.01e-01        0.01
   3      -126.575249578     -1.08e-02      1.92e-02        0.01
   4      -126.589205180     -1.40e-02      5.35e-03        0.01
   5      -126.590912390     -1.71e-03      2.02e-03        0.01
   6      -126.591177568     -2.65e-04      6.57e-04        0.01
   7      -126.591202490     -2.49e-05      1.87e-04        0.01
   8      -126.591204232     -1.74e-06      5.65e-05        0.02
   9      -126.591204302     -6.97e-08      2.14e-05        0.01
  10      -126.591204308     -6.54e-09      8.78e-06        0.01
  11      -126.591204310     -1.16e-09      2.91e-06        0.01

 SCF converged in 10 iterations.

 Entropy contribution (-ST):             0.000000000
 Dipole moment (in Debye):              -0.256391       2.557452      -0.527693

Chlorophyll parameters
 D_scl:                                  0.636
 Mg_p:                                   0.902
 Mg_s:                                   1.053
 Mgp_Np:                                 1.402
 Mgp_Ns:                                 1.067
 Mgs_Np:                                 1.023
 Mgs_Ns:                                 1.468
 N_p:                                    1.044
 N_s:                                    1.281
 a_x:                                    0.067
 k_p:                                    2.694
 k_s:                                    1.462
 y_J:                                    4.012
 y_K:                                    2.147

 ----------------
  Excitation 0 1 
 ----------------
 Setting up Delta-SCF
 Ground-Excited state overlap:           0.000000000
 No correction applied to the TDM.
 Excitation energy:                      0.066910673
 Excitation energy (in eV):              1.820732156
 Transition dipole:                     -1.64564      -2.17555       0.28688

 ******************
  Exciton analysis 
 ******************

 eigenvalues
 -----------
 state 0:                             -253.2008 hr
 state 1:                             -253.1339 hr
 state 2:                             -253.1309 hr

 coupling energies
 -----------------
 states 1, 2:                           -1.4012 cm^-1

 distances
 ---------
 chromophore 1, 2:                      91.2177 au

 charge centers
                         X                   Y                   Z
 1            32.489436888         0.200209892        55.257789818
 2           -17.460412345        74.321256406        73.471904238
 Saving results in set 'trunc_bchla_6_bchla_23_frame_45001'

 --------------------------------------------------------------------------------

 End time:                               Thu Sep  9 11:47:49 2021
 Total wall-clock time:                  0.486 seconds
==================================================================================
