
================================================================================
          _____________ ________ _______________ ________     _________         
         / ___________// ______ \\_____   _____// ______ \   / ________)        
        / /_________  / /      \ \     | |     / /      \ \ | (_______          
       |  __________|| |        | |    | |    | |        | | \________ \        
        \ \_________ | |        | |    | |     \ \______/ /___________) |       
         \__________||_|        |_|    |_|      \________//____________/        
                                                                                
====================================[ Qcore ]===================================

 Git hash:   0385c69a4f85ff35f953e853350ecec6fa7ab330
 Git date:   Wed, 8 Sep 2021 10:09:58 +0100
 Compiler:   AppleClang 10.0.1.10010046
 Build type: Release
 Version:    2.1.1

 Start time: Thu Sep  9 11:32:11 2021

 Data directory: /Users/of15641/qcore/cmake-build-release/share/entos/2.1.1/data
 Number of threads: 2
 Number of threads was determined by: number of physical cores

 --------------------------------------------------------------------------------
                                command: excitons                                
 --------------------------------------------------------------------------------
 XTB basis setup:                        reference basis
 Implicit solvation model:               none
 Number of basis functions:            244
 GFN version:                            chlorophyll
 Integral screening threshold:           1.00e-10
 Total charge:                           0.000000000
 Number of electrons:                  218.000000000
 Electronic temperature (Kelvin):        0.000000000

 D3BJ energy:                           -0.062066651
 Repulsive energy:                       1.528792887

 ****************************************************
  Running robust self-consistent charge (SCC) solver 
 ****************************************************
 Number of SCC trials:                   4
 Using the stop-early mechanism for the first 3 trials

 Conv. threshold (charge):               1.00e-05
 Conv. threshold (energy):               1.00e-06
 Initial guess:                          SAD

 -------------
  SCC Trial 1 
 -------------
 Broyden mixing factor:                  0.400000000
 Max number of iterations:             128

 ---------------------------------------------------------------
                  energy        change          grad        time
 ---------------------------------------------------------------
   0      -125.896924065                    6.47e-01        0.01
   1      -126.580126410     -6.83e-01      3.70e-01        0.00
   2      -126.557139141      2.30e-02      9.93e-02        0.00
   3      -126.559066958     -1.93e-03      2.68e-02        0.01
   4      -126.593294271     -3.42e-02      7.57e-03        0.00
   5      -126.597063602     -3.77e-03      2.43e-03        0.00
   6      -126.597483958     -4.20e-04      7.40e-04        0.00
   7      -126.597512732     -2.88e-05      1.84e-04        0.00
   8      -126.597513830     -1.10e-06      6.74e-05        0.01
   9      -126.597513895     -6.54e-08      2.57e-05        0.00
  10      -126.597513900     -5.35e-09      1.00e-05        0.00
  11      -126.597513901     -8.43e-10      2.73e-06        0.00
  12      -126.597513901     -5.47e-11      6.07e-07        0.00

 SCF converged in 11 iterations.

 Entropy contribution (-ST):             0.000000000
 Dipole moment (in Debye):              -2.775322       5.567057      -1.375908

Chlorophyll parameters
 D_scl:                                  0.636
 Mg_p:                                   0.902
 Mg_s:                                   1.053
 Mgp_Np:                                 1.402
 Mgp_Ns:                                 1.067
 Mgs_Np:                                 1.023
 Mgs_Ns:                                 1.468
 N_p:                                    1.044
 N_s:                                    1.281
 a_x:                                    0.067
 k_p:                                    2.694
 k_s:                                    1.462
 y_J:                                    4.012
 y_K:                                    2.147

 ----------------
  Excitation 0 1 
 ----------------
 Setting up Delta-SCF
 Ground-Excited state overlap:           0.000000000
 No correction applied to the TDM.
 Excitation energy:                      0.066865165
 Excitation energy (in eV):              1.819493831
 Transition dipole:                      0.09221      -2.72604      -0.11215
 XTB basis setup:                        reference basis
 Implicit solvation model:               none
 Number of basis functions:            244
 GFN version:                            chlorophyll
 Integral screening threshold:           1.00e-10
 Total charge:                           0.000000000
 Number of electrons:                  218.000000000
 Electronic temperature (Kelvin):        0.000000000

 D3BJ energy:                           -0.061679662
 Repulsive energy:                       1.516455288

 ****************************************************
  Running robust self-consistent charge (SCC) solver 
 ****************************************************
 Number of SCC trials:                   4
 Using the stop-early mechanism for the first 3 trials

 Conv. threshold (charge):               1.00e-05
 Conv. threshold (energy):               1.00e-06
 Initial guess:                          SAD

 -------------
  SCC Trial 1 
 -------------
 Broyden mixing factor:                  0.400000000
 Max number of iterations:             128

 ---------------------------------------------------------------
                  energy        change          grad        time
 ---------------------------------------------------------------
   0      -125.949868844                    6.47e-01        0.01
   1      -126.620305340     -6.70e-01      3.70e-01        0.01
   2      -126.530855597      8.94e-02      1.04e-01        0.01
   3      -126.487481269      4.34e-02      4.59e-02        0.01
   4      -126.643748327     -1.56e-01      9.01e-03        0.01
   5      -126.648222637     -4.47e-03      2.50e-03        0.01
   6      -126.648299656     -7.70e-05      1.12e-03        0.01
   7      -126.648360004     -6.03e-05      3.91e-04        0.01
   8      -126.648361621     -1.62e-06      2.13e-04        0.01
   9      -126.648361861     -2.40e-07      6.12e-05        0.01
  10      -126.648361891     -2.96e-08      2.05e-05        0.01
  11      -126.648361895     -4.61e-09      4.25e-06        0.01
  12      -126.648361896     -2.41e-10      1.42e-06        0.01

 SCF converged in 11 iterations.

 Entropy contribution (-ST):             0.000000000
 Dipole moment (in Debye):              -4.112083      -1.676184      -0.010363

Chlorophyll parameters
 D_scl:                                  0.636
 Mg_p:                                   0.902
 Mg_s:                                   1.053
 Mgp_Np:                                 1.402
 Mgp_Ns:                                 1.067
 Mgs_Np:                                 1.023
 Mgs_Ns:                                 1.468
 N_p:                                    1.044
 N_s:                                    1.281
 a_x:                                    0.067
 k_p:                                    2.694
 k_s:                                    1.462
 y_J:                                    4.012
 y_K:                                    2.147

 ----------------
  Excitation 0 1 
 ----------------
 Setting up Delta-SCF
 Ground-Excited state overlap:          -0.000000000
 No correction applied to the TDM.
 Excitation energy:                      0.066220655
 Excitation energy (in eV):              1.801955823
 Transition dipole:                      2.00202       1.89013       0.07076

 ******************
  Exciton analysis 
 ******************

 eigenvalues
 -----------
 state 0:                             -253.2463 hr
 state 1:                             -253.1796 hr
 state 2:                             -253.1794 hr

 coupling energies
 -----------------
 states 1, 2:                           11.3839 cm^-1

 distances
 ---------
 chromophore 1, 2:                      16.5711 au

 charge centers
                         X                   Y                   Z
 1            -3.899798377        31.709921629        53.478625428
 2            -9.063702141        47.399533222        52.148070736
 Saving results in set 'trunc_bchla_1_bchla_27_frame_35001'

 --------------------------------------------------------------------------------

 End time:                               Thu Sep  9 11:32:11 2021
 Total wall-clock time:                  0.438 seconds
==================================================================================
