
================================================================================
          _____________ ________ _______________ ________     _________         
         / ___________// ______ \\_____   _____// ______ \   / ________)        
        / /_________  / /      \ \     | |     / /      \ \ | (_______          
       |  __________|| |        | |    | |    | |        | | \________ \        
        \ \_________ | |        | |    | |     \ \______/ /___________) |       
         \__________||_|        |_|    |_|      \________//____________/        
                                                                                
====================================[ Qcore ]===================================

 Git hash:   0385c69a4f85ff35f953e853350ecec6fa7ab330
 Git date:   Wed, 8 Sep 2021 10:09:58 +0100
 Compiler:   AppleClang 10.0.1.10010046
 Build type: Release
 Version:    2.1.1

 Start time: Fri Sep 10 12:05:31 2021

 Data directory: /Users/of15641/qcore/cmake-build-release/share/entos/2.1.1/data
 Number of threads: 2
 Number of threads was determined by: number of physical cores

 --------------------------------------------------------------------------------
                                command: excitons                                
 --------------------------------------------------------------------------------
 XTB basis setup:                        reference basis
 Implicit solvation model:               none
 Number of basis functions:            244
 GFN version:                            chlorophyll
 Integral screening threshold:           1.00e-10
 Total charge:                           0.000000000
 Number of electrons:                  218.000000000
 Electronic temperature (Kelvin):        0.000000000

 D3BJ energy:                           -0.062455884
 Repulsive energy:                       1.517649482

 ****************************************************
  Running robust self-consistent charge (SCC) solver 
 ****************************************************
 Number of SCC trials:                   4
 Using the stop-early mechanism for the first 3 trials

 Conv. threshold (charge):               1.00e-05
 Conv. threshold (energy):               1.00e-06
 Initial guess:                          SAD

 -------------
  SCC Trial 1 
 -------------
 Broyden mixing factor:                  0.400000000
 Max number of iterations:             128

 ---------------------------------------------------------------
                  energy        change          grad        time
 ---------------------------------------------------------------
   0      -125.912902218                    6.47e-01        0.01
   1      -126.591445671     -6.79e-01      3.69e-01        0.01
   2      -126.573862320      1.76e-02      9.59e-02        0.01
   3      -126.575078769     -1.22e-03      2.21e-02        0.01
   4      -126.603154865     -2.81e-02      6.94e-03        0.01
   5      -126.606352321     -3.20e-03      2.32e-03        0.01
   6      -126.606656770     -3.04e-04      9.70e-04        0.01
   7      -126.606705927     -4.92e-05      2.35e-04        0.02
   8      -126.606707858     -1.93e-06      7.65e-05        0.01
   9      -126.606707899     -4.13e-08      3.38e-05        0.01
  10      -126.606707907     -7.36e-09      1.21e-05        0.01
  11      -126.606707907     -7.43e-10      3.96e-06        0.01
  12      -126.606707908     -1.60e-10      1.04e-06        0.01

 SCF converged in 11 iterations.

 Entropy contribution (-ST):             0.000000000
 Dipole moment (in Debye):              -3.675527       0.030383      -0.844545

Chlorophyll parameters
 D_scl:                                  0.636
 Mg_p:                                   0.902
 Mg_s:                                   1.053
 Mgp_Np:                                 1.402
 Mgp_Ns:                                 1.067
 Mgs_Np:                                 1.023
 Mgs_Ns:                                 1.468
 N_p:                                    1.044
 N_s:                                    1.281
 a_x:                                    0.067
 k_p:                                    2.694
 k_s:                                    1.462
 y_J:                                    4.012
 y_K:                                    2.147

 ----------------
  Excitation 0 1 
 ----------------
 Setting up Delta-SCF
 Ground-Excited state overlap:           0.000000000
 No correction applied to the TDM.
 Excitation energy:                      0.065094023
 Excitation energy (in eV):              1.771298600
 Transition dipole:                     -2.28252      -1.48245      -0.31456
 XTB basis setup:                        reference basis
 Implicit solvation model:               none
 Number of basis functions:            244
 GFN version:                            chlorophyll
 Integral screening threshold:           1.00e-10
 Total charge:                           0.000000000
 Number of electrons:                  218.000000000
 Electronic temperature (Kelvin):        0.000000000

 D3BJ energy:                           -0.061808218
 Repulsive energy:                       1.559261260

 ****************************************************
  Running robust self-consistent charge (SCC) solver 
 ****************************************************
 Number of SCC trials:                   4
 Using the stop-early mechanism for the first 3 trials

 Conv. threshold (charge):               1.00e-05
 Conv. threshold (energy):               1.00e-06
 Initial guess:                          SAD

 -------------
  SCC Trial 1 
 -------------
 Broyden mixing factor:                  0.400000000
 Max number of iterations:             128

 ---------------------------------------------------------------
                  energy        change          grad        time
 ---------------------------------------------------------------
   0      -125.914321655                    6.48e-01        0.01
   1      -126.607021807     -6.93e-01      3.71e-01        0.01
   2      -126.584198621      2.28e-02      1.00e-01        0.02
   3      -126.578617421      5.58e-03      2.95e-02        0.01
   4      -126.615259725     -3.66e-02      1.06e-02        0.01
   5      -126.623006317     -7.75e-03      1.94e-03        0.01
   6      -126.623150104     -1.44e-04      4.49e-04        0.01
   7      -126.623153323     -3.22e-06      1.44e-04        0.01
   8      -126.623153462     -1.38e-07      8.65e-05        0.01
   9      -126.623153718     -2.57e-07      3.75e-05        0.01
  10      -126.623153733     -1.46e-08      1.29e-05        0.01
  11      -126.623153736     -3.07e-09      4.37e-06        0.01
  12      -126.623153736     -3.13e-10      1.13e-06        0.01

 SCF converged in 11 iterations.

 Entropy contribution (-ST):             0.000000000
 Dipole moment (in Debye):               4.471283       0.123190       1.549239

Chlorophyll parameters
 D_scl:                                  0.636
 Mg_p:                                   0.902
 Mg_s:                                   1.053
 Mgp_Np:                                 1.402
 Mgp_Ns:                                 1.067
 Mgs_Np:                                 1.023
 Mgs_Ns:                                 1.468
 N_p:                                    1.044
 N_s:                                    1.281
 a_x:                                    0.067
 k_p:                                    2.694
 k_s:                                    1.462
 y_J:                                    4.012
 y_K:                                    2.147

 ----------------
  Excitation 0 1 
 ----------------
 Setting up Delta-SCF
 Ground-Excited state overlap:          -0.000000000
 No correction applied to the TDM.
 Excitation energy:                      0.068193533
 Excitation energy (in eV):              1.855640555
 Transition dipole:                     -0.73755       2.40921       0.82130

 ******************
  Exciton analysis 
 ******************

 eigenvalues
 -----------
 state 0:                             -253.2299 hr
 state 1:                             -253.1648 hr
 state 2:                             -253.1617 hr

 coupling energies
 -----------------
 states 1, 2:                            5.1934 cm^-1

 distances
 ---------
 chromophore 1, 2:                      76.8364 au

 charge centers
                         X                   Y                   Z
 1            79.493905599        16.146200888        57.113710915
 2            90.778720087        88.666288907        79.858336907
 Saving results in set 'trunc_bchla_10_bchla_14_frame_36801'

 --------------------------------------------------------------------------------

 End time:                               Fri Sep 10 12:05:31 2021
 Total wall-clock time:                  0.498 seconds
==================================================================================
