
================================================================================
          _____________ ________ _______________ ________     _________         
         / ___________// ______ \\_____   _____// ______ \   / ________)        
        / /_________  / /      \ \     | |     / /      \ \ | (_______          
       |  __________|| |        | |    | |    | |        | | \________ \        
        \ \_________ | |        | |    | |     \ \______/ /___________) |       
         \__________||_|        |_|    |_|      \________//____________/        
                                                                                
====================================[ Qcore ]===================================

 Git hash:   0385c69a4f85ff35f953e853350ecec6fa7ab330
 Git date:   Wed, 8 Sep 2021 10:09:58 +0100
 Compiler:   AppleClang 10.0.1.10010046
 Build type: Release
 Version:    2.1.1

 Start time: Fri Sep 10 11:52:25 2021

 Data directory: /Users/of15641/qcore/cmake-build-release/share/entos/2.1.1/data
 Number of threads: 2
 Number of threads was determined by: number of physical cores

 --------------------------------------------------------------------------------
                                command: excitons                                
 --------------------------------------------------------------------------------
 XTB basis setup:                        reference basis
 Implicit solvation model:               none
 Number of basis functions:            244
 GFN version:                            chlorophyll
 Integral screening threshold:           1.00e-10
 Total charge:                           0.000000000
 Number of electrons:                  218.000000000
 Electronic temperature (Kelvin):        0.000000000

 D3BJ energy:                           -0.062852711
 Repulsive energy:                       1.469835146

 ****************************************************
  Running robust self-consistent charge (SCC) solver 
 ****************************************************
 Number of SCC trials:                   4
 Using the stop-early mechanism for the first 3 trials

 Conv. threshold (charge):               1.00e-05
 Conv. threshold (energy):               1.00e-06
 Initial guess:                          SAD

 -------------
  SCC Trial 1 
 -------------
 Broyden mixing factor:                  0.400000000
 Max number of iterations:             128

 ---------------------------------------------------------------
                  energy        change          grad        time
 ---------------------------------------------------------------
   0      -125.895617095                    6.46e-01        0.01
   1      -126.573264731     -6.78e-01      3.68e-01        0.02
   2      -126.536820911      3.64e-02      9.75e-02        0.00
   3      -126.533147350      3.67e-03      3.02e-02        0.00
   4      -126.588961585     -5.58e-02      5.08e-03        0.00
   5      -126.590060716     -1.10e-03      2.16e-03        0.00
   6      -126.590286197     -2.25e-04      1.13e-03        0.00
   7      -126.590369245     -8.30e-05      2.74e-04        0.00
   8      -126.590372030     -2.78e-06      8.29e-05        0.01
   9      -126.590372050     -2.09e-08      4.14e-05        0.01
  10      -126.590372064     -1.35e-08      1.34e-05        0.01
  11      -126.590372066     -1.97e-09      4.30e-06        0.01
  12      -126.590372066     -2.20e-10      1.22e-06        0.00

 SCF converged in 11 iterations.

 Entropy contribution (-ST):             0.000000000
 Dipole moment (in Debye):              -3.281367       0.486908       0.656124

Chlorophyll parameters
 D_scl:                                  0.636
 Mg_p:                                   0.902
 Mg_s:                                   1.053
 Mgp_Np:                                 1.402
 Mgp_Ns:                                 1.067
 Mgs_Np:                                 1.023
 Mgs_Ns:                                 1.468
 N_p:                                    1.044
 N_s:                                    1.281
 a_x:                                    0.067
 k_p:                                    2.694
 k_s:                                    1.462
 y_J:                                    4.012
 y_K:                                    2.147

 ----------------
  Excitation 0 1 
 ----------------
 Setting up Delta-SCF
 Ground-Excited state overlap:           0.000000000
 No correction applied to the TDM.
 Excitation energy:                      0.065155378
 Excitation energy (in eV):              1.772968169
 Transition dipole:                      2.54286       1.26875      -0.08130
 XTB basis setup:                        reference basis
 Implicit solvation model:               none
 Number of basis functions:            244
 GFN version:                            chlorophyll
 Integral screening threshold:           1.00e-10
 Total charge:                           0.000000000
 Number of electrons:                  218.000000000
 Electronic temperature (Kelvin):        0.000000000

 D3BJ energy:                           -0.062479089
 Repulsive energy:                       1.492749972

 ****************************************************
  Running robust self-consistent charge (SCC) solver 
 ****************************************************
 Number of SCC trials:                   4
 Using the stop-early mechanism for the first 3 trials

 Conv. threshold (charge):               1.00e-05
 Conv. threshold (energy):               1.00e-06
 Initial guess:                          SAD

 -------------
  SCC Trial 1 
 -------------
 Broyden mixing factor:                  0.400000000
 Max number of iterations:             128

 ---------------------------------------------------------------
                  energy        change          grad        time
 ---------------------------------------------------------------
   0      -125.894182024                    6.47e-01        0.02
   1      -126.575461542     -6.81e-01      3.68e-01        0.01
   2      -126.559181292      1.63e-02      9.87e-02        0.01
   3      -126.561650077     -2.47e-03      2.35e-02        0.01
   4      -126.586204231     -2.46e-02      7.62e-03        0.01
   5      -126.589843914     -3.64e-03      2.28e-03        0.01
   6      -126.590175053     -3.31e-04      9.07e-04        0.01
   7      -126.590228965     -5.39e-05      2.18e-04        0.01
   8      -126.590230898     -1.93e-06      7.11e-05        0.01
   9      -126.590230983     -8.55e-08      2.91e-05        0.01
  10      -126.590230993     -9.57e-09      1.19e-05        0.01
  11      -126.590230995     -2.16e-09      3.48e-06        0.01
  12      -126.590230995     -1.57e-10      1.24e-06        0.01

 SCF converged in 11 iterations.

 Entropy contribution (-ST):             0.000000000
 Dipole moment (in Debye):               1.735447      -1.050337       1.447034

Chlorophyll parameters
 D_scl:                                  0.636
 Mg_p:                                   0.902
 Mg_s:                                   1.053
 Mgp_Np:                                 1.402
 Mgp_Ns:                                 1.067
 Mgs_Np:                                 1.023
 Mgs_Ns:                                 1.468
 N_p:                                    1.044
 N_s:                                    1.281
 a_x:                                    0.067
 k_p:                                    2.694
 k_s:                                    1.462
 y_J:                                    4.012
 y_K:                                    2.147

 ----------------
  Excitation 0 1 
 ----------------
 Setting up Delta-SCF
 Ground-Excited state overlap:           0.000000000
 No correction applied to the TDM.
 Excitation energy:                      0.065114918
 Excitation energy (in eV):              1.771867183
 Transition dipole:                      0.65784       2.64841       0.27017

 ******************
  Exciton analysis 
 ******************

 eigenvalues
 -----------
 state 0:                             -253.1805 hr
 state 1:                             -253.1155 hr
 state 2:                             -253.1153 hr

 coupling energies
 -----------------
 states 1, 2:                          -17.0475 cm^-1

 distances
 ---------
 chromophore 1, 2:                      45.9121 au

 charge centers
                         X                   Y                   Z
 1            76.634330857        17.489491866        56.471385578
 2           101.052043888        47.955532561        80.627428219
 Saving results in set 'trunc_bchla_10_bchla_11_frame_37701'

 --------------------------------------------------------------------------------

 End time:                               Fri Sep 10 11:52:26 2021
 Total wall-clock time:                  0.471 seconds
==================================================================================
