
================================================================================
          _____________ ________ _______________ ________     _________         
         / ___________// ______ \\_____   _____// ______ \   / ________)        
        / /_________  / /      \ \     | |     / /      \ \ | (_______          
       |  __________|| |        | |    | |    | |        | | \________ \        
        \ \_________ | |        | |    | |     \ \______/ /___________) |       
         \__________||_|        |_|    |_|      \________//____________/        
                                                                                
====================================[ Qcore ]===================================

 Git hash:   0385c69a4f85ff35f953e853350ecec6fa7ab330
 Git date:   Wed, 8 Sep 2021 10:09:58 +0100
 Compiler:   AppleClang 10.0.1.10010046
 Build type: Release
 Version:    2.1.1

 Start time: Fri Sep 10 12:02:03 2021

 Data directory: /Users/of15641/qcore/cmake-build-release/share/entos/2.1.1/data
 Number of threads: 2
 Number of threads was determined by: number of physical cores

 --------------------------------------------------------------------------------
                                command: excitons                                
 --------------------------------------------------------------------------------
 XTB basis setup:                        reference basis
 Implicit solvation model:               none
 Number of basis functions:            244
 GFN version:                            chlorophyll
 Integral screening threshold:           1.00e-10
 Total charge:                           0.000000000
 Number of electrons:                  218.000000000
 Electronic temperature (Kelvin):        0.000000000

 D3BJ energy:                           -0.061348116
 Repulsive energy:                       1.536677319

 ****************************************************
  Running robust self-consistent charge (SCC) solver 
 ****************************************************
 Number of SCC trials:                   4
 Using the stop-early mechanism for the first 3 trials

 Conv. threshold (charge):               1.00e-05
 Conv. threshold (energy):               1.00e-06
 Initial guess:                          SAD

 -------------
  SCC Trial 1 
 -------------
 Broyden mixing factor:                  0.400000000
 Max number of iterations:             128

 ---------------------------------------------------------------
                  energy        change          grad        time
 ---------------------------------------------------------------
   0      -125.925713309                    6.48e-01        0.01
   1      -126.606244123     -6.81e-01      3.70e-01        0.00
   2      -126.574293954      3.20e-02      9.78e-02        0.00
   3      -126.562274479      1.20e-02      2.88e-02        0.00
   4      -126.618493903     -5.62e-02      8.41e-03        0.00
   5      -126.623038541     -4.54e-03      2.32e-03        0.00
   6      -126.623266670     -2.28e-04      9.46e-04        0.00
   7      -126.623308070     -4.14e-05      2.43e-04        0.00
   8      -126.623309763     -1.69e-06      9.50e-05        0.00
   9      -126.623309813     -5.02e-08      4.30e-05        0.00
  10      -126.623309819     -6.36e-09      1.47e-05        0.01
  11      -126.623309822     -2.50e-09      4.29e-06        0.01
  12      -126.623309822     -2.63e-10      1.03e-06        0.00

 SCF converged in 11 iterations.

 Entropy contribution (-ST):             0.000000000
 Dipole moment (in Debye):              -3.320148       0.522221       1.505921

Chlorophyll parameters
 D_scl:                                  0.636
 Mg_p:                                   0.902
 Mg_s:                                   1.053
 Mgp_Np:                                 1.402
 Mgp_Ns:                                 1.067
 Mgs_Np:                                 1.023
 Mgs_Ns:                                 1.468
 N_p:                                    1.044
 N_s:                                    1.281
 a_x:                                    0.067
 k_p:                                    2.694
 k_s:                                    1.462
 y_J:                                    4.012
 y_K:                                    2.147

 ----------------
  Excitation 0 1 
 ----------------
 Setting up Delta-SCF
 Ground-Excited state overlap:          -0.000000000
 No correction applied to the TDM.
 Excitation energy:                      0.069192708
 Excitation energy (in eV):              1.882829504
 Transition dipole:                     -2.46584      -1.10279       0.47712
 XTB basis setup:                        reference basis
 Implicit solvation model:               none
 Number of basis functions:            244
 GFN version:                            chlorophyll
 Integral screening threshold:           1.00e-10
 Total charge:                           0.000000000
 Number of electrons:                  218.000000000
 Electronic temperature (Kelvin):        0.000000000

 D3BJ energy:                           -0.062131980
 Repulsive energy:                       1.478557666

 ****************************************************
  Running robust self-consistent charge (SCC) solver 
 ****************************************************
 Number of SCC trials:                   4
 Using the stop-early mechanism for the first 3 trials

 Conv. threshold (charge):               1.00e-05
 Conv. threshold (energy):               1.00e-06
 Initial guess:                          SAD

 -------------
  SCC Trial 1 
 -------------
 Broyden mixing factor:                  0.400000000
 Max number of iterations:             128

 ---------------------------------------------------------------
                  energy        change          grad        time
 ---------------------------------------------------------------
   0      -125.905159603                    6.45e-01        0.01
   1      -126.582649445     -6.77e-01      3.68e-01        0.01
   2      -126.538034322      4.46e-02      9.84e-02        0.01
   3      -126.493508366      4.45e-02      3.94e-02        0.01
   4      -126.595947712     -1.02e-01      8.51e-03        0.01
   5      -126.600183046     -4.24e-03      2.24e-03        0.01
   6      -126.600330123     -1.47e-04      1.11e-03        0.01
   7      -126.600399389     -6.93e-05      2.92e-04        0.01
   8      -126.600401462     -2.07e-06      1.63e-04        0.01
   9      -126.600401735     -2.74e-07      6.47e-05        0.01
  10      -126.600401753     -1.83e-08      2.60e-05        0.01
  11      -126.600401762     -8.08e-09      5.21e-06        0.01
  12      -126.600401762     -1.99e-10      1.21e-06        0.01

 SCF converged in 11 iterations.

 Entropy contribution (-ST):             0.000000000
 Dipole moment (in Debye):              -2.008986      -2.140739       0.685137

Chlorophyll parameters
 D_scl:                                  0.636
 Mg_p:                                   0.902
 Mg_s:                                   1.053
 Mgp_Np:                                 1.402
 Mgp_Ns:                                 1.067
 Mgs_Np:                                 1.023
 Mgs_Ns:                                 1.468
 N_p:                                    1.044
 N_s:                                    1.281
 a_x:                                    0.067
 k_p:                                    2.694
 k_s:                                    1.462
 y_J:                                    4.012
 y_K:                                    2.147

 ----------------
  Excitation 0 1 
 ----------------
 Setting up Delta-SCF
 Ground-Excited state overlap:          -0.000000000
 No correction applied to the TDM.
 Excitation energy:                      0.065043905
 Excitation energy (in eV):              1.769934826
 Transition dipole:                     -1.06652      -2.56389       0.50569

 ******************
  Exciton analysis 
 ******************

 eigenvalues
 -----------
 state 0:                             -253.2239 hr
 state 1:                             -253.1589 hr
 state 2:                             -253.1548 hr

 coupling energies
 -----------------
 states 1, 2:                          -65.8140 cm^-1

 distances
 ---------
 chromophore 1, 2:                      34.5391 au

 charge centers
                         X                   Y                   Z
 1            78.137414420        17.274594592        58.982669640
 2            91.522369277        48.953771677        55.785415134
 Saving results in set 'trunc_bchla_10_bchla_13_frame_47901'

 --------------------------------------------------------------------------------

 End time:                               Fri Sep 10 12:02:04 2021
 Total wall-clock time:                  0.453 seconds
==================================================================================
