
================================================================================
          _____________ ________ _______________ ________     _________         
         / ___________// ______ \\_____   _____// ______ \   / ________)        
        / /_________  / /      \ \     | |     / /      \ \ | (_______          
       |  __________|| |        | |    | |    | |        | | \________ \        
        \ \_________ | |        | |    | |     \ \______/ /___________) |       
         \__________||_|        |_|    |_|      \________//____________/        
                                                                                
====================================[ Qcore ]===================================

 Git hash:   0385c69a4f85ff35f953e853350ecec6fa7ab330
 Git date:   Wed, 8 Sep 2021 10:09:58 +0100
 Compiler:   AppleClang 10.0.1.10010046
 Build type: Release
 Version:    2.1.1

 Start time: Fri Sep 10 11:50:21 2021

 Data directory: /Users/of15641/qcore/cmake-build-release/share/entos/2.1.1/data
 Number of threads: 2
 Number of threads was determined by: number of physical cores

 --------------------------------------------------------------------------------
                                command: excitons                                
 --------------------------------------------------------------------------------
 XTB basis setup:                        reference basis
 Implicit solvation model:               none
 Number of basis functions:            244
 GFN version:                            chlorophyll
 Integral screening threshold:           1.00e-10
 Total charge:                           0.000000000
 Number of electrons:                  218.000000000
 Electronic temperature (Kelvin):        0.000000000

 D3BJ energy:                           -0.061955543
 Repulsive energy:                       1.479519809

 ****************************************************
  Running robust self-consistent charge (SCC) solver 
 ****************************************************
 Number of SCC trials:                   4
 Using the stop-early mechanism for the first 3 trials

 Conv. threshold (charge):               1.00e-05
 Conv. threshold (energy):               1.00e-06
 Initial guess:                          SAD

 -------------
  SCC Trial 1 
 -------------
 Broyden mixing factor:                  0.400000000
 Max number of iterations:             128

 ---------------------------------------------------------------
                  energy        change          grad        time
 ---------------------------------------------------------------
   0      -125.867606317                    6.45e-01        0.01
   1      -126.552991930     -6.85e-01      3.68e-01        0.00
   2      -126.522265828      3.07e-02      9.87e-02        0.00
   3      -126.507343897      1.49e-02      2.95e-02        0.00
   4      -126.563619359     -5.63e-02      1.12e-02        0.00
   5      -126.571320919     -7.70e-03      2.42e-03        0.00
   6      -126.571514141     -1.93e-04      9.83e-04        0.00
   7      -126.571551393     -3.73e-05      2.71e-04        0.00
   8      -126.571553795     -2.40e-06      1.18e-04        0.00
   9      -126.571553902     -1.07e-07      5.40e-05        0.01
  10      -126.571553910     -8.66e-09      2.10e-05        0.01
  11      -126.571553915     -4.89e-09      4.33e-06        0.00
  12      -126.571553915     -2.70e-10      1.19e-06        0.00

 SCF converged in 11 iterations.

 Entropy contribution (-ST):             0.000000000
 Dipole moment (in Debye):              -3.024761       0.606186      -0.351779

Chlorophyll parameters
 D_scl:                                  0.636
 Mg_p:                                   0.902
 Mg_s:                                   1.053
 Mgp_Np:                                 1.402
 Mgp_Ns:                                 1.067
 Mgs_Np:                                 1.023
 Mgs_Ns:                                 1.468
 N_p:                                    1.044
 N_s:                                    1.281
 a_x:                                    0.067
 k_p:                                    2.694
 k_s:                                    1.462
 y_J:                                    4.012
 y_K:                                    2.147

 ----------------
  Excitation 0 1 
 ----------------
 Setting up Delta-SCF
 Ground-Excited state overlap:          -0.000000000
 No correction applied to the TDM.
 Excitation energy:                      0.066575666
 Excitation energy (in eV):              1.811616153
 Transition dipole:                      2.25175       1.50699      -0.57820
 XTB basis setup:                        reference basis
 Implicit solvation model:               none
 Number of basis functions:            244
 GFN version:                            chlorophyll
 Integral screening threshold:           1.00e-10
 Total charge:                           0.000000000
 Number of electrons:                  218.000000000
 Electronic temperature (Kelvin):        0.000000000

 D3BJ energy:                           -0.061984247
 Repulsive energy:                       1.563414975

 ****************************************************
  Running robust self-consistent charge (SCC) solver 
 ****************************************************
 Number of SCC trials:                   4
 Using the stop-early mechanism for the first 3 trials

 Conv. threshold (charge):               1.00e-05
 Conv. threshold (energy):               1.00e-06
 Initial guess:                          SAD

 -------------
  SCC Trial 1 
 -------------
 Broyden mixing factor:                  0.400000000
 Max number of iterations:             128

 ---------------------------------------------------------------
                  energy        change          grad        time
 ---------------------------------------------------------------
   0      -125.935477837                    6.48e-01        0.02
   1      -126.598458443     -6.63e-01      3.69e-01        0.01
   2      -126.584855417      1.36e-02      9.40e-02        0.01
   3      -126.578045864      6.81e-03      2.42e-02        0.01
   4      -126.605924400     -2.79e-02      9.01e-03        0.01
   5      -126.611845092     -5.92e-03      1.70e-03        0.01
   6      -126.611957531     -1.12e-04      4.41e-04        0.01
   7      -126.611961579     -4.05e-06      1.23e-04        0.01
   8      -126.611961698     -1.19e-07      6.41e-05        0.01
   9      -126.611961769     -7.07e-08      2.79e-05        0.01
  10      -126.611961777     -7.76e-09      1.26e-05        0.01
  11      -126.611961781     -4.06e-09      3.85e-06        0.01
  12      -126.611961781     -4.34e-10      1.14e-06        0.01

 SCF converged in 11 iterations.

 Entropy contribution (-ST):             0.000000000
 Dipole moment (in Debye):               1.064438      -0.853941       2.460861

Chlorophyll parameters
 D_scl:                                  0.636
 Mg_p:                                   0.902
 Mg_s:                                   1.053
 Mgp_Np:                                 1.402
 Mgp_Ns:                                 1.067
 Mgs_Np:                                 1.023
 Mgs_Ns:                                 1.468
 N_p:                                    1.044
 N_s:                                    1.281
 a_x:                                    0.067
 k_p:                                    2.694
 k_s:                                    1.462
 y_J:                                    4.012
 y_K:                                    2.147

 ----------------
  Excitation 0 1 
 ----------------
 Setting up Delta-SCF
 Ground-Excited state overlap:           0.000000000
 No correction applied to the TDM.
 Excitation energy:                      0.067994189
 Excitation energy (in eV):              1.850216129
 Transition dipole:                     -0.09549      -2.54091      -0.91175

 ******************
  Exciton analysis 
 ******************

 eigenvalues
 -----------
 state 0:                             -253.1835 hr
 state 1:                             -253.1169 hr
 state 2:                             -253.1154 hr

 coupling energies
 -----------------
 states 1, 2:                           15.4315 cm^-1

 distances
 ---------
 chromophore 1, 2:                      45.5131 au

 charge centers
                         X                   Y                   Z
 1            77.868570761        17.501602741        57.576225776
 2           101.700665791        46.733420825        83.051144131
 Saving results in set 'trunc_bchla_10_bchla_11_frame_16301'

 --------------------------------------------------------------------------------

 End time:                               Fri Sep 10 11:50:22 2021
 Total wall-clock time:                  0.463 seconds
==================================================================================
