
================================================================================
          _____________ ________ _______________ ________     _________         
         / ___________// ______ \\_____   _____// ______ \   / ________)        
        / /_________  / /      \ \     | |     / /      \ \ | (_______          
       |  __________|| |        | |    | |    | |        | | \________ \        
        \ \_________ | |        | |    | |     \ \______/ /___________) |       
         \__________||_|        |_|    |_|      \________//____________/        
                                                                                
====================================[ Qcore ]===================================

 Git hash:   0385c69a4f85ff35f953e853350ecec6fa7ab330
 Git date:   Wed, 8 Sep 2021 10:09:58 +0100
 Compiler:   AppleClang 10.0.1.10010046
 Build type: Release
 Version:    2.1.1

 Start time: Thu Sep  9 11:28:42 2021

 Data directory: /Users/of15641/qcore/cmake-build-release/share/entos/2.1.1/data
 Number of threads: 2
 Number of threads was determined by: number of physical cores

 --------------------------------------------------------------------------------
                                command: excitons                                
 --------------------------------------------------------------------------------
 XTB basis setup:                        reference basis
 Implicit solvation model:               none
 Number of basis functions:            244
 GFN version:                            chlorophyll
 Integral screening threshold:           1.00e-10
 Total charge:                           0.000000000
 Number of electrons:                  218.000000000
 Electronic temperature (Kelvin):        0.000000000

 D3BJ energy:                           -0.061709530
 Repulsive energy:                       1.502484484

 ****************************************************
  Running robust self-consistent charge (SCC) solver 
 ****************************************************
 Number of SCC trials:                   4
 Using the stop-early mechanism for the first 3 trials

 Conv. threshold (charge):               1.00e-05
 Conv. threshold (energy):               1.00e-06
 Initial guess:                          SAD

 -------------
  SCC Trial 1 
 -------------
 Broyden mixing factor:                  0.400000000
 Max number of iterations:             128

 ---------------------------------------------------------------
                  energy        change          grad        time
 ---------------------------------------------------------------
   0      -125.918548640                    6.46e-01        0.01
   1      -126.605702233     -6.87e-01      3.69e-01        0.01
   2      -126.586653504      1.90e-02      9.75e-02        0.01
   3      -126.596380028     -9.73e-03      2.18e-02        0.01
   4      -126.618636327     -2.23e-02      5.31e-03        0.01
   5      -126.620256006     -1.62e-03      2.26e-03        0.01
   6      -126.620574641     -3.19e-04      7.83e-04        0.01
   7      -126.620610831     -3.62e-05      2.16e-04        0.01
   8      -126.620612801     -1.97e-06      5.73e-05        0.01
   9      -126.620612820     -1.90e-08      2.72e-05        0.01
  10      -126.620612831     -1.04e-08      1.01e-05        0.01
  11      -126.620612832     -1.08e-09      2.98e-06        0.01
  12      -126.620612832     -1.09e-10      7.56e-07        0.01

 SCF converged in 11 iterations.

 Entropy contribution (-ST):             0.000000000
 Dipole moment (in Debye):               0.620551       2.671416      -1.084494

Chlorophyll parameters
 D_scl:                                  0.636
 Mg_p:                                   0.902
 Mg_s:                                   1.053
 Mgp_Np:                                 1.402
 Mgp_Ns:                                 1.067
 Mgs_Np:                                 1.023
 Mgs_Ns:                                 1.468
 N_p:                                    1.044
 N_s:                                    1.281
 a_x:                                    0.067
 k_p:                                    2.694
 k_s:                                    1.462
 y_J:                                    4.012
 y_K:                                    2.147

 ----------------
  Excitation 0 1 
 ----------------
 Setting up Delta-SCF
 Ground-Excited state overlap:           0.000000000
 No correction applied to the TDM.
 Excitation energy:                      0.067376580
 Excitation energy (in eV):              1.833410148
 Transition dipole:                      2.80019      -0.20493       0.13720
 XTB basis setup:                        reference basis
 Implicit solvation model:               none
 Number of basis functions:            244
 GFN version:                            chlorophyll
 Integral screening threshold:           1.00e-10
 Total charge:                           0.000000000
 Number of electrons:                  218.000000000
 Electronic temperature (Kelvin):        0.000000000

 D3BJ energy:                           -0.062521612
 Repulsive energy:                       1.526288249

 ****************************************************
  Running robust self-consistent charge (SCC) solver 
 ****************************************************
 Number of SCC trials:                   4
 Using the stop-early mechanism for the first 3 trials

 Conv. threshold (charge):               1.00e-05
 Conv. threshold (energy):               1.00e-06
 Initial guess:                          SAD

 -------------
  SCC Trial 1 
 -------------
 Broyden mixing factor:                  0.400000000
 Max number of iterations:             128

 ---------------------------------------------------------------
                  energy        change          grad        time
 ---------------------------------------------------------------
   0      -125.929899626                    6.46e-01        0.01
   1      -126.599331585     -6.69e-01      3.69e-01        0.01
   2      -126.552359525      4.70e-02      9.63e-02        0.01
   3      -126.512476585      3.99e-02      3.64e-02        0.01
   4      -126.612916755     -1.00e-01      9.40e-03        0.01
   5      -126.617212128     -4.30e-03      2.43e-03        0.01
   6      -126.617297520     -8.54e-05      1.05e-03        0.01
   7      -126.617339922     -4.24e-05      2.83e-04        0.01
   8      -126.617341365     -1.44e-06      1.70e-04        0.01
   9      -126.617341648     -2.83e-07      6.42e-05        0.01
  10      -126.617341665     -1.74e-08      1.57e-05        0.01
  11      -126.617341669     -4.09e-09      5.12e-06        0.01
  12      -126.617341669     -3.55e-10      1.09e-06        0.01

 SCF converged in 11 iterations.

 Entropy contribution (-ST):             0.000000000
 Dipole moment (in Debye):               2.150030       0.902387       0.704417

Chlorophyll parameters
 D_scl:                                  0.636
 Mg_p:                                   0.902
 Mg_s:                                   1.053
 Mgp_Np:                                 1.402
 Mgp_Ns:                                 1.067
 Mgs_Np:                                 1.023
 Mgs_Ns:                                 1.468
 N_p:                                    1.044
 N_s:                                    1.281
 a_x:                                    0.067
 k_p:                                    2.694
 k_s:                                    1.462
 y_J:                                    4.012
 y_K:                                    2.147

 ----------------
  Excitation 0 1 
 ----------------
 Setting up Delta-SCF
 Ground-Excited state overlap:           0.000000000
 No correction applied to the TDM.
 Excitation energy:                      0.067349227
 Excitation energy (in eV):              1.832665835
 Transition dipole:                     -1.88349      -2.01478      -0.12041

 ******************
  Exciton analysis 
 ******************

 eigenvalues
 -----------
 state 0:                             -253.2380 hr
 state 1:                             -253.1706 hr
 state 2:                             -253.1706 hr

 coupling energies
 -----------------
 states 1, 2:                            4.6730 cm^-1

 distances
 ---------
 chromophore 1, 2:                      79.2619 au

 charge centers
                         X                   Y                   Z
 1            55.793138737       111.494016917        74.866114674
 2            -3.941374414        64.010527106        53.428735240
 Saving results in set 'trunc_bchla_17_bchla_25_frame_35001'

 --------------------------------------------------------------------------------

 End time:                               Thu Sep  9 11:28:43 2021
 Total wall-clock time:                  0.510 seconds
==================================================================================
