
================================================================================
          _____________ ________ _______________ ________     _________         
         / ___________// ______ \\_____   _____// ______ \   / ________)        
        / /_________  / /      \ \     | |     / /      \ \ | (_______          
       |  __________|| |        | |    | |    | |        | | \________ \        
        \ \_________ | |        | |    | |     \ \______/ /___________) |       
         \__________||_|        |_|    |_|      \________//____________/        
                                                                                
====================================[ Qcore ]===================================

 Git hash:   0385c69a4f85ff35f953e853350ecec6fa7ab330
 Git date:   Wed, 8 Sep 2021 10:09:58 +0100
 Compiler:   AppleClang 10.0.1.10010046
 Build type: Release
 Version:    2.1.1

 Start time: Fri Sep 10 11:52:22 2021

 Data directory: /Users/of15641/qcore/cmake-build-release/share/entos/2.1.1/data
 Number of threads: 2
 Number of threads was determined by: number of physical cores

 --------------------------------------------------------------------------------
                                command: excitons                                
 --------------------------------------------------------------------------------
 XTB basis setup:                        reference basis
 Implicit solvation model:               none
 Number of basis functions:            244
 GFN version:                            chlorophyll
 Integral screening threshold:           1.00e-10
 Total charge:                           0.000000000
 Number of electrons:                  218.000000000
 Electronic temperature (Kelvin):        0.000000000

 D3BJ energy:                           -0.061990858
 Repulsive energy:                       1.512390692

 ****************************************************
  Running robust self-consistent charge (SCC) solver 
 ****************************************************
 Number of SCC trials:                   4
 Using the stop-early mechanism for the first 3 trials

 Conv. threshold (charge):               1.00e-05
 Conv. threshold (energy):               1.00e-06
 Initial guess:                          SAD

 -------------
  SCC Trial 1 
 -------------
 Broyden mixing factor:                  0.400000000
 Max number of iterations:             128

 ---------------------------------------------------------------
                  energy        change          grad        time
 ---------------------------------------------------------------
   0      -125.873048794                    6.47e-01        0.01
   1      -126.563983255     -6.91e-01      3.69e-01        0.00
   2      -126.521453126      4.25e-02      1.02e-01        0.00
   3      -126.504304593      1.71e-02      3.56e-02        0.00
   4      -126.580368023     -7.61e-02      7.75e-03        0.00
   5      -126.584209356     -3.84e-03      2.17e-03        0.00
   6      -126.584449884     -2.41e-04      9.76e-04        0.02
   7      -126.584501626     -5.17e-05      2.46e-04        0.00
   8      -126.584503614     -1.99e-06      1.25e-04        0.00
   9      -126.584503780     -1.67e-07      5.17e-05        0.00
  10      -126.584503808     -2.78e-08      2.13e-05        0.00
  11      -126.584503813     -5.16e-09      3.92e-06        0.00
  12      -126.584503813     -1.22e-10      1.39e-06        0.00

 SCF converged in 11 iterations.

 Entropy contribution (-ST):             0.000000000
 Dipole moment (in Debye):              -5.025874      -0.410391      -0.503192

Chlorophyll parameters
 D_scl:                                  0.636
 Mg_p:                                   0.902
 Mg_s:                                   1.053
 Mgp_Np:                                 1.402
 Mgp_Ns:                                 1.067
 Mgs_Np:                                 1.023
 Mgs_Ns:                                 1.468
 N_p:                                    1.044
 N_s:                                    1.281
 a_x:                                    0.067
 k_p:                                    2.694
 k_s:                                    1.462
 y_J:                                    4.012
 y_K:                                    2.147

 ----------------
  Excitation 0 1 
 ----------------
 Setting up Delta-SCF
 Ground-Excited state overlap:           0.000000000
 No correction applied to the TDM.
 Excitation energy:                      0.066515779
 Excitation energy (in eV):              1.809986543
 Transition dipole:                      2.35956       1.33768       0.08275
 XTB basis setup:                        reference basis
 Implicit solvation model:               none
 Number of basis functions:            244
 GFN version:                            chlorophyll
 Integral screening threshold:           1.00e-10
 Total charge:                           0.000000000
 Number of electrons:                  218.000000000
 Electronic temperature (Kelvin):        0.000000000

 D3BJ energy:                           -0.061956564
 Repulsive energy:                       1.488835639

 ****************************************************
  Running robust self-consistent charge (SCC) solver 
 ****************************************************
 Number of SCC trials:                   4
 Using the stop-early mechanism for the first 3 trials

 Conv. threshold (charge):               1.00e-05
 Conv. threshold (energy):               1.00e-06
 Initial guess:                          SAD

 -------------
  SCC Trial 1 
 -------------
 Broyden mixing factor:                  0.400000000
 Max number of iterations:             128

 ---------------------------------------------------------------
                  energy        change          grad        time
 ---------------------------------------------------------------
   0      -125.893882445                    6.46e-01        0.01
   1      -126.565148343     -6.71e-01      3.69e-01        0.01
   2      -126.500362041      6.48e-02      9.98e-02        0.01
   3      -126.440747654      5.96e-02      4.46e-02        0.01
   4      -126.580897106     -1.40e-01      9.43e-03        0.01
   5      -126.585891995     -4.99e-03      2.55e-03        0.02
   6      -126.585935645     -4.36e-05      1.04e-03        0.01
   7      -126.585985383     -4.97e-05      3.93e-04        0.01
   8      -126.585987509     -2.13e-06      2.55e-04        0.01
   9      -126.585988399     -8.89e-07      1.02e-04        0.01
  10      -126.585988509     -1.11e-07      3.38e-05        0.01
  11      -126.585988522     -1.21e-08      5.86e-06        0.01
  12      -126.585988522     -6.22e-10      1.69e-06        0.01

 SCF converged in 11 iterations.

 Entropy contribution (-ST):             0.000000000
 Dipole moment (in Debye):               0.904743      -1.858863       2.733351

Chlorophyll parameters
 D_scl:                                  0.636
 Mg_p:                                   0.902
 Mg_s:                                   1.053
 Mgp_Np:                                 1.402
 Mgp_Ns:                                 1.067
 Mgs_Np:                                 1.023
 Mgs_Ns:                                 1.468
 N_p:                                    1.044
 N_s:                                    1.281
 a_x:                                    0.067
 k_p:                                    2.694
 k_s:                                    1.462
 y_J:                                    4.012
 y_K:                                    2.147

 ----------------
  Excitation 0 1 
 ----------------
 Setting up Delta-SCF
 Ground-Excited state overlap:          -0.000000000
 No correction applied to the TDM.
 Excitation energy:                      0.067425300
 Excitation energy (in eV):              1.834735893
 Transition dipole:                      0.30912      -2.69687      -0.21517

 ******************
  Exciton analysis 
 ******************

 eigenvalues
 -----------
 state 0:                             -253.1705 hr
 state 1:                             -253.1040 hr
 state 2:                             -253.1030 hr

 coupling energies
 -----------------
 states 1, 2:                           13.9588 cm^-1

 distances
 ---------
 chromophore 1, 2:                      45.1886 au

 charge centers
                         X                   Y                   Z
 1            76.473529588        18.466763657        56.920296111
 2           101.031836810        47.178475961        81.710236567
 Saving results in set 'trunc_bchla_10_bchla_11_frame_37101'

 --------------------------------------------------------------------------------

 End time:                               Fri Sep 10 11:52:23 2021
 Total wall-clock time:                  0.452 seconds
==================================================================================
