
================================================================================
          _____________ ________ _______________ ________     _________         
         / ___________// ______ \\_____   _____// ______ \   / ________)        
        / /_________  / /      \ \     | |     / /      \ \ | (_______          
       |  __________|| |        | |    | |    | |        | | \________ \        
        \ \_________ | |        | |    | |     \ \______/ /___________) |       
         \__________||_|        |_|    |_|      \________//____________/        
                                                                                
====================================[ Qcore ]===================================

 Git hash:   0385c69a4f85ff35f953e853350ecec6fa7ab330
 Git date:   Wed, 8 Sep 2021 10:09:58 +0100
 Compiler:   AppleClang 10.0.1.10010046
 Build type: Release
 Version:    2.1.1

 Start time: Thu Sep  9 11:39:41 2021

 Data directory: /Users/of15641/qcore/cmake-build-release/share/entos/2.1.1/data
 Number of threads: 2
 Number of threads was determined by: number of physical cores

 --------------------------------------------------------------------------------
                                command: excitons                                
 --------------------------------------------------------------------------------
 XTB basis setup:                        reference basis
 Implicit solvation model:               none
 Number of basis functions:            244
 GFN version:                            chlorophyll
 Integral screening threshold:           1.00e-10
 Total charge:                           0.000000000
 Number of electrons:                  218.000000000
 Electronic temperature (Kelvin):        0.000000000

 D3BJ energy:                           -0.061813069
 Repulsive energy:                       1.488733463

 ****************************************************
  Running robust self-consistent charge (SCC) solver 
 ****************************************************
 Number of SCC trials:                   4
 Using the stop-early mechanism for the first 3 trials

 Conv. threshold (charge):               1.00e-05
 Conv. threshold (energy):               1.00e-06
 Initial guess:                          SAD

 -------------
  SCC Trial 1 
 -------------
 Broyden mixing factor:                  0.400000000
 Max number of iterations:             128

 ---------------------------------------------------------------
                  energy        change          grad        time
 ---------------------------------------------------------------
   0      -125.941221781                    6.47e-01        0.01
   1      -126.621674425     -6.80e-01      3.69e-01        0.01
   2      -126.591912825      2.98e-02      9.71e-02        0.01
   3      -126.588946559      2.97e-03      2.66e-02        0.01
   4      -126.635218797     -4.63e-02      7.48e-03        0.01
   5      -126.638674274     -3.46e-03      2.61e-03        0.01
   6      -126.639051215     -3.77e-04      9.21e-04        0.01
   7      -126.639091600     -4.04e-05      2.11e-04        0.01
   8      -126.639092754     -1.15e-06      7.69e-05        0.03
   9      -126.639092796     -4.22e-08      3.77e-05        0.01
  10      -126.639092804     -7.55e-09      1.46e-05        0.01
  11      -126.639092805     -1.03e-09      3.74e-06        0.02
  12      -126.639092805     -2.08e-10      1.08e-06        0.01

 SCF converged in 11 iterations.

 Entropy contribution (-ST):             0.000000000
 Dipole moment (in Debye):              -1.237224      -2.459772       1.103287

Chlorophyll parameters
 D_scl:                                  0.636
 Mg_p:                                   0.902
 Mg_s:                                   1.053
 Mgp_Np:                                 1.402
 Mgp_Ns:                                 1.067
 Mgs_Np:                                 1.023
 Mgs_Ns:                                 1.468
 N_p:                                    1.044
 N_s:                                    1.281
 a_x:                                    0.067
 k_p:                                    2.694
 k_s:                                    1.462
 y_J:                                    4.012
 y_K:                                    2.147

 ----------------
  Excitation 0 1 
 ----------------
 Setting up Delta-SCF
 Ground-Excited state overlap:           0.000000000
 No correction applied to the TDM.
 Excitation energy:                      0.067846730
 Excitation energy (in eV):              1.846203578
 Transition dipole:                     -0.12807       2.72714      -0.31297
 XTB basis setup:                        reference basis
 Implicit solvation model:               none
 Number of basis functions:            244
 GFN version:                            chlorophyll
 Integral screening threshold:           1.00e-10
 Total charge:                           0.000000000
 Number of electrons:                  218.000000000
 Electronic temperature (Kelvin):        0.000000000

 D3BJ energy:                           -0.061268338
 Repulsive energy:                       1.496862507

 ****************************************************
  Running robust self-consistent charge (SCC) solver 
 ****************************************************
 Number of SCC trials:                   4
 Using the stop-early mechanism for the first 3 trials

 Conv. threshold (charge):               1.00e-05
 Conv. threshold (energy):               1.00e-06
 Initial guess:                          SAD

 -------------
  SCC Trial 1 
 -------------
 Broyden mixing factor:                  0.400000000
 Max number of iterations:             128

 ---------------------------------------------------------------
                  energy        change          grad        time
 ---------------------------------------------------------------
   0      -125.888461392                    6.47e-01        0.05
   1      -126.562597042     -6.74e-01      3.68e-01        0.04
   2      -126.524690779      3.79e-02      9.59e-02        0.01
   3      -126.474169341      5.05e-02      3.59e-02        0.01
   4      -126.569892945     -9.57e-02      1.12e-02        0.01
   5      -126.577390566     -7.50e-03      2.59e-03        0.01
   6      -126.577453659     -6.31e-05      1.16e-03        0.01
   7      -126.577498947     -4.53e-05      3.72e-04        0.01
   8      -126.577503802     -4.85e-06      2.04e-04        0.01
   9      -126.577504357     -5.55e-07      8.98e-05        0.01
  10      -126.577504441     -8.31e-08      3.21e-05        0.01
  11      -126.577504456     -1.55e-08      6.62e-06        0.01
  12      -126.577504457     -9.25e-10      1.47e-06        0.01

 SCF converged in 11 iterations.

 Entropy contribution (-ST):             0.000000000
 Dipole moment (in Debye):               2.588380       1.306149       2.938267

Chlorophyll parameters
 D_scl:                                  0.636
 Mg_p:                                   0.902
 Mg_s:                                   1.053
 Mgp_Np:                                 1.402
 Mgp_Ns:                                 1.067
 Mgs_Np:                                 1.023
 Mgs_Ns:                                 1.468
 N_p:                                    1.044
 N_s:                                    1.281
 a_x:                                    0.067
 k_p:                                    2.694
 k_s:                                    1.462
 y_J:                                    4.012
 y_K:                                    2.147

 ----------------
  Excitation 0 1 
 ----------------
 Setting up Delta-SCF
 Ground-Excited state overlap:           0.000000000
 No correction applied to the TDM.
 Excitation energy:                      0.065578680
 Excitation energy (in eV):              1.784486784
 Transition dipole:                     -1.77370       2.12123       0.54100

 ******************
  Exciton analysis 
 ******************

 eigenvalues
 -----------
 state 0:                             -253.2166 hr
 state 1:                             -253.1510 hr
 state 2:                             -253.1487 hr

 coupling energies
 -----------------
 states 1, 2:                            0.7491 cm^-1

 distances
 ---------
 chromophore 1, 2:                     112.0170 au

 charge centers
                         X                   Y                   Z
 1             3.483606429        15.455020992        51.469051342
 2            86.097390722        84.192129831        83.060020073
 Saving results in set 'trunc_bchla_3_bchla_14_frame_1'

 --------------------------------------------------------------------------------

 End time:                               Thu Sep  9 11:39:42 2021
 Total wall-clock time:                  0.780 seconds
==================================================================================
