
================================================================================
          _____________ ________ _______________ ________     _________         
         / ___________// ______ \\_____   _____// ______ \   / ________)        
        / /_________  / /      \ \     | |     / /      \ \ | (_______          
       |  __________|| |        | |    | |    | |        | | \________ \        
        \ \_________ | |        | |    | |     \ \______/ /___________) |       
         \__________||_|        |_|    |_|      \________//____________/        
                                                                                
====================================[ Qcore ]===================================

 Git hash:   0385c69a4f85ff35f953e853350ecec6fa7ab330
 Git date:   Wed, 8 Sep 2021 10:09:58 +0100
 Compiler:   AppleClang 10.0.1.10010046
 Build type: Release
 Version:    2.1.1

 Start time: Fri Sep 10 12:04:35 2021

 Data directory: /Users/of15641/qcore/cmake-build-release/share/entos/2.1.1/data
 Number of threads: 2
 Number of threads was determined by: number of physical cores

 --------------------------------------------------------------------------------
                                command: excitons                                
 --------------------------------------------------------------------------------
 XTB basis setup:                        reference basis
 Implicit solvation model:               none
 Number of basis functions:            244
 GFN version:                            chlorophyll
 Integral screening threshold:           1.00e-10
 Total charge:                           0.000000000
 Number of electrons:                  218.000000000
 Electronic temperature (Kelvin):        0.000000000

 D3BJ energy:                           -0.062100055
 Repulsive energy:                       1.503708093

 ****************************************************
  Running robust self-consistent charge (SCC) solver 
 ****************************************************
 Number of SCC trials:                   4
 Using the stop-early mechanism for the first 3 trials

 Conv. threshold (charge):               1.00e-05
 Conv. threshold (energy):               1.00e-06
 Initial guess:                          SAD

 -------------
  SCC Trial 1 
 -------------
 Broyden mixing factor:                  0.400000000
 Max number of iterations:             128

 ---------------------------------------------------------------
                  energy        change          grad        time
 ---------------------------------------------------------------
   0      -125.893599865                    6.47e-01        0.01
   1      -126.585187079     -6.92e-01      3.69e-01        0.01
   2      -126.544626863      4.06e-02      1.00e-01        0.00
   3      -126.519978400      2.46e-02      3.22e-02        0.00
   4      -126.599239290     -7.93e-02      7.69e-03        0.00
   5      -126.602888282     -3.65e-03      2.12e-03        0.01
   6      -126.603032608     -1.44e-04      9.36e-04        0.00
   7      -126.603068806     -3.62e-05      2.51e-04        0.00
   8      -126.603070620     -1.81e-06      1.33e-04        0.00
   9      -126.603070822     -2.02e-07      5.36e-05        0.00
  10      -126.603070841     -1.91e-08      1.64e-05        0.00
  11      -126.603070845     -4.26e-09      3.83e-06        0.00
  12      -126.603070845     -1.68e-10      1.10e-06        0.00

 SCF converged in 11 iterations.

 Entropy contribution (-ST):             0.000000000
 Dipole moment (in Debye):              -1.825921      -0.278578       0.629272

Chlorophyll parameters
 D_scl:                                  0.636
 Mg_p:                                   0.902
 Mg_s:                                   1.053
 Mgp_Np:                                 1.402
 Mgp_Ns:                                 1.067
 Mgs_Np:                                 1.023
 Mgs_Ns:                                 1.468
 N_p:                                    1.044
 N_s:                                    1.281
 a_x:                                    0.067
 k_p:                                    2.694
 k_s:                                    1.462
 y_J:                                    4.012
 y_K:                                    2.147

 ----------------
  Excitation 0 1 
 ----------------
 Setting up Delta-SCF
 Ground-Excited state overlap:           0.000000000
 No correction applied to the TDM.
 Excitation energy:                      0.067260753
 Excitation energy (in eV):              1.830258330
 Transition dipole:                     -2.44997      -1.12374      -0.06320
 XTB basis setup:                        reference basis
 Implicit solvation model:               none
 Number of basis functions:            244
 GFN version:                            chlorophyll
 Integral screening threshold:           1.00e-10
 Total charge:                           0.000000000
 Number of electrons:                  218.000000000
 Electronic temperature (Kelvin):        0.000000000

 D3BJ energy:                           -0.061601847
 Repulsive energy:                       1.551904220

 ****************************************************
  Running robust self-consistent charge (SCC) solver 
 ****************************************************
 Number of SCC trials:                   4
 Using the stop-early mechanism for the first 3 trials

 Conv. threshold (charge):               1.00e-05
 Conv. threshold (energy):               1.00e-06
 Initial guess:                          SAD

 -------------
  SCC Trial 1 
 -------------
 Broyden mixing factor:                  0.400000000
 Max number of iterations:             128

 ---------------------------------------------------------------
                  energy        change          grad        time
 ---------------------------------------------------------------
   0      -125.968788705                    6.47e-01        0.02
   1      -126.627076589     -6.58e-01      3.70e-01        0.01
   2      -126.613755487      1.33e-02      9.42e-02        0.01
   3      -126.624012440     -1.03e-02      1.90e-02        0.01
   4      -126.639013475     -1.50e-02      4.04e-03        0.01
   5      -126.639829100     -8.16e-04      2.14e-03        0.01
   6      -126.640147554     -3.18e-04      6.97e-04        0.01
   7      -126.640171847     -2.43e-05      1.94e-04        0.01
   8      -126.640173673     -1.83e-06      5.63e-05        0.01
   9      -126.640173732     -5.86e-08      2.19e-05        0.01
  10      -126.640173736     -3.90e-09      9.98e-06        0.01
  11      -126.640173737     -9.91e-10      3.39e-06        0.01

 SCF converged in 10 iterations.

 Entropy contribution (-ST):             0.000000000
 Dipole moment (in Debye):               2.355887       1.020207       0.015337

Chlorophyll parameters
 D_scl:                                  0.636
 Mg_p:                                   0.902
 Mg_s:                                   1.053
 Mgp_Np:                                 1.402
 Mgp_Ns:                                 1.067
 Mgs_Np:                                 1.023
 Mgs_Ns:                                 1.468
 N_p:                                    1.044
 N_s:                                    1.281
 a_x:                                    0.067
 k_p:                                    2.694
 k_s:                                    1.462
 y_J:                                    4.012
 y_K:                                    2.147

 ----------------
  Excitation 0 1 
 ----------------
 Setting up Delta-SCF
 Ground-Excited state overlap:          -0.000000000
 No correction applied to the TDM.
 Excitation energy:                      0.068035146
 Excitation energy (in eV):              1.851330638
 Transition dipole:                      1.45334      -2.13206      -0.96602

 ******************
  Exciton analysis 
 ******************

 eigenvalues
 -----------
 state 0:                             -253.2432 hr
 state 1:                             -253.1760 hr
 state 2:                             -253.1752 hr

 coupling energies
 -----------------
 states 1, 2:                           -4.6435 cm^-1

 distances
 ---------
 chromophore 1, 2:                      77.3124 au

 charge centers
                         X                   Y                   Z
 1            78.469427231        16.679534304        58.827945541
 2            92.471963576        89.115336752        81.940510642
 Saving results in set 'trunc_bchla_10_bchla_14_frame_29101'

 --------------------------------------------------------------------------------

 End time:                               Fri Sep 10 12:04:35 2021
 Total wall-clock time:                  0.452 seconds
==================================================================================
