
================================================================================
          _____________ ________ _______________ ________     _________         
         / ___________// ______ \\_____   _____// ______ \   / ________)        
        / /_________  / /      \ \     | |     / /      \ \ | (_______          
       |  __________|| |        | |    | |    | |        | | \________ \        
        \ \_________ | |        | |    | |     \ \______/ /___________) |       
         \__________||_|        |_|    |_|      \________//____________/        
                                                                                
====================================[ Qcore ]===================================

 Git hash:   0385c69a4f85ff35f953e853350ecec6fa7ab330
 Git date:   Wed, 8 Sep 2021 10:09:58 +0100
 Compiler:   AppleClang 10.0.1.10010046
 Build type: Release
 Version:    2.1.1

 Start time: Fri Sep 10 11:51:06 2021

 Data directory: /Users/of15641/qcore/cmake-build-release/share/entos/2.1.1/data
 Number of threads: 2
 Number of threads was determined by: number of physical cores

 --------------------------------------------------------------------------------
                                command: excitons                                
 --------------------------------------------------------------------------------
 XTB basis setup:                        reference basis
 Implicit solvation model:               none
 Number of basis functions:            244
 GFN version:                            chlorophyll
 Integral screening threshold:           1.00e-10
 Total charge:                           0.000000000
 Number of electrons:                  218.000000000
 Electronic temperature (Kelvin):        0.000000000

 D3BJ energy:                           -0.062171326
 Repulsive energy:                       1.534483874

 ****************************************************
  Running robust self-consistent charge (SCC) solver 
 ****************************************************
 Number of SCC trials:                   4
 Using the stop-early mechanism for the first 3 trials

 Conv. threshold (charge):               1.00e-05
 Conv. threshold (energy):               1.00e-06
 Initial guess:                          SAD

 -------------
  SCC Trial 1 
 -------------
 Broyden mixing factor:                  0.400000000
 Max number of iterations:             128

 ---------------------------------------------------------------
                  energy        change          grad        time
 ---------------------------------------------------------------
   0      -125.891082575                    6.48e-01        0.01
   1      -126.570740057     -6.80e-01      3.70e-01        0.00
   2      -126.441352418      1.29e-01      1.08e-01        0.00
   3      -126.369054647      7.23e-02      5.98e-02        0.00
   4      -126.593728599     -2.25e-01      1.21e-02        0.00
   5      -126.602473230     -8.74e-03      3.25e-03        0.00
   6      -126.602542748     -6.95e-05      1.58e-03        0.00
   7      -126.602657462     -1.15e-04      4.89e-04        0.00
   8      -126.602660180     -2.72e-06      2.47e-04        0.00
   9      -126.602660480     -3.01e-07      8.84e-05        0.00
  10      -126.602660632     -1.52e-07      2.12e-05        0.00
  11      -126.602660635     -3.09e-09      5.23e-06        0.00
  12      -126.602660636     -1.49e-10      1.48e-06        0.00

 SCF converged in 11 iterations.

 Entropy contribution (-ST):             0.000000000
 Dipole moment (in Debye):              -3.264321       0.059547       1.998986

Chlorophyll parameters
 D_scl:                                  0.636
 Mg_p:                                   0.902
 Mg_s:                                   1.053
 Mgp_Np:                                 1.402
 Mgp_Ns:                                 1.067
 Mgs_Np:                                 1.023
 Mgs_Ns:                                 1.468
 N_p:                                    1.044
 N_s:                                    1.281
 a_x:                                    0.067
 k_p:                                    2.694
 k_s:                                    1.462
 y_J:                                    4.012
 y_K:                                    2.147

 ----------------
  Excitation 0 1 
 ----------------
 Setting up Delta-SCF
 Ground-Excited state overlap:           0.000000000
 No correction applied to the TDM.
 Excitation energy:                      0.063883066
 Excitation energy (in eV):              1.738346792
 Transition dipole:                     -2.33907      -1.26955       0.65755
 XTB basis setup:                        reference basis
 Implicit solvation model:               none
 Number of basis functions:            244
 GFN version:                            chlorophyll
 Integral screening threshold:           1.00e-10
 Total charge:                           0.000000000
 Number of electrons:                  218.000000000
 Electronic temperature (Kelvin):        0.000000000

 D3BJ energy:                           -0.063465021
 Repulsive energy:                       1.527173867

 ****************************************************
  Running robust self-consistent charge (SCC) solver 
 ****************************************************
 Number of SCC trials:                   4
 Using the stop-early mechanism for the first 3 trials

 Conv. threshold (charge):               1.00e-05
 Conv. threshold (energy):               1.00e-06
 Initial guess:                          SAD

 -------------
  SCC Trial 1 
 -------------
 Broyden mixing factor:                  0.400000000
 Max number of iterations:             128

 ---------------------------------------------------------------
                  energy        change          grad        time
 ---------------------------------------------------------------
   0      -125.893148389                    6.48e-01        0.01
   1      -126.578163948     -6.85e-01      3.70e-01        0.01
   2      -126.563229922      1.49e-02      9.58e-02        0.01
   3      -126.558547011      4.68e-03      2.44e-02        0.01
   4      -126.585134072     -2.66e-02      1.04e-02        0.01
   5      -126.592408739     -7.27e-03      2.23e-03        0.01
   6      -126.592663639     -2.55e-04      5.37e-04        0.01
   7      -126.592671141     -7.50e-06      1.35e-04        0.01
   8      -126.592671402     -2.60e-07      6.66e-05        0.01
   9      -126.592671452     -5.04e-08      2.56e-05        0.01
  10      -126.592671453     -7.58e-10      1.01e-05        0.01
  11      -126.592671454     -1.32e-09      3.35e-06        0.01
  12      -126.592671454     -2.40e-10      1.12e-06        0.02

 SCF converged in 11 iterations.

 Entropy contribution (-ST):             0.000000000
 Dipole moment (in Debye):               0.329603      -1.019252       1.195020

Chlorophyll parameters
 D_scl:                                  0.636
 Mg_p:                                   0.902
 Mg_s:                                   1.053
 Mgp_Np:                                 1.402
 Mgp_Ns:                                 1.067
 Mgs_Np:                                 1.023
 Mgs_Ns:                                 1.468
 N_p:                                    1.044
 N_s:                                    1.281
 a_x:                                    0.067
 k_p:                                    2.694
 k_s:                                    1.462
 y_J:                                    4.012
 y_K:                                    2.147

 ----------------
  Excitation 0 1 
 ----------------
 Setting up Delta-SCF
 Ground-Excited state overlap:           0.000000000
 No correction applied to the TDM.
 Excitation energy:                      0.064421273
 Excitation energy (in eV):              1.752992138
 Transition dipole:                     -0.40489      -2.72555      -0.33976

 ******************
  Exciton analysis 
 ******************

 eigenvalues
 -----------
 state 0:                             -253.1953 hr
 state 1:                             -253.1314 hr
 state 2:                             -253.1309 hr

 coupling energies
 -----------------
 states 1, 2:                          -13.8823 cm^-1

 distances
 ---------
 chromophore 1, 2:                      41.8808 au

 charge centers
                         X                   Y                   Z
 1            77.121635296        18.838452165        58.500991620
 2            99.519103345        44.998652018        82.333696303
 Saving results in set 'trunc_bchla_10_bchla_11_frame_23401'

 --------------------------------------------------------------------------------

 End time:                               Fri Sep 10 11:51:06 2021
 Total wall-clock time:                  0.445 seconds
==================================================================================
