
================================================================================
          _____________ ________ _______________ ________     _________         
         / ___________// ______ \\_____   _____// ______ \   / ________)        
        / /_________  / /      \ \     | |     / /      \ \ | (_______          
       |  __________|| |        | |    | |    | |        | | \________ \        
        \ \_________ | |        | |    | |     \ \______/ /___________) |       
         \__________||_|        |_|    |_|      \________//____________/        
                                                                                
====================================[ Qcore ]===================================

 Git hash:   0385c69a4f85ff35f953e853350ecec6fa7ab330
 Git date:   Wed, 8 Sep 2021 10:09:58 +0100
 Compiler:   AppleClang 10.0.1.10010046
 Build type: Release
 Version:    2.1.1

 Start time: Thu Sep  9 11:51:27 2021

 Data directory: /Users/of15641/qcore/cmake-build-release/share/entos/2.1.1/data
 Number of threads: 2
 Number of threads was determined by: number of physical cores

 --------------------------------------------------------------------------------
                                command: excitons                                
 --------------------------------------------------------------------------------
 XTB basis setup:                        reference basis
 Implicit solvation model:               none
 Number of basis functions:            244
 GFN version:                            chlorophyll
 Integral screening threshold:           1.00e-10
 Total charge:                           0.000000000
 Number of electrons:                  218.000000000
 Electronic temperature (Kelvin):        0.000000000

 D3BJ energy:                           -0.062731717
 Repulsive energy:                       1.540412516

 ****************************************************
  Running robust self-consistent charge (SCC) solver 
 ****************************************************
 Number of SCC trials:                   4
 Using the stop-early mechanism for the first 3 trials

 Conv. threshold (charge):               1.00e-05
 Conv. threshold (energy):               1.00e-06
 Initial guess:                          SAD

 -------------
  SCC Trial 1 
 -------------
 Broyden mixing factor:                  0.400000000
 Max number of iterations:             128

 ---------------------------------------------------------------
                  energy        change          grad        time
 ---------------------------------------------------------------
   0      -125.929603100                    6.48e-01        0.01
   1      -126.608708167     -6.79e-01      3.70e-01        0.01
   2      -126.547289523      6.14e-02      1.00e-01        0.00
   3      -126.510357473      3.69e-02      4.03e-02        0.00
   4      -126.624021392     -1.14e-01      1.08e-02        0.00
   5      -126.629926034     -5.90e-03      2.72e-03        0.00
   6      -126.629998111     -7.21e-05      1.30e-03        0.01
   7      -126.630055485     -5.74e-05      3.73e-04        0.00
   8      -126.630057837     -2.35e-06      2.53e-04        0.00
   9      -126.630058695     -8.58e-07      9.35e-05        0.00
  10      -126.630058818     -1.22e-07      1.98e-05        0.00
  11      -126.630058825     -7.64e-09      4.89e-06        0.01
  12      -126.630058825     -3.11e-10      1.39e-06        0.00

 SCF converged in 11 iterations.

 Entropy contribution (-ST):             0.000000000
 Dipole moment (in Debye):               1.128483      -0.459475      -0.548406

Chlorophyll parameters
 D_scl:                                  0.636
 Mg_p:                                   0.902
 Mg_s:                                   1.053
 Mgp_Np:                                 1.402
 Mgp_Ns:                                 1.067
 Mgs_Np:                                 1.023
 Mgs_Ns:                                 1.468
 N_p:                                    1.044
 N_s:                                    1.281
 a_x:                                    0.067
 k_p:                                    2.694
 k_s:                                    1.462
 y_J:                                    4.012
 y_K:                                    2.147

 ----------------
  Excitation 0 1 
 ----------------
 Setting up Delta-SCF
 Ground-Excited state overlap:          -0.000000000
 No correction applied to the TDM.
 Excitation energy:                      0.068909229
 Excitation energy (in eV):              1.875115641
 Transition dipole:                      0.69776       2.60116       0.29762
 XTB basis setup:                        reference basis
 Implicit solvation model:               none
 Number of basis functions:            244
 GFN version:                            chlorophyll
 Integral screening threshold:           1.00e-10
 Total charge:                           0.000000000
 Number of electrons:                  218.000000000
 Electronic temperature (Kelvin):        0.000000000

 D3BJ energy:                           -0.062864227
 Repulsive energy:                       1.485823881

 ****************************************************
  Running robust self-consistent charge (SCC) solver 
 ****************************************************
 Number of SCC trials:                   4
 Using the stop-early mechanism for the first 3 trials

 Conv. threshold (charge):               1.00e-05
 Conv. threshold (energy):               1.00e-06
 Initial guess:                          SAD

 -------------
  SCC Trial 1 
 -------------
 Broyden mixing factor:                  0.400000000
 Max number of iterations:             128

 ---------------------------------------------------------------
                  energy        change          grad        time
 ---------------------------------------------------------------
   0      -125.859399037                    6.46e-01        0.01
   1      -126.545665639     -6.86e-01      3.69e-01        0.01
   2      -126.506006573      3.97e-02      9.89e-02        0.01
   3      -126.476267415      2.97e-02      3.30e-02        0.01
   4      -126.557432635     -8.12e-02      9.70e-03        0.01
   5      -126.562699868     -5.27e-03      2.61e-03        0.01
   6      -126.562910173     -2.10e-04      1.20e-03        0.01
   7      -126.562971560     -6.14e-05      3.39e-04        0.01
   8      -126.562975210     -3.65e-06      1.56e-04        0.01
   9      -126.562975413     -2.03e-07      6.14e-05        0.01
  10      -126.562975418     -5.44e-09      1.91e-05        0.01
  11      -126.562975424     -5.50e-09      5.79e-06        0.01
  12      -126.562975424     -4.07e-10      1.49e-06        0.01

 SCF converged in 11 iterations.

 Entropy contribution (-ST):             0.000000000
 Dipole moment (in Debye):               2.117046       1.579846      -0.134301

Chlorophyll parameters
 D_scl:                                  0.636
 Mg_p:                                   0.902
 Mg_s:                                   1.053
 Mgp_Np:                                 1.402
 Mgp_Ns:                                 1.067
 Mgs_Np:                                 1.023
 Mgs_Ns:                                 1.468
 N_p:                                    1.044
 N_s:                                    1.281
 a_x:                                    0.067
 k_p:                                    2.694
 k_s:                                    1.462
 y_J:                                    4.012
 y_K:                                    2.147

 ----------------
  Excitation 0 1 
 ----------------
 Setting up Delta-SCF
 Ground-Excited state overlap:          -0.000000000
 No correction applied to the TDM.
 Excitation energy:                      0.063895195
 Excitation energy (in eV):              1.738676843
 Transition dipole:                      2.71336       0.47510      -0.37056

 ******************
  Exciton analysis 
 ******************

 eigenvalues
 -----------
 state 0:                             -253.1930 hr
 state 1:                             -253.1291 hr
 state 2:                             -253.1241 hr

 coupling energies
 -----------------
 states 1, 2:                            1.2443 cm^-1

 distances
 ---------
 chromophore 1, 2:                     108.5294 au

 charge centers
                         X                   Y                   Z
 1            83.931948704        10.112192857        86.243891593
 2            18.431897405        88.007025722        48.550701057
 Saving results in set 'trunc_bchla_8_bchla_22_frame_25001'

 --------------------------------------------------------------------------------

 End time:                               Thu Sep  9 11:51:27 2021
 Total wall-clock time:                  0.440 seconds
==================================================================================
