
================================================================================
          _____________ ________ _______________ ________     _________         
         / ___________// ______ \\_____   _____// ______ \   / ________)        
        / /_________  / /      \ \     | |     / /      \ \ | (_______          
       |  __________|| |        | |    | |    | |        | | \________ \        
        \ \_________ | |        | |    | |     \ \______/ /___________) |       
         \__________||_|        |_|    |_|      \________//____________/        
                                                                                
====================================[ Qcore ]===================================

 Git hash:   0385c69a4f85ff35f953e853350ecec6fa7ab330
 Git date:   Wed, 8 Sep 2021 10:09:58 +0100
 Compiler:   AppleClang 10.0.1.10010046
 Build type: Release
 Version:    2.1.1

 Start time: Thu Sep  9 11:24:20 2021

 Data directory: /Users/of15641/qcore/cmake-build-release/share/entos/2.1.1/data
 Number of threads: 2
 Number of threads was determined by: number of physical cores

 --------------------------------------------------------------------------------
                                command: excitons                                
 --------------------------------------------------------------------------------
 XTB basis setup:                        reference basis
 Implicit solvation model:               none
 Number of basis functions:            244
 GFN version:                            chlorophyll
 Integral screening threshold:           1.00e-10
 Total charge:                           0.000000000
 Number of electrons:                  218.000000000
 Electronic temperature (Kelvin):        0.000000000

 D3BJ energy:                           -0.061273062
 Repulsive energy:                       1.472101735

 ****************************************************
  Running robust self-consistent charge (SCC) solver 
 ****************************************************
 Number of SCC trials:                   4
 Using the stop-early mechanism for the first 3 trials

 Conv. threshold (charge):               1.00e-05
 Conv. threshold (energy):               1.00e-06
 Initial guess:                          SAD

 -------------
  SCC Trial 1 
 -------------
 Broyden mixing factor:                  0.400000000
 Max number of iterations:             128

 ---------------------------------------------------------------
                  energy        change          grad        time
 ---------------------------------------------------------------
   0      -125.875570535                    6.46e-01        0.01
   1      -126.571564901     -6.96e-01      3.68e-01        0.00
   2      -126.558555582      1.30e-02      9.70e-02        0.00
   3      -126.559668708     -1.11e-03      2.28e-02        0.01
   4      -126.582480332     -2.28e-02      5.65e-03        0.00
   5      -126.584168433     -1.69e-03      2.10e-03        0.00
   6      -126.584390418     -2.22e-04      9.54e-04        0.00
   7      -126.584456606     -6.62e-05      2.11e-04        0.00
   8      -126.584458808     -2.20e-06      6.31e-05        0.01
   9      -126.584458880     -7.20e-08      2.54e-05        0.00
  10      -126.584458884     -3.94e-09      1.07e-05        0.00
  11      -126.584458886     -1.78e-09      3.51e-06        0.00
  12      -126.584458886     -1.06e-10      1.07e-06        0.00

 SCF converged in 11 iterations.

 Entropy contribution (-ST):             0.000000000
 Dipole moment (in Debye):              -4.513854      -2.457752       0.351240

Chlorophyll parameters
 D_scl:                                  0.636
 Mg_p:                                   0.902
 Mg_s:                                   1.053
 Mgp_Np:                                 1.402
 Mgp_Ns:                                 1.067
 Mgs_Np:                                 1.023
 Mgs_Ns:                                 1.468
 N_p:                                    1.044
 N_s:                                    1.281
 a_x:                                    0.067
 k_p:                                    2.694
 k_s:                                    1.462
 y_J:                                    4.012
 y_K:                                    2.147

 ----------------
  Excitation 0 1 
 ----------------
 Setting up Delta-SCF
 Ground-Excited state overlap:           0.000000000
 No correction applied to the TDM.
 Excitation energy:                      0.064876184
 Excitation energy (in eV):              1.765370906
 Transition dipole:                      0.87312       2.46821      -0.65825
 XTB basis setup:                        reference basis
 Implicit solvation model:               none
 Number of basis functions:            244
 GFN version:                            chlorophyll
 Integral screening threshold:           1.00e-10
 Total charge:                           0.000000000
 Number of electrons:                  218.000000000
 Electronic temperature (Kelvin):        0.000000000

 D3BJ energy:                           -0.061552455
 Repulsive energy:                       1.541915789

 ****************************************************
  Running robust self-consistent charge (SCC) solver 
 ****************************************************
 Number of SCC trials:                   4
 Using the stop-early mechanism for the first 3 trials

 Conv. threshold (charge):               1.00e-05
 Conv. threshold (energy):               1.00e-06
 Initial guess:                          SAD

 -------------
  SCC Trial 1 
 -------------
 Broyden mixing factor:                  0.400000000
 Max number of iterations:             128

 ---------------------------------------------------------------
                  energy        change          grad        time
 ---------------------------------------------------------------
   0      -125.917486904                    6.49e-01        0.01
   1      -126.610256232     -6.93e-01      3.71e-01        0.01
   2      -126.596733051      1.35e-02      9.61e-02        0.01
   3      -126.594799545      1.93e-03      2.12e-02        0.01
   4      -126.619511479     -2.47e-02      9.07e-03        0.01
   5      -126.625359231     -5.85e-03      2.22e-03        0.01
   6      -126.625590969     -2.32e-04      7.58e-04        0.01
   7      -126.625615067     -2.41e-05      2.25e-04        0.01
   8      -126.625617178     -2.11e-06      8.05e-05        0.01
   9      -126.625617231     -5.37e-08      3.34e-05        0.01
  10      -126.625617234     -2.31e-09      1.25e-05        0.01
  11      -126.625617235     -1.63e-09      3.30e-06        0.01
  12      -126.625617235     -9.28e-11      8.31e-07        0.01

 SCF converged in 11 iterations.

 Entropy contribution (-ST):             0.000000000
 Dipole moment (in Debye):               2.543025       0.544426       0.545270

Chlorophyll parameters
 D_scl:                                  0.636
 Mg_p:                                   0.902
 Mg_s:                                   1.053
 Mgp_Np:                                 1.402
 Mgp_Ns:                                 1.067
 Mgs_Np:                                 1.023
 Mgs_Ns:                                 1.468
 N_p:                                    1.044
 N_s:                                    1.281
 a_x:                                    0.067
 k_p:                                    2.694
 k_s:                                    1.462
 y_J:                                    4.012
 y_K:                                    2.147

 ----------------
  Excitation 0 1 
 ----------------
 Setting up Delta-SCF
 Ground-Excited state overlap:           0.000000000
 No correction applied to the TDM.
 Excitation energy:                      0.064516974
 Excitation energy (in eV):              1.755596307
 Transition dipole:                      1.47130       2.28757       0.06248

 ******************
  Exciton analysis 
 ******************

 eigenvalues
 -----------
 state 0:                             -253.2101 hr
 state 1:                             -253.1456 hr
 state 2:                             -253.1452 hr

 coupling energies
 -----------------
 states 1, 2:                            1.4200 cm^-1

 distances
 ---------
 chromophore 1, 2:                      98.2032 au

 charge centers
                         X                   Y                   Z
 1            90.995218427        47.800954632        54.836880672
 2            -5.403757198        66.304261774        51.880212743
 Saving results in set 'trunc_bchla_13_bchla_25_frame_40001'

 --------------------------------------------------------------------------------

 End time:                               Thu Sep  9 11:24:21 2021
 Total wall-clock time:                  0.418 seconds
==================================================================================
