
================================================================================
          _____________ ________ _______________ ________     _________         
         / ___________// ______ \\_____   _____// ______ \   / ________)        
        / /_________  / /      \ \     | |     / /      \ \ | (_______          
       |  __________|| |        | |    | |    | |        | | \________ \        
        \ \_________ | |        | |    | |     \ \______/ /___________) |       
         \__________||_|        |_|    |_|      \________//____________/        
                                                                                
====================================[ Qcore ]===================================

 Git hash:   0385c69a4f85ff35f953e853350ecec6fa7ab330
 Git date:   Wed, 8 Sep 2021 10:09:58 +0100
 Compiler:   AppleClang 10.0.1.10010046
 Build type: Release
 Version:    2.1.1

 Start time: Thu Sep  9 11:48:27 2021

 Data directory: /Users/of15641/qcore/cmake-build-release/share/entos/2.1.1/data
 Number of threads: 2
 Number of threads was determined by: number of physical cores

 --------------------------------------------------------------------------------
                                command: excitons                                
 --------------------------------------------------------------------------------
 XTB basis setup:                        reference basis
 Implicit solvation model:               none
 Number of basis functions:            244
 GFN version:                            chlorophyll
 Integral screening threshold:           1.00e-10
 Total charge:                           0.000000000
 Number of electrons:                  218.000000000
 Electronic temperature (Kelvin):        0.000000000

 D3BJ energy:                           -0.061941681
 Repulsive energy:                       1.531554333

 ****************************************************
  Running robust self-consistent charge (SCC) solver 
 ****************************************************
 Number of SCC trials:                   4
 Using the stop-early mechanism for the first 3 trials

 Conv. threshold (charge):               1.00e-05
 Conv. threshold (energy):               1.00e-06
 Initial guess:                          SAD

 -------------
  SCC Trial 1 
 -------------
 Broyden mixing factor:                  0.400000000
 Max number of iterations:             128

 ---------------------------------------------------------------
                  energy        change          grad        time
 ---------------------------------------------------------------
   0      -125.927642092                    6.46e-01        0.01
   1      -126.593172653     -6.66e-01      3.69e-01        0.01
   2      -126.569527681      2.36e-02      9.66e-02        0.00
   3      -126.575631646     -6.10e-03      2.41e-02        0.00
   4      -126.608381539     -3.27e-02      4.59e-03        0.00
   5      -126.609456791     -1.08e-03      1.47e-03        0.01
   6      -126.609539729     -8.29e-05      8.44e-04        0.01
   7      -126.609591290     -5.16e-05      1.72e-04        0.00
   8      -126.609592450     -1.16e-06      5.91e-05        0.00
   9      -126.609592502     -5.20e-08      2.28e-05        0.00
  10      -126.609592506     -4.04e-09      9.06e-06        0.01
  11      -126.609592507     -6.69e-10      2.69e-06        0.01

 SCF converged in 10 iterations.

 Entropy contribution (-ST):             0.000000000
 Dipole moment (in Debye):              -0.086999      -3.054511       0.163883

Chlorophyll parameters
 D_scl:                                  0.636
 Mg_p:                                   0.902
 Mg_s:                                   1.053
 Mgp_Np:                                 1.402
 Mgp_Ns:                                 1.067
 Mgs_Np:                                 1.023
 Mgs_Ns:                                 1.468
 N_p:                                    1.044
 N_s:                                    1.281
 a_x:                                    0.067
 k_p:                                    2.694
 k_s:                                    1.462
 y_J:                                    4.012
 y_K:                                    2.147

 ----------------
  Excitation 0 1 
 ----------------
 Setting up Delta-SCF
 Ground-Excited state overlap:          -0.000000000
 No correction applied to the TDM.
 Excitation energy:                      0.069931477
 Excitation energy (in eV):              1.902932419
 Transition dipole:                      1.86334      -1.94811      -0.14056
 XTB basis setup:                        reference basis
 Implicit solvation model:               none
 Number of basis functions:            244
 GFN version:                            chlorophyll
 Integral screening threshold:           1.00e-10
 Total charge:                           0.000000000
 Number of electrons:                  218.000000000
 Electronic temperature (Kelvin):        0.000000000

 D3BJ energy:                           -0.061436875
 Repulsive energy:                       1.509677216

 ****************************************************
  Running robust self-consistent charge (SCC) solver 
 ****************************************************
 Number of SCC trials:                   4
 Using the stop-early mechanism for the first 3 trials

 Conv. threshold (charge):               1.00e-05
 Conv. threshold (energy):               1.00e-06
 Initial guess:                          SAD

 -------------
  SCC Trial 1 
 -------------
 Broyden mixing factor:                  0.400000000
 Max number of iterations:             128

 ---------------------------------------------------------------
                  energy        change          grad        time
 ---------------------------------------------------------------
   0      -125.918737901                    6.47e-01        0.01
   1      -126.593396335     -6.75e-01      3.69e-01        0.01
   2      -126.514734916      7.87e-02      1.03e-01        0.01
   3      -126.476784691      3.80e-02      4.54e-02        0.01
   4      -126.613447539     -1.37e-01      9.88e-03        0.01
   5      -126.619695953     -6.25e-03      2.74e-03        0.01
   6      -126.619865533     -1.70e-04      1.18e-03        0.01
   7      -126.619920606     -5.51e-05      3.57e-04        0.01
   8      -126.619922321     -1.72e-06      2.46e-04        0.01
   9      -126.619922888     -5.66e-07      8.35e-05        0.01
  10      -126.619922946     -5.83e-08      3.07e-05        0.01
  11      -126.619922960     -1.42e-08      6.46e-06        0.01
  12      -126.619922961     -5.15e-10      1.71e-06        0.01

 SCF converged in 11 iterations.

 Entropy contribution (-ST):             0.000000000
 Dipole moment (in Debye):               3.173048      -2.679741       1.760785

Chlorophyll parameters
 D_scl:                                  0.636
 Mg_p:                                   0.902
 Mg_s:                                   1.053
 Mgp_Np:                                 1.402
 Mgp_Ns:                                 1.067
 Mgs_Np:                                 1.023
 Mgs_Ns:                                 1.468
 N_p:                                    1.044
 N_s:                                    1.281
 a_x:                                    0.067
 k_p:                                    2.694
 k_s:                                    1.462
 y_J:                                    4.012
 y_K:                                    2.147

 ----------------
  Excitation 0 1 
 ----------------
 Setting up Delta-SCF
 Ground-Excited state overlap:          -0.000000000
 No correction applied to the TDM.
 Excitation energy:                      0.067105712
 Excitation energy (in eV):              1.826039451
 Transition dipole:                     -2.69184       0.41597      -0.41762

 ******************
  Exciton analysis 
 ******************

 eigenvalues
 -----------
 state 0:                             -253.2294 hr
 state 1:                             -253.1623 hr
 state 2:                             -253.1595 hr

 coupling energies
 -----------------
 states 1, 2:                           20.3399 cm^-1

 distances
 ---------
 chromophore 1, 2:                      34.9887 au

 charge centers
                         X                   Y                   Z
 1            32.489436888         0.200209892        55.257789818
 2            66.644201289         6.891065908        58.848410619
 Saving results in set 'trunc_bchla_6_bchla_9_frame_45001'

 --------------------------------------------------------------------------------

 End time:                               Thu Sep  9 11:48:28 2021
 Total wall-clock time:                  0.431 seconds
==================================================================================
