
================================================================================
          _____________ ________ _______________ ________     _________         
         / ___________// ______ \\_____   _____// ______ \   / ________)        
        / /_________  / /      \ \     | |     / /      \ \ | (_______          
       |  __________|| |        | |    | |    | |        | | \________ \        
        \ \_________ | |        | |    | |     \ \______/ /___________) |       
         \__________||_|        |_|    |_|      \________//____________/        
                                                                                
====================================[ Qcore ]===================================

 Git hash:   0385c69a4f85ff35f953e853350ecec6fa7ab330
 Git date:   Wed, 8 Sep 2021 10:09:58 +0100
 Compiler:   AppleClang 10.0.1.10010046
 Build type: Release
 Version:    2.1.1

 Start time: Thu Sep  9 11:49:36 2021

 Data directory: /Users/of15641/qcore/cmake-build-release/share/entos/2.1.1/data
 Number of threads: 2
 Number of threads was determined by: number of physical cores

 --------------------------------------------------------------------------------
                                command: excitons                                
 --------------------------------------------------------------------------------
 XTB basis setup:                        reference basis
 Implicit solvation model:               none
 Number of basis functions:            244
 GFN version:                            chlorophyll
 Integral screening threshold:           1.00e-10
 Total charge:                           0.000000000
 Number of electrons:                  218.000000000
 Electronic temperature (Kelvin):        0.000000000

 D3BJ energy:                           -0.062272516
 Repulsive energy:                       1.485625679

 ****************************************************
  Running robust self-consistent charge (SCC) solver 
 ****************************************************
 Number of SCC trials:                   4
 Using the stop-early mechanism for the first 3 trials

 Conv. threshold (charge):               1.00e-05
 Conv. threshold (energy):               1.00e-06
 Initial guess:                          SAD

 -------------
  SCC Trial 1 
 -------------
 Broyden mixing factor:                  0.400000000
 Max number of iterations:             128

 ---------------------------------------------------------------
                  energy        change          grad        time
 ---------------------------------------------------------------
   0      -125.876358069                    6.46e-01        0.01
   1      -126.581097691     -7.05e-01      3.69e-01        0.01
   2      -126.547138768      3.40e-02      1.03e-01        0.00
   3      -126.559754008     -1.26e-02      2.86e-02        0.00
   4      -126.600390853     -4.06e-02      5.65e-03        0.00
   5      -126.602092910     -1.70e-03      1.84e-03        0.00
   6      -126.602245650     -1.53e-04      1.01e-03        0.00
   7      -126.602315815     -7.02e-05      2.03e-04        0.00
   8      -126.602317379     -1.56e-06      7.16e-05        0.01
   9      -126.602317444     -6.49e-08      3.40e-05        0.00
  10      -126.602317456     -1.18e-08      1.09e-05        0.00
  11      -126.602317457     -1.10e-09      2.60e-06        0.01
  12      -126.602317457     -5.06e-11      6.58e-07        0.01

 SCF converged in 11 iterations.

 Entropy contribution (-ST):             0.000000000
 Dipole moment (in Debye):              -2.554263       2.561512       0.665495

Chlorophyll parameters
 D_scl:                                  0.636
 Mg_p:                                   0.902
 Mg_s:                                   1.053
 Mgp_Np:                                 1.402
 Mgp_Ns:                                 1.067
 Mgs_Np:                                 1.023
 Mgs_Ns:                                 1.468
 N_p:                                    1.044
 N_s:                                    1.281
 a_x:                                    0.067
 k_p:                                    2.694
 k_s:                                    1.462
 y_J:                                    4.012
 y_K:                                    2.147

 ----------------
  Excitation 0 1 
 ----------------
 Setting up Delta-SCF
 Ground-Excited state overlap:           0.000000000
 No correction applied to the TDM.
 Excitation energy:                      0.068459555
 Excitation energy (in eV):              1.862879395
 Transition dipole:                      2.54743      -0.82101       0.10218
 XTB basis setup:                        reference basis
 Implicit solvation model:               none
 Number of basis functions:            244
 GFN version:                            chlorophyll
 Integral screening threshold:           1.00e-10
 Total charge:                           0.000000000
 Number of electrons:                  218.000000000
 Electronic temperature (Kelvin):        0.000000000

 D3BJ energy:                           -0.061824357
 Repulsive energy:                       1.523580188

 ****************************************************
  Running robust self-consistent charge (SCC) solver 
 ****************************************************
 Number of SCC trials:                   4
 Using the stop-early mechanism for the first 3 trials

 Conv. threshold (charge):               1.00e-05
 Conv. threshold (energy):               1.00e-06
 Initial guess:                          SAD

 -------------
  SCC Trial 1 
 -------------
 Broyden mixing factor:                  0.400000000
 Max number of iterations:             128

 ---------------------------------------------------------------
                  energy        change          grad        time
 ---------------------------------------------------------------
   0      -125.892565476                    6.48e-01        0.01
   1      -126.590375790     -6.98e-01      3.69e-01        0.01
   2      -126.565247001      2.51e-02      1.00e-01        0.01
   3      -126.568136771     -2.89e-03      2.53e-02        0.01
   4      -126.605001084     -3.69e-02      5.95e-03        0.01
   5      -126.607187634     -2.19e-03      2.14e-03        0.01
   6      -126.607441487     -2.54e-04      9.64e-04        0.01
   7      -126.607492117     -5.06e-05      2.10e-04        0.01
   8      -126.607493499     -1.38e-06      6.35e-05        0.01
   9      -126.607493522     -2.28e-08      2.81e-05        0.01
  10      -126.607493524     -2.44e-09      9.05e-06        0.01
  11      -126.607493525     -7.27e-10      3.19e-06        0.01

 SCF converged in 10 iterations.

 Entropy contribution (-ST):             0.000000000
 Dipole moment (in Debye):               1.905660       1.319342       0.203883

Chlorophyll parameters
 D_scl:                                  0.636
 Mg_p:                                   0.902
 Mg_s:                                   1.053
 Mgp_Np:                                 1.402
 Mgp_Ns:                                 1.067
 Mgs_Np:                                 1.023
 Mgs_Ns:                                 1.468
 N_p:                                    1.044
 N_s:                                    1.281
 a_x:                                    0.067
 k_p:                                    2.694
 k_s:                                    1.462
 y_J:                                    4.012
 y_K:                                    2.147

 ----------------
  Excitation 0 1 
 ----------------
 Setting up Delta-SCF
 Ground-Excited state overlap:           0.000000000
 No correction applied to the TDM.
 Excitation energy:                      0.068808426
 Excitation energy (in eV):              1.872372658
 Transition dipole:                      2.67042       0.36874      -0.12489

 ******************
  Exciton analysis 
 ******************

 eigenvalues
 -----------
 state 0:                             -253.2098 hr
 state 1:                             -253.1414 hr
 state 2:                             -253.1410 hr

 coupling energies
 -----------------
 states 1, 2:                            1.0336 cm^-1

 distances
 ---------
 chromophore 1, 2:                      95.9253 au

 charge centers
                         X                   Y                   Z
 1            49.348752118         0.427066677        56.754462012
 2            17.285146459        90.628662958        50.650980915
 Saving results in set 'trunc_bchla_7_bchla_22_frame_15001'

 --------------------------------------------------------------------------------

 End time:                               Thu Sep  9 11:49:36 2021
 Total wall-clock time:                  0.433 seconds
==================================================================================
