
================================================================================
          _____________ ________ _______________ ________     _________         
         / ___________// ______ \\_____   _____// ______ \   / ________)        
        / /_________  / /      \ \     | |     / /      \ \ | (_______          
       |  __________|| |        | |    | |    | |        | | \________ \        
        \ \_________ | |        | |    | |     \ \______/ /___________) |       
         \__________||_|        |_|    |_|      \________//____________/        
                                                                                
====================================[ Qcore ]===================================

 Git hash:   0385c69a4f85ff35f953e853350ecec6fa7ab330
 Git date:   Wed, 8 Sep 2021 10:09:58 +0100
 Compiler:   AppleClang 10.0.1.10010046
 Build type: Release
 Version:    2.1.1

 Start time: Thu Sep  9 11:46:27 2021

 Data directory: /Users/of15641/qcore/cmake-build-release/share/entos/2.1.1/data
 Number of threads: 2
 Number of threads was determined by: number of physical cores

 --------------------------------------------------------------------------------
                                command: excitons                                
 --------------------------------------------------------------------------------
 XTB basis setup:                        reference basis
 Implicit solvation model:               none
 Number of basis functions:            244
 GFN version:                            chlorophyll
 Integral screening threshold:           1.00e-10
 Total charge:                           0.000000000
 Number of electrons:                  218.000000000
 Electronic temperature (Kelvin):        0.000000000

 D3BJ energy:                           -0.061074162
 Repulsive energy:                       1.453097862

 ****************************************************
  Running robust self-consistent charge (SCC) solver 
 ****************************************************
 Number of SCC trials:                   4
 Using the stop-early mechanism for the first 3 trials

 Conv. threshold (charge):               1.00e-05
 Conv. threshold (energy):               1.00e-06
 Initial guess:                          SAD

 -------------
  SCC Trial 1 
 -------------
 Broyden mixing factor:                  0.400000000
 Max number of iterations:             128

 ---------------------------------------------------------------
                  energy        change          grad        time
 ---------------------------------------------------------------
   0      -125.801986556                    6.44e-01        0.01
   1      -126.505804001     -7.04e-01      3.67e-01        0.01
   2      -126.476067858      2.97e-02      1.02e-01        0.01
   3      -126.460482454      1.56e-02      3.23e-02        0.00
   4      -126.517244196     -5.68e-02      9.59e-03        0.01
   5      -126.523316570     -6.07e-03      1.95e-03        0.02
   6      -126.523447594     -1.31e-04      6.91e-04        0.01
   7      -126.523468257     -2.07e-05      2.34e-04        0.01
   8      -126.523470383     -2.13e-06      1.04e-04        0.01
   9      -126.523470659     -2.76e-07      4.80e-05        0.01
  10      -126.523470686     -2.72e-08      2.16e-05        0.01
  11      -126.523470691     -4.35e-09      5.17e-06        0.01
  12      -126.523470691     -4.76e-10      1.36e-06        0.01

 SCF converged in 11 iterations.

 Entropy contribution (-ST):             0.000000000
 Dipole moment (in Debye):              -2.767019      -4.130829       2.358830

Chlorophyll parameters
 D_scl:                                  0.636
 Mg_p:                                   0.902
 Mg_s:                                   1.053
 Mgp_Np:                                 1.402
 Mgp_Ns:                                 1.067
 Mgs_Np:                                 1.023
 Mgs_Ns:                                 1.468
 N_p:                                    1.044
 N_s:                                    1.281
 a_x:                                    0.067
 k_p:                                    2.694
 k_s:                                    1.462
 y_J:                                    4.012
 y_K:                                    2.147

 ----------------
  Excitation 0 1 
 ----------------
 Setting up Delta-SCF
 Ground-Excited state overlap:           0.000000000
 No correction applied to the TDM.
 Excitation energy:                      0.067554874
 Excitation energy (in eV):              1.838261776
 Transition dipole:                      2.67315       0.18830       0.56689
 XTB basis setup:                        reference basis
 Implicit solvation model:               none
 Number of basis functions:            244
 GFN version:                            chlorophyll
 Integral screening threshold:           1.00e-10
 Total charge:                           0.000000000
 Number of electrons:                  218.000000000
 Electronic temperature (Kelvin):        0.000000000

 D3BJ energy:                           -0.061485967
 Repulsive energy:                       1.519743172

 ****************************************************
  Running robust self-consistent charge (SCC) solver 
 ****************************************************
 Number of SCC trials:                   4
 Using the stop-early mechanism for the first 3 trials

 Conv. threshold (charge):               1.00e-05
 Conv. threshold (energy):               1.00e-06
 Initial guess:                          SAD

 -------------
  SCC Trial 1 
 -------------
 Broyden mixing factor:                  0.400000000
 Max number of iterations:             128

 ---------------------------------------------------------------
                  energy        change          grad        time
 ---------------------------------------------------------------
   0      -125.953916084                    6.47e-01        0.01
   1      -126.630980310     -6.77e-01      3.70e-01        0.01
   2      -126.606686047      2.43e-02      9.61e-02        0.01
   3      -126.603555912      3.13e-03      2.56e-02        0.01
   4      -126.643483360     -3.99e-02      6.92e-03        0.01
   5      -126.646397563     -2.91e-03      2.62e-03        0.01
   6      -126.646819956     -4.22e-04      1.05e-03        0.01
   7      -126.646879808     -5.99e-05      2.22e-04        0.01
   8      -126.646881103     -1.30e-06      7.62e-05        0.01
   9      -126.646881157     -5.45e-08      3.37e-05        0.01
  10      -126.646881162     -4.76e-09      1.15e-05        0.01
  11      -126.646881163     -6.73e-10      3.76e-06        0.01
  12      -126.646881163     -1.28e-10      9.85e-07        0.01

 SCF converged in 11 iterations.

 Entropy contribution (-ST):             0.000000000
 Dipole moment (in Debye):               1.389379      -3.194394       1.346816

Chlorophyll parameters
 D_scl:                                  0.636
 Mg_p:                                   0.902
 Mg_s:                                   1.053
 Mgp_Np:                                 1.402
 Mgp_Ns:                                 1.067
 Mgs_Np:                                 1.023
 Mgs_Ns:                                 1.468
 N_p:                                    1.044
 N_s:                                    1.281
 a_x:                                    0.067
 k_p:                                    2.694
 k_s:                                    1.462
 y_J:                                    4.012
 y_K:                                    2.147

 ----------------
  Excitation 0 1 
 ----------------
 Setting up Delta-SCF
 Ground-Excited state overlap:          -0.000000000
 No correction applied to the TDM.
 Excitation energy:                      0.066562792
 Excitation energy (in eV):              1.811265829
 Transition dipole:                     -2.62585       0.57876      -0.74726

 ******************
  Exciton analysis 
 ******************

 eigenvalues
 -----------
 state 0:                             -253.1705 hr
 state 1:                             -253.1040 hr
 state 2:                             -253.1029 hr

 coupling energies
 -----------------
 states 1, 2:                          -18.9788 cm^-1

 distances
 ---------
 chromophore 1, 2:                      37.4338 au

 charge centers
                         X                   Y                   Z
 1            47.368982384       -12.978634908        85.359854952
 2            66.559884964         3.764469903        57.925072976
 Saving results in set 'trunc_bchla_5_bchla_9_frame_101'

 --------------------------------------------------------------------------------

 End time:                               Thu Sep  9 11:46:27 2021
 Total wall-clock time:                  0.480 seconds
==================================================================================
