
================================================================================
          _____________ ________ _______________ ________     _________         
         / ___________// ______ \\_____   _____// ______ \   / ________)        
        / /_________  / /      \ \     | |     / /      \ \ | (_______          
       |  __________|| |        | |    | |    | |        | | \________ \        
        \ \_________ | |        | |    | |     \ \______/ /___________) |       
         \__________||_|        |_|    |_|      \________//____________/        
                                                                                
====================================[ Qcore ]===================================

 Git hash:   0385c69a4f85ff35f953e853350ecec6fa7ab330
 Git date:   Wed, 8 Sep 2021 10:09:58 +0100
 Compiler:   AppleClang 10.0.1.10010046
 Build type: Release
 Version:    2.1.1

 Start time: Thu Sep  9 11:27:35 2021

 Data directory: /Users/of15641/qcore/cmake-build-release/share/entos/2.1.1/data
 Number of threads: 2
 Number of threads was determined by: number of physical cores

 --------------------------------------------------------------------------------
                                command: excitons                                
 --------------------------------------------------------------------------------
 XTB basis setup:                        reference basis
 Implicit solvation model:               none
 Number of basis functions:            244
 GFN version:                            chlorophyll
 Integral screening threshold:           1.00e-10
 Total charge:                           0.000000000
 Number of electrons:                  218.000000000
 Electronic temperature (Kelvin):        0.000000000

 D3BJ energy:                           -0.062387408
 Repulsive energy:                       1.495166112

 ****************************************************
  Running robust self-consistent charge (SCC) solver 
 ****************************************************
 Number of SCC trials:                   4
 Using the stop-early mechanism for the first 3 trials

 Conv. threshold (charge):               1.00e-05
 Conv. threshold (energy):               1.00e-06
 Initial guess:                          SAD

 -------------
  SCC Trial 1 
 -------------
 Broyden mixing factor:                  0.400000000
 Max number of iterations:             128

 ---------------------------------------------------------------
                  energy        change          grad        time
 ---------------------------------------------------------------
   0      -125.878106436                    6.46e-01        0.01
   1      -126.566203772     -6.88e-01      3.69e-01        0.01
   2      -126.547489545      1.87e-02      9.76e-02        0.00
   3      -126.552897533     -5.41e-03      2.39e-02        0.00
   4      -126.580549695     -2.77e-02      5.08e-03        0.02
   5      -126.581931559     -1.38e-03      1.70e-03        0.00
   6      -126.582023327     -9.18e-05      9.28e-04        0.00
   7      -126.582086239     -6.29e-05      2.27e-04        0.00
   8      -126.582088914     -2.67e-06      6.58e-05        0.00
   9      -126.582088993     -7.94e-08      2.85e-05        0.00
  10      -126.582088998     -5.27e-09      1.04e-05        0.00
  11      -126.582088999     -3.97e-10      3.20e-06        0.01
  12      -126.582088999     -1.61e-10      9.21e-07        0.01

 SCF converged in 11 iterations.

 Entropy contribution (-ST):             0.000000000
 Dipole moment (in Debye):               0.310366      -4.672127       1.059200

Chlorophyll parameters
 D_scl:                                  0.636
 Mg_p:                                   0.902
 Mg_s:                                   1.053
 Mgp_Np:                                 1.402
 Mgp_Ns:                                 1.067
 Mgs_Np:                                 1.023
 Mgs_Ns:                                 1.468
 N_p:                                    1.044
 N_s:                                    1.281
 a_x:                                    0.067
 k_p:                                    2.694
 k_s:                                    1.462
 y_J:                                    4.012
 y_K:                                    2.147

 ----------------
  Excitation 0 1 
 ----------------
 Setting up Delta-SCF
 Ground-Excited state overlap:           0.000000000
 No correction applied to the TDM.
 Excitation energy:                      0.067078747
 Excitation energy (in eV):              1.825305695
 Transition dipole:                      0.98754      -2.44866       0.49864
 XTB basis setup:                        reference basis
 Implicit solvation model:               none
 Number of basis functions:            244
 GFN version:                            chlorophyll
 Integral screening threshold:           1.00e-10
 Total charge:                           0.000000000
 Number of electrons:                  218.000000000
 Electronic temperature (Kelvin):        0.000000000

 D3BJ energy:                           -0.060853523
 Repulsive energy:                       1.460734252

 ****************************************************
  Running robust self-consistent charge (SCC) solver 
 ****************************************************
 Number of SCC trials:                   4
 Using the stop-early mechanism for the first 3 trials

 Conv. threshold (charge):               1.00e-05
 Conv. threshold (energy):               1.00e-06
 Initial guess:                          SAD

 -------------
  SCC Trial 1 
 -------------
 Broyden mixing factor:                  0.400000000
 Max number of iterations:             128

 ---------------------------------------------------------------
                  energy        change          grad        time
 ---------------------------------------------------------------
   0      -125.855659038                    6.43e-01        0.01
   1      -126.530447934     -6.75e-01      3.67e-01        0.01
   2      -126.469829739      6.06e-02      9.91e-02        0.01
   3      -126.423857295      4.60e-02      3.93e-02        0.01
   4      -126.547384497     -1.24e-01      7.99e-03        0.01
   5      -126.549676625     -2.29e-03      2.04e-03        0.01
   6      -126.549694840     -1.82e-05      9.95e-04        0.01
   7      -126.549740367     -4.55e-05      3.29e-04        0.01
   8      -126.549742053     -1.69e-06      2.03e-04        0.01
   9      -126.549742750     -6.97e-07      6.76e-05        0.01
  10      -126.549742759     -9.20e-09      1.42e-05        0.01
  11      -126.549742763     -3.61e-09      5.26e-06        0.01
  12      -126.549742763     -3.22e-10      1.43e-06        0.01

 SCF converged in 11 iterations.

 Entropy contribution (-ST):             0.000000000
 Dipole moment (in Debye):              -2.629351       1.497360       0.719902

Chlorophyll parameters
 D_scl:                                  0.636
 Mg_p:                                   0.902
 Mg_s:                                   1.053
 Mgp_Np:                                 1.402
 Mgp_Ns:                                 1.067
 Mgs_Np:                                 1.023
 Mgs_Ns:                                 1.468
 N_p:                                    1.044
 N_s:                                    1.281
 a_x:                                    0.067
 k_p:                                    2.694
 k_s:                                    1.462
 y_J:                                    4.012
 y_K:                                    2.147

 ----------------
  Excitation 0 1 
 ----------------
 Setting up Delta-SCF
 Ground-Excited state overlap:           0.000000000
 No correction applied to the TDM.
 Excitation energy:                      0.067251093
 Excitation energy (in eV):              1.829995465
 Transition dipole:                      2.65384       0.45443       0.38747

 ******************
  Exciton analysis 
 ******************

 eigenvalues
 -----------
 state 0:                             -253.1318 hr
 state 1:                             -253.0648 hr
 state 2:                             -253.0646 hr

 coupling energies
 -----------------
 states 1, 2:                           -3.0148 cm^-1

 distances
 ---------
 chromophore 1, 2:                      77.9005 au

 charge centers
                         X                   Y                   Z
 1            78.777586080        79.518897449        50.367230439
 2             0.903349569        81.290727116        51.345458271
 Saving results in set 'trunc_bchla_16_bchla_24_frame_10001'

 --------------------------------------------------------------------------------

 End time:                               Thu Sep  9 11:27:36 2021
 Total wall-clock time:                  0.478 seconds
==================================================================================
