
================================================================================
          _____________ ________ _______________ ________     _________         
         / ___________// ______ \\_____   _____// ______ \   / ________)        
        / /_________  / /      \ \     | |     / /      \ \ | (_______          
       |  __________|| |        | |    | |    | |        | | \________ \        
        \ \_________ | |        | |    | |     \ \______/ /___________) |       
         \__________||_|        |_|    |_|      \________//____________/        
                                                                                
====================================[ Qcore ]===================================

 Git hash:   0385c69a4f85ff35f953e853350ecec6fa7ab330
 Git date:   Wed, 8 Sep 2021 10:09:58 +0100
 Compiler:   AppleClang 10.0.1.10010046
 Build type: Release
 Version:    2.1.1

 Start time: Thu Sep  9 11:50:10 2021

 Data directory: /Users/of15641/qcore/cmake-build-release/share/entos/2.1.1/data
 Number of threads: 2
 Number of threads was determined by: number of physical cores

 --------------------------------------------------------------------------------
                                command: excitons                                
 --------------------------------------------------------------------------------
 XTB basis setup:                        reference basis
 Implicit solvation model:               none
 Number of basis functions:            244
 GFN version:                            chlorophyll
 Integral screening threshold:           1.00e-10
 Total charge:                           0.000000000
 Number of electrons:                  218.000000000
 Electronic temperature (Kelvin):        0.000000000

 D3BJ energy:                           -0.062133675
 Repulsive energy:                       1.518056990

 ****************************************************
  Running robust self-consistent charge (SCC) solver 
 ****************************************************
 Number of SCC trials:                   4
 Using the stop-early mechanism for the first 3 trials

 Conv. threshold (charge):               1.00e-05
 Conv. threshold (energy):               1.00e-06
 Initial guess:                          SAD

 -------------
  SCC Trial 1 
 -------------
 Broyden mixing factor:                  0.400000000
 Max number of iterations:             128

 ---------------------------------------------------------------
                  energy        change          grad        time
 ---------------------------------------------------------------
   0      -125.936233450                    6.47e-01        0.01
   1      -126.605705264     -6.69e-01      3.69e-01        0.01
   2      -126.568094796      3.76e-02      9.65e-02        0.01
   3      -126.539387654      2.87e-02      3.26e-02        0.01
   4      -126.617707120     -7.83e-02      9.86e-03        0.01
   5      -126.623308950     -5.60e-03      2.25e-03        0.01
   6      -126.623396862     -8.79e-05      1.03e-03        0.01
   7      -126.623436925     -4.01e-05      3.13e-04        0.01
   8      -126.623440072     -3.15e-06      1.62e-04        0.01
   9      -126.623440291     -2.19e-07      6.36e-05        0.01
  10      -126.623440324     -3.33e-08      1.72e-05        0.01
  11      -126.623440329     -5.10e-09      4.36e-06        0.01
  12      -126.623440330     -2.24e-10      1.04e-06        0.01

 SCF converged in 11 iterations.

 Entropy contribution (-ST):             0.000000000
 Dipole moment (in Debye):              -1.958863       2.176727      -0.169164

Chlorophyll parameters
 D_scl:                                  0.636
 Mg_p:                                   0.902
 Mg_s:                                   1.053
 Mgp_Np:                                 1.402
 Mgp_Ns:                                 1.067
 Mgs_Np:                                 1.023
 Mgs_Ns:                                 1.468
 N_p:                                    1.044
 N_s:                                    1.281
 a_x:                                    0.067
 k_p:                                    2.694
 k_s:                                    1.462
 y_J:                                    4.012
 y_K:                                    2.147

 ----------------
  Excitation 0 1 
 ----------------
 Setting up Delta-SCF
 Ground-Excited state overlap:          -0.000000000
 No correction applied to the TDM.
 Excitation energy:                      0.067747705
 Excitation energy (in eV):              1.843508959
 Transition dipole:                      2.62817      -0.38235       0.23666
 XTB basis setup:                        reference basis
 Implicit solvation model:               none
 Number of basis functions:            244
 GFN version:                            chlorophyll
 Integral screening threshold:           1.00e-10
 Total charge:                           0.000000000
 Number of electrons:                  218.000000000
 Electronic temperature (Kelvin):        0.000000000

 D3BJ energy:                           -0.061192566
 Repulsive energy:                       1.480645520

 ****************************************************
  Running robust self-consistent charge (SCC) solver 
 ****************************************************
 Number of SCC trials:                   4
 Using the stop-early mechanism for the first 3 trials

 Conv. threshold (charge):               1.00e-05
 Conv. threshold (energy):               1.00e-06
 Initial guess:                          SAD

 -------------
  SCC Trial 1 
 -------------
 Broyden mixing factor:                  0.400000000
 Max number of iterations:             128

 ---------------------------------------------------------------
                  energy        change          grad        time
 ---------------------------------------------------------------
   0      -125.864102966                    6.45e-01        0.01
   1      -126.552728897     -6.89e-01      3.68e-01        0.01
   2      -126.533587458      1.91e-02      9.81e-02        0.01
   3      -126.524580720      9.01e-03      2.58e-02        0.01
   4      -126.560900141     -3.63e-02      1.01e-02        0.01
   5      -126.567898441     -7.00e-03      1.73e-03        0.01
   6      -126.567982783     -8.43e-05      5.62e-04        0.01
   7      -126.567993427     -1.06e-05      1.58e-04        0.01
   8      -126.567993686     -2.59e-07      8.13e-05        0.01
   9      -126.567993765     -7.90e-08      3.99e-05        0.01
  10      -126.567993769     -4.19e-09      1.84e-05        0.01
  11      -126.567993782     -1.27e-08      4.80e-06        0.01
  12      -126.567993783     -5.26e-10      1.28e-06        0.01

 SCF converged in 11 iterations.

 Entropy contribution (-ST):             0.000000000
 Dipole moment (in Debye):               1.753495       0.303557      -1.335635

Chlorophyll parameters
 D_scl:                                  0.636
 Mg_p:                                   0.902
 Mg_s:                                   1.053
 Mgp_Np:                                 1.402
 Mgp_Ns:                                 1.067
 Mgs_Np:                                 1.023
 Mgs_Ns:                                 1.468
 N_p:                                    1.044
 N_s:                                    1.281
 a_x:                                    0.067
 k_p:                                    2.694
 k_s:                                    1.462
 y_J:                                    4.012
 y_K:                                    2.147

 ----------------
  Excitation 0 1 
 ----------------
 Setting up Delta-SCF
 Ground-Excited state overlap:           0.000000000
 No correction applied to the TDM.
 Excitation energy:                      0.067071128
 Excitation energy (in eV):              1.825098372
 Transition dipole:                     -0.61100      -2.68995      -0.25806

 ******************
  Exciton analysis 
 ******************

 eigenvalues
 -----------
 state 0:                             -253.1914 hr
 state 1:                             -253.1244 hr
 state 2:                             -253.1237 hr

 coupling energies
 -----------------
 states 1, 2:                            8.1087 cm^-1

 distances
 ---------
 chromophore 1, 2:                      50.2698 au

 charge centers
                         X                   Y                   Z
 1            47.452688738         1.948966460        56.269355122
 2            84.858011516        10.885389629        88.642786365
 Saving results in set 'trunc_bchla_7_bchla_8_frame_30001'

 --------------------------------------------------------------------------------

 End time:                               Thu Sep  9 11:50:11 2021
 Total wall-clock time:                  0.463 seconds
==================================================================================
