
================================================================================
          _____________ ________ _______________ ________     _________         
         / ___________// ______ \\_____   _____// ______ \   / ________)        
        / /_________  / /      \ \     | |     / /      \ \ | (_______          
       |  __________|| |        | |    | |    | |        | | \________ \        
        \ \_________ | |        | |    | |     \ \______/ /___________) |       
         \__________||_|        |_|    |_|      \________//____________/        
                                                                                
====================================[ Qcore ]===================================

 Git hash:   0385c69a4f85ff35f953e853350ecec6fa7ab330
 Git date:   Wed, 8 Sep 2021 10:09:58 +0100
 Compiler:   AppleClang 10.0.1.10010046
 Build type: Release
 Version:    2.1.1

 Start time: Fri Sep 10 12:00:08 2021

 Data directory: /Users/of15641/qcore/cmake-build-release/share/entos/2.1.1/data
 Number of threads: 2
 Number of threads was determined by: number of physical cores

 --------------------------------------------------------------------------------
                                command: excitons                                
 --------------------------------------------------------------------------------
 XTB basis setup:                        reference basis
 Implicit solvation model:               none
 Number of basis functions:            244
 GFN version:                            chlorophyll
 Integral screening threshold:           1.00e-10
 Total charge:                           0.000000000
 Number of electrons:                  218.000000000
 Electronic temperature (Kelvin):        0.000000000

 D3BJ energy:                           -0.062277824
 Repulsive energy:                       1.481203495

 ****************************************************
  Running robust self-consistent charge (SCC) solver 
 ****************************************************
 Number of SCC trials:                   4
 Using the stop-early mechanism for the first 3 trials

 Conv. threshold (charge):               1.00e-05
 Conv. threshold (energy):               1.00e-06
 Initial guess:                          SAD

 -------------
  SCC Trial 1 
 -------------
 Broyden mixing factor:                  0.400000000
 Max number of iterations:             128

 ---------------------------------------------------------------
                  energy        change          grad        time
 ---------------------------------------------------------------
   0      -125.923040376                    6.45e-01        0.01
   1      -126.593529327     -6.70e-01      3.68e-01        0.01
   2      -126.561269521      3.23e-02      9.80e-02        0.00
   3      -126.546412052      1.49e-02      2.97e-02        0.00
   4      -126.603087179     -5.67e-02      9.29e-03        0.00
   5      -126.609153231     -6.07e-03      2.27e-03        0.00
   6      -126.609394359     -2.41e-04      8.69e-04        0.01
   7      -126.609423706     -2.93e-05      2.54e-04        0.00
   8      -126.609426410     -2.70e-06      1.01e-04        0.01
   9      -126.609426479     -6.86e-08      4.34e-05        0.00
  10      -126.609426488     -8.90e-09      1.22e-05        0.00
  11      -126.609426490     -1.73e-09      4.14e-06        0.00
  12      -126.609426490     -1.82e-10      8.48e-07        0.00

 SCF converged in 11 iterations.

 Entropy contribution (-ST):             0.000000000
 Dipole moment (in Debye):              -3.489059      -0.102244       0.125032

Chlorophyll parameters
 D_scl:                                  0.636
 Mg_p:                                   0.902
 Mg_s:                                   1.053
 Mgp_Np:                                 1.402
 Mgp_Ns:                                 1.067
 Mgs_Np:                                 1.023
 Mgs_Ns:                                 1.468
 N_p:                                    1.044
 N_s:                                    1.281
 a_x:                                    0.067
 k_p:                                    2.694
 k_s:                                    1.462
 y_J:                                    4.012
 y_K:                                    2.147

 ----------------
  Excitation 0 1 
 ----------------
 Setting up Delta-SCF
 Ground-Excited state overlap:          -0.000000000
 No correction applied to the TDM.
 Excitation energy:                      0.065908307
 Excitation energy (in eV):              1.793456408
 Transition dipole:                     -2.38926      -1.41086      -0.24498
 XTB basis setup:                        reference basis
 Implicit solvation model:               none
 Number of basis functions:            244
 GFN version:                            chlorophyll
 Integral screening threshold:           1.00e-10
 Total charge:                           0.000000000
 Number of electrons:                  218.000000000
 Electronic temperature (Kelvin):        0.000000000

 D3BJ energy:                           -0.061329762
 Repulsive energy:                       1.465677031

 ****************************************************
  Running robust self-consistent charge (SCC) solver 
 ****************************************************
 Number of SCC trials:                   4
 Using the stop-early mechanism for the first 3 trials

 Conv. threshold (charge):               1.00e-05
 Conv. threshold (energy):               1.00e-06
 Initial guess:                          SAD

 -------------
  SCC Trial 1 
 -------------
 Broyden mixing factor:                  0.400000000
 Max number of iterations:             128

 ---------------------------------------------------------------
                  energy        change          grad        time
 ---------------------------------------------------------------
   0      -125.857205193                    6.44e-01        0.01
   1      -126.536401560     -6.79e-01      3.68e-01        0.01
   2      -126.494680007      4.17e-02      9.97e-02        0.01
   3      -126.472599888      2.21e-02      3.30e-02        0.01
   4      -126.549864694     -7.73e-02      9.80e-03        0.01
   5      -126.555703930     -5.84e-03      2.68e-03        0.01
   6      -126.555913499     -2.10e-04      1.09e-03        0.01
   7      -126.555952288     -3.88e-05      3.52e-04        0.01
   8      -126.555956392     -4.10e-06      1.67e-04        0.01
   9      -126.555956561     -1.68e-07      6.69e-05        0.01
  10      -126.555956568     -7.72e-09      2.00e-05        0.01
  11      -126.555956574     -5.82e-09      3.80e-06        0.01
  12      -126.555956574     -1.77e-10      1.15e-06        0.01

 SCF converged in 11 iterations.

 Entropy contribution (-ST):             0.000000000
 Dipole moment (in Debye):              -2.474912      -1.692875       0.378966

Chlorophyll parameters
 D_scl:                                  0.636
 Mg_p:                                   0.902
 Mg_s:                                   1.053
 Mgp_Np:                                 1.402
 Mgp_Ns:                                 1.067
 Mgs_Np:                                 1.023
 Mgs_Ns:                                 1.468
 N_p:                                    1.044
 N_s:                                    1.281
 a_x:                                    0.067
 k_p:                                    2.694
 k_s:                                    1.462
 y_J:                                    4.012
 y_K:                                    2.147

 ----------------
  Excitation 0 1 
 ----------------
 Setting up Delta-SCF
 Ground-Excited state overlap:           0.000000000
 No correction applied to the TDM.
 Excitation energy:                      0.065406691
 Excitation energy (in eV):              1.779806729
 Transition dipole:                     -1.13771      -2.47004       0.23307

 ******************
  Exciton analysis 
 ******************

 eigenvalues
 -----------
 state 0:                             -253.1655 hr
 state 1:                             -253.1003 hr
 state 2:                             -253.0996 hr

 coupling energies
 -----------------
 states 1, 2:                          -71.6749 cm^-1

 distances
 ---------
 chromophore 1, 2:                      33.5787 au

 charge centers
                         X                   Y                   Z
 1            78.014460842        18.399407074        57.546861054
 2            90.356989340        49.529839336        55.079613311
 Saving results in set 'trunc_bchla_10_bchla_13_frame_29801'

 --------------------------------------------------------------------------------

 End time:                               Fri Sep 10 12:00:09 2021
 Total wall-clock time:                  0.448 seconds
==================================================================================
