
================================================================================
          _____________ ________ _______________ ________     _________         
         / ___________// ______ \\_____   _____// ______ \   / ________)        
        / /_________  / /      \ \     | |     / /      \ \ | (_______          
       |  __________|| |        | |    | |    | |        | | \________ \        
        \ \_________ | |        | |    | |     \ \______/ /___________) |       
         \__________||_|        |_|    |_|      \________//____________/        
                                                                                
====================================[ Qcore ]===================================

 Git hash:   0385c69a4f85ff35f953e853350ecec6fa7ab330
 Git date:   Wed, 8 Sep 2021 10:09:58 +0100
 Compiler:   AppleClang 10.0.1.10010046
 Build type: Release
 Version:    2.1.1

 Start time: Fri Sep 10 11:50:52 2021

 Data directory: /Users/of15641/qcore/cmake-build-release/share/entos/2.1.1/data
 Number of threads: 2
 Number of threads was determined by: number of physical cores

 --------------------------------------------------------------------------------
                                command: excitons                                
 --------------------------------------------------------------------------------
 XTB basis setup:                        reference basis
 Implicit solvation model:               none
 Number of basis functions:            244
 GFN version:                            chlorophyll
 Integral screening threshold:           1.00e-10
 Total charge:                           0.000000000
 Number of electrons:                  218.000000000
 Electronic temperature (Kelvin):        0.000000000

 D3BJ energy:                           -0.062742152
 Repulsive energy:                       1.488929782

 ****************************************************
  Running robust self-consistent charge (SCC) solver 
 ****************************************************
 Number of SCC trials:                   4
 Using the stop-early mechanism for the first 3 trials

 Conv. threshold (charge):               1.00e-05
 Conv. threshold (energy):               1.00e-06
 Initial guess:                          SAD

 -------------
  SCC Trial 1 
 -------------
 Broyden mixing factor:                  0.400000000
 Max number of iterations:             128

 ---------------------------------------------------------------
                  energy        change          grad        time
 ---------------------------------------------------------------
   0      -125.895632206                    6.46e-01        0.01
   1      -126.588150800     -6.93e-01      3.68e-01        0.01
   2      -126.556011942      3.21e-02      9.86e-02        0.01
   3      -126.540525311      1.55e-02      2.88e-02        0.01
   4      -126.599513668     -5.90e-02      9.05e-03        0.02
   5      -126.604774033     -5.26e-03      2.17e-03        0.01
   6      -126.604906300     -1.32e-04      9.03e-04        0.01
   7      -126.604937879     -3.16e-05      2.82e-04        0.01
   8      -126.604940927     -3.05e-06      1.31e-04        0.01
   9      -126.604941084     -1.58e-07      5.11e-05        0.01
  10      -126.604941087     -2.78e-09      1.63e-05        0.01
  11      -126.604941089     -2.42e-09      4.08e-06        0.01
  12      -126.604941090     -1.27e-10      9.36e-07        0.01

 SCF converged in 11 iterations.

 Entropy contribution (-ST):             0.000000000
 Dipole moment (in Debye):              -4.274177       0.291142      -0.619177

Chlorophyll parameters
 D_scl:                                  0.636
 Mg_p:                                   0.902
 Mg_s:                                   1.053
 Mgp_Np:                                 1.402
 Mgp_Ns:                                 1.067
 Mgs_Np:                                 1.023
 Mgs_Ns:                                 1.468
 N_p:                                    1.044
 N_s:                                    1.281
 a_x:                                    0.067
 k_p:                                    2.694
 k_s:                                    1.462
 y_J:                                    4.012
 y_K:                                    2.147

 ----------------
  Excitation 0 1 
 ----------------
 Setting up Delta-SCF
 Ground-Excited state overlap:           0.000000000
 No correction applied to the TDM.
 Excitation energy:                      0.067248564
 Excitation energy (in eV):              1.829926658
 Transition dipole:                      2.30867       1.32101      -0.40224
 XTB basis setup:                        reference basis
 Implicit solvation model:               none
 Number of basis functions:            244
 GFN version:                            chlorophyll
 Integral screening threshold:           1.00e-10
 Total charge:                           0.000000000
 Number of electrons:                  218.000000000
 Electronic temperature (Kelvin):        0.000000000

 D3BJ energy:                           -0.062657486
 Repulsive energy:                       1.474918552

 ****************************************************
  Running robust self-consistent charge (SCC) solver 
 ****************************************************
 Number of SCC trials:                   4
 Using the stop-early mechanism for the first 3 trials

 Conv. threshold (charge):               1.00e-05
 Conv. threshold (energy):               1.00e-06
 Initial guess:                          SAD

 -------------
  SCC Trial 1 
 -------------
 Broyden mixing factor:                  0.400000000
 Max number of iterations:             128

 ---------------------------------------------------------------
                  energy        change          grad        time
 ---------------------------------------------------------------
   0      -125.864062205                    6.45e-01        0.01
   1      -126.549851716     -6.86e-01      3.68e-01        0.01
   2      -126.529345891      2.05e-02      9.65e-02        0.01
   3      -126.518273417      1.11e-02      2.77e-02        0.01
   4      -126.559324901     -4.11e-02      8.36e-03        0.01
   5      -126.564230774     -4.91e-03      2.00e-03        0.01
   6      -126.564404087     -1.73e-04      7.38e-04        0.01
   7      -126.564428258     -2.42e-05      2.65e-04        0.01
   8      -126.564431374     -3.12e-06      1.01e-04        0.01
   9      -126.564431535     -1.60e-07      4.59e-05        0.01
  10      -126.564431561     -2.69e-08      1.95e-05        0.01
  11      -126.564431567     -5.74e-09      4.75e-06        0.01
  12      -126.564431568     -3.12e-10      1.29e-06        0.01

 SCF converged in 11 iterations.

 Entropy contribution (-ST):             0.000000000
 Dipole moment (in Debye):               0.664280      -0.963462       1.241624

Chlorophyll parameters
 D_scl:                                  0.636
 Mg_p:                                   0.902
 Mg_s:                                   1.053
 Mgp_Np:                                 1.402
 Mgp_Ns:                                 1.067
 Mgs_Np:                                 1.023
 Mgs_Ns:                                 1.468
 N_p:                                    1.044
 N_s:                                    1.281
 a_x:                                    0.067
 k_p:                                    2.694
 k_s:                                    1.462
 y_J:                                    4.012
 y_K:                                    2.147

 ----------------
  Excitation 0 1 
 ----------------
 Setting up Delta-SCF
 Ground-Excited state overlap:           0.000000000
 No correction applied to the TDM.
 Excitation energy:                      0.066570935
 Excitation energy (in eV):              1.811487426
 Transition dipole:                     -0.26118       2.69064       0.58138

 ******************
  Exciton analysis 
 ******************

 eigenvalues
 -----------
 state 0:                             -253.1694 hr
 state 1:                             -253.1028 hr
 state 2:                             -253.1021 hr

 coupling energies
 -----------------
 states 1, 2:                          -15.6790 cm^-1

 distances
 ---------
 chromophore 1, 2:                      43.9133 au

 charge centers
                         X                   Y                   Z
 1            78.060746305        18.404457158        57.153123717
 2            99.744536393        47.228036357        82.200895158
 Saving results in set 'trunc_bchla_10_bchla_11_frame_21101'

 --------------------------------------------------------------------------------

 End time:                               Fri Sep 10 11:50:53 2021
 Total wall-clock time:                  0.515 seconds
==================================================================================
