
================================================================================
          _____________ ________ _______________ ________     _________         
         / ___________// ______ \\_____   _____// ______ \   / ________)        
        / /_________  / /      \ \     | |     / /      \ \ | (_______          
       |  __________|| |        | |    | |    | |        | | \________ \        
        \ \_________ | |        | |    | |     \ \______/ /___________) |       
         \__________||_|        |_|    |_|      \________//____________/        
                                                                                
====================================[ Qcore ]===================================

 Git hash:   0385c69a4f85ff35f953e853350ecec6fa7ab330
 Git date:   Wed, 8 Sep 2021 10:09:58 +0100
 Compiler:   AppleClang 10.0.1.10010046
 Build type: Release
 Version:    2.1.1

 Start time: Fri Sep 10 12:00:18 2021

 Data directory: /Users/of15641/qcore/cmake-build-release/share/entos/2.1.1/data
 Number of threads: 2
 Number of threads was determined by: number of physical cores

 --------------------------------------------------------------------------------
                                command: excitons                                
 --------------------------------------------------------------------------------
 XTB basis setup:                        reference basis
 Implicit solvation model:               none
 Number of basis functions:            244
 GFN version:                            chlorophyll
 Integral screening threshold:           1.00e-10
 Total charge:                           0.000000000
 Number of electrons:                  218.000000000
 Electronic temperature (Kelvin):        0.000000000

 D3BJ energy:                           -0.061650585
 Repulsive energy:                       1.476005160

 ****************************************************
  Running robust self-consistent charge (SCC) solver 
 ****************************************************
 Number of SCC trials:                   4
 Using the stop-early mechanism for the first 3 trials

 Conv. threshold (charge):               1.00e-05
 Conv. threshold (energy):               1.00e-06
 Initial guess:                          SAD

 -------------
  SCC Trial 1 
 -------------
 Broyden mixing factor:                  0.400000000
 Max number of iterations:             128

 ---------------------------------------------------------------
                  energy        change          grad        time
 ---------------------------------------------------------------
   0      -125.849776460                    6.46e-01        0.01
   1      -126.553896763     -7.04e-01      3.68e-01        0.01
   2      -126.501026743      5.29e-02      1.06e-01        0.00
   3      -126.464213955      3.68e-02      4.16e-02        0.01
   4      -126.568767469     -1.05e-01      1.12e-02        0.00
   5      -126.577121717     -8.35e-03      2.81e-03        0.00
   6      -126.577269290     -1.48e-04      1.06e-03        0.01
   7      -126.577292589     -2.33e-05      4.09e-04        0.01
   8      -126.577297507     -4.92e-06      2.62e-04        0.00
   9      -126.577298340     -8.33e-07      9.23e-05        0.00
  10      -126.577298491     -1.51e-07      3.08e-05        0.01
  11      -126.577298506     -1.47e-08      5.38e-06        0.01
  12      -126.577298506     -3.67e-10      1.83e-06        0.01

 SCF converged in 11 iterations.

 Entropy contribution (-ST):             0.000000000
 Dipole moment (in Debye):              -5.352537      -0.374734       0.005265

Chlorophyll parameters
 D_scl:                                  0.636
 Mg_p:                                   0.902
 Mg_s:                                   1.053
 Mgp_Np:                                 1.402
 Mgp_Ns:                                 1.067
 Mgs_Np:                                 1.023
 Mgs_Ns:                                 1.468
 N_p:                                    1.044
 N_s:                                    1.281
 a_x:                                    0.067
 k_p:                                    2.694
 k_s:                                    1.462
 y_J:                                    4.012
 y_K:                                    2.147

 ----------------
  Excitation 0 1 
 ----------------
 Setting up Delta-SCF
 Ground-Excited state overlap:          -0.000000000
 No correction applied to the TDM.
 Excitation energy:                      0.066033802
 Excitation energy (in eV):              1.796871290
 Transition dipole:                      2.42777       1.11120      -0.07652
 XTB basis setup:                        reference basis
 Implicit solvation model:               none
 Number of basis functions:            244
 GFN version:                            chlorophyll
 Integral screening threshold:           1.00e-10
 Total charge:                           0.000000000
 Number of electrons:                  218.000000000
 Electronic temperature (Kelvin):        0.000000000

 D3BJ energy:                           -0.061279062
 Repulsive energy:                       1.537482322

 ****************************************************
  Running robust self-consistent charge (SCC) solver 
 ****************************************************
 Number of SCC trials:                   4
 Using the stop-early mechanism for the first 3 trials

 Conv. threshold (charge):               1.00e-05
 Conv. threshold (energy):               1.00e-06
 Initial guess:                          SAD

 -------------
  SCC Trial 1 
 -------------
 Broyden mixing factor:                  0.400000000
 Max number of iterations:             128

 ---------------------------------------------------------------
                  energy        change          grad        time
 ---------------------------------------------------------------
   0      -125.939390822                    6.47e-01        0.01
   1      -126.589103346     -6.50e-01      3.70e-01        0.01
   2      -126.455329591      1.34e-01      1.00e-01        0.01
   3      -126.373578248      8.18e-02      5.52e-02        0.01
   4      -126.615447410     -2.42e-01      1.31e-02        0.01
   5      -126.619686021     -4.24e-03      5.14e-03        0.01
   6      -126.619636586      4.94e-05      2.57e-03        0.01
   7      -126.619889596     -2.53e-04      6.92e-04        0.01
   8      -126.619890428     -8.32e-07      3.91e-04        0.01
   9      -126.619891349     -9.21e-07      1.09e-04        0.01
  10      -126.619891427     -7.75e-08      2.10e-05        0.01
  11      -126.619891433     -5.58e-09      5.56e-06        0.01
  12      -126.619891433     -4.10e-10      1.87e-06        0.01

 SCF converged in 11 iterations.

 Entropy contribution (-ST):             0.000000000
 Dipole moment (in Debye):              -2.342762      -1.652007       0.944721

Chlorophyll parameters
 D_scl:                                  0.636
 Mg_p:                                   0.902
 Mg_s:                                   1.053
 Mgp_Np:                                 1.402
 Mgp_Ns:                                 1.067
 Mgs_Np:                                 1.023
 Mgs_Ns:                                 1.468
 N_p:                                    1.044
 N_s:                                    1.281
 a_x:                                    0.067
 k_p:                                    2.694
 k_s:                                    1.462
 y_J:                                    4.012
 y_K:                                    2.147

 ----------------
  Excitation 0 1 
 ----------------
 Setting up Delta-SCF
 Ground-Excited state overlap:          -0.000000000
 No correction applied to the TDM.
 Excitation energy:                      0.066190755
 Excitation energy (in eV):              1.801142195
 Transition dipole:                      1.20390       2.44008      -0.55584

 ******************
  Exciton analysis 
 ******************

 eigenvalues
 -----------
 state 0:                             -253.1974 hr
 state 1:                             -253.1316 hr
 state 2:                             -253.1309 hr

 coupling energies
 -----------------
 states 1, 2:                          -78.3961 cm^-1

 distances
 ---------
 chromophore 1, 2:                      32.2575 au

 charge centers
                         X                   Y                   Z
 1            78.349767213        18.445364956        58.910264925
 2            91.653989899        47.637097369        55.536166363
 Saving results in set 'trunc_bchla_10_bchla_13_frame_31401'

 --------------------------------------------------------------------------------

 End time:                               Fri Sep 10 12:00:18 2021
 Total wall-clock time:                  0.452 seconds
==================================================================================
