
================================================================================
          _____________ ________ _______________ ________     _________         
         / ___________// ______ \\_____   _____// ______ \   / ________)        
        / /_________  / /      \ \     | |     / /      \ \ | (_______          
       |  __________|| |        | |    | |    | |        | | \________ \        
        \ \_________ | |        | |    | |     \ \______/ /___________) |       
         \__________||_|        |_|    |_|      \________//____________/        
                                                                                
====================================[ Qcore ]===================================

 Git hash:   0385c69a4f85ff35f953e853350ecec6fa7ab330
 Git date:   Wed, 8 Sep 2021 10:09:58 +0100
 Compiler:   AppleClang 10.0.1.10010046
 Build type: Release
 Version:    2.1.1

 Start time: Thu Sep  9 11:37:40 2021

 Data directory: /Users/of15641/qcore/cmake-build-release/share/entos/2.1.1/data
 Number of threads: 2
 Number of threads was determined by: number of physical cores

 --------------------------------------------------------------------------------
                                command: excitons                                
 --------------------------------------------------------------------------------
 XTB basis setup:                        reference basis
 Implicit solvation model:               none
 Number of basis functions:            244
 GFN version:                            chlorophyll
 Integral screening threshold:           1.00e-10
 Total charge:                           0.000000000
 Number of electrons:                  218.000000000
 Electronic temperature (Kelvin):        0.000000000

 D3BJ energy:                           -0.062587869
 Repulsive energy:                       1.437849332

 ****************************************************
  Running robust self-consistent charge (SCC) solver 
 ****************************************************
 Number of SCC trials:                   4
 Using the stop-early mechanism for the first 3 trials

 Conv. threshold (charge):               1.00e-05
 Conv. threshold (energy):               1.00e-06
 Initial guess:                          SAD

 -------------
  SCC Trial 1 
 -------------
 Broyden mixing factor:                  0.400000000
 Max number of iterations:             128

 ---------------------------------------------------------------
                  energy        change          grad        time
 ---------------------------------------------------------------
   0      -125.863332151                    6.44e-01        0.01
   1      -126.558658989     -6.95e-01      3.67e-01        0.01
   2      -126.544551933      1.41e-02      1.01e-01        0.01
   3      -126.557712195     -1.32e-02      2.03e-02        0.01
   4      -126.572403253     -1.47e-02      4.65e-03        0.01
   5      -126.573423168     -1.02e-03      2.00e-03        0.01
   6      -126.573659006     -2.36e-04      7.50e-04        0.01
   7      -126.573696162     -3.72e-05      2.08e-04        0.01
   8      -126.573698728     -2.57e-06      5.68e-05        0.01
   9      -126.573698802     -7.34e-08      2.11e-05        0.01
  10      -126.573698807     -4.95e-09      9.62e-06        0.01
  11      -126.573698808     -1.49e-09      3.27e-06        0.01

 SCF converged in 10 iterations.

 Entropy contribution (-ST):             0.000000000
 Dipole moment (in Debye):              -3.232656      -3.453125       0.208851

Chlorophyll parameters
 D_scl:                                  0.636
 Mg_p:                                   0.902
 Mg_s:                                   1.053
 Mgp_Np:                                 1.402
 Mgp_Ns:                                 1.067
 Mgs_Np:                                 1.023
 Mgs_Ns:                                 1.468
 N_p:                                    1.044
 N_s:                                    1.281
 a_x:                                    0.067
 k_p:                                    2.694
 k_s:                                    1.462
 y_J:                                    4.012
 y_K:                                    2.147

 ----------------
  Excitation 0 1 
 ----------------
 Setting up Delta-SCF
 Ground-Excited state overlap:          -0.000000000
 No correction applied to the TDM.
 Excitation energy:                      0.067846064
 Excitation energy (in eV):              1.846185446
 Transition dipole:                     -2.43618       0.64473      -1.02074
 XTB basis setup:                        reference basis
 Implicit solvation model:               none
 Number of basis functions:            244
 GFN version:                            chlorophyll
 Integral screening threshold:           1.00e-10
 Total charge:                           0.000000000
 Number of electrons:                  218.000000000
 Electronic temperature (Kelvin):        0.000000000

 D3BJ energy:                           -0.060899544
 Repulsive energy:                       1.463465113

 ****************************************************
  Running robust self-consistent charge (SCC) solver 
 ****************************************************
 Number of SCC trials:                   4
 Using the stop-early mechanism for the first 3 trials

 Conv. threshold (charge):               1.00e-05
 Conv. threshold (energy):               1.00e-06
 Initial guess:                          SAD

 -------------
  SCC Trial 1 
 -------------
 Broyden mixing factor:                  0.400000000
 Max number of iterations:             128

 ---------------------------------------------------------------
                  energy        change          grad        time
 ---------------------------------------------------------------
   0      -125.910150686                    6.45e-01        0.01
   1      -126.602520857     -6.92e-01      3.69e-01        0.01
   2      -126.563729735      3.88e-02      1.02e-01        0.01
   3      -126.571417149     -7.69e-03      2.91e-02        0.01
   4      -126.621110409     -4.97e-02      4.81e-03        0.01
   5      -126.622284999     -1.17e-03      1.25e-03        0.01
   6      -126.622321590     -3.66e-05      6.37e-04        0.01
   7      -126.622340262     -1.87e-05      3.19e-04        0.01
   8      -126.622346479     -6.22e-06      6.84e-05        0.01
   9      -126.622346499     -2.02e-08      3.75e-05        0.01
  10      -126.622346512     -1.35e-08      1.26e-05        0.01
  11      -126.622346514     -1.22e-09      3.25e-06        0.01
  12      -126.622346514     -1.54e-10      9.87e-07        0.01

 SCF converged in 11 iterations.

 Entropy contribution (-ST):             0.000000000
 Dipole moment (in Debye):              -2.441194      -1.691053       0.637175

Chlorophyll parameters
 D_scl:                                  0.636
 Mg_p:                                   0.902
 Mg_s:                                   1.053
 Mgp_Np:                                 1.402
 Mgp_Ns:                                 1.067
 Mgs_Np:                                 1.023
 Mgs_Ns:                                 1.468
 N_p:                                    1.044
 N_s:                                    1.281
 a_x:                                    0.067
 k_p:                                    2.694
 k_s:                                    1.462
 y_J:                                    4.012
 y_K:                                    2.147

 ----------------
  Excitation 0 1 
 ----------------
 Setting up Delta-SCF
 Ground-Excited state overlap:          -0.000000000
 No correction applied to the TDM.
 Excitation energy:                      0.066368076
 Excitation energy (in eV):              1.805967362
 Transition dipole:                      1.59078       2.18049      -0.35832

 ******************
  Exciton analysis 
 ******************

 eigenvalues
 -----------
 state 0:                             -253.1960 hr
 state 1:                             -253.1297 hr
 state 2:                             -253.1282 hr

 coupling energies
 -----------------
 states 1, 2:                          -10.7803 cm^-1

 distances
 ---------
 chromophore 1, 2:                      57.2090 au

 charge centers
                         X                   Y                   Z
 1             7.335036142         1.265945022        83.790264149
 2            -8.609220855        46.815722776        53.067809409
 Saving results in set 'trunc_bchla_2_bchla_27_frame_101'

 --------------------------------------------------------------------------------

 End time:                               Thu Sep  9 11:37:40 2021
 Total wall-clock time:                  0.582 seconds
==================================================================================
