
================================================================================
          _____________ ________ _______________ ________     _________         
         / ___________// ______ \\_____   _____// ______ \   / ________)        
        / /_________  / /      \ \     | |     / /      \ \ | (_______          
       |  __________|| |        | |    | |    | |        | | \________ \        
        \ \_________ | |        | |    | |     \ \______/ /___________) |       
         \__________||_|        |_|    |_|      \________//____________/        
                                                                                
====================================[ Qcore ]===================================

 Git hash:   0385c69a4f85ff35f953e853350ecec6fa7ab330
 Git date:   Wed, 8 Sep 2021 10:09:58 +0100
 Compiler:   AppleClang 10.0.1.10010046
 Build type: Release
 Version:    2.1.1

 Start time: Fri Sep 10 12:03:31 2021

 Data directory: /Users/of15641/qcore/cmake-build-release/share/entos/2.1.1/data
 Number of threads: 2
 Number of threads was determined by: number of physical cores

 --------------------------------------------------------------------------------
                                command: excitons                                
 --------------------------------------------------------------------------------
 XTB basis setup:                        reference basis
 Implicit solvation model:               none
 Number of basis functions:            244
 GFN version:                            chlorophyll
 Integral screening threshold:           1.00e-10
 Total charge:                           0.000000000
 Number of electrons:                  218.000000000
 Electronic temperature (Kelvin):        0.000000000

 D3BJ energy:                           -0.061209023
 Repulsive energy:                       1.488261600

 ****************************************************
  Running robust self-consistent charge (SCC) solver 
 ****************************************************
 Number of SCC trials:                   4
 Using the stop-early mechanism for the first 3 trials

 Conv. threshold (charge):               1.00e-05
 Conv. threshold (energy):               1.00e-06
 Initial guess:                          SAD

 -------------
  SCC Trial 1 
 -------------
 Broyden mixing factor:                  0.400000000
 Max number of iterations:             128

 ---------------------------------------------------------------
                  energy        change          grad        time
 ---------------------------------------------------------------
   0      -125.898236106                    6.46e-01        0.01
   1      -126.576901908     -6.79e-01      3.69e-01        0.00
   2      -126.524102212      5.28e-02      1.02e-01        0.00
   3      -126.506415731      1.77e-02      3.77e-02        0.00
   4      -126.592582067     -8.62e-02      9.81e-03        0.01
   5      -126.599075185     -6.49e-03      2.52e-03        0.00
   6      -126.599263049     -1.88e-04      1.11e-03        0.01
   7      -126.599321997     -5.89e-05      3.51e-04        0.00
   8      -126.599325771     -3.77e-06      1.91e-04        0.01
   9      -126.599325994     -2.22e-07      7.94e-05        0.00
  10      -126.599326054     -6.01e-08      3.09e-05        0.01
  11      -126.599326066     -1.22e-08      5.48e-06        0.01
  12      -126.599326066     -2.84e-10      1.41e-06        0.01

 SCF converged in 11 iterations.

 Entropy contribution (-ST):             0.000000000
 Dipole moment (in Debye):              -4.769076      -1.191166       0.159633

Chlorophyll parameters
 D_scl:                                  0.636
 Mg_p:                                   0.902
 Mg_s:                                   1.053
 Mgp_Np:                                 1.402
 Mgp_Ns:                                 1.067
 Mgs_Np:                                 1.023
 Mgs_Ns:                                 1.468
 N_p:                                    1.044
 N_s:                                    1.281
 a_x:                                    0.067
 k_p:                                    2.694
 k_s:                                    1.462
 y_J:                                    4.012
 y_K:                                    2.147

 ----------------
  Excitation 0 1 
 ----------------
 Setting up Delta-SCF
 Ground-Excited state overlap:           0.000000000
 No correction applied to the TDM.
 Excitation energy:                      0.066829509
 Excitation energy (in eV):              1.818523577
 Transition dipole:                     -2.35162      -1.50748      -0.16744
 XTB basis setup:                        reference basis
 Implicit solvation model:               none
 Number of basis functions:            244
 GFN version:                            chlorophyll
 Integral screening threshold:           1.00e-10
 Total charge:                           0.000000000
 Number of electrons:                  218.000000000
 Electronic temperature (Kelvin):        0.000000000

 D3BJ energy:                           -0.061019162
 Repulsive energy:                       1.474191235

 ****************************************************
  Running robust self-consistent charge (SCC) solver 
 ****************************************************
 Number of SCC trials:                   4
 Using the stop-early mechanism for the first 3 trials

 Conv. threshold (charge):               1.00e-05
 Conv. threshold (energy):               1.00e-06
 Initial guess:                          SAD

 -------------
  SCC Trial 1 
 -------------
 Broyden mixing factor:                  0.400000000
 Max number of iterations:             128

 ---------------------------------------------------------------
                  energy        change          grad        time
 ---------------------------------------------------------------
   0      -125.846951274                    6.46e-01        0.01
   1      -126.556601552     -7.10e-01      3.68e-01        0.01
   2      -126.538818515      1.78e-02      1.01e-01        0.01
   3      -126.550579162     -1.18e-02      2.20e-02        0.01
   4      -126.571233761     -2.07e-02      5.35e-03        0.01
   5      -126.572698101     -1.46e-03      1.88e-03        0.01
   6      -126.572879523     -1.81e-04      8.61e-04        0.01
   7      -126.572927437     -4.79e-05      2.36e-04        0.01
   8      -126.572930597     -3.16e-06      5.97e-05        0.01
   9      -126.572930671     -7.42e-08      2.16e-05        0.01
  10      -126.572930677     -6.12e-09      8.25e-06        0.01
  11      -126.572930678     -9.88e-10      2.72e-06        0.01

 SCF converged in 10 iterations.

 Entropy contribution (-ST):             0.000000000
 Dipole moment (in Debye):               1.970622       2.464617       2.356084

Chlorophyll parameters
 D_scl:                                  0.636
 Mg_p:                                   0.902
 Mg_s:                                   1.053
 Mgp_Np:                                 1.402
 Mgp_Ns:                                 1.067
 Mgs_Np:                                 1.023
 Mgs_Ns:                                 1.468
 N_p:                                    1.044
 N_s:                                    1.281
 a_x:                                    0.067
 k_p:                                    2.694
 k_s:                                    1.462
 y_J:                                    4.012
 y_K:                                    2.147

 ----------------
  Excitation 0 1 
 ----------------
 Setting up Delta-SCF
 Ground-Excited state overlap:          -0.000000000
 No correction applied to the TDM.
 Excitation energy:                      0.068289089
 Excitation energy (in eV):              1.858240787
 Transition dipole:                     -1.40795       2.32361       0.27971

 ******************
  Exciton analysis 
 ******************

 eigenvalues
 -----------
 state 0:                             -253.1722 hr
 state 1:                             -253.1054 hr
 state 2:                             -253.1040 hr

 coupling energies
 -----------------
 states 1, 2:                            5.9524 cm^-1

 distances
 ---------
 chromophore 1, 2:                      72.5277 au

 charge centers
                         X                   Y                   Z
 1            77.573208740        17.556522049        57.269215791
 2            90.771196128        84.964100432        80.556560597
 Saving results in set 'trunc_bchla_10_bchla_14_frame_18101'

 --------------------------------------------------------------------------------

 End time:                               Fri Sep 10 12:03:32 2021
 Total wall-clock time:                  0.433 seconds
==================================================================================
