
================================================================================
          _____________ ________ _______________ ________     _________         
         / ___________// ______ \\_____   _____// ______ \   / ________)        
        / /_________  / /      \ \     | |     / /      \ \ | (_______          
       |  __________|| |        | |    | |    | |        | | \________ \        
        \ \_________ | |        | |    | |     \ \______/ /___________) |       
         \__________||_|        |_|    |_|      \________//____________/        
                                                                                
====================================[ Qcore ]===================================

 Git hash:   0385c69a4f85ff35f953e853350ecec6fa7ab330
 Git date:   Wed, 8 Sep 2021 10:09:58 +0100
 Compiler:   AppleClang 10.0.1.10010046
 Build type: Release
 Version:    2.1.1

 Start time: Fri Sep 10 12:01:36 2021

 Data directory: /Users/of15641/qcore/cmake-build-release/share/entos/2.1.1/data
 Number of threads: 2
 Number of threads was determined by: number of physical cores

 --------------------------------------------------------------------------------
                                command: excitons                                
 --------------------------------------------------------------------------------
 XTB basis setup:                        reference basis
 Implicit solvation model:               none
 Number of basis functions:            244
 GFN version:                            chlorophyll
 Integral screening threshold:           1.00e-10
 Total charge:                           0.000000000
 Number of electrons:                  218.000000000
 Electronic temperature (Kelvin):        0.000000000

 D3BJ energy:                           -0.061518035
 Repulsive energy:                       1.515053259

 ****************************************************
  Running robust self-consistent charge (SCC) solver 
 ****************************************************
 Number of SCC trials:                   4
 Using the stop-early mechanism for the first 3 trials

 Conv. threshold (charge):               1.00e-05
 Conv. threshold (energy):               1.00e-06
 Initial guess:                          SAD

 -------------
  SCC Trial 1 
 -------------
 Broyden mixing factor:                  0.400000000
 Max number of iterations:             128

 ---------------------------------------------------------------
                  energy        change          grad        time
 ---------------------------------------------------------------
   0      -125.884580680                    6.47e-01        0.01
   1      -126.570023280     -6.85e-01      3.69e-01        0.01
   2      -126.544218156      2.58e-02      9.68e-02        0.01
   3      -126.543259164      9.59e-04      2.59e-02        0.01
   4      -126.582426360     -3.92e-02      6.67e-03        0.01
   5      -126.585094254     -2.67e-03      2.47e-03        0.01
   6      -126.585464670     -3.70e-04      9.44e-04        0.01
   7      -126.585513415     -4.87e-05      2.42e-04        0.01
   8      -126.585515554     -2.14e-06      7.44e-05        0.01
   9      -126.585515599     -4.51e-08      3.59e-05        0.01
  10      -126.585515612     -1.28e-08      1.37e-05        0.01
  11      -126.585515613     -9.24e-10      4.28e-06        0.01
  12      -126.585515613     -1.76e-10      1.22e-06        0.01

 SCF converged in 11 iterations.

 Entropy contribution (-ST):             0.000000000
 Dipole moment (in Debye):              -3.171728      -0.093173      -0.248262

Chlorophyll parameters
 D_scl:                                  0.636
 Mg_p:                                   0.902
 Mg_s:                                   1.053
 Mgp_Np:                                 1.402
 Mgp_Ns:                                 1.067
 Mgs_Np:                                 1.023
 Mgs_Ns:                                 1.468
 N_p:                                    1.044
 N_s:                                    1.281
 a_x:                                    0.067
 k_p:                                    2.694
 k_s:                                    1.462
 y_J:                                    4.012
 y_K:                                    2.147

 ----------------
  Excitation 0 1 
 ----------------
 Setting up Delta-SCF
 Ground-Excited state overlap:           0.000000000
 No correction applied to the TDM.
 Excitation energy:                      0.066753137
 Excitation energy (in eV):              1.816445404
 Transition dipole:                      2.61644       1.27598       0.16968
 XTB basis setup:                        reference basis
 Implicit solvation model:               none
 Number of basis functions:            244
 GFN version:                            chlorophyll
 Integral screening threshold:           1.00e-10
 Total charge:                           0.000000000
 Number of electrons:                  218.000000000
 Electronic temperature (Kelvin):        0.000000000

 D3BJ energy:                           -0.061346441
 Repulsive energy:                       1.511990934

 ****************************************************
  Running robust self-consistent charge (SCC) solver 
 ****************************************************
 Number of SCC trials:                   4
 Using the stop-early mechanism for the first 3 trials

 Conv. threshold (charge):               1.00e-05
 Conv. threshold (energy):               1.00e-06
 Initial guess:                          SAD

 -------------
  SCC Trial 1 
 -------------
 Broyden mixing factor:                  0.400000000
 Max number of iterations:             128

 ---------------------------------------------------------------
                  energy        change          grad        time
 ---------------------------------------------------------------
   0      -125.932192716                    6.46e-01        0.01
   1      -126.590917191     -6.59e-01      3.69e-01        0.01
   2      -126.567421433      2.35e-02      9.52e-02        0.01
   3      -126.567044282      3.77e-04      2.75e-02        0.01
   4      -126.602890947     -3.58e-02      5.98e-03        0.01
   5      -126.604861400     -1.97e-03      2.27e-03        0.01
   6      -126.605186442     -3.25e-04      9.03e-04        0.01
   7      -126.605237126     -5.07e-05      1.97e-04        0.01
   8      -126.605238740     -1.61e-06      7.37e-05        0.01
   9      -126.605238833     -9.31e-08      3.00e-05        0.01
  10      -126.605238840     -7.00e-09      1.34e-05        0.01
  11      -126.605238843     -3.11e-09      3.20e-06        0.01
  12      -126.605238843     -9.66e-11      1.10e-06        0.01

 SCF converged in 11 iterations.

 Entropy contribution (-ST):             0.000000000
 Dipole moment (in Debye):              -3.251640      -2.956019       1.030324

Chlorophyll parameters
 D_scl:                                  0.636
 Mg_p:                                   0.902
 Mg_s:                                   1.053
 Mgp_Np:                                 1.402
 Mgp_Ns:                                 1.067
 Mgs_Np:                                 1.023
 Mgs_Ns:                                 1.468
 N_p:                                    1.044
 N_s:                                    1.281
 a_x:                                    0.067
 k_p:                                    2.694
 k_s:                                    1.462
 y_J:                                    4.012
 y_K:                                    2.147

 ----------------
  Excitation 0 1 
 ----------------
 Setting up Delta-SCF
 Ground-Excited state overlap:           0.000000000
 No correction applied to the TDM.
 Excitation energy:                      0.067311116
 Excitation energy (in eV):              1.831628788
 Transition dipole:                     -1.14521      -2.41084       0.49908

 ******************
  Exciton analysis 
 ******************

 eigenvalues
 -----------
 state 0:                             -253.1909 hr
 state 1:                             -253.1244 hr
 state 2:                             -253.1235 hr

 coupling energies
 -----------------
 states 1, 2:                           75.3538 cm^-1

 distances
 ---------
 chromophore 1, 2:                      32.4666 au

 charge centers
                         X                   Y                   Z
 1            78.526406914        17.602038360        57.865347890
 2            90.574565751        47.534606772        54.264903291
 Saving results in set 'trunc_bchla_10_bchla_13_frame_43401'

 --------------------------------------------------------------------------------

 End time:                               Fri Sep 10 12:01:36 2021
 Total wall-clock time:                  0.531 seconds
==================================================================================
