
================================================================================
          _____________ ________ _______________ ________     _________         
         / ___________// ______ \\_____   _____// ______ \   / ________)        
        / /_________  / /      \ \     | |     / /      \ \ | (_______          
       |  __________|| |        | |    | |    | |        | | \________ \        
        \ \_________ | |        | |    | |     \ \______/ /___________) |       
         \__________||_|        |_|    |_|      \________//____________/        
                                                                                
====================================[ Qcore ]===================================

 Git hash:   d9090f16b0f5f4f9bb84fd3cbccc869acc793a93
 Git date:   Mon, 6 Sep 2021 15:48:50 +0100
 Compiler:   AppleClang 10.0.1.10010046
 Build type: Debug
 Version:    2.1.1

 Start time: Tue Sep  7 12:03:35 2021

 Data directory: /Users/of15641/qcore/cmake-build-debug/share/entos/2.1.1/data
 Number of threads: 2
 Number of threads was determined by: number of physical cores

 --------------------------------------------------------------------------------
                                command: excitons                                
 --------------------------------------------------------------------------------
 XTB basis setup:                        reference basis
 Implicit solvation model:               none
 Number of basis functions:            244
 GFN version:                            chlorophyll
 Integral screening threshold:           1.00e-10
 Total charge:                           0.000000000
 Number of electrons:                  218.000000000
 Electronic temperature (Kelvin):        0.000000000

 D3BJ energy:                           -0.060698175
 Repulsive energy:                       1.530972048

 ****************************************************
  Running robust self-consistent charge (SCC) solver 
 ****************************************************
 Number of SCC trials:                   4
 Using the stop-early mechanism for the first 3 trials

 Conv. threshold (charge):               1.00e-05
 Conv. threshold (energy):               1.00e-06
 Initial guess:                          SAD

 -------------
  SCC Trial 1 
 -------------
 Broyden mixing factor:                  0.400000000
 Max number of iterations:             128

 ---------------------------------------------------------------
                  energy        change          grad        time
 ---------------------------------------------------------------
   0      -125.932544358                    6.47e-01        0.01
   1      -126.595192539     -6.63e-01      3.70e-01        0.01
   2      -126.539207011      5.60e-02      1.01e-01        0.01
   3      -126.510733876      2.85e-02      3.93e-02        0.01
   4      -126.611738013     -1.01e-01      9.22e-03        0.01
   5      -126.617624250     -5.89e-03      2.13e-03        0.01
   6      -126.617746555     -1.22e-04      8.94e-04        0.01
   7      -126.617777611     -3.11e-05      3.07e-04        0.01
   8      -126.617779979     -2.37e-06      1.85e-04        0.01
   9      -126.617780462     -4.82e-07      7.22e-05        0.01
  10      -126.617780533     -7.11e-08      2.25e-05        0.01
  11      -126.617780541     -7.71e-09      5.38e-06        0.01
  12      -126.617780541     -2.03e-10      1.23e-06        0.01

 SCF converged in 11 iterations.

 Entropy contribution (-ST):             0.000000000
 Dipole moment (in Debye):              -4.625417       1.223483      -0.548238

Chlorophyll parameters
 D_scl:                                  0.636
 Mg_p:                                   0.902
 Mg_s:                                   1.053
 Mgp_Np:                                 1.402
 Mgp_Ns:                                 1.067
 Mgs_Np:                                 1.023
 Mgs_Ns:                                 1.468
 N_p:                                    1.044
 N_s:                                    1.281
 a_x:                                    0.067
 k_p:                                    2.694
 k_s:                                    1.462
 y_J:                                    4.012
 y_K:                                    2.147

 ----------------
  Excitation 0 1 
 ----------------
 Setting up Delta-SCF
 Ground-Excited state overlap:           0.000000000
 No correction applied to the TDM.
 Excitation energy:                      0.069908931
 Excitation energy (in eV):              1.902318934
 Transition dipole:                      2.55118       0.49230       0.23933
 XTB basis setup:                        reference basis
 Implicit solvation model:               none
 Number of basis functions:            244
 GFN version:                            chlorophyll
 Integral screening threshold:           1.00e-10
 Total charge:                           0.000000000
 Number of electrons:                  218.000000000
 Electronic temperature (Kelvin):        0.000000000

 D3BJ energy:                           -0.060899544
 Repulsive energy:                       1.463465113

 ****************************************************
  Running robust self-consistent charge (SCC) solver 
 ****************************************************
 Number of SCC trials:                   4
 Using the stop-early mechanism for the first 3 trials

 Conv. threshold (charge):               1.00e-05
 Conv. threshold (energy):               1.00e-06
 Initial guess:                          SAD

 -------------
  SCC Trial 1 
 -------------
 Broyden mixing factor:                  0.400000000
 Max number of iterations:             128

 ---------------------------------------------------------------
                  energy        change          grad        time
 ---------------------------------------------------------------
   0      -125.910150686                    6.45e-01        0.01
   1      -126.602520857     -6.92e-01      3.69e-01        0.01
   2      -126.563729735      3.88e-02      1.02e-01        0.01
   3      -126.571417149     -7.69e-03      2.91e-02        0.01
   4      -126.621110409     -4.97e-02      4.81e-03        0.01
   5      -126.622284999     -1.17e-03      1.25e-03        0.01
   6      -126.622321590     -3.66e-05      6.37e-04        0.01
   7      -126.622340262     -1.87e-05      3.19e-04        0.01
   8      -126.622346479     -6.22e-06      6.84e-05        0.01
   9      -126.622346499     -2.02e-08      3.75e-05        0.01
  10      -126.622346512     -1.35e-08      1.26e-05        0.01
  11      -126.622346514     -1.22e-09      3.25e-06        0.01
  12      -126.622346514     -1.54e-10      9.87e-07        0.01

 SCF converged in 11 iterations.

 Entropy contribution (-ST):             0.000000000
 Dipole moment (in Debye):              -2.441194      -1.691053       0.637175

Chlorophyll parameters
 D_scl:                                  0.636
 Mg_p:                                   0.902
 Mg_s:                                   1.053
 Mgp_Np:                                 1.402
 Mgp_Ns:                                 1.067
 Mgs_Np:                                 1.023
 Mgs_Ns:                                 1.468
 N_p:                                    1.044
 N_s:                                    1.281
 a_x:                                    0.067
 k_p:                                    2.694
 k_s:                                    1.462
 y_J:                                    4.012
 y_K:                                    2.147

 ----------------
  Excitation 0 1 
 ----------------
 Setting up Delta-SCF
 Ground-Excited state overlap:          -0.000000000
 No correction applied to the TDM.
 Excitation energy:                      0.066368076
 Excitation energy (in eV):              1.805967362
 Transition dipole:                      1.59078       2.18049      -0.35832

 ******************
  Exciton analysis 
 ******************

 eigenvalues:                         -253.239957    -253.173575    -253.170111
 Saving results in set 'trunc_bchla_24_bchla_27_frame_51'

 --------------------------------------------------------------------------------

 End time:                               Tue Sep  7 12:03:36 2021
 Total wall-clock time:                  1.556 seconds
==================================================================================
