
================================================================================
          _____________ ________ _______________ ________     _________         
         / ___________// ______ \\_____   _____// ______ \   / ________)        
        / /_________  / /      \ \     | |     / /      \ \ | (_______          
       |  __________|| |        | |    | |    | |        | | \________ \        
        \ \_________ | |        | |    | |     \ \______/ /___________) |       
         \__________||_|        |_|    |_|      \________//____________/        
                                                                                
====================================[ Qcore ]===================================

 Git hash:   0385c69a4f85ff35f953e853350ecec6fa7ab330
 Git date:   Wed, 8 Sep 2021 10:09:58 +0100
 Compiler:   AppleClang 10.0.1.10010046
 Build type: Release
 Version:    2.1.1

 Start time: Fri Sep 10 12:05:49 2021

 Data directory: /Users/of15641/qcore/cmake-build-release/share/entos/2.1.1/data
 Number of threads: 2
 Number of threads was determined by: number of physical cores

 --------------------------------------------------------------------------------
                                command: excitons                                
 --------------------------------------------------------------------------------
 XTB basis setup:                        reference basis
 Implicit solvation model:               none
 Number of basis functions:            244
 GFN version:                            chlorophyll
 Integral screening threshold:           1.00e-10
 Total charge:                           0.000000000
 Number of electrons:                  218.000000000
 Electronic temperature (Kelvin):        0.000000000

 D3BJ energy:                           -0.062403197
 Repulsive energy:                       1.505398842

 ****************************************************
  Running robust self-consistent charge (SCC) solver 
 ****************************************************
 Number of SCC trials:                   4
 Using the stop-early mechanism for the first 3 trials

 Conv. threshold (charge):               1.00e-05
 Conv. threshold (energy):               1.00e-06
 Initial guess:                          SAD

 -------------
  SCC Trial 1 
 -------------
 Broyden mixing factor:                  0.400000000
 Max number of iterations:             128

 ---------------------------------------------------------------
                  energy        change          grad        time
 ---------------------------------------------------------------
   0      -125.933445089                    6.46e-01        0.01
   1      -126.606807375     -6.73e-01      3.69e-01        0.01
   2      -126.589059916      1.77e-02      9.62e-02        0.01
   3      -126.592049857     -2.99e-03      2.26e-02        0.01
   4      -126.619143018     -2.71e-02      5.22e-03        0.01
   5      -126.620549443     -1.41e-03      2.15e-03        0.01
   6      -126.620817839     -2.68e-04      9.29e-04        0.01
   7      -126.620876303     -5.85e-05      1.81e-04        0.01
   8      -126.620877518     -1.22e-06      6.46e-05        0.01
   9      -126.620877588     -6.99e-08      2.32e-05        0.01
  10      -126.620877591     -3.10e-09      8.64e-06        0.01
  11      -126.620877592     -3.31e-10      2.82e-06        0.01

 SCF converged in 10 iterations.

 Entropy contribution (-ST):             0.000000000
 Dipole moment (in Debye):              -3.369493      -1.037955       1.083261

Chlorophyll parameters
 D_scl:                                  0.636
 Mg_p:                                   0.902
 Mg_s:                                   1.053
 Mgp_Np:                                 1.402
 Mgp_Ns:                                 1.067
 Mgs_Np:                                 1.023
 Mgs_Ns:                                 1.468
 N_p:                                    1.044
 N_s:                                    1.281
 a_x:                                    0.067
 k_p:                                    2.694
 k_s:                                    1.462
 y_J:                                    4.012
 y_K:                                    2.147

 ----------------
  Excitation 0 1 
 ----------------
 Setting up Delta-SCF
 Ground-Excited state overlap:          -0.000000000
 No correction applied to the TDM.
 Excitation energy:                      0.065201918
 Excitation energy (in eV):              1.774234574
 Transition dipole:                     -2.31534      -1.47407       0.13257
 XTB basis setup:                        reference basis
 Implicit solvation model:               none
 Number of basis functions:            244
 GFN version:                            chlorophyll
 Integral screening threshold:           1.00e-10
 Total charge:                           0.000000000
 Number of electrons:                  218.000000000
 Electronic temperature (Kelvin):        0.000000000

 D3BJ energy:                           -0.062207436
 Repulsive energy:                       1.499982445

 ****************************************************
  Running robust self-consistent charge (SCC) solver 
 ****************************************************
 Number of SCC trials:                   4
 Using the stop-early mechanism for the first 3 trials

 Conv. threshold (charge):               1.00e-05
 Conv. threshold (energy):               1.00e-06
 Initial guess:                          SAD

 -------------
  SCC Trial 1 
 -------------
 Broyden mixing factor:                  0.400000000
 Max number of iterations:             128

 ---------------------------------------------------------------
                  energy        change          grad        time
 ---------------------------------------------------------------
   0      -125.866566501                    6.47e-01        0.01
   1      -126.569399093     -7.03e-01      3.69e-01        0.01
   2      -126.550879510      1.85e-02      9.97e-02        0.01
   3      -126.546544222      4.34e-03      2.43e-02        0.01
   4      -126.578150808     -3.16e-02      8.86e-03        0.01
   5      -126.584023866     -5.87e-03      1.83e-03        0.01
   6      -126.584156070     -1.32e-04      5.09e-04        0.01
   7      -126.584163080     -7.01e-06      1.44e-04        0.01
   8      -126.584163387     -3.07e-07      9.06e-05        0.01
   9      -126.584163582     -1.95e-07      3.55e-05        0.01
  10      -126.584163582      2.16e-11      1.85e-05        0.01
  11      -126.584163588     -5.74e-09      3.61e-06        0.01
  12      -126.584163588     -2.12e-10      1.16e-06        0.01

 SCF converged in 11 iterations.

 Entropy contribution (-ST):             0.000000000
 Dipole moment (in Debye):               1.564214       1.134272       1.186529

Chlorophyll parameters
 D_scl:                                  0.636
 Mg_p:                                   0.902
 Mg_s:                                   1.053
 Mgp_Np:                                 1.402
 Mgp_Ns:                                 1.067
 Mgs_Np:                                 1.023
 Mgs_Ns:                                 1.468
 N_p:                                    1.044
 N_s:                                    1.281
 a_x:                                    0.067
 k_p:                                    2.694
 k_s:                                    1.462
 y_J:                                    4.012
 y_K:                                    2.147

 ----------------
  Excitation 0 1 
 ----------------
 Setting up Delta-SCF
 Ground-Excited state overlap:           0.000000000
 No correction applied to the TDM.
 Excitation energy:                      0.068023158
 Excitation energy (in eV):              1.851004419
 Transition dipole:                     -2.01840       1.86023       0.22805

 ******************
  Exciton analysis 
 ******************

 eigenvalues
 -----------
 state 0:                             -253.2050 hr
 state 1:                             -253.1398 hr
 state 2:                             -253.1370 hr

 coupling energies
 -----------------
 states 1, 2:                            4.6081 cm^-1

 distances
 ---------
 chromophore 1, 2:                      74.4082 au

 charge centers
                         X                   Y                   Z
 1            77.402444506        17.595750989        57.442877185
 2            90.895123096        87.025012588        80.553527707
 Saving results in set 'trunc_bchla_10_bchla_14_frame_39701'

 --------------------------------------------------------------------------------

 End time:                               Fri Sep 10 12:05:49 2021
 Total wall-clock time:                  0.494 seconds
==================================================================================
