
================================================================================
          _____________ ________ _______________ ________     _________         
         / ___________// ______ \\_____   _____// ______ \   / ________)        
        / /_________  / /      \ \     | |     / /      \ \ | (_______          
       |  __________|| |        | |    | |    | |        | | \________ \        
        \ \_________ | |        | |    | |     \ \______/ /___________) |       
         \__________||_|        |_|    |_|      \________//____________/        
                                                                                
====================================[ Qcore ]===================================

 Git hash:   0385c69a4f85ff35f953e853350ecec6fa7ab330
 Git date:   Wed, 8 Sep 2021 10:09:58 +0100
 Compiler:   AppleClang 10.0.1.10010046
 Build type: Release
 Version:    2.1.1

 Start time: Fri Sep 10 12:02:08 2021

 Data directory: /Users/of15641/qcore/cmake-build-release/share/entos/2.1.1/data
 Number of threads: 2
 Number of threads was determined by: number of physical cores

 --------------------------------------------------------------------------------
                                command: excitons                                
 --------------------------------------------------------------------------------
 XTB basis setup:                        reference basis
 Implicit solvation model:               none
 Number of basis functions:            244
 GFN version:                            chlorophyll
 Integral screening threshold:           1.00e-10
 Total charge:                           0.000000000
 Number of electrons:                  218.000000000
 Electronic temperature (Kelvin):        0.000000000

 D3BJ energy:                           -0.062227297
 Repulsive energy:                       1.547515855

 ****************************************************
  Running robust self-consistent charge (SCC) solver 
 ****************************************************
 Number of SCC trials:                   4
 Using the stop-early mechanism for the first 3 trials

 Conv. threshold (charge):               1.00e-05
 Conv. threshold (energy):               1.00e-06
 Initial guess:                          SAD

 -------------
  SCC Trial 1 
 -------------
 Broyden mixing factor:                  0.400000000
 Max number of iterations:             128

 ---------------------------------------------------------------
                  energy        change          grad        time
 ---------------------------------------------------------------
   0      -125.973115025                    6.48e-01        0.01
   1      -126.634031106     -6.61e-01      3.70e-01        0.01
   2      -126.627220557      6.81e-03      9.32e-02        0.01
   3      -126.633257742     -6.04e-03      1.69e-02        0.00
   4      -126.644466295     -1.12e-02      5.43e-03        0.00
   5      -126.646286397     -1.82e-03      1.79e-03        0.00
   6      -126.646485135     -1.99e-04      6.78e-04        0.00
   7      -126.646512719     -2.76e-05      1.51e-04        0.01
   8      -126.646513754     -1.04e-06      4.93e-05        0.01
   9      -126.646513801     -4.64e-08      1.80e-05        0.01
  10      -126.646513803     -2.72e-09      7.09e-06        0.01
  11      -126.646513804     -8.15e-10      2.39e-06        0.00

 SCF converged in 10 iterations.

 Entropy contribution (-ST):             0.000000000
 Dipole moment (in Debye):              -2.717731       1.618195       0.523600

Chlorophyll parameters
 D_scl:                                  0.636
 Mg_p:                                   0.902
 Mg_s:                                   1.053
 Mgp_Np:                                 1.402
 Mgp_Ns:                                 1.067
 Mgs_Np:                                 1.023
 Mgs_Ns:                                 1.468
 N_p:                                    1.044
 N_s:                                    1.281
 a_x:                                    0.067
 k_p:                                    2.694
 k_s:                                    1.462
 y_J:                                    4.012
 y_K:                                    2.147

 ----------------
  Excitation 0 1 
 ----------------
 Setting up Delta-SCF
 Ground-Excited state overlap:           0.000000000
 No correction applied to the TDM.
 Excitation energy:                      0.069433837
 Excitation energy (in eV):              1.889390959
 Transition dipole:                     -2.52101      -0.97841       0.21474
 XTB basis setup:                        reference basis
 Implicit solvation model:               none
 Number of basis functions:            244
 GFN version:                            chlorophyll
 Integral screening threshold:           1.00e-10
 Total charge:                           0.000000000
 Number of electrons:                  218.000000000
 Electronic temperature (Kelvin):        0.000000000

 D3BJ energy:                           -0.062447774
 Repulsive energy:                       1.450960083

 ****************************************************
  Running robust self-consistent charge (SCC) solver 
 ****************************************************
 Number of SCC trials:                   4
 Using the stop-early mechanism for the first 3 trials

 Conv. threshold (charge):               1.00e-05
 Conv. threshold (energy):               1.00e-06
 Initial guess:                          SAD

 -------------
  SCC Trial 1 
 -------------
 Broyden mixing factor:                  0.400000000
 Max number of iterations:             128

 ---------------------------------------------------------------
                  energy        change          grad        time
 ---------------------------------------------------------------
   0      -125.818275799                    6.46e-01        0.01
   1      -126.547831840     -7.30e-01      3.68e-01        0.01
   2      -126.519666998      2.82e-02      1.06e-01        0.01
   3      -126.521224467     -1.56e-03      2.98e-02        0.01
   4      -126.562664595     -4.14e-02      8.38e-03        0.01
   5      -126.567241905     -4.58e-03      2.27e-03        0.01
   6      -126.567568771     -3.27e-04      8.11e-04        0.01
   7      -126.567601507     -3.27e-05      2.35e-04        0.01
   8      -126.567603725     -2.22e-06      8.89e-05        0.01
   9      -126.567603843     -1.17e-07      3.47e-05        0.01
  10      -126.567603851     -8.31e-09      1.28e-05        0.01
  11      -126.567603852     -1.23e-09      3.55e-06        0.01
  12      -126.567603852     -4.21e-11      1.06e-06        0.01

 SCF converged in 11 iterations.

 Entropy contribution (-ST):             0.000000000
 Dipole moment (in Debye):              -3.309646      -1.860776       1.047109

Chlorophyll parameters
 D_scl:                                  0.636
 Mg_p:                                   0.902
 Mg_s:                                   1.053
 Mgp_Np:                                 1.402
 Mgp_Ns:                                 1.067
 Mgs_Np:                                 1.023
 Mgs_Ns:                                 1.468
 N_p:                                    1.044
 N_s:                                    1.281
 a_x:                                    0.067
 k_p:                                    2.694
 k_s:                                    1.462
 y_J:                                    4.012
 y_K:                                    2.147

 ----------------
  Excitation 0 1 
 ----------------
 Setting up Delta-SCF
 Ground-Excited state overlap:           0.000000000
 No correction applied to the TDM.
 Excitation energy:                      0.066962568
 Excitation energy (in eV):              1.822144294
 Transition dipole:                      0.79869       2.57283      -0.41096

 ******************
  Exciton analysis 
 ******************

 eigenvalues
 -----------
 state 0:                             -253.2142 hr
 state 1:                             -253.1473 hr
 state 2:                             -253.1448 hr

 coupling energies
 -----------------
 states 1, 2:                           66.4806 cm^-1

 distances
 ---------
 chromophore 1, 2:                      33.8895 au

 charge centers
                         X                   Y                   Z
 1            78.417920403        16.757725551        58.576323387
 2            91.143176403        48.044878120        55.804562960
 Saving results in set 'trunc_bchla_10_bchla_13_frame_48701'

 --------------------------------------------------------------------------------

 End time:                               Fri Sep 10 12:02:08 2021
 Total wall-clock time:                  0.460 seconds
==================================================================================
