
================================================================================
          _____________ ________ _______________ ________     _________         
         / ___________// ______ \\_____   _____// ______ \   / ________)        
        / /_________  / /      \ \     | |     / /      \ \ | (_______          
       |  __________|| |        | |    | |    | |        | | \________ \        
        \ \_________ | |        | |    | |     \ \______/ /___________) |       
         \__________||_|        |_|    |_|      \________//____________/        
                                                                                
====================================[ Qcore ]===================================

 Git hash:   0385c69a4f85ff35f953e853350ecec6fa7ab330
 Git date:   Wed, 8 Sep 2021 10:09:58 +0100
 Compiler:   AppleClang 10.0.1.10010046
 Build type: Release
 Version:    2.1.1

 Start time: Fri Sep 10 12:04:33 2021

 Data directory: /Users/of15641/qcore/cmake-build-release/share/entos/2.1.1/data
 Number of threads: 2
 Number of threads was determined by: number of physical cores

 --------------------------------------------------------------------------------
                                command: excitons                                
 --------------------------------------------------------------------------------
 XTB basis setup:                        reference basis
 Implicit solvation model:               none
 Number of basis functions:            244
 GFN version:                            chlorophyll
 Integral screening threshold:           1.00e-10
 Total charge:                           0.000000000
 Number of electrons:                  218.000000000
 Electronic temperature (Kelvin):        0.000000000

 D3BJ energy:                           -0.062044506
 Repulsive energy:                       1.505264593

 ****************************************************
  Running robust self-consistent charge (SCC) solver 
 ****************************************************
 Number of SCC trials:                   4
 Using the stop-early mechanism for the first 3 trials

 Conv. threshold (charge):               1.00e-05
 Conv. threshold (energy):               1.00e-06
 Initial guess:                          SAD

 -------------
  SCC Trial 1 
 -------------
 Broyden mixing factor:                  0.400000000
 Max number of iterations:             128

 ---------------------------------------------------------------
                  energy        change          grad        time
 ---------------------------------------------------------------
   0      -125.922544387                    6.47e-01        0.01
   1      -126.601805448     -6.79e-01      3.69e-01        0.00
   2      -126.571684241      3.01e-02      9.74e-02        0.00
   3      -126.569571103      2.11e-03      2.96e-02        0.00
   4      -126.617130098     -4.76e-02      4.60e-03        0.00
   5      -126.618075998     -9.46e-04      1.79e-03        0.00
   6      -126.618220257     -1.44e-04      1.02e-03        0.01
   7      -126.618293781     -7.35e-05      1.98e-04        0.01
   8      -126.618295380     -1.60e-06      7.77e-05        0.00
   9      -126.618295473     -9.22e-08      3.30e-05        0.01
  10      -126.618295481     -8.91e-09      1.15e-05        0.00
  11      -126.618295483     -1.79e-09      3.23e-06        0.00
  12      -126.618295483     -1.06e-10      1.06e-06        0.01

 SCF converged in 11 iterations.

 Entropy contribution (-ST):             0.000000000
 Dipole moment (in Debye):              -4.183055       0.329014       1.570785

Chlorophyll parameters
 D_scl:                                  0.636
 Mg_p:                                   0.902
 Mg_s:                                   1.053
 Mgp_Np:                                 1.402
 Mgp_Ns:                                 1.067
 Mgs_Np:                                 1.023
 Mgs_Ns:                                 1.468
 N_p:                                    1.044
 N_s:                                    1.281
 a_x:                                    0.067
 k_p:                                    2.694
 k_s:                                    1.462
 y_J:                                    4.012
 y_K:                                    2.147

 ----------------
  Excitation 0 1 
 ----------------
 Setting up Delta-SCF
 Ground-Excited state overlap:           0.000000000
 No correction applied to the TDM.
 Excitation energy:                      0.067262586
 Excitation energy (in eV):              1.830308198
 Transition dipole:                      2.52139       1.19598       0.18065
 XTB basis setup:                        reference basis
 Implicit solvation model:               none
 Number of basis functions:            244
 GFN version:                            chlorophyll
 Integral screening threshold:           1.00e-10
 Total charge:                           0.000000000
 Number of electrons:                  218.000000000
 Electronic temperature (Kelvin):        0.000000000

 D3BJ energy:                           -0.061544050
 Repulsive energy:                       1.541796236

 ****************************************************
  Running robust self-consistent charge (SCC) solver 
 ****************************************************
 Number of SCC trials:                   4
 Using the stop-early mechanism for the first 3 trials

 Conv. threshold (charge):               1.00e-05
 Conv. threshold (energy):               1.00e-06
 Initial guess:                          SAD

 -------------
  SCC Trial 1 
 -------------
 Broyden mixing factor:                  0.400000000
 Max number of iterations:             128

 ---------------------------------------------------------------
                  energy        change          grad        time
 ---------------------------------------------------------------
   0      -125.872841855                    6.48e-01        0.01
   1      -126.559007768     -6.86e-01      3.70e-01        0.01
   2      -126.426152400      1.33e-01      1.05e-01        0.01
   3      -126.353811379      7.23e-02      5.49e-02        0.01
   4      -126.587459503     -2.34e-01      1.13e-02        0.01
   5      -126.589445563     -1.99e-03      4.35e-03        0.01
   6      -126.589510484     -6.49e-05      1.42e-03        0.01
   7      -126.589573835     -6.34e-05      6.94e-04        0.01
   8      -126.589579641     -5.81e-06      3.34e-04        0.01
   9      -126.589580598     -9.58e-07      8.60e-05        0.01
  10      -126.589580667     -6.93e-08      2.96e-05        0.01
  11      -126.589580678     -1.01e-08      4.38e-06        0.00
  12      -126.589580678     -2.24e-10      1.54e-06        0.01

 SCF converged in 11 iterations.

 Entropy contribution (-ST):             0.000000000
 Dipole moment (in Debye):               0.316573       1.151376      -0.388290

Chlorophyll parameters
 D_scl:                                  0.636
 Mg_p:                                   0.902
 Mg_s:                                   1.053
 Mgp_Np:                                 1.402
 Mgp_Ns:                                 1.067
 Mgs_Np:                                 1.023
 Mgs_Ns:                                 1.468
 N_p:                                    1.044
 N_s:                                    1.281
 a_x:                                    0.067
 k_p:                                    2.694
 k_s:                                    1.462
 y_J:                                    4.012
 y_K:                                    2.147

 ----------------
  Excitation 0 1 
 ----------------
 Setting up Delta-SCF
 Ground-Excited state overlap:           0.000000000
 No correction applied to the TDM.
 Excitation energy:                      0.065666518
 Excitation energy (in eV):              1.786876991
 Transition dipole:                     -1.93867       1.97587       0.29447

 ******************
  Exciton analysis 
 ******************

 eigenvalues
 -----------
 state 0:                             -253.2079 hr
 state 1:                             -253.1422 hr
 state 2:                             -253.1406 hr

 coupling energies
 -----------------
 states 1, 2:                           -5.1369 cm^-1

 distances
 ---------
 chromophore 1, 2:                      73.9438 au

 charge centers
                         X                   Y                   Z
 1            79.377297311        17.856174956        56.814436209
 2            91.288505337        86.896881812        80.461768559
 Saving results in set 'trunc_bchla_10_bchla_14_frame_28901'

 --------------------------------------------------------------------------------

 End time:                               Fri Sep 10 12:04:34 2021
 Total wall-clock time:                  0.458 seconds
==================================================================================
