
================================================================================
          _____________ ________ _______________ ________     _________         
         / ___________// ______ \\_____   _____// ______ \   / ________)        
        / /_________  / /      \ \     | |     / /      \ \ | (_______          
       |  __________|| |        | |    | |    | |        | | \________ \        
        \ \_________ | |        | |    | |     \ \______/ /___________) |       
         \__________||_|        |_|    |_|      \________//____________/        
                                                                                
====================================[ Qcore ]===================================

 Git hash:   d9090f16b0f5f4f9bb84fd3cbccc869acc793a93
 Git date:   Mon, 6 Sep 2021 15:48:50 +0100
 Compiler:   AppleClang 10.0.1.10010046
 Build type: Debug
 Version:    2.1.1

 Start time: Tue Sep  7 11:58:41 2021

 Data directory: /Users/of15641/qcore/cmake-build-debug/share/entos/2.1.1/data
 Number of threads: 2
 Number of threads was determined by: number of physical cores

 --------------------------------------------------------------------------------
                                command: excitons                                
 --------------------------------------------------------------------------------
 XTB basis setup:                        reference basis
 Implicit solvation model:               none
 Number of basis functions:            244
 GFN version:                            chlorophyll
 Integral screening threshold:           1.00e-10
 Total charge:                           0.000000000
 Number of electrons:                  218.000000000
 Electronic temperature (Kelvin):        0.000000000

 D3BJ energy:                           -0.062532568
 Repulsive energy:                       1.521559427

 ****************************************************
  Running robust self-consistent charge (SCC) solver 
 ****************************************************
 Number of SCC trials:                   4
 Using the stop-early mechanism for the first 3 trials

 Conv. threshold (charge):               1.00e-05
 Conv. threshold (energy):               1.00e-06
 Initial guess:                          SAD

 -------------
  SCC Trial 1 
 -------------
 Broyden mixing factor:                  0.400000000
 Max number of iterations:             128

 ---------------------------------------------------------------
                  energy        change          grad        time
 ---------------------------------------------------------------
   0      -125.894515048                    6.49e-01        0.01
   1      -126.594982108     -7.00e-01      3.70e-01        0.01
   2      -126.577329443      1.77e-02      9.82e-02        0.01
   3      -126.576612215      7.17e-04      2.46e-02        0.01
   4      -126.607150021     -3.05e-02      6.23e-03        0.01
   5      -126.609210974     -2.06e-03      2.49e-03        0.01
   6      -126.609626575     -4.16e-04      9.02e-04        0.01
   7      -126.609677275     -5.07e-05      1.72e-04        0.01
   8      -126.609678247     -9.71e-07      5.51e-05        0.01
   9      -126.609678285     -3.89e-08      2.22e-05        0.01
  10      -126.609678290     -4.52e-09      8.51e-06        0.01
  11      -126.609678291     -5.62e-10      2.96e-06        0.01

 SCF converged in 10 iterations.

 Entropy contribution (-ST):             0.000000000
 Dipole moment (in Debye):              -2.587569       2.792091       0.787268

Chlorophyll parameters
 D_scl:                                  0.636
 Mg_p:                                   0.902
 Mg_s:                                   1.053
 Mgp_Np:                                 1.402
 Mgp_Ns:                                 1.067
 Mgs_Np:                                 1.023
 Mgs_Ns:                                 1.468
 N_p:                                    1.044
 N_s:                                    1.281
 a_x:                                    0.067
 k_p:                                    2.694
 k_s:                                    1.462
 y_J:                                    4.012
 y_K:                                    2.147

 ----------------
  Excitation 0 1 
 ----------------
 Setting up Delta-SCF
 Ground-Excited state overlap:           0.000000000
 No correction applied to the TDM.
 Excitation energy:                      0.065229918
 Excitation energy (in eV):              1.774996488
 Transition dipole:                     -0.30414       2.76544      -0.11973
 XTB basis setup:                        reference basis
 Implicit solvation model:               none
 Number of basis functions:            244
 GFN version:                            chlorophyll
 Integral screening threshold:           1.00e-10
 Total charge:                           0.000000000
 Number of electrons:                  218.000000000
 Electronic temperature (Kelvin):        0.000000000

 D3BJ energy:                           -0.061998367
 Repulsive energy:                       1.539088848

 ****************************************************
  Running robust self-consistent charge (SCC) solver 
 ****************************************************
 Number of SCC trials:                   4
 Using the stop-early mechanism for the first 3 trials

 Conv. threshold (charge):               1.00e-05
 Conv. threshold (energy):               1.00e-06
 Initial guess:                          SAD

 -------------
  SCC Trial 1 
 -------------
 Broyden mixing factor:                  0.400000000
 Max number of iterations:             128

 ---------------------------------------------------------------
                  energy        change          grad        time
 ---------------------------------------------------------------
   0      -125.889944973                    6.48e-01        0.01
   1      -126.579103880     -6.89e-01      3.69e-01        0.01
   2      -126.539731356      3.94e-02      9.80e-02        0.01
   3      -126.504256731      3.55e-02      3.48e-02        0.01
   4      -126.590482423     -8.62e-02      1.02e-02        0.01
   5      -126.596473996     -5.99e-03      2.11e-03        0.01
   6      -126.596524497     -5.05e-05      9.52e-04        0.01
   7      -126.596561683     -3.72e-05      3.08e-04        0.01
   8      -126.596564538     -2.85e-06      1.79e-04        0.01
   9      -126.596565013     -4.75e-07      7.01e-05        0.01
  10      -126.596565056     -4.32e-08      2.38e-05        0.01
  11      -126.596565064     -8.05e-09      5.10e-06        0.01
  12      -126.596565065     -5.07e-10      1.32e-06        0.01

 SCF converged in 11 iterations.

 Entropy contribution (-ST):             0.000000000
 Dipole moment (in Debye):               0.968184       2.407766      -0.881506

Chlorophyll parameters
 D_scl:                                  0.636
 Mg_p:                                   0.902
 Mg_s:                                   1.053
 Mgp_Np:                                 1.402
 Mgp_Ns:                                 1.067
 Mgs_Np:                                 1.023
 Mgs_Ns:                                 1.468
 N_p:                                    1.044
 N_s:                                    1.281
 a_x:                                    0.067
 k_p:                                    2.694
 k_s:                                    1.462
 y_J:                                    4.012
 y_K:                                    2.147

 ----------------
  Excitation 0 1 
 ----------------
 Setting up Delta-SCF
 Ground-Excited state overlap:           0.000000000
 No correction applied to the TDM.
 Excitation energy:                      0.067703265
 Excitation energy (in eV):              1.842299694
 Transition dipole:                      2.72426      -0.50334      -0.41753

 ******************
  Exciton analysis 
 ******************

 eigenvalues:                         -253.206245    -253.141015    -253.138543
 Saving results in set 'trunc_bchla_1_bchla_17_frame_101'

 --------------------------------------------------------------------------------

 End time:                               Tue Sep  7 11:58:42 2021
 Total wall-clock time:                  1.579 seconds
==================================================================================
