
================================================================================
          _____________ ________ _______________ ________     _________         
         / ___________// ______ \\_____   _____// ______ \   / ________)        
        / /_________  / /      \ \     | |     / /      \ \ | (_______          
       |  __________|| |        | |    | |    | |        | | \________ \        
        \ \_________ | |        | |    | |     \ \______/ /___________) |       
         \__________||_|        |_|    |_|      \________//____________/        
                                                                                
====================================[ Qcore ]===================================

 Git hash:   0385c69a4f85ff35f953e853350ecec6fa7ab330
 Git date:   Wed, 8 Sep 2021 10:09:58 +0100
 Compiler:   AppleClang 10.0.1.10010046
 Build type: Release
 Version:    2.1.1

 Start time: Fri Sep 10 11:57:08 2021

 Data directory: /Users/of15641/qcore/cmake-build-release/share/entos/2.1.1/data
 Number of threads: 2
 Number of threads was determined by: number of physical cores

 --------------------------------------------------------------------------------
                                command: excitons                                
 --------------------------------------------------------------------------------
 XTB basis setup:                        reference basis
 Implicit solvation model:               none
 Number of basis functions:            244
 GFN version:                            chlorophyll
 Integral screening threshold:           1.00e-10
 Total charge:                           0.000000000
 Number of electrons:                  218.000000000
 Electronic temperature (Kelvin):        0.000000000

 D3BJ energy:                           -0.061916352
 Repulsive energy:                       1.519103695

 ****************************************************
  Running robust self-consistent charge (SCC) solver 
 ****************************************************
 Number of SCC trials:                   4
 Using the stop-early mechanism for the first 3 trials

 Conv. threshold (charge):               1.00e-05
 Conv. threshold (energy):               1.00e-06
 Initial guess:                          SAD

 -------------
  SCC Trial 1 
 -------------
 Broyden mixing factor:                  0.400000000
 Max number of iterations:             128

 ---------------------------------------------------------------
                  energy        change          grad        time
 ---------------------------------------------------------------
   0      -125.952781454                    6.47e-01        0.01
   1      -126.604445065     -6.52e-01      3.70e-01        0.00
   2      -126.512241303      9.22e-02      1.02e-01        0.01
   3      -126.467773919      4.45e-02      4.83e-02        0.01
   4      -126.625243608     -1.57e-01      1.15e-02        0.00
   5      -126.633453456     -8.21e-03      3.26e-03        0.00
   6      -126.633549435     -9.60e-05      1.42e-03        0.00
   7      -126.633633692     -8.43e-05      5.07e-04        0.00
   8      -126.633637036     -3.34e-06      3.31e-04        0.00
   9      -126.633638051     -1.02e-06      1.01e-04        0.00
  10      -126.633638237     -1.86e-07      2.97e-05        0.00
  11      -126.633638249     -1.18e-08      7.28e-06        0.00
  12      -126.633638249     -6.83e-10      1.94e-06        0.00

 SCF converged in 11 iterations.

 Entropy contribution (-ST):             0.000000000
 Dipole moment (in Debye):              -4.351856      -1.138822       0.087567

Chlorophyll parameters
 D_scl:                                  0.636
 Mg_p:                                   0.902
 Mg_s:                                   1.053
 Mgp_Np:                                 1.402
 Mgp_Ns:                                 1.067
 Mgs_Np:                                 1.023
 Mgs_Ns:                                 1.468
 N_p:                                    1.044
 N_s:                                    1.281
 a_x:                                    0.067
 k_p:                                    2.694
 k_s:                                    1.462
 y_J:                                    4.012
 y_K:                                    2.147

 ----------------
  Excitation 0 1 
 ----------------
 Setting up Delta-SCF
 Ground-Excited state overlap:           0.000000000
 No correction applied to the TDM.
 Excitation energy:                      0.066306314
 Excitation energy (in eV):              1.804286724
 Transition dipole:                     -2.35377      -1.32202       0.13409
 XTB basis setup:                        reference basis
 Implicit solvation model:               none
 Number of basis functions:            244
 GFN version:                            chlorophyll
 Integral screening threshold:           1.00e-10
 Total charge:                           0.000000000
 Number of electrons:                  218.000000000
 Electronic temperature (Kelvin):        0.000000000

 D3BJ energy:                           -0.061114048
 Repulsive energy:                       1.514066132

 ****************************************************
  Running robust self-consistent charge (SCC) solver 
 ****************************************************
 Number of SCC trials:                   4
 Using the stop-early mechanism for the first 3 trials

 Conv. threshold (charge):               1.00e-05
 Conv. threshold (energy):               1.00e-06
 Initial guess:                          SAD

 -------------
  SCC Trial 1 
 -------------
 Broyden mixing factor:                  0.400000000
 Max number of iterations:             128

 ---------------------------------------------------------------
                  energy        change          grad        time
 ---------------------------------------------------------------
   0      -125.925380656                    6.46e-01        0.01
   1      -126.578398371     -6.53e-01      3.69e-01        0.01
   2      -126.506392157      7.20e-02      1.01e-01        0.01
   3      -126.447550678      5.88e-02      4.52e-02        0.01
   4      -126.595499678     -1.48e-01      1.06e-02        0.01
   5      -126.602188474     -6.69e-03      2.94e-03        0.01
   6      -126.602239439     -5.10e-05      1.28e-03        0.01
   7      -126.602315269     -7.58e-05      4.67e-04        0.01
   8      -126.602319233     -3.96e-06      3.05e-04        0.01
   9      -126.602319933     -6.99e-07      1.00e-04        0.01
  10      -126.602320073     -1.41e-07      3.09e-05        0.01
  11      -126.602320084     -1.09e-08      5.80e-06        0.01
  12      -126.602320084     -2.49e-10      1.57e-06        0.01

 SCF converged in 11 iterations.

 Entropy contribution (-ST):             0.000000000
 Dipole moment (in Debye):               3.039129       0.520253       0.360820

Chlorophyll parameters
 D_scl:                                  0.636
 Mg_p:                                   0.902
 Mg_s:                                   1.053
 Mgp_Np:                                 1.402
 Mgp_Ns:                                 1.067
 Mgs_Np:                                 1.023
 Mgs_Ns:                                 1.468
 N_p:                                    1.044
 N_s:                                    1.281
 a_x:                                    0.067
 k_p:                                    2.694
 k_s:                                    1.462
 y_J:                                    4.012
 y_K:                                    2.147

 ----------------
  Excitation 0 1 
 ----------------
 Setting up Delta-SCF
 Ground-Excited state overlap:           0.000000000
 No correction applied to the TDM.
 Excitation energy:                      0.066650100
 Excitation energy (in eV):              1.813641611
 Transition dipole:                      2.34288       1.31473      -0.48183

 ******************
  Exciton analysis 
 ******************

 eigenvalues
 -----------
 state 0:                             -253.2384 hr
 state 1:                             -253.1733 hr
 state 2:                             -253.1698 hr

 coupling energies
 -----------------
 states 1, 2:                          383.2108 cm^-1

 distances
 ---------
 chromophore 1, 2:                      17.9225 au

 charge centers
                         X                   Y                   Z
 1            78.214125500        16.852493409        58.309038354
 2            88.888283607        31.116195263        56.352985045
 Saving results in set 'trunc_bchla_10_bchla_12_frame_42801'

 --------------------------------------------------------------------------------

 End time:                               Fri Sep 10 11:57:08 2021
 Total wall-clock time:                  0.450 seconds
==================================================================================
