
================================================================================
          _____________ ________ _______________ ________     _________         
         / ___________// ______ \\_____   _____// ______ \   / ________)        
        / /_________  / /      \ \     | |     / /      \ \ | (_______          
       |  __________|| |        | |    | |    | |        | | \________ \        
        \ \_________ | |        | |    | |     \ \______/ /___________) |       
         \__________||_|        |_|    |_|      \________//____________/        
                                                                                
====================================[ Qcore ]===================================

 Git hash:   0385c69a4f85ff35f953e853350ecec6fa7ab330
 Git date:   Wed, 8 Sep 2021 10:09:58 +0100
 Compiler:   AppleClang 10.0.1.10010046
 Build type: Release
 Version:    2.1.1

 Start time: Fri Sep 10 11:54:38 2021

 Data directory: /Users/of15641/qcore/cmake-build-release/share/entos/2.1.1/data
 Number of threads: 2
 Number of threads was determined by: number of physical cores

 --------------------------------------------------------------------------------
                                command: excitons                                
 --------------------------------------------------------------------------------
 XTB basis setup:                        reference basis
 Implicit solvation model:               none
 Number of basis functions:            244
 GFN version:                            chlorophyll
 Integral screening threshold:           1.00e-10
 Total charge:                           0.000000000
 Number of electrons:                  218.000000000
 Electronic temperature (Kelvin):        0.000000000

 D3BJ energy:                           -0.062378555
 Repulsive energy:                       1.498705602

 ****************************************************
  Running robust self-consistent charge (SCC) solver 
 ****************************************************
 Number of SCC trials:                   4
 Using the stop-early mechanism for the first 3 trials

 Conv. threshold (charge):               1.00e-05
 Conv. threshold (energy):               1.00e-06
 Initial guess:                          SAD

 -------------
  SCC Trial 1 
 -------------
 Broyden mixing factor:                  0.400000000
 Max number of iterations:             128

 ---------------------------------------------------------------
                  energy        change          grad        time
 ---------------------------------------------------------------
   0      -125.879433828                    6.47e-01        0.01
   1      -126.574675819     -6.95e-01      3.69e-01        0.00
   2      -126.529917370      4.48e-02      1.02e-01        0.00
   3      -126.488966144      4.10e-02      4.03e-02        0.00
   4      -126.588763136     -9.98e-02      1.00e-02        0.00
   5      -126.595393577     -6.63e-03      2.64e-03        0.00
   6      -126.595662919     -2.69e-04      9.32e-04        0.01
   7      -126.595690297     -2.74e-05      3.40e-04        0.01
   8      -126.595693822     -3.53e-06      1.80e-04        0.00
   9      -126.595694156     -3.34e-07      7.33e-05        0.00
  10      -126.595694218     -6.29e-08      2.74e-05        0.00
  11      -126.595694227     -8.37e-09      5.56e-06        0.01
  12      -126.595694227     -2.98e-10      1.60e-06        0.00

 SCF converged in 11 iterations.

 Entropy contribution (-ST):             0.000000000
 Dipole moment (in Debye):              -3.653650       0.345530       0.366033

Chlorophyll parameters
 D_scl:                                  0.636
 Mg_p:                                   0.902
 Mg_s:                                   1.053
 Mgp_Np:                                 1.402
 Mgp_Ns:                                 1.067
 Mgs_Np:                                 1.023
 Mgs_Ns:                                 1.468
 N_p:                                    1.044
 N_s:                                    1.281
 a_x:                                    0.067
 k_p:                                    2.694
 k_s:                                    1.462
 y_J:                                    4.012
 y_K:                                    2.147

 ----------------
  Excitation 0 1 
 ----------------
 Setting up Delta-SCF
 Ground-Excited state overlap:           0.000000000
 No correction applied to the TDM.
 Excitation energy:                      0.065310727
 Excitation energy (in eV):              1.777195411
 Transition dipole:                     -2.31982      -1.46088      -0.02110
 XTB basis setup:                        reference basis
 Implicit solvation model:               none
 Number of basis functions:            244
 GFN version:                            chlorophyll
 Integral screening threshold:           1.00e-10
 Total charge:                           0.000000000
 Number of electrons:                  218.000000000
 Electronic temperature (Kelvin):        0.000000000

 D3BJ energy:                           -0.061037317
 Repulsive energy:                       1.495656690

 ****************************************************
  Running robust self-consistent charge (SCC) solver 
 ****************************************************
 Number of SCC trials:                   4
 Using the stop-early mechanism for the first 3 trials

 Conv. threshold (charge):               1.00e-05
 Conv. threshold (energy):               1.00e-06
 Initial guess:                          SAD

 -------------
  SCC Trial 1 
 -------------
 Broyden mixing factor:                  0.400000000
 Max number of iterations:             128

 ---------------------------------------------------------------
                  energy        change          grad        time
 ---------------------------------------------------------------
   0      -125.866471093                    6.46e-01        0.01
   1      -126.556940674     -6.90e-01      3.69e-01        0.01
   2      -126.505386437      5.16e-02      1.02e-01        0.01
   3      -126.481793394      2.36e-02      3.74e-02        0.01
   4      -126.574649351     -9.29e-02      8.29e-03        0.01
   5      -126.579089691     -4.44e-03      2.62e-03        0.01
   6      -126.579384272     -2.95e-04      9.73e-04        0.01
   7      -126.579427574     -4.33e-05      2.72e-04        0.01
   8      -126.579428663     -1.09e-06      1.64e-04        0.01
   9      -126.579428912     -2.49e-07      6.94e-05        0.01
  10      -126.579428965     -5.24e-08      2.26e-05        0.01
  11      -126.579428971     -6.81e-09      4.97e-06        0.01
  12      -126.579428972     -2.16e-10      1.24e-06        0.01

 SCF converged in 11 iterations.

 Entropy contribution (-ST):             0.000000000
 Dipole moment (in Debye):               3.977893       0.022850       1.646813

Chlorophyll parameters
 D_scl:                                  0.636
 Mg_p:                                   0.902
 Mg_s:                                   1.053
 Mgp_Np:                                 1.402
 Mgp_Ns:                                 1.067
 Mgs_Np:                                 1.023
 Mgs_Ns:                                 1.468
 N_p:                                    1.044
 N_s:                                    1.281
 a_x:                                    0.067
 k_p:                                    2.694
 k_s:                                    1.462
 y_J:                                    4.012
 y_K:                                    2.147

 ----------------
  Excitation 0 1 
 ----------------
 Setting up Delta-SCF
 Ground-Excited state overlap:          -0.000000000
 No correction applied to the TDM.
 Excitation energy:                      0.068041795
 Excitation energy (in eV):              1.851511569
 Transition dipole:                     -2.41428      -1.26856       0.32516

 ******************
  Exciton analysis 
 ******************

 eigenvalues
 -----------
 state 0:                             -253.1781 hr
 state 1:                             -253.1137 hr
 state 2:                             -253.1091 hr

 coupling energies
 -----------------
 states 1, 2:                         -394.9013 cm^-1

 distances
 ---------
 chromophore 1, 2:                      17.3007 au

 charge centers
                         X                   Y                   Z
 1            77.849556738        16.424198322        56.541516865
 2            87.856348208        30.432948352        54.828391630
 Saving results in set 'trunc_bchla_10_bchla_12_frame_16201'

 --------------------------------------------------------------------------------

 End time:                               Fri Sep 10 11:54:38 2021
 Total wall-clock time:                  0.430 seconds
==================================================================================
