
================================================================================
          _____________ ________ _______________ ________     _________         
         / ___________// ______ \\_____   _____// ______ \   / ________)        
        / /_________  / /      \ \     | |     / /      \ \ | (_______          
       |  __________|| |        | |    | |    | |        | | \________ \        
        \ \_________ | |        | |    | |     \ \______/ /___________) |       
         \__________||_|        |_|    |_|      \________//____________/        
                                                                                
====================================[ Qcore ]===================================

 Git hash:   0385c69a4f85ff35f953e853350ecec6fa7ab330
 Git date:   Wed, 8 Sep 2021 10:09:58 +0100
 Compiler:   AppleClang 10.0.1.10010046
 Build type: Release
 Version:    2.1.1

 Start time: Fri Sep 10 12:05:30 2021

 Data directory: /Users/of15641/qcore/cmake-build-release/share/entos/2.1.1/data
 Number of threads: 2
 Number of threads was determined by: number of physical cores

 --------------------------------------------------------------------------------
                                command: excitons                                
 --------------------------------------------------------------------------------
 XTB basis setup:                        reference basis
 Implicit solvation model:               none
 Number of basis functions:            244
 GFN version:                            chlorophyll
 Integral screening threshold:           1.00e-10
 Total charge:                           0.000000000
 Number of electrons:                  218.000000000
 Electronic temperature (Kelvin):        0.000000000

 D3BJ energy:                           -0.061908974
 Repulsive energy:                       1.430013094

 ****************************************************
  Running robust self-consistent charge (SCC) solver 
 ****************************************************
 Number of SCC trials:                   4
 Using the stop-early mechanism for the first 3 trials

 Conv. threshold (charge):               1.00e-05
 Conv. threshold (energy):               1.00e-06
 Initial guess:                          SAD

 -------------
  SCC Trial 1 
 -------------
 Broyden mixing factor:                  0.400000000
 Max number of iterations:             128

 ---------------------------------------------------------------
                  energy        change          grad        time
 ---------------------------------------------------------------
   0      -125.875777213                    6.44e-01        0.01
   1      -126.546468627     -6.71e-01      3.67e-01        0.01
   2      -126.499041613      4.74e-02      1.00e-01        0.01
   3      -126.497510194      1.53e-03      3.49e-02        0.01
   4      -126.564765194     -6.73e-02      5.09e-03        0.01
   5      -126.565753647     -9.88e-04      1.98e-03        0.01
   6      -126.565893188     -1.40e-04      1.29e-03        0.01
   7      -126.566010886     -1.18e-04      2.61e-04        0.01
   8      -126.566013134     -2.25e-06      1.13e-04        0.01
   9      -126.566013267     -1.33e-07      5.15e-05        0.01
  10      -126.566013300     -3.36e-08      1.74e-05        0.01
  11      -126.566013306     -5.59e-09      3.88e-06        0.01
  12      -126.566013306     -2.26e-10      1.26e-06        0.01

 SCF converged in 11 iterations.

 Entropy contribution (-ST):             0.000000000
 Dipole moment (in Debye):              -3.982312      -0.862919      -0.408755

Chlorophyll parameters
 D_scl:                                  0.636
 Mg_p:                                   0.902
 Mg_s:                                   1.053
 Mgp_Np:                                 1.402
 Mgp_Ns:                                 1.067
 Mgs_Np:                                 1.023
 Mgs_Ns:                                 1.468
 N_p:                                    1.044
 N_s:                                    1.281
 a_x:                                    0.067
 k_p:                                    2.694
 k_s:                                    1.462
 y_J:                                    4.012
 y_K:                                    2.147

 ----------------
  Excitation 0 1 
 ----------------
 Setting up Delta-SCF
 Ground-Excited state overlap:           0.000000000
 No correction applied to the TDM.
 Excitation energy:                      0.064522294
 Excitation energy (in eV):              1.755741054
 Transition dipole:                      2.42791       1.33942       0.19491
 XTB basis setup:                        reference basis
 Implicit solvation model:               none
 Number of basis functions:            244
 GFN version:                            chlorophyll
 Integral screening threshold:           1.00e-10
 Total charge:                           0.000000000
 Number of electrons:                  218.000000000
 Electronic temperature (Kelvin):        0.000000000

 D3BJ energy:                           -0.062400331
 Repulsive energy:                       1.497893788

 ****************************************************
  Running robust self-consistent charge (SCC) solver 
 ****************************************************
 Number of SCC trials:                   4
 Using the stop-early mechanism for the first 3 trials

 Conv. threshold (charge):               1.00e-05
 Conv. threshold (energy):               1.00e-06
 Initial guess:                          SAD

 -------------
  SCC Trial 1 
 -------------
 Broyden mixing factor:                  0.400000000
 Max number of iterations:             128

 ---------------------------------------------------------------
                  energy        change          grad        time
 ---------------------------------------------------------------
   0      -125.916701008                    6.46e-01        0.01
   1      -126.588593167     -6.72e-01      3.69e-01        0.01
   2      -126.523629883      6.50e-02      1.01e-01        0.02
   3      -126.462191385      6.14e-02      4.60e-02        0.01
   4      -126.603723034     -1.42e-01      1.12e-02        0.01
   5      -126.611198668     -7.48e-03      2.85e-03        0.01
   6      -126.611283581     -8.49e-05      9.34e-04        0.01
   7      -126.611306825     -2.32e-05      3.80e-04        0.01
   8      -126.611306158      6.68e-07      2.46e-04        0.01
   9      -126.611307696     -1.54e-06      1.04e-04        0.01
  10      -126.611307863     -1.67e-07      2.96e-05        0.01
  11      -126.611307877     -1.45e-08      5.30e-06        0.01
  12      -126.611307878     -2.53e-10      1.74e-06        0.01

 SCF converged in 11 iterations.

 Entropy contribution (-ST):             0.000000000
 Dipole moment (in Debye):               2.465274       0.125106      -0.400711

Chlorophyll parameters
 D_scl:                                  0.636
 Mg_p:                                   0.902
 Mg_s:                                   1.053
 Mgp_Np:                                 1.402
 Mgp_Ns:                                 1.067
 Mgs_Np:                                 1.023
 Mgs_Ns:                                 1.468
 N_p:                                    1.044
 N_s:                                    1.281
 a_x:                                    0.067
 k_p:                                    2.694
 k_s:                                    1.462
 y_J:                                    4.012
 y_K:                                    2.147

 ----------------
  Excitation 0 1 
 ----------------
 Setting up Delta-SCF
 Ground-Excited state overlap:          -0.000000000
 No correction applied to the TDM.
 Excitation energy:                      0.067514405
 Excitation energy (in eV):              1.837160556
 Transition dipole:                     -0.55538       2.56435       0.66601

 ******************
  Exciton analysis 
 ******************

 eigenvalues
 -----------
 state 0:                             -253.1773 hr
 state 1:                             -253.1128 hr
 state 2:                             -253.1098 hr

 coupling energies
 -----------------
 states 1, 2:                           -5.5544 cm^-1

 distances
 ---------
 chromophore 1, 2:                      76.2277 au

 charge centers
                         X                   Y                   Z
 1            76.924486683        18.251269671        57.959115972
 2            94.334340807        89.380167828        79.130622591
 Saving results in set 'trunc_bchla_10_bchla_14_frame_36601'

 --------------------------------------------------------------------------------

 End time:                               Fri Sep 10 12:05:30 2021
 Total wall-clock time:                  0.517 seconds
==================================================================================
