
================================================================================
          _____________ ________ _______________ ________     _________         
         / ___________// ______ \\_____   _____// ______ \   / ________)        
        / /_________  / /      \ \     | |     / /      \ \ | (_______          
       |  __________|| |        | |    | |    | |        | | \________ \        
        \ \_________ | |        | |    | |     \ \______/ /___________) |       
         \__________||_|        |_|    |_|      \________//____________/        
                                                                                
====================================[ Qcore ]===================================

 Git hash:   0385c69a4f85ff35f953e853350ecec6fa7ab330
 Git date:   Wed, 8 Sep 2021 10:09:58 +0100
 Compiler:   AppleClang 10.0.1.10010046
 Build type: Release
 Version:    2.1.1

 Start time: Fri Sep 10 11:54:33 2021

 Data directory: /Users/of15641/qcore/cmake-build-release/share/entos/2.1.1/data
 Number of threads: 2
 Number of threads was determined by: number of physical cores

 --------------------------------------------------------------------------------
                                command: excitons                                
 --------------------------------------------------------------------------------
 XTB basis setup:                        reference basis
 Implicit solvation model:               none
 Number of basis functions:            244
 GFN version:                            chlorophyll
 Integral screening threshold:           1.00e-10
 Total charge:                           0.000000000
 Number of electrons:                  218.000000000
 Electronic temperature (Kelvin):        0.000000000

 D3BJ energy:                           -0.062258533
 Repulsive energy:                       1.483974783

 ****************************************************
  Running robust self-consistent charge (SCC) solver 
 ****************************************************
 Number of SCC trials:                   4
 Using the stop-early mechanism for the first 3 trials

 Conv. threshold (charge):               1.00e-05
 Conv. threshold (energy):               1.00e-06
 Initial guess:                          SAD

 -------------
  SCC Trial 1 
 -------------
 Broyden mixing factor:                  0.400000000
 Max number of iterations:             128

 ---------------------------------------------------------------
                  energy        change          grad        time
 ---------------------------------------------------------------
   0      -125.872512570                    6.47e-01        0.01
   1      -126.566163128     -6.94e-01      3.69e-01        0.00
   2      -126.502308296      6.39e-02      1.04e-01        0.00
   3      -126.501353257      9.55e-04      3.69e-02        0.00
   4      -126.587778537     -8.64e-02      6.42e-03        0.00
   5      -126.589817898     -2.04e-03      2.20e-03        0.00
   6      -126.590008259     -1.90e-04      1.17e-03        0.00
   7      -126.590090871     -8.26e-05      3.35e-04        0.00
   8      -126.590094527     -3.66e-06      1.06e-04        0.00
   9      -126.590094545     -1.74e-08      5.70e-05        0.00
  10      -126.590094578     -3.33e-08      1.93e-05        0.00
  11      -126.590094581     -3.51e-09      4.04e-06        0.02
  12      -126.590094582     -3.99e-10      1.44e-06        0.00

 SCF converged in 11 iterations.

 Entropy contribution (-ST):             0.000000000
 Dipole moment (in Debye):              -3.408068       0.174259       1.704186

Chlorophyll parameters
 D_scl:                                  0.636
 Mg_p:                                   0.902
 Mg_s:                                   1.053
 Mgp_Np:                                 1.402
 Mgp_Ns:                                 1.067
 Mgs_Np:                                 1.023
 Mgs_Ns:                                 1.468
 N_p:                                    1.044
 N_s:                                    1.281
 a_x:                                    0.067
 k_p:                                    2.694
 k_s:                                    1.462
 y_J:                                    4.012
 y_K:                                    2.147

 ----------------
  Excitation 0 1 
 ----------------
 Setting up Delta-SCF
 Ground-Excited state overlap:          -0.000000000
 No correction applied to the TDM.
 Excitation energy:                      0.067650780
 Excitation energy (in eV):              1.840871510
 Transition dipole:                      2.34521       1.37743       0.23654
 XTB basis setup:                        reference basis
 Implicit solvation model:               none
 Number of basis functions:            244
 GFN version:                            chlorophyll
 Integral screening threshold:           1.00e-10
 Total charge:                           0.000000000
 Number of electrons:                  218.000000000
 Electronic temperature (Kelvin):        0.000000000

 D3BJ energy:                           -0.062137696
 Repulsive energy:                       1.506848833

 ****************************************************
  Running robust self-consistent charge (SCC) solver 
 ****************************************************
 Number of SCC trials:                   4
 Using the stop-early mechanism for the first 3 trials

 Conv. threshold (charge):               1.00e-05
 Conv. threshold (energy):               1.00e-06
 Initial guess:                          SAD

 -------------
  SCC Trial 1 
 -------------
 Broyden mixing factor:                  0.400000000
 Max number of iterations:             128

 ---------------------------------------------------------------
                  energy        change          grad        time
 ---------------------------------------------------------------
   0      -125.904466840                    6.46e-01        0.01
   1      -126.584420169     -6.80e-01      3.69e-01        0.01
   2      -126.541315471      4.31e-02      9.88e-02        0.01
   3      -126.513472839      2.78e-02      3.50e-02        0.01
   4      -126.599161995     -8.57e-02      8.61e-03        0.01
   5      -126.604373638     -5.21e-03      2.31e-03        0.01
   6      -126.604514990     -1.41e-04      8.63e-04        0.01
   7      -126.604541015     -2.60e-05      2.89e-04        0.01
   8      -126.604542429     -1.41e-06      1.80e-04        0.01
   9      -126.604542782     -3.54e-07      6.86e-05        0.02
  10      -126.604542845     -6.26e-08      2.03e-05        0.01
  11      -126.604542851     -5.73e-09      4.47e-06        0.01
  12      -126.604542851     -1.53e-10      1.09e-06        0.01

 SCF converged in 11 iterations.

 Entropy contribution (-ST):             0.000000000
 Dipole moment (in Debye):               4.862936       0.879859       0.544441

Chlorophyll parameters
 D_scl:                                  0.636
 Mg_p:                                   0.902
 Mg_s:                                   1.053
 Mgp_Np:                                 1.402
 Mgp_Ns:                                 1.067
 Mgs_Np:                                 1.023
 Mgs_Ns:                                 1.468
 N_p:                                    1.044
 N_s:                                    1.281
 a_x:                                    0.067
 k_p:                                    2.694
 k_s:                                    1.462
 y_J:                                    4.012
 y_K:                                    2.147

 ----------------
  Excitation 0 1 
 ----------------
 Setting up Delta-SCF
 Ground-Excited state overlap:           0.000000000
 No correction applied to the TDM.
 Excitation energy:                      0.067660987
 Excitation energy (in eV):              1.841149250
 Transition dipole:                     -2.39607      -1.09586       0.49785

 ******************
  Exciton analysis 
 ******************

 eigenvalues
 -----------
 state 0:                             -253.1975 hr
 state 1:                             -253.1313 hr
 state 2:                             -253.1283 hr

 coupling energies
 -----------------
 states 1, 2:                          315.9039 cm^-1

 distances
 ---------
 chromophore 1, 2:                      17.3102 au

 charge centers
                         X                   Y                   Z
 1            78.686264527        16.294761575        58.143651835
 2            88.433217294        30.426558929        55.922614370
 Saving results in set 'trunc_bchla_10_bchla_12_frame_15301'

 --------------------------------------------------------------------------------

 End time:                               Fri Sep 10 11:54:33 2021
 Total wall-clock time:                  0.454 seconds
==================================================================================
