
================================================================================
          _____________ ________ _______________ ________     _________         
         / ___________// ______ \\_____   _____// ______ \   / ________)        
        / /_________  / /      \ \     | |     / /      \ \ | (_______          
       |  __________|| |        | |    | |    | |        | | \________ \        
        \ \_________ | |        | |    | |     \ \______/ /___________) |       
         \__________||_|        |_|    |_|      \________//____________/        
                                                                                
====================================[ Qcore ]===================================

 Git hash:   0385c69a4f85ff35f953e853350ecec6fa7ab330
 Git date:   Wed, 8 Sep 2021 10:09:58 +0100
 Compiler:   AppleClang 10.0.1.10010046
 Build type: Release
 Version:    2.1.1

 Start time: Fri Sep 10 11:57:54 2021

 Data directory: /Users/of15641/qcore/cmake-build-release/share/entos/2.1.1/data
 Number of threads: 2
 Number of threads was determined by: number of physical cores

 --------------------------------------------------------------------------------
                                command: excitons                                
 --------------------------------------------------------------------------------
 XTB basis setup:                        reference basis
 Implicit solvation model:               none
 Number of basis functions:            244
 GFN version:                            chlorophyll
 Integral screening threshold:           1.00e-10
 Total charge:                           0.000000000
 Number of electrons:                  218.000000000
 Electronic temperature (Kelvin):        0.000000000

 D3BJ energy:                           -0.061329871
 Repulsive energy:                       1.543333308

 ****************************************************
  Running robust self-consistent charge (SCC) solver 
 ****************************************************
 Number of SCC trials:                   4
 Using the stop-early mechanism for the first 3 trials

 Conv. threshold (charge):               1.00e-05
 Conv. threshold (energy):               1.00e-06
 Initial guess:                          SAD

 -------------
  SCC Trial 1 
 -------------
 Broyden mixing factor:                  0.400000000
 Max number of iterations:             128

 ---------------------------------------------------------------
                  energy        change          grad        time
 ---------------------------------------------------------------
   0      -125.898825220                    6.48e-01        0.01
   1      -126.551219106     -6.52e-01      3.70e-01        0.00
   2      -126.348615634      2.03e-01      1.12e-01        0.00
   3      -126.339984149      8.63e-03      6.03e-02        0.00
   4      -126.592875783     -2.53e-01      1.25e-02        0.02
   5      -126.600207384     -7.33e-03      4.46e-03        0.00
   6      -126.600132533      7.49e-05      2.07e-03        0.01
   7      -126.600372265     -2.40e-04      9.39e-04        0.00
   8      -126.600385401     -1.31e-05      3.63e-04        0.00
   9      -126.600385987     -5.86e-07      9.83e-05        0.01
  10      -126.600386161     -1.75e-07      3.33e-05        0.01
  11      -126.600386174     -1.21e-08      6.93e-06        0.01
  12      -126.600386174     -6.65e-10      2.40e-06        0.00

 SCF converged in 11 iterations.

 Entropy contribution (-ST):             0.000000000
 Dipole moment (in Debye):              -5.380224      -1.201138       0.375325

Chlorophyll parameters
 D_scl:                                  0.636
 Mg_p:                                   0.902
 Mg_s:                                   1.053
 Mgp_Np:                                 1.402
 Mgp_Ns:                                 1.067
 Mgs_Np:                                 1.023
 Mgs_Ns:                                 1.468
 N_p:                                    1.044
 N_s:                                    1.281
 a_x:                                    0.067
 k_p:                                    2.694
 k_s:                                    1.462
 y_J:                                    4.012
 y_K:                                    2.147

 ----------------
  Excitation 0 1 
 ----------------
 Setting up Delta-SCF
 Ground-Excited state overlap:           0.000000000
 No correction applied to the TDM.
 Excitation energy:                      0.066410175
 Excitation energy (in eV):              1.807112915
 Transition dipole:                      2.34373       1.20522      -0.33444
 XTB basis setup:                        reference basis
 Implicit solvation model:               none
 Number of basis functions:            244
 GFN version:                            chlorophyll
 Integral screening threshold:           1.00e-10
 Total charge:                           0.000000000
 Number of electrons:                  218.000000000
 Electronic temperature (Kelvin):        0.000000000

 D3BJ energy:                           -0.061188931
 Repulsive energy:                       1.518211107

 ****************************************************
  Running robust self-consistent charge (SCC) solver 
 ****************************************************
 Number of SCC trials:                   4
 Using the stop-early mechanism for the first 3 trials

 Conv. threshold (charge):               1.00e-05
 Conv. threshold (energy):               1.00e-06
 Initial guess:                          SAD

 -------------
  SCC Trial 1 
 -------------
 Broyden mixing factor:                  0.400000000
 Max number of iterations:             128

 ---------------------------------------------------------------
                  energy        change          grad        time
 ---------------------------------------------------------------
   0      -125.920250617                    6.48e-01        0.01
   1      -126.618973458     -6.99e-01      3.71e-01        0.01
   2      -126.549258032      6.97e-02      1.02e-01        0.01
   3      -126.499916750      4.93e-02      4.17e-02        0.01
   4      -126.637575954     -1.38e-01      9.16e-03        0.01
   5      -126.640864739     -3.29e-03      2.58e-03        0.01
   6      -126.640887431     -2.27e-05      1.34e-03        0.01
   7      -126.640971939     -8.45e-05      3.69e-04        0.01
   8      -126.640974058     -2.12e-06      2.27e-04        0.02
   9      -126.640974556     -4.99e-07      7.68e-05        0.01
  10      -126.640974583     -2.70e-08      1.75e-05        0.01
  11      -126.640974588     -4.89e-09      5.46e-06        0.01
  12      -126.640974589     -3.98e-10      1.29e-06        0.01

 SCF converged in 11 iterations.

 Entropy contribution (-ST):             0.000000000
 Dipole moment (in Debye):               2.215032      -0.596508       0.657757

Chlorophyll parameters
 D_scl:                                  0.636
 Mg_p:                                   0.902
 Mg_s:                                   1.053
 Mgp_Np:                                 1.402
 Mgp_Ns:                                 1.067
 Mgs_Np:                                 1.023
 Mgs_Ns:                                 1.468
 N_p:                                    1.044
 N_s:                                    1.281
 a_x:                                    0.067
 k_p:                                    2.694
 k_s:                                    1.462
 y_J:                                    4.012
 y_K:                                    2.147

 ----------------
  Excitation 0 1 
 ----------------
 Setting up Delta-SCF
 Ground-Excited state overlap:           0.000000000
 No correction applied to the TDM.
 Excitation energy:                      0.067708247
 Excitation energy (in eV):              1.842435264
 Transition dipole:                      2.39003       1.30622      -0.44782

 ******************
  Exciton analysis 
 ******************

 eigenvalues
 -----------
 state 0:                             -253.2434 hr
 state 1:                             -253.1778 hr
 state 2:                             -253.1746 hr

 coupling energies
 -----------------
 states 1, 2:                         -332.9668 cm^-1

 distances
 ---------
 chromophore 1, 2:                      18.0605 au

 charge centers
                         X                   Y                   Z
 1            78.285630866        14.338421153        58.369796135
 2            89.105214991        28.336380328        54.740238085
 Saving results in set 'trunc_bchla_10_bchla_12_frame_6101'

 --------------------------------------------------------------------------------

 End time:                               Fri Sep 10 11:57:55 2021
 Total wall-clock time:                  0.472 seconds
==================================================================================
