
================================================================================
          _____________ ________ _______________ ________     _________         
         / ___________// ______ \\_____   _____// ______ \   / ________)        
        / /_________  / /      \ \     | |     / /      \ \ | (_______          
       |  __________|| |        | |    | |    | |        | | \________ \        
        \ \_________ | |        | |    | |     \ \______/ /___________) |       
         \__________||_|        |_|    |_|      \________//____________/        
                                                                                
====================================[ Qcore ]===================================

 Git hash:   0385c69a4f85ff35f953e853350ecec6fa7ab330
 Git date:   Wed, 8 Sep 2021 10:09:58 +0100
 Compiler:   AppleClang 10.0.1.10010046
 Build type: Release
 Version:    2.1.1

 Start time: Thu Sep  9 11:26:21 2021

 Data directory: /Users/of15641/qcore/cmake-build-release/share/entos/2.1.1/data
 Number of threads: 2
 Number of threads was determined by: number of physical cores

 --------------------------------------------------------------------------------
                                command: excitons                                
 --------------------------------------------------------------------------------
 XTB basis setup:                        reference basis
 Implicit solvation model:               none
 Number of basis functions:            244
 GFN version:                            chlorophyll
 Integral screening threshold:           1.00e-10
 Total charge:                           0.000000000
 Number of electrons:                  218.000000000
 Electronic temperature (Kelvin):        0.000000000

 D3BJ energy:                           -0.062569097
 Repulsive energy:                       1.526184332

 ****************************************************
  Running robust self-consistent charge (SCC) solver 
 ****************************************************
 Number of SCC trials:                   4
 Using the stop-early mechanism for the first 3 trials

 Conv. threshold (charge):               1.00e-05
 Conv. threshold (energy):               1.00e-06
 Initial guess:                          SAD

 -------------
  SCC Trial 1 
 -------------
 Broyden mixing factor:                  0.400000000
 Max number of iterations:             128

 ---------------------------------------------------------------
                  energy        change          grad        time
 ---------------------------------------------------------------
   0      -125.943562053                    6.46e-01        0.01
   1      -126.595974835     -6.52e-01      3.69e-01        0.01
   2      -126.563141134      3.28e-02      9.50e-02        0.01
   3      -126.545674979      1.75e-02      2.99e-02        0.01
   4      -126.606016976     -6.03e-02      8.29e-03        0.02
   5      -126.610096112     -4.08e-03      2.14e-03        0.01
   6      -126.610300983     -2.05e-04      9.16e-04        0.01
   7      -126.610336433     -3.54e-05      2.43e-04        0.01
   8      -126.610338849     -2.42e-06      1.02e-04        0.01
   9      -126.610338972     -1.23e-07      4.83e-05        0.01
  10      -126.610338994     -2.11e-08      1.63e-05        0.01
  11      -126.610338997     -3.89e-09      4.17e-06        0.01
  12      -126.610338998     -2.28e-10      1.15e-06        0.01

 SCF converged in 11 iterations.

 Entropy contribution (-ST):             0.000000000
 Dipole moment (in Debye):               0.136471       4.615775      -0.276259

Chlorophyll parameters
 D_scl:                                  0.636
 Mg_p:                                   0.902
 Mg_s:                                   1.053
 Mgp_Np:                                 1.402
 Mgp_Ns:                                 1.067
 Mgs_Np:                                 1.023
 Mgs_Ns:                                 1.468
 N_p:                                    1.044
 N_s:                                    1.281
 a_x:                                    0.067
 k_p:                                    2.694
 k_s:                                    1.462
 y_J:                                    4.012
 y_K:                                    2.147

 ----------------
  Excitation 0 1 
 ----------------
 Setting up Delta-SCF
 Ground-Excited state overlap:          -0.000000000
 No correction applied to the TDM.
 Excitation energy:                      0.067530884
 Excitation energy (in eV):              1.837608966
 Transition dipole:                     -0.93965      -2.57397      -0.11849
 XTB basis setup:                        reference basis
 Implicit solvation model:               none
 Number of basis functions:            244
 GFN version:                            chlorophyll
 Integral screening threshold:           1.00e-10
 Total charge:                           0.000000000
 Number of electrons:                  218.000000000
 Electronic temperature (Kelvin):        0.000000000

 D3BJ energy:                           -0.061755327
 Repulsive energy:                       1.497241193

 ****************************************************
  Running robust self-consistent charge (SCC) solver 
 ****************************************************
 Number of SCC trials:                   4
 Using the stop-early mechanism for the first 3 trials

 Conv. threshold (charge):               1.00e-05
 Conv. threshold (energy):               1.00e-06
 Initial guess:                          SAD

 -------------
  SCC Trial 1 
 -------------
 Broyden mixing factor:                  0.400000000
 Max number of iterations:             128

 ---------------------------------------------------------------
                  energy        change          grad        time
 ---------------------------------------------------------------
   0      -125.903203432                    6.46e-01        0.01
   1      -126.586219535     -6.83e-01      3.69e-01        0.01
   2      -126.562696174      2.35e-02      9.76e-02        0.01
   3      -126.569917751     -7.22e-03      2.54e-02        0.01
   4      -126.601805362     -3.19e-02      4.76e-03        0.01
   5      -126.603015373     -1.21e-03      1.48e-03        0.01
   6      -126.603099983     -8.46e-05      7.77e-04        0.01
   7      -126.603138450     -3.85e-05      2.16e-04        0.01
   8      -126.603141288     -2.84e-06      6.41e-05        0.01
   9      -126.603141377     -8.93e-08      2.56e-05        0.01
  10      -126.603141384     -6.91e-09      1.00e-05        0.01
  11      -126.603141385     -1.15e-09      2.78e-06        0.01
  12      -126.603141385     -8.55e-11      8.75e-07        0.01

 SCF converged in 11 iterations.

 Entropy contribution (-ST):             0.000000000
 Dipole moment (in Debye):               1.925049       4.007094       0.156727

Chlorophyll parameters
 D_scl:                                  0.636
 Mg_p:                                   0.902
 Mg_s:                                   1.053
 Mgp_Np:                                 1.402
 Mgp_Ns:                                 1.067
 Mgs_Np:                                 1.023
 Mgs_Ns:                                 1.468
 N_p:                                    1.044
 N_s:                                    1.281
 a_x:                                    0.067
 k_p:                                    2.694
 k_s:                                    1.462
 y_J:                                    4.012
 y_K:                                    2.147

 ----------------
  Excitation 0 1 
 ----------------
 Setting up Delta-SCF
 Ground-Excited state overlap:          -0.000000000
 No correction applied to the TDM.
 Excitation energy:                      0.068069145
 Excitation energy (in eV):              1.852255792
 Transition dipole:                     -2.66708      -0.45340       0.19130

 ******************
  Exciton analysis 
 ******************

 eigenvalues
 -----------
 state 0:                             -253.2135 hr
 state 1:                             -253.1459 hr
 state 2:                             -253.1454 hr

 coupling energies
 -----------------
 states 1, 2:                            1.9385 cm^-1

 distances
 ---------
 chromophore 1, 2:                      75.9686 au

 charge centers
                         X                   Y                   Z
 1            86.982059412        64.926910182        55.286842631
 2            16.081600722        91.416030560        48.753707061
 Saving results in set 'trunc_bchla_15_bchla_22_frame_101'

 --------------------------------------------------------------------------------

 End time:                               Thu Sep  9 11:26:21 2021
 Total wall-clock time:                  0.538 seconds
==================================================================================
