
================================================================================
          _____________ ________ _______________ ________     _________         
         / ___________// ______ \\_____   _____// ______ \   / ________)        
        / /_________  / /      \ \     | |     / /      \ \ | (_______          
       |  __________|| |        | |    | |    | |        | | \________ \        
        \ \_________ | |        | |    | |     \ \______/ /___________) |       
         \__________||_|        |_|    |_|      \________//____________/        
                                                                                
====================================[ Qcore ]===================================

 Git hash:   0385c69a4f85ff35f953e853350ecec6fa7ab330
 Git date:   Wed, 8 Sep 2021 10:09:58 +0100
 Compiler:   AppleClang 10.0.1.10010046
 Build type: Release
 Version:    2.1.1

 Start time: Fri Sep 10 11:55:23 2021

 Data directory: /Users/of15641/qcore/cmake-build-release/share/entos/2.1.1/data
 Number of threads: 2
 Number of threads was determined by: number of physical cores

 --------------------------------------------------------------------------------
                                command: excitons                                
 --------------------------------------------------------------------------------
 XTB basis setup:                        reference basis
 Implicit solvation model:               none
 Number of basis functions:            244
 GFN version:                            chlorophyll
 Integral screening threshold:           1.00e-10
 Total charge:                           0.000000000
 Number of electrons:                  218.000000000
 Electronic temperature (Kelvin):        0.000000000

 D3BJ energy:                           -0.062085724
 Repulsive energy:                       1.460252363

 ****************************************************
  Running robust self-consistent charge (SCC) solver 
 ****************************************************
 Number of SCC trials:                   4
 Using the stop-early mechanism for the first 3 trials

 Conv. threshold (charge):               1.00e-05
 Conv. threshold (energy):               1.00e-06
 Initial guess:                          SAD

 -------------
  SCC Trial 1 
 -------------
 Broyden mixing factor:                  0.400000000
 Max number of iterations:             128

 ---------------------------------------------------------------
                  energy        change          grad        time
 ---------------------------------------------------------------
   0      -125.877469304                    6.44e-01        0.01
   1      -126.561727541     -6.84e-01      3.68e-01        0.00
   2      -126.468926134      9.28e-02      1.05e-01        0.01
   3      -126.409094310      5.98e-02      4.88e-02        0.01
   4      -126.584745370     -1.76e-01      9.65e-03        0.01
   5      -126.589558836     -4.81e-03      2.74e-03        0.00
   6      -126.589608945     -5.01e-05      1.47e-03        0.00
   7      -126.589735657     -1.27e-04      4.12e-04        0.00
   8      -126.589737471     -1.81e-06      2.42e-04        0.00
   9      -126.589737732     -2.60e-07      8.51e-05        0.00
  10      -126.589737817     -8.57e-08      2.70e-05        0.00
  11      -126.589737828     -1.08e-08      5.53e-06        0.02
  12      -126.589737829     -3.83e-10      1.56e-06        0.01

 SCF converged in 11 iterations.

 Entropy contribution (-ST):             0.000000000
 Dipole moment (in Debye):              -4.367634       1.357733       0.432379

Chlorophyll parameters
 D_scl:                                  0.636
 Mg_p:                                   0.902
 Mg_s:                                   1.053
 Mgp_Np:                                 1.402
 Mgp_Ns:                                 1.067
 Mgs_Np:                                 1.023
 Mgs_Ns:                                 1.468
 N_p:                                    1.044
 N_s:                                    1.281
 a_x:                                    0.067
 k_p:                                    2.694
 k_s:                                    1.462
 y_J:                                    4.012
 y_K:                                    2.147

 ----------------
  Excitation 0 1 
 ----------------
 Setting up Delta-SCF
 Ground-Excited state overlap:           0.000000000
 No correction applied to the TDM.
 Excitation energy:                      0.065549167
 Excitation energy (in eV):              1.783683693
 Transition dipole:                     -2.36593      -1.35847       0.15257
 XTB basis setup:                        reference basis
 Implicit solvation model:               none
 Number of basis functions:            244
 GFN version:                            chlorophyll
 Integral screening threshold:           1.00e-10
 Total charge:                           0.000000000
 Number of electrons:                  218.000000000
 Electronic temperature (Kelvin):        0.000000000

 D3BJ energy:                           -0.061768599
 Repulsive energy:                       1.506992260

 ****************************************************
  Running robust self-consistent charge (SCC) solver 
 ****************************************************
 Number of SCC trials:                   4
 Using the stop-early mechanism for the first 3 trials

 Conv. threshold (charge):               1.00e-05
 Conv. threshold (energy):               1.00e-06
 Initial guess:                          SAD

 -------------
  SCC Trial 1 
 -------------
 Broyden mixing factor:                  0.400000000
 Max number of iterations:             128

 ---------------------------------------------------------------
                  energy        change          grad        time
 ---------------------------------------------------------------
   0      -125.881277840                    6.46e-01        0.02
   1      -126.572842621     -6.92e-01      3.69e-01        0.01
   2      -126.542574112      3.03e-02      9.91e-02        0.01
   3      -126.536106229      6.47e-03      3.06e-02        0.01
   4      -126.586496899     -5.04e-02      7.18e-03        0.01
   5      -126.589820904     -3.32e-03      2.47e-03        0.01
   6      -126.590235720     -4.15e-04      9.37e-04        0.01
   7      -126.590283684     -4.80e-05      2.10e-04        0.01
   8      -126.590285090     -1.41e-06      8.71e-05        0.01
   9      -126.590285185     -9.55e-08      3.59e-05        0.01
  10      -126.590285205     -1.92e-08      1.27e-05        0.01
  11      -126.590285206     -1.78e-09      3.75e-06        0.01
  12      -126.590285206     -8.48e-11      1.24e-06        0.01

 SCF converged in 11 iterations.

 Entropy contribution (-ST):             0.000000000
 Dipole moment (in Debye):               3.298594      -0.372778       0.602326

Chlorophyll parameters
 D_scl:                                  0.636
 Mg_p:                                   0.902
 Mg_s:                                   1.053
 Mgp_Np:                                 1.402
 Mgp_Ns:                                 1.067
 Mgs_Np:                                 1.023
 Mgs_Ns:                                 1.468
 N_p:                                    1.044
 N_s:                                    1.281
 a_x:                                    0.067
 k_p:                                    2.694
 k_s:                                    1.462
 y_J:                                    4.012
 y_K:                                    2.147

 ----------------
  Excitation 0 1 
 ----------------
 Setting up Delta-SCF
 Ground-Excited state overlap:           0.000000000
 No correction applied to the TDM.
 Excitation energy:                      0.066919635
 Excitation energy (in eV):              1.820976037
 Transition dipole:                      2.22114       1.56155      -0.40874

 ******************
  Exciton analysis 
 ******************

 eigenvalues
 -----------
 state 0:                             -253.1830 hr
 state 1:                             -253.1182 hr
 state 2:                             -253.1148 hr

 coupling energies
 -----------------
 states 1, 2:                          326.6009 cm^-1

 distances
 ---------
 chromophore 1, 2:                      17.4659 au

 charge centers
                         X                   Y                   Z
 1            76.233748850        17.548420019        58.878569131
 2            85.234007503        32.147812780        55.575531644
 Saving results in set 'trunc_bchla_10_bchla_12_frame_24101'

 --------------------------------------------------------------------------------

 End time:                               Fri Sep 10 11:55:23 2021
 Total wall-clock time:                  0.486 seconds
==================================================================================
