
================================================================================
          _____________ ________ _______________ ________     _________         
         / ___________// ______ \\_____   _____// ______ \   / ________)        
        / /_________  / /      \ \     | |     / /      \ \ | (_______          
       |  __________|| |        | |    | |    | |        | | \________ \        
        \ \_________ | |        | |    | |     \ \______/ /___________) |       
         \__________||_|        |_|    |_|      \________//____________/        
                                                                                
====================================[ Qcore ]===================================

 Git hash:   0385c69a4f85ff35f953e853350ecec6fa7ab330
 Git date:   Wed, 8 Sep 2021 10:09:58 +0100
 Compiler:   AppleClang 10.0.1.10010046
 Build type: Release
 Version:    2.1.1

 Start time: Fri Sep 10 11:54:20 2021

 Data directory: /Users/of15641/qcore/cmake-build-release/share/entos/2.1.1/data
 Number of threads: 2
 Number of threads was determined by: number of physical cores

 --------------------------------------------------------------------------------
                                command: excitons                                
 --------------------------------------------------------------------------------
 XTB basis setup:                        reference basis
 Implicit solvation model:               none
 Number of basis functions:            244
 GFN version:                            chlorophyll
 Integral screening threshold:           1.00e-10
 Total charge:                           0.000000000
 Number of electrons:                  218.000000000
 Electronic temperature (Kelvin):        0.000000000

 D3BJ energy:                           -0.061574141
 Repulsive energy:                       1.478909870

 ****************************************************
  Running robust self-consistent charge (SCC) solver 
 ****************************************************
 Number of SCC trials:                   4
 Using the stop-early mechanism for the first 3 trials

 Conv. threshold (charge):               1.00e-05
 Conv. threshold (energy):               1.00e-06
 Initial guess:                          SAD

 -------------
  SCC Trial 1 
 -------------
 Broyden mixing factor:                  0.400000000
 Max number of iterations:             128

 ---------------------------------------------------------------
                  energy        change          grad        time
 ---------------------------------------------------------------
   0      -125.895636833                    6.47e-01        0.01
   1      -126.570627956     -6.75e-01      3.69e-01        0.00
   2      -126.475569407      9.51e-02      1.06e-01        0.00
   3      -126.433530085      4.20e-02      4.97e-02        0.01
   4      -126.594205171     -1.61e-01      1.06e-02        0.00
   5      -126.600657857     -6.45e-03      3.09e-03        0.00
   6      -126.600827116     -1.69e-04      1.37e-03        0.00
   7      -126.600904275     -7.72e-05      4.31e-04        0.00
   8      -126.600906085     -1.81e-06      2.50e-04        0.00
   9      -126.600906522     -4.37e-07      7.69e-05        0.00
  10      -126.600906613     -9.11e-08      2.20e-05        0.00
  11      -126.600906618     -4.50e-09      4.71e-06        0.02
  12      -126.600906618     -3.71e-10      1.59e-06        0.00

 SCF converged in 11 iterations.

 Entropy contribution (-ST):             0.000000000
 Dipole moment (in Debye):              -5.066989      -1.236058       1.193382

Chlorophyll parameters
 D_scl:                                  0.636
 Mg_p:                                   0.902
 Mg_s:                                   1.053
 Mgp_Np:                                 1.402
 Mgp_Ns:                                 1.067
 Mgs_Np:                                 1.023
 Mgs_Ns:                                 1.468
 N_p:                                    1.044
 N_s:                                    1.281
 a_x:                                    0.067
 k_p:                                    2.694
 k_s:                                    1.462
 y_J:                                    4.012
 y_K:                                    2.147

 ----------------
  Excitation 0 1 
 ----------------
 Setting up Delta-SCF
 Ground-Excited state overlap:          -0.000000000
 No correction applied to the TDM.
 Excitation energy:                      0.066980514
 Excitation energy (in eV):              1.822632640
 Transition dipole:                      2.26871       1.51660      -0.32775
 XTB basis setup:                        reference basis
 Implicit solvation model:               none
 Number of basis functions:            244
 GFN version:                            chlorophyll
 Integral screening threshold:           1.00e-10
 Total charge:                           0.000000000
 Number of electrons:                  218.000000000
 Electronic temperature (Kelvin):        0.000000000

 D3BJ energy:                           -0.061586236
 Repulsive energy:                       1.493057760

 ****************************************************
  Running robust self-consistent charge (SCC) solver 
 ****************************************************
 Number of SCC trials:                   4
 Using the stop-early mechanism for the first 3 trials

 Conv. threshold (charge):               1.00e-05
 Conv. threshold (energy):               1.00e-06
 Initial guess:                          SAD

 -------------
  SCC Trial 1 
 -------------
 Broyden mixing factor:                  0.400000000
 Max number of iterations:             128

 ---------------------------------------------------------------
                  energy        change          grad        time
 ---------------------------------------------------------------
   0      -125.899055584                    6.46e-01        0.02
   1      -126.585590393     -6.87e-01      3.69e-01        0.01
   2      -126.558893808      2.67e-02      9.92e-02        0.01
   3      -126.542749348      1.61e-02      3.15e-02        0.01
   4      -126.595862795     -5.31e-02      9.51e-03        0.01
   5      -126.602379282     -6.52e-03      2.25e-03        0.01
   6      -126.602631564     -2.52e-04      8.13e-04        0.01
   7      -126.602661458     -2.99e-05      2.61e-04        0.01
   8      -126.602664550     -3.09e-06      9.76e-05        0.01
   9      -126.602664650     -1.00e-07      4.41e-05        0.01
  10      -126.602664661     -1.09e-08      1.81e-05        0.01
  11      -126.602664664     -2.80e-09      4.42e-06        0.01
  12      -126.602664664     -1.48e-10      1.39e-06        0.00

 SCF converged in 11 iterations.

 Entropy contribution (-ST):             0.000000000
 Dipole moment (in Debye):               3.388569       1.144354       0.840275

Chlorophyll parameters
 D_scl:                                  0.636
 Mg_p:                                   0.902
 Mg_s:                                   1.053
 Mgp_Np:                                 1.402
 Mgp_Ns:                                 1.067
 Mgs_Np:                                 1.023
 Mgs_Ns:                                 1.468
 N_p:                                    1.044
 N_s:                                    1.281
 a_x:                                    0.067
 k_p:                                    2.694
 k_s:                                    1.462
 y_J:                                    4.012
 y_K:                                    2.147

 ----------------
  Excitation 0 1 
 ----------------
 Setting up Delta-SCF
 Ground-Excited state overlap:          -0.000000000
 No correction applied to the TDM.
 Excitation energy:                      0.066246106
 Excitation energy (in eV):              1.802648377
 Transition dipole:                     -2.14022      -1.67836      -0.19802

 ******************
  Exciton analysis 
 ******************

 eigenvalues
 -----------
 state 0:                             -253.2065 hr
 state 1:                             -253.1415 hr
 state 2:                             -253.1382 hr

 coupling energies
 -----------------
 states 1, 2:                          364.6767 cm^-1

 distances
 ---------
 chromophore 1, 2:                      17.2729 au

 charge centers
                         X                   Y                   Z
 1            79.215243536        15.025978622        59.113364073
 2            87.398039271        30.076401801        56.904185162
 Saving results in set 'trunc_bchla_10_bchla_12_frame_1301'

 --------------------------------------------------------------------------------

 End time:                               Fri Sep 10 11:54:20 2021
 Total wall-clock time:                  0.472 seconds
==================================================================================
