
================================================================================
          _____________ ________ _______________ ________     _________         
         / ___________// ______ \\_____   _____// ______ \   / ________)        
        / /_________  / /      \ \     | |     / /      \ \ | (_______          
       |  __________|| |        | |    | |    | |        | | \________ \        
        \ \_________ | |        | |    | |     \ \______/ /___________) |       
         \__________||_|        |_|    |_|      \________//____________/        
                                                                                
====================================[ Qcore ]===================================

 Git hash:   0385c69a4f85ff35f953e853350ecec6fa7ab330
 Git date:   Wed, 8 Sep 2021 10:09:58 +0100
 Compiler:   AppleClang 10.0.1.10010046
 Build type: Release
 Version:    2.1.1

 Start time: Thu Sep  9 11:45:58 2021

 Data directory: /Users/of15641/qcore/cmake-build-release/share/entos/2.1.1/data
 Number of threads: 2
 Number of threads was determined by: number of physical cores

 --------------------------------------------------------------------------------
                                command: excitons                                
 --------------------------------------------------------------------------------
 XTB basis setup:                        reference basis
 Implicit solvation model:               none
 Number of basis functions:            244
 GFN version:                            chlorophyll
 Integral screening threshold:           1.00e-10
 Total charge:                           0.000000000
 Number of electrons:                  218.000000000
 Electronic temperature (Kelvin):        0.000000000

 D3BJ energy:                           -0.062919236
 Repulsive energy:                       1.521395340

 ****************************************************
  Running robust self-consistent charge (SCC) solver 
 ****************************************************
 Number of SCC trials:                   4
 Using the stop-early mechanism for the first 3 trials

 Conv. threshold (charge):               1.00e-05
 Conv. threshold (energy):               1.00e-06
 Initial guess:                          SAD

 -------------
  SCC Trial 1 
 -------------
 Broyden mixing factor:                  0.400000000
 Max number of iterations:             128

 ---------------------------------------------------------------
                  energy        change          grad        time
 ---------------------------------------------------------------
   0      -125.855139203                    6.48e-01        0.01
   1      -126.552913741     -6.98e-01      3.70e-01        0.00
   2      -126.492939674      6.00e-02      1.02e-01        0.00
   3      -126.452813907      4.01e-02      4.00e-02        0.01
   4      -126.567768794     -1.15e-01      1.17e-02        0.00
   5      -126.575226112     -7.46e-03      2.70e-03        0.01
   6      -126.575286934     -6.08e-05      1.15e-03        0.01
   7      -126.575328543     -4.16e-05      3.66e-04        0.01
   8      -126.575331282     -2.74e-06      2.46e-04        0.01
   9      -126.575332110     -8.28e-07      9.29e-05        0.01
  10      -126.575332189     -7.98e-08      2.20e-05        0.00
  11      -126.575332196     -7.15e-09      5.04e-06        0.00
  12      -126.575332197     -4.36e-10      1.52e-06        0.00

 SCF converged in 11 iterations.

 Entropy contribution (-ST):             0.000000000
 Dipole moment (in Debye):               0.971094      -1.312371      -0.924795

Chlorophyll parameters
 D_scl:                                  0.636
 Mg_p:                                   0.902
 Mg_s:                                   1.053
 Mgp_Np:                                 1.402
 Mgp_Ns:                                 1.067
 Mgs_Np:                                 1.023
 Mgs_Ns:                                 1.468
 N_p:                                    1.044
 N_s:                                    1.281
 a_x:                                    0.067
 k_p:                                    2.694
 k_s:                                    1.462
 y_J:                                    4.012
 y_K:                                    2.147

 ----------------
  Excitation 0 1 
 ----------------
 Setting up Delta-SCF
 Ground-Excited state overlap:          -0.000000000
 No correction applied to the TDM.
 Excitation energy:                      0.067051930
 Excitation energy (in eV):              1.824575958
 Transition dipole:                      2.59750       0.27853       0.88574
 XTB basis setup:                        reference basis
 Implicit solvation model:               none
 Number of basis functions:            244
 GFN version:                            chlorophyll
 Integral screening threshold:           1.00e-10
 Total charge:                           0.000000000
 Number of electrons:                  218.000000000
 Electronic temperature (Kelvin):        0.000000000

 D3BJ energy:                           -0.061381432
 Repulsive energy:                       1.508612112

 ****************************************************
  Running robust self-consistent charge (SCC) solver 
 ****************************************************
 Number of SCC trials:                   4
 Using the stop-early mechanism for the first 3 trials

 Conv. threshold (charge):               1.00e-05
 Conv. threshold (energy):               1.00e-06
 Initial guess:                          SAD

 -------------
  SCC Trial 1 
 -------------
 Broyden mixing factor:                  0.400000000
 Max number of iterations:             128

 ---------------------------------------------------------------
                  energy        change          grad        time
 ---------------------------------------------------------------
   0      -125.877083063                    6.47e-01        0.01
   1      -126.552571789     -6.75e-01      3.69e-01        0.01
   2      -126.445988850      1.07e-01      1.04e-01        0.01
   3      -126.394967356      5.10e-02      5.05e-02        0.01
   4      -126.579264146     -1.84e-01      1.02e-02        0.01
   5      -126.583627917     -4.36e-03      3.58e-03        0.01
   6      -126.583615828      1.21e-05      1.73e-03        0.01
   7      -126.583788808     -1.73e-04      5.84e-04        0.01
   8      -126.583791344     -2.54e-06      3.13e-04        0.01
   9      -126.583792268     -9.24e-07      8.02e-05        0.01
  10      -126.583792372     -1.04e-07      2.15e-05        0.01
  11      -126.583792376     -3.47e-09      4.30e-06        0.01
  12      -126.583792376     -2.51e-10      1.25e-06        0.01

 SCF converged in 11 iterations.

 Entropy contribution (-ST):             0.000000000
 Dipole moment (in Debye):               5.800321       2.138605      -0.027133

Chlorophyll parameters
 D_scl:                                  0.636
 Mg_p:                                   0.902
 Mg_s:                                   1.053
 Mgp_Np:                                 1.402
 Mgp_Ns:                                 1.067
 Mgs_Np:                                 1.023
 Mgs_Ns:                                 1.468
 N_p:                                    1.044
 N_s:                                    1.281
 a_x:                                    0.067
 k_p:                                    2.694
 k_s:                                    1.462
 y_J:                                    4.012
 y_K:                                    2.147

 ----------------
  Excitation 0 1 
 ----------------
 Setting up Delta-SCF
 Ground-Excited state overlap:           0.000000000
 No correction applied to the TDM.
 Excitation energy:                      0.070381321
 Excitation energy (in eV):              1.915173304
 Transition dipole:                      1.70639       2.12236      -0.36953

 ******************
  Exciton analysis 
 ******************

 eigenvalues
 -----------
 state 0:                             -253.1591 hr
 state 1:                             -253.0921 hr
 state 2:                             -253.0887 hr

 coupling energies
 -----------------
 states 1, 2:                            1.7506 cm^-1

 distances
 ---------
 chromophore 1, 2:                     100.9601 au

 charge centers
                         X                   Y                   Z
 1            47.809421625       -12.931763654        90.071708967
 2            -4.883537752        64.482265714        52.342968015
 Saving results in set 'trunc_bchla_5_bchla_25_frame_5001'

 --------------------------------------------------------------------------------

 End time:                               Thu Sep  9 11:45:58 2021
 Total wall-clock time:                  0.456 seconds
==================================================================================
