
================================================================================
          _____________ ________ _______________ ________     _________         
         / ___________// ______ \\_____   _____// ______ \   / ________)        
        / /_________  / /      \ \     | |     / /      \ \ | (_______          
       |  __________|| |        | |    | |    | |        | | \________ \        
        \ \_________ | |        | |    | |     \ \______/ /___________) |       
         \__________||_|        |_|    |_|      \________//____________/        
                                                                                
====================================[ Qcore ]===================================

 Git hash:   0385c69a4f85ff35f953e853350ecec6fa7ab330
 Git date:   Wed, 8 Sep 2021 10:09:58 +0100
 Compiler:   AppleClang 10.0.1.10010046
 Build type: Release
 Version:    2.1.1

 Start time: Fri Sep 10 12:07:26 2021

 Data directory: /Users/of15641/qcore/cmake-build-release/share/entos/2.1.1/data
 Number of threads: 2
 Number of threads was determined by: number of physical cores

 --------------------------------------------------------------------------------
                                command: excitons                                
 --------------------------------------------------------------------------------
 XTB basis setup:                        reference basis
 Implicit solvation model:               none
 Number of basis functions:            244
 GFN version:                            chlorophyll
 Integral screening threshold:           1.00e-10
 Total charge:                           0.000000000
 Number of electrons:                  218.000000000
 Electronic temperature (Kelvin):        0.000000000

 D3BJ energy:                           -0.063071071
 Repulsive energy:                       1.534805861

 ****************************************************
  Running robust self-consistent charge (SCC) solver 
 ****************************************************
 Number of SCC trials:                   4
 Using the stop-early mechanism for the first 3 trials

 Conv. threshold (charge):               1.00e-05
 Conv. threshold (energy):               1.00e-06
 Initial guess:                          SAD

 -------------
  SCC Trial 1 
 -------------
 Broyden mixing factor:                  0.400000000
 Max number of iterations:             128

 ---------------------------------------------------------------
                  energy        change          grad        time
 ---------------------------------------------------------------
   0      -125.991539692                    6.47e-01        0.01
   1      -126.637782262     -6.46e-01      3.69e-01        0.01
   2      -126.618850261      1.89e-02      9.48e-02        0.01
   3      -126.609523781      9.33e-03      2.55e-02        0.01
   4      -126.646349965     -3.68e-02      8.45e-03        0.01
   5      -126.651510988     -5.16e-03      1.79e-03        0.01
   6      -126.651658577     -1.48e-04      6.24e-04        0.01
   7      -126.651674597     -1.60e-05      1.87e-04        0.01
   8      -126.651676082     -1.48e-06      8.02e-05        0.01
   9      -126.651676143     -6.12e-08      3.54e-05        0.01
  10      -126.651676157     -1.35e-08      1.45e-05        0.01
  11      -126.651676159     -2.41e-09      3.46e-06        0.01
  12      -126.651676159     -6.88e-11      9.84e-07        0.01

 SCF converged in 11 iterations.

 Entropy contribution (-ST):             0.000000000
 Dipole moment (in Debye):              -4.260215      -1.784718      -0.223501

Chlorophyll parameters
 D_scl:                                  0.636
 Mg_p:                                   0.902
 Mg_s:                                   1.053
 Mgp_Np:                                 1.402
 Mgp_Ns:                                 1.067
 Mgs_Np:                                 1.023
 Mgs_Ns:                                 1.468
 N_p:                                    1.044
 N_s:                                    1.281
 a_x:                                    0.067
 k_p:                                    2.694
 k_s:                                    1.462
 y_J:                                    4.012
 y_K:                                    2.147

 ----------------
  Excitation 0 1 
 ----------------
 Setting up Delta-SCF
 Ground-Excited state overlap:           0.000000000
 No correction applied to the TDM.
 Excitation energy:                      0.067628666
 Excitation energy (in eV):              1.840269755
 Transition dipole:                      2.25992       1.51097      -0.19364
 XTB basis setup:                        reference basis
 Implicit solvation model:               none
 Number of basis functions:            244
 GFN version:                            chlorophyll
 Integral screening threshold:           1.00e-10
 Total charge:                           0.000000000
 Number of electrons:                  218.000000000
 Electronic temperature (Kelvin):        0.000000000

 D3BJ energy:                           -0.062538732
 Repulsive energy:                       1.536118872

 ****************************************************
  Running robust self-consistent charge (SCC) solver 
 ****************************************************
 Number of SCC trials:                   4
 Using the stop-early mechanism for the first 3 trials

 Conv. threshold (charge):               1.00e-05
 Conv. threshold (energy):               1.00e-06
 Initial guess:                          SAD

 -------------
  SCC Trial 1 
 -------------
 Broyden mixing factor:                  0.400000000
 Max number of iterations:             128

 ---------------------------------------------------------------
                  energy        change          grad        time
 ---------------------------------------------------------------
   0      -125.896221062                    6.48e-01        0.01
   1      -126.581536525     -6.85e-01      3.70e-01        0.01
   2      -126.565337472      1.62e-02      9.64e-02        0.01
   3      -126.573082279     -7.74e-03      1.95e-02        0.01
   4      -126.594469633     -2.14e-02      5.38e-03        0.01
   5      -126.596288944     -1.82e-03      1.84e-03        0.01
   6      -126.596455912     -1.67e-04      8.53e-04        0.01
   7      -126.596499808     -4.39e-05      1.92e-04        0.01
   8      -126.596501375     -1.57e-06      5.10e-05        0.01
   9      -126.596501401     -2.64e-08      2.39e-05        0.01
  10      -126.596501407     -5.19e-09      9.34e-06        0.01
  11      -126.596501407     -2.97e-10      2.70e-06        0.01

 SCF converged in 10 iterations.

 Entropy contribution (-ST):             0.000000000
 Dipole moment (in Debye):               0.145034       3.734324      -0.268931

Chlorophyll parameters
 D_scl:                                  0.636
 Mg_p:                                   0.902
 Mg_s:                                   1.053
 Mgp_Np:                                 1.402
 Mgp_Ns:                                 1.067
 Mgs_Np:                                 1.023
 Mgs_Ns:                                 1.468
 N_p:                                    1.044
 N_s:                                    1.281
 a_x:                                    0.067
 k_p:                                    2.694
 k_s:                                    1.462
 y_J:                                    4.012
 y_K:                                    2.147

 ----------------
  Excitation 0 1 
 ----------------
 Setting up Delta-SCF
 Ground-Excited state overlap:          -0.000000000
 No correction applied to the TDM.
 Excitation energy:                      0.067797605
 Excitation energy (in eV):              1.844866806
 Transition dipole:                      1.03764       2.44675       0.27641

 ******************
  Exciton analysis 
 ******************

 eigenvalues
 -----------
 state 0:                             -253.2481 hr
 state 1:                             -253.1805 hr
 state 2:                             -253.1803 hr

 coupling energies
 -----------------
 states 1, 2:                          -14.3876 cm^-1

 distances
 ---------
 chromophore 1, 2:                      50.1316 au

 charge centers
                         X                   Y                   Z
 1            78.282707394        16.500042990        56.649447663
 2            88.140964837        65.632233724        55.227988631
 Saving results in set 'trunc_bchla_10_bchla_15_frame_101'

 --------------------------------------------------------------------------------

 End time:                               Fri Sep 10 12:07:27 2021
 Total wall-clock time:                  0.462 seconds
==================================================================================
