
================================================================================
          _____________ ________ _______________ ________     _________         
         / ___________// ______ \\_____   _____// ______ \   / ________)        
        / /_________  / /      \ \     | |     / /      \ \ | (_______          
       |  __________|| |        | |    | |    | |        | | \________ \        
        \ \_________ | |        | |    | |     \ \______/ /___________) |       
         \__________||_|        |_|    |_|      \________//____________/        
                                                                                
====================================[ Qcore ]===================================

 Git hash:   0385c69a4f85ff35f953e853350ecec6fa7ab330
 Git date:   Wed, 8 Sep 2021 10:09:58 +0100
 Compiler:   AppleClang 10.0.1.10010046
 Build type: Release
 Version:    2.1.1

 Start time: Thu Sep  9 11:46:42 2021

 Data directory: /Users/of15641/qcore/cmake-build-release/share/entos/2.1.1/data
 Number of threads: 2
 Number of threads was determined by: number of physical cores

 --------------------------------------------------------------------------------
                                command: excitons                                
 --------------------------------------------------------------------------------
 XTB basis setup:                        reference basis
 Implicit solvation model:               none
 Number of basis functions:            244
 GFN version:                            chlorophyll
 Integral screening threshold:           1.00e-10
 Total charge:                           0.000000000
 Number of electrons:                  218.000000000
 Electronic temperature (Kelvin):        0.000000000

 D3BJ energy:                           -0.061694177
 Repulsive energy:                       1.508041666

 ****************************************************
  Running robust self-consistent charge (SCC) solver 
 ****************************************************
 Number of SCC trials:                   4
 Using the stop-early mechanism for the first 3 trials

 Conv. threshold (charge):               1.00e-05
 Conv. threshold (energy):               1.00e-06
 Initial guess:                          SAD

 -------------
  SCC Trial 1 
 -------------
 Broyden mixing factor:                  0.400000000
 Max number of iterations:             128

 ---------------------------------------------------------------
                  energy        change          grad        time
 ---------------------------------------------------------------
   0      -125.914944674                    6.48e-01        0.01
   1      -126.598037850     -6.83e-01      3.70e-01        0.01
   2      -126.559020813      3.90e-02      9.79e-02        0.01
   3      -126.536350353      2.27e-02      3.18e-02        0.00
   4      -126.610390946     -7.40e-02      9.49e-03        0.00
   5      -126.615474023     -5.08e-03      2.53e-03        0.01
   6      -126.615689079     -2.15e-04      1.03e-03        0.01
   7      -126.615730587     -4.15e-05      2.88e-04        0.00
   8      -126.615732707     -2.12e-06      1.42e-04        0.01
   9      -126.615732848     -1.41e-07      5.74e-05        0.01
  10      -126.615732858     -9.56e-09      1.84e-05        0.01
  11      -126.615732863     -4.84e-09      5.17e-06        0.00
  12      -126.615732863     -4.75e-10      1.29e-06        0.01

 SCF converged in 11 iterations.

 Entropy contribution (-ST):             0.000000000
 Dipole moment (in Debye):              -0.417345      -1.151744       1.508834

Chlorophyll parameters
 D_scl:                                  0.636
 Mg_p:                                   0.902
 Mg_s:                                   1.053
 Mgp_Np:                                 1.402
 Mgp_Ns:                                 1.067
 Mgs_Np:                                 1.023
 Mgs_Ns:                                 1.468
 N_p:                                    1.044
 N_s:                                    1.281
 a_x:                                    0.067
 k_p:                                    2.694
 k_s:                                    1.462
 y_J:                                    4.012
 y_K:                                    2.147

 ----------------
  Excitation 0 1 
 ----------------
 Setting up Delta-SCF
 Ground-Excited state overlap:          -0.000000000
 No correction applied to the TDM.
 Excitation energy:                      0.066792740
 Excitation energy (in eV):              1.817523051
 Transition dipole:                     -1.59912       2.25876      -0.13643
 XTB basis setup:                        reference basis
 Implicit solvation model:               none
 Number of basis functions:            244
 GFN version:                            chlorophyll
 Integral screening threshold:           1.00e-10
 Total charge:                           0.000000000
 Number of electrons:                  218.000000000
 Electronic temperature (Kelvin):        0.000000000

 D3BJ energy:                           -0.062099781
 Repulsive energy:                       1.483594435

 ****************************************************
  Running robust self-consistent charge (SCC) solver 
 ****************************************************
 Number of SCC trials:                   4
 Using the stop-early mechanism for the first 3 trials

 Conv. threshold (charge):               1.00e-05
 Conv. threshold (energy):               1.00e-06
 Initial guess:                          SAD

 -------------
  SCC Trial 1 
 -------------
 Broyden mixing factor:                  0.400000000
 Max number of iterations:             128

 ---------------------------------------------------------------
                  energy        change          grad        time
 ---------------------------------------------------------------
   0      -125.841410344                    6.49e-01        0.01
   1      -126.564475555     -7.23e-01      3.70e-01        0.01
   2      -126.551472007      1.30e-02      1.00e-01        0.01
   3      -126.554656740     -3.18e-03      2.19e-02        0.01
   4      -126.573755754     -1.91e-02      8.22e-03        0.01
   5      -126.578499350     -4.74e-03      2.03e-03        0.01
   6      -126.578731867     -2.33e-04      5.55e-04        0.01
   7      -126.578743661     -1.18e-05      1.89e-04        0.01
   8      -126.578745298     -1.64e-06      6.88e-05        0.01
   9      -126.578745436     -1.38e-07      2.65e-05        0.01
  10      -126.578745447     -1.18e-08      1.07e-05        0.01
  11      -126.578745449     -1.40e-09      3.66e-06        0.01
  12      -126.578745449     -1.37e-10      1.06e-06        0.01

 SCF converged in 11 iterations.

 Entropy contribution (-ST):             0.000000000
 Dipole moment (in Debye):               0.911366      -0.889136       2.052293

Chlorophyll parameters
 D_scl:                                  0.636
 Mg_p:                                   0.902
 Mg_s:                                   1.053
 Mgp_Np:                                 1.402
 Mgp_Ns:                                 1.067
 Mgs_Np:                                 1.023
 Mgs_Ns:                                 1.468
 N_p:                                    1.044
 N_s:                                    1.281
 a_x:                                    0.067
 k_p:                                    2.694
 k_s:                                    1.462
 y_J:                                    4.012
 y_K:                                    2.147

 ----------------
  Excitation 0 1 
 ----------------
 Setting up Delta-SCF
 Ground-Excited state overlap:           0.000000000
 No correction applied to the TDM.
 Excitation energy:                      0.063283537
 Excitation energy (in eV):              1.722032768
 Transition dipole:                      0.14301       2.61983       0.67065

 ******************
  Exciton analysis 
 ******************

 eigenvalues
 -----------
 state 0:                             -253.1945 hr
 state 1:                             -253.1312 hr
 state 2:                             -253.1277 hr

 coupling energies
 -----------------
 states 1, 2:                            1.6729 cm^-1

 distances
 ---------
 chromophore 1, 2:                      88.5205 au

 charge centers
                         X                   Y                   Z
 1            32.184606910        -2.824600316        54.783125422
 2            99.814527106        47.169641083        82.399303637
 Saving results in set 'trunc_bchla_6_bchla_11_frame_5001'

 --------------------------------------------------------------------------------

 End time:                               Thu Sep  9 11:46:42 2021
 Total wall-clock time:                  0.473 seconds
==================================================================================
