
================================================================================
          _____________ ________ _______________ ________     _________         
         / ___________// ______ \\_____   _____// ______ \   / ________)        
        / /_________  / /      \ \     | |     / /      \ \ | (_______          
       |  __________|| |        | |    | |    | |        | | \________ \        
        \ \_________ | |        | |    | |     \ \______/ /___________) |       
         \__________||_|        |_|    |_|      \________//____________/        
                                                                                
====================================[ Qcore ]===================================

 Git hash:   0385c69a4f85ff35f953e853350ecec6fa7ab330
 Git date:   Wed, 8 Sep 2021 10:09:58 +0100
 Compiler:   AppleClang 10.0.1.10010046
 Build type: Release
 Version:    2.1.1

 Start time: Thu Sep  9 11:38:47 2021

 Data directory: /Users/of15641/qcore/cmake-build-release/share/entos/2.1.1/data
 Number of threads: 2
 Number of threads was determined by: number of physical cores

 --------------------------------------------------------------------------------
                                command: excitons                                
 --------------------------------------------------------------------------------
 XTB basis setup:                        reference basis
 Implicit solvation model:               none
 Number of basis functions:            244
 GFN version:                            chlorophyll
 Integral screening threshold:           1.00e-10
 Total charge:                           0.000000000
 Number of electrons:                  218.000000000
 Electronic temperature (Kelvin):        0.000000000

 D3BJ energy:                           -0.061397820
 Repulsive energy:                       1.512451697

 ****************************************************
  Running robust self-consistent charge (SCC) solver 
 ****************************************************
 Number of SCC trials:                   4
 Using the stop-early mechanism for the first 3 trials

 Conv. threshold (charge):               1.00e-05
 Conv. threshold (energy):               1.00e-06
 Initial guess:                          SAD

 -------------
  SCC Trial 1 
 -------------
 Broyden mixing factor:                  0.400000000
 Max number of iterations:             128

 ---------------------------------------------------------------
                  energy        change          grad        time
 ---------------------------------------------------------------
   0      -125.864479027                    6.47e-01        0.01
   1      -126.554117291     -6.90e-01      3.69e-01        0.01
   2      -126.508307277      4.58e-02      1.01e-01        0.01
   3      -126.473949397      3.44e-02      3.95e-02        0.01
   4      -126.568225160     -9.43e-02      9.89e-03        0.01
   5      -126.574398553     -6.17e-03      2.27e-03        0.01
   6      -126.574465712     -6.72e-05      7.64e-04        0.01
   7      -126.574484235     -1.85e-05      3.00e-04        0.01
   8      -126.574485318     -1.08e-06      1.86e-04        0.01
   9      -126.574486258     -9.40e-07      8.56e-05        0.01
  10      -126.574486356     -9.76e-08      2.28e-05        0.01
  11      -126.574486360     -4.91e-09      4.90e-06        0.01
  12      -126.574486361     -4.17e-10      1.45e-06        0.01

 SCF converged in 11 iterations.

 Entropy contribution (-ST):             0.000000000
 Dipole moment (in Debye):              -1.617104      -0.427716      -0.845967

Chlorophyll parameters
 D_scl:                                  0.636
 Mg_p:                                   0.902
 Mg_s:                                   1.053
 Mgp_Np:                                 1.402
 Mgp_Ns:                                 1.067
 Mgs_Np:                                 1.023
 Mgs_Ns:                                 1.468
 N_p:                                    1.044
 N_s:                                    1.281
 a_x:                                    0.067
 k_p:                                    2.694
 k_s:                                    1.462
 y_J:                                    4.012
 y_K:                                    2.147

 ----------------
  Excitation 0 1 
 ----------------
 Setting up Delta-SCF
 Ground-Excited state overlap:          -0.000000000
 No correction applied to the TDM.
 Excitation energy:                      0.067702252
 Excitation energy (in eV):              1.842272138
 Transition dipole:                     -1.82090       1.74272      -0.79164
 XTB basis setup:                        reference basis
 Implicit solvation model:               none
 Number of basis functions:            244
 GFN version:                            chlorophyll
 Integral screening threshold:           1.00e-10
 Total charge:                           0.000000000
 Number of electrons:                  218.000000000
 Electronic temperature (Kelvin):        0.000000000

 D3BJ energy:                           -0.060835876
 Repulsive energy:                       1.492792517

 ****************************************************
  Running robust self-consistent charge (SCC) solver 
 ****************************************************
 Number of SCC trials:                   4
 Using the stop-early mechanism for the first 3 trials

 Conv. threshold (charge):               1.00e-05
 Conv. threshold (energy):               1.00e-06
 Initial guess:                          SAD

 -------------
  SCC Trial 1 
 -------------
 Broyden mixing factor:                  0.400000000
 Max number of iterations:             128

 ---------------------------------------------------------------
                  energy        change          grad        time
 ---------------------------------------------------------------
   0      -125.914271002                    6.45e-01        0.01
   1      -126.576640721     -6.62e-01      3.68e-01        0.01
   2      -126.548854658      2.78e-02      9.60e-02        0.01
   3      -126.526551363      2.23e-02      3.06e-02        0.01
   4      -126.586575945     -6.00e-02      9.49e-03        0.01
   5      -126.592238063     -5.66e-03      1.77e-03        0.01
   6      -126.592297679     -5.96e-05      6.13e-04        0.01
   7      -126.592310470     -1.28e-05      1.83e-04        0.01
   8      -126.592310755     -2.85e-07      1.13e-04        0.01
   9      -126.592310951     -1.96e-07      5.08e-05        0.01
  10      -126.592310966     -1.57e-08      2.13e-05        0.01
  11      -126.592310977     -1.08e-08      4.61e-06        0.01
  12      -126.592310978     -4.96e-10      1.26e-06        0.01

 SCF converged in 11 iterations.

 Entropy contribution (-ST):             0.000000000
 Dipole moment (in Debye):               1.513926      -0.372812      -0.781741

Chlorophyll parameters
 D_scl:                                  0.636
 Mg_p:                                   0.902
 Mg_s:                                   1.053
 Mgp_Np:                                 1.402
 Mgp_Ns:                                 1.067
 Mgs_Np:                                 1.023
 Mgs_Ns:                                 1.468
 N_p:                                    1.044
 N_s:                                    1.281
 a_x:                                    0.067
 k_p:                                    2.694
 k_s:                                    1.462
 y_J:                                    4.012
 y_K:                                    2.147

 ----------------
  Excitation 0 1 
 ----------------
 Setting up Delta-SCF
 Ground-Excited state overlap:           0.000000000
 No correction applied to the TDM.
 Excitation energy:                      0.068200775
 Excitation energy (in eV):              1.855837635
 Transition dipole:                      0.71454       2.62243      -0.15121

 ******************
  Exciton analysis 
 ******************

 eigenvalues
 -----------
 state 0:                             -253.1668 hr
 state 1:                             -253.0991 hr
 state 2:                             -253.0986 hr

 coupling energies
 -----------------
 states 1, 2:                            3.5673 cm^-1

 distances
 ---------
 chromophore 1, 2:                      77.4056 au

 charge centers
                         X                   Y                   Z
 1             3.683722712        -1.733722514        81.751651975
 2            79.918923553         8.775033668        90.081286265
 Saving results in set 'trunc_bchla_2_bchla_8_frame_10001'

 --------------------------------------------------------------------------------

 End time:                               Thu Sep  9 11:38:48 2021
 Total wall-clock time:                  0.580 seconds
==================================================================================
