
================================================================================
          _____________ ________ _______________ ________     _________         
         / ___________// ______ \\_____   _____// ______ \   / ________)        
        / /_________  / /      \ \     | |     / /      \ \ | (_______          
       |  __________|| |        | |    | |    | |        | | \________ \        
        \ \_________ | |        | |    | |     \ \______/ /___________) |       
         \__________||_|        |_|    |_|      \________//____________/        
                                                                                
====================================[ Qcore ]===================================

 Git hash:   0385c69a4f85ff35f953e853350ecec6fa7ab330
 Git date:   Wed, 8 Sep 2021 10:09:58 +0100
 Compiler:   AppleClang 10.0.1.10010046
 Build type: Release
 Version:    2.1.1

 Start time: Thu Sep  9 11:47:27 2021

 Data directory: /Users/of15641/qcore/cmake-build-release/share/entos/2.1.1/data
 Number of threads: 2
 Number of threads was determined by: number of physical cores

 --------------------------------------------------------------------------------
                                command: excitons                                
 --------------------------------------------------------------------------------
 XTB basis setup:                        reference basis
 Implicit solvation model:               none
 Number of basis functions:            244
 GFN version:                            chlorophyll
 Integral screening threshold:           1.00e-10
 Total charge:                           0.000000000
 Number of electrons:                  218.000000000
 Electronic temperature (Kelvin):        0.000000000

 D3BJ energy:                           -0.061296981
 Repulsive energy:                       1.509743383

 ****************************************************
  Running robust self-consistent charge (SCC) solver 
 ****************************************************
 Number of SCC trials:                   4
 Using the stop-early mechanism for the first 3 trials

 Conv. threshold (charge):               1.00e-05
 Conv. threshold (energy):               1.00e-06
 Initial guess:                          SAD

 -------------
  SCC Trial 1 
 -------------
 Broyden mixing factor:                  0.400000000
 Max number of iterations:             128

 ---------------------------------------------------------------
                  energy        change          grad        time
 ---------------------------------------------------------------
   0      -125.912543526                    6.47e-01        0.01
   1      -126.593298236     -6.81e-01      3.70e-01        0.00
   2      -126.516803424      7.65e-02      9.88e-02        0.00
   3      -126.435323419      8.15e-02      4.65e-02        0.00
   4      -126.610570922     -1.75e-01      1.13e-02        0.00
   5      -126.615835505     -5.26e-03      3.60e-03        0.00
   6      -126.615921853     -8.63e-05      1.72e-03        0.01
   7      -126.616031693     -1.10e-04      5.03e-04        0.00
   8      -126.616035804     -4.11e-06      3.39e-04        0.00
   9      -126.616036790     -9.86e-07      1.04e-04        0.00
  10      -126.616036944     -1.53e-07      2.17e-05        0.00
  11      -126.616036948     -4.73e-09      4.63e-06        0.00
  12      -126.616036949     -1.72e-10      1.52e-06        0.00

 SCF converged in 11 iterations.

 Entropy contribution (-ST):             0.000000000
 Dipole moment (in Debye):               0.644957      -2.734825       0.632782

Chlorophyll parameters
 D_scl:                                  0.636
 Mg_p:                                   0.902
 Mg_s:                                   1.053
 Mgp_Np:                                 1.402
 Mgp_Ns:                                 1.067
 Mgs_Np:                                 1.023
 Mgs_Ns:                                 1.468
 N_p:                                    1.044
 N_s:                                    1.281
 a_x:                                    0.067
 k_p:                                    2.694
 k_s:                                    1.462
 y_J:                                    4.012
 y_K:                                    2.147

 ----------------
  Excitation 0 1 
 ----------------
 Setting up Delta-SCF
 Ground-Excited state overlap:          -0.000000000
 No correction applied to the TDM.
 Excitation energy:                      0.066228665
 Excitation energy (in eV):              1.802173779
 Transition dipole:                     -1.51019       2.32585       0.25719
 XTB basis setup:                        reference basis
 Implicit solvation model:               none
 Number of basis functions:            244
 GFN version:                            chlorophyll
 Integral screening threshold:           1.00e-10
 Total charge:                           0.000000000
 Number of electrons:                  218.000000000
 Electronic temperature (Kelvin):        0.000000000

 D3BJ energy:                           -0.061930767
 Repulsive energy:                       1.478796777

 ****************************************************
  Running robust self-consistent charge (SCC) solver 
 ****************************************************
 Number of SCC trials:                   4
 Using the stop-early mechanism for the first 3 trials

 Conv. threshold (charge):               1.00e-05
 Conv. threshold (energy):               1.00e-06
 Initial guess:                          SAD

 -------------
  SCC Trial 1 
 -------------
 Broyden mixing factor:                  0.400000000
 Max number of iterations:             128

 ---------------------------------------------------------------
                  energy        change          grad        time
 ---------------------------------------------------------------
   0      -125.881870572                    6.45e-01        0.01
   1      -126.569954780     -6.88e-01      3.68e-01        0.01
   2      -126.509859167      6.01e-02      1.04e-01        0.01
   3      -126.466182891      4.37e-02      4.08e-02        0.01
   4      -126.585578135     -1.19e-01      1.13e-02        0.01
   5      -126.593495858     -7.92e-03      3.15e-03        0.01
   6      -126.593686488     -1.91e-04      9.89e-04        0.01
   7      -126.593701523     -1.50e-05      4.29e-04        0.01
   8      -126.593701232      2.91e-07      2.86e-04        0.01
   9      -126.593702672     -1.44e-06      1.11e-04        0.01
  10      -126.593703024     -3.52e-07      3.56e-05        0.01
  11      -126.593703049     -2.53e-08      6.17e-06        0.01
  12      -126.593703050     -7.81e-10      2.11e-06        0.01

 SCF converged in 11 iterations.

 Entropy contribution (-ST):             0.000000000
 Dipole moment (in Debye):               0.108608       2.891340       1.663284

Chlorophyll parameters
 D_scl:                                  0.636
 Mg_p:                                   0.902
 Mg_s:                                   1.053
 Mgp_Np:                                 1.402
 Mgp_Ns:                                 1.067
 Mgs_Np:                                 1.023
 Mgs_Ns:                                 1.468
 N_p:                                    1.044
 N_s:                                    1.281
 a_x:                                    0.067
 k_p:                                    2.694
 k_s:                                    1.462
 y_J:                                    4.012
 y_K:                                    2.147

 ----------------
  Excitation 0 1 
 ----------------
 Setting up Delta-SCF
 Ground-Excited state overlap:          -0.000000000
 No correction applied to the TDM.
 Excitation energy:                      0.066911093
 Excitation energy (in eV):              1.820743608
 Transition dipole:                      2.25229       1.20729      -0.68064

 ******************
  Exciton analysis 
 ******************

 eigenvalues
 -----------
 state 0:                             -253.2097 hr
 state 1:                             -253.1435 hr
 state 2:                             -253.1428 hr

 coupling energies
 -----------------
 states 1, 2:                           -0.7802 cm^-1

 distances
 ---------
 chromophore 1, 2:                     113.7649 au

 charge centers
                         X                   Y                   Z
 1            32.622703382        -2.778633312        54.305497251
 2            12.963558852       106.888401864        77.307727180
 Saving results in set 'trunc_bchla_6_bchla_20_frame_1'

 --------------------------------------------------------------------------------

 End time:                               Thu Sep  9 11:47:28 2021
 Total wall-clock time:                  0.432 seconds
==================================================================================
