
================================================================================
          _____________ ________ _______________ ________     _________         
         / ___________// ______ \\_____   _____// ______ \   / ________)        
        / /_________  / /      \ \     | |     / /      \ \ | (_______          
       |  __________|| |        | |    | |    | |        | | \________ \        
        \ \_________ | |        | |    | |     \ \______/ /___________) |       
         \__________||_|        |_|    |_|      \________//____________/        
                                                                                
====================================[ Qcore ]===================================

 Git hash:   0385c69a4f85ff35f953e853350ecec6fa7ab330
 Git date:   Wed, 8 Sep 2021 10:09:58 +0100
 Compiler:   AppleClang 10.0.1.10010046
 Build type: Release
 Version:    2.1.1

 Start time: Fri Sep 10 12:05:40 2021

 Data directory: /Users/of15641/qcore/cmake-build-release/share/entos/2.1.1/data
 Number of threads: 2
 Number of threads was determined by: number of physical cores

 --------------------------------------------------------------------------------
                                command: excitons                                
 --------------------------------------------------------------------------------
 XTB basis setup:                        reference basis
 Implicit solvation model:               none
 Number of basis functions:            244
 GFN version:                            chlorophyll
 Integral screening threshold:           1.00e-10
 Total charge:                           0.000000000
 Number of electrons:                  218.000000000
 Electronic temperature (Kelvin):        0.000000000

 D3BJ energy:                           -0.061748265
 Repulsive energy:                       1.522252526

 ****************************************************
  Running robust self-consistent charge (SCC) solver 
 ****************************************************
 Number of SCC trials:                   4
 Using the stop-early mechanism for the first 3 trials

 Conv. threshold (charge):               1.00e-05
 Conv. threshold (energy):               1.00e-06
 Initial guess:                          SAD

 -------------
  SCC Trial 1 
 -------------
 Broyden mixing factor:                  0.400000000
 Max number of iterations:             128

 ---------------------------------------------------------------
                  energy        change          grad        time
 ---------------------------------------------------------------
   0      -125.949562174                    6.47e-01        0.01
   1      -126.617285838     -6.68e-01      3.69e-01        0.00
   2      -126.597035580      2.03e-02      9.64e-02        0.01
   3      -126.604147504     -7.11e-03      2.32e-02        0.00
   4      -126.631376632     -2.72e-02      4.06e-03        0.00
   5      -126.632216729     -8.40e-04      1.28e-03        0.01
   6      -126.632251080     -3.44e-05      7.75e-04        0.01
   7      -126.632291514     -4.04e-05      2.20e-04        0.00
   8      -126.632294437     -2.92e-06      5.81e-05        0.01
   9      -126.632294492     -5.51e-08      2.67e-05        0.00
  10      -126.632294497     -5.10e-09      9.08e-06        0.00
  11      -126.632294497     -5.02e-10      2.29e-06        0.00

 SCF converged in 10 iterations.

 Entropy contribution (-ST):             0.000000000
 Dipole moment (in Debye):              -3.669258      -0.592289       0.798112

Chlorophyll parameters
 D_scl:                                  0.636
 Mg_p:                                   0.902
 Mg_s:                                   1.053
 Mgp_Np:                                 1.402
 Mgp_Ns:                                 1.067
 Mgs_Np:                                 1.023
 Mgs_Ns:                                 1.468
 N_p:                                    1.044
 N_s:                                    1.281
 a_x:                                    0.067
 k_p:                                    2.694
 k_s:                                    1.462
 y_J:                                    4.012
 y_K:                                    2.147

 ----------------
  Excitation 0 1 
 ----------------
 Setting up Delta-SCF
 Ground-Excited state overlap:           0.000000000
 No correction applied to the TDM.
 Excitation energy:                      0.066568446
 Excitation energy (in eV):              1.811419696
 Transition dipole:                     -2.30180      -1.34852       0.54843
 XTB basis setup:                        reference basis
 Implicit solvation model:               none
 Number of basis functions:            244
 GFN version:                            chlorophyll
 Integral screening threshold:           1.00e-10
 Total charge:                           0.000000000
 Number of electrons:                  218.000000000
 Electronic temperature (Kelvin):        0.000000000

 D3BJ energy:                           -0.061624064
 Repulsive energy:                       1.481677206

 ****************************************************
  Running robust self-consistent charge (SCC) solver 
 ****************************************************
 Number of SCC trials:                   4
 Using the stop-early mechanism for the first 3 trials

 Conv. threshold (charge):               1.00e-05
 Conv. threshold (energy):               1.00e-06
 Initial guess:                          SAD

 -------------
  SCC Trial 1 
 -------------
 Broyden mixing factor:                  0.400000000
 Max number of iterations:             128

 ---------------------------------------------------------------
                  energy        change          grad        time
 ---------------------------------------------------------------
   0      -125.885133200                    6.46e-01        0.01
   1      -126.582985535     -6.98e-01      3.68e-01        0.01
   2      -126.566595924      1.64e-02      9.86e-02        0.01
   3      -126.560134184      6.46e-03      2.37e-02        0.02
   4      -126.590224550     -3.01e-02      9.00e-03        0.01
   5      -126.596113817     -5.89e-03      2.04e-03        0.01
   6      -126.596292073     -1.78e-04      6.45e-04        0.01
   7      -126.596305371     -1.33e-05      2.37e-04        0.01
   8      -126.596308029     -2.66e-06      8.73e-05        0.01
   9      -126.596308151     -1.22e-07      3.72e-05        0.01
  10      -126.596308154     -3.38e-09      1.64e-05        0.01
  11      -126.596308156     -1.90e-09      3.63e-06        0.00
  12      -126.596308156     -2.56e-10      1.16e-06        0.00

 SCF converged in 11 iterations.

 Entropy contribution (-ST):             0.000000000
 Dipole moment (in Debye):               2.100028       0.248777       0.558626

Chlorophyll parameters
 D_scl:                                  0.636
 Mg_p:                                   0.902
 Mg_s:                                   1.053
 Mgp_Np:                                 1.402
 Mgp_Ns:                                 1.067
 Mgs_Np:                                 1.023
 Mgs_Ns:                                 1.468
 N_p:                                    1.044
 N_s:                                    1.281
 a_x:                                    0.067
 k_p:                                    2.694
 k_s:                                    1.462
 y_J:                                    4.012
 y_K:                                    2.147

 ----------------
  Excitation 0 1 
 ----------------
 Setting up Delta-SCF
 Ground-Excited state overlap:           0.000000000
 No correction applied to the TDM.
 Excitation energy:                      0.066493534
 Excitation energy (in eV):              1.809381241
 Transition dipole:                     -0.64550       2.62861       0.37603

 ******************
  Exciton analysis 
 ******************

 eigenvalues
 -----------
 state 0:                             -253.2286 hr
 state 1:                             -253.1621 hr
 state 2:                             -253.1620 hr

 coupling energies
 -----------------
 states 1, 2:                            4.7522 cm^-1

 distances
 ---------
 chromophore 1, 2:                      75.2103 au

 charge centers
                         X                   Y                   Z
 1            77.234057526        18.034330702        57.789576240
 2            93.997699539        87.735375726        80.534586896
 Saving results in set 'trunc_bchla_10_bchla_14_frame_38401'

 --------------------------------------------------------------------------------

 End time:                               Fri Sep 10 12:05:41 2021
 Total wall-clock time:                  0.464 seconds
==================================================================================
