
================================================================================
          _____________ ________ _______________ ________     _________         
         / ___________// ______ \\_____   _____// ______ \   / ________)        
        / /_________  / /      \ \     | |     / /      \ \ | (_______          
       |  __________|| |        | |    | |    | |        | | \________ \        
        \ \_________ | |        | |    | |     \ \______/ /___________) |       
         \__________||_|        |_|    |_|      \________//____________/        
                                                                                
====================================[ Qcore ]===================================

 Git hash:   0385c69a4f85ff35f953e853350ecec6fa7ab330
 Git date:   Wed, 8 Sep 2021 10:09:58 +0100
 Compiler:   AppleClang 10.0.1.10010046
 Build type: Release
 Version:    2.1.1

 Start time: Thu Sep  9 11:50:01 2021

 Data directory: /Users/of15641/qcore/cmake-build-release/share/entos/2.1.1/data
 Number of threads: 2
 Number of threads was determined by: number of physical cores

 --------------------------------------------------------------------------------
                                command: excitons                                
 --------------------------------------------------------------------------------
 XTB basis setup:                        reference basis
 Implicit solvation model:               none
 Number of basis functions:            244
 GFN version:                            chlorophyll
 Integral screening threshold:           1.00e-10
 Total charge:                           0.000000000
 Number of electrons:                  218.000000000
 Electronic temperature (Kelvin):        0.000000000

 D3BJ energy:                           -0.061253167
 Repulsive energy:                       1.508694645

 ****************************************************
  Running robust self-consistent charge (SCC) solver 
 ****************************************************
 Number of SCC trials:                   4
 Using the stop-early mechanism for the first 3 trials

 Conv. threshold (charge):               1.00e-05
 Conv. threshold (energy):               1.00e-06
 Initial guess:                          SAD

 -------------
  SCC Trial 1 
 -------------
 Broyden mixing factor:                  0.400000000
 Max number of iterations:             128

 ---------------------------------------------------------------
                  energy        change          grad        time
 ---------------------------------------------------------------
   0      -125.865215524                    6.47e-01        0.01
   1      -126.548480227     -6.83e-01      3.69e-01        0.00
   2      -126.533367994      1.51e-02      9.68e-02        0.00
   3      -126.541025210     -7.66e-03      2.00e-02        0.00
   4      -126.561498083     -2.05e-02      4.22e-03        0.00
   5      -126.562520224     -1.02e-03      1.23e-03        0.00
   6      -126.562574415     -5.42e-05      3.50e-04        0.01
   7      -126.562576595     -2.18e-06      1.73e-04        0.01
   8      -126.562578191     -1.60e-06      7.95e-05        0.01
   9      -126.562578505     -3.14e-07      2.64e-05        0.00
  10      -126.562578516     -1.15e-08      9.60e-06        0.00
  11      -126.562578516     -2.70e-10      3.40e-06        0.01

 SCF converged in 10 iterations.

 Entropy contribution (-ST):             0.000000000
 Dipole moment (in Debye):              -2.507965       1.666830       0.548269

Chlorophyll parameters
 D_scl:                                  0.636
 Mg_p:                                   0.902
 Mg_s:                                   1.053
 Mgp_Np:                                 1.402
 Mgp_Ns:                                 1.067
 Mgs_Np:                                 1.023
 Mgs_Ns:                                 1.468
 N_p:                                    1.044
 N_s:                                    1.281
 a_x:                                    0.067
 k_p:                                    2.694
 k_s:                                    1.462
 y_J:                                    4.012
 y_K:                                    2.147

 ----------------
  Excitation 0 1 
 ----------------
 Setting up Delta-SCF
 Ground-Excited state overlap:           0.000000000
 No correction applied to the TDM.
 Excitation energy:                      0.064707334
 Excitation energy (in eV):              1.760776252
 Transition dipole:                      2.67477      -0.41955      -0.27666
 XTB basis setup:                        reference basis
 Implicit solvation model:               none
 Number of basis functions:            244
 GFN version:                            chlorophyll
 Integral screening threshold:           1.00e-10
 Total charge:                           0.000000000
 Number of electrons:                  218.000000000
 Electronic temperature (Kelvin):        0.000000000

 D3BJ energy:                           -0.062817557
 Repulsive energy:                       1.473602416

 ****************************************************
  Running robust self-consistent charge (SCC) solver 
 ****************************************************
 Number of SCC trials:                   4
 Using the stop-early mechanism for the first 3 trials

 Conv. threshold (charge):               1.00e-05
 Conv. threshold (energy):               1.00e-06
 Initial guess:                          SAD

 -------------
  SCC Trial 1 
 -------------
 Broyden mixing factor:                  0.400000000
 Max number of iterations:             128

 ---------------------------------------------------------------
                  energy        change          grad        time
 ---------------------------------------------------------------
   0      -125.836329157                    6.46e-01        0.01
   1      -126.539538128     -7.03e-01      3.69e-01        0.01
   2      -126.505247855      3.43e-02      1.01e-01        0.01
   3      -126.491135244      1.41e-02      3.04e-02        0.01
   4      -126.550660509     -5.95e-02      9.33e-03        0.01
   5      -126.556465696     -5.81e-03      2.00e-03        0.01
   6      -126.556586815     -1.21e-04      8.25e-04        0.01
   7      -126.556612923     -2.61e-05      2.77e-04        0.01
   8      -126.556616141     -3.22e-06      1.19e-04        0.01
   9      -126.556616381     -2.40e-07      5.28e-05        0.01
  10      -126.556616392     -1.11e-08      2.25e-05        0.01
  11      -126.556616399     -6.83e-09      4.92e-06        0.01
  12      -126.556616399     -4.32e-10      1.32e-06        0.01

 SCF converged in 11 iterations.

 Entropy contribution (-ST):             0.000000000
 Dipole moment (in Debye):              -5.315928       0.537500       0.115616

Chlorophyll parameters
 D_scl:                                  0.636
 Mg_p:                                   0.902
 Mg_s:                                   1.053
 Mgp_Np:                                 1.402
 Mgp_Ns:                                 1.067
 Mgs_Np:                                 1.023
 Mgs_Ns:                                 1.468
 N_p:                                    1.044
 N_s:                                    1.281
 a_x:                                    0.067
 k_p:                                    2.694
 k_s:                                    1.462
 y_J:                                    4.012
 y_K:                                    2.147

 ----------------
  Excitation 0 1 
 ----------------
 Setting up Delta-SCF
 Ground-Excited state overlap:          -0.000000000
 No correction applied to the TDM.
 Excitation energy:                      0.067346255
 Excitation energy (in eV):              1.832584952
 Transition dipole:                      1.66404      -2.05909       0.53720

 ******************
  Exciton analysis 
 ******************

 eigenvalues
 -----------
 state 0:                             -253.1192 hr
 state 1:                             -253.0545 hr
 state 2:                             -253.0519 hr

 coupling energies
 -----------------
 states 1, 2:                           -4.9649 cm^-1

 distances
 ---------
 chromophore 1, 2:                      78.5076 au

 charge centers
                         X                   Y                   Z
 1            49.966761584         1.473553775        56.349138797
 2           -18.399432787        33.771097261        77.476837618
 Saving results in set 'trunc_bchla_7_bchla_26_frame_45001'

 --------------------------------------------------------------------------------

 End time:                               Thu Sep  9 11:50:01 2021
 Total wall-clock time:                  0.434 seconds
==================================================================================
