
================================================================================
          _____________ ________ _______________ ________     _________         
         / ___________// ______ \\_____   _____// ______ \   / ________)        
        / /_________  / /      \ \     | |     / /      \ \ | (_______          
       |  __________|| |        | |    | |    | |        | | \________ \        
        \ \_________ | |        | |    | |     \ \______/ /___________) |       
         \__________||_|        |_|    |_|      \________//____________/        
                                                                                
====================================[ Qcore ]===================================

 Git hash:   0385c69a4f85ff35f953e853350ecec6fa7ab330
 Git date:   Wed, 8 Sep 2021 10:09:58 +0100
 Compiler:   AppleClang 10.0.1.10010046
 Build type: Release
 Version:    2.1.1

 Start time: Fri Sep 10 12:06:03 2021

 Data directory: /Users/of15641/qcore/cmake-build-release/share/entos/2.1.1/data
 Number of threads: 2
 Number of threads was determined by: number of physical cores

 --------------------------------------------------------------------------------
                                command: excitons                                
 --------------------------------------------------------------------------------
 XTB basis setup:                        reference basis
 Implicit solvation model:               none
 Number of basis functions:            244
 GFN version:                            chlorophyll
 Integral screening threshold:           1.00e-10
 Total charge:                           0.000000000
 Number of electrons:                  218.000000000
 Electronic temperature (Kelvin):        0.000000000

 D3BJ energy:                           -0.061057186
 Repulsive energy:                       1.521054433

 ****************************************************
  Running robust self-consistent charge (SCC) solver 
 ****************************************************
 Number of SCC trials:                   4
 Using the stop-early mechanism for the first 3 trials

 Conv. threshold (charge):               1.00e-05
 Conv. threshold (energy):               1.00e-06
 Initial guess:                          SAD

 -------------
  SCC Trial 1 
 -------------
 Broyden mixing factor:                  0.400000000
 Max number of iterations:             128

 ---------------------------------------------------------------
                  energy        change          grad        time
 ---------------------------------------------------------------
   0      -125.915313106                    6.46e-01        0.01
   1      -126.595594827     -6.80e-01      3.69e-01        0.01
   2      -126.584328332      1.13e-02      9.70e-02        0.03
   3      -126.583729850      5.98e-04      2.02e-02        0.01
   4      -126.603885476     -2.02e-02      9.02e-03        0.01
   5      -126.609605309     -5.72e-03      1.77e-03        0.02
   6      -126.609736383     -1.31e-04      4.46e-04        0.01
   7      -126.609740160     -3.78e-06      1.53e-04        0.01
   8      -126.609741039     -8.79e-07      8.07e-05        0.01
   9      -126.609741222     -1.83e-07      3.04e-05        0.02
  10      -126.609741225     -2.88e-09      1.36e-05        0.01
  11      -126.609741227     -2.06e-09      3.41e-06        0.01
  12      -126.609741227     -1.08e-10      1.05e-06        0.01

 SCF converged in 11 iterations.

 Entropy contribution (-ST):             0.000000000
 Dipole moment (in Debye):              -3.525564      -0.344422       0.384959

Chlorophyll parameters
 D_scl:                                  0.636
 Mg_p:                                   0.902
 Mg_s:                                   1.053
 Mgp_Np:                                 1.402
 Mgp_Ns:                                 1.067
 Mgs_Np:                                 1.023
 Mgs_Ns:                                 1.468
 N_p:                                    1.044
 N_s:                                    1.281
 a_x:                                    0.067
 k_p:                                    2.694
 k_s:                                    1.462
 y_J:                                    4.012
 y_K:                                    2.147

 ----------------
  Excitation 0 1 
 ----------------
 Setting up Delta-SCF
 Ground-Excited state overlap:          -0.000000000
 No correction applied to the TDM.
 Excitation energy:                      0.067469592
 Excitation energy (in eV):              1.835941122
 Transition dipole:                      2.40201       1.18807      -0.29494
 XTB basis setup:                        reference basis
 Implicit solvation model:               none
 Number of basis functions:            244
 GFN version:                            chlorophyll
 Integral screening threshold:           1.00e-10
 Total charge:                           0.000000000
 Number of electrons:                  218.000000000
 Electronic temperature (Kelvin):        0.000000000

 D3BJ energy:                           -0.062385730
 Repulsive energy:                       1.486969183

 ****************************************************
  Running robust self-consistent charge (SCC) solver 
 ****************************************************
 Number of SCC trials:                   4
 Using the stop-early mechanism for the first 3 trials

 Conv. threshold (charge):               1.00e-05
 Conv. threshold (energy):               1.00e-06
 Initial guess:                          SAD

 -------------
  SCC Trial 1 
 -------------
 Broyden mixing factor:                  0.400000000
 Max number of iterations:             128

 ---------------------------------------------------------------
                  energy        change          grad        time
 ---------------------------------------------------------------
   0      -125.862861562                    6.45e-01        0.03
   1      -126.537037028     -6.74e-01      3.68e-01        0.01
   2      -126.470297678      6.67e-02      9.97e-02        0.01
   3      -126.395355402      7.49e-02      4.69e-02        0.01
   4      -126.551320760     -1.56e-01      1.10e-02        0.01
   5      -126.556191724     -4.87e-03      3.10e-03        0.01
   6      -126.556202103     -1.04e-05      1.43e-03        0.01
   7      -126.556292189     -9.01e-05      4.34e-04        0.01
   8      -126.556292975     -7.87e-07      2.56e-04        0.01
   9      -126.556293896     -9.21e-07      1.06e-04        0.01
  10      -126.556294011     -1.15e-07      3.61e-05        0.01
  11      -126.556294030     -1.86e-08      6.13e-06        0.01
  12      -126.556294031     -8.74e-10      2.09e-06        0.01

 SCF converged in 11 iterations.

 Entropy contribution (-ST):             0.000000000
 Dipole moment (in Debye):               2.981356       1.978864       1.418703

Chlorophyll parameters
 D_scl:                                  0.636
 Mg_p:                                   0.902
 Mg_s:                                   1.053
 Mgp_Np:                                 1.402
 Mgp_Ns:                                 1.067
 Mgs_Np:                                 1.023
 Mgs_Ns:                                 1.468
 N_p:                                    1.044
 N_s:                                    1.281
 a_x:                                    0.067
 k_p:                                    2.694
 k_s:                                    1.462
 y_J:                                    4.012
 y_K:                                    2.147

 ----------------
  Excitation 0 1 
 ----------------
 Setting up Delta-SCF
 Ground-Excited state overlap:          -0.000000000
 No correction applied to the TDM.
 Excitation energy:                      0.063098935
 Excitation energy (in eV):              1.717009501
 Transition dipole:                     -1.55616       2.36460       0.05285

 ******************
  Exciton analysis 
 ******************

 eigenvalues
 -----------
 state 0:                             -253.1660 hr
 state 1:                             -253.1029 hr
 state 2:                             -253.0986 hr

 coupling energies
 -----------------
 states 1, 2:                           -5.5012 cm^-1

 distances
 ---------
 chromophore 1, 2:                      71.1159 au

 charge centers
                         X                   Y                   Z
 1            78.809201514        18.698659600        58.997063523
 2            91.826363282        85.652743288        79.126209195
 Saving results in set 'trunc_bchla_10_bchla_14_frame_41701'

 --------------------------------------------------------------------------------

 End time:                               Fri Sep 10 12:06:03 2021
 Total wall-clock time:                  0.738 seconds
==================================================================================
