
================================================================================
          _____________ ________ _______________ ________     _________         
         / ___________// ______ \\_____   _____// ______ \   / ________)        
        / /_________  / /      \ \     | |     / /      \ \ | (_______          
       |  __________|| |        | |    | |    | |        | | \________ \        
        \ \_________ | |        | |    | |     \ \______/ /___________) |       
         \__________||_|        |_|    |_|      \________//____________/        
                                                                                
====================================[ Qcore ]===================================

 Git hash:   0385c69a4f85ff35f953e853350ecec6fa7ab330
 Git date:   Wed, 8 Sep 2021 10:09:58 +0100
 Compiler:   AppleClang 10.0.1.10010046
 Build type: Release
 Version:    2.1.1

 Start time: Fri Sep 10 12:03:29 2021

 Data directory: /Users/of15641/qcore/cmake-build-release/share/entos/2.1.1/data
 Number of threads: 2
 Number of threads was determined by: number of physical cores

 --------------------------------------------------------------------------------
                                command: excitons                                
 --------------------------------------------------------------------------------
 XTB basis setup:                        reference basis
 Implicit solvation model:               none
 Number of basis functions:            244
 GFN version:                            chlorophyll
 Integral screening threshold:           1.00e-10
 Total charge:                           0.000000000
 Number of electrons:                  218.000000000
 Electronic temperature (Kelvin):        0.000000000

 D3BJ energy:                           -0.062588533
 Repulsive energy:                       1.521067691

 ****************************************************
  Running robust self-consistent charge (SCC) solver 
 ****************************************************
 Number of SCC trials:                   4
 Using the stop-early mechanism for the first 3 trials

 Conv. threshold (charge):               1.00e-05
 Conv. threshold (energy):               1.00e-06
 Initial guess:                          SAD

 -------------
  SCC Trial 1 
 -------------
 Broyden mixing factor:                  0.400000000
 Max number of iterations:             128

 ---------------------------------------------------------------
                  energy        change          grad        time
 ---------------------------------------------------------------
   0      -125.863032007                    6.48e-01        0.01
   1      -126.586373749     -7.23e-01      3.70e-01        0.01
   2      -126.555090682      3.13e-02      1.02e-01        0.00
   3      -126.554650236      4.40e-04      2.77e-02        0.00
   4      -126.600363322     -4.57e-02      7.84e-03        0.00
   5      -126.604438234     -4.07e-03      2.53e-03        0.00
   6      -126.604789230     -3.51e-04      9.17e-04        0.00
   7      -126.604829936     -4.07e-05      2.31e-04        0.01
   8      -126.604831529     -1.59e-06      8.18e-05        0.01
   9      -126.604831558     -2.95e-08      3.96e-05        0.01
  10      -126.604831570     -1.19e-08      1.50e-05        0.01
  11      -126.604831572     -1.64e-09      3.75e-06        0.00
  12      -126.604831572     -1.94e-10      1.11e-06        0.01

 SCF converged in 11 iterations.

 Entropy contribution (-ST):             0.000000000
 Dipole moment (in Debye):              -3.702427       0.087826       1.222482

Chlorophyll parameters
 D_scl:                                  0.636
 Mg_p:                                   0.902
 Mg_s:                                   1.053
 Mgp_Np:                                 1.402
 Mgp_Ns:                                 1.067
 Mgs_Np:                                 1.023
 Mgs_Ns:                                 1.468
 N_p:                                    1.044
 N_s:                                    1.281
 a_x:                                    0.067
 k_p:                                    2.694
 k_s:                                    1.462
 y_J:                                    4.012
 y_K:                                    2.147

 ----------------
  Excitation 0 1 
 ----------------
 Setting up Delta-SCF
 Ground-Excited state overlap:           0.000000000
 No correction applied to the TDM.
 Excitation energy:                      0.066709964
 Excitation energy (in eV):              1.815270587
 Transition dipole:                      2.24773       1.51512       0.48258
 XTB basis setup:                        reference basis
 Implicit solvation model:               none
 Number of basis functions:            244
 GFN version:                            chlorophyll
 Integral screening threshold:           1.00e-10
 Total charge:                           0.000000000
 Number of electrons:                  218.000000000
 Electronic temperature (Kelvin):        0.000000000

 D3BJ energy:                           -0.061844630
 Repulsive energy:                       1.455488198

 ****************************************************
  Running robust self-consistent charge (SCC) solver 
 ****************************************************
 Number of SCC trials:                   4
 Using the stop-early mechanism for the first 3 trials

 Conv. threshold (charge):               1.00e-05
 Conv. threshold (energy):               1.00e-06
 Initial guess:                          SAD

 -------------
  SCC Trial 1 
 -------------
 Broyden mixing factor:                  0.400000000
 Max number of iterations:             128

 ---------------------------------------------------------------
                  energy        change          grad        time
 ---------------------------------------------------------------
   0      -125.845066149                    6.46e-01        0.01
   1      -126.549401978     -7.04e-01      3.68e-01        0.01
   2      -126.523542815      2.59e-02      1.02e-01        0.01
   3      -126.536771046     -1.32e-02      2.65e-02        0.01
   4      -126.565731518     -2.90e-02      4.57e-03        0.01
   5      -126.566735867     -1.00e-03      1.93e-03        0.01
   6      -126.566927644     -1.92e-04      7.95e-04        0.01
   7      -126.566961228     -3.36e-05      3.69e-04        0.01
   8      -126.566969942     -8.71e-06      7.19e-05        0.01
   9      -126.566969996     -5.43e-08      3.29e-05        0.01
  10      -126.566970009     -1.26e-08      1.49e-05        0.01
  11      -126.566970012     -3.10e-09      4.34e-06        0.01
  12      -126.566970012     -1.71e-10      1.10e-06        0.01

 SCF converged in 11 iterations.

 Entropy contribution (-ST):             0.000000000
 Dipole moment (in Debye):               2.161066       2.205158       3.101014

Chlorophyll parameters
 D_scl:                                  0.636
 Mg_p:                                   0.902
 Mg_s:                                   1.053
 Mgp_Np:                                 1.402
 Mgp_Ns:                                 1.067
 Mgs_Np:                                 1.023
 Mgs_Ns:                                 1.468
 N_p:                                    1.044
 N_s:                                    1.281
 a_x:                                    0.067
 k_p:                                    2.694
 k_s:                                    1.462
 y_J:                                    4.012
 y_K:                                    2.147

 ----------------
  Excitation 0 1 
 ----------------
 Setting up Delta-SCF
 Ground-Excited state overlap:          -0.000000000
 No correction applied to the TDM.
 Excitation energy:                      0.064434713
 Excitation energy (in eV):              1.753357875
 Transition dipole:                     -1.54801       2.27176      -0.08155

 ******************
  Exciton analysis 
 ******************

 eigenvalues
 -----------
 state 0:                             -253.1718 hr
 state 1:                             -253.1074 hr
 state 2:                             -253.1051 hr

 coupling energies
 -----------------
 states 1, 2:                           -5.7141 cm^-1

 distances
 ---------
 chromophore 1, 2:                      72.1043 au

 charge centers
                         X                   Y                   Z
 1            77.728602955        17.439751794        56.582793565
 2            90.077343582        84.367366277        80.399571443
 Saving results in set 'trunc_bchla_10_bchla_14_frame_17801'

 --------------------------------------------------------------------------------

 End time:                               Fri Sep 10 12:03:30 2021
 Total wall-clock time:                  0.459 seconds
==================================================================================
