
================================================================================
          _____________ ________ _______________ ________     _________         
         / ___________// ______ \\_____   _____// ______ \   / ________)        
        / /_________  / /      \ \     | |     / /      \ \ | (_______          
       |  __________|| |        | |    | |    | |        | | \________ \        
        \ \_________ | |        | |    | |     \ \______/ /___________) |       
         \__________||_|        |_|    |_|      \________//____________/        
                                                                                
====================================[ Qcore ]===================================

 Git hash:   0385c69a4f85ff35f953e853350ecec6fa7ab330
 Git date:   Wed, 8 Sep 2021 10:09:58 +0100
 Compiler:   AppleClang 10.0.1.10010046
 Build type: Release
 Version:    2.1.1

 Start time: Fri Sep 10 11:56:40 2021

 Data directory: /Users/of15641/qcore/cmake-build-release/share/entos/2.1.1/data
 Number of threads: 2
 Number of threads was determined by: number of physical cores

 --------------------------------------------------------------------------------
                                command: excitons                                
 --------------------------------------------------------------------------------
 XTB basis setup:                        reference basis
 Implicit solvation model:               none
 Number of basis functions:            244
 GFN version:                            chlorophyll
 Integral screening threshold:           1.00e-10
 Total charge:                           0.000000000
 Number of electrons:                  218.000000000
 Electronic temperature (Kelvin):        0.000000000

 D3BJ energy:                           -0.061459166
 Repulsive energy:                       1.521985875

 ****************************************************
  Running robust self-consistent charge (SCC) solver 
 ****************************************************
 Number of SCC trials:                   4
 Using the stop-early mechanism for the first 3 trials

 Conv. threshold (charge):               1.00e-05
 Conv. threshold (energy):               1.00e-06
 Initial guess:                          SAD

 -------------
  SCC Trial 1 
 -------------
 Broyden mixing factor:                  0.400000000
 Max number of iterations:             128

 ---------------------------------------------------------------
                  energy        change          grad        time
 ---------------------------------------------------------------
   0      -125.878492862                    6.48e-01        0.01
   1      -126.573987029     -6.95e-01      3.70e-01        0.00
   2      -126.561733662      1.23e-02      9.77e-02        0.00
   3      -126.571357155     -9.62e-03      1.89e-02        0.00
   4      -126.587151071     -1.58e-02      4.03e-03        0.00
   5      -126.588089756     -9.39e-04      1.24e-03        0.00
   6      -126.588154783     -6.50e-05      3.37e-04        0.00
   7      -126.588156273     -1.49e-06      1.71e-04        0.00
   8      -126.588157975     -1.70e-06      7.84e-05        0.00
   9      -126.588158316     -3.41e-07      2.25e-05        0.00
  10      -126.588158321     -4.97e-09      8.73e-06        0.00
  11      -126.588158322     -3.32e-10      3.30e-06        0.00

 SCF converged in 10 iterations.

 Entropy contribution (-ST):             0.000000000
 Dipole moment (in Debye):              -3.557583       1.161018      -0.541264

Chlorophyll parameters
 D_scl:                                  0.636
 Mg_p:                                   0.902
 Mg_s:                                   1.053
 Mgp_Np:                                 1.402
 Mgp_Ns:                                 1.067
 Mgs_Np:                                 1.023
 Mgs_Ns:                                 1.468
 N_p:                                    1.044
 N_s:                                    1.281
 a_x:                                    0.067
 k_p:                                    2.694
 k_s:                                    1.462
 y_J:                                    4.012
 y_K:                                    2.147

 ----------------
  Excitation 0 1 
 ----------------
 Setting up Delta-SCF
 Ground-Excited state overlap:           0.000000000
 No correction applied to the TDM.
 Excitation energy:                      0.065607663
 Excitation energy (in eV):              1.785275458
 Transition dipole:                      2.41620       1.22782      -0.48382
 XTB basis setup:                        reference basis
 Implicit solvation model:               none
 Number of basis functions:            244
 GFN version:                            chlorophyll
 Integral screening threshold:           1.00e-10
 Total charge:                           0.000000000
 Number of electrons:                  218.000000000
 Electronic temperature (Kelvin):        0.000000000

 D3BJ energy:                           -0.061757374
 Repulsive energy:                       1.499259045

 ****************************************************
  Running robust self-consistent charge (SCC) solver 
 ****************************************************
 Number of SCC trials:                   4
 Using the stop-early mechanism for the first 3 trials

 Conv. threshold (charge):               1.00e-05
 Conv. threshold (energy):               1.00e-06
 Initial guess:                          SAD

 -------------
  SCC Trial 1 
 -------------
 Broyden mixing factor:                  0.400000000
 Max number of iterations:             128

 ---------------------------------------------------------------
                  energy        change          grad        time
 ---------------------------------------------------------------
   0      -125.889648233                    6.47e-01        0.01
   1      -126.568010655     -6.78e-01      3.69e-01        0.01
   2      -126.553818831      1.42e-02      9.66e-02        0.01
   3      -126.557845917     -4.03e-03      1.98e-02        0.02
   4      -126.579177633     -2.13e-02      6.77e-03        0.01
   5      -126.582444348     -3.27e-03      1.94e-03        0.01
   6      -126.582642079     -1.98e-04      7.81e-04        0.01
   7      -126.582672677     -3.06e-05      2.23e-04        0.01
   8      -126.582674714     -2.04e-06      6.97e-05        0.01
   9      -126.582674768     -5.42e-08      2.94e-05        0.01
  10      -126.582674773     -4.94e-09      1.05e-05        0.01
  11      -126.582674774     -4.80e-10      3.66e-06        0.01
  12      -126.582674774     -1.00e-10      9.39e-07        0.01

 SCF converged in 11 iterations.

 Entropy contribution (-ST):             0.000000000
 Dipole moment (in Debye):               1.929100      -1.638528       1.644681

Chlorophyll parameters
 D_scl:                                  0.636
 Mg_p:                                   0.902
 Mg_s:                                   1.053
 Mgp_Np:                                 1.402
 Mgp_Ns:                                 1.067
 Mgs_Np:                                 1.023
 Mgs_Ns:                                 1.468
 N_p:                                    1.044
 N_s:                                    1.281
 a_x:                                    0.067
 k_p:                                    2.694
 k_s:                                    1.462
 y_J:                                    4.012
 y_K:                                    2.147

 ----------------
  Excitation 0 1 
 ----------------
 Setting up Delta-SCF
 Ground-Excited state overlap:          -0.000000000
 No correction applied to the TDM.
 Excitation energy:                      0.067918357
 Excitation energy (in eV):              1.848152647
 Transition dipole:                      2.55378       0.94999      -0.21705

 ******************
  Exciton analysis 
 ******************

 eigenvalues
 -----------
 state 0:                             -253.1731 hr
 state 1:                             -253.1085 hr
 state 2:                             -253.1047 hr

 coupling energies
 -----------------
 states 1, 2:                         -317.7162 cm^-1

 distances
 ---------
 chromophore 1, 2:                      16.7310 au

 charge centers
                         X                   Y                   Z
 1            77.312640050        19.165124542        57.513875846
 2            87.209066020        32.503515926        55.495016524
 Saving results in set 'trunc_bchla_10_bchla_12_frame_38001'

 --------------------------------------------------------------------------------

 End time:                               Fri Sep 10 11:56:41 2021
 Total wall-clock time:                  0.448 seconds
==================================================================================
