
================================================================================
          _____________ ________ _______________ ________     _________         
         / ___________// ______ \\_____   _____// ______ \   / ________)        
        / /_________  / /      \ \     | |     / /      \ \ | (_______          
       |  __________|| |        | |    | |    | |        | | \________ \        
        \ \_________ | |        | |    | |     \ \______/ /___________) |       
         \__________||_|        |_|    |_|      \________//____________/        
                                                                                
====================================[ Qcore ]===================================

 Git hash:   0385c69a4f85ff35f953e853350ecec6fa7ab330
 Git date:   Wed, 8 Sep 2021 10:09:58 +0100
 Compiler:   AppleClang 10.0.1.10010046
 Build type: Release
 Version:    2.1.1

 Start time: Thu Sep  9 11:21:16 2021

 Data directory: /Users/of15641/qcore/cmake-build-release/share/entos/2.1.1/data
 Number of threads: 2
 Number of threads was determined by: number of physical cores

 --------------------------------------------------------------------------------
                                command: excitons                                
 --------------------------------------------------------------------------------
 XTB basis setup:                        reference basis
 Implicit solvation model:               none
 Number of basis functions:            244
 GFN version:                            chlorophyll
 Integral screening threshold:           1.00e-10
 Total charge:                           0.000000000
 Number of electrons:                  218.000000000
 Electronic temperature (Kelvin):        0.000000000

 D3BJ energy:                           -0.062612321
 Repulsive energy:                       1.469515672

 ****************************************************
  Running robust self-consistent charge (SCC) solver 
 ****************************************************
 Number of SCC trials:                   4
 Using the stop-early mechanism for the first 3 trials

 Conv. threshold (charge):               1.00e-05
 Conv. threshold (energy):               1.00e-06
 Initial guess:                          SAD

 -------------
  SCC Trial 1 
 -------------
 Broyden mixing factor:                  0.400000000
 Max number of iterations:             128

 ---------------------------------------------------------------
                  energy        change          grad        time
 ---------------------------------------------------------------
   0      -125.811784063                    6.46e-01        0.01
   1      -126.516851212     -7.05e-01      3.68e-01        0.01
   2      -126.489648399      2.72e-02      1.00e-01        0.00
   3      -126.463550967      2.61e-02      3.22e-02        0.00
   4      -126.523070951     -5.95e-02      1.14e-02        0.00
   5      -126.532549854     -9.48e-03      2.33e-03        0.00
   6      -126.532684638     -1.35e-04      7.07e-04        0.00
   7      -126.532692389     -7.75e-06      2.75e-04        0.00
   8      -126.532694806     -2.42e-06      1.57e-04        0.00
   9      -126.532695335     -5.28e-07      6.14e-05        0.00
  10      -126.532695345     -1.01e-08      2.45e-05        0.01
  11      -126.532695351     -5.74e-09      5.68e-06        0.01
  12      -126.532695351     -5.18e-10      1.63e-06        0.00

 SCF converged in 11 iterations.

 Entropy contribution (-ST):             0.000000000
 Dipole moment (in Debye):               1.407140      -2.020156       2.761238

Chlorophyll parameters
 D_scl:                                  0.636
 Mg_p:                                   0.902
 Mg_s:                                   1.053
 Mgp_Np:                                 1.402
 Mgp_Ns:                                 1.067
 Mgs_Np:                                 1.023
 Mgs_Ns:                                 1.468
 N_p:                                    1.044
 N_s:                                    1.281
 a_x:                                    0.067
 k_p:                                    2.694
 k_s:                                    1.462
 y_J:                                    4.012
 y_K:                                    2.147

 ----------------
  Excitation 0 1 
 ----------------
 Setting up Delta-SCF
 Ground-Excited state overlap:           0.000000000
 No correction applied to the TDM.
 Excitation energy:                      0.062776729
 Excitation energy (in eV):              1.708241822
 Transition dipole:                     -0.16265       2.57835       0.69782
 XTB basis setup:                        reference basis
 Implicit solvation model:               none
 Number of basis functions:            244
 GFN version:                            chlorophyll
 Integral screening threshold:           1.00e-10
 Total charge:                           0.000000000
 Number of electrons:                  218.000000000
 Electronic temperature (Kelvin):        0.000000000

 D3BJ energy:                           -0.061930767
 Repulsive energy:                       1.478796777

 ****************************************************
  Running robust self-consistent charge (SCC) solver 
 ****************************************************
 Number of SCC trials:                   4
 Using the stop-early mechanism for the first 3 trials

 Conv. threshold (charge):               1.00e-05
 Conv. threshold (energy):               1.00e-06
 Initial guess:                          SAD

 -------------
  SCC Trial 1 
 -------------
 Broyden mixing factor:                  0.400000000
 Max number of iterations:             128

 ---------------------------------------------------------------
                  energy        change          grad        time
 ---------------------------------------------------------------
   0      -125.881870572                    6.45e-01        0.01
   1      -126.569954780     -6.88e-01      3.68e-01        0.01
   2      -126.509859167      6.01e-02      1.04e-01        0.01
   3      -126.466182891      4.37e-02      4.08e-02        0.01
   4      -126.585578135     -1.19e-01      1.13e-02        0.01
   5      -126.593495858     -7.92e-03      3.15e-03        0.01
   6      -126.593686488     -1.91e-04      9.89e-04        0.01
   7      -126.593701523     -1.50e-05      4.29e-04        0.01
   8      -126.593701232      2.91e-07      2.86e-04        0.01
   9      -126.593702672     -1.44e-06      1.11e-04        0.01
  10      -126.593703024     -3.52e-07      3.56e-05        0.01
  11      -126.593703049     -2.53e-08      6.17e-06        0.01
  12      -126.593703050     -7.81e-10      2.11e-06        0.01

 SCF converged in 11 iterations.

 Entropy contribution (-ST):             0.000000000
 Dipole moment (in Debye):               0.108608       2.891340       1.663284

Chlorophyll parameters
 D_scl:                                  0.636
 Mg_p:                                   0.902
 Mg_s:                                   1.053
 Mgp_Np:                                 1.402
 Mgp_Ns:                                 1.067
 Mgs_Np:                                 1.023
 Mgs_Ns:                                 1.468
 N_p:                                    1.044
 N_s:                                    1.281
 a_x:                                    0.067
 k_p:                                    2.694
 k_s:                                    1.462
 y_J:                                    4.012
 y_K:                                    2.147

 ----------------
  Excitation 0 1 
 ----------------
 Setting up Delta-SCF
 Ground-Excited state overlap:          -0.000000000
 No correction applied to the TDM.
 Excitation energy:                      0.066911093
 Excitation energy (in eV):              1.820743608
 Transition dipole:                      2.25229       1.20729      -0.68064

 ******************
  Exciton analysis 
 ******************

 eigenvalues
 -----------
 state 0:                             -253.1264 hr
 state 1:                             -253.0636 hr
 state 2:                             -253.0595 hr

 coupling energies
 -----------------
 states 1, 2:                            1.3590 cm^-1

 distances
 ---------
 chromophore 1, 2:                     103.9866 au

 charge centers
                         X                   Y                   Z
 1            97.793595778        47.077085017        83.606655300
 2            12.963558852       106.888401864        77.307727180
 Saving results in set 'trunc_bchla_11_bchla_20_frame_101'

 --------------------------------------------------------------------------------

 End time:                               Thu Sep  9 11:21:16 2021
 Total wall-clock time:                  0.429 seconds
==================================================================================
