
================================================================================
          _____________ ________ _______________ ________     _________         
         / ___________// ______ \\_____   _____// ______ \   / ________)        
        / /_________  / /      \ \     | |     / /      \ \ | (_______          
       |  __________|| |        | |    | |    | |        | | \________ \        
        \ \_________ | |        | |    | |     \ \______/ /___________) |       
         \__________||_|        |_|    |_|      \________//____________/        
                                                                                
====================================[ Qcore ]===================================

 Git hash:   0385c69a4f85ff35f953e853350ecec6fa7ab330
 Git date:   Wed, 8 Sep 2021 10:09:58 +0100
 Compiler:   AppleClang 10.0.1.10010046
 Build type: Release
 Version:    2.1.1

 Start time: Fri Sep 10 12:05:36 2021

 Data directory: /Users/of15641/qcore/cmake-build-release/share/entos/2.1.1/data
 Number of threads: 2
 Number of threads was determined by: number of physical cores

 --------------------------------------------------------------------------------
                                command: excitons                                
 --------------------------------------------------------------------------------
 XTB basis setup:                        reference basis
 Implicit solvation model:               none
 Number of basis functions:            244
 GFN version:                            chlorophyll
 Integral screening threshold:           1.00e-10
 Total charge:                           0.000000000
 Number of electrons:                  218.000000000
 Electronic temperature (Kelvin):        0.000000000

 D3BJ energy:                           -0.061607201
 Repulsive energy:                       1.494958058

 ****************************************************
  Running robust self-consistent charge (SCC) solver 
 ****************************************************
 Number of SCC trials:                   4
 Using the stop-early mechanism for the first 3 trials

 Conv. threshold (charge):               1.00e-05
 Conv. threshold (energy):               1.00e-06
 Initial guess:                          SAD

 -------------
  SCC Trial 1 
 -------------
 Broyden mixing factor:                  0.400000000
 Max number of iterations:             128

 ---------------------------------------------------------------
                  energy        change          grad        time
 ---------------------------------------------------------------
   0      -125.938847907                    6.47e-01        0.01
   1      -126.608687387     -6.70e-01      3.69e-01        0.00
   2      -126.550222313      5.85e-02      1.01e-01        0.00
   3      -126.512771701      3.75e-02      4.17e-02        0.00
   4      -126.625714581     -1.13e-01      8.55e-03        0.00
   5      -126.630118754     -4.40e-03      2.44e-03        0.00
   6      -126.630333680     -2.15e-04      1.03e-03        0.00
   7      -126.630383332     -4.97e-05      3.12e-04        0.00
   8      -126.630385491     -2.16e-06      1.83e-04        0.00
   9      -126.630385692     -2.01e-07      6.68e-05        0.00
  10      -126.630385716     -2.46e-08      2.36e-05        0.01
  11      -126.630385723     -6.96e-09      4.50e-06        0.00
  12      -126.630385724     -1.67e-10      1.45e-06        0.00

 SCF converged in 11 iterations.

 Entropy contribution (-ST):             0.000000000
 Dipole moment (in Debye):              -4.306056      -1.040184       0.238412

Chlorophyll parameters
 D_scl:                                  0.636
 Mg_p:                                   0.902
 Mg_s:                                   1.053
 Mgp_Np:                                 1.402
 Mgp_Ns:                                 1.067
 Mgs_Np:                                 1.023
 Mgs_Ns:                                 1.468
 N_p:                                    1.044
 N_s:                                    1.281
 a_x:                                    0.067
 k_p:                                    2.694
 k_s:                                    1.462
 y_J:                                    4.012
 y_K:                                    2.147

 ----------------
  Excitation 0 1 
 ----------------
 Setting up Delta-SCF
 Ground-Excited state overlap:          -0.000000000
 No correction applied to the TDM.
 Excitation energy:                      0.066685541
 Excitation energy (in eV):              1.814606017
 Transition dipole:                      2.36603       1.35354      -0.31739
 XTB basis setup:                        reference basis
 Implicit solvation model:               none
 Number of basis functions:            244
 GFN version:                            chlorophyll
 Integral screening threshold:           1.00e-10
 Total charge:                           0.000000000
 Number of electrons:                  218.000000000
 Electronic temperature (Kelvin):        0.000000000

 D3BJ energy:                           -0.061539383
 Repulsive energy:                       1.496783928

 ****************************************************
  Running robust self-consistent charge (SCC) solver 
 ****************************************************
 Number of SCC trials:                   4
 Using the stop-early mechanism for the first 3 trials

 Conv. threshold (charge):               1.00e-05
 Conv. threshold (energy):               1.00e-06
 Initial guess:                          SAD

 -------------
  SCC Trial 1 
 -------------
 Broyden mixing factor:                  0.400000000
 Max number of iterations:             128

 ---------------------------------------------------------------
                  energy        change          grad        time
 ---------------------------------------------------------------
   0      -125.856771401                    6.46e-01        0.01
   1      -126.550568181     -6.94e-01      3.68e-01        0.01
   2      -126.513945795      3.66e-02      1.00e-01        0.01
   3      -126.477902010      3.60e-02      3.55e-02        0.01
   4      -126.559031341     -8.11e-02      1.13e-02        0.01
   5      -126.567999445     -8.97e-03      2.25e-03        0.01
   6      -126.568066701     -6.73e-05      6.36e-04        0.01
   7      -126.568072730     -6.03e-06      2.44e-04        0.01
   8      -126.568072756     -2.60e-08      1.70e-04        0.01
   9      -126.568073613     -8.58e-07      7.60e-05        0.02
  10      -126.568073710     -9.62e-08      2.71e-05        0.01
  11      -126.568073722     -1.26e-08      5.24e-06        0.01
  12      -126.568073723     -6.14e-10      1.42e-06        0.01

 SCF converged in 11 iterations.

 Entropy contribution (-ST):             0.000000000
 Dipole moment (in Debye):               2.470841      -0.625531       0.517636

Chlorophyll parameters
 D_scl:                                  0.636
 Mg_p:                                   0.902
 Mg_s:                                   1.053
 Mgp_Np:                                 1.402
 Mgp_Ns:                                 1.067
 Mgs_Np:                                 1.023
 Mgs_Ns:                                 1.468
 N_p:                                    1.044
 N_s:                                    1.281
 a_x:                                    0.067
 k_p:                                    2.694
 k_s:                                    1.462
 y_J:                                    4.012
 y_K:                                    2.147

 ----------------
  Excitation 0 1 
 ----------------
 Setting up Delta-SCF
 Ground-Excited state overlap:          -0.000000000
 No correction applied to the TDM.
 Excitation energy:                      0.067344506
 Excitation energy (in eV):              1.832537377
 Transition dipole:                     -1.50967       2.28030       0.10761

 ******************
  Exciton analysis 
 ******************

 eigenvalues
 -----------
 state 0:                             -253.1985 hr
 state 1:                             -253.1318 hr
 state 2:                             -253.1311 hr

 coupling energies
 -----------------
 states 1, 2:                           -4.1985 cm^-1

 distances
 ---------
 chromophore 1, 2:                      77.2688 au

 charge centers
                         X                   Y                   Z
 1            76.046964566        18.081968706        57.608291957
 2            93.790600926        89.400747348        81.467617458
 Saving results in set 'trunc_bchla_10_bchla_14_frame_37601'

 --------------------------------------------------------------------------------

 End time:                               Fri Sep 10 12:05:36 2021
 Total wall-clock time:                  0.479 seconds
==================================================================================
