
================================================================================
          _____________ ________ _______________ ________     _________         
         / ___________// ______ \\_____   _____// ______ \   / ________)        
        / /_________  / /      \ \     | |     / /      \ \ | (_______          
       |  __________|| |        | |    | |    | |        | | \________ \        
        \ \_________ | |        | |    | |     \ \______/ /___________) |       
         \__________||_|        |_|    |_|      \________//____________/        
                                                                                
====================================[ Qcore ]===================================

 Git hash:   0385c69a4f85ff35f953e853350ecec6fa7ab330
 Git date:   Wed, 8 Sep 2021 10:09:58 +0100
 Compiler:   AppleClang 10.0.1.10010046
 Build type: Release
 Version:    2.1.1

 Start time: Thu Sep  9 11:38:51 2021

 Data directory: /Users/of15641/qcore/cmake-build-release/share/entos/2.1.1/data
 Number of threads: 2
 Number of threads was determined by: number of physical cores

 --------------------------------------------------------------------------------
                                command: excitons                                
 --------------------------------------------------------------------------------
 XTB basis setup:                        reference basis
 Implicit solvation model:               none
 Number of basis functions:            244
 GFN version:                            chlorophyll
 Integral screening threshold:           1.00e-10
 Total charge:                           0.000000000
 Number of electrons:                  218.000000000
 Electronic temperature (Kelvin):        0.000000000

 D3BJ energy:                           -0.061213437
 Repulsive energy:                       1.481405971

 ****************************************************
  Running robust self-consistent charge (SCC) solver 
 ****************************************************
 Number of SCC trials:                   4
 Using the stop-early mechanism for the first 3 trials

 Conv. threshold (charge):               1.00e-05
 Conv. threshold (energy):               1.00e-06
 Initial guess:                          SAD

 -------------
  SCC Trial 1 
 -------------
 Broyden mixing factor:                  0.400000000
 Max number of iterations:             128

 ---------------------------------------------------------------
                  energy        change          grad        time
 ---------------------------------------------------------------
   0      -125.893341390                    6.45e-01        0.01
   1      -126.585663158     -6.92e-01      3.68e-01        0.01
   2      -126.535369441      5.03e-02      1.02e-01        0.01
   3      -126.503243667      3.21e-02      3.67e-02        0.01
   4      -126.598731153     -9.55e-02      1.05e-02        0.01
   5      -126.605486174     -6.76e-03      2.39e-03        0.01
   6      -126.605565511     -7.93e-05      9.71e-04        0.01
   7      -126.605598500     -3.30e-05      3.46e-04        0.01
   8      -126.605601812     -3.31e-06      2.14e-04        0.01
   9      -126.605602545     -7.33e-07      7.80e-05        0.01
  10      -126.605602561     -1.66e-08      2.15e-05        0.01
  11      -126.605602568     -6.75e-09      6.65e-06        0.01
  12      -126.605602569     -7.47e-10      1.54e-06        0.01

 SCF converged in 11 iterations.

 Entropy contribution (-ST):             0.000000000
 Dipole moment (in Debye):              -0.922316      -2.430376       0.190942

Chlorophyll parameters
 D_scl:                                  0.636
 Mg_p:                                   0.902
 Mg_s:                                   1.053
 Mgp_Np:                                 1.402
 Mgp_Ns:                                 1.067
 Mgs_Np:                                 1.023
 Mgs_Ns:                                 1.468
 N_p:                                    1.044
 N_s:                                    1.281
 a_x:                                    0.067
 k_p:                                    2.694
 k_s:                                    1.462
 y_J:                                    4.012
 y_K:                                    2.147

 ----------------
  Excitation 0 1 
 ----------------
 Setting up Delta-SCF
 Ground-Excited state overlap:          -0.000000000
 No correction applied to the TDM.
 Excitation energy:                      0.068881610
 Excitation energy (in eV):              1.874364092
 Transition dipole:                      2.40374      -1.22566       0.52628
 XTB basis setup:                        reference basis
 Implicit solvation model:               none
 Number of basis functions:            244
 GFN version:                            chlorophyll
 Integral screening threshold:           1.00e-10
 Total charge:                           0.000000000
 Number of electrons:                  218.000000000
 Electronic temperature (Kelvin):        0.000000000

 D3BJ energy:                           -0.062398986
 Repulsive energy:                       1.490203575

 ****************************************************
  Running robust self-consistent charge (SCC) solver 
 ****************************************************
 Number of SCC trials:                   4
 Using the stop-early mechanism for the first 3 trials

 Conv. threshold (charge):               1.00e-05
 Conv. threshold (energy):               1.00e-06
 Initial guess:                          SAD

 -------------
  SCC Trial 1 
 -------------
 Broyden mixing factor:                  0.400000000
 Max number of iterations:             128

 ---------------------------------------------------------------
                  energy        change          grad        time
 ---------------------------------------------------------------
   0      -125.887985929                    6.46e-01        0.01
   1      -126.559238403     -6.71e-01      3.68e-01        0.01
   2      -126.534870069      2.44e-02      9.60e-02        0.01
   3      -126.515065619      1.98e-02      3.00e-02        0.01
   4      -126.569669749     -5.46e-02      8.44e-03        0.01
   5      -126.574671793     -5.00e-03      1.92e-03        0.01
   6      -126.574777884     -1.06e-04      6.26e-04        0.01
   7      -126.574791227     -1.33e-05      2.50e-04        0.01
   8      -126.574793131     -1.90e-06      1.19e-04        0.01
   9      -126.574793421     -2.89e-07      5.32e-05        0.01
  10      -126.574793446     -2.55e-08      2.02e-05        0.01
  11      -126.574793450     -3.53e-09      3.57e-06        0.01
  12      -126.574793450     -1.71e-10      1.16e-06        0.01

 SCF converged in 11 iterations.

 Entropy contribution (-ST):             0.000000000
 Dipole moment (in Debye):               1.911852      -2.120507      -1.490189

Chlorophyll parameters
 D_scl:                                  0.636
 Mg_p:                                   0.902
 Mg_s:                                   1.053
 Mgp_Np:                                 1.402
 Mgp_Ns:                                 1.067
 Mgs_Np:                                 1.023
 Mgs_Ns:                                 1.468
 N_p:                                    1.044
 N_s:                                    1.281
 a_x:                                    0.067
 k_p:                                    2.694
 k_s:                                    1.462
 y_J:                                    4.012
 y_K:                                    2.147

 ----------------
  Excitation 0 1 
 ----------------
 Setting up Delta-SCF
 Ground-Excited state overlap:          -0.000000000
 No correction applied to the TDM.
 Excitation energy:                      0.068195048
 Excitation energy (in eV):              1.855681788
 Transition dipole:                      0.75097       2.58276       0.31880

 ******************
  Exciton analysis 
 ******************

 eigenvalues
 -----------
 state 0:                             -253.1804 hr
 state 1:                             -253.1122 hr
 state 2:                             -253.1115 hr

 coupling energies
 -----------------
 states 1, 2:                           -3.5833 cm^-1

 distances
 ---------
 chromophore 1, 2:                      78.9481 au

 charge centers
                         X                   Y                   Z
 1             4.183747414        -0.957301074        82.965483087
 2            82.140734326        10.751916897        87.255975607
 Saving results in set 'trunc_bchla_2_bchla_8_frame_35001'

 --------------------------------------------------------------------------------

 End time:                               Thu Sep  9 11:38:51 2021
 Total wall-clock time:                  0.545 seconds
==================================================================================
