
================================================================================
          _____________ ________ _______________ ________     _________         
         / ___________// ______ \\_____   _____// ______ \   / ________)        
        / /_________  / /      \ \     | |     / /      \ \ | (_______          
       |  __________|| |        | |    | |    | |        | | \________ \        
        \ \_________ | |        | |    | |     \ \______/ /___________) |       
         \__________||_|        |_|    |_|      \________//____________/        
                                                                                
====================================[ Qcore ]===================================

 Git hash:   0385c69a4f85ff35f953e853350ecec6fa7ab330
 Git date:   Wed, 8 Sep 2021 10:09:58 +0100
 Compiler:   AppleClang 10.0.1.10010046
 Build type: Release
 Version:    2.1.1

 Start time: Fri Sep 10 12:05:21 2021

 Data directory: /Users/of15641/qcore/cmake-build-release/share/entos/2.1.1/data
 Number of threads: 2
 Number of threads was determined by: number of physical cores

 --------------------------------------------------------------------------------
                                command: excitons                                
 --------------------------------------------------------------------------------
 XTB basis setup:                        reference basis
 Implicit solvation model:               none
 Number of basis functions:            244
 GFN version:                            chlorophyll
 Integral screening threshold:           1.00e-10
 Total charge:                           0.000000000
 Number of electrons:                  218.000000000
 Electronic temperature (Kelvin):        0.000000000

 D3BJ energy:                           -0.062549546
 Repulsive energy:                       1.525796198

 ****************************************************
  Running robust self-consistent charge (SCC) solver 
 ****************************************************
 Number of SCC trials:                   4
 Using the stop-early mechanism for the first 3 trials

 Conv. threshold (charge):               1.00e-05
 Conv. threshold (energy):               1.00e-06
 Initial guess:                          SAD

 -------------
  SCC Trial 1 
 -------------
 Broyden mixing factor:                  0.400000000
 Max number of iterations:             128

 ---------------------------------------------------------------
                  energy        change          grad        time
 ---------------------------------------------------------------
   0      -125.882977801                    6.48e-01        0.01
   1      -126.574931685     -6.92e-01      3.70e-01        0.01
   2      -126.534169698      4.08e-02      9.96e-02        0.00
   3      -126.517374603      1.68e-02      3.12e-02        0.00
   4      -126.588643343     -7.13e-02      8.83e-03        0.00
   5      -126.593668102     -5.02e-03      2.53e-03        0.01
   6      -126.593931240     -2.63e-04      8.47e-04        0.01
   7      -126.593958561     -2.73e-05      2.81e-04        0.01
   8      -126.593960624     -2.06e-06      1.33e-04        0.01
   9      -126.593960733     -1.09e-07      5.03e-05        0.00
  10      -126.593960738     -5.53e-09      1.41e-05        0.00
  11      -126.593960742     -3.70e-09      4.34e-06        0.00
  12      -126.593960742     -1.58e-10      9.90e-07        0.01

 SCF converged in 11 iterations.

 Entropy contribution (-ST):             0.000000000
 Dipole moment (in Debye):              -3.648570       1.853522       1.027920

Chlorophyll parameters
 D_scl:                                  0.636
 Mg_p:                                   0.902
 Mg_s:                                   1.053
 Mgp_Np:                                 1.402
 Mgp_Ns:                                 1.067
 Mgs_Np:                                 1.023
 Mgs_Ns:                                 1.468
 N_p:                                    1.044
 N_s:                                    1.281
 a_x:                                    0.067
 k_p:                                    2.694
 k_s:                                    1.462
 y_J:                                    4.012
 y_K:                                    2.147

 ----------------
  Excitation 0 1 
 ----------------
 Setting up Delta-SCF
 Ground-Excited state overlap:           0.000000000
 No correction applied to the TDM.
 Excitation energy:                      0.067291401
 Excitation energy (in eV):              1.831092316
 Transition dipole:                      2.35090       1.31280      -0.05905
 XTB basis setup:                        reference basis
 Implicit solvation model:               none
 Number of basis functions:            244
 GFN version:                            chlorophyll
 Integral screening threshold:           1.00e-10
 Total charge:                           0.000000000
 Number of electrons:                  218.000000000
 Electronic temperature (Kelvin):        0.000000000

 D3BJ energy:                           -0.061597497
 Repulsive energy:                       1.460163568

 ****************************************************
  Running robust self-consistent charge (SCC) solver 
 ****************************************************
 Number of SCC trials:                   4
 Using the stop-early mechanism for the first 3 trials

 Conv. threshold (charge):               1.00e-05
 Conv. threshold (energy):               1.00e-06
 Initial guess:                          SAD

 -------------
  SCC Trial 1 
 -------------
 Broyden mixing factor:                  0.400000000
 Max number of iterations:             128

 ---------------------------------------------------------------
                  energy        change          grad        time
 ---------------------------------------------------------------
   0      -125.881728842                    6.46e-01        0.01
   1      -126.575934249     -6.94e-01      3.68e-01        0.01
   2      -126.544026508      3.19e-02      9.91e-02        0.01
   3      -126.516027230      2.80e-02      3.22e-02        0.01
   4      -126.587051969     -7.10e-02      9.83e-03        0.01
   5      -126.593383433     -6.33e-03      2.01e-03        0.01
   6      -126.593450949     -6.75e-05      7.86e-04        0.01
   7      -126.593469561     -1.86e-05      2.58e-04        0.01
   8      -126.593471158     -1.60e-06      1.69e-04        0.01
   9      -126.593471877     -7.19e-07      6.66e-05        0.01
  10      -126.593471902     -2.49e-08      2.32e-05        0.01
  11      -126.593471912     -9.96e-09      5.02e-06        0.01
  12      -126.593471913     -3.73e-10      1.38e-06        0.01

 SCF converged in 11 iterations.

 Entropy contribution (-ST):             0.000000000
 Dipole moment (in Debye):               1.505714       1.896698       0.285736

Chlorophyll parameters
 D_scl:                                  0.636
 Mg_p:                                   0.902
 Mg_s:                                   1.053
 Mgp_Np:                                 1.402
 Mgp_Ns:                                 1.067
 Mgs_Np:                                 1.023
 Mgs_Ns:                                 1.468
 N_p:                                    1.044
 N_s:                                    1.281
 a_x:                                    0.067
 k_p:                                    2.694
 k_s:                                    1.462
 y_J:                                    4.012
 y_K:                                    2.147

 ----------------
  Excitation 0 1 
 ----------------
 Setting up Delta-SCF
 Ground-Excited state overlap:          -0.000000000
 No correction applied to the TDM.
 Excitation energy:                      0.067506794
 Excitation energy (in eV):              1.836953444
 Transition dipole:                     -1.69336       2.15729       0.28014

 ******************
  Exciton analysis 
 ******************

 eigenvalues
 -----------
 state 0:                             -253.1874 hr
 state 1:                             -253.1201 hr
 state 2:                             -253.1199 hr

 coupling energies
 -----------------
 states 1, 2:                           -4.7284 cm^-1

 distances
 ---------
 chromophore 1, 2:                      75.3186 au

 charge centers
                         X                   Y                   Z
 1            77.521764581        17.356650438        57.415257420
 2            92.096823064        87.390460579        80.989019020
 Saving results in set 'trunc_bchla_10_bchla_14_frame_35201'

 --------------------------------------------------------------------------------

 End time:                               Fri Sep 10 12:05:22 2021
 Total wall-clock time:                  0.460 seconds
==================================================================================
