
================================================================================
          _____________ ________ _______________ ________     _________         
         / ___________// ______ \\_____   _____// ______ \   / ________)        
        / /_________  / /      \ \     | |     / /      \ \ | (_______          
       |  __________|| |        | |    | |    | |        | | \________ \        
        \ \_________ | |        | |    | |     \ \______/ /___________) |       
         \__________||_|        |_|    |_|      \________//____________/        
                                                                                
====================================[ Qcore ]===================================

 Git hash:   0385c69a4f85ff35f953e853350ecec6fa7ab330
 Git date:   Wed, 8 Sep 2021 10:09:58 +0100
 Compiler:   AppleClang 10.0.1.10010046
 Build type: Release
 Version:    2.1.1

 Start time: Fri Sep 10 11:59:21 2021

 Data directory: /Users/of15641/qcore/cmake-build-release/share/entos/2.1.1/data
 Number of threads: 2
 Number of threads was determined by: number of physical cores

 --------------------------------------------------------------------------------
                                command: excitons                                
 --------------------------------------------------------------------------------
 XTB basis setup:                        reference basis
 Implicit solvation model:               none
 Number of basis functions:            244
 GFN version:                            chlorophyll
 Integral screening threshold:           1.00e-10
 Total charge:                           0.000000000
 Number of electrons:                  218.000000000
 Electronic temperature (Kelvin):        0.000000000

 D3BJ energy:                           -0.062109480
 Repulsive energy:                       1.500075132

 ****************************************************
  Running robust self-consistent charge (SCC) solver 
 ****************************************************
 Number of SCC trials:                   4
 Using the stop-early mechanism for the first 3 trials

 Conv. threshold (charge):               1.00e-05
 Conv. threshold (energy):               1.00e-06
 Initial guess:                          SAD

 -------------
  SCC Trial 1 
 -------------
 Broyden mixing factor:                  0.400000000
 Max number of iterations:             128

 ---------------------------------------------------------------
                  energy        change          grad        time
 ---------------------------------------------------------------
   0      -125.882002502                    6.46e-01        0.01
   1      -126.573707018     -6.92e-01      3.69e-01        0.00
   2      -126.527725224      4.60e-02      1.03e-01        0.00
   3      -126.533015155     -5.29e-03      3.52e-02        0.00
   4      -126.593356611     -6.03e-02      4.98e-03        0.00
   5      -126.594539757     -1.18e-03      1.44e-03        0.01
   6      -126.594616884     -7.71e-05      5.95e-04        0.01
   7      -126.594627042     -1.02e-05      2.64e-04        0.00
   8      -126.594632128     -5.09e-06      1.10e-04        0.00
   9      -126.594632554     -4.26e-07      4.20e-05        0.00
  10      -126.594632569     -1.51e-08      1.40e-05        0.00
  11      -126.594632572     -3.29e-09      2.36e-06        0.00
  12      -126.594632572     -4.11e-11      7.44e-07        0.01

 SCF converged in 11 iterations.

 Entropy contribution (-ST):             0.000000000
 Dipole moment (in Debye):              -3.385086       0.204631       0.593893

Chlorophyll parameters
 D_scl:                                  0.636
 Mg_p:                                   0.902
 Mg_s:                                   1.053
 Mgp_Np:                                 1.402
 Mgp_Ns:                                 1.067
 Mgs_Np:                                 1.023
 Mgs_Ns:                                 1.468
 N_p:                                    1.044
 N_s:                                    1.281
 a_x:                                    0.067
 k_p:                                    2.694
 k_s:                                    1.462
 y_J:                                    4.012
 y_K:                                    2.147

 ----------------
  Excitation 0 1 
 ----------------
 Setting up Delta-SCF
 Ground-Excited state overlap:          -0.000000000
 No correction applied to the TDM.
 Excitation energy:                      0.066707948
 Excitation energy (in eV):              1.815215726
 Transition dipole:                      2.36770       1.31793       0.27038
 XTB basis setup:                        reference basis
 Implicit solvation model:               none
 Number of basis functions:            244
 GFN version:                            chlorophyll
 Integral screening threshold:           1.00e-10
 Total charge:                           0.000000000
 Number of electrons:                  218.000000000
 Electronic temperature (Kelvin):        0.000000000

 D3BJ energy:                           -0.060891317
 Repulsive energy:                       1.508588434

 ****************************************************
  Running robust self-consistent charge (SCC) solver 
 ****************************************************
 Number of SCC trials:                   4
 Using the stop-early mechanism for the first 3 trials

 Conv. threshold (charge):               1.00e-05
 Conv. threshold (energy):               1.00e-06
 Initial guess:                          SAD

 -------------
  SCC Trial 1 
 -------------
 Broyden mixing factor:                  0.400000000
 Max number of iterations:             128

 ---------------------------------------------------------------
                  energy        change          grad        time
 ---------------------------------------------------------------
   0      -125.912416183                    6.47e-01        0.01
   1      -126.603319204     -6.91e-01      3.69e-01        0.01
   2      -126.590810640      1.25e-02      9.75e-02        0.01
   3      -126.598343476     -7.53e-03      1.96e-02        0.01
   4      -126.615226787     -1.69e-02      5.67e-03        0.01
   5      -126.617257734     -2.03e-03      1.78e-03        0.01
   6      -126.617455896     -1.98e-04      7.50e-04        0.01
   7      -126.617494353     -3.85e-05      1.59e-04        0.01
   8      -126.617495314     -9.62e-07      5.08e-05        0.01
   9      -126.617495345     -3.07e-08      2.08e-05        0.01
  10      -126.617495349     -4.24e-09      7.16e-06        0.01
  11      -126.617495350     -3.10e-10      2.44e-06        0.01

 SCF converged in 10 iterations.

 Entropy contribution (-ST):             0.000000000
 Dipole moment (in Debye):              -2.587105      -1.844436       1.078377

Chlorophyll parameters
 D_scl:                                  0.636
 Mg_p:                                   0.902
 Mg_s:                                   1.053
 Mgp_Np:                                 1.402
 Mgp_Ns:                                 1.067
 Mgs_Np:                                 1.023
 Mgs_Ns:                                 1.468
 N_p:                                    1.044
 N_s:                                    1.281
 a_x:                                    0.067
 k_p:                                    2.694
 k_s:                                    1.462
 y_J:                                    4.012
 y_K:                                    2.147

 ----------------
  Excitation 0 1 
 ----------------
 Setting up Delta-SCF
 Ground-Excited state overlap:           0.000000000
 No correction applied to the TDM.
 Excitation energy:                      0.066908352
 Excitation energy (in eV):              1.820668996
 Transition dipole:                      1.32084       2.38768      -0.54910

 ******************
  Exciton analysis 
 ******************

 eigenvalues
 -----------
 state 0:                             -253.2123 hr
 state 1:                             -253.1459 hr
 state 2:                             -253.1451 hr

 coupling energies
 -----------------
 states 1, 2:                          -73.0722 cm^-1

 distances
 ---------
 chromophore 1, 2:                      34.2723 au

 charge centers
                         X                   Y                   Z
 1            76.810873234        18.612948787        58.805316748
 2            91.113087756        49.750273418        58.094494186
 Saving results in set 'trunc_bchla_10_bchla_13_frame_21401'

 --------------------------------------------------------------------------------

 End time:                               Fri Sep 10 11:59:22 2021
 Total wall-clock time:                  0.438 seconds
==================================================================================
