
================================================================================
          _____________ ________ _______________ ________     _________         
         / ___________// ______ \\_____   _____// ______ \   / ________)        
        / /_________  / /      \ \     | |     / /      \ \ | (_______          
       |  __________|| |        | |    | |    | |        | | \________ \        
        \ \_________ | |        | |    | |     \ \______/ /___________) |       
         \__________||_|        |_|    |_|      \________//____________/        
                                                                                
====================================[ Qcore ]===================================

 Git hash:   0385c69a4f85ff35f953e853350ecec6fa7ab330
 Git date:   Wed, 8 Sep 2021 10:09:58 +0100
 Compiler:   AppleClang 10.0.1.10010046
 Build type: Release
 Version:    2.1.1

 Start time: Thu Sep  9 11:21:11 2021

 Data directory: /Users/of15641/qcore/cmake-build-release/share/entos/2.1.1/data
 Number of threads: 2
 Number of threads was determined by: number of physical cores

 --------------------------------------------------------------------------------
                                command: excitons                                
 --------------------------------------------------------------------------------
 XTB basis setup:                        reference basis
 Implicit solvation model:               none
 Number of basis functions:            244
 GFN version:                            chlorophyll
 Integral screening threshold:           1.00e-10
 Total charge:                           0.000000000
 Number of electrons:                  218.000000000
 Electronic temperature (Kelvin):        0.000000000

 D3BJ energy:                           -0.062571454
 Repulsive energy:                       1.524481953

 ****************************************************
  Running robust self-consistent charge (SCC) solver 
 ****************************************************
 Number of SCC trials:                   4
 Using the stop-early mechanism for the first 3 trials

 Conv. threshold (charge):               1.00e-05
 Conv. threshold (energy):               1.00e-06
 Initial guess:                          SAD

 -------------
  SCC Trial 1 
 -------------
 Broyden mixing factor:                  0.400000000
 Max number of iterations:             128

 ---------------------------------------------------------------
                  energy        change          grad        time
 ---------------------------------------------------------------
   0      -125.908714089                    6.45e-01        0.01
   1      -126.568599111     -6.60e-01      3.69e-01        0.00
   2      -126.477864160      9.07e-02      1.00e-01        0.00
   3      -126.402984077      7.49e-02      5.01e-02        0.01
   4      -126.588773407     -1.86e-01      9.13e-03        0.00
   5      -126.590609368     -1.84e-03      2.77e-03        0.00
   6      -126.590624955     -1.56e-05      1.10e-03        0.00
   7      -126.590666082     -4.11e-05      4.63e-04        0.01
   8      -126.590666396     -3.14e-07      2.22e-04        0.00
   9      -126.590667211     -8.15e-07      8.46e-05        0.01
  10      -126.590667328     -1.17e-07      2.24e-05        0.01
  11      -126.590667338     -9.48e-09      5.74e-06        0.00
  12      -126.590667338     -5.64e-10      1.81e-06        0.00

 SCF converged in 11 iterations.

 Entropy contribution (-ST):             0.000000000
 Dipole moment (in Debye):               0.848093       0.377057       2.534691

Chlorophyll parameters
 D_scl:                                  0.636
 Mg_p:                                   0.902
 Mg_s:                                   1.053
 Mgp_Np:                                 1.402
 Mgp_Ns:                                 1.067
 Mgs_Np:                                 1.023
 Mgs_Ns:                                 1.468
 N_p:                                    1.044
 N_s:                                    1.281
 a_x:                                    0.067
 k_p:                                    2.694
 k_s:                                    1.462
 y_J:                                    4.012
 y_K:                                    2.147

 ----------------
  Excitation 0 1 
 ----------------
 Setting up Delta-SCF
 Ground-Excited state overlap:          -0.000000000
 No correction applied to the TDM.
 Excitation energy:                      0.065571277
 Excitation energy (in eV):              1.784285333
 Transition dipole:                     -0.04071       2.65044       0.71143
 XTB basis setup:                        reference basis
 Implicit solvation model:               none
 Number of basis functions:            244
 GFN version:                            chlorophyll
 Integral screening threshold:           1.00e-10
 Total charge:                           0.000000000
 Number of electrons:                  218.000000000
 Electronic temperature (Kelvin):        0.000000000

 D3BJ energy:                           -0.062294295
 Repulsive energy:                       1.472395766

 ****************************************************
  Running robust self-consistent charge (SCC) solver 
 ****************************************************
 Number of SCC trials:                   4
 Using the stop-early mechanism for the first 3 trials

 Conv. threshold (charge):               1.00e-05
 Conv. threshold (energy):               1.00e-06
 Initial guess:                          SAD

 -------------
  SCC Trial 1 
 -------------
 Broyden mixing factor:                  0.400000000
 Max number of iterations:             128

 ---------------------------------------------------------------
                  energy        change          grad        time
 ---------------------------------------------------------------
   0      -125.883077287                    6.46e-01        0.01
   1      -126.563865536     -6.81e-01      3.69e-01        0.01
   2      -126.528637621      3.52e-02      9.77e-02        0.01
   3      -126.514451653      1.42e-02      3.27e-02        0.01
   4      -126.578316520     -6.39e-02      7.45e-03        0.01
   5      -126.582049224     -3.73e-03      2.25e-03        0.01
   6      -126.582318715     -2.69e-04      8.74e-04        0.01
   7      -126.582358414     -3.97e-05      2.26e-04        0.01
   8      -126.582360059     -1.65e-06      1.05e-04        0.01
   9      -126.582360165     -1.05e-07      4.63e-05        0.01
  10      -126.582360185     -2.01e-08      1.72e-05        0.01
  11      -126.582360188     -3.30e-09      4.05e-06        0.01
  12      -126.582360188     -1.01e-10      1.02e-06        0.01

 SCF converged in 11 iterations.

 Entropy contribution (-ST):             0.000000000
 Dipole moment (in Debye):               1.815536      -2.478804       1.176295

Chlorophyll parameters
 D_scl:                                  0.636
 Mg_p:                                   0.902
 Mg_s:                                   1.053
 Mgp_Np:                                 1.402
 Mgp_Ns:                                 1.067
 Mgs_Np:                                 1.023
 Mgs_Ns:                                 1.468
 N_p:                                    1.044
 N_s:                                    1.281
 a_x:                                    0.067
 k_p:                                    2.694
 k_s:                                    1.462
 y_J:                                    4.012
 y_K:                                    2.147

 ----------------
  Excitation 0 1 
 ----------------
 Setting up Delta-SCF
 Ground-Excited state overlap:          -0.000000000
 No correction applied to the TDM.
 Excitation energy:                      0.068114291
 Excitation energy (in eV):              1.853484278
 Transition dipole:                     -2.48762       1.19191       0.01535

 ******************
  Exciton analysis 
 ******************

 eigenvalues
 -----------
 state 0:                             -253.1730 hr
 state 1:                             -253.1075 hr
 state 2:                             -253.1049 hr

 coupling energies
 -----------------
 states 1, 2:                           -2.8945 cm^-1

 distances
 ---------
 chromophore 1, 2:                      77.2748 au

 charge centers
                         X                   Y                   Z
 1           101.659509257        46.999511729        82.452983094
 2            49.831950934        95.994633248        52.707854269
 Saving results in set 'trunc_bchla_11_bchla_19_frame_15001'

 --------------------------------------------------------------------------------

 End time:                               Thu Sep  9 11:21:11 2021
 Total wall-clock time:                  0.439 seconds
==================================================================================
