
================================================================================
          _____________ ________ _______________ ________     _________         
         / ___________// ______ \\_____   _____// ______ \   / ________)        
        / /_________  / /      \ \     | |     / /      \ \ | (_______          
       |  __________|| |        | |    | |    | |        | | \________ \        
        \ \_________ | |        | |    | |     \ \______/ /___________) |       
         \__________||_|        |_|    |_|      \________//____________/        
                                                                                
====================================[ Qcore ]===================================

 Git hash:   0385c69a4f85ff35f953e853350ecec6fa7ab330
 Git date:   Wed, 8 Sep 2021 10:09:58 +0100
 Compiler:   AppleClang 10.0.1.10010046
 Build type: Release
 Version:    2.1.1

 Start time: Fri Sep 10 11:54:38 2021

 Data directory: /Users/of15641/qcore/cmake-build-release/share/entos/2.1.1/data
 Number of threads: 2
 Number of threads was determined by: number of physical cores

 --------------------------------------------------------------------------------
                                command: excitons                                
 --------------------------------------------------------------------------------
 XTB basis setup:                        reference basis
 Implicit solvation model:               none
 Number of basis functions:            244
 GFN version:                            chlorophyll
 Integral screening threshold:           1.00e-10
 Total charge:                           0.000000000
 Number of electrons:                  218.000000000
 Electronic temperature (Kelvin):        0.000000000

 D3BJ energy:                           -0.061955543
 Repulsive energy:                       1.479519809

 ****************************************************
  Running robust self-consistent charge (SCC) solver 
 ****************************************************
 Number of SCC trials:                   4
 Using the stop-early mechanism for the first 3 trials

 Conv. threshold (charge):               1.00e-05
 Conv. threshold (energy):               1.00e-06
 Initial guess:                          SAD

 -------------
  SCC Trial 1 
 -------------
 Broyden mixing factor:                  0.400000000
 Max number of iterations:             128

 ---------------------------------------------------------------
                  energy        change          grad        time
 ---------------------------------------------------------------
   0      -125.867606317                    6.45e-01        0.01
   1      -126.552991930     -6.85e-01      3.68e-01        0.00
   2      -126.522265828      3.07e-02      9.87e-02        0.00
   3      -126.507343897      1.49e-02      2.95e-02        0.00
   4      -126.563619359     -5.63e-02      1.12e-02        0.00
   5      -126.571320919     -7.70e-03      2.42e-03        0.00
   6      -126.571514141     -1.93e-04      9.83e-04        0.01
   7      -126.571551393     -3.73e-05      2.71e-04        0.01
   8      -126.571553795     -2.40e-06      1.18e-04        0.00
   9      -126.571553902     -1.07e-07      5.40e-05        0.00
  10      -126.571553910     -8.66e-09      2.10e-05        0.00
  11      -126.571553915     -4.89e-09      4.33e-06        0.00
  12      -126.571553915     -2.70e-10      1.19e-06        0.01

 SCF converged in 11 iterations.

 Entropy contribution (-ST):             0.000000000
 Dipole moment (in Debye):              -3.024761       0.606186      -0.351779

Chlorophyll parameters
 D_scl:                                  0.636
 Mg_p:                                   0.902
 Mg_s:                                   1.053
 Mgp_Np:                                 1.402
 Mgp_Ns:                                 1.067
 Mgs_Np:                                 1.023
 Mgs_Ns:                                 1.468
 N_p:                                    1.044
 N_s:                                    1.281
 a_x:                                    0.067
 k_p:                                    2.694
 k_s:                                    1.462
 y_J:                                    4.012
 y_K:                                    2.147

 ----------------
  Excitation 0 1 
 ----------------
 Setting up Delta-SCF
 Ground-Excited state overlap:          -0.000000000
 No correction applied to the TDM.
 Excitation energy:                      0.066575666
 Excitation energy (in eV):              1.811616153
 Transition dipole:                      2.25175       1.50699      -0.57820
 XTB basis setup:                        reference basis
 Implicit solvation model:               none
 Number of basis functions:            244
 GFN version:                            chlorophyll
 Integral screening threshold:           1.00e-10
 Total charge:                           0.000000000
 Number of electrons:                  218.000000000
 Electronic temperature (Kelvin):        0.000000000

 D3BJ energy:                           -0.061154843
 Repulsive energy:                       1.516097553

 ****************************************************
  Running robust self-consistent charge (SCC) solver 
 ****************************************************
 Number of SCC trials:                   4
 Using the stop-early mechanism for the first 3 trials

 Conv. threshold (charge):               1.00e-05
 Conv. threshold (energy):               1.00e-06
 Initial guess:                          SAD

 -------------
  SCC Trial 1 
 -------------
 Broyden mixing factor:                  0.400000000
 Max number of iterations:             128

 ---------------------------------------------------------------
                  energy        change          grad        time
 ---------------------------------------------------------------
   0      -125.918026046                    6.47e-01        0.01
   1      -126.598431363     -6.80e-01      3.69e-01        0.01
   2      -126.547389486      5.10e-02      1.01e-01        0.01
   3      -126.522617095      2.48e-02      3.57e-02        0.01
   4      -126.613334303     -9.07e-02      8.98e-03        0.01
   5      -126.618195383     -4.86e-03      2.31e-03        0.01
   6      -126.618388598     -1.93e-04      9.34e-04        0.01
   7      -126.618421177     -3.26e-05      2.67e-04        0.01
   8      -126.618423208     -2.03e-06      1.45e-04        0.01
   9      -126.618423455     -2.47e-07      5.51e-05        0.01
  10      -126.618423466     -1.08e-08      1.66e-05        0.01
  11      -126.618423469     -3.42e-09      4.79e-06        0.01
  12      -126.618423470     -3.12e-10      1.18e-06        0.01

 SCF converged in 11 iterations.

 Entropy contribution (-ST):             0.000000000
 Dipole moment (in Debye):               2.235502      -1.378994       2.355360

Chlorophyll parameters
 D_scl:                                  0.636
 Mg_p:                                   0.902
 Mg_s:                                   1.053
 Mgp_Np:                                 1.402
 Mgp_Ns:                                 1.067
 Mgs_Np:                                 1.023
 Mgs_Ns:                                 1.468
 N_p:                                    1.044
 N_s:                                    1.281
 a_x:                                    0.067
 k_p:                                    2.694
 k_s:                                    1.462
 y_J:                                    4.012
 y_K:                                    2.147

 ----------------
  Excitation 0 1 
 ----------------
 Setting up Delta-SCF
 Ground-Excited state overlap:          -0.000000000
 No correction applied to the TDM.
 Excitation energy:                      0.069434878
 Excitation energy (in eV):              1.889419290
 Transition dipole:                     -2.36978      -1.28991       0.39122

 ******************
  Exciton analysis 
 ******************

 eigenvalues
 -----------
 state 0:                             -253.1916 hr
 state 1:                             -253.1258 hr
 state 2:                             -253.1217 hr

 coupling energies
 -----------------
 states 1, 2:                          354.7160 cm^-1

 distances
 ---------
 chromophore 1, 2:                      17.4595 au

 charge centers
                         X                   Y                   Z
 1            77.868570761        17.501602741        57.576225776
 2            86.994531299        32.012922553        54.263662814
 Saving results in set 'trunc_bchla_10_bchla_12_frame_16301'

 --------------------------------------------------------------------------------

 End time:                               Fri Sep 10 11:54:39 2021
 Total wall-clock time:                  0.443 seconds
==================================================================================
