
================================================================================
          _____________ ________ _______________ ________     _________         
         / ___________// ______ \\_____   _____// ______ \   / ________)        
        / /_________  / /      \ \     | |     / /      \ \ | (_______          
       |  __________|| |        | |    | |    | |        | | \________ \        
        \ \_________ | |        | |    | |     \ \______/ /___________) |       
         \__________||_|        |_|    |_|      \________//____________/        
                                                                                
====================================[ Qcore ]===================================

 Git hash:   0385c69a4f85ff35f953e853350ecec6fa7ab330
 Git date:   Wed, 8 Sep 2021 10:09:58 +0100
 Compiler:   AppleClang 10.0.1.10010046
 Build type: Release
 Version:    2.1.1

 Start time: Fri Sep 10 11:56:22 2021

 Data directory: /Users/of15641/qcore/cmake-build-release/share/entos/2.1.1/data
 Number of threads: 2
 Number of threads was determined by: number of physical cores

 --------------------------------------------------------------------------------
                                command: excitons                                
 --------------------------------------------------------------------------------
 XTB basis setup:                        reference basis
 Implicit solvation model:               none
 Number of basis functions:            244
 GFN version:                            chlorophyll
 Integral screening threshold:           1.00e-10
 Total charge:                           0.000000000
 Number of electrons:                  218.000000000
 Electronic temperature (Kelvin):        0.000000000

 D3BJ energy:                           -0.062262376
 Repulsive energy:                       1.463425006

 ****************************************************
  Running robust self-consistent charge (SCC) solver 
 ****************************************************
 Number of SCC trials:                   4
 Using the stop-early mechanism for the first 3 trials

 Conv. threshold (charge):               1.00e-05
 Conv. threshold (energy):               1.00e-06
 Initial guess:                          SAD

 -------------
  SCC Trial 1 
 -------------
 Broyden mixing factor:                  0.400000000
 Max number of iterations:             128

 ---------------------------------------------------------------
                  energy        change          grad        time
 ---------------------------------------------------------------
   0      -125.879953499                    6.45e-01        0.01
   1      -126.562243416     -6.82e-01      3.68e-01        0.00
   2      -126.512339893      4.99e-02      1.02e-01        0.00
   3      -126.460913151      5.14e-02      4.34e-02        0.00
   4      -126.574630597     -1.14e-01      9.84e-03        0.00
   5      -126.581361796     -6.73e-03      2.73e-03        0.01
   6      -126.581726295     -3.64e-04      8.04e-04        0.01
   7      -126.581744162     -1.79e-05      2.95e-04        0.00
   8      -126.581746544     -2.38e-06      1.57e-04        0.00
   9      -126.581746737     -1.92e-07      6.46e-05        0.00
  10      -126.581746766     -2.94e-08      2.57e-05        0.00
  11      -126.581746774     -7.91e-09      5.06e-06        0.00
  12      -126.581746774     -1.81e-10      1.48e-06        0.00

 SCF converged in 11 iterations.

 Entropy contribution (-ST):             0.000000000
 Dipole moment (in Debye):              -3.995360      -0.077827      -0.216228

Chlorophyll parameters
 D_scl:                                  0.636
 Mg_p:                                   0.902
 Mg_s:                                   1.053
 Mgp_Np:                                 1.402
 Mgp_Ns:                                 1.067
 Mgs_Np:                                 1.023
 Mgs_Ns:                                 1.468
 N_p:                                    1.044
 N_s:                                    1.281
 a_x:                                    0.067
 k_p:                                    2.694
 k_s:                                    1.462
 y_J:                                    4.012
 y_K:                                    2.147

 ----------------
  Excitation 0 1 
 ----------------
 Setting up Delta-SCF
 Ground-Excited state overlap:          -0.000000000
 No correction applied to the TDM.
 Excitation energy:                      0.063567692
 Excitation energy (in eV):              1.729765016
 Transition dipole:                      2.50564       1.17045      -0.48167
 XTB basis setup:                        reference basis
 Implicit solvation model:               none
 Number of basis functions:            244
 GFN version:                            chlorophyll
 Integral screening threshold:           1.00e-10
 Total charge:                           0.000000000
 Number of electrons:                  218.000000000
 Electronic temperature (Kelvin):        0.000000000

 D3BJ energy:                           -0.061176787
 Repulsive energy:                       1.502025496

 ****************************************************
  Running robust self-consistent charge (SCC) solver 
 ****************************************************
 Number of SCC trials:                   4
 Using the stop-early mechanism for the first 3 trials

 Conv. threshold (charge):               1.00e-05
 Conv. threshold (energy):               1.00e-06
 Initial guess:                          SAD

 -------------
  SCC Trial 1 
 -------------
 Broyden mixing factor:                  0.400000000
 Max number of iterations:             128

 ---------------------------------------------------------------
                  energy        change          grad        time
 ---------------------------------------------------------------
   0      -125.922638398                    6.47e-01        0.01
   1      -126.599320899     -6.77e-01      3.69e-01        0.01
   2      -126.583765691      1.56e-02      9.66e-02        0.01
   3      -126.591976254     -8.21e-03      2.05e-02        0.01
   4      -126.612337058     -2.04e-02      4.79e-03        0.01
   5      -126.613616607     -1.28e-03      1.56e-03        0.01
   6      -126.613716650     -1.00e-04      8.33e-04        0.01
   7      -126.613766305     -4.97e-05      1.73e-04        0.01
   8      -126.613767764     -1.46e-06      5.71e-05        0.01
   9      -126.613767826     -6.13e-08      2.16e-05        0.01
  10      -126.613767829     -3.61e-09      7.62e-06        0.01
  11      -126.613767830     -3.48e-10      2.57e-06        0.01

 SCF converged in 10 iterations.

 Entropy contribution (-ST):             0.000000000
 Dipole moment (in Debye):               3.683150      -0.831185      -0.552254

Chlorophyll parameters
 D_scl:                                  0.636
 Mg_p:                                   0.902
 Mg_s:                                   1.053
 Mgp_Np:                                 1.402
 Mgp_Ns:                                 1.067
 Mgs_Np:                                 1.023
 Mgs_Ns:                                 1.468
 N_p:                                    1.044
 N_s:                                    1.281
 a_x:                                    0.067
 k_p:                                    2.694
 k_s:                                    1.462
 y_J:                                    4.012
 y_K:                                    2.147

 ----------------
  Excitation 0 1 
 ----------------
 Setting up Delta-SCF
 Ground-Excited state overlap:           0.000000000
 No correction applied to the TDM.
 Excitation energy:                      0.068782947
 Excitation energy (in eV):              1.871679329
 Transition dipole:                      2.51569       0.91069      -0.41647

 ******************
  Exciton analysis 
 ******************

 eigenvalues
 -----------
 state 0:                             -253.1982 hr
 state 1:                             -253.1351 hr
 state 2:                             -253.1283 hr

 coupling energies
 -----------------
 states 1, 2:                         -378.5940 cm^-1

 distances
 ---------
 chromophore 1, 2:                      17.6680 au

 charge centers
                         X                   Y                   Z
 1            77.162626263        19.025683060        57.392724603
 2            88.901759332        31.621569156        53.430911561
 Saving results in set 'trunc_bchla_10_bchla_12_frame_34601'

 --------------------------------------------------------------------------------

 End time:                               Fri Sep 10 11:56:22 2021
 Total wall-clock time:                  0.437 seconds
==================================================================================
