
================================================================================
          _____________ ________ _______________ ________     _________         
         / ___________// ______ \\_____   _____// ______ \   / ________)        
        / /_________  / /      \ \     | |     / /      \ \ | (_______          
       |  __________|| |        | |    | |    | |        | | \________ \        
        \ \_________ | |        | |    | |     \ \______/ /___________) |       
         \__________||_|        |_|    |_|      \________//____________/        
                                                                                
====================================[ Qcore ]===================================

 Git hash:   0385c69a4f85ff35f953e853350ecec6fa7ab330
 Git date:   Wed, 8 Sep 2021 10:09:58 +0100
 Compiler:   AppleClang 10.0.1.10010046
 Build type: Release
 Version:    2.1.1

 Start time: Fri Sep 10 12:04:10 2021

 Data directory: /Users/of15641/qcore/cmake-build-release/share/entos/2.1.1/data
 Number of threads: 2
 Number of threads was determined by: number of physical cores

 --------------------------------------------------------------------------------
                                command: excitons                                
 --------------------------------------------------------------------------------
 XTB basis setup:                        reference basis
 Implicit solvation model:               none
 Number of basis functions:            244
 GFN version:                            chlorophyll
 Integral screening threshold:           1.00e-10
 Total charge:                           0.000000000
 Number of electrons:                  218.000000000
 Electronic temperature (Kelvin):        0.000000000

 D3BJ energy:                           -0.061616496
 Repulsive energy:                       1.513877039

 ****************************************************
  Running robust self-consistent charge (SCC) solver 
 ****************************************************
 Number of SCC trials:                   4
 Using the stop-early mechanism for the first 3 trials

 Conv. threshold (charge):               1.00e-05
 Conv. threshold (energy):               1.00e-06
 Initial guess:                          SAD

 -------------
  SCC Trial 1 
 -------------
 Broyden mixing factor:                  0.400000000
 Max number of iterations:             128

 ---------------------------------------------------------------
                  energy        change          grad        time
 ---------------------------------------------------------------
   0      -125.940339280                    6.47e-01        0.01
   1      -126.605005694     -6.65e-01      3.69e-01        0.00
   2      -126.589997423      1.50e-02      9.49e-02        0.01
   3      -126.596888368     -6.89e-03      2.12e-02        0.00
   4      -126.618624736     -2.17e-02      4.62e-03        0.00
   5      -126.619709304     -1.08e-03      1.67e-03        0.00
   6      -126.619807608     -9.83e-05      9.85e-04        0.01
   7      -126.619879691     -7.21e-05      1.77e-04        0.01
   8      -126.619881031     -1.34e-06      5.56e-05        0.01
   9      -126.619881073     -4.16e-08      2.51e-05        0.00
  10      -126.619881081     -7.83e-09      9.47e-06        0.00
  11      -126.619881082     -1.03e-09      2.91e-06        0.00

 SCF converged in 10 iterations.

 Entropy contribution (-ST):             0.000000000
 Dipole moment (in Debye):              -3.282007       1.515429       0.651549

Chlorophyll parameters
 D_scl:                                  0.636
 Mg_p:                                   0.902
 Mg_s:                                   1.053
 Mgp_Np:                                 1.402
 Mgp_Ns:                                 1.067
 Mgs_Np:                                 1.023
 Mgs_Ns:                                 1.468
 N_p:                                    1.044
 N_s:                                    1.281
 a_x:                                    0.067
 k_p:                                    2.694
 k_s:                                    1.462
 y_J:                                    4.012
 y_K:                                    2.147

 ----------------
  Excitation 0 1 
 ----------------
 Setting up Delta-SCF
 Ground-Excited state overlap:           0.000000000
 No correction applied to the TDM.
 Excitation energy:                      0.066612755
 Excitation energy (in eV):              1.812625398
 Transition dipole:                     -2.31313      -1.45113       0.12214
 XTB basis setup:                        reference basis
 Implicit solvation model:               none
 Number of basis functions:            244
 GFN version:                            chlorophyll
 Integral screening threshold:           1.00e-10
 Total charge:                           0.000000000
 Number of electrons:                  218.000000000
 Electronic temperature (Kelvin):        0.000000000

 D3BJ energy:                           -0.061862949
 Repulsive energy:                       1.503197898

 ****************************************************
  Running robust self-consistent charge (SCC) solver 
 ****************************************************
 Number of SCC trials:                   4
 Using the stop-early mechanism for the first 3 trials

 Conv. threshold (charge):               1.00e-05
 Conv. threshold (energy):               1.00e-06
 Initial guess:                          SAD

 -------------
  SCC Trial 1 
 -------------
 Broyden mixing factor:                  0.400000000
 Max number of iterations:             128

 ---------------------------------------------------------------
                  energy        change          grad        time
 ---------------------------------------------------------------
   0      -125.857059351                    6.46e-01        0.01
   1      -126.537308994     -6.80e-01      3.68e-01        0.01
   2      -126.451952128      8.54e-02      1.02e-01        0.01
   3      -126.378614683      7.33e-02      4.81e-02        0.01
   4      -126.558612001     -1.80e-01      9.12e-03        0.01
   5      -126.560652894     -2.04e-03      2.75e-03        0.01
   6      -126.560663667     -1.08e-05      1.09e-03        0.01
   7      -126.560724143     -6.05e-05      4.60e-04        0.01
   8      -126.560726855     -2.71e-06      2.36e-04        0.01
   9      -126.560727446     -5.91e-07      1.03e-04        0.01
  10      -126.560727550     -1.05e-07      2.32e-05        0.01
  11      -126.560727558     -7.49e-09      5.34e-06        0.01
  12      -126.560727558     -4.83e-10      1.56e-06        0.01

 SCF converged in 11 iterations.

 Entropy contribution (-ST):             0.000000000
 Dipole moment (in Debye):               2.437805       1.262643       0.288113

Chlorophyll parameters
 D_scl:                                  0.636
 Mg_p:                                   0.902
 Mg_s:                                   1.053
 Mgp_Np:                                 1.402
 Mgp_Ns:                                 1.067
 Mgs_Np:                                 1.023
 Mgs_Ns:                                 1.468
 N_p:                                    1.044
 N_s:                                    1.281
 a_x:                                    0.067
 k_p:                                    2.694
 k_s:                                    1.462
 y_J:                                    4.012
 y_K:                                    2.147

 ----------------
  Excitation 0 1 
 ----------------
 Setting up Delta-SCF
 Ground-Excited state overlap:           0.000000000
 No correction applied to the TDM.
 Excitation energy:                      0.066524245
 Excitation energy (in eV):              1.810216914
 Transition dipole:                     -1.44026       2.26239      -0.05923

 ******************
  Exciton analysis 
 ******************

 eigenvalues
 -----------
 state 0:                             -253.1806 hr
 state 1:                             -253.1141 hr
 state 2:                             -253.1140 hr

 coupling energies
 -----------------
 states 1, 2:                            5.2990 cm^-1

 distances
 ---------
 chromophore 1, 2:                      71.3451 au

 charge centers
                         X                   Y                   Z
 1            77.210392693        19.407210238        58.808376331
 2            92.821178946        85.278871141        81.332767752
 Saving results in set 'trunc_bchla_10_bchla_14_frame_24801'

 --------------------------------------------------------------------------------

 End time:                               Fri Sep 10 12:04:10 2021
 Total wall-clock time:                  0.454 seconds
==================================================================================
