
================================================================================
          _____________ ________ _______________ ________     _________         
         / ___________// ______ \\_____   _____// ______ \   / ________)        
        / /_________  / /      \ \     | |     / /      \ \ | (_______          
       |  __________|| |        | |    | |    | |        | | \________ \        
        \ \_________ | |        | |    | |     \ \______/ /___________) |       
         \__________||_|        |_|    |_|      \________//____________/        
                                                                                
====================================[ Qcore ]===================================

 Git hash:   0385c69a4f85ff35f953e853350ecec6fa7ab330
 Git date:   Wed, 8 Sep 2021 10:09:58 +0100
 Compiler:   AppleClang 10.0.1.10010046
 Build type: Release
 Version:    2.1.1

 Start time: Fri Sep 10 11:55:34 2021

 Data directory: /Users/of15641/qcore/cmake-build-release/share/entos/2.1.1/data
 Number of threads: 2
 Number of threads was determined by: number of physical cores

 --------------------------------------------------------------------------------
                                command: excitons                                
 --------------------------------------------------------------------------------
 XTB basis setup:                        reference basis
 Implicit solvation model:               none
 Number of basis functions:            244
 GFN version:                            chlorophyll
 Integral screening threshold:           1.00e-10
 Total charge:                           0.000000000
 Number of electrons:                  218.000000000
 Electronic temperature (Kelvin):        0.000000000

 D3BJ energy:                           -0.061967348
 Repulsive energy:                       1.482420734

 ****************************************************
  Running robust self-consistent charge (SCC) solver 
 ****************************************************
 Number of SCC trials:                   4
 Using the stop-early mechanism for the first 3 trials

 Conv. threshold (charge):               1.00e-05
 Conv. threshold (energy):               1.00e-06
 Initial guess:                          SAD

 -------------
  SCC Trial 1 
 -------------
 Broyden mixing factor:                  0.400000000
 Max number of iterations:             128

 ---------------------------------------------------------------
                  energy        change          grad        time
 ---------------------------------------------------------------
   0      -125.891468985                    6.46e-01        0.01
   1      -126.559389207     -6.68e-01      3.68e-01        0.00
   2      -126.539749969      1.96e-02      9.65e-02        0.00
   3      -126.521229194      1.85e-02      3.11e-02        0.00
   4      -126.567148697     -4.59e-02      9.36e-03        0.00
   5      -126.572779125     -5.63e-03      2.67e-03        0.00
   6      -126.573263950     -4.85e-04      8.16e-04        0.00
   7      -126.573297456     -3.35e-05      2.12e-04        0.00
   8      -126.573299167     -1.71e-06      7.73e-05        0.00
   9      -126.573299249     -8.22e-08      3.43e-05        0.00
  10      -126.573299263     -1.45e-08      1.29e-05        0.01
  11      -126.573299266     -2.37e-09      3.61e-06        0.00
  12      -126.573299266     -2.85e-11      1.26e-06        0.00

 SCF converged in 11 iterations.

 Entropy contribution (-ST):             0.000000000
 Dipole moment (in Debye):              -2.298536       0.101183       1.282909

Chlorophyll parameters
 D_scl:                                  0.636
 Mg_p:                                   0.902
 Mg_s:                                   1.053
 Mgp_Np:                                 1.402
 Mgp_Ns:                                 1.067
 Mgs_Np:                                 1.023
 Mgs_Ns:                                 1.468
 N_p:                                    1.044
 N_s:                                    1.281
 a_x:                                    0.067
 k_p:                                    2.694
 k_s:                                    1.462
 y_J:                                    4.012
 y_K:                                    2.147

 ----------------
  Excitation 0 1 
 ----------------
 Setting up Delta-SCF
 Ground-Excited state overlap:           0.000000000
 No correction applied to the TDM.
 Excitation energy:                      0.063788911
 Excitation energy (in eV):              1.735784694
 Transition dipole:                     -2.29941      -1.32118       0.78951
 XTB basis setup:                        reference basis
 Implicit solvation model:               none
 Number of basis functions:            244
 GFN version:                            chlorophyll
 Integral screening threshold:           1.00e-10
 Total charge:                           0.000000000
 Number of electrons:                  218.000000000
 Electronic temperature (Kelvin):        0.000000000

 D3BJ energy:                           -0.061106989
 Repulsive energy:                       1.496818620

 ****************************************************
  Running robust self-consistent charge (SCC) solver 
 ****************************************************
 Number of SCC trials:                   4
 Using the stop-early mechanism for the first 3 trials

 Conv. threshold (charge):               1.00e-05
 Conv. threshold (energy):               1.00e-06
 Initial guess:                          SAD

 -------------
  SCC Trial 1 
 -------------
 Broyden mixing factor:                  0.400000000
 Max number of iterations:             128

 ---------------------------------------------------------------
                  energy        change          grad        time
 ---------------------------------------------------------------
   0      -125.851351586                    6.47e-01        0.01
   1      -126.561377360     -7.10e-01      3.69e-01        0.01
   2      -126.545950422      1.54e-02      1.00e-01        0.01
   3      -126.551927413     -5.98e-03      2.31e-02        0.01
   4      -126.575556710     -2.36e-02      4.42e-03        0.01
   5      -126.576530933     -9.74e-04      1.61e-03        0.01
   6      -126.576639093     -1.08e-04      4.66e-04        0.01
   7      -126.576644248     -5.15e-06      2.47e-04        0.01
   8      -126.576648629     -4.38e-06      8.19e-05        0.01
   9      -126.576648893     -2.64e-07      2.95e-05        0.01
  10      -126.576648900     -7.20e-09      1.16e-05        0.01
  11      -126.576648901     -8.02e-10      3.56e-06        0.01
  12      -126.576648901     -1.21e-10      9.64e-07        0.01

 SCF converged in 11 iterations.

 Entropy contribution (-ST):             0.000000000
 Dipole moment (in Debye):               4.472459       0.001941      -0.091634

Chlorophyll parameters
 D_scl:                                  0.636
 Mg_p:                                   0.902
 Mg_s:                                   1.053
 Mgp_Np:                                 1.402
 Mgp_Ns:                                 1.067
 Mgs_Np:                                 1.023
 Mgs_Ns:                                 1.468
 N_p:                                    1.044
 N_s:                                    1.281
 a_x:                                    0.067
 k_p:                                    2.694
 k_s:                                    1.462
 y_J:                                    4.012
 y_K:                                    2.147

 ----------------
  Excitation 0 1 
 ----------------
 Setting up Delta-SCF
 Ground-Excited state overlap:          -0.000000000
 No correction applied to the TDM.
 Excitation energy:                      0.067610932
 Excitation energy (in eV):              1.839787187
 Transition dipole:                     -2.43665      -1.23189       0.34254

 ******************
  Exciton analysis 
 ******************

 eigenvalues
 -----------
 state 0:                             -253.1536 hr
 state 1:                             -253.0900 hr
 state 2:                             -253.0853 hr

 coupling energies
 -----------------
 states 1, 2:                         -349.5182 cm^-1

 distances
 ---------
 chromophore 1, 2:                      17.1140 au

 charge centers
                         X                   Y                   Z
 1            78.500404764        18.596578485        59.317028469
 2            88.241698507        32.334907670        56.275167896
 Saving results in set 'trunc_bchla_10_bchla_12_frame_26101'

 --------------------------------------------------------------------------------

 End time:                               Fri Sep 10 11:55:35 2021
 Total wall-clock time:                  0.458 seconds
==================================================================================
