
================================================================================
          _____________ ________ _______________ ________     _________         
         / ___________// ______ \\_____   _____// ______ \   / ________)        
        / /_________  / /      \ \     | |     / /      \ \ | (_______          
       |  __________|| |        | |    | |    | |        | | \________ \        
        \ \_________ | |        | |    | |     \ \______/ /___________) |       
         \__________||_|        |_|    |_|      \________//____________/        
                                                                                
====================================[ Qcore ]===================================

 Git hash:   0385c69a4f85ff35f953e853350ecec6fa7ab330
 Git date:   Wed, 8 Sep 2021 10:09:58 +0100
 Compiler:   AppleClang 10.0.1.10010046
 Build type: Release
 Version:    2.1.1

 Start time: Fri Sep 10 11:54:09 2021

 Data directory: /Users/of15641/qcore/cmake-build-release/share/entos/2.1.1/data
 Number of threads: 2
 Number of threads was determined by: number of physical cores

 --------------------------------------------------------------------------------
                                command: excitons                                
 --------------------------------------------------------------------------------
 XTB basis setup:                        reference basis
 Implicit solvation model:               none
 Number of basis functions:            244
 GFN version:                            chlorophyll
 Integral screening threshold:           1.00e-10
 Total charge:                           0.000000000
 Number of electrons:                  218.000000000
 Electronic temperature (Kelvin):        0.000000000

 D3BJ energy:                           -0.061907750
 Repulsive energy:                       1.523463734

 ****************************************************
  Running robust self-consistent charge (SCC) solver 
 ****************************************************
 Number of SCC trials:                   4
 Using the stop-early mechanism for the first 3 trials

 Conv. threshold (charge):               1.00e-05
 Conv. threshold (energy):               1.00e-06
 Initial guess:                          SAD

 -------------
  SCC Trial 1 
 -------------
 Broyden mixing factor:                  0.400000000
 Max number of iterations:             128

 ---------------------------------------------------------------
                  energy        change          grad        time
 ---------------------------------------------------------------
   0      -125.906121727                    6.49e-01        0.01
   1      -126.606302250     -7.00e-01      3.70e-01        0.00
   2      -126.572958352      3.33e-02      1.00e-01        0.00
   3      -126.561055019      1.19e-02      2.97e-02        0.00
   4      -126.618861897     -5.78e-02      8.97e-03        0.00
   5      -126.624181963     -5.32e-03      2.15e-03        0.00
   6      -126.624382047     -2.00e-04      8.01e-04        0.01
   7      -126.624409791     -2.77e-05      2.48e-04        0.01
   8      -126.624412129     -2.34e-06      9.98e-05        0.00
   9      -126.624412217     -8.82e-08      4.32e-05        0.00
  10      -126.624412222     -5.00e-09      1.45e-05        0.00
  11      -126.624412225     -2.56e-09      4.33e-06        0.00
  12      -126.624412225     -2.67e-10      1.16e-06        0.00

 SCF converged in 11 iterations.

 Entropy contribution (-ST):             0.000000000
 Dipole moment (in Debye):              -2.381550       1.013188       1.036984

Chlorophyll parameters
 D_scl:                                  0.636
 Mg_p:                                   0.902
 Mg_s:                                   1.053
 Mgp_Np:                                 1.402
 Mgp_Ns:                                 1.067
 Mgs_Np:                                 1.023
 Mgs_Ns:                                 1.468
 N_p:                                    1.044
 N_s:                                    1.281
 a_x:                                    0.067
 k_p:                                    2.694
 k_s:                                    1.462
 y_J:                                    4.012
 y_K:                                    2.147

 ----------------
  Excitation 0 1 
 ----------------
 Setting up Delta-SCF
 Ground-Excited state overlap:           0.000000000
 No correction applied to the TDM.
 Excitation energy:                      0.067590805
 Excitation energy (in eV):              1.839239494
 Transition dipole:                      2.48784       1.17008       0.31003
 XTB basis setup:                        reference basis
 Implicit solvation model:               none
 Number of basis functions:            244
 GFN version:                            chlorophyll
 Integral screening threshold:           1.00e-10
 Total charge:                           0.000000000
 Number of electrons:                  218.000000000
 Electronic temperature (Kelvin):        0.000000000

 D3BJ energy:                           -0.061706587
 Repulsive energy:                       1.514558385

 ****************************************************
  Running robust self-consistent charge (SCC) solver 
 ****************************************************
 Number of SCC trials:                   4
 Using the stop-early mechanism for the first 3 trials

 Conv. threshold (charge):               1.00e-05
 Conv. threshold (energy):               1.00e-06
 Initial guess:                          SAD

 -------------
  SCC Trial 1 
 -------------
 Broyden mixing factor:                  0.400000000
 Max number of iterations:             128

 ---------------------------------------------------------------
                  energy        change          grad        time
 ---------------------------------------------------------------
   0      -125.946170874                    6.48e-01        0.01
   1      -126.618562357     -6.72e-01      3.70e-01        0.01
   2      -126.597170059      2.14e-02      9.63e-02        0.01
   3      -126.597684966     -5.15e-04      2.55e-02        0.01
   4      -126.631731893     -3.40e-02      4.53e-03        0.01
   5      -126.632754522     -1.02e-03      1.66e-03        0.01
   6      -126.632892324     -1.38e-04      9.24e-04        0.01
   7      -126.632952850     -6.05e-05      1.70e-04        0.01
   8      -126.632954305     -1.45e-06      6.15e-05        0.01
   9      -126.632954373     -6.81e-08      2.48e-05        0.01
  10      -126.632954379     -6.53e-09      9.55e-06        0.01
  11      -126.632954381     -1.44e-09      2.89e-06        0.01

 SCF converged in 10 iterations.

 Entropy contribution (-ST):             0.000000000
 Dipole moment (in Debye):               4.992208      -0.818364       0.183749

Chlorophyll parameters
 D_scl:                                  0.636
 Mg_p:                                   0.902
 Mg_s:                                   1.053
 Mgp_Np:                                 1.402
 Mgp_Ns:                                 1.067
 Mgs_Np:                                 1.023
 Mgs_Ns:                                 1.468
 N_p:                                    1.044
 N_s:                                    1.281
 a_x:                                    0.067
 k_p:                                    2.694
 k_s:                                    1.462
 y_J:                                    4.012
 y_K:                                    2.147

 ----------------
  Excitation 0 1 
 ----------------
 Setting up Delta-SCF
 Ground-Excited state overlap:          -0.000000000
 No correction applied to the TDM.
 Excitation energy:                      0.068036259
 Excitation energy (in eV):              1.851360927
 Transition dipole:                     -2.56041      -0.89278       0.81180

 ******************
  Exciton analysis 
 ******************

 eigenvalues
 -----------
 state 0:                             -253.2602 hr
 state 1:                             -253.1939 hr
 state 2:                             -253.1910 hr

 coupling energies
 -----------------
 states 1, 2:                          310.6150 cm^-1

 distances
 ---------
 chromophore 1, 2:                      17.5848 au

 charge centers
                         X                   Y                   Z
 1            76.379023773        15.780562028        57.108647377
 2            87.528378105        29.165734687        54.709921612
 Saving results in set 'trunc_bchla_10_bchla_12_frame_11101'

 --------------------------------------------------------------------------------

 End time:                               Fri Sep 10 11:54:10 2021
 Total wall-clock time:                  0.441 seconds
==================================================================================
