
================================================================================
          _____________ ________ _______________ ________     _________         
         / ___________// ______ \\_____   _____// ______ \   / ________)        
        / /_________  / /      \ \     | |     / /      \ \ | (_______          
       |  __________|| |        | |    | |    | |        | | \________ \        
        \ \_________ | |        | |    | |     \ \______/ /___________) |       
         \__________||_|        |_|    |_|      \________//____________/        
                                                                                
====================================[ Qcore ]===================================

 Git hash:   0385c69a4f85ff35f953e853350ecec6fa7ab330
 Git date:   Wed, 8 Sep 2021 10:09:58 +0100
 Compiler:   AppleClang 10.0.1.10010046
 Build type: Release
 Version:    2.1.1

 Start time: Fri Sep 10 12:03:47 2021

 Data directory: /Users/of15641/qcore/cmake-build-release/share/entos/2.1.1/data
 Number of threads: 2
 Number of threads was determined by: number of physical cores

 --------------------------------------------------------------------------------
                                command: excitons                                
 --------------------------------------------------------------------------------
 XTB basis setup:                        reference basis
 Implicit solvation model:               none
 Number of basis functions:            244
 GFN version:                            chlorophyll
 Integral screening threshold:           1.00e-10
 Total charge:                           0.000000000
 Number of electrons:                  218.000000000
 Electronic temperature (Kelvin):        0.000000000

 D3BJ energy:                           -0.061683688
 Repulsive energy:                       1.483889019

 ****************************************************
  Running robust self-consistent charge (SCC) solver 
 ****************************************************
 Number of SCC trials:                   4
 Using the stop-early mechanism for the first 3 trials

 Conv. threshold (charge):               1.00e-05
 Conv. threshold (energy):               1.00e-06
 Initial guess:                          SAD

 -------------
  SCC Trial 1 
 -------------
 Broyden mixing factor:                  0.400000000
 Max number of iterations:             128

 ---------------------------------------------------------------
                  energy        change          grad        time
 ---------------------------------------------------------------
   0      -125.906436607                    6.47e-01        0.01
   1      -126.599352050     -6.93e-01      3.69e-01        0.01
   2      -126.573363111      2.60e-02      9.95e-02        0.01
   3      -126.578504216     -5.14e-03      2.58e-02        0.01
   4      -126.614346223     -3.58e-02      4.28e-03        0.01
   5      -126.615244388     -8.98e-04      1.53e-03        0.01
   6      -126.615333302     -8.89e-05      7.12e-04        0.02
   7      -126.615358806     -2.55e-05      3.11e-04        0.01
   8      -126.615365215     -6.41e-06      6.79e-05        0.01
   9      -126.615365263     -4.85e-08      3.34e-05        0.01
  10      -126.615365276     -1.25e-08      1.23e-05        0.01
  11      -126.615365277     -9.01e-10      3.66e-06        0.01
  12      -126.615365277     -1.79e-10      1.06e-06        0.01

 SCF converged in 11 iterations.

 Entropy contribution (-ST):             0.000000000
 Dipole moment (in Debye):              -2.498179       0.780438       1.310909

Chlorophyll parameters
 D_scl:                                  0.636
 Mg_p:                                   0.902
 Mg_s:                                   1.053
 Mgp_Np:                                 1.402
 Mgp_Ns:                                 1.067
 Mgs_Np:                                 1.023
 Mgs_Ns:                                 1.468
 N_p:                                    1.044
 N_s:                                    1.281
 a_x:                                    0.067
 k_p:                                    2.694
 k_s:                                    1.462
 y_J:                                    4.012
 y_K:                                    2.147

 ----------------
  Excitation 0 1 
 ----------------
 Setting up Delta-SCF
 Ground-Excited state overlap:          -0.000000000
 No correction applied to the TDM.
 Excitation energy:                      0.066582632
 Excitation energy (in eV):              1.811805722
 Transition dipole:                     -2.50321      -1.18909       0.40931
 XTB basis setup:                        reference basis
 Implicit solvation model:               none
 Number of basis functions:            244
 GFN version:                            chlorophyll
 Integral screening threshold:           1.00e-10
 Total charge:                           0.000000000
 Number of electrons:                  218.000000000
 Electronic temperature (Kelvin):        0.000000000

 D3BJ energy:                           -0.061704655
 Repulsive energy:                       1.479013794

 ****************************************************
  Running robust self-consistent charge (SCC) solver 
 ****************************************************
 Number of SCC trials:                   4
 Using the stop-early mechanism for the first 3 trials

 Conv. threshold (charge):               1.00e-05
 Conv. threshold (energy):               1.00e-06
 Initial guess:                          SAD

 -------------
  SCC Trial 1 
 -------------
 Broyden mixing factor:                  0.400000000
 Max number of iterations:             128

 ---------------------------------------------------------------
                  energy        change          grad        time
 ---------------------------------------------------------------
   0      -125.900730732                    6.46e-01        0.01
   1      -126.601517561     -7.01e-01      3.68e-01        0.01
   2      -126.577298189      2.42e-02      1.02e-01        0.01
   3      -126.570962687      6.34e-03      2.77e-02        0.01
   4      -126.611550226     -4.06e-02      9.32e-03        0.01
   5      -126.617612005     -6.06e-03      1.98e-03        0.01
   6      -126.617759675     -1.48e-04      7.45e-04        0.01
   7      -126.617784153     -2.45e-05      2.77e-04        0.01
   8      -126.617787666     -3.51e-06      9.26e-05        0.01
   9      -126.617787747     -8.03e-08      4.57e-05        0.02
  10      -126.617787775     -2.84e-08      1.99e-05        0.01
  11      -126.617787779     -4.22e-09      3.95e-06        0.01
  12      -126.617787779     -2.56e-10      1.39e-06        0.01

 SCF converged in 11 iterations.

 Entropy contribution (-ST):             0.000000000
 Dipole moment (in Debye):               3.192614       0.672981       3.243251

Chlorophyll parameters
 D_scl:                                  0.636
 Mg_p:                                   0.902
 Mg_s:                                   1.053
 Mgp_Np:                                 1.402
 Mgp_Ns:                                 1.067
 Mgs_Np:                                 1.023
 Mgs_Ns:                                 1.468
 N_p:                                    1.044
 N_s:                                    1.281
 a_x:                                    0.067
 k_p:                                    2.694
 k_s:                                    1.462
 y_J:                                    4.012
 y_K:                                    2.147

 ----------------
  Excitation 0 1 
 ----------------
 Setting up Delta-SCF
 Ground-Excited state overlap:          -0.000000000
 No correction applied to the TDM.
 Excitation energy:                      0.067492806
 Excitation energy (in eV):              1.836572800
 Transition dipole:                     -1.63417       2.16765       0.23381

 ******************
  Exciton analysis 
 ******************

 eigenvalues
 -----------
 state 0:                             -253.2332 hr
 state 1:                             -253.1666 hr
 state 2:                             -253.1657 hr

 coupling energies
 -----------------
 states 1, 2:                            5.2078 cm^-1

 distances
 ---------
 chromophore 1, 2:                      71.3546 au

 charge centers
                         X                   Y                   Z
 1            77.663826892        18.262448951        57.733109771
 2            90.280626187        84.600888496        80.787457637
 Saving results in set 'trunc_bchla_10_bchla_14_frame_20901'

 --------------------------------------------------------------------------------

 End time:                               Fri Sep 10 12:03:48 2021
 Total wall-clock time:                  0.492 seconds
==================================================================================
