
================================================================================
          _____________ ________ _______________ ________     _________         
         / ___________// ______ \\_____   _____// ______ \   / ________)        
        / /_________  / /      \ \     | |     / /      \ \ | (_______          
       |  __________|| |        | |    | |    | |        | | \________ \        
        \ \_________ | |        | |    | |     \ \______/ /___________) |       
         \__________||_|        |_|    |_|      \________//____________/        
                                                                                
====================================[ Qcore ]===================================

 Git hash:   0385c69a4f85ff35f953e853350ecec6fa7ab330
 Git date:   Wed, 8 Sep 2021 10:09:58 +0100
 Compiler:   AppleClang 10.0.1.10010046
 Build type: Release
 Version:    2.1.1

 Start time: Thu Sep  9 11:31:55 2021

 Data directory: /Users/of15641/qcore/cmake-build-release/share/entos/2.1.1/data
 Number of threads: 2
 Number of threads was determined by: number of physical cores

 --------------------------------------------------------------------------------
                                command: excitons                                
 --------------------------------------------------------------------------------
 XTB basis setup:                        reference basis
 Implicit solvation model:               none
 Number of basis functions:            244
 GFN version:                            chlorophyll
 Integral screening threshold:           1.00e-10
 Total charge:                           0.000000000
 Number of electrons:                  218.000000000
 Electronic temperature (Kelvin):        0.000000000

 D3BJ energy:                           -0.062031048
 Repulsive energy:                       1.509915666

 ****************************************************
  Running robust self-consistent charge (SCC) solver 
 ****************************************************
 Number of SCC trials:                   4
 Using the stop-early mechanism for the first 3 trials

 Conv. threshold (charge):               1.00e-05
 Conv. threshold (energy):               1.00e-06
 Initial guess:                          SAD

 -------------
  SCC Trial 1 
 -------------
 Broyden mixing factor:                  0.400000000
 Max number of iterations:             128

 ---------------------------------------------------------------
                  energy        change          grad        time
 ---------------------------------------------------------------
   0      -125.911224619                    6.47e-01        0.01
   1      -126.596557158     -6.85e-01      3.69e-01        0.01
   2      -126.536975256      5.96e-02      1.01e-01        0.00
   3      -126.503078086      3.39e-02      3.86e-02        0.00
   4      -126.614697114     -1.12e-01      9.08e-03        0.00
   5      -126.619013308     -4.32e-03      2.67e-03        0.00
   6      -126.619187262     -1.74e-04      1.19e-03        0.01
   7      -126.619237920     -5.07e-05      3.11e-04        0.00
   8      -126.619239600     -1.68e-06      1.93e-04        0.00
   9      -126.619239924     -3.24e-07      6.59e-05        0.01
  10      -126.619239953     -2.93e-08      1.55e-05        0.00
  11      -126.619239957     -3.76e-09      3.94e-06        0.00
  12      -126.619239957     -2.27e-10      1.23e-06        0.00

 SCF converged in 11 iterations.

 Entropy contribution (-ST):             0.000000000
 Dipole moment (in Debye):              -1.345046       1.679741       1.220205

Chlorophyll parameters
 D_scl:                                  0.636
 Mg_p:                                   0.902
 Mg_s:                                   1.053
 Mgp_Np:                                 1.402
 Mgp_Ns:                                 1.067
 Mgs_Np:                                 1.023
 Mgs_Ns:                                 1.468
 N_p:                                    1.044
 N_s:                                    1.281
 a_x:                                    0.067
 k_p:                                    2.694
 k_s:                                    1.462
 y_J:                                    4.012
 y_K:                                    2.147

 ----------------
  Excitation 0 1 
 ----------------
 Setting up Delta-SCF
 Ground-Excited state overlap:          -0.000000000
 No correction applied to the TDM.
 Excitation energy:                      0.068068187
 Excitation energy (in eV):              1.852229726
 Transition dipole:                     -0.09883      -2.73606      -0.10102
 XTB basis setup:                        reference basis
 Implicit solvation model:               none
 Number of basis functions:            244
 GFN version:                            chlorophyll
 Integral screening threshold:           1.00e-10
 Total charge:                           0.000000000
 Number of electrons:                  218.000000000
 Electronic temperature (Kelvin):        0.000000000

 D3BJ energy:                           -0.061234761
 Repulsive energy:                       1.485709971

 ****************************************************
  Running robust self-consistent charge (SCC) solver 
 ****************************************************
 Number of SCC trials:                   4
 Using the stop-early mechanism for the first 3 trials

 Conv. threshold (charge):               1.00e-05
 Conv. threshold (energy):               1.00e-06
 Initial guess:                          SAD

 -------------
  SCC Trial 1 
 -------------
 Broyden mixing factor:                  0.400000000
 Max number of iterations:             128

 ---------------------------------------------------------------
                  energy        change          grad        time
 ---------------------------------------------------------------
   0      -125.871169769                    6.46e-01        0.01
   1      -126.569182441     -6.98e-01      3.69e-01        0.01
   2      -126.528831526      4.04e-02      1.00e-01        0.01
   3      -126.487934588      4.09e-02      3.50e-02        0.01
   4      -126.581357903     -9.34e-02      9.82e-03        0.01
   5      -126.586453994     -5.10e-03      2.36e-03        0.01
   6      -126.586504812     -5.08e-05      1.00e-03        0.01
   7      -126.586538524     -3.37e-05      3.45e-04        0.01
   8      -126.586542089     -3.56e-06      2.20e-04        0.01
   9      -126.586542918     -8.29e-07      7.67e-05        0.01
  10      -126.586542926     -8.66e-09      2.54e-05        0.01
  11      -126.586542933     -6.93e-09      6.58e-06        0.01
  12      -126.586542934     -7.02e-10      1.60e-06        0.01

 SCF converged in 11 iterations.

 Entropy contribution (-ST):             0.000000000
 Dipole moment (in Debye):              -1.329698       2.417868       0.140385

Chlorophyll parameters
 D_scl:                                  0.636
 Mg_p:                                   0.902
 Mg_s:                                   1.053
 Mgp_Np:                                 1.402
 Mgp_Ns:                                 1.067
 Mgs_Np:                                 1.023
 Mgs_Ns:                                 1.468
 N_p:                                    1.044
 N_s:                                    1.281
 a_x:                                    0.067
 k_p:                                    2.694
 k_s:                                    1.462
 y_J:                                    4.012
 y_K:                                    2.147

 ----------------
  Excitation 0 1 
 ----------------
 Setting up Delta-SCF
 Ground-Excited state overlap:          -0.000000000
 No correction applied to the TDM.
 Excitation energy:                      0.065613426
 Excitation energy (in eV):              1.785432283
 Transition dipole:                      2.72389      -0.06480       0.51393

 ******************
  Exciton analysis 
 ******************

 eigenvalues
 -----------
 state 0:                             -253.2058 hr
 state 1:                             -253.1402 hr
 state 2:                             -253.1377 hr

 coupling energies
 -----------------
 states 1, 2:                            2.1193 cm^-1

 distances
 ---------
 chromophore 1, 2:                      51.4200 au

 charge centers
                         X                   Y                   Z
 1            -3.884265980        31.966975125        53.063581035
 2             1.864922918        82.806461521        47.934407928
 Saving results in set 'trunc_bchla_1_bchla_24_frame_40001'

 --------------------------------------------------------------------------------

 End time:                               Thu Sep  9 11:31:55 2021
 Total wall-clock time:                  0.452 seconds
==================================================================================
