
================================================================================
          _____________ ________ _______________ ________     _________         
         / ___________// ______ \\_____   _____// ______ \   / ________)        
        / /_________  / /      \ \     | |     / /      \ \ | (_______          
       |  __________|| |        | |    | |    | |        | | \________ \        
        \ \_________ | |        | |    | |     \ \______/ /___________) |       
         \__________||_|        |_|    |_|      \________//____________/        
                                                                                
====================================[ Qcore ]===================================

 Git hash:   0385c69a4f85ff35f953e853350ecec6fa7ab330
 Git date:   Wed, 8 Sep 2021 10:09:58 +0100
 Compiler:   AppleClang 10.0.1.10010046
 Build type: Release
 Version:    2.1.1

 Start time: Fri Sep 10 11:59:40 2021

 Data directory: /Users/of15641/qcore/cmake-build-release/share/entos/2.1.1/data
 Number of threads: 2
 Number of threads was determined by: number of physical cores

 --------------------------------------------------------------------------------
                                command: excitons                                
 --------------------------------------------------------------------------------
 XTB basis setup:                        reference basis
 Implicit solvation model:               none
 Number of basis functions:            244
 GFN version:                            chlorophyll
 Integral screening threshold:           1.00e-10
 Total charge:                           0.000000000
 Number of electrons:                  218.000000000
 Electronic temperature (Kelvin):        0.000000000

 D3BJ energy:                           -0.061616496
 Repulsive energy:                       1.513877039

 ****************************************************
  Running robust self-consistent charge (SCC) solver 
 ****************************************************
 Number of SCC trials:                   4
 Using the stop-early mechanism for the first 3 trials

 Conv. threshold (charge):               1.00e-05
 Conv. threshold (energy):               1.00e-06
 Initial guess:                          SAD

 -------------
  SCC Trial 1 
 -------------
 Broyden mixing factor:                  0.400000000
 Max number of iterations:             128

 ---------------------------------------------------------------
                  energy        change          grad        time
 ---------------------------------------------------------------
   0      -125.940339280                    6.47e-01        0.01
   1      -126.605005694     -6.65e-01      3.69e-01        0.00
   2      -126.589997423      1.50e-02      9.49e-02        0.00
   3      -126.596888368     -6.89e-03      2.12e-02        0.00
   4      -126.618624736     -2.17e-02      4.62e-03        0.00
   5      -126.619709304     -1.08e-03      1.67e-03        0.00
   6      -126.619807608     -9.83e-05      9.85e-04        0.02
   7      -126.619879691     -7.21e-05      1.77e-04        0.00
   8      -126.619881031     -1.34e-06      5.56e-05        0.00
   9      -126.619881073     -4.16e-08      2.51e-05        0.00
  10      -126.619881081     -7.83e-09      9.47e-06        0.00
  11      -126.619881082     -1.03e-09      2.91e-06        0.01

 SCF converged in 10 iterations.

 Entropy contribution (-ST):             0.000000000
 Dipole moment (in Debye):              -3.282007       1.515429       0.651549

Chlorophyll parameters
 D_scl:                                  0.636
 Mg_p:                                   0.902
 Mg_s:                                   1.053
 Mgp_Np:                                 1.402
 Mgp_Ns:                                 1.067
 Mgs_Np:                                 1.023
 Mgs_Ns:                                 1.468
 N_p:                                    1.044
 N_s:                                    1.281
 a_x:                                    0.067
 k_p:                                    2.694
 k_s:                                    1.462
 y_J:                                    4.012
 y_K:                                    2.147

 ----------------
  Excitation 0 1 
 ----------------
 Setting up Delta-SCF
 Ground-Excited state overlap:           0.000000000
 No correction applied to the TDM.
 Excitation energy:                      0.066612755
 Excitation energy (in eV):              1.812625398
 Transition dipole:                     -2.31313      -1.45113       0.12214
 XTB basis setup:                        reference basis
 Implicit solvation model:               none
 Number of basis functions:            244
 GFN version:                            chlorophyll
 Integral screening threshold:           1.00e-10
 Total charge:                           0.000000000
 Number of electrons:                  218.000000000
 Electronic temperature (Kelvin):        0.000000000

 D3BJ energy:                           -0.061870102
 Repulsive energy:                       1.515340907

 ****************************************************
  Running robust self-consistent charge (SCC) solver 
 ****************************************************
 Number of SCC trials:                   4
 Using the stop-early mechanism for the first 3 trials

 Conv. threshold (charge):               1.00e-05
 Conv. threshold (energy):               1.00e-06
 Initial guess:                          SAD

 -------------
  SCC Trial 1 
 -------------
 Broyden mixing factor:                  0.400000000
 Max number of iterations:             128

 ---------------------------------------------------------------
                  energy        change          grad        time
 ---------------------------------------------------------------
   0      -125.933537638                    6.46e-01        0.01
   1      -126.594159475     -6.61e-01      3.69e-01        0.01
   2      -126.544843582      4.93e-02      9.81e-02        0.01
   3      -126.502448240      4.24e-02      4.13e-02        0.01
   4      -126.607012815     -1.05e-01      9.25e-03        0.01
   5      -126.612991689     -5.98e-03      2.38e-03        0.01
   6      -126.613185533     -1.94e-04      9.41e-04        0.01
   7      -126.613217757     -3.22e-05      2.84e-04        0.01
   8      -126.613219646     -1.89e-06      1.78e-04        0.01
   9      -126.613220016     -3.70e-07      6.79e-05        0.01
  10      -126.613220070     -5.46e-08      2.57e-05        0.01
  11      -126.613220081     -1.02e-08      5.59e-06        0.01
  12      -126.613220081     -2.47e-10      1.55e-06        0.01

 SCF converged in 11 iterations.

 Entropy contribution (-ST):             0.000000000
 Dipole moment (in Debye):              -3.235714      -2.086711       1.240680

Chlorophyll parameters
 D_scl:                                  0.636
 Mg_p:                                   0.902
 Mg_s:                                   1.053
 Mgp_Np:                                 1.402
 Mgp_Ns:                                 1.067
 Mgs_Np:                                 1.023
 Mgs_Ns:                                 1.468
 N_p:                                    1.044
 N_s:                                    1.281
 a_x:                                    0.067
 k_p:                                    2.694
 k_s:                                    1.462
 y_J:                                    4.012
 y_K:                                    2.147

 ----------------
  Excitation 0 1 
 ----------------
 Setting up Delta-SCF
 Ground-Excited state overlap:          -0.000000000
 No correction applied to the TDM.
 Excitation energy:                      0.067614303
 Excitation energy (in eV):              1.839878904
 Transition dipole:                      1.29356       2.30024      -0.55664

 ******************
  Exciton analysis 
 ******************

 eigenvalues
 -----------
 state 0:                             -253.2333 hr
 state 1:                             -253.1668 hr
 state 2:                             -253.1656 hr

 coupling energies
 -----------------
 states 1, 2:                           85.1281 cm^-1

 distances
 ---------
 chromophore 1, 2:                      32.2312 au

 charge centers
                         X                   Y                   Z
 1            77.210392693        19.407210238        58.808376331
 2            89.891461794        48.971027161        56.803491318
 Saving results in set 'trunc_bchla_10_bchla_13_frame_24801'

 --------------------------------------------------------------------------------

 End time:                               Fri Sep 10 11:59:41 2021
 Total wall-clock time:                  0.448 seconds
==================================================================================
