
================================================================================
          _____________ ________ _______________ ________     _________         
         / ___________// ______ \\_____   _____// ______ \   / ________)        
        / /_________  / /      \ \     | |     / /      \ \ | (_______          
       |  __________|| |        | |    | |    | |        | | \________ \        
        \ \_________ | |        | |    | |     \ \______/ /___________) |       
         \__________||_|        |_|    |_|      \________//____________/        
                                                                                
====================================[ Qcore ]===================================

 Git hash:   0385c69a4f85ff35f953e853350ecec6fa7ab330
 Git date:   Wed, 8 Sep 2021 10:09:58 +0100
 Compiler:   AppleClang 10.0.1.10010046
 Build type: Release
 Version:    2.1.1

 Start time: Thu Sep  9 11:48:58 2021

 Data directory: /Users/of15641/qcore/cmake-build-release/share/entos/2.1.1/data
 Number of threads: 2
 Number of threads was determined by: number of physical cores

 --------------------------------------------------------------------------------
                                command: excitons                                
 --------------------------------------------------------------------------------
 XTB basis setup:                        reference basis
 Implicit solvation model:               none
 Number of basis functions:            244
 GFN version:                            chlorophyll
 Integral screening threshold:           1.00e-10
 Total charge:                           0.000000000
 Number of electrons:                  218.000000000
 Electronic temperature (Kelvin):        0.000000000

 D3BJ energy:                           -0.062272516
 Repulsive energy:                       1.485625679

 ****************************************************
  Running robust self-consistent charge (SCC) solver 
 ****************************************************
 Number of SCC trials:                   4
 Using the stop-early mechanism for the first 3 trials

 Conv. threshold (charge):               1.00e-05
 Conv. threshold (energy):               1.00e-06
 Initial guess:                          SAD

 -------------
  SCC Trial 1 
 -------------
 Broyden mixing factor:                  0.400000000
 Max number of iterations:             128

 ---------------------------------------------------------------
                  energy        change          grad        time
 ---------------------------------------------------------------
   0      -125.876358069                    6.46e-01        0.01
   1      -126.581097691     -7.05e-01      3.69e-01        0.01
   2      -126.547138768      3.40e-02      1.03e-01        0.00
   3      -126.559754008     -1.26e-02      2.86e-02        0.01
   4      -126.600390853     -4.06e-02      5.65e-03        0.00
   5      -126.602092910     -1.70e-03      1.84e-03        0.00
   6      -126.602245650     -1.53e-04      1.01e-03        0.00
   7      -126.602315815     -7.02e-05      2.03e-04        0.00
   8      -126.602317379     -1.56e-06      7.16e-05        0.00
   9      -126.602317444     -6.49e-08      3.40e-05        0.01
  10      -126.602317456     -1.18e-08      1.09e-05        0.00
  11      -126.602317457     -1.10e-09      2.60e-06        0.01
  12      -126.602317457     -5.06e-11      6.58e-07        0.01

 SCF converged in 11 iterations.

 Entropy contribution (-ST):             0.000000000
 Dipole moment (in Debye):              -2.554263       2.561512       0.665495

Chlorophyll parameters
 D_scl:                                  0.636
 Mg_p:                                   0.902
 Mg_s:                                   1.053
 Mgp_Np:                                 1.402
 Mgp_Ns:                                 1.067
 Mgs_Np:                                 1.023
 Mgs_Ns:                                 1.468
 N_p:                                    1.044
 N_s:                                    1.281
 a_x:                                    0.067
 k_p:                                    2.694
 k_s:                                    1.462
 y_J:                                    4.012
 y_K:                                    2.147

 ----------------
  Excitation 0 1 
 ----------------
 Setting up Delta-SCF
 Ground-Excited state overlap:           0.000000000
 No correction applied to the TDM.
 Excitation energy:                      0.068459555
 Excitation energy (in eV):              1.862879395
 Transition dipole:                      2.54743      -0.82101       0.10218
 XTB basis setup:                        reference basis
 Implicit solvation model:               none
 Number of basis functions:            244
 GFN version:                            chlorophyll
 Integral screening threshold:           1.00e-10
 Total charge:                           0.000000000
 Number of electrons:                  218.000000000
 Electronic temperature (Kelvin):        0.000000000

 D3BJ energy:                           -0.062257529
 Repulsive energy:                       1.505332667

 ****************************************************
  Running robust self-consistent charge (SCC) solver 
 ****************************************************
 Number of SCC trials:                   4
 Using the stop-early mechanism for the first 3 trials

 Conv. threshold (charge):               1.00e-05
 Conv. threshold (energy):               1.00e-06
 Initial guess:                          SAD

 -------------
  SCC Trial 1 
 -------------
 Broyden mixing factor:                  0.400000000
 Max number of iterations:             128

 ---------------------------------------------------------------
                  energy        change          grad        time
 ---------------------------------------------------------------
   0      -125.860410963                    6.46e-01        0.01
   1      -126.540491201     -6.80e-01      3.69e-01        0.01
   2      -126.439630474      1.01e-01      1.02e-01        0.01
   3      -126.362014308      7.76e-02      5.04e-02        0.01
   4      -126.564278087     -2.02e-01      1.07e-02        0.01
   5      -126.566576260     -2.30e-03      3.84e-03        0.01
   6      -126.566672241     -9.60e-05      9.88e-04        0.01
   7      -126.566693538     -2.13e-05      6.14e-04        0.01
   8      -126.566696447     -2.91e-06      2.59e-04        0.01
   9      -126.566697062     -6.15e-07      9.96e-05        0.01
  10      -126.566697283     -2.22e-07      2.29e-05        0.01
  11      -126.566697291     -8.26e-09      5.91e-06        0.01
  12      -126.566697292     -3.80e-10      1.49e-06        0.01

 SCF converged in 11 iterations.

 Entropy contribution (-ST):             0.000000000
 Dipole moment (in Debye):               0.551509       2.029133      -0.144308

Chlorophyll parameters
 D_scl:                                  0.636
 Mg_p:                                   0.902
 Mg_s:                                   1.053
 Mgp_Np:                                 1.402
 Mgp_Ns:                                 1.067
 Mgs_Np:                                 1.023
 Mgs_Ns:                                 1.468
 N_p:                                    1.044
 N_s:                                    1.281
 a_x:                                    0.067
 k_p:                                    2.694
 k_s:                                    1.462
 y_J:                                    4.012
 y_K:                                    2.147

 ----------------
  Excitation 0 1 
 ----------------
 Setting up Delta-SCF
 Ground-Excited state overlap:           0.000000000
 No correction applied to the TDM.
 Excitation energy:                      0.064671472
 Excitation energy (in eV):              1.759800400
 Transition dipole:                      1.06664       2.53291       0.00722

 ******************
  Exciton analysis 
 ******************

 eigenvalues
 -----------
 state 0:                             -253.1690 hr
 state 1:                             -253.1043 hr
 state 2:                             -253.1006 hr

 coupling energies
 -----------------
 states 1, 2:                           -2.3827 cm^-1

 distances
 ---------
 chromophore 1, 2:                      75.6308 au

 charge centers
                         X                   Y                   Z
 1            49.348752118         0.427066677        56.754462012
 2            89.679770498        64.289990075        52.886937648
 Saving results in set 'trunc_bchla_7_bchla_15_frame_15001'

 --------------------------------------------------------------------------------

 End time:                               Thu Sep  9 11:48:58 2021
 Total wall-clock time:                  0.459 seconds
==================================================================================
