
================================================================================
          _____________ ________ _______________ ________     _________         
         / ___________// ______ \\_____   _____// ______ \   / ________)        
        / /_________  / /      \ \     | |     / /      \ \ | (_______          
       |  __________|| |        | |    | |    | |        | | \________ \        
        \ \_________ | |        | |    | |     \ \______/ /___________) |       
         \__________||_|        |_|    |_|      \________//____________/        
                                                                                
====================================[ Qcore ]===================================

 Git hash:   0385c69a4f85ff35f953e853350ecec6fa7ab330
 Git date:   Wed, 8 Sep 2021 10:09:58 +0100
 Compiler:   AppleClang 10.0.1.10010046
 Build type: Release
 Version:    2.1.1

 Start time: Fri Sep 10 11:50:04 2021

 Data directory: /Users/of15641/qcore/cmake-build-release/share/entos/2.1.1/data
 Number of threads: 2
 Number of threads was determined by: number of physical cores

 --------------------------------------------------------------------------------
                                command: excitons                                
 --------------------------------------------------------------------------------
 XTB basis setup:                        reference basis
 Implicit solvation model:               none
 Number of basis functions:            244
 GFN version:                            chlorophyll
 Integral screening threshold:           1.00e-10
 Total charge:                           0.000000000
 Number of electrons:                  218.000000000
 Electronic temperature (Kelvin):        0.000000000

 D3BJ energy:                           -0.061594787
 Repulsive energy:                       1.499829915

 ****************************************************
  Running robust self-consistent charge (SCC) solver 
 ****************************************************
 Number of SCC trials:                   4
 Using the stop-early mechanism for the first 3 trials

 Conv. threshold (charge):               1.00e-05
 Conv. threshold (energy):               1.00e-06
 Initial guess:                          SAD

 -------------
  SCC Trial 1 
 -------------
 Broyden mixing factor:                  0.400000000
 Max number of iterations:             128

 ---------------------------------------------------------------
                  energy        change          grad        time
 ---------------------------------------------------------------
   0      -125.899330429                    6.46e-01        0.01
   1      -126.574889125     -6.76e-01      3.69e-01        0.02
   2      -126.512413210      6.25e-02      1.04e-01        0.01
   3      -126.495231239      1.72e-02      4.12e-02        0.01
   4      -126.593396818     -9.82e-02      8.86e-03        0.01
   5      -126.598405311     -5.01e-03      2.33e-03        0.01
   6      -126.598668140     -2.63e-04      1.12e-03        0.02
   7      -126.598732135     -6.40e-05      2.57e-04        0.01
   8      -126.598733097     -9.62e-07      1.58e-04        0.00
   9      -126.598733310     -2.13e-07      6.29e-05        0.00
  10      -126.598733375     -6.52e-08      2.36e-05        0.00
  11      -126.598733383     -8.37e-09      4.72e-06        0.00
  12      -126.598733383     -1.94e-10      1.41e-06        0.02

 SCF converged in 11 iterations.

 Entropy contribution (-ST):             0.000000000
 Dipole moment (in Debye):              -4.124154      -0.887317       0.778047

Chlorophyll parameters
 D_scl:                                  0.636
 Mg_p:                                   0.902
 Mg_s:                                   1.053
 Mgp_Np:                                 1.402
 Mgp_Ns:                                 1.067
 Mgs_Np:                                 1.023
 Mgs_Ns:                                 1.468
 N_p:                                    1.044
 N_s:                                    1.281
 a_x:                                    0.067
 k_p:                                    2.694
 k_s:                                    1.462
 y_J:                                    4.012
 y_K:                                    2.147

 ----------------
  Excitation 0 1 
 ----------------
 Setting up Delta-SCF
 Ground-Excited state overlap:           0.000000000
 No correction applied to the TDM.
 Excitation energy:                      0.067209243
 Excitation energy (in eV):              1.828856664
 Transition dipole:                      2.29722       1.29024      -0.22144
 XTB basis setup:                        reference basis
 Implicit solvation model:               none
 Number of basis functions:            244
 GFN version:                            chlorophyll
 Integral screening threshold:           1.00e-10
 Total charge:                           0.000000000
 Number of electrons:                  218.000000000
 Electronic temperature (Kelvin):        0.000000000

 D3BJ energy:                           -0.062497211
 Repulsive energy:                       1.514336277

 ****************************************************
  Running robust self-consistent charge (SCC) solver 
 ****************************************************
 Number of SCC trials:                   4
 Using the stop-early mechanism for the first 3 trials

 Conv. threshold (charge):               1.00e-05
 Conv. threshold (energy):               1.00e-06
 Initial guess:                          SAD

 -------------
  SCC Trial 1 
 -------------
 Broyden mixing factor:                  0.400000000
 Max number of iterations:             128

 ---------------------------------------------------------------
                  energy        change          grad        time
 ---------------------------------------------------------------
   0      -125.882614862                    6.47e-01        0.01
   1      -126.567010993     -6.84e-01      3.69e-01        0.01
   2      -126.550179875      1.68e-02      9.69e-02        0.01
   3      -126.547330374      2.85e-03      2.30e-02        0.01
   4      -126.575519648     -2.82e-02      8.90e-03        0.01
   5      -126.581412773     -5.89e-03      1.76e-03        0.02
   6      -126.581532779     -1.20e-04      5.73e-04        0.01
   7      -126.581541605     -8.83e-06      2.03e-04        0.01
   8      -126.581543300     -1.69e-06      9.20e-05        0.01
   9      -126.581543483     -1.83e-07      3.66e-05        0.01
  10      -126.581543490     -7.11e-09      1.62e-05        0.02
  11      -126.581543493     -3.46e-09      4.09e-06        0.01
  12      -126.581543494     -2.43e-10      1.18e-06        0.01

 SCF converged in 11 iterations.

 Entropy contribution (-ST):             0.000000000
 Dipole moment (in Debye):               1.557641      -0.806781       1.391444

Chlorophyll parameters
 D_scl:                                  0.636
 Mg_p:                                   0.902
 Mg_s:                                   1.053
 Mgp_Np:                                 1.402
 Mgp_Ns:                                 1.067
 Mgs_Np:                                 1.023
 Mgs_Ns:                                 1.468
 N_p:                                    1.044
 N_s:                                    1.281
 a_x:                                    0.067
 k_p:                                    2.694
 k_s:                                    1.462
 y_J:                                    4.012
 y_K:                                    2.147

 ----------------
  Excitation 0 1 
 ----------------
 Setting up Delta-SCF
 Ground-Excited state overlap:          -0.000000000
 No correction applied to the TDM.
 Excitation energy:                      0.067909061
 Excitation energy (in eV):              1.847899678
 Transition dipole:                     -0.38482       2.63266       0.41011

 ******************
  Exciton analysis 
 ******************

 eigenvalues
 -----------
 state 0:                             -253.1803 hr
 state 1:                             -253.1131 hr
 state 2:                             -253.1124 hr

 coupling energies
 -----------------
 states 1, 2:                          -12.7890 cm^-1

 distances
 ---------
 chromophore 1, 2:                      46.9194 au

 charge centers
                         X                   Y                   Z
 1            78.400918357        15.357120679        56.948452743
 2           100.578600606        47.343222246        83.149003372
 Saving results in set 'trunc_bchla_10_bchla_11_frame_13801'

 --------------------------------------------------------------------------------

 End time:                               Fri Sep 10 11:50:05 2021
 Total wall-clock time:                  0.592 seconds
==================================================================================
