
================================================================================
          _____________ ________ _______________ ________     _________         
         / ___________// ______ \\_____   _____// ______ \   / ________)        
        / /_________  / /      \ \     | |     / /      \ \ | (_______          
       |  __________|| |        | |    | |    | |        | | \________ \        
        \ \_________ | |        | |    | |     \ \______/ /___________) |       
         \__________||_|        |_|    |_|      \________//____________/        
                                                                                
====================================[ Qcore ]===================================

 Git hash:   0385c69a4f85ff35f953e853350ecec6fa7ab330
 Git date:   Wed, 8 Sep 2021 10:09:58 +0100
 Compiler:   AppleClang 10.0.1.10010046
 Build type: Release
 Version:    2.1.1

 Start time: Thu Sep  9 11:46:33 2021

 Data directory: /Users/of15641/qcore/cmake-build-release/share/entos/2.1.1/data
 Number of threads: 2
 Number of threads was determined by: number of physical cores

 --------------------------------------------------------------------------------
                                command: excitons                                
 --------------------------------------------------------------------------------
 XTB basis setup:                        reference basis
 Implicit solvation model:               none
 Number of basis functions:            244
 GFN version:                            chlorophyll
 Integral screening threshold:           1.00e-10
 Total charge:                           0.000000000
 Number of electrons:                  218.000000000
 Electronic temperature (Kelvin):        0.000000000

 D3BJ energy:                           -0.061665777
 Repulsive energy:                       1.510094293

 ****************************************************
  Running robust self-consistent charge (SCC) solver 
 ****************************************************
 Number of SCC trials:                   4
 Using the stop-early mechanism for the first 3 trials

 Conv. threshold (charge):               1.00e-05
 Conv. threshold (energy):               1.00e-06
 Initial guess:                          SAD

 -------------
  SCC Trial 1 
 -------------
 Broyden mixing factor:                  0.400000000
 Max number of iterations:             128

 ---------------------------------------------------------------
                  energy        change          grad        time
 ---------------------------------------------------------------
   0      -125.931132398                    6.45e-01        0.01
   1      -126.595998469     -6.65e-01      3.68e-01        0.01
   2      -126.578680797      1.73e-02      9.56e-02        0.01
   3      -126.571994012      6.69e-03      2.58e-02        0.01
   4      -126.604434443     -3.24e-02      8.92e-03        0.01
   5      -126.610173057     -5.74e-03      1.90e-03        0.01
   6      -126.610375290     -2.02e-04      7.58e-04        0.01
   7      -126.610402693     -2.74e-05      1.96e-04        0.01
   8      -126.610404140     -1.45e-06      7.76e-05        0.01
   9      -126.610404242     -1.02e-07      2.82e-05        0.01
  10      -126.610404247     -5.20e-09      1.20e-05        0.01
  11      -126.610404249     -1.78e-09      3.52e-06        0.01
  12      -126.610404249     -4.30e-11      9.40e-07        0.01

 SCF converged in 11 iterations.

 Entropy contribution (-ST):             0.000000000
 Dipole moment (in Debye):               0.999405      -2.915133       0.810647

Chlorophyll parameters
 D_scl:                                  0.636
 Mg_p:                                   0.902
 Mg_s:                                   1.053
 Mgp_Np:                                 1.402
 Mgp_Ns:                                 1.067
 Mgs_Np:                                 1.023
 Mgs_Ns:                                 1.468
 N_p:                                    1.044
 N_s:                                    1.281
 a_x:                                    0.067
 k_p:                                    2.694
 k_s:                                    1.462
 y_J:                                    4.012
 y_K:                                    2.147

 ----------------
  Excitation 0 1 
 ----------------
 Setting up Delta-SCF
 Ground-Excited state overlap:          -0.000000000
 No correction applied to the TDM.
 Excitation energy:                      0.065654559
 Excitation energy (in eV):              1.786551560
 Transition dipole:                     -2.00894       1.77367      -0.51292
 XTB basis setup:                        reference basis
 Implicit solvation model:               none
 Number of basis functions:            244
 GFN version:                            chlorophyll
 Integral screening threshold:           1.00e-10
 Total charge:                           0.000000000
 Number of electrons:                  218.000000000
 Electronic temperature (Kelvin):        0.000000000

 D3BJ energy:                           -0.061650544
 Repulsive energy:                       1.481870637

 ****************************************************
  Running robust self-consistent charge (SCC) solver 
 ****************************************************
 Number of SCC trials:                   4
 Using the stop-early mechanism for the first 3 trials

 Conv. threshold (charge):               1.00e-05
 Conv. threshold (energy):               1.00e-06
 Initial guess:                          SAD

 -------------
  SCC Trial 1 
 -------------
 Broyden mixing factor:                  0.400000000
 Max number of iterations:             128

 ---------------------------------------------------------------
                  energy        change          grad        time
 ---------------------------------------------------------------
   0      -125.882280889                    6.47e-01        0.01
   1      -126.575577382     -6.93e-01      3.69e-01        0.01
   2      -126.562459114      1.31e-02      9.80e-02        0.01
   3      -126.570948560     -8.49e-03      2.16e-02        0.01
   4      -126.588560503     -1.76e-02      4.97e-03        0.01
   5      -126.589819509     -1.26e-03      1.99e-03        0.01
   6      -126.589996781     -1.77e-04      9.22e-04        0.01
   7      -126.590054521     -5.77e-05      2.33e-04        0.01
   8      -126.590057741     -3.22e-06      6.91e-05        0.01
   9      -126.590057844     -1.03e-07      2.88e-05        0.01
  10      -126.590057853     -9.05e-09      1.15e-05        0.01
  11      -126.590057854     -1.50e-09      3.44e-06        0.01
  12      -126.590057854     -1.12e-10      1.06e-06        0.01

 SCF converged in 11 iterations.

 Entropy contribution (-ST):             0.000000000
 Dipole moment (in Debye):              -4.111795      -0.335114       0.158583

Chlorophyll parameters
 D_scl:                                  0.636
 Mg_p:                                   0.902
 Mg_s:                                   1.053
 Mgp_Np:                                 1.402
 Mgp_Ns:                                 1.067
 Mgs_Np:                                 1.023
 Mgs_Ns:                                 1.468
 N_p:                                    1.044
 N_s:                                    1.281
 a_x:                                    0.067
 k_p:                                    2.694
 k_s:                                    1.462
 y_J:                                    4.012
 y_K:                                    2.147

 ----------------
  Excitation 0 1 
 ----------------
 Setting up Delta-SCF
 Ground-Excited state overlap:          -0.000000000
 No correction applied to the TDM.
 Excitation energy:                      0.065069303
 Excitation energy (in eV):              1.770625937
 Transition dipole:                      2.41627       1.43162      -0.18149

 ******************
  Exciton analysis 
 ******************

 eigenvalues
 -----------
 state 0:                             -253.2005 hr
 state 1:                             -253.1354 hr
 state 2:                             -253.1348 hr

 coupling energies
 -----------------
 states 1, 2:                           16.3947 cm^-1

 distances
 ---------
 chromophore 1, 2:                      48.0293 au

 charge centers
                         X                   Y                   Z
 1            32.830477976        -0.547523648        53.678643386
 2            77.756984571        16.202654023        56.480753190
 Saving results in set 'trunc_bchla_6_bchla_10_frame_15001'

 --------------------------------------------------------------------------------

 End time:                               Thu Sep  9 11:46:33 2021
 Total wall-clock time:                  0.463 seconds
==================================================================================
