
================================================================================
          _____________ ________ _______________ ________     _________         
         / ___________// ______ \\_____   _____// ______ \   / ________)        
        / /_________  / /      \ \     | |     / /      \ \ | (_______          
       |  __________|| |        | |    | |    | |        | | \________ \        
        \ \_________ | |        | |    | |     \ \______/ /___________) |       
         \__________||_|        |_|    |_|      \________//____________/        
                                                                                
====================================[ Qcore ]===================================

 Git hash:   0385c69a4f85ff35f953e853350ecec6fa7ab330
 Git date:   Wed, 8 Sep 2021 10:09:58 +0100
 Compiler:   AppleClang 10.0.1.10010046
 Build type: Release
 Version:    2.1.1

 Start time: Fri Sep 10 12:05:42 2021

 Data directory: /Users/of15641/qcore/cmake-build-release/share/entos/2.1.1/data
 Number of threads: 2
 Number of threads was determined by: number of physical cores

 --------------------------------------------------------------------------------
                                command: excitons                                
 --------------------------------------------------------------------------------
 XTB basis setup:                        reference basis
 Implicit solvation model:               none
 Number of basis functions:            244
 GFN version:                            chlorophyll
 Integral screening threshold:           1.00e-10
 Total charge:                           0.000000000
 Number of electrons:                  218.000000000
 Electronic temperature (Kelvin):        0.000000000

 D3BJ energy:                           -0.061980661
 Repulsive energy:                       1.550191751

 ****************************************************
  Running robust self-consistent charge (SCC) solver 
 ****************************************************
 Number of SCC trials:                   4
 Using the stop-early mechanism for the first 3 trials

 Conv. threshold (charge):               1.00e-05
 Conv. threshold (energy):               1.00e-06
 Initial guess:                          SAD

 -------------
  SCC Trial 1 
 -------------
 Broyden mixing factor:                  0.400000000
 Max number of iterations:             128

 ---------------------------------------------------------------
                  energy        change          grad        time
 ---------------------------------------------------------------
   0      -125.929551295                    6.48e-01        0.01
   1      -126.598657226     -6.69e-01      3.70e-01        0.00
   2      -126.501252400      9.74e-02      1.02e-01        0.00
   3      -126.437536501      6.37e-02      4.87e-02        0.01
   4      -126.619079889     -1.82e-01      1.24e-02        0.00
   5      -126.625239002     -6.16e-03      3.98e-03        0.00
   6      -126.625331576     -9.26e-05      1.99e-03        0.00
   7      -126.625461312     -1.30e-04      5.51e-04        0.01
   8      -126.625464485     -3.17e-06      3.22e-04        0.01
   9      -126.625465419     -9.34e-07      1.06e-04        0.01
  10      -126.625465579     -1.60e-07      2.50e-05        0.01
  11      -126.625465588     -9.55e-09      7.01e-06        0.01
  12      -126.625465589     -1.02e-09      1.62e-06        0.01

 SCF converged in 11 iterations.

 Entropy contribution (-ST):             0.000000000
 Dipole moment (in Debye):              -2.963765      -0.505448       0.234710

Chlorophyll parameters
 D_scl:                                  0.636
 Mg_p:                                   0.902
 Mg_s:                                   1.053
 Mgp_Np:                                 1.402
 Mgp_Ns:                                 1.067
 Mgs_Np:                                 1.023
 Mgs_Ns:                                 1.468
 N_p:                                    1.044
 N_s:                                    1.281
 a_x:                                    0.067
 k_p:                                    2.694
 k_s:                                    1.462
 y_J:                                    4.012
 y_K:                                    2.147

 ----------------
  Excitation 0 1 
 ----------------
 Setting up Delta-SCF
 Ground-Excited state overlap:          -0.000000000
 No correction applied to the TDM.
 Excitation energy:                      0.065850534
 Excitation energy (in eV):              1.791884326
 Transition dipole:                      2.35043       1.47851       0.21527
 XTB basis setup:                        reference basis
 Implicit solvation model:               none
 Number of basis functions:            244
 GFN version:                            chlorophyll
 Integral screening threshold:           1.00e-10
 Total charge:                           0.000000000
 Number of electrons:                  218.000000000
 Electronic temperature (Kelvin):        0.000000000

 D3BJ energy:                           -0.061639663
 Repulsive energy:                       1.482234990

 ****************************************************
  Running robust self-consistent charge (SCC) solver 
 ****************************************************
 Number of SCC trials:                   4
 Using the stop-early mechanism for the first 3 trials

 Conv. threshold (charge):               1.00e-05
 Conv. threshold (energy):               1.00e-06
 Initial guess:                          SAD

 -------------
  SCC Trial 1 
 -------------
 Broyden mixing factor:                  0.400000000
 Max number of iterations:             128

 ---------------------------------------------------------------
                  energy        change          grad        time
 ---------------------------------------------------------------
   0      -125.826980528                    6.46e-01        0.01
   1      -126.532153564     -7.05e-01      3.68e-01        0.01
   2      -126.517746982      1.44e-02      9.87e-02        0.01
   3      -126.527665765     -9.92e-03      2.11e-02        0.01
   4      -126.545605853     -1.79e-02      4.23e-03        0.01
   5      -126.546361950     -7.56e-04      1.91e-03        0.01
   6      -126.546541609     -1.80e-04      7.61e-04        0.01
   7      -126.546576337     -3.47e-05      2.51e-04        0.01
   8      -126.546580840     -4.50e-06      6.86e-05        0.01
   9      -126.546580959     -1.19e-07      2.57e-05        0.01
  10      -126.546580967     -7.73e-09      1.08e-05        0.01
  11      -126.546580968     -1.36e-09      3.13e-06        0.01
  12      -126.546580968     -1.24e-10      8.83e-07        0.01

 SCF converged in 11 iterations.

 Entropy contribution (-ST):             0.000000000
 Dipole moment (in Debye):               1.386672       0.791409       0.597682

Chlorophyll parameters
 D_scl:                                  0.636
 Mg_p:                                   0.902
 Mg_s:                                   1.053
 Mgp_Np:                                 1.402
 Mgp_Ns:                                 1.067
 Mgs_Np:                                 1.023
 Mgs_Ns:                                 1.468
 N_p:                                    1.044
 N_s:                                    1.281
 a_x:                                    0.067
 k_p:                                    2.694
 k_s:                                    1.462
 y_J:                                    4.012
 y_K:                                    2.147

 ----------------
  Excitation 0 1 
 ----------------
 Setting up Delta-SCF
 Ground-Excited state overlap:           0.000000000
 No correction applied to the TDM.
 Excitation energy:                      0.067172145
 Excitation energy (in eV):              1.827847171
 Transition dipole:                      1.03219      -2.48106      -0.44873

 ******************
  Exciton analysis 
 ******************

 eigenvalues
 -----------
 state 0:                             -253.1720 hr
 state 1:                             -253.1062 hr
 state 2:                             -253.1049 hr

 coupling energies
 -----------------
 states 1, 2:                            5.6527 cm^-1

 distances
 ---------
 chromophore 1, 2:                      75.7106 au

 charge centers
                         X                   Y                   Z
 1            77.511586678        17.333435368        58.327104371
 2            95.185745088        88.022281380        78.889323914
 Saving results in set 'trunc_bchla_10_bchla_14_frame_38801'

 --------------------------------------------------------------------------------

 End time:                               Fri Sep 10 12:05:43 2021
 Total wall-clock time:                  0.496 seconds
==================================================================================
