
================================================================================
          _____________ ________ _______________ ________     _________         
         / ___________// ______ \\_____   _____// ______ \   / ________)        
        / /_________  / /      \ \     | |     / /      \ \ | (_______          
       |  __________|| |        | |    | |    | |        | | \________ \        
        \ \_________ | |        | |    | |     \ \______/ /___________) |       
         \__________||_|        |_|    |_|      \________//____________/        
                                                                                
====================================[ Qcore ]===================================

 Git hash:   0385c69a4f85ff35f953e853350ecec6fa7ab330
 Git date:   Wed, 8 Sep 2021 10:09:58 +0100
 Compiler:   AppleClang 10.0.1.10010046
 Build type: Release
 Version:    2.1.1

 Start time: Fri Sep 10 11:59:56 2021

 Data directory: /Users/of15641/qcore/cmake-build-release/share/entos/2.1.1/data
 Number of threads: 2
 Number of threads was determined by: number of physical cores

 --------------------------------------------------------------------------------
                                command: excitons                                
 --------------------------------------------------------------------------------
 XTB basis setup:                        reference basis
 Implicit solvation model:               none
 Number of basis functions:            244
 GFN version:                            chlorophyll
 Integral screening threshold:           1.00e-10
 Total charge:                           0.000000000
 Number of electrons:                  218.000000000
 Electronic temperature (Kelvin):        0.000000000

 D3BJ energy:                           -0.061963150
 Repulsive energy:                       1.481029540

 ****************************************************
  Running robust self-consistent charge (SCC) solver 
 ****************************************************
 Number of SCC trials:                   4
 Using the stop-early mechanism for the first 3 trials

 Conv. threshold (charge):               1.00e-05
 Conv. threshold (energy):               1.00e-06
 Initial guess:                          SAD

 -------------
  SCC Trial 1 
 -------------
 Broyden mixing factor:                  0.400000000
 Max number of iterations:             128

 ---------------------------------------------------------------
                  energy        change          grad        time
 ---------------------------------------------------------------
   0      -125.897412090                    6.46e-01        0.01
   1      -126.585145674     -6.88e-01      3.69e-01        0.01
   2      -126.565283913      1.99e-02      9.85e-02        0.00
   3      -126.574979790     -9.70e-03      2.27e-02        0.01
   4      -126.600404927     -2.54e-02      4.44e-03        0.00
   5      -126.601586558     -1.18e-03      1.24e-03        0.00
   6      -126.601647083     -6.05e-05      3.07e-04        0.01
   7      -126.601648861     -1.78e-06      8.18e-05        0.00
   8      -126.601648951     -9.04e-08      3.97e-05        0.01
   9      -126.601648953     -1.68e-09      2.53e-05        0.01
  10      -126.601648981     -2.82e-08      9.28e-06        0.00
  11      -126.601648984     -2.52e-09      2.82e-06        0.00

 SCF converged in 10 iterations.

 Entropy contribution (-ST):             0.000000000
 Dipole moment (in Debye):              -3.583274      -1.117352      -0.937970

Chlorophyll parameters
 D_scl:                                  0.636
 Mg_p:                                   0.902
 Mg_s:                                   1.053
 Mgp_Np:                                 1.402
 Mgp_Ns:                                 1.067
 Mgs_Np:                                 1.023
 Mgs_Ns:                                 1.468
 N_p:                                    1.044
 N_s:                                    1.281
 a_x:                                    0.067
 k_p:                                    2.694
 k_s:                                    1.462
 y_J:                                    4.012
 y_K:                                    2.147

 ----------------
  Excitation 0 1 
 ----------------
 Setting up Delta-SCF
 Ground-Excited state overlap:          -0.000000000
 No correction applied to the TDM.
 Excitation energy:                      0.067144235
 Excitation energy (in eV):              1.827087708
 Transition dipole:                      2.29057       1.34306       0.28091
 XTB basis setup:                        reference basis
 Implicit solvation model:               none
 Number of basis functions:            244
 GFN version:                            chlorophyll
 Integral screening threshold:           1.00e-10
 Total charge:                           0.000000000
 Number of electrons:                  218.000000000
 Electronic temperature (Kelvin):        0.000000000

 D3BJ energy:                           -0.061489280
 Repulsive energy:                       1.461868502

 ****************************************************
  Running robust self-consistent charge (SCC) solver 
 ****************************************************
 Number of SCC trials:                   4
 Using the stop-early mechanism for the first 3 trials

 Conv. threshold (charge):               1.00e-05
 Conv. threshold (energy):               1.00e-06
 Initial guess:                          SAD

 -------------
  SCC Trial 1 
 -------------
 Broyden mixing factor:                  0.400000000
 Max number of iterations:             128

 ---------------------------------------------------------------
                  energy        change          grad        time
 ---------------------------------------------------------------
   0      -125.820627856                    6.46e-01        0.01
   1      -126.542848833     -7.22e-01      3.68e-01        0.01
   2      -126.520134603      2.27e-02      1.02e-01        0.01
   3      -126.519777700      3.57e-04      2.44e-02        0.01
   4      -126.554124681     -3.43e-02      8.45e-03        0.01
   5      -126.558987059     -4.86e-03      2.50e-03        0.01
   6      -126.559323652     -3.37e-04      8.80e-04        0.01
   7      -126.559359974     -3.63e-05      2.24e-04        0.01
   8      -126.559361886     -1.91e-06      7.52e-05        0.01
   9      -126.559361925     -3.93e-08      3.32e-05        0.01
  10      -126.559361930     -4.26e-09      1.24e-05        0.01
  11      -126.559361930     -8.61e-10      3.91e-06        0.01
  12      -126.559361931     -1.27e-10      9.24e-07        0.01

 SCF converged in 11 iterations.

 Entropy contribution (-ST):             0.000000000
 Dipole moment (in Debye):              -2.736588      -1.326475       0.776132

Chlorophyll parameters
 D_scl:                                  0.636
 Mg_p:                                   0.902
 Mg_s:                                   1.053
 Mgp_Np:                                 1.402
 Mgp_Ns:                                 1.067
 Mgs_Np:                                 1.023
 Mgs_Ns:                                 1.468
 N_p:                                    1.044
 N_s:                                    1.281
 a_x:                                    0.067
 k_p:                                    2.694
 k_s:                                    1.462
 y_J:                                    4.012
 y_K:                                    2.147

 ----------------
  Excitation 0 1 
 ----------------
 Setting up Delta-SCF
 Ground-Excited state overlap:          -0.000000000
 No correction applied to the TDM.
 Excitation energy:                      0.064531125
 Excitation energy (in eV):              1.755981380
 Transition dipole:                     -1.22165      -2.41336       0.45401

 ******************
  Exciton analysis 
 ******************

 eigenvalues
 -----------
 state 0:                             -253.1612 hr
 state 1:                             -253.0968 hr
 state 2:                             -253.0941 hr

 coupling energies
 -----------------
 states 1, 2:                           65.7866 cm^-1

 distances
 ---------
 chromophore 1, 2:                      33.7422 au

 charge centers
                         X                   Y                   Z
 1            77.749658168        16.189980207        56.641162776
 2            89.504440402        47.791767701        55.342816358
 Saving results in set 'trunc_bchla_10_bchla_13_frame_27601'

 --------------------------------------------------------------------------------

 End time:                               Fri Sep 10 11:59:57 2021
 Total wall-clock time:                  0.442 seconds
==================================================================================
