
================================================================================
          _____________ ________ _______________ ________     _________         
         / ___________// ______ \\_____   _____// ______ \   / ________)        
        / /_________  / /      \ \     | |     / /      \ \ | (_______          
       |  __________|| |        | |    | |    | |        | | \________ \        
        \ \_________ | |        | |    | |     \ \______/ /___________) |       
         \__________||_|        |_|    |_|      \________//____________/        
                                                                                
====================================[ Qcore ]===================================

 Git hash:   0385c69a4f85ff35f953e853350ecec6fa7ab330
 Git date:   Wed, 8 Sep 2021 10:09:58 +0100
 Compiler:   AppleClang 10.0.1.10010046
 Build type: Release
 Version:    2.1.1

 Start time: Fri Sep 10 12:01:46 2021

 Data directory: /Users/of15641/qcore/cmake-build-release/share/entos/2.1.1/data
 Number of threads: 2
 Number of threads was determined by: number of physical cores

 --------------------------------------------------------------------------------
                                command: excitons                                
 --------------------------------------------------------------------------------
 XTB basis setup:                        reference basis
 Implicit solvation model:               none
 Number of basis functions:            244
 GFN version:                            chlorophyll
 Integral screening threshold:           1.00e-10
 Total charge:                           0.000000000
 Number of electrons:                  218.000000000
 Electronic temperature (Kelvin):        0.000000000

 D3BJ energy:                           -0.061851339
 Repulsive energy:                       1.482885940

 ****************************************************
  Running robust self-consistent charge (SCC) solver 
 ****************************************************
 Number of SCC trials:                   4
 Using the stop-early mechanism for the first 3 trials

 Conv. threshold (charge):               1.00e-05
 Conv. threshold (energy):               1.00e-06
 Initial guess:                          SAD

 -------------
  SCC Trial 1 
 -------------
 Broyden mixing factor:                  0.400000000
 Max number of iterations:             128

 ---------------------------------------------------------------
                  energy        change          grad        time
 ---------------------------------------------------------------
   0      -125.878563521                    6.46e-01        0.01
   1      -126.574188543     -6.96e-01      3.68e-01        0.01
   2      -126.531538279      4.27e-02      1.00e-01        0.01
   3      -126.501118668      3.04e-02      3.36e-02        0.01
   4      -126.588503735     -8.74e-02      9.09e-03        0.01
   5      -126.592564516     -4.06e-03      2.17e-03        0.01
   6      -126.592627652     -6.31e-05      1.12e-03        0.01
   7      -126.592684505     -5.69e-05      2.95e-04        0.01
   8      -126.592686715     -2.21e-06      1.57e-04        0.01
   9      -126.592686902     -1.87e-07      6.19e-05        0.01
  10      -126.592686918     -1.70e-08      1.88e-05        0.01
  11      -126.592686925     -6.62e-09      4.94e-06        0.01
  12      -126.592686925     -3.33e-10      1.13e-06        0.01

 SCF converged in 11 iterations.

 Entropy contribution (-ST):             0.000000000
 Dipole moment (in Debye):              -3.692499      -0.177612       0.178678

Chlorophyll parameters
 D_scl:                                  0.636
 Mg_p:                                   0.902
 Mg_s:                                   1.053
 Mgp_Np:                                 1.402
 Mgp_Ns:                                 1.067
 Mgs_Np:                                 1.023
 Mgs_Ns:                                 1.468
 N_p:                                    1.044
 N_s:                                    1.281
 a_x:                                    0.067
 k_p:                                    2.694
 k_s:                                    1.462
 y_J:                                    4.012
 y_K:                                    2.147

 ----------------
  Excitation 0 1 
 ----------------
 Setting up Delta-SCF
 Ground-Excited state overlap:           0.000000000
 No correction applied to the TDM.
 Excitation energy:                      0.069038538
 Excitation energy (in eV):              1.878634311
 Transition dipole:                      2.31007       1.39516       0.12540
 XTB basis setup:                        reference basis
 Implicit solvation model:               none
 Number of basis functions:            244
 GFN version:                            chlorophyll
 Integral screening threshold:           1.00e-10
 Total charge:                           0.000000000
 Number of electrons:                  218.000000000
 Electronic temperature (Kelvin):        0.000000000

 D3BJ energy:                           -0.062162745
 Repulsive energy:                       1.464735981

 ****************************************************
  Running robust self-consistent charge (SCC) solver 
 ****************************************************
 Number of SCC trials:                   4
 Using the stop-early mechanism for the first 3 trials

 Conv. threshold (charge):               1.00e-05
 Conv. threshold (energy):               1.00e-06
 Initial guess:                          SAD

 -------------
  SCC Trial 1 
 -------------
 Broyden mixing factor:                  0.400000000
 Max number of iterations:             128

 ---------------------------------------------------------------
                  energy        change          grad        time
 ---------------------------------------------------------------
   0      -125.901422179                    6.45e-01        0.01
   1      -126.567580340     -6.66e-01      3.68e-01        0.01
   2      -126.513242262      5.43e-02      9.72e-02        0.01
   3      -126.465940843      4.73e-02      3.88e-02        0.01
   4      -126.582121786     -1.16e-01      8.90e-03        0.01
   5      -126.586200913     -4.08e-03      2.54e-03        0.01
   6      -126.586327647     -1.27e-04      1.06e-03        0.01
   7      -126.586372929     -4.53e-05      3.37e-04        0.01
   8      -126.586375907     -2.98e-06      1.80e-04        0.01
   9      -126.586376186     -2.79e-07      7.31e-05        0.01
  10      -126.586376203     -1.68e-08      2.10e-05        0.01
  11      -126.586376210     -7.19e-09      5.58e-06        0.01
  12      -126.586376211     -4.25e-10      1.39e-06        0.01

 SCF converged in 11 iterations.

 Entropy contribution (-ST):             0.000000000
 Dipole moment (in Debye):              -2.606927      -0.564084       1.163943

Chlorophyll parameters
 D_scl:                                  0.636
 Mg_p:                                   0.902
 Mg_s:                                   1.053
 Mgp_Np:                                 1.402
 Mgp_Ns:                                 1.067
 Mgs_Np:                                 1.023
 Mgs_Ns:                                 1.468
 N_p:                                    1.044
 N_s:                                    1.281
 a_x:                                    0.067
 k_p:                                    2.694
 k_s:                                    1.462
 y_J:                                    4.012
 y_K:                                    2.147

 ----------------
  Excitation 0 1 
 ----------------
 Setting up Delta-SCF
 Ground-Excited state overlap:          -0.000000000
 No correction applied to the TDM.
 Excitation energy:                      0.066891977
 Excitation energy (in eV):              1.820223410
 Transition dipole:                     -1.02284      -2.54866      -0.28482

 ******************
  Exciton analysis 
 ******************

 eigenvalues
 -----------
 state 0:                             -253.1791 hr
 state 1:                             -253.1123 hr
 state 2:                             -253.1101 hr

 coupling energies
 -----------------
 states 1, 2:                           61.1059 cm^-1

 distances
 ---------
 chromophore 1, 2:                      35.0485 au

 charge centers
                         X                   Y                   Z
 1            77.285510059        15.132542880        57.039635694
 2            89.641003764        47.870891450        55.054769974
 Saving results in set 'trunc_bchla_10_bchla_13_frame_4501'

 --------------------------------------------------------------------------------

 End time:                               Fri Sep 10 12:01:47 2021
 Total wall-clock time:                  0.503 seconds
==================================================================================
