
================================================================================
          _____________ ________ _______________ ________     _________         
         / ___________// ______ \\_____   _____// ______ \   / ________)        
        / /_________  / /      \ \     | |     / /      \ \ | (_______          
       |  __________|| |        | |    | |    | |        | | \________ \        
        \ \_________ | |        | |    | |     \ \______/ /___________) |       
         \__________||_|        |_|    |_|      \________//____________/        
                                                                                
====================================[ Qcore ]===================================

 Git hash:   0385c69a4f85ff35f953e853350ecec6fa7ab330
 Git date:   Wed, 8 Sep 2021 10:09:58 +0100
 Compiler:   AppleClang 10.0.1.10010046
 Build type: Release
 Version:    2.1.1

 Start time: Fri Sep 10 11:55:25 2021

 Data directory: /Users/of15641/qcore/cmake-build-release/share/entos/2.1.1/data
 Number of threads: 2
 Number of threads was determined by: number of physical cores

 --------------------------------------------------------------------------------
                                command: excitons                                
 --------------------------------------------------------------------------------
 XTB basis setup:                        reference basis
 Implicit solvation model:               none
 Number of basis functions:            244
 GFN version:                            chlorophyll
 Integral screening threshold:           1.00e-10
 Total charge:                           0.000000000
 Number of electrons:                  218.000000000
 Electronic temperature (Kelvin):        0.000000000

 D3BJ energy:                           -0.062128403
 Repulsive energy:                       1.506627372

 ****************************************************
  Running robust self-consistent charge (SCC) solver 
 ****************************************************
 Number of SCC trials:                   4
 Using the stop-early mechanism for the first 3 trials

 Conv. threshold (charge):               1.00e-05
 Conv. threshold (energy):               1.00e-06
 Initial guess:                          SAD

 -------------
  SCC Trial 1 
 -------------
 Broyden mixing factor:                  0.400000000
 Max number of iterations:             128

 ---------------------------------------------------------------
                  energy        change          grad        time
 ---------------------------------------------------------------
   0      -125.932576015                    6.46e-01        0.01
   1      -126.602590105     -6.70e-01      3.69e-01        0.00
   2      -126.581062168      2.15e-02      9.68e-02        0.00
   3      -126.574319896      6.74e-03      2.77e-02        0.00
   4      -126.614550038     -4.02e-02      7.54e-03        0.00
   5      -126.618375889     -3.83e-03      2.13e-03        0.00
   6      -126.618658064     -2.82e-04      7.88e-04        0.00
   7      -126.618691758     -3.37e-05      1.92e-04        0.00
   8      -126.618693189     -1.43e-06      7.55e-05        0.00
   9      -126.618693271     -8.27e-08      3.23e-05        0.02
  10      -126.618693284     -1.23e-08      1.17e-05        0.00
  11      -126.618693285     -1.06e-09      2.86e-06        0.00
  12      -126.618693285     -4.40e-11      7.18e-07        0.00

 SCF converged in 11 iterations.

 Entropy contribution (-ST):             0.000000000
 Dipole moment (in Debye):              -5.025202       0.013394       0.162506

Chlorophyll parameters
 D_scl:                                  0.636
 Mg_p:                                   0.902
 Mg_s:                                   1.053
 Mgp_Np:                                 1.402
 Mgp_Ns:                                 1.067
 Mgs_Np:                                 1.023
 Mgs_Ns:                                 1.468
 N_p:                                    1.044
 N_s:                                    1.281
 a_x:                                    0.067
 k_p:                                    2.694
 k_s:                                    1.462
 y_J:                                    4.012
 y_K:                                    2.147

 ----------------
  Excitation 0 1 
 ----------------
 Setting up Delta-SCF
 Ground-Excited state overlap:           0.000000000
 No correction applied to the TDM.
 Excitation energy:                      0.066686701
 Excitation energy (in eV):              1.814637589
 Transition dipole:                      2.37890       1.17573      -0.27346
 XTB basis setup:                        reference basis
 Implicit solvation model:               none
 Number of basis functions:            244
 GFN version:                            chlorophyll
 Integral screening threshold:           1.00e-10
 Total charge:                           0.000000000
 Number of electrons:                  218.000000000
 Electronic temperature (Kelvin):        0.000000000

 D3BJ energy:                           -0.062096121
 Repulsive energy:                       1.483806419

 ****************************************************
  Running robust self-consistent charge (SCC) solver 
 ****************************************************
 Number of SCC trials:                   4
 Using the stop-early mechanism for the first 3 trials

 Conv. threshold (charge):               1.00e-05
 Conv. threshold (energy):               1.00e-06
 Initial guess:                          SAD

 -------------
  SCC Trial 1 
 -------------
 Broyden mixing factor:                  0.400000000
 Max number of iterations:             128

 ---------------------------------------------------------------
                  energy        change          grad        time
 ---------------------------------------------------------------
   0      -125.851990749                    6.47e-01        0.01
   1      -126.551785632     -7.00e-01      3.69e-01        0.01
   2      -126.526941520      2.48e-02      9.94e-02        0.01
   3      -126.525840041      1.10e-03      2.63e-02        0.01
   4      -126.563742386     -3.79e-02      8.43e-03        0.02
   5      -126.568742581     -5.00e-03      2.54e-03        0.01
   6      -126.569109600     -3.67e-04      8.51e-04        0.01
   7      -126.569138915     -2.93e-05      2.54e-04        0.01
   8      -126.569141564     -2.65e-06      9.18e-05        0.01
   9      -126.569141653     -8.85e-08      3.70e-05        0.01
  10      -126.569141657     -4.08e-09      1.27e-05        0.01
  11      -126.569141658     -1.13e-09      4.53e-06        0.01
  12      -126.569141658     -2.63e-10      1.09e-06        0.01

 SCF converged in 11 iterations.

 Entropy contribution (-ST):             0.000000000
 Dipole moment (in Debye):               2.362658      -0.807469       0.894700

Chlorophyll parameters
 D_scl:                                  0.636
 Mg_p:                                   0.902
 Mg_s:                                   1.053
 Mgp_Np:                                 1.402
 Mgp_Ns:                                 1.067
 Mgs_Np:                                 1.023
 Mgs_Ns:                                 1.468
 N_p:                                    1.044
 N_s:                                    1.281
 a_x:                                    0.067
 k_p:                                    2.694
 k_s:                                    1.462
 y_J:                                    4.012
 y_K:                                    2.147

 ----------------
  Excitation 0 1 
 ----------------
 Setting up Delta-SCF
 Ground-Excited state overlap:          -0.000000000
 No correction applied to the TDM.
 Excitation energy:                      0.067896760
 Excitation energy (in eV):              1.847564965
 Transition dipole:                     -2.39648      -1.22466       0.69996

 ******************
  Exciton analysis 
 ******************

 eigenvalues
 -----------
 state 0:                             -253.1901 hr
 state 1:                             -253.1242 hr
 state 2:                             -253.1213 hr

 coupling energies
 -----------------
 states 1, 2:                          265.6432 cm^-1

 distances
 ---------
 chromophore 1, 2:                      17.6512 au

 charge centers
                         X                   Y                   Z
 1            77.391523114        17.832705143        60.092505777
 2            86.905343689        32.213254146        56.317124904
 Saving results in set 'trunc_bchla_10_bchla_12_frame_24501'

 --------------------------------------------------------------------------------

 End time:                               Fri Sep 10 11:55:25 2021
 Total wall-clock time:                  0.473 seconds
==================================================================================
