
================================================================================
          _____________ ________ _______________ ________     _________         
         / ___________// ______ \\_____   _____// ______ \   / ________)        
        / /_________  / /      \ \     | |     / /      \ \ | (_______          
       |  __________|| |        | |    | |    | |        | | \________ \        
        \ \_________ | |        | |    | |     \ \______/ /___________) |       
         \__________||_|        |_|    |_|      \________//____________/        
                                                                                
====================================[ Qcore ]===================================

 Git hash:   0385c69a4f85ff35f953e853350ecec6fa7ab330
 Git date:   Wed, 8 Sep 2021 10:09:58 +0100
 Compiler:   AppleClang 10.0.1.10010046
 Build type: Release
 Version:    2.1.1

 Start time: Fri Sep 10 12:00:42 2021

 Data directory: /Users/of15641/qcore/cmake-build-release/share/entos/2.1.1/data
 Number of threads: 2
 Number of threads was determined by: number of physical cores

 --------------------------------------------------------------------------------
                                command: excitons                                
 --------------------------------------------------------------------------------
 XTB basis setup:                        reference basis
 Implicit solvation model:               none
 Number of basis functions:            244
 GFN version:                            chlorophyll
 Integral screening threshold:           1.00e-10
 Total charge:                           0.000000000
 Number of electrons:                  218.000000000
 Electronic temperature (Kelvin):        0.000000000

 D3BJ energy:                           -0.061695741
 Repulsive energy:                       1.508773866

 ****************************************************
  Running robust self-consistent charge (SCC) solver 
 ****************************************************
 Number of SCC trials:                   4
 Using the stop-early mechanism for the first 3 trials

 Conv. threshold (charge):               1.00e-05
 Conv. threshold (energy):               1.00e-06
 Initial guess:                          SAD

 -------------
  SCC Trial 1 
 -------------
 Broyden mixing factor:                  0.400000000
 Max number of iterations:             128

 ---------------------------------------------------------------
                  energy        change          grad        time
 ---------------------------------------------------------------
   0      -125.894882763                    6.48e-01        0.01
   1      -126.583697729     -6.89e-01      3.70e-01        0.01
   2      -126.537807675      4.59e-02      1.02e-01        0.01
   3      -126.501688141      3.61e-02      3.89e-02        0.02
   4      -126.597534815     -9.58e-02      1.02e-02        0.01
   5      -126.604414539     -6.88e-03      2.36e-03        0.01
   6      -126.604511041     -9.65e-05      1.07e-03        0.01
   7      -126.604560158     -4.91e-05      3.66e-04        0.01
   8      -126.604564279     -4.12e-06      2.09e-04        0.01
   9      -126.604564668     -3.89e-07      7.88e-05        0.01
  10      -126.604564720     -5.17e-08      3.24e-05        0.01
  11      -126.604564733     -1.31e-08      6.09e-06        0.01
  12      -126.604564734     -3.14e-10      1.63e-06        0.01

 SCF converged in 11 iterations.

 Entropy contribution (-ST):             0.000000000
 Dipole moment (in Debye):              -3.729579       0.141679      -0.128516

Chlorophyll parameters
 D_scl:                                  0.636
 Mg_p:                                   0.902
 Mg_s:                                   1.053
 Mgp_Np:                                 1.402
 Mgp_Ns:                                 1.067
 Mgs_Np:                                 1.023
 Mgs_Ns:                                 1.468
 N_p:                                    1.044
 N_s:                                    1.281
 a_x:                                    0.067
 k_p:                                    2.694
 k_s:                                    1.462
 y_J:                                    4.012
 y_K:                                    2.147

 ----------------
  Excitation 0 1 
 ----------------
 Setting up Delta-SCF
 Ground-Excited state overlap:           0.000000000
 No correction applied to the TDM.
 Excitation energy:                      0.066523740
 Excitation energy (in eV):              1.810203196
 Transition dipole:                      2.53096       1.03932      -0.18293
 XTB basis setup:                        reference basis
 Implicit solvation model:               none
 Number of basis functions:            244
 GFN version:                            chlorophyll
 Integral screening threshold:           1.00e-10
 Total charge:                           0.000000000
 Number of electrons:                  218.000000000
 Electronic temperature (Kelvin):        0.000000000

 D3BJ energy:                           -0.062188423
 Repulsive energy:                       1.479882866

 ****************************************************
  Running robust self-consistent charge (SCC) solver 
 ****************************************************
 Number of SCC trials:                   4
 Using the stop-early mechanism for the first 3 trials

 Conv. threshold (charge):               1.00e-05
 Conv. threshold (energy):               1.00e-06
 Initial guess:                          SAD

 -------------
  SCC Trial 1 
 -------------
 Broyden mixing factor:                  0.400000000
 Max number of iterations:             128

 ---------------------------------------------------------------
                  energy        change          grad        time
 ---------------------------------------------------------------
   0      -125.859183187                    6.47e-01        0.01
   1      -126.563406740     -7.04e-01      3.68e-01        0.02
   2      -126.547255995      1.62e-02      9.98e-02        0.01
   3      -126.552406568     -5.15e-03      2.41e-02        0.01
   4      -126.575796909     -2.34e-02      7.23e-03        0.01
   5      -126.578632134     -2.84e-03      3.15e-03        0.01
   6      -126.579291608     -6.59e-04      9.96e-04        0.04
   7      -126.579352935     -6.13e-05      1.96e-04        0.07
   8      -126.579354149     -1.21e-06      6.74e-05        0.01
   9      -126.579354227     -7.80e-08      2.59e-05        0.01
  10      -126.579354232     -5.17e-09      1.02e-05        0.01
  11      -126.579354233     -7.03e-10      3.23e-06        0.01
  12      -126.579354233     -5.41e-11      9.59e-07        0.01

 SCF converged in 11 iterations.

 Entropy contribution (-ST):             0.000000000
 Dipole moment (in Debye):              -3.115830      -2.710301       0.702812

Chlorophyll parameters
 D_scl:                                  0.636
 Mg_p:                                   0.902
 Mg_s:                                   1.053
 Mgp_Np:                                 1.402
 Mgp_Ns:                                 1.067
 Mgs_Np:                                 1.023
 Mgs_Ns:                                 1.468
 N_p:                                    1.044
 N_s:                                    1.281
 a_x:                                    0.067
 k_p:                                    2.694
 k_s:                                    1.462
 y_J:                                    4.012
 y_K:                                    2.147

 ----------------
  Excitation 0 1 
 ----------------
 Setting up Delta-SCF
 Ground-Excited state overlap:          -0.000000000
 No correction applied to the TDM.
 Excitation energy:                      0.063682043
 Excitation energy (in eV):              1.732876680
 Transition dipole:                      1.20871       2.28567      -1.00162

 ******************
  Exciton analysis 
 ******************

 eigenvalues
 -----------
 state 0:                             -253.1841 hr
 state 1:                             -253.1205 hr
 state 2:                             -253.1176 hr

 coupling energies
 -----------------
 states 1, 2:                          -74.5856 cm^-1

 distances
 ---------
 chromophore 1, 2:                      32.8931 au

 charge centers
                         X                   Y                   Z
 1            78.383026019        19.017328541        58.037618969
 2            92.557265735        48.571510101        55.281248393
 Saving results in set 'trunc_bchla_10_bchla_13_frame_35401'

 --------------------------------------------------------------------------------

 End time:                               Fri Sep 10 12:00:43 2021
 Total wall-clock time:                  0.727 seconds
==================================================================================
