
================================================================================
          _____________ ________ _______________ ________     _________         
         / ___________// ______ \\_____   _____// ______ \   / ________)        
        / /_________  / /      \ \     | |     / /      \ \ | (_______          
       |  __________|| |        | |    | |    | |        | | \________ \        
        \ \_________ | |        | |    | |     \ \______/ /___________) |       
         \__________||_|        |_|    |_|      \________//____________/        
                                                                                
====================================[ Qcore ]===================================

 Git hash:   0385c69a4f85ff35f953e853350ecec6fa7ab330
 Git date:   Wed, 8 Sep 2021 10:09:58 +0100
 Compiler:   AppleClang 10.0.1.10010046
 Build type: Release
 Version:    2.1.1

 Start time: Thu Sep  9 11:42:00 2021

 Data directory: /Users/of15641/qcore/cmake-build-release/share/entos/2.1.1/data
 Number of threads: 2
 Number of threads was determined by: number of physical cores

 --------------------------------------------------------------------------------
                                command: excitons                                
 --------------------------------------------------------------------------------
 XTB basis setup:                        reference basis
 Implicit solvation model:               none
 Number of basis functions:            244
 GFN version:                            chlorophyll
 Integral screening threshold:           1.00e-10
 Total charge:                           0.000000000
 Number of electrons:                  218.000000000
 Electronic temperature (Kelvin):        0.000000000

 D3BJ energy:                           -0.061148319
 Repulsive energy:                       1.498286774

 ****************************************************
  Running robust self-consistent charge (SCC) solver 
 ****************************************************
 Number of SCC trials:                   4
 Using the stop-early mechanism for the first 3 trials

 Conv. threshold (charge):               1.00e-05
 Conv. threshold (energy):               1.00e-06
 Initial guess:                          SAD

 -------------
  SCC Trial 1 
 -------------
 Broyden mixing factor:                  0.400000000
 Max number of iterations:             128

 ---------------------------------------------------------------
                  energy        change          grad        time
 ---------------------------------------------------------------
   0      -125.870877669                    6.47e-01        0.01
   1      -126.574895965     -7.04e-01      3.69e-01        0.01
   2      -126.542243592      3.27e-02      1.01e-01        0.00
   3      -126.530093347      1.22e-02      3.32e-02        0.01
   4      -126.588188861     -5.81e-02      8.14e-03        0.00
   5      -126.592585327     -4.40e-03      2.57e-03        0.01
   6      -126.593039755     -4.54e-04      8.63e-04        0.01
   7      -126.593076884     -3.71e-05      2.14e-04        0.00
   8      -126.593078328     -1.44e-06      8.95e-05        0.01
   9      -126.593078434     -1.05e-07      3.67e-05        0.00
  10      -126.593078446     -1.23e-08      1.43e-05        0.01
  11      -126.593078448     -1.80e-09      3.67e-06        0.00
  12      -126.593078448     -6.18e-11      1.24e-06        0.00

 SCF converged in 11 iterations.

 Entropy contribution (-ST):             0.000000000
 Dipole moment (in Debye):              -3.522569      -2.328689       2.413261

Chlorophyll parameters
 D_scl:                                  0.636
 Mg_p:                                   0.902
 Mg_s:                                   1.053
 Mgp_Np:                                 1.402
 Mgp_Ns:                                 1.067
 Mgs_Np:                                 1.023
 Mgs_Ns:                                 1.468
 N_p:                                    1.044
 N_s:                                    1.281
 a_x:                                    0.067
 k_p:                                    2.694
 k_s:                                    1.462
 y_J:                                    4.012
 y_K:                                    2.147

 ----------------
  Excitation 0 1 
 ----------------
 Setting up Delta-SCF
 Ground-Excited state overlap:           0.000000000
 No correction applied to the TDM.
 Excitation energy:                      0.066085992
 Excitation energy (in eV):              1.798291449
 Transition dipole:                      0.54208       2.61747      -0.60718
 XTB basis setup:                        reference basis
 Implicit solvation model:               none
 Number of basis functions:            244
 GFN version:                            chlorophyll
 Integral screening threshold:           1.00e-10
 Total charge:                           0.000000000
 Number of electrons:                  218.000000000
 Electronic temperature (Kelvin):        0.000000000

 D3BJ energy:                           -0.061561134
 Repulsive energy:                       1.480642596

 ****************************************************
  Running robust self-consistent charge (SCC) solver 
 ****************************************************
 Number of SCC trials:                   4
 Using the stop-early mechanism for the first 3 trials

 Conv. threshold (charge):               1.00e-05
 Conv. threshold (energy):               1.00e-06
 Initial guess:                          SAD

 -------------
  SCC Trial 1 
 -------------
 Broyden mixing factor:                  0.400000000
 Max number of iterations:             128

 ---------------------------------------------------------------
                  energy        change          grad        time
 ---------------------------------------------------------------
   0      -125.891731867                    6.46e-01        0.01
   1      -126.571525401     -6.80e-01      3.69e-01        0.01
   2      -126.561170646      1.04e-02      9.64e-02        0.01
   3      -126.568307595     -7.14e-03      2.01e-02        0.01
   4      -126.582348218     -1.40e-02      6.20e-03        0.01
   5      -126.584771370     -2.42e-03      2.20e-03        0.01
   6      -126.585092012     -3.21e-04      4.81e-04        0.01
   7      -126.585100500     -8.49e-06      1.15e-04        0.01
   8      -126.585100746     -2.46e-07      5.42e-05        0.01
   9      -126.585100830     -8.44e-08      2.40e-05        0.01
  10      -126.585100843     -1.25e-08      1.02e-05        0.01
  11      -126.585100845     -2.17e-09      3.60e-06        0.01
  12      -126.585100845     -1.76e-10      9.98e-07        0.01

 SCF converged in 11 iterations.

 Entropy contribution (-ST):             0.000000000
 Dipole moment (in Debye):               1.720187      -2.197446      -1.758410

Chlorophyll parameters
 D_scl:                                  0.636
 Mg_p:                                   0.902
 Mg_s:                                   1.053
 Mgp_Np:                                 1.402
 Mgp_Ns:                                 1.067
 Mgs_Np:                                 1.023
 Mgs_Ns:                                 1.468
 N_p:                                    1.044
 N_s:                                    1.281
 a_x:                                    0.067
 k_p:                                    2.694
 k_s:                                    1.462
 y_J:                                    4.012
 y_K:                                    2.147

 ----------------
  Excitation 0 1 
 ----------------
 Setting up Delta-SCF
 Ground-Excited state overlap:          -0.000000000
 No correction applied to the TDM.
 Excitation energy:                      0.066291622
 Excitation energy (in eV):              1.803886932
 Transition dipole:                     -1.10515      -2.47267      -0.35741

 ******************
  Exciton analysis 
 ******************

 eigenvalues
 -----------
 state 0:                             -253.1782 hr
 state 1:                             -253.1121 hr
 state 2:                             -253.1119 hr

 coupling energies
 -----------------
 states 1, 2:                           -1.8369 cm^-1

 distances
 ---------
 chromophore 1, 2:                      89.4589 au

 charge centers
                         X                   Y                   Z
 1             1.173057523        15.014902761        52.897579942
 2            83.340458572         9.562653381        87.850134035
 Saving results in set 'trunc_bchla_3_bchla_8_frame_40001'

 --------------------------------------------------------------------------------

 End time:                               Thu Sep  9 11:42:00 2021
 Total wall-clock time:                  0.446 seconds
==================================================================================
