
================================================================================
          _____________ ________ _______________ ________     _________         
         / ___________// ______ \\_____   _____// ______ \   / ________)        
        / /_________  / /      \ \     | |     / /      \ \ | (_______          
       |  __________|| |        | |    | |    | |        | | \________ \        
        \ \_________ | |        | |    | |     \ \______/ /___________) |       
         \__________||_|        |_|    |_|      \________//____________/        
                                                                                
====================================[ Qcore ]===================================

 Git hash:   d9090f16b0f5f4f9bb84fd3cbccc869acc793a93
 Git date:   Mon, 6 Sep 2021 15:48:50 +0100
 Compiler:   AppleClang 10.0.1.10010046
 Build type: Debug
 Version:    2.1.1

 Start time: Tue Sep  7 11:43:50 2021

 Data directory: /Users/of15641/qcore/cmake-build-debug/share/entos/2.1.1/data
 Number of threads: 2
 Number of threads was determined by: number of physical cores

 --------------------------------------------------------------------------------
                                command: excitons                                
 --------------------------------------------------------------------------------
 XTB basis setup:                        reference basis
 Implicit solvation model:               none
 Number of basis functions:            244
 GFN version:                            chlorophyll
 Integral screening threshold:           1.00e-10
 Total charge:                           0.000000000
 Number of electrons:                  218.000000000
 Electronic temperature (Kelvin):        0.000000000

 D3BJ energy:                           -0.062170273
 Repulsive energy:                       1.557625638

 ****************************************************
  Running robust self-consistent charge (SCC) solver 
 ****************************************************
 Number of SCC trials:                   4
 Using the stop-early mechanism for the first 3 trials

 Conv. threshold (charge):               1.00e-05
 Conv. threshold (energy):               1.00e-06
 Initial guess:                          SAD

 -------------
  SCC Trial 1 
 -------------
 Broyden mixing factor:                  0.400000000
 Max number of iterations:             128

 ---------------------------------------------------------------
                  energy        change          grad        time
 ---------------------------------------------------------------
   0      -125.953855606                    6.48e-01        0.04
   1      -126.617632352     -6.64e-01      3.70e-01        0.02
   2      -126.573120081      4.45e-02      9.66e-02        0.02
   3      -126.532931029      4.02e-02      3.75e-02        0.01
   4      -126.631283180     -9.84e-02      8.30e-03        0.01
   5      -126.636156529     -4.87e-03      2.14e-03        0.02
   6      -126.636290352     -1.34e-04      7.61e-04        0.01
   7      -126.636310257     -1.99e-05      2.66e-04        0.04
   8      -126.636311732     -1.47e-06      1.60e-04        0.15
   9      -126.636311988     -2.56e-07      6.15e-05        0.03
  10      -126.636312014     -2.61e-08      1.93e-05        0.01
  11      -126.636312019     -4.54e-09      4.37e-06        0.01
  12      -126.636312019     -1.28e-10      1.08e-06        0.01

 SCF converged in 11 iterations.

 Entropy contribution (-ST):             0.000000000
 Dipole moment (in Debye):              -4.007161      -0.046202      -0.386537

Chlorophyll parameters
 D_scl:                                  0.636
 Mg_p:                                   0.902
 Mg_s:                                   1.053
 Mgp_Np:                                 1.402
 Mgp_Ns:                                 1.067
 Mgs_Np:                                 1.023
 Mgs_Ns:                                 1.468
 N_p:                                    1.044
 N_s:                                    1.281
 a_x:                                    0.067
 k_p:                                    2.694
 k_s:                                    1.462
 y_J:                                    4.012
 y_K:                                    2.147

 ----------------
  Excitation 0 1 
 ----------------
 Setting up Delta-SCF
 Ground-Excited state overlap:           0.000000000
 No correction applied to the TDM.
 Excitation energy:                      0.068542963
 Excitation energy (in eV):              1.865149040
 Transition dipole:                     -2.29172      -1.40963       0.41208
 XTB basis setup:                        reference basis
 Implicit solvation model:               none
 Number of basis functions:            244
 GFN version:                            chlorophyll
 Integral screening threshold:           1.00e-10
 Total charge:                           0.000000000
 Number of electrons:                  218.000000000
 Electronic temperature (Kelvin):        0.000000000

 D3BJ energy:                           -0.061998943
 Repulsive energy:                       1.460994953

 ****************************************************
  Running robust self-consistent charge (SCC) solver 
 ****************************************************
 Number of SCC trials:                   4
 Using the stop-early mechanism for the first 3 trials

 Conv. threshold (charge):               1.00e-05
 Conv. threshold (energy):               1.00e-06
 Initial guess:                          SAD

 -------------
  SCC Trial 1 
 -------------
 Broyden mixing factor:                  0.400000000
 Max number of iterations:             128

 ---------------------------------------------------------------
                  energy        change          grad        time
 ---------------------------------------------------------------
   0      -125.862291357                    6.46e-01        0.10
   1      -126.572379735     -7.10e-01      3.69e-01        0.02
   2      -126.556703092      1.57e-02      1.01e-01        0.03
   3      -126.562514765     -5.81e-03      2.33e-02        0.02
   4      -126.585004864     -2.25e-02      7.75e-03        0.03
   5      -126.589129935     -4.13e-03      2.19e-03        0.02
   6      -126.589411790     -2.82e-04      8.14e-04        0.09
   7      -126.589444074     -3.23e-05      2.55e-04        0.01
   8      -126.589447786     -3.71e-06      8.06e-05        0.03
   9      -126.589447909     -1.22e-07      3.56e-05        0.01
  10      -126.589447923     -1.47e-08      1.43e-05        0.03
  11      -126.589447927     -3.19e-09      3.60e-06        0.02
  12      -126.589447927     -9.92e-11      1.22e-06        0.01

 SCF converged in 11 iterations.

 Entropy contribution (-ST):             0.000000000
 Dipole moment (in Debye):              -0.405688      -4.597582       1.006577

Chlorophyll parameters
 D_scl:                                  0.636
 Mg_p:                                   0.902
 Mg_s:                                   1.053
 Mgp_Np:                                 1.402
 Mgp_Ns:                                 1.067
 Mgs_Np:                                 1.023
 Mgs_Ns:                                 1.468
 N_p:                                    1.044
 N_s:                                    1.281
 a_x:                                    0.067
 k_p:                                    2.694
 k_s:                                    1.462
 y_J:                                    4.012
 y_K:                                    2.147

 ----------------
  Excitation 0 1 
 ----------------
 Setting up Delta-SCF
 Ground-Excited state overlap:          -0.000000000
 No correction applied to the TDM.
 Excitation energy:                      0.065512608
 Excitation energy (in eV):              1.782688878
 Transition dipole:                      0.82688      -2.64557       0.13002

 ******************
  Exciton analysis 
 ******************

 eigenvalues:                         -253.225760    -253.160246    -253.157217
 Saving results in set 'trunc_bchla_10_bchla_16_frame_1'

 --------------------------------------------------------------------------------

 End time:                               Tue Sep  7 11:43:54 2021
 Total wall-clock time:                  3.354 seconds
==================================================================================
