
================================================================================
          _____________ ________ _______________ ________     _________         
         / ___________// ______ \\_____   _____// ______ \   / ________)        
        / /_________  / /      \ \     | |     / /      \ \ | (_______          
       |  __________|| |        | |    | |    | |        | | \________ \        
        \ \_________ | |        | |    | |     \ \______/ /___________) |       
         \__________||_|        |_|    |_|      \________//____________/        
                                                                                
====================================[ Qcore ]===================================

 Git hash:   0385c69a4f85ff35f953e853350ecec6fa7ab330
 Git date:   Wed, 8 Sep 2021 10:09:58 +0100
 Compiler:   AppleClang 10.0.1.10010046
 Build type: Release
 Version:    2.1.1

 Start time: Thu Sep  9 11:36:54 2021

 Data directory: /Users/of15641/qcore/cmake-build-release/share/entos/2.1.1/data
 Number of threads: 2
 Number of threads was determined by: number of physical cores

 --------------------------------------------------------------------------------
                                command: excitons                                
 --------------------------------------------------------------------------------
 XTB basis setup:                        reference basis
 Implicit solvation model:               none
 Number of basis functions:            244
 GFN version:                            chlorophyll
 Integral screening threshold:           1.00e-10
 Total charge:                           0.000000000
 Number of electrons:                  218.000000000
 Electronic temperature (Kelvin):        0.000000000

 D3BJ energy:                           -0.061590624
 Repulsive energy:                       1.488624621

 ****************************************************
  Running robust self-consistent charge (SCC) solver 
 ****************************************************
 Number of SCC trials:                   4
 Using the stop-early mechanism for the first 3 trials

 Conv. threshold (charge):               1.00e-05
 Conv. threshold (energy):               1.00e-06
 Initial guess:                          SAD

 -------------
  SCC Trial 1 
 -------------
 Broyden mixing factor:                  0.400000000
 Max number of iterations:             128

 ---------------------------------------------------------------
                  energy        change          grad        time
 ---------------------------------------------------------------
   0      -125.880254745                    6.44e-01        0.01
   1      -126.560958503     -6.81e-01      3.68e-01        0.01
   2      -126.545953017      1.50e-02      9.77e-02        0.01
   3      -126.545036852      9.16e-04      2.34e-02        0.01
   4      -126.569308169     -2.43e-02      9.13e-03        0.01
   5      -126.575517071     -6.21e-03      1.74e-03        0.01
   6      -126.575620212     -1.03e-04      4.82e-04        0.01
   7      -126.575625388     -5.18e-06      1.79e-04        0.00
   8      -126.575626288     -9.00e-07      8.00e-05        0.01
   9      -126.575626479     -1.92e-07      3.67e-05        0.01
  10      -126.575626499     -1.94e-08      1.56e-05        0.01
  11      -126.575626500     -1.55e-09      4.14e-06        0.01
  12      -126.575626501     -2.45e-10      1.34e-06        0.02

 SCF converged in 11 iterations.

 Entropy contribution (-ST):             0.000000000
 Dipole moment (in Debye):              -1.392407      -1.164129       1.481633

Chlorophyll parameters
 D_scl:                                  0.636
 Mg_p:                                   0.902
 Mg_s:                                   1.053
 Mgp_Np:                                 1.402
 Mgp_Ns:                                 1.067
 Mgs_Np:                                 1.023
 Mgs_Ns:                                 1.468
 N_p:                                    1.044
 N_s:                                    1.281
 a_x:                                    0.067
 k_p:                                    2.694
 k_s:                                    1.462
 y_J:                                    4.012
 y_K:                                    2.147

 ----------------
  Excitation 0 1 
 ----------------
 Setting up Delta-SCF
 Ground-Excited state overlap:          -0.000000000
 No correction applied to the TDM.
 Excitation energy:                      0.068659299
 Excitation energy (in eV):              1.868314701
 Transition dipole:                     -2.27103       1.40951      -0.68752
 XTB basis setup:                        reference basis
 Implicit solvation model:               none
 Number of basis functions:            244
 GFN version:                            chlorophyll
 Integral screening threshold:           1.00e-10
 Total charge:                           0.000000000
 Number of electrons:                  218.000000000
 Electronic temperature (Kelvin):        0.000000000

 D3BJ energy:                           -0.060997695
 Repulsive energy:                       1.484562238

 ****************************************************
  Running robust self-consistent charge (SCC) solver 
 ****************************************************
 Number of SCC trials:                   4
 Using the stop-early mechanism for the first 3 trials

 Conv. threshold (charge):               1.00e-05
 Conv. threshold (energy):               1.00e-06
 Initial guess:                          SAD

 -------------
  SCC Trial 1 
 -------------
 Broyden mixing factor:                  0.400000000
 Max number of iterations:             128

 ---------------------------------------------------------------
                  energy        change          grad        time
 ---------------------------------------------------------------
   0      -125.883883151                    6.46e-01        0.01
   1      -126.554280264     -6.70e-01      3.69e-01        0.01
   2      -126.507888612      4.64e-02      9.90e-02        0.01
   3      -126.483716206      2.42e-02      3.85e-02        0.01
   4      -126.569035176     -8.53e-02      7.72e-03        0.01
   5      -126.572747260     -3.71e-03      2.45e-03        0.01
   6      -126.573135720     -3.88e-04      8.37e-04        0.01
   7      -126.573168452     -3.27e-05      1.98e-04        0.01
   8      -126.573169538     -1.09e-06      1.02e-04        0.02
   9      -126.573169662     -1.24e-07      4.18e-05        0.03
  10      -126.573169669     -6.98e-09      1.82e-05        0.01
  11      -126.573169673     -4.09e-09      4.12e-06        0.01
  12      -126.573169673     -1.84e-10      1.46e-06        0.01

 SCF converged in 11 iterations.

 Entropy contribution (-ST):             0.000000000
 Dipole moment (in Debye):              -1.649493       2.864735       2.452344

Chlorophyll parameters
 D_scl:                                  0.636
 Mg_p:                                   0.902
 Mg_s:                                   1.053
 Mgp_Np:                                 1.402
 Mgp_Ns:                                 1.067
 Mgs_Np:                                 1.023
 Mgs_Ns:                                 1.468
 N_p:                                    1.044
 N_s:                                    1.281
 a_x:                                    0.067
 k_p:                                    2.694
 k_s:                                    1.462
 y_J:                                    4.012
 y_K:                                    2.147

 ----------------
  Excitation 0 1 
 ----------------
 Setting up Delta-SCF
 Ground-Excited state overlap:           0.000000000
 No correction applied to the TDM.
 Excitation energy:                      0.066721512
 Excitation energy (in eV):              1.815584826
 Transition dipole:                      2.59226      -0.79077       0.10553

 ******************
  Exciton analysis 
 ******************

 eigenvalues
 -----------
 state 0:                             -253.1488 hr
 state 1:                             -253.0821 hr
 state 2:                             -253.0801 hr

 coupling energies
 -----------------
 states 1, 2:                           -1.0975 cm^-1

 distances
 ---------
 chromophore 1, 2:                     107.5388 au

 charge centers
                         X                   Y                   Z
 1             6.028458135        -1.242298549        83.991261535
 2            32.128747552        96.743361794        48.183739656
 Saving results in set 'trunc_bchla_2_bchla_21_frame_5001'

 --------------------------------------------------------------------------------

 End time:                               Thu Sep  9 11:36:55 2021
 Total wall-clock time:                  0.601 seconds
==================================================================================
