
================================================================================
          _____________ ________ _______________ ________     _________         
         / ___________// ______ \\_____   _____// ______ \   / ________)        
        / /_________  / /      \ \     | |     / /      \ \ | (_______          
       |  __________|| |        | |    | |    | |        | | \________ \        
        \ \_________ | |        | |    | |     \ \______/ /___________) |       
         \__________||_|        |_|    |_|      \________//____________/        
                                                                                
====================================[ Qcore ]===================================

 Git hash:   0385c69a4f85ff35f953e853350ecec6fa7ab330
 Git date:   Wed, 8 Sep 2021 10:09:58 +0100
 Compiler:   AppleClang 10.0.1.10010046
 Build type: Release
 Version:    2.1.1

 Start time: Fri Sep 10 12:02:44 2021

 Data directory: /Users/of15641/qcore/cmake-build-release/share/entos/2.1.1/data
 Number of threads: 2
 Number of threads was determined by: number of physical cores

 --------------------------------------------------------------------------------
                                command: excitons                                
 --------------------------------------------------------------------------------
 XTB basis setup:                        reference basis
 Implicit solvation model:               none
 Number of basis functions:            244
 GFN version:                            chlorophyll
 Integral screening threshold:           1.00e-10
 Total charge:                           0.000000000
 Number of electrons:                  218.000000000
 Electronic temperature (Kelvin):        0.000000000

 D3BJ energy:                           -0.062310007
 Repulsive energy:                       1.503354691

 ****************************************************
  Running robust self-consistent charge (SCC) solver 
 ****************************************************
 Number of SCC trials:                   4
 Using the stop-early mechanism for the first 3 trials

 Conv. threshold (charge):               1.00e-05
 Conv. threshold (energy):               1.00e-06
 Initial guess:                          SAD

 -------------
  SCC Trial 1 
 -------------
 Broyden mixing factor:                  0.400000000
 Max number of iterations:             128

 ---------------------------------------------------------------
                  energy        change          grad        time
 ---------------------------------------------------------------
   0      -125.913556426                    6.46e-01        0.01
   1      -126.574100985     -6.61e-01      3.68e-01        0.00
   2      -126.511883246      6.22e-02      9.97e-02        0.01
   3      -126.493785268      1.81e-02      3.93e-02        0.01
   4      -126.592326745     -9.85e-02      6.33e-03        0.01
   5      -126.594217174     -1.89e-03      2.45e-03        0.00
   6      -126.594547724     -3.31e-04      1.10e-03        0.01
   7      -126.594609869     -6.21e-05      2.63e-04        0.00
   8      -126.594611721     -1.85e-06      1.04e-04        0.00
   9      -126.594611791     -7.04e-08      4.97e-05        0.00
  10      -126.594611805     -1.34e-08      1.15e-05        0.00
  11      -126.594611807     -2.50e-09      4.17e-06        0.00
  12      -126.594611807     -2.61e-10      1.03e-06        0.01

 SCF converged in 11 iterations.

 Entropy contribution (-ST):             0.000000000
 Dipole moment (in Debye):              -3.735659       0.733584       0.641786

Chlorophyll parameters
 D_scl:                                  0.636
 Mg_p:                                   0.902
 Mg_s:                                   1.053
 Mgp_Np:                                 1.402
 Mgp_Ns:                                 1.067
 Mgs_Np:                                 1.023
 Mgs_Ns:                                 1.468
 N_p:                                    1.044
 N_s:                                    1.281
 a_x:                                    0.067
 k_p:                                    2.694
 k_s:                                    1.462
 y_J:                                    4.012
 y_K:                                    2.147

 ----------------
  Excitation 0 1 
 ----------------
 Setting up Delta-SCF
 Ground-Excited state overlap:          -0.000000000
 No correction applied to the TDM.
 Excitation energy:                      0.070490597
 Excitation energy (in eV):              1.918146858
 Transition dipole:                      2.22472       1.36571      -0.34918
 XTB basis setup:                        reference basis
 Implicit solvation model:               none
 Number of basis functions:            244
 GFN version:                            chlorophyll
 Integral screening threshold:           1.00e-10
 Total charge:                           0.000000000
 Number of electrons:                  218.000000000
 Electronic temperature (Kelvin):        0.000000000

 D3BJ energy:                           -0.062154563
 Repulsive energy:                       1.476138698

 ****************************************************
  Running robust self-consistent charge (SCC) solver 
 ****************************************************
 Number of SCC trials:                   4
 Using the stop-early mechanism for the first 3 trials

 Conv. threshold (charge):               1.00e-05
 Conv. threshold (energy):               1.00e-06
 Initial guess:                          SAD

 -------------
  SCC Trial 1 
 -------------
 Broyden mixing factor:                  0.400000000
 Max number of iterations:             128

 ---------------------------------------------------------------
                  energy        change          grad        time
 ---------------------------------------------------------------
   0      -125.862707244                    6.47e-01        0.01
   1      -126.583041264     -7.20e-01      3.69e-01        0.01
   2      -126.571820895      1.12e-02      1.03e-01        0.01
   3      -126.587824525     -1.60e-02      1.86e-02        0.01
   4      -126.597862634     -1.00e-02      4.07e-03        0.01
   5      -126.598493432     -6.31e-04      2.53e-03        0.01
   6      -126.598948255     -4.55e-04      5.26e-04        0.01
   7      -126.598958935     -1.07e-05      1.41e-04        0.01
   8      -126.598959614     -6.80e-07      4.94e-05        0.01
   9      -126.598959686     -7.19e-08      2.13e-05        0.01
  10      -126.598959697     -1.04e-08      8.59e-06        0.01
  11      -126.598959698     -1.17e-09      3.29e-06        0.01

 SCF converged in 10 iterations.

 Entropy contribution (-ST):             0.000000000
 Dipole moment (in Debye):               4.550848       3.071283       0.046766

Chlorophyll parameters
 D_scl:                                  0.636
 Mg_p:                                   0.902
 Mg_s:                                   1.053
 Mgp_Np:                                 1.402
 Mgp_Ns:                                 1.067
 Mgs_Np:                                 1.023
 Mgs_Ns:                                 1.468
 N_p:                                    1.044
 N_s:                                    1.281
 a_x:                                    0.067
 k_p:                                    2.694
 k_s:                                    1.462
 y_J:                                    4.012
 y_K:                                    2.147

 ----------------
  Excitation 0 1 
 ----------------
 Setting up Delta-SCF
 Ground-Excited state overlap:          -0.000000000
 No correction applied to the TDM.
 Excitation energy:                      0.066348383
 Excitation energy (in eV):              1.805431488
 Transition dipole:                      1.99139      -1.89727      -0.13772

 ******************
  Exciton analysis 
 ******************

 eigenvalues
 -----------
 state 0:                             -253.1936 hr
 state 1:                             -253.1272 hr
 state 2:                             -253.1231 hr

 coupling energies
 -----------------
 states 1, 2:                            5.0053 cm^-1

 distances
 ---------
 chromophore 1, 2:                      70.7615 au

 charge centers
                         X                   Y                   Z
 1            78.611742647        17.036768050        57.943847393
 2            89.003783949        83.740790468        79.151681055
 Saving results in set 'trunc_bchla_10_bchla_14_frame_10001'

 --------------------------------------------------------------------------------

 End time:                               Fri Sep 10 12:02:45 2021
 Total wall-clock time:                  0.457 seconds
==================================================================================
