
================================================================================
          _____________ ________ _______________ ________     _________         
         / ___________// ______ \\_____   _____// ______ \   / ________)        
        / /_________  / /      \ \     | |     / /      \ \ | (_______          
       |  __________|| |        | |    | |    | |        | | \________ \        
        \ \_________ | |        | |    | |     \ \______/ /___________) |       
         \__________||_|        |_|    |_|      \________//____________/        
                                                                                
====================================[ Qcore ]===================================

 Git hash:   0385c69a4f85ff35f953e853350ecec6fa7ab330
 Git date:   Wed, 8 Sep 2021 10:09:58 +0100
 Compiler:   AppleClang 10.0.1.10010046
 Build type: Release
 Version:    2.1.1

 Start time: Fri Sep 10 12:07:54 2021

 Data directory: /Users/of15641/qcore/cmake-build-release/share/entos/2.1.1/data
 Number of threads: 2
 Number of threads was determined by: number of physical cores

 --------------------------------------------------------------------------------
                                command: excitons                                
 --------------------------------------------------------------------------------
 XTB basis setup:                        reference basis
 Implicit solvation model:               none
 Number of basis functions:            244
 GFN version:                            chlorophyll
 Integral screening threshold:           1.00e-10
 Total charge:                           0.000000000
 Number of electrons:                  218.000000000
 Electronic temperature (Kelvin):        0.000000000

 D3BJ energy:                           -0.062450209
 Repulsive energy:                       1.483177039

 ****************************************************
  Running robust self-consistent charge (SCC) solver 
 ****************************************************
 Number of SCC trials:                   4
 Using the stop-early mechanism for the first 3 trials

 Conv. threshold (charge):               1.00e-05
 Conv. threshold (energy):               1.00e-06
 Initial guess:                          SAD

 -------------
  SCC Trial 1 
 -------------
 Broyden mixing factor:                  0.400000000
 Max number of iterations:             128

 ---------------------------------------------------------------
                  energy        change          grad        time
 ---------------------------------------------------------------
   0      -125.888024989                    6.47e-01        0.01
   1      -126.578653843     -6.91e-01      3.69e-01        0.01
   2      -126.528711838      4.99e-02      9.97e-02        0.01
   3      -126.490657770      3.81e-02      3.94e-02        0.01
   4      -126.593313866     -1.03e-01      9.07e-03        0.01
   5      -126.599047167     -5.73e-03      2.62e-03        0.01
   6      -126.599302141     -2.55e-04      9.48e-04        0.01
   7      -126.599333957     -3.18e-05      2.85e-04        0.01
   8      -126.599335430     -1.47e-06      1.73e-04        0.02
   9      -126.599335679     -2.49e-07      6.81e-05        0.01
  10      -126.599335714     -3.48e-08      2.50e-05        0.01
  11      -126.599335722     -8.11e-09      5.33e-06        0.01
  12      -126.599335722     -2.98e-10      1.60e-06        0.01

 SCF converged in 11 iterations.

 Entropy contribution (-ST):             0.000000000
 Dipole moment (in Debye):              -3.978812      -0.005544       0.159472

Chlorophyll parameters
 D_scl:                                  0.636
 Mg_p:                                   0.902
 Mg_s:                                   1.053
 Mgp_Np:                                 1.402
 Mgp_Ns:                                 1.067
 Mgs_Np:                                 1.023
 Mgs_Ns:                                 1.468
 N_p:                                    1.044
 N_s:                                    1.281
 a_x:                                    0.067
 k_p:                                    2.694
 k_s:                                    1.462
 y_J:                                    4.012
 y_K:                                    2.147

 ----------------
  Excitation 0 1 
 ----------------
 Setting up Delta-SCF
 Ground-Excited state overlap:          -0.000000000
 No correction applied to the TDM.
 Excitation energy:                      0.065685603
 Excitation energy (in eV):              1.787396321
 Transition dipole:                      2.49367       1.35704       0.06852
 XTB basis setup:                        reference basis
 Implicit solvation model:               none
 Number of basis functions:            244
 GFN version:                            chlorophyll
 Integral screening threshold:           1.00e-10
 Total charge:                           0.000000000
 Number of electrons:                  218.000000000
 Electronic temperature (Kelvin):        0.000000000

 D3BJ energy:                           -0.062346716
 Repulsive energy:                       1.508174570

 ****************************************************
  Running robust self-consistent charge (SCC) solver 
 ****************************************************
 Number of SCC trials:                   4
 Using the stop-early mechanism for the first 3 trials

 Conv. threshold (charge):               1.00e-05
 Conv. threshold (energy):               1.00e-06
 Initial guess:                          SAD

 -------------
  SCC Trial 1 
 -------------
 Broyden mixing factor:                  0.400000000
 Max number of iterations:             128

 ---------------------------------------------------------------
                  energy        change          grad        time
 ---------------------------------------------------------------
   0      -125.901601911                    6.47e-01        0.01
   1      -126.588615379     -6.87e-01      3.69e-01        0.01
   2      -126.552241092      3.64e-02      9.96e-02        0.01
   3      -126.535751482      1.65e-02      3.44e-02        0.02
   4      -126.600680865     -6.49e-02      8.41e-03        0.01
   5      -126.605665288     -4.98e-03      2.39e-03        0.01
   6      -126.606008940     -3.44e-04      8.35e-04        0.01
   7      -126.606042809     -3.39e-05      2.04e-04        0.01
   8      -126.606043942     -1.13e-06      1.10e-04        0.01
   9      -126.606044112     -1.70e-07      4.78e-05        0.01
  10      -126.606044146     -3.41e-08      1.75e-05        0.01
  11      -126.606044150     -4.40e-09      3.84e-06        0.01
  12      -126.606044150     -1.01e-10      1.19e-06        0.01

 SCF converged in 11 iterations.

 Entropy contribution (-ST):             0.000000000
 Dipole moment (in Debye):               2.189859       6.014670      -0.945264

Chlorophyll parameters
 D_scl:                                  0.636
 Mg_p:                                   0.902
 Mg_s:                                   1.053
 Mgp_Np:                                 1.402
 Mgp_Ns:                                 1.067
 Mgs_Np:                                 1.023
 Mgs_Ns:                                 1.468
 N_p:                                    1.044
 N_s:                                    1.281
 a_x:                                    0.067
 k_p:                                    2.694
 k_s:                                    1.462
 y_J:                                    4.012
 y_K:                                    2.147

 ----------------
  Excitation 0 1 
 ----------------
 Setting up Delta-SCF
 Ground-Excited state overlap:           0.000000000
 No correction applied to the TDM.
 Excitation energy:                      0.068015195
 Excitation energy (in eV):              1.850787754
 Transition dipole:                      0.96705       2.51822       0.14027

 ******************
  Exciton analysis 
 ******************

 eigenvalues
 -----------
 state 0:                             -253.2053 hr
 state 1:                             -253.1397 hr
 state 2:                             -253.1373 hr

 coupling energies
 -----------------
 states 1, 2:                          -17.5330 cm^-1

 distances
 ---------
 chromophore 1, 2:                      48.2111 au

 charge centers
                         X                   Y                   Z
 1            77.589493441        17.757009329        57.048788308
 2            89.186187832        64.402351563        53.302197878
 Saving results in set 'trunc_bchla_10_bchla_15_frame_14401'

 --------------------------------------------------------------------------------

 End time:                               Fri Sep 10 12:07:54 2021
 Total wall-clock time:                  0.507 seconds
==================================================================================
