
================================================================================
          _____________ ________ _______________ ________     _________         
         / ___________// ______ \\_____   _____// ______ \   / ________)        
        / /_________  / /      \ \     | |     / /      \ \ | (_______          
       |  __________|| |        | |    | |    | |        | | \________ \        
        \ \_________ | |        | |    | |     \ \______/ /___________) |       
         \__________||_|        |_|    |_|      \________//____________/        
                                                                                
====================================[ Qcore ]===================================

 Git hash:   0385c69a4f85ff35f953e853350ecec6fa7ab330
 Git date:   Wed, 8 Sep 2021 10:09:58 +0100
 Compiler:   AppleClang 10.0.1.10010046
 Build type: Release
 Version:    2.1.1

 Start time: Fri Sep 10 11:55:20 2021

 Data directory: /Users/of15641/qcore/cmake-build-release/share/entos/2.1.1/data
 Number of threads: 2
 Number of threads was determined by: number of physical cores

 --------------------------------------------------------------------------------
                                command: excitons                                
 --------------------------------------------------------------------------------
 XTB basis setup:                        reference basis
 Implicit solvation model:               none
 Number of basis functions:            244
 GFN version:                            chlorophyll
 Integral screening threshold:           1.00e-10
 Total charge:                           0.000000000
 Number of electrons:                  218.000000000
 Electronic temperature (Kelvin):        0.000000000

 D3BJ energy:                           -0.061644386
 Repulsive energy:                       1.389160315

 ****************************************************
  Running robust self-consistent charge (SCC) solver 
 ****************************************************
 Number of SCC trials:                   4
 Using the stop-early mechanism for the first 3 trials

 Conv. threshold (charge):               1.00e-05
 Conv. threshold (energy):               1.00e-06
 Initial guess:                          SAD

 -------------
  SCC Trial 1 
 -------------
 Broyden mixing factor:                  0.400000000
 Max number of iterations:             128

 ---------------------------------------------------------------
                  energy        change          grad        time
 ---------------------------------------------------------------
   0      -125.777880703                    6.43e-01        0.01
   1      -126.486356923     -7.08e-01      3.66e-01        0.00
   2      -126.426549381      5.98e-02      1.03e-01        0.00
   3      -126.378528101      4.80e-02      4.02e-02        0.00
   4      -126.502598318     -1.24e-01      1.04e-02        0.00
   5      -126.508072842     -5.47e-03      3.01e-03        0.02
   6      -126.508232069     -1.59e-04      1.44e-03        0.00
   7      -126.508312276     -8.02e-05      4.25e-04        0.00
   8      -126.508317400     -5.12e-06      2.30e-04        0.00
   9      -126.508317833     -4.32e-07      8.88e-05        0.00
  10      -126.508317861     -2.79e-08      2.65e-05        0.00
  11      -126.508317870     -9.43e-09      7.28e-06        0.00
  12      -126.508317871     -7.57e-10      1.66e-06        0.00

 SCF converged in 11 iterations.

 Entropy contribution (-ST):             0.000000000
 Dipole moment (in Debye):              -2.499482       1.198504       0.936765

Chlorophyll parameters
 D_scl:                                  0.636
 Mg_p:                                   0.902
 Mg_s:                                   1.053
 Mgp_Np:                                 1.402
 Mgp_Ns:                                 1.067
 Mgs_Np:                                 1.023
 Mgs_Ns:                                 1.468
 N_p:                                    1.044
 N_s:                                    1.281
 a_x:                                    0.067
 k_p:                                    2.694
 k_s:                                    1.462
 y_J:                                    4.012
 y_K:                                    2.147

 ----------------
  Excitation 0 1 
 ----------------
 Setting up Delta-SCF
 Ground-Excited state overlap:           0.000000000
 No correction applied to the TDM.
 Excitation energy:                      0.064574467
 Excitation energy (in eV):              1.757160767
 Transition dipole:                      2.40196       1.34227      -0.16720
 XTB basis setup:                        reference basis
 Implicit solvation model:               none
 Number of basis functions:            244
 GFN version:                            chlorophyll
 Integral screening threshold:           1.00e-10
 Total charge:                           0.000000000
 Number of electrons:                  218.000000000
 Electronic temperature (Kelvin):        0.000000000

 D3BJ energy:                           -0.062320343
 Repulsive energy:                       1.471833103

 ****************************************************
  Running robust self-consistent charge (SCC) solver 
 ****************************************************
 Number of SCC trials:                   4
 Using the stop-early mechanism for the first 3 trials

 Conv. threshold (charge):               1.00e-05
 Conv. threshold (energy):               1.00e-06
 Initial guess:                          SAD

 -------------
  SCC Trial 1 
 -------------
 Broyden mixing factor:                  0.400000000
 Max number of iterations:             128

 ---------------------------------------------------------------
                  energy        change          grad        time
 ---------------------------------------------------------------
   0      -125.851062809                    6.46e-01        0.01
   1      -126.546788108     -6.96e-01      3.68e-01        0.01
   2      -126.410928247      1.36e-01      1.11e-01        0.01
   3      -126.374429481      3.65e-02      5.07e-02        0.01
   4      -126.579310910     -2.05e-01      1.22e-02        0.02
   5      -126.585963403     -6.65e-03      4.26e-03        0.01
   6      -126.586079320     -1.16e-04      1.91e-03        0.01
   7      -126.586193458     -1.14e-04      5.83e-04        0.01
   8      -126.586196523     -3.06e-06      4.15e-04        0.01
   9      -126.586199185     -2.66e-06      1.31e-04        0.01
  10      -126.586199494     -3.09e-07      3.16e-05        0.01
  11      -126.586199513     -1.87e-08      7.26e-06        0.01
  12      -126.586199514     -9.03e-10      1.90e-06        0.01

 SCF converged in 11 iterations.

 Entropy contribution (-ST):             0.000000000
 Dipole moment (in Debye):               0.783896      -0.923580       1.284378

Chlorophyll parameters
 D_scl:                                  0.636
 Mg_p:                                   0.902
 Mg_s:                                   1.053
 Mgp_Np:                                 1.402
 Mgp_Ns:                                 1.067
 Mgs_Np:                                 1.023
 Mgs_Ns:                                 1.468
 N_p:                                    1.044
 N_s:                                    1.281
 a_x:                                    0.067
 k_p:                                    2.694
 k_s:                                    1.462
 y_J:                                    4.012
 y_K:                                    2.147

 ----------------
  Excitation 0 1 
 ----------------
 Setting up Delta-SCF
 Ground-Excited state overlap:           0.000000000
 No correction applied to the TDM.
 Excitation energy:                      0.068682345
 Excitation energy (in eV):              1.868941829
 Transition dipole:                      2.40970       1.09519      -0.54914

 ******************
  Exciton analysis 
 ******************

 eigenvalues
 -----------
 state 0:                             -253.0965 hr
 state 1:                             -253.0325 hr
 state 2:                             -253.0278 hr

 coupling energies
 -----------------
 states 1, 2:                         -310.8989 cm^-1

 distances
 ---------
 chromophore 1, 2:                      17.0145 au

 charge centers
                         X                   Y                   Z
 1            77.971790337        17.057876725        57.423083733
 2            87.382778165        31.143531426        55.834888487
 Saving results in set 'trunc_bchla_10_bchla_12_frame_23701'

 --------------------------------------------------------------------------------

 End time:                               Fri Sep 10 11:55:21 2021
 Total wall-clock time:                  0.457 seconds
==================================================================================
