
================================================================================
          _____________ ________ _______________ ________     _________         
         / ___________// ______ \\_____   _____// ______ \   / ________)        
        / /_________  / /      \ \     | |     / /      \ \ | (_______          
       |  __________|| |        | |    | |    | |        | | \________ \        
        \ \_________ | |        | |    | |     \ \______/ /___________) |       
         \__________||_|        |_|    |_|      \________//____________/        
                                                                                
====================================[ Qcore ]===================================

 Git hash:   d9090f16b0f5f4f9bb84fd3cbccc869acc793a93
 Git date:   Mon, 6 Sep 2021 15:48:50 +0100
 Compiler:   AppleClang 10.0.1.10010046
 Build type: Debug
 Version:    2.1.1

 Start time: Tue Sep  7 11:54:57 2021

 Data directory: /Users/of15641/qcore/cmake-build-debug/share/entos/2.1.1/data
 Number of threads: 2
 Number of threads was determined by: number of physical cores

 --------------------------------------------------------------------------------
                                command: excitons                                
 --------------------------------------------------------------------------------
 XTB basis setup:                        reference basis
 Implicit solvation model:               none
 Number of basis functions:            244
 GFN version:                            chlorophyll
 Integral screening threshold:           1.00e-10
 Total charge:                           0.000000000
 Number of electrons:                  218.000000000
 Electronic temperature (Kelvin):        0.000000000

 D3BJ energy:                           -0.061998367
 Repulsive energy:                       1.539088848

 ****************************************************
  Running robust self-consistent charge (SCC) solver 
 ****************************************************
 Number of SCC trials:                   4
 Using the stop-early mechanism for the first 3 trials

 Conv. threshold (charge):               1.00e-05
 Conv. threshold (energy):               1.00e-06
 Initial guess:                          SAD

 -------------
  SCC Trial 1 
 -------------
 Broyden mixing factor:                  0.400000000
 Max number of iterations:             128

 ---------------------------------------------------------------
                  energy        change          grad        time
 ---------------------------------------------------------------
   0      -125.889944973                    6.48e-01        0.01
   1      -126.579103880     -6.89e-01      3.69e-01        0.01
   2      -126.539731356      3.94e-02      9.80e-02        0.01
   3      -126.504256731      3.55e-02      3.48e-02        0.01
   4      -126.590482423     -8.62e-02      1.02e-02        0.01
   5      -126.596473996     -5.99e-03      2.11e-03        0.01
   6      -126.596524497     -5.05e-05      9.52e-04        0.01
   7      -126.596561683     -3.72e-05      3.08e-04        0.01
   8      -126.596564538     -2.85e-06      1.79e-04        0.01
   9      -126.596565013     -4.75e-07      7.01e-05        0.01
  10      -126.596565056     -4.32e-08      2.38e-05        0.01
  11      -126.596565064     -8.05e-09      5.10e-06        0.01
  12      -126.596565065     -5.07e-10      1.32e-06        0.01

 SCF converged in 11 iterations.

 Entropy contribution (-ST):             0.000000000
 Dipole moment (in Debye):               0.968184       2.407766      -0.881506

Chlorophyll parameters
 D_scl:                                  0.636
 Mg_p:                                   0.902
 Mg_s:                                   1.053
 Mgp_Np:                                 1.402
 Mgp_Ns:                                 1.067
 Mgs_Np:                                 1.023
 Mgs_Ns:                                 1.468
 N_p:                                    1.044
 N_s:                                    1.281
 a_x:                                    0.067
 k_p:                                    2.694
 k_s:                                    1.462
 y_J:                                    4.012
 y_K:                                    2.147

 ----------------
  Excitation 0 1 
 ----------------
 Setting up Delta-SCF
 Ground-Excited state overlap:           0.000000000
 No correction applied to the TDM.
 Excitation energy:                      0.067703265
 Excitation energy (in eV):              1.842299694
 Transition dipole:                      2.72426      -0.50334      -0.41753
 XTB basis setup:                        reference basis
 Implicit solvation model:               none
 Number of basis functions:            244
 GFN version:                            chlorophyll
 Integral screening threshold:           1.00e-10
 Total charge:                           0.000000000
 Number of electrons:                  218.000000000
 Electronic temperature (Kelvin):        0.000000000

 D3BJ energy:                           -0.061527840
 Repulsive energy:                       1.459055111

 ****************************************************
  Running robust self-consistent charge (SCC) solver 
 ****************************************************
 Number of SCC trials:                   4
 Using the stop-early mechanism for the first 3 trials

 Conv. threshold (charge):               1.00e-05
 Conv. threshold (energy):               1.00e-06
 Initial guess:                          SAD

 -------------
  SCC Trial 1 
 -------------
 Broyden mixing factor:                  0.400000000
 Max number of iterations:             128

 ---------------------------------------------------------------
                  energy        change          grad        time
 ---------------------------------------------------------------
   0      -125.886728133                    6.45e-01        0.01
   1      -126.575087876     -6.88e-01      3.68e-01        0.01
   2      -126.536179769      3.89e-02      1.02e-01        0.01
   3      -126.515114430      2.11e-02      3.69e-02        0.01
   4      -126.588029098     -7.29e-02      9.30e-03        0.01
   5      -126.593740939     -5.71e-03      2.78e-03        0.01
   6      -126.594268873     -5.28e-04      8.83e-04        0.01
   7      -126.594302093     -3.32e-05      2.32e-04        0.01
   8      -126.594303800     -1.71e-06      9.10e-05        0.01
   9      -126.594303868     -6.78e-08      3.72e-05        0.01
  10      -126.594303871     -2.99e-09      1.53e-05        0.01
  11      -126.594303874     -2.42e-09      4.27e-06        0.01
  12      -126.594303874     -1.03e-10      1.23e-06        0.01

 SCF converged in 11 iterations.

 Entropy contribution (-ST):             0.000000000
 Dipole moment (in Debye):               1.844003       2.592359       0.848777

Chlorophyll parameters
 D_scl:                                  0.636
 Mg_p:                                   0.902
 Mg_s:                                   1.053
 Mgp_Np:                                 1.402
 Mgp_Ns:                                 1.067
 Mgs_Np:                                 1.023
 Mgs_Ns:                                 1.468
 N_p:                                    1.044
 N_s:                                    1.281
 a_x:                                    0.067
 k_p:                                    2.694
 k_s:                                    1.462
 y_J:                                    4.012
 y_K:                                    2.147

 ----------------
  Excitation 0 1 
 ----------------
 Setting up Delta-SCF
 Ground-Excited state overlap:          -0.000000000
 No correction applied to the TDM.
 Excitation energy:                      0.064666197
 Excitation energy (in eV):              1.759656856
 Transition dipole:                      0.68100      -2.68648       0.15737

 ******************
  Exciton analysis 
 ******************

 eigenvalues:                         -253.190841    -253.126163    -253.123124
 Saving results in set 'trunc_bchla_17_bchla_18_frame_51'

 --------------------------------------------------------------------------------

 End time:                               Tue Sep  7 11:54:59 2021
 Total wall-clock time:                  1.632 seconds
==================================================================================
