
================================================================================
          _____________ ________ _______________ ________     _________         
         / ___________// ______ \\_____   _____// ______ \   / ________)        
        / /_________  / /      \ \     | |     / /      \ \ | (_______          
       |  __________|| |        | |    | |    | |        | | \________ \        
        \ \_________ | |        | |    | |     \ \______/ /___________) |       
         \__________||_|        |_|    |_|      \________//____________/        
                                                                                
====================================[ Qcore ]===================================

 Git hash:   0385c69a4f85ff35f953e853350ecec6fa7ab330
 Git date:   Wed, 8 Sep 2021 10:09:58 +0100
 Compiler:   AppleClang 10.0.1.10010046
 Build type: Release
 Version:    2.1.1

 Start time: Thu Sep  9 11:47:51 2021

 Data directory: /Users/of15641/qcore/cmake-build-release/share/entos/2.1.1/data
 Number of threads: 2
 Number of threads was determined by: number of physical cores

 --------------------------------------------------------------------------------
                                command: excitons                                
 --------------------------------------------------------------------------------
 XTB basis setup:                        reference basis
 Implicit solvation model:               none
 Number of basis functions:            244
 GFN version:                            chlorophyll
 Integral screening threshold:           1.00e-10
 Total charge:                           0.000000000
 Number of electrons:                  218.000000000
 Electronic temperature (Kelvin):        0.000000000

 D3BJ energy:                           -0.062033902
 Repulsive energy:                       1.475144291

 ****************************************************
  Running robust self-consistent charge (SCC) solver 
 ****************************************************
 Number of SCC trials:                   4
 Using the stop-early mechanism for the first 3 trials

 Conv. threshold (charge):               1.00e-05
 Conv. threshold (energy):               1.00e-06
 Initial guess:                          SAD

 -------------
  SCC Trial 1 
 -------------
 Broyden mixing factor:                  0.400000000
 Max number of iterations:             128

 ---------------------------------------------------------------
                  energy        change          grad        time
 ---------------------------------------------------------------
   0      -125.880309328                    6.46e-01        0.01
   1      -126.583396146     -7.03e-01      3.69e-01        0.01
   2      -126.539067776      4.43e-02      1.04e-01        0.01
   3      -126.499679951      3.94e-02      3.98e-02        0.01
   4      -126.596373523     -9.67e-02      1.12e-02        0.01
   5      -126.604929109     -8.56e-03      2.44e-03        0.01
   6      -126.605038044     -1.09e-04      8.53e-04        0.01
   7      -126.605053722     -1.57e-05      3.88e-04        0.01
   8      -126.605058521     -4.80e-06      2.12e-04        0.01
   9      -126.605059227     -7.06e-07      8.78e-05        0.01
  10      -126.605059323     -9.57e-08      3.07e-05        0.01
  11      -126.605059340     -1.67e-08      6.93e-06        0.01
  12      -126.605059340     -5.10e-10      1.73e-06        0.01

 SCF converged in 11 iterations.

 Entropy contribution (-ST):             0.000000000
 Dipole moment (in Debye):               0.188679      -4.488597       1.064589

Chlorophyll parameters
 D_scl:                                  0.636
 Mg_p:                                   0.902
 Mg_s:                                   1.053
 Mgp_Np:                                 1.402
 Mgp_Ns:                                 1.067
 Mgs_Np:                                 1.023
 Mgs_Ns:                                 1.468
 N_p:                                    1.044
 N_s:                                    1.281
 a_x:                                    0.067
 k_p:                                    2.694
 k_s:                                    1.462
 y_J:                                    4.012
 y_K:                                    2.147

 ----------------
  Excitation 0 1 
 ----------------
 Setting up Delta-SCF
 Ground-Excited state overlap:           0.000000000
 No correction applied to the TDM.
 Excitation energy:                      0.065827462
 Excitation energy (in eV):              1.791256493
 Transition dipole:                      1.65261      -2.18762       0.04886
 XTB basis setup:                        reference basis
 Implicit solvation model:               none
 Number of basis functions:            244
 GFN version:                            chlorophyll
 Integral screening threshold:           1.00e-10
 Total charge:                           0.000000000
 Number of electrons:                  218.000000000
 Electronic temperature (Kelvin):        0.000000000

 D3BJ energy:                           -0.061095520
 Repulsive energy:                       1.552702545

 ****************************************************
  Running robust self-consistent charge (SCC) solver 
 ****************************************************
 Number of SCC trials:                   4
 Using the stop-early mechanism for the first 3 trials

 Conv. threshold (charge):               1.00e-05
 Conv. threshold (energy):               1.00e-06
 Initial guess:                          SAD

 -------------
  SCC Trial 1 
 -------------
 Broyden mixing factor:                  0.400000000
 Max number of iterations:             128

 ---------------------------------------------------------------
                  energy        change          grad        time
 ---------------------------------------------------------------
   0      -125.969686221                    6.48e-01        0.01
   1      -126.621292326     -6.52e-01      3.70e-01        0.01
   2      -126.590889133      3.04e-02      9.53e-02        0.01
   3      -126.587695831      3.19e-03      2.94e-02        0.01
   4      -126.635841230     -4.81e-02      4.87e-03        0.01
   5      -126.637097071     -1.26e-03      2.14e-03        0.01
   6      -126.637379357     -2.82e-04      8.31e-04        0.01
   7      -126.637419354     -4.00e-05      2.32e-04        0.01
   8      -126.637421348     -1.99e-06      7.26e-05        0.01
   9      -126.637421400     -5.29e-08      3.21e-05        0.01
  10      -126.637421406     -5.73e-09      9.49e-06        0.01
  11      -126.637421407     -5.87e-10      2.55e-06        0.01

 SCF converged in 10 iterations.

 Entropy contribution (-ST):             0.000000000
 Dipole moment (in Debye):              -3.220980       1.310141       0.623063

Chlorophyll parameters
 D_scl:                                  0.636
 Mg_p:                                   0.902
 Mg_s:                                   1.053
 Mgp_Np:                                 1.402
 Mgp_Ns:                                 1.067
 Mgs_Np:                                 1.023
 Mgs_Ns:                                 1.468
 N_p:                                    1.044
 N_s:                                    1.281
 a_x:                                    0.067
 k_p:                                    2.694
 k_s:                                    1.462
 y_J:                                    4.012
 y_K:                                    2.147

 ----------------
  Excitation 0 1 
 ----------------
 Setting up Delta-SCF
 Ground-Excited state overlap:          -0.000000000
 No correction applied to the TDM.
 Excitation energy:                      0.069657160
 Excitation energy (in eV):              1.895467877
 Transition dipole:                      2.47663       0.92383       0.31215

 ******************
  Exciton analysis 
 ******************

 eigenvalues
 -----------
 state 0:                             -253.2425 hr
 state 1:                             -253.1766 hr
 state 2:                             -253.1728 hr

 coupling energies
 -----------------
 states 1, 2:                            0.7387 cm^-1

 distances
 ---------
 chromophore 1, 2:                      83.3383 au

 charge centers
                         X                   Y                   Z
 1            32.487530633        -0.272133840        53.715356598
 2             3.213548753        77.741931207        52.263844147
 Saving results in set 'trunc_bchla_6_bchla_24_frame_20001'

 --------------------------------------------------------------------------------

 End time:                               Thu Sep  9 11:47:52 2021
 Total wall-clock time:                  0.455 seconds
==================================================================================
