
================================================================================
          _____________ ________ _______________ ________     _________         
         / ___________// ______ \\_____   _____// ______ \   / ________)        
        / /_________  / /      \ \     | |     / /      \ \ | (_______          
       |  __________|| |        | |    | |    | |        | | \________ \        
        \ \_________ | |        | |    | |     \ \______/ /___________) |       
         \__________||_|        |_|    |_|      \________//____________/        
                                                                                
====================================[ Qcore ]===================================

 Git hash:   0385c69a4f85ff35f953e853350ecec6fa7ab330
 Git date:   Wed, 8 Sep 2021 10:09:58 +0100
 Compiler:   AppleClang 10.0.1.10010046
 Build type: Release
 Version:    2.1.1

 Start time: Fri Sep 10 11:59:00 2021

 Data directory: /Users/of15641/qcore/cmake-build-release/share/entos/2.1.1/data
 Number of threads: 2
 Number of threads was determined by: number of physical cores

 --------------------------------------------------------------------------------
                                command: excitons                                
 --------------------------------------------------------------------------------
 XTB basis setup:                        reference basis
 Implicit solvation model:               none
 Number of basis functions:            244
 GFN version:                            chlorophyll
 Integral screening threshold:           1.00e-10
 Total charge:                           0.000000000
 Number of electrons:                  218.000000000
 Electronic temperature (Kelvin):        0.000000000

 D3BJ energy:                           -0.062042237
 Repulsive energy:                       1.496459577

 ****************************************************
  Running robust self-consistent charge (SCC) solver 
 ****************************************************
 Number of SCC trials:                   4
 Using the stop-early mechanism for the first 3 trials

 Conv. threshold (charge):               1.00e-05
 Conv. threshold (energy):               1.00e-06
 Initial guess:                          SAD

 -------------
  SCC Trial 1 
 -------------
 Broyden mixing factor:                  0.400000000
 Max number of iterations:             128

 ---------------------------------------------------------------
                  energy        change          grad        time
 ---------------------------------------------------------------
   0      -125.893666923                    6.46e-01        0.01
   1      -126.576366270     -6.83e-01      3.69e-01        0.00
   2      -126.559345319      1.70e-02      9.56e-02        0.00
   3      -126.566546316     -7.20e-03      2.14e-02        0.00
   4      -126.589935532     -2.34e-02      4.12e-03        0.00
   5      -126.590801008     -8.65e-04      1.27e-03        0.00
   6      -126.590851669     -5.07e-05      4.42e-04        0.00
   7      -126.590856558     -4.89e-06      2.63e-04        0.00
   8      -126.590861805     -5.25e-06      6.93e-05        0.00
   9      -126.590861988     -1.83e-07      2.44e-05        0.00
  10      -126.590861993     -4.49e-09      1.05e-05        0.00
  11      -126.590861994     -9.40e-10      3.46e-06        0.00
  12      -126.590861994     -1.33e-10      8.91e-07        0.00

 SCF converged in 11 iterations.

 Entropy contribution (-ST):             0.000000000
 Dipole moment (in Debye):              -3.349795       0.083267       0.847345

Chlorophyll parameters
 D_scl:                                  0.636
 Mg_p:                                   0.902
 Mg_s:                                   1.053
 Mgp_Np:                                 1.402
 Mgp_Ns:                                 1.067
 Mgs_Np:                                 1.023
 Mgs_Ns:                                 1.468
 N_p:                                    1.044
 N_s:                                    1.281
 a_x:                                    0.067
 k_p:                                    2.694
 k_s:                                    1.462
 y_J:                                    4.012
 y_K:                                    2.147

 ----------------
  Excitation 0 1 
 ----------------
 Setting up Delta-SCF
 Ground-Excited state overlap:           0.000000000
 No correction applied to the TDM.
 Excitation energy:                      0.064481408
 Excitation energy (in eV):              1.754628489
 Transition dipole:                      2.35545       1.61591      -0.17620
 XTB basis setup:                        reference basis
 Implicit solvation model:               none
 Number of basis functions:            244
 GFN version:                            chlorophyll
 Integral screening threshold:           1.00e-10
 Total charge:                           0.000000000
 Number of electrons:                  218.000000000
 Electronic temperature (Kelvin):        0.000000000

 D3BJ energy:                           -0.061703457
 Repulsive energy:                       1.491171928

 ****************************************************
  Running robust self-consistent charge (SCC) solver 
 ****************************************************
 Number of SCC trials:                   4
 Using the stop-early mechanism for the first 3 trials

 Conv. threshold (charge):               1.00e-05
 Conv. threshold (energy):               1.00e-06
 Initial guess:                          SAD

 -------------
  SCC Trial 1 
 -------------
 Broyden mixing factor:                  0.400000000
 Max number of iterations:             128

 ---------------------------------------------------------------
                  energy        change          grad        time
 ---------------------------------------------------------------
   0      -125.907334427                    6.46e-01        0.01
   1      -126.585153378     -6.78e-01      3.69e-01        0.01
   2      -126.559240797      2.59e-02      9.78e-02        0.01
   3      -126.566202130     -6.96e-03      2.55e-02        0.01
   4      -126.600478479     -3.43e-02      4.69e-03        0.01
   5      -126.601533550     -1.06e-03      1.59e-03        0.01
   6      -126.601600188     -6.66e-05      9.64e-04        0.01
   7      -126.601664534     -6.43e-05      2.30e-04        0.02
   8      -126.601667180     -2.65e-06      7.10e-05        0.01
   9      -126.601667257     -7.70e-08      3.05e-05        0.01
  10      -126.601667263     -6.19e-09      1.18e-05        0.01
  11      -126.601667265     -1.28e-09      3.19e-06        0.01
  12      -126.601667265     -1.76e-10      8.95e-07        0.01

 SCF converged in 11 iterations.

 Entropy contribution (-ST):             0.000000000
 Dipole moment (in Debye):              -4.007810      -2.360713       0.854598

Chlorophyll parameters
 D_scl:                                  0.636
 Mg_p:                                   0.902
 Mg_s:                                   1.053
 Mgp_Np:                                 1.402
 Mgp_Ns:                                 1.067
 Mgs_Np:                                 1.023
 Mgs_Ns:                                 1.468
 N_p:                                    1.044
 N_s:                                    1.281
 a_x:                                    0.067
 k_p:                                    2.694
 k_s:                                    1.462
 y_J:                                    4.012
 y_K:                                    2.147

 ----------------
  Excitation 0 1 
 ----------------
 Setting up Delta-SCF
 Ground-Excited state overlap:          -0.000000000
 No correction applied to the TDM.
 Excitation energy:                      0.066855091
 Excitation energy (in eV):              1.819219702
 Transition dipole:                      1.26521       2.37995      -0.49853

 ******************
  Exciton analysis 
 ******************

 eigenvalues
 -----------
 state 0:                             -253.1927 hr
 state 1:                             -253.1283 hr
 state 2:                             -253.1257 hr

 coupling energies
 -----------------
 states 1, 2:                          -82.0058 cm^-1

 distances
 ---------
 chromophore 1, 2:                      32.7058 au

 charge centers
                         X                   Y                   Z
 1            78.305875621        17.157807824        57.082665611
 2            89.960628924        47.702762559        56.163612234
 Saving results in set 'trunc_bchla_10_bchla_13_frame_17701'

 --------------------------------------------------------------------------------

 End time:                               Fri Sep 10 11:59:00 2021
 Total wall-clock time:                  0.462 seconds
==================================================================================
