
================================================================================
          _____________ ________ _______________ ________     _________         
         / ___________// ______ \\_____   _____// ______ \   / ________)        
        / /_________  / /      \ \     | |     / /      \ \ | (_______          
       |  __________|| |        | |    | |    | |        | | \________ \        
        \ \_________ | |        | |    | |     \ \______/ /___________) |       
         \__________||_|        |_|    |_|      \________//____________/        
                                                                                
====================================[ Qcore ]===================================

 Git hash:   0385c69a4f85ff35f953e853350ecec6fa7ab330
 Git date:   Wed, 8 Sep 2021 10:09:58 +0100
 Compiler:   AppleClang 10.0.1.10010046
 Build type: Release
 Version:    2.1.1

 Start time: Fri Sep 10 12:00:14 2021

 Data directory: /Users/of15641/qcore/cmake-build-release/share/entos/2.1.1/data
 Number of threads: 2
 Number of threads was determined by: number of physical cores

 --------------------------------------------------------------------------------
                                command: excitons                                
 --------------------------------------------------------------------------------
 XTB basis setup:                        reference basis
 Implicit solvation model:               none
 Number of basis functions:            244
 GFN version:                            chlorophyll
 Integral screening threshold:           1.00e-10
 Total charge:                           0.000000000
 Number of electrons:                  218.000000000
 Electronic temperature (Kelvin):        0.000000000

 D3BJ energy:                           -0.061865500
 Repulsive energy:                       1.489841252

 ****************************************************
  Running robust self-consistent charge (SCC) solver 
 ****************************************************
 Number of SCC trials:                   4
 Using the stop-early mechanism for the first 3 trials

 Conv. threshold (charge):               1.00e-05
 Conv. threshold (energy):               1.00e-06
 Initial guess:                          SAD

 -------------
  SCC Trial 1 
 -------------
 Broyden mixing factor:                  0.400000000
 Max number of iterations:             128

 ---------------------------------------------------------------
                  energy        change          grad        time
 ---------------------------------------------------------------
   0      -125.856410447                    6.47e-01        0.01
   1      -126.561088783     -7.05e-01      3.69e-01        0.00
   2      -126.525800246      3.53e-02      1.02e-01        0.01
   3      -126.516627726      9.17e-03      3.35e-02        0.00
   4      -126.574880682     -5.83e-02      8.95e-03        0.00
   5      -126.580188710     -5.31e-03      2.45e-03        0.01
   6      -126.580557453     -3.69e-04      9.03e-04        0.00
   7      -126.580597379     -3.99e-05      2.06e-04        0.00
   8      -126.580598477     -1.10e-06      1.00e-04        0.00
   9      -126.580598583     -1.06e-07      4.18e-05        0.01
  10      -126.580598600     -1.72e-08      1.63e-05        0.00
  11      -126.580598603     -2.68e-09      4.08e-06        0.01
  12      -126.580598603     -1.10e-10      1.16e-06        0.00

 SCF converged in 11 iterations.

 Entropy contribution (-ST):             0.000000000
 Dipole moment (in Debye):              -3.998375      -0.613604      -0.000953

Chlorophyll parameters
 D_scl:                                  0.636
 Mg_p:                                   0.902
 Mg_s:                                   1.053
 Mgp_Np:                                 1.402
 Mgp_Ns:                                 1.067
 Mgs_Np:                                 1.023
 Mgs_Ns:                                 1.468
 N_p:                                    1.044
 N_s:                                    1.281
 a_x:                                    0.067
 k_p:                                    2.694
 k_s:                                    1.462
 y_J:                                    4.012
 y_K:                                    2.147

 ----------------
  Excitation 0 1 
 ----------------
 Setting up Delta-SCF
 Ground-Excited state overlap:           0.000000000
 No correction applied to the TDM.
 Excitation energy:                      0.066594360
 Excitation energy (in eV):              1.812124862
 Transition dipole:                     -2.36970      -1.30585       0.04182
 XTB basis setup:                        reference basis
 Implicit solvation model:               none
 Number of basis functions:            244
 GFN version:                            chlorophyll
 Integral screening threshold:           1.00e-10
 Total charge:                           0.000000000
 Number of electrons:                  218.000000000
 Electronic temperature (Kelvin):        0.000000000

 D3BJ energy:                           -0.061559887
 Repulsive energy:                       1.532431750

 ****************************************************
  Running robust self-consistent charge (SCC) solver 
 ****************************************************
 Number of SCC trials:                   4
 Using the stop-early mechanism for the first 3 trials

 Conv. threshold (charge):               1.00e-05
 Conv. threshold (energy):               1.00e-06
 Initial guess:                          SAD

 -------------
  SCC Trial 1 
 -------------
 Broyden mixing factor:                  0.400000000
 Max number of iterations:             128

 ---------------------------------------------------------------
                  energy        change          grad        time
 ---------------------------------------------------------------
   0      -125.974775310                    6.46e-01        0.01
   1      -126.623257313     -6.48e-01      3.69e-01        0.01
   2      -126.597051673      2.62e-02      9.35e-02        0.01
   3      -126.595342411      1.71e-03      2.63e-02        0.01
   4      -126.635608908     -4.03e-02      6.27e-03        0.01
   5      -126.637870290     -2.26e-03      2.64e-03        0.01
   6      -126.638304574     -4.34e-04      9.21e-04        0.01
   7      -126.638350478     -4.59e-05      2.21e-04        0.01
   8      -126.638352190     -1.71e-06      6.91e-05        0.01
   9      -126.638352224     -3.39e-08      3.51e-05        0.01
  10      -126.638352237     -1.27e-08      1.40e-05        0.01
  11      -126.638352238     -1.54e-09      3.28e-06        0.01
  12      -126.638352238     -1.34e-10      1.08e-06        0.01

 SCF converged in 11 iterations.

 Entropy contribution (-ST):             0.000000000
 Dipole moment (in Debye):              -1.518624      -2.808971       0.841765

Chlorophyll parameters
 D_scl:                                  0.636
 Mg_p:                                   0.902
 Mg_s:                                   1.053
 Mgp_Np:                                 1.402
 Mgp_Ns:                                 1.067
 Mgs_Np:                                 1.023
 Mgs_Ns:                                 1.468
 N_p:                                    1.044
 N_s:                                    1.281
 a_x:                                    0.067
 k_p:                                    2.694
 k_s:                                    1.462
 y_J:                                    4.012
 y_K:                                    2.147

 ----------------
  Excitation 0 1 
 ----------------
 Setting up Delta-SCF
 Ground-Excited state overlap:           0.000000000
 No correction applied to the TDM.
 Excitation energy:                      0.067446554
 Excitation energy (in eV):              1.835314224
 Transition dipole:                      0.95956       2.62730       0.08046

 ******************
  Exciton analysis 
 ******************

 eigenvalues
 -----------
 state 0:                             -253.2191 hr
 state 1:                             -253.1526 hr
 state 2:                             -253.1516 hr

 coupling energies
 -----------------
 states 1, 2:                           71.2797 cm^-1

 distances
 ---------
 chromophore 1, 2:                      34.3512 au

 charge centers
                         X                   Y                   Z
 1            77.634899828        17.510733134        58.476473002
 2            90.347982166        49.241811189        55.082402034
 Saving results in set 'trunc_bchla_10_bchla_13_frame_30801'

 --------------------------------------------------------------------------------

 End time:                               Fri Sep 10 12:00:15 2021
 Total wall-clock time:                  0.456 seconds
==================================================================================
