
================================================================================
          _____________ ________ _______________ ________     _________         
         / ___________// ______ \\_____   _____// ______ \   / ________)        
        / /_________  / /      \ \     | |     / /      \ \ | (_______          
       |  __________|| |        | |    | |    | |        | | \________ \        
        \ \_________ | |        | |    | |     \ \______/ /___________) |       
         \__________||_|        |_|    |_|      \________//____________/        
                                                                                
====================================[ Qcore ]===================================

 Git hash:   0385c69a4f85ff35f953e853350ecec6fa7ab330
 Git date:   Wed, 8 Sep 2021 10:09:58 +0100
 Compiler:   AppleClang 10.0.1.10010046
 Build type: Release
 Version:    2.1.1

 Start time: Fri Sep 10 11:54:31 2021

 Data directory: /Users/of15641/qcore/cmake-build-release/share/entos/2.1.1/data
 Number of threads: 2
 Number of threads was determined by: number of physical cores

 --------------------------------------------------------------------------------
                                command: excitons                                
 --------------------------------------------------------------------------------
 XTB basis setup:                        reference basis
 Implicit solvation model:               none
 Number of basis functions:            244
 GFN version:                            chlorophyll
 Integral screening threshold:           1.00e-10
 Total charge:                           0.000000000
 Number of electrons:                  218.000000000
 Electronic temperature (Kelvin):        0.000000000

 D3BJ energy:                           -0.063234417
 Repulsive energy:                       1.523163695

 ****************************************************
  Running robust self-consistent charge (SCC) solver 
 ****************************************************
 Number of SCC trials:                   4
 Using the stop-early mechanism for the first 3 trials

 Conv. threshold (charge):               1.00e-05
 Conv. threshold (energy):               1.00e-06
 Initial guess:                          SAD

 -------------
  SCC Trial 1 
 -------------
 Broyden mixing factor:                  0.400000000
 Max number of iterations:             128

 ---------------------------------------------------------------
                  energy        change          grad        time
 ---------------------------------------------------------------
   0      -125.888771484                    6.49e-01        0.01
   1      -126.575595110     -6.87e-01      3.70e-01        0.00
   2      -126.542402127      3.32e-02      9.87e-02        0.00
   3      -126.543133168     -7.31e-04      2.98e-02        0.02
   4      -126.590280094     -4.71e-02      6.18e-03        0.00
   5      -126.592622846     -2.34e-03      2.38e-03        0.00
   6      -126.592937975     -3.15e-04      1.06e-03        0.00
   7      -126.593001499     -6.35e-05      2.67e-04        0.00
   8      -126.593004554     -3.06e-06      7.94e-05        0.00
   9      -126.593004588     -3.36e-08      4.23e-05        0.00
  10      -126.593004606     -1.80e-08      1.34e-05        0.01
  11      -126.593004607     -8.11e-10      3.83e-06        0.00
  12      -126.593004607     -2.14e-10      9.24e-07        0.00

 SCF converged in 11 iterations.

 Entropy contribution (-ST):             0.000000000
 Dipole moment (in Debye):              -3.916875       0.610221       1.162803

Chlorophyll parameters
 D_scl:                                  0.636
 Mg_p:                                   0.902
 Mg_s:                                   1.053
 Mgp_Np:                                 1.402
 Mgp_Ns:                                 1.067
 Mgs_Np:                                 1.023
 Mgs_Ns:                                 1.468
 N_p:                                    1.044
 N_s:                                    1.281
 a_x:                                    0.067
 k_p:                                    2.694
 k_s:                                    1.462
 y_J:                                    4.012
 y_K:                                    2.147

 ----------------
  Excitation 0 1 
 ----------------
 Setting up Delta-SCF
 Ground-Excited state overlap:           0.000000000
 No correction applied to the TDM.
 Excitation energy:                      0.065760448
 Excitation energy (in eV):              1.789432963
 Transition dipole:                      2.35408       1.35371      -0.32467
 XTB basis setup:                        reference basis
 Implicit solvation model:               none
 Number of basis functions:            244
 GFN version:                            chlorophyll
 Integral screening threshold:           1.00e-10
 Total charge:                           0.000000000
 Number of electrons:                  218.000000000
 Electronic temperature (Kelvin):        0.000000000

 D3BJ energy:                           -0.061723226
 Repulsive energy:                       1.498659467

 ****************************************************
  Running robust self-consistent charge (SCC) solver 
 ****************************************************
 Number of SCC trials:                   4
 Using the stop-early mechanism for the first 3 trials

 Conv. threshold (charge):               1.00e-05
 Conv. threshold (energy):               1.00e-06
 Initial guess:                          SAD

 -------------
  SCC Trial 1 
 -------------
 Broyden mixing factor:                  0.400000000
 Max number of iterations:             128

 ---------------------------------------------------------------
                  energy        change          grad        time
 ---------------------------------------------------------------
   0      -125.894004232                    6.46e-01        0.01
   1      -126.585800306     -6.92e-01      3.69e-01        0.01
   2      -126.559915510      2.59e-02      9.82e-02        0.02
   3      -126.559736092      1.79e-04      2.58e-02        0.01
   4      -126.598896950     -3.92e-02      7.14e-03        0.01
   5      -126.601851221     -2.95e-03      2.64e-03        0.01
   6      -126.602237774     -3.87e-04      9.88e-04        0.01
   7      -126.602286839     -4.91e-05      2.36e-04        0.01
   8      -126.602288944     -2.10e-06      7.96e-05        0.01
   9      -126.602288978     -3.42e-08      3.88e-05        0.01
  10      -126.602288984     -6.18e-09      1.34e-05        0.01
  11      -126.602288986     -2.03e-09      3.65e-06        0.01
  12      -126.602288986     -1.77e-10      1.06e-06        0.01

 SCF converged in 11 iterations.

 Entropy contribution (-ST):             0.000000000
 Dipole moment (in Debye):               4.141667       0.098422       0.392221

Chlorophyll parameters
 D_scl:                                  0.636
 Mg_p:                                   0.902
 Mg_s:                                   1.053
 Mgp_Np:                                 1.402
 Mgp_Ns:                                 1.067
 Mgs_Np:                                 1.023
 Mgs_Ns:                                 1.468
 N_p:                                    1.044
 N_s:                                    1.281
 a_x:                                    0.067
 k_p:                                    2.694
 k_s:                                    1.462
 y_J:                                    4.012
 y_K:                                    2.147

 ----------------
  Excitation 0 1 
 ----------------
 Setting up Delta-SCF
 Ground-Excited state overlap:          -0.000000000
 No correction applied to the TDM.
 Excitation energy:                      0.067315849
 Excitation energy (in eV):              1.831757575
 Transition dipole:                     -2.38386      -1.31216       0.21527

 ******************
  Exciton analysis 
 ******************

 eigenvalues
 -----------
 state 0:                             -253.1984 hr
 state 1:                             -253.1338 hr
 state 2:                             -253.1305 hr

 coupling energies
 -----------------
 states 1, 2:                          344.4818 cm^-1

 distances
 ---------
 chromophore 1, 2:                      17.8329 au

 charge centers
                         X                   Y                   Z
 1            78.077712642        15.606268015        57.746259465
 2            88.917257446        29.172127006        53.686082479
 Saving results in set 'trunc_bchla_10_bchla_12_frame_1501'

 --------------------------------------------------------------------------------

 End time:                               Fri Sep 10 11:54:32 2021
 Total wall-clock time:                  0.457 seconds
==================================================================================
