
================================================================================
          _____________ ________ _______________ ________     _________         
         / ___________// ______ \\_____   _____// ______ \   / ________)        
        / /_________  / /      \ \     | |     / /      \ \ | (_______          
       |  __________|| |        | |    | |    | |        | | \________ \        
        \ \_________ | |        | |    | |     \ \______/ /___________) |       
         \__________||_|        |_|    |_|      \________//____________/        
                                                                                
====================================[ Qcore ]===================================

 Git hash:   0385c69a4f85ff35f953e853350ecec6fa7ab330
 Git date:   Wed, 8 Sep 2021 10:09:58 +0100
 Compiler:   AppleClang 10.0.1.10010046
 Build type: Release
 Version:    2.1.1

 Start time: Fri Sep 10 11:54:24 2021

 Data directory: /Users/of15641/qcore/cmake-build-release/share/entos/2.1.1/data
 Number of threads: 2
 Number of threads was determined by: number of physical cores

 --------------------------------------------------------------------------------
                                command: excitons                                
 --------------------------------------------------------------------------------
 XTB basis setup:                        reference basis
 Implicit solvation model:               none
 Number of basis functions:            244
 GFN version:                            chlorophyll
 Integral screening threshold:           1.00e-10
 Total charge:                           0.000000000
 Number of electrons:                  218.000000000
 Electronic temperature (Kelvin):        0.000000000

 D3BJ energy:                           -0.062255199
 Repulsive energy:                       1.563054994

 ****************************************************
  Running robust self-consistent charge (SCC) solver 
 ****************************************************
 Number of SCC trials:                   4
 Using the stop-early mechanism for the first 3 trials

 Conv. threshold (charge):               1.00e-05
 Conv. threshold (energy):               1.00e-06
 Initial guess:                          SAD

 -------------
  SCC Trial 1 
 -------------
 Broyden mixing factor:                  0.400000000
 Max number of iterations:             128

 ---------------------------------------------------------------
                  energy        change          grad        time
 ---------------------------------------------------------------
   0      -125.973526272                    6.47e-01        0.01
   1      -126.631460817     -6.58e-01      3.70e-01        0.00
   2      -126.604163943      2.73e-02      9.48e-02        0.00
   3      -126.605385515     -1.22e-03      2.51e-02        0.00
   4      -126.644590968     -3.92e-02      6.54e-03        0.01
   5      -126.647186870     -2.60e-03      2.43e-03        0.01
   6      -126.647529751     -3.43e-04      9.27e-04        0.00
   7      -126.647572799     -4.30e-05      1.96e-04        0.00
   8      -126.647573838     -1.04e-06      6.66e-05        0.00
   9      -126.647573867     -2.94e-08      3.12e-05        0.00
  10      -126.647573871     -4.03e-09      1.10e-05        0.00
  11      -126.647573872     -9.13e-10      3.43e-06        0.00
  12      -126.647573872     -1.56e-10      7.55e-07        0.00

 SCF converged in 11 iterations.

 Entropy contribution (-ST):             0.000000000
 Dipole moment (in Debye):              -3.545478      -0.129248       0.059288

Chlorophyll parameters
 D_scl:                                  0.636
 Mg_p:                                   0.902
 Mg_s:                                   1.053
 Mgp_Np:                                 1.402
 Mgp_Ns:                                 1.067
 Mgs_Np:                                 1.023
 Mgs_Ns:                                 1.468
 N_p:                                    1.044
 N_s:                                    1.281
 a_x:                                    0.067
 k_p:                                    2.694
 k_s:                                    1.462
 y_J:                                    4.012
 y_K:                                    2.147

 ----------------
  Excitation 0 1 
 ----------------
 Setting up Delta-SCF
 Ground-Excited state overlap:           0.000000000
 No correction applied to the TDM.
 Excitation energy:                      0.068487358
 Excitation energy (in eV):              1.863635964
 Transition dipole:                     -2.11676      -1.51851       0.45419
 XTB basis setup:                        reference basis
 Implicit solvation model:               none
 Number of basis functions:            244
 GFN version:                            chlorophyll
 Integral screening threshold:           1.00e-10
 Total charge:                           0.000000000
 Number of electrons:                  218.000000000
 Electronic temperature (Kelvin):        0.000000000

 D3BJ energy:                           -0.061191552
 Repulsive energy:                       1.497691576

 ****************************************************
  Running robust self-consistent charge (SCC) solver 
 ****************************************************
 Number of SCC trials:                   4
 Using the stop-early mechanism for the first 3 trials

 Conv. threshold (charge):               1.00e-05
 Conv. threshold (energy):               1.00e-06
 Initial guess:                          SAD

 -------------
  SCC Trial 1 
 -------------
 Broyden mixing factor:                  0.400000000
 Max number of iterations:             128

 ---------------------------------------------------------------
                  energy        change          grad        time
 ---------------------------------------------------------------
   0      -125.888158892                    6.47e-01        0.01
   1      -126.577640864     -6.89e-01      3.69e-01        0.01
   2      -126.506718055      7.09e-02      1.03e-01        0.01
   3      -126.475530026      3.12e-02      4.04e-02        0.01
   4      -126.595280376     -1.20e-01      1.10e-02        0.01
   5      -126.601432897     -6.15e-03      2.68e-03        0.01
   6      -126.601547012     -1.14e-04      1.46e-03        0.01
   7      -126.601643948     -9.69e-05      3.91e-04        0.01
   8      -126.601647667     -3.72e-06      2.00e-04        0.01
   9      -126.601647908     -2.41e-07      7.97e-05        0.01
  10      -126.601647956     -4.73e-08      2.29e-05        0.01
  11      -126.601647966     -1.03e-08      5.67e-06        0.01
  12      -126.601647966     -5.25e-10      1.54e-06        0.01

 SCF converged in 11 iterations.

 Entropy contribution (-ST):             0.000000000
 Dipole moment (in Debye):               4.275028       0.474703       0.900486

Chlorophyll parameters
 D_scl:                                  0.636
 Mg_p:                                   0.902
 Mg_s:                                   1.053
 Mgp_Np:                                 1.402
 Mgp_Ns:                                 1.067
 Mgs_Np:                                 1.023
 Mgs_Ns:                                 1.468
 N_p:                                    1.044
 N_s:                                    1.281
 a_x:                                    0.067
 k_p:                                    2.694
 k_s:                                    1.462
 y_J:                                    4.012
 y_K:                                    2.147

 ----------------
  Excitation 0 1 
 ----------------
 Setting up Delta-SCF
 Ground-Excited state overlap:           0.000000000
 No correction applied to the TDM.
 Excitation energy:                      0.067393929
 Excitation energy (in eV):              1.833882234
 Transition dipole:                     -2.39203      -1.35871       0.49240

 ******************
  Exciton analysis 
 ******************

 eigenvalues
 -----------
 state 0:                             -253.2529 hr
 state 1:                             -253.1868 hr
 state 2:                             -253.1832 hr

 coupling energies
 -----------------
 states 1, 2:                         -352.0017 cm^-1

 distances
 ---------
 chromophore 1, 2:                      17.8661 au

 charge centers
                         X                   Y                   Z
 1            78.972758936        15.436477685        58.778419686
 2            88.342390780        30.417062546        56.134444816
 Saving results in set 'trunc_bchla_10_bchla_12_frame_13701'

 --------------------------------------------------------------------------------

 End time:                               Fri Sep 10 11:54:24 2021
 Total wall-clock time:                  0.448 seconds
==================================================================================
