
================================================================================
          _____________ ________ _______________ ________     _________         
         / ___________// ______ \\_____   _____// ______ \   / ________)        
        / /_________  / /      \ \     | |     / /      \ \ | (_______          
       |  __________|| |        | |    | |    | |        | | \________ \        
        \ \_________ | |        | |    | |     \ \______/ /___________) |       
         \__________||_|        |_|    |_|      \________//____________/        
                                                                                
====================================[ Qcore ]===================================

 Git hash:   0385c69a4f85ff35f953e853350ecec6fa7ab330
 Git date:   Wed, 8 Sep 2021 10:09:58 +0100
 Compiler:   AppleClang 10.0.1.10010046
 Build type: Release
 Version:    2.1.1

 Start time: Fri Sep 10 12:01:08 2021

 Data directory: /Users/of15641/qcore/cmake-build-release/share/entos/2.1.1/data
 Number of threads: 2
 Number of threads was determined by: number of physical cores

 --------------------------------------------------------------------------------
                                command: excitons                                
 --------------------------------------------------------------------------------
 XTB basis setup:                        reference basis
 Implicit solvation model:               none
 Number of basis functions:            244
 GFN version:                            chlorophyll
 Integral screening threshold:           1.00e-10
 Total charge:                           0.000000000
 Number of electrons:                  218.000000000
 Electronic temperature (Kelvin):        0.000000000

 D3BJ energy:                           -0.061299174
 Repulsive energy:                       1.556113777

 ****************************************************
  Running robust self-consistent charge (SCC) solver 
 ****************************************************
 Number of SCC trials:                   4
 Using the stop-early mechanism for the first 3 trials

 Conv. threshold (charge):               1.00e-05
 Conv. threshold (energy):               1.00e-06
 Initial guess:                          SAD

 -------------
  SCC Trial 1 
 -------------
 Broyden mixing factor:                  0.400000000
 Max number of iterations:             128

 ---------------------------------------------------------------
                  energy        change          grad        time
 ---------------------------------------------------------------
   0      -125.954369600                    6.46e-01        0.01
   1      -126.591514337     -6.37e-01      3.69e-01        0.01
   2      -126.512732782      7.88e-02      9.91e-02        0.01
   3      -126.457367628      5.54e-02      4.68e-02        0.01
   4      -126.610440906     -1.53e-01      8.49e-03        0.01
   5      -126.613956845     -3.52e-03      2.67e-03        0.01
   6      -126.613981019     -2.42e-05      8.31e-04        0.01
   7      -126.614004993     -2.40e-05      4.29e-04        0.01
   8      -126.614007804     -2.81e-06      2.47e-04        0.01
   9      -126.614008563     -7.59e-07      8.94e-05        0.01
  10      -126.614008668     -1.05e-07      2.84e-05        0.01
  11      -126.614008681     -1.31e-08      5.40e-06        0.01
  12      -126.614008682     -3.29e-10      1.55e-06        0.01

 SCF converged in 11 iterations.

 Entropy contribution (-ST):             0.000000000
 Dipole moment (in Debye):              -5.788511      -2.028768      -0.072916

Chlorophyll parameters
 D_scl:                                  0.636
 Mg_p:                                   0.902
 Mg_s:                                   1.053
 Mgp_Np:                                 1.402
 Mgp_Ns:                                 1.067
 Mgs_Np:                                 1.023
 Mgs_Ns:                                 1.468
 N_p:                                    1.044
 N_s:                                    1.281
 a_x:                                    0.067
 k_p:                                    2.694
 k_s:                                    1.462
 y_J:                                    4.012
 y_K:                                    2.147

 ----------------
  Excitation 0 1 
 ----------------
 Setting up Delta-SCF
 Ground-Excited state overlap:           0.000000000
 No correction applied to the TDM.
 Excitation energy:                      0.069213477
 Excitation energy (in eV):              1.883394650
 Transition dipole:                      2.20360       1.31750      -0.55554
 XTB basis setup:                        reference basis
 Implicit solvation model:               none
 Number of basis functions:            244
 GFN version:                            chlorophyll
 Integral screening threshold:           1.00e-10
 Total charge:                           0.000000000
 Number of electrons:                  218.000000000
 Electronic temperature (Kelvin):        0.000000000

 D3BJ energy:                           -0.061416057
 Repulsive energy:                       1.484905117

 ****************************************************
  Running robust self-consistent charge (SCC) solver 
 ****************************************************
 Number of SCC trials:                   4
 Using the stop-early mechanism for the first 3 trials

 Conv. threshold (charge):               1.00e-05
 Conv. threshold (energy):               1.00e-06
 Initial guess:                          SAD

 -------------
  SCC Trial 1 
 -------------
 Broyden mixing factor:                  0.400000000
 Max number of iterations:             128

 ---------------------------------------------------------------
                  energy        change          grad        time
 ---------------------------------------------------------------
   0      -125.939230775                    6.45e-01        0.01
   1      -126.598236773     -6.59e-01      3.68e-01        0.01
   2      -126.573143199      2.51e-02      9.65e-02        0.01
   3      -126.577913742     -4.77e-03      2.53e-02        0.01
   4      -126.612423195     -3.45e-02      5.54e-03        0.01
   5      -126.614163543     -1.74e-03      1.92e-03        0.01
   6      -126.614377797     -2.14e-04      8.84e-04        0.01
   7      -126.614430238     -5.24e-05      1.67e-04        0.01
   8      -126.614431236     -9.98e-07      6.31e-05        0.01
   9      -126.614431299     -6.32e-08      2.64e-05        0.01
  10      -126.614431308     -8.41e-09      9.64e-06        0.01
  11      -126.614431309     -8.01e-10      2.69e-06        0.01

 SCF converged in 10 iterations.

 Entropy contribution (-ST):             0.000000000
 Dipole moment (in Debye):              -2.747743      -1.917835       0.668885

Chlorophyll parameters
 D_scl:                                  0.636
 Mg_p:                                   0.902
 Mg_s:                                   1.053
 Mgp_Np:                                 1.402
 Mgp_Ns:                                 1.067
 Mgs_Np:                                 1.023
 Mgs_Ns:                                 1.468
 N_p:                                    1.044
 N_s:                                    1.281
 a_x:                                    0.067
 k_p:                                    2.694
 k_s:                                    1.462
 y_J:                                    4.012
 y_K:                                    2.147

 ----------------
  Excitation 0 1 
 ----------------
 Setting up Delta-SCF
 Ground-Excited state overlap:           0.000000000
 No correction applied to the TDM.
 Excitation energy:                      0.068896164
 Excitation energy (in eV):              1.874760120
 Transition dipole:                     -1.17907      -2.36326       0.39607

 ******************
  Exciton analysis 
 ******************

 eigenvalues
 -----------
 state 0:                             -253.2286 hr
 state 1:                             -253.1599 hr
 state 2:                             -253.1592 hr

 coupling energies
 -----------------
 states 1, 2:                           73.4889 cm^-1

 distances
 ---------
 chromophore 1, 2:                      32.6495 au

 charge centers
                         X                   Y                   Z
 1            78.908135305        17.076254450        57.777992021
 2            90.339360646        47.319695943        53.233888341
 Saving results in set 'trunc_bchla_10_bchla_13_frame_39301'

 --------------------------------------------------------------------------------

 End time:                               Fri Sep 10 12:01:09 2021
 Total wall-clock time:                  0.506 seconds
==================================================================================
