
================================================================================
          _____________ ________ _______________ ________     _________         
         / ___________// ______ \\_____   _____// ______ \   / ________)        
        / /_________  / /      \ \     | |     / /      \ \ | (_______          
       |  __________|| |        | |    | |    | |        | | \________ \        
        \ \_________ | |        | |    | |     \ \______/ /___________) |       
         \__________||_|        |_|    |_|      \________//____________/        
                                                                                
====================================[ Qcore ]===================================

 Git hash:   0385c69a4f85ff35f953e853350ecec6fa7ab330
 Git date:   Wed, 8 Sep 2021 10:09:58 +0100
 Compiler:   AppleClang 10.0.1.10010046
 Build type: Release
 Version:    2.1.1

 Start time: Fri Sep 10 12:03:45 2021

 Data directory: /Users/of15641/qcore/cmake-build-release/share/entos/2.1.1/data
 Number of threads: 2
 Number of threads was determined by: number of physical cores

 --------------------------------------------------------------------------------
                                command: excitons                                
 --------------------------------------------------------------------------------
 XTB basis setup:                        reference basis
 Implicit solvation model:               none
 Number of basis functions:            244
 GFN version:                            chlorophyll
 Integral screening threshold:           1.00e-10
 Total charge:                           0.000000000
 Number of electrons:                  218.000000000
 Electronic temperature (Kelvin):        0.000000000

 D3BJ energy:                           -0.062449943
 Repulsive energy:                       1.517383572

 ****************************************************
  Running robust self-consistent charge (SCC) solver 
 ****************************************************
 Number of SCC trials:                   4
 Using the stop-early mechanism for the first 3 trials

 Conv. threshold (charge):               1.00e-05
 Conv. threshold (energy):               1.00e-06
 Initial guess:                          SAD

 -------------
  SCC Trial 1 
 -------------
 Broyden mixing factor:                  0.400000000
 Max number of iterations:             128

 ---------------------------------------------------------------
                  energy        change          grad        time
 ---------------------------------------------------------------
   0      -125.916413709                    6.47e-01        0.01
   1      -126.603694073     -6.87e-01      3.69e-01        0.01
   2      -126.555223640      4.85e-02      9.88e-02        0.00
   3      -126.526475211      2.87e-02      3.50e-02        0.01
   4      -126.618044753     -9.16e-02      9.01e-03        0.00
   5      -126.622545292     -4.50e-03      2.58e-03        0.01
   6      -126.622790283     -2.45e-04      1.16e-03        0.01
   7      -126.622852792     -6.25e-05      2.88e-04        0.01
   8      -126.622854888     -2.10e-06      1.39e-04        0.01
   9      -126.622855040     -1.52e-07      5.78e-05        0.01
  10      -126.622855050     -1.04e-08      1.67e-05        0.00
  11      -126.622855054     -3.77e-09      4.86e-06        0.01
  12      -126.622855054     -3.62e-10      1.30e-06        0.00

 SCF converged in 11 iterations.

 Entropy contribution (-ST):             0.000000000
 Dipole moment (in Debye):              -2.638832       0.128746       0.533391

Chlorophyll parameters
 D_scl:                                  0.636
 Mg_p:                                   0.902
 Mg_s:                                   1.053
 Mgp_Np:                                 1.402
 Mgp_Ns:                                 1.067
 Mgs_Np:                                 1.023
 Mgs_Ns:                                 1.468
 N_p:                                    1.044
 N_s:                                    1.281
 a_x:                                    0.067
 k_p:                                    2.694
 k_s:                                    1.462
 y_J:                                    4.012
 y_K:                                    2.147

 ----------------
  Excitation 0 1 
 ----------------
 Setting up Delta-SCF
 Ground-Excited state overlap:          -0.000000000
 No correction applied to the TDM.
 Excitation energy:                      0.066353331
 Excitation energy (in eV):              1.805566111
 Transition dipole:                      2.44259       1.16156      -0.32833
 XTB basis setup:                        reference basis
 Implicit solvation model:               none
 Number of basis functions:            244
 GFN version:                            chlorophyll
 Integral screening threshold:           1.00e-10
 Total charge:                           0.000000000
 Number of electrons:                  218.000000000
 Electronic temperature (Kelvin):        0.000000000

 D3BJ energy:                           -0.060943004
 Repulsive energy:                       1.479641136

 ****************************************************
  Running robust self-consistent charge (SCC) solver 
 ****************************************************
 Number of SCC trials:                   4
 Using the stop-early mechanism for the first 3 trials

 Conv. threshold (charge):               1.00e-05
 Conv. threshold (energy):               1.00e-06
 Initial guess:                          SAD

 -------------
  SCC Trial 1 
 -------------
 Broyden mixing factor:                  0.400000000
 Max number of iterations:             128

 ---------------------------------------------------------------
                  energy        change          grad        time
 ---------------------------------------------------------------
   0      -125.922422925                    6.45e-01        0.01
   1      -126.597479169     -6.75e-01      3.69e-01        0.01
   2      -126.571202506      2.63e-02      9.75e-02        0.01
   3      -126.561596296      9.61e-03      2.79e-02        0.01
   4      -126.606978127     -4.54e-02      9.39e-03        0.01
   5      -126.613400599     -6.42e-03      1.87e-03        0.01
   6      -126.613472334     -7.17e-05      6.35e-04        0.01
   7      -126.613484586     -1.23e-05      2.57e-04        0.01
   8      -126.613486623     -2.04e-06      1.23e-04        0.01
   9      -126.613487017     -3.94e-07      5.86e-05        0.01
  10      -126.613487065     -4.87e-08      1.92e-05        0.01
  11      -126.613487069     -3.43e-09      4.12e-06        0.01
  12      -126.613487069     -1.95e-10      1.14e-06        0.01

 SCF converged in 11 iterations.

 Entropy contribution (-ST):             0.000000000
 Dipole moment (in Debye):               3.855329       0.808398       2.324414

Chlorophyll parameters
 D_scl:                                  0.636
 Mg_p:                                   0.902
 Mg_s:                                   1.053
 Mgp_Np:                                 1.402
 Mgp_Ns:                                 1.067
 Mgs_Np:                                 1.023
 Mgs_Ns:                                 1.468
 N_p:                                    1.044
 N_s:                                    1.281
 a_x:                                    0.067
 k_p:                                    2.694
 k_s:                                    1.462
 y_J:                                    4.012
 y_K:                                    2.147

 ----------------
  Excitation 0 1 
 ----------------
 Setting up Delta-SCF
 Ground-Excited state overlap:          -0.000000000
 No correction applied to the TDM.
 Excitation energy:                      0.065871433
 Excitation energy (in eV):              1.792453000
 Transition dipole:                     -1.61321       2.16895       0.16939

 ******************
  Exciton analysis 
 ******************

 eigenvalues
 -----------
 state 0:                             -253.2363 hr
 state 1:                             -253.1705 hr
 state 2:                             -253.1700 hr

 coupling energies
 -----------------
 states 1, 2:                           -5.3176 cm^-1

 distances
 ---------
 chromophore 1, 2:                      70.5815 au

 charge centers
                         X                   Y                   Z
 1            76.128766555        19.445994602        57.852930208
 2            92.260522968        84.760907113        79.194691229
 Saving results in set 'trunc_bchla_10_bchla_14_frame_20401'

 --------------------------------------------------------------------------------

 End time:                               Fri Sep 10 12:03:45 2021
 Total wall-clock time:                  0.457 seconds
==================================================================================
