
================================================================================
          _____________ ________ _______________ ________     _________         
         / ___________// ______ \\_____   _____// ______ \   / ________)        
        / /_________  / /      \ \     | |     / /      \ \ | (_______          
       |  __________|| |        | |    | |    | |        | | \________ \        
        \ \_________ | |        | |    | |     \ \______/ /___________) |       
         \__________||_|        |_|    |_|      \________//____________/        
                                                                                
====================================[ Qcore ]===================================

 Git hash:   0385c69a4f85ff35f953e853350ecec6fa7ab330
 Git date:   Wed, 8 Sep 2021 10:09:58 +0100
 Compiler:   AppleClang 10.0.1.10010046
 Build type: Release
 Version:    2.1.1

 Start time: Fri Sep 10 11:57:32 2021

 Data directory: /Users/of15641/qcore/cmake-build-release/share/entos/2.1.1/data
 Number of threads: 2
 Number of threads was determined by: number of physical cores

 --------------------------------------------------------------------------------
                                command: excitons                                
 --------------------------------------------------------------------------------
 XTB basis setup:                        reference basis
 Implicit solvation model:               none
 Number of basis functions:            244
 GFN version:                            chlorophyll
 Integral screening threshold:           1.00e-10
 Total charge:                           0.000000000
 Number of electrons:                  218.000000000
 Electronic temperature (Kelvin):        0.000000000

 D3BJ energy:                           -0.062009186
 Repulsive energy:                       1.472146286

 ****************************************************
  Running robust self-consistent charge (SCC) solver 
 ****************************************************
 Number of SCC trials:                   4
 Using the stop-early mechanism for the first 3 trials

 Conv. threshold (charge):               1.00e-05
 Conv. threshold (energy):               1.00e-06
 Initial guess:                          SAD

 -------------
  SCC Trial 1 
 -------------
 Broyden mixing factor:                  0.400000000
 Max number of iterations:             128

 ---------------------------------------------------------------
                  energy        change          grad        time
 ---------------------------------------------------------------
   0      -125.842941166                    6.45e-01        0.01
   1      -126.544338666     -7.01e-01      3.68e-01        0.01
   2      -126.525955908      1.84e-02      9.89e-02        0.00
   3      -126.529641600     -3.69e-03      2.32e-02        0.00
   4      -126.557362485     -2.77e-02      5.61e-03        0.00
   5      -126.559215980     -1.85e-03      2.36e-03        0.00
   6      -126.559542703     -3.27e-04      1.01e-03        0.01
   7      -126.559599027     -5.63e-05      2.36e-04        0.00
   8      -126.559601390     -2.36e-06      6.57e-05        0.02
   9      -126.559601442     -5.30e-08      3.15e-05        0.01
  10      -126.559601452     -9.15e-09      1.23e-05        0.01
  11      -126.559601452     -6.40e-10      4.16e-06        0.00
  12      -126.559601452     -1.93e-10      1.17e-06        0.00

 SCF converged in 11 iterations.

 Entropy contribution (-ST):             0.000000000
 Dipole moment (in Debye):              -2.303655      -0.319275       0.608686

Chlorophyll parameters
 D_scl:                                  0.636
 Mg_p:                                   0.902
 Mg_s:                                   1.053
 Mgp_Np:                                 1.402
 Mgp_Ns:                                 1.067
 Mgs_Np:                                 1.023
 Mgs_Ns:                                 1.468
 N_p:                                    1.044
 N_s:                                    1.281
 a_x:                                    0.067
 k_p:                                    2.694
 k_s:                                    1.462
 y_J:                                    4.012
 y_K:                                    2.147

 ----------------
  Excitation 0 1 
 ----------------
 Setting up Delta-SCF
 Ground-Excited state overlap:          -0.000000000
 No correction applied to the TDM.
 Excitation energy:                      0.066762296
 Excitation energy (in eV):              1.816694629
 Transition dipole:                     -2.50948      -1.04849       0.34486
 XTB basis setup:                        reference basis
 Implicit solvation model:               none
 Number of basis functions:            244
 GFN version:                            chlorophyll
 Integral screening threshold:           1.00e-10
 Total charge:                           0.000000000
 Number of electrons:                  218.000000000
 Electronic temperature (Kelvin):        0.000000000

 D3BJ energy:                           -0.062162882
 Repulsive energy:                       1.539147428

 ****************************************************
  Running robust self-consistent charge (SCC) solver 
 ****************************************************
 Number of SCC trials:                   4
 Using the stop-early mechanism for the first 3 trials

 Conv. threshold (charge):               1.00e-05
 Conv. threshold (energy):               1.00e-06
 Initial guess:                          SAD

 -------------
  SCC Trial 1 
 -------------
 Broyden mixing factor:                  0.400000000
 Max number of iterations:             128

 ---------------------------------------------------------------
                  energy        change          grad        time
 ---------------------------------------------------------------
   0      -125.963817822                    6.48e-01        0.01
   1      -126.634278773     -6.70e-01      3.70e-01        0.01
   2      -126.592784188      4.15e-02      9.83e-02        0.01
   3      -126.565367919      2.74e-02      3.55e-02        0.01
   4      -126.647334411     -8.20e-02      8.89e-03        0.01
   5      -126.652970720     -5.64e-03      2.44e-03        0.01
   6      -126.653222170     -2.51e-04      8.10e-04        0.01
   7      -126.653242325     -2.02e-05      2.55e-04        0.01
   8      -126.653243993     -1.67e-06      1.41e-04        0.01
   9      -126.653244108     -1.15e-07      5.32e-05        0.01
  10      -126.653244116     -8.29e-09      1.73e-05        0.01
  11      -126.653244120     -4.00e-09      3.77e-06        0.01
  12      -126.653244120     -1.31e-10      9.41e-07        0.01

 SCF converged in 11 iterations.

 Entropy contribution (-ST):             0.000000000
 Dipole moment (in Debye):               4.601909      -0.156759       1.080961

Chlorophyll parameters
 D_scl:                                  0.636
 Mg_p:                                   0.902
 Mg_s:                                   1.053
 Mgp_Np:                                 1.402
 Mgp_Ns:                                 1.067
 Mgs_Np:                                 1.023
 Mgs_Ns:                                 1.468
 N_p:                                    1.044
 N_s:                                    1.281
 a_x:                                    0.067
 k_p:                                    2.694
 k_s:                                    1.462
 y_J:                                    4.012
 y_K:                                    2.147

 ----------------
  Excitation 0 1 
 ----------------
 Setting up Delta-SCF
 Ground-Excited state overlap:          -0.000000000
 No correction applied to the TDM.
 Excitation energy:                      0.068501681
 Excitation energy (in eV):              1.864025704
 Transition dipole:                     -2.56834      -0.92645       0.29311

 ******************
  Exciton analysis 
 ******************

 eigenvalues
 -----------
 state 0:                             -253.2156 hr
 state 1:                             -253.1498 hr
 state 2:                             -253.1460 hr

 coupling energies
 -----------------
 states 1, 2:                         -368.0636 cm^-1

 distances
 ---------
 chromophore 1, 2:                      17.1417 au

 charge centers
                         X                   Y                   Z
 1            78.085926653        17.873900121        58.384136970
 2            89.417514716        30.281028542        54.993703697
 Saving results in set 'trunc_bchla_10_bchla_12_frame_47101'

 --------------------------------------------------------------------------------

 End time:                               Fri Sep 10 11:57:32 2021
 Total wall-clock time:                  0.458 seconds
==================================================================================
