
================================================================================
          _____________ ________ _______________ ________     _________         
         / ___________// ______ \\_____   _____// ______ \   / ________)        
        / /_________  / /      \ \     | |     / /      \ \ | (_______          
       |  __________|| |        | |    | |    | |        | | \________ \        
        \ \_________ | |        | |    | |     \ \______/ /___________) |       
         \__________||_|        |_|    |_|      \________//____________/        
                                                                                
====================================[ Qcore ]===================================

 Git hash:   0385c69a4f85ff35f953e853350ecec6fa7ab330
 Git date:   Wed, 8 Sep 2021 10:09:58 +0100
 Compiler:   AppleClang 10.0.1.10010046
 Build type: Release
 Version:    2.1.1

 Start time: Fri Sep 10 11:56:01 2021

 Data directory: /Users/of15641/qcore/cmake-build-release/share/entos/2.1.1/data
 Number of threads: 2
 Number of threads was determined by: number of physical cores

 --------------------------------------------------------------------------------
                                command: excitons                                
 --------------------------------------------------------------------------------
 XTB basis setup:                        reference basis
 Implicit solvation model:               none
 Number of basis functions:            244
 GFN version:                            chlorophyll
 Integral screening threshold:           1.00e-10
 Total charge:                           0.000000000
 Number of electrons:                  218.000000000
 Electronic temperature (Kelvin):        0.000000000

 D3BJ energy:                           -0.062467168
 Repulsive energy:                       1.523626427

 ****************************************************
  Running robust self-consistent charge (SCC) solver 
 ****************************************************
 Number of SCC trials:                   4
 Using the stop-early mechanism for the first 3 trials

 Conv. threshold (charge):               1.00e-05
 Conv. threshold (energy):               1.00e-06
 Initial guess:                          SAD

 -------------
  SCC Trial 1 
 -------------
 Broyden mixing factor:                  0.400000000
 Max number of iterations:             128

 ---------------------------------------------------------------
                  energy        change          grad        time
 ---------------------------------------------------------------
   0      -125.860837633                    6.49e-01        0.01
   1      -126.570734938     -7.10e-01      3.70e-01        0.00
   2      -126.526005725      4.47e-02      1.02e-01        0.00
   3      -126.523245679      2.76e-03      3.18e-02        0.00
   4      -126.586779096     -6.35e-02      7.83e-03        0.00
   5      -126.590234911     -3.46e-03      2.67e-03        0.00
   6      -126.590644777     -4.10e-04      1.01e-03        0.00
   7      -126.590697514     -5.27e-05      2.34e-04        0.02
   8      -126.590698972     -1.46e-06      9.20e-05        0.00
   9      -126.590699020     -4.75e-08      4.31e-05        0.00
  10      -126.590699030     -1.02e-08      1.41e-05        0.00
  11      -126.590699032     -1.88e-09      3.64e-06        0.00
  12      -126.590699032     -1.66e-10      1.08e-06        0.00

 SCF converged in 11 iterations.

 Entropy contribution (-ST):             0.000000000
 Dipole moment (in Debye):              -5.790648      -0.275377      -1.139248

Chlorophyll parameters
 D_scl:                                  0.636
 Mg_p:                                   0.902
 Mg_s:                                   1.053
 Mgp_Np:                                 1.402
 Mgp_Ns:                                 1.067
 Mgs_Np:                                 1.023
 Mgs_Ns:                                 1.468
 N_p:                                    1.044
 N_s:                                    1.281
 a_x:                                    0.067
 k_p:                                    2.694
 k_s:                                    1.462
 y_J:                                    4.012
 y_K:                                    2.147

 ----------------
  Excitation 0 1 
 ----------------
 Setting up Delta-SCF
 Ground-Excited state overlap:           0.000000000
 No correction applied to the TDM.
 Excitation energy:                      0.067259320
 Excitation energy (in eV):              1.830219334
 Transition dipole:                     -2.37850      -1.30886      -0.58097
 XTB basis setup:                        reference basis
 Implicit solvation model:               none
 Number of basis functions:            244
 GFN version:                            chlorophyll
 Integral screening threshold:           1.00e-10
 Total charge:                           0.000000000
 Number of electrons:                  218.000000000
 Electronic temperature (Kelvin):        0.000000000

 D3BJ energy:                           -0.061605968
 Repulsive energy:                       1.487658464

 ****************************************************
  Running robust self-consistent charge (SCC) solver 
 ****************************************************
 Number of SCC trials:                   4
 Using the stop-early mechanism for the first 3 trials

 Conv. threshold (charge):               1.00e-05
 Conv. threshold (energy):               1.00e-06
 Initial guess:                          SAD

 -------------
  SCC Trial 1 
 -------------
 Broyden mixing factor:                  0.400000000
 Max number of iterations:             128

 ---------------------------------------------------------------
                  energy        change          grad        time
 ---------------------------------------------------------------
   0      -125.932462636                    6.46e-01        0.01
   1      -126.603660630     -6.71e-01      3.69e-01        0.01
   2      -126.554567681      4.91e-02      9.79e-02        0.01
   3      -126.503952902      5.06e-02      3.88e-02        0.01
   4      -126.617027105     -1.13e-01      9.83e-03        0.01
   5      -126.622041981     -5.01e-03      2.59e-03        0.01
   6      -126.622131871     -8.99e-05      1.16e-03        0.01
   7      -126.622177949     -4.61e-05      3.45e-04        0.01
   8      -126.622180994     -3.04e-06      2.03e-04        0.01
   9      -126.622181550     -5.56e-07      7.70e-05        0.01
  10      -126.622181600     -4.93e-08      2.08e-05        0.01
  11      -126.622181605     -5.52e-09      5.87e-06        0.01
  12      -126.622181606     -4.91e-10      1.48e-06        0.01

 SCF converged in 11 iterations.

 Entropy contribution (-ST):             0.000000000
 Dipole moment (in Debye):               1.459267      -1.226384       0.939227

Chlorophyll parameters
 D_scl:                                  0.636
 Mg_p:                                   0.902
 Mg_s:                                   1.053
 Mgp_Np:                                 1.402
 Mgp_Ns:                                 1.067
 Mgs_Np:                                 1.023
 Mgs_Ns:                                 1.468
 N_p:                                    1.044
 N_s:                                    1.281
 a_x:                                    0.067
 k_p:                                    2.694
 k_s:                                    1.462
 y_J:                                    4.012
 y_K:                                    2.147

 ----------------
  Excitation 0 1 
 ----------------
 Setting up Delta-SCF
 Ground-Excited state overlap:          -0.000000000
 No correction applied to the TDM.
 Excitation energy:                      0.066755210
 Excitation energy (in eV):              1.816501814
 Transition dipole:                     -2.56417      -1.07528       0.64736

 ******************
  Exciton analysis 
 ******************

 eigenvalues
 -----------
 state 0:                             -253.2157 hr
 state 1:                             -253.1503 hr
 state 2:                             -253.1469 hr

 coupling energies
 -----------------
 states 1, 2:                         -358.5943 cm^-1

 distances
 ---------
 chromophore 1, 2:                      17.4667 au

 charge centers
                         X                   Y                   Z
 1            78.014475853        18.681185310        58.535366652
 2            88.925172117        32.215835741        56.845712726
 Saving results in set 'trunc_bchla_10_bchla_12_frame_30901'

 --------------------------------------------------------------------------------

 End time:                               Fri Sep 10 11:56:02 2021
 Total wall-clock time:                  0.444 seconds
==================================================================================
