
================================================================================
          _____________ ________ _______________ ________     _________         
         / ___________// ______ \\_____   _____// ______ \   / ________)        
        / /_________  / /      \ \     | |     / /      \ \ | (_______          
       |  __________|| |        | |    | |    | |        | | \________ \        
        \ \_________ | |        | |    | |     \ \______/ /___________) |       
         \__________||_|        |_|    |_|      \________//____________/        
                                                                                
====================================[ Qcore ]===================================

 Git hash:   0385c69a4f85ff35f953e853350ecec6fa7ab330
 Git date:   Wed, 8 Sep 2021 10:09:58 +0100
 Compiler:   AppleClang 10.0.1.10010046
 Build type: Release
 Version:    2.1.1

 Start time: Thu Sep  9 11:34:52 2021

 Data directory: /Users/of15641/qcore/cmake-build-release/share/entos/2.1.1/data
 Number of threads: 2
 Number of threads was determined by: number of physical cores

 --------------------------------------------------------------------------------
                                command: excitons                                
 --------------------------------------------------------------------------------
 XTB basis setup:                        reference basis
 Implicit solvation model:               none
 Number of basis functions:            244
 GFN version:                            chlorophyll
 Integral screening threshold:           1.00e-10
 Total charge:                           0.000000000
 Number of electrons:                  218.000000000
 Electronic temperature (Kelvin):        0.000000000

 D3BJ energy:                           -0.061849491
 Repulsive energy:                       1.484641751

 ****************************************************
  Running robust self-consistent charge (SCC) solver 
 ****************************************************
 Number of SCC trials:                   4
 Using the stop-early mechanism for the first 3 trials

 Conv. threshold (charge):               1.00e-05
 Conv. threshold (energy):               1.00e-06
 Initial guess:                          SAD

 -------------
  SCC Trial 1 
 -------------
 Broyden mixing factor:                  0.400000000
 Max number of iterations:             128

 ---------------------------------------------------------------
                  energy        change          grad        time
 ---------------------------------------------------------------
   0      -125.898661334                    6.46e-01        0.01
   1      -126.585823434     -6.87e-01      3.68e-01        0.01
   2      -126.550189268      3.56e-02      9.91e-02        0.01
   3      -126.509583153      4.06e-02      3.52e-02        0.01
   4      -126.594615705     -8.50e-02      1.11e-02        0.00
   5      -126.602319957     -7.70e-03      2.51e-03        0.01
   6      -126.602419619     -9.97e-05      9.30e-04        0.00
   7      -126.602438966     -1.93e-05      3.28e-04        0.01
   8      -126.602442401     -3.43e-06      1.94e-04        0.01
   9      -126.602443036     -6.35e-07      7.78e-05        0.01
  10      -126.602443056     -2.00e-08      2.80e-05        0.01
  11      -126.602443066     -1.04e-08      5.97e-06        0.01
  12      -126.602443067     -4.39e-10      1.54e-06        0.00

 SCF converged in 11 iterations.

 Entropy contribution (-ST):             0.000000000
 Dipole moment (in Debye):              -1.967114       0.629947      -0.172916

Chlorophyll parameters
 D_scl:                                  0.636
 Mg_p:                                   0.902
 Mg_s:                                   1.053
 Mgp_Np:                                 1.402
 Mgp_Ns:                                 1.067
 Mgs_Np:                                 1.023
 Mgs_Ns:                                 1.468
 N_p:                                    1.044
 N_s:                                    1.281
 a_x:                                    0.067
 k_p:                                    2.694
 k_s:                                    1.462
 y_J:                                    4.012
 y_K:                                    2.147

 ----------------
  Excitation 0 1 
 ----------------
 Setting up Delta-SCF
 Ground-Excited state overlap:           0.000000000
 No correction applied to the TDM.
 Excitation energy:                      0.065531160
 Excitation energy (in eV):              1.783193700
 Transition dipole:                      1.53613       2.05348      -1.17313
 XTB basis setup:                        reference basis
 Implicit solvation model:               none
 Number of basis functions:            244
 GFN version:                            chlorophyll
 Integral screening threshold:           1.00e-10
 Total charge:                           0.000000000
 Number of electrons:                  218.000000000
 Electronic temperature (Kelvin):        0.000000000

 D3BJ energy:                           -0.060899544
 Repulsive energy:                       1.463465113

 ****************************************************
  Running robust self-consistent charge (SCC) solver 
 ****************************************************
 Number of SCC trials:                   4
 Using the stop-early mechanism for the first 3 trials

 Conv. threshold (charge):               1.00e-05
 Conv. threshold (energy):               1.00e-06
 Initial guess:                          SAD

 -------------
  SCC Trial 1 
 -------------
 Broyden mixing factor:                  0.400000000
 Max number of iterations:             128

 ---------------------------------------------------------------
                  energy        change          grad        time
 ---------------------------------------------------------------
   0      -125.910150686                    6.45e-01        0.01
   1      -126.602520857     -6.92e-01      3.69e-01        0.01
   2      -126.563729735      3.88e-02      1.02e-01        0.01
   3      -126.571417149     -7.69e-03      2.91e-02        0.01
   4      -126.621110409     -4.97e-02      4.81e-03        0.01
   5      -126.622284999     -1.17e-03      1.25e-03        0.01
   6      -126.622321590     -3.66e-05      6.37e-04        0.01
   7      -126.622340262     -1.87e-05      3.19e-04        0.01
   8      -126.622346479     -6.22e-06      6.84e-05        0.01
   9      -126.622346499     -2.02e-08      3.75e-05        0.01
  10      -126.622346512     -1.35e-08      1.26e-05        0.01
  11      -126.622346514     -1.22e-09      3.25e-06        0.01
  12      -126.622346514     -1.54e-10      9.87e-07        0.01

 SCF converged in 11 iterations.

 Entropy contribution (-ST):             0.000000000
 Dipole moment (in Debye):              -2.441194      -1.691053       0.637175

Chlorophyll parameters
 D_scl:                                  0.636
 Mg_p:                                   0.902
 Mg_s:                                   1.053
 Mgp_Np:                                 1.402
 Mgp_Ns:                                 1.067
 Mgs_Np:                                 1.023
 Mgs_Ns:                                 1.468
 N_p:                                    1.044
 N_s:                                    1.281
 a_x:                                    0.067
 k_p:                                    2.694
 k_s:                                    1.462
 y_J:                                    4.012
 y_K:                                    2.147

 ----------------
  Excitation 0 1 
 ----------------
 Setting up Delta-SCF
 Ground-Excited state overlap:          -0.000000000
 No correction applied to the TDM.
 Excitation energy:                      0.066368076
 Excitation energy (in eV):              1.805967362
 Transition dipole:                      1.59078       2.18049      -0.35832

 ******************
  Exciton analysis 
 ******************

 eigenvalues
 -----------
 state 0:                             -253.2249 hr
 state 1:                             -253.1594 hr
 state 2:                             -253.1585 hr

 coupling energies
 -----------------
 states 1, 2:                           16.5838 cm^-1

 distances
 ---------
 chromophore 1, 2:                      39.6035 au

 charge centers
                         X                   Y                   Z
 1           -16.234234323        75.691189303        79.077453549
 2            -8.609220855        46.815722776        53.067809409
 Saving results in set 'trunc_bchla_23_bchla_27_frame_101'

 --------------------------------------------------------------------------------

 End time:                               Thu Sep  9 11:34:52 2021
 Total wall-clock time:                  0.473 seconds
==================================================================================
