
================================================================================
          _____________ ________ _______________ ________     _________         
         / ___________// ______ \\_____   _____// ______ \   / ________)        
        / /_________  / /      \ \     | |     / /      \ \ | (_______          
       |  __________|| |        | |    | |    | |        | | \________ \        
        \ \_________ | |        | |    | |     \ \______/ /___________) |       
         \__________||_|        |_|    |_|      \________//____________/        
                                                                                
====================================[ Qcore ]===================================

 Git hash:   0385c69a4f85ff35f953e853350ecec6fa7ab330
 Git date:   Wed, 8 Sep 2021 10:09:58 +0100
 Compiler:   AppleClang 10.0.1.10010046
 Build type: Release
 Version:    2.1.1

 Start time: Thu Sep  9 11:49:29 2021

 Data directory: /Users/of15641/qcore/cmake-build-release/share/entos/2.1.1/data
 Number of threads: 2
 Number of threads was determined by: number of physical cores

 --------------------------------------------------------------------------------
                                command: excitons                                
 --------------------------------------------------------------------------------
 XTB basis setup:                        reference basis
 Implicit solvation model:               none
 Number of basis functions:            244
 GFN version:                            chlorophyll
 Integral screening threshold:           1.00e-10
 Total charge:                           0.000000000
 Number of electrons:                  218.000000000
 Electronic temperature (Kelvin):        0.000000000

 D3BJ energy:                           -0.062300744
 Repulsive energy:                       1.526499064

 ****************************************************
  Running robust self-consistent charge (SCC) solver 
 ****************************************************
 Number of SCC trials:                   4
 Using the stop-early mechanism for the first 3 trials

 Conv. threshold (charge):               1.00e-05
 Conv. threshold (energy):               1.00e-06
 Initial guess:                          SAD

 -------------
  SCC Trial 1 
 -------------
 Broyden mixing factor:                  0.400000000
 Max number of iterations:             128

 ---------------------------------------------------------------
                  energy        change          grad        time
 ---------------------------------------------------------------
   0      -125.906699572                    6.49e-01        0.01
   1      -126.603439337     -6.97e-01      3.71e-01        0.01
   2      -126.534236046      6.92e-02      1.03e-01        0.01
   3      -126.494949872      3.93e-02      4.25e-02        0.01
   4      -126.621399416     -1.26e-01      1.02e-02        0.01
   5      -126.628190613     -6.79e-03      2.77e-03        0.01
   6      -126.628313279     -1.23e-04      1.17e-03        0.01
   7      -126.628368380     -5.51e-05      3.86e-04        0.01
   8      -126.628371259     -2.88e-06      2.51e-04        0.01
   9      -126.628371717     -4.57e-07      8.12e-05        0.01
  10      -126.628371784     -6.74e-08      2.88e-05        0.01
  11      -126.628371795     -1.12e-08      5.10e-06        0.01
  12      -126.628371796     -2.52e-10      1.38e-06        0.01

 SCF converged in 11 iterations.

 Entropy contribution (-ST):             0.000000000
 Dipole moment (in Debye):              -4.765052       2.219830      -0.753493

Chlorophyll parameters
 D_scl:                                  0.636
 Mg_p:                                   0.902
 Mg_s:                                   1.053
 Mgp_Np:                                 1.402
 Mgp_Ns:                                 1.067
 Mgs_Np:                                 1.023
 Mgs_Ns:                                 1.468
 N_p:                                    1.044
 N_s:                                    1.281
 a_x:                                    0.067
 k_p:                                    2.694
 k_s:                                    1.462
 y_J:                                    4.012
 y_K:                                    2.147

 ----------------
  Excitation 0 1 
 ----------------
 Setting up Delta-SCF
 Ground-Excited state overlap:           0.000000000
 No correction applied to the TDM.
 Excitation energy:                      0.066391925
 Excitation energy (in eV):              1.806616304
 Transition dipole:                      2.63678      -0.37341       0.42892
 XTB basis setup:                        reference basis
 Implicit solvation model:               none
 Number of basis functions:            244
 GFN version:                            chlorophyll
 Integral screening threshold:           1.00e-10
 Total charge:                           0.000000000
 Number of electrons:                  218.000000000
 Electronic temperature (Kelvin):        0.000000000

 D3BJ energy:                           -0.061195331
 Repulsive energy:                       1.491995060

 ****************************************************
  Running robust self-consistent charge (SCC) solver 
 ****************************************************
 Number of SCC trials:                   4
 Using the stop-early mechanism for the first 3 trials

 Conv. threshold (charge):               1.00e-05
 Conv. threshold (energy):               1.00e-06
 Initial guess:                          SAD

 -------------
  SCC Trial 1 
 -------------
 Broyden mixing factor:                  0.400000000
 Max number of iterations:             128

 ---------------------------------------------------------------
                  energy        change          grad        time
 ---------------------------------------------------------------
   0      -125.907099265                    6.46e-01        0.01
   1      -126.581950373     -6.75e-01      3.69e-01        0.01
   2      -126.527787125      5.42e-02      1.01e-01        0.01
   3      -126.484260651      4.35e-02      4.21e-02        0.01
   4      -126.597951554     -1.14e-01      8.04e-03        0.01
   5      -126.601763199     -3.81e-03      2.13e-03        0.01
   6      -126.601942991     -1.80e-04      8.85e-04        0.01
   7      -126.601986300     -4.33e-05      2.71e-04        0.01
   8      -126.601988027     -1.73e-06      1.36e-04        0.01
   9      -126.601988114     -8.64e-08      5.90e-05        0.01
  10      -126.601988146     -3.21e-08      1.95e-05        0.01
  11      -126.601988151     -5.27e-09      4.49e-06        0.01
  12      -126.601988151     -1.73e-10      1.02e-06        0.01

 SCF converged in 11 iterations.

 Entropy contribution (-ST):             0.000000000
 Dipole moment (in Debye):              -1.700809       2.493317       0.687284

Chlorophyll parameters
 D_scl:                                  0.636
 Mg_p:                                   0.902
 Mg_s:                                   1.053
 Mgp_Np:                                 1.402
 Mgp_Ns:                                 1.067
 Mgs_Np:                                 1.023
 Mgs_Ns:                                 1.468
 N_p:                                    1.044
 N_s:                                    1.281
 a_x:                                    0.067
 k_p:                                    2.694
 k_s:                                    1.462
 y_J:                                    4.012
 y_K:                                    2.147

 ----------------
  Excitation 0 1 
 ----------------
 Setting up Delta-SCF
 Ground-Excited state overlap:           0.000000000
 No correction applied to the TDM.
 Excitation energy:                      0.066117392
 Excitation energy (in eV):              1.799145903
 Transition dipole:                      2.40242      -1.26993      -0.39841

 ******************
  Exciton analysis 
 ******************

 eigenvalues
 -----------
 state 0:                             -253.2304 hr
 state 1:                             -253.1642 hr
 state 2:                             -253.1640 hr

 coupling energies
 -----------------
 states 1, 2:                            0.5494 cm^-1

 distances
 ---------
 chromophore 1, 2:                      98.1490 au

 charge centers
                         X                   Y                   Z
 1            49.009940460         0.415958383        56.902927254
 2            31.333280818        96.650662513        49.180295623
 Saving results in set 'trunc_bchla_7_bchla_21_frame_10001'

 --------------------------------------------------------------------------------

 End time:                               Thu Sep  9 11:49:30 2021
 Total wall-clock time:                  0.444 seconds
==================================================================================
