
================================================================================
          _____________ ________ _______________ ________     _________         
         / ___________// ______ \\_____   _____// ______ \   / ________)        
        / /_________  / /      \ \     | |     / /      \ \ | (_______          
       |  __________|| |        | |    | |    | |        | | \________ \        
        \ \_________ | |        | |    | |     \ \______/ /___________) |       
         \__________||_|        |_|    |_|      \________//____________/        
                                                                                
====================================[ Qcore ]===================================

 Git hash:   0385c69a4f85ff35f953e853350ecec6fa7ab330
 Git date:   Wed, 8 Sep 2021 10:09:58 +0100
 Compiler:   AppleClang 10.0.1.10010046
 Build type: Release
 Version:    2.1.1

 Start time: Thu Sep  9 11:20:05 2021

 Data directory: /Users/of15641/qcore/cmake-build-release/share/entos/2.1.1/data
 Number of threads: 2
 Number of threads was determined by: number of physical cores

 --------------------------------------------------------------------------------
                                command: excitons                                
 --------------------------------------------------------------------------------
 XTB basis setup:                        reference basis
 Implicit solvation model:               none
 Number of basis functions:            244
 GFN version:                            chlorophyll
 Integral screening threshold:           1.00e-10
 Total charge:                           0.000000000
 Number of electrons:                  218.000000000
 Electronic temperature (Kelvin):        0.000000000

 D3BJ energy:                           -0.061774339
 Repulsive energy:                       1.483963502

 ****************************************************
  Running robust self-consistent charge (SCC) solver 
 ****************************************************
 Number of SCC trials:                   4
 Using the stop-early mechanism for the first 3 trials

 Conv. threshold (charge):               1.00e-05
 Conv. threshold (energy):               1.00e-06
 Initial guess:                          SAD

 -------------
  SCC Trial 1 
 -------------
 Broyden mixing factor:                  0.400000000
 Max number of iterations:             128

 ---------------------------------------------------------------
                  energy        change          grad        time
 ---------------------------------------------------------------
   0      -125.861725118                    6.47e-01        0.01
   1      -126.573137380     -7.11e-01      3.69e-01        0.01
   2      -126.515940558      5.72e-02      1.02e-01        0.01
   3      -126.467979430      4.80e-02      3.96e-02        0.00
   4      -126.588117980     -1.20e-01      1.07e-02        0.00
   5      -126.593775096     -5.66e-03      3.17e-03        0.00
   6      -126.593936274     -1.61e-04      1.47e-03        0.00
   7      -126.594017180     -8.09e-05      3.74e-04        0.00
   8      -126.594019777     -2.60e-06      2.40e-04        0.00
   9      -126.594020164     -3.87e-07      8.46e-05        0.01
  10      -126.594020218     -5.43e-08      1.97e-05        0.01
  11      -126.594020223     -4.81e-09      5.48e-06        0.01
  12      -126.594020223     -3.71e-10      1.18e-06        0.00

 SCF converged in 11 iterations.

 Entropy contribution (-ST):             0.000000000
 Dipole moment (in Debye):              -3.576986       0.812531       0.824291

Chlorophyll parameters
 D_scl:                                  0.636
 Mg_p:                                   0.902
 Mg_s:                                   1.053
 Mgp_Np:                                 1.402
 Mgp_Ns:                                 1.067
 Mgs_Np:                                 1.023
 Mgs_Ns:                                 1.468
 N_p:                                    1.044
 N_s:                                    1.281
 a_x:                                    0.067
 k_p:                                    2.694
 k_s:                                    1.462
 y_J:                                    4.012
 y_K:                                    2.147

 ----------------
  Excitation 0 1 
 ----------------
 Setting up Delta-SCF
 Ground-Excited state overlap:           0.000000000
 No correction applied to the TDM.
 Excitation energy:                      0.066022233
 Excitation energy (in eV):              1.796556471
 Transition dipole:                      2.49863       1.10189      -0.38397
 XTB basis setup:                        reference basis
 Implicit solvation model:               none
 Number of basis functions:            244
 GFN version:                            chlorophyll
 Integral screening threshold:           1.00e-10
 Total charge:                           0.000000000
 Number of electrons:                  218.000000000
 Electronic temperature (Kelvin):        0.000000000

 D3BJ energy:                           -0.062013626
 Repulsive energy:                       1.489586460

 ****************************************************
  Running robust self-consistent charge (SCC) solver 
 ****************************************************
 Number of SCC trials:                   4
 Using the stop-early mechanism for the first 3 trials

 Conv. threshold (charge):               1.00e-05
 Conv. threshold (energy):               1.00e-06
 Initial guess:                          SAD

 -------------
  SCC Trial 1 
 -------------
 Broyden mixing factor:                  0.400000000
 Max number of iterations:             128

 ---------------------------------------------------------------
                  energy        change          grad        time
 ---------------------------------------------------------------
   0      -125.895883638                    6.46e-01        0.01
   1      -126.575704800     -6.80e-01      3.69e-01        0.01
   2      -126.549900901      2.58e-02      9.77e-02        0.01
   3      -126.549098627      8.02e-04      2.52e-02        0.01
   4      -126.587268298     -3.82e-02      8.36e-03        0.01
   5      -126.591821002     -4.55e-03      2.64e-03        0.01
   6      -126.592220279     -3.99e-04      9.27e-04        0.01
   7      -126.592261810     -4.15e-05      2.49e-04        0.01
   8      -126.592263848     -2.04e-06      8.78e-05        0.01
   9      -126.592263897     -4.94e-08      4.00e-05        0.01
  10      -126.592263907     -1.01e-08      1.51e-05        0.01
  11      -126.592263909     -1.54e-09      4.38e-06        0.01
  12      -126.592263909     -2.64e-10      1.22e-06        0.01

 SCF converged in 11 iterations.

 Entropy contribution (-ST):             0.000000000
 Dipole moment (in Debye):               3.243735       0.837699      -0.367375

Chlorophyll parameters
 D_scl:                                  0.636
 Mg_p:                                   0.902
 Mg_s:                                   1.053
 Mgp_Np:                                 1.402
 Mgp_Ns:                                 1.067
 Mgs_Np:                                 1.023
 Mgs_Ns:                                 1.468
 N_p:                                    1.044
 N_s:                                    1.281
 a_x:                                    0.067
 k_p:                                    2.694
 k_s:                                    1.462
 y_J:                                    4.012
 y_K:                                    2.147

 ----------------
  Excitation 0 1 
 ----------------
 Setting up Delta-SCF
 Ground-Excited state overlap:           0.000000000
 No correction applied to the TDM.
 Excitation energy:                      0.064159620
 Excitation energy (in eV):              1.745872213
 Transition dipole:                     -2.75995      -0.23723      -0.18464

 ******************
  Exciton analysis 
 ******************

 eigenvalues
 -----------
 state 0:                             -253.1863 hr
 state 1:                             -253.1221 hr
 state 2:                             -253.1203 hr

 coupling energies
 -----------------
 states 1, 2:                           -0.9540 cm^-1

 distances
 ---------
 chromophore 1, 2:                      98.1314 au

 charge centers
                         X                   Y                   Z
 1            79.680784023        16.075956967        58.234226731
 2            17.027456753        90.814941454        47.351874304
 Saving results in set 'trunc_bchla_10_bchla_22_frame_40001'

 --------------------------------------------------------------------------------

 End time:                               Thu Sep  9 11:20:05 2021
 Total wall-clock time:                  0.419 seconds
==================================================================================
