
================================================================================
          _____________ ________ _______________ ________     _________         
         / ___________// ______ \\_____   _____// ______ \   / ________)        
        / /_________  / /      \ \     | |     / /      \ \ | (_______          
       |  __________|| |        | |    | |    | |        | | \________ \        
        \ \_________ | |        | |    | |     \ \______/ /___________) |       
         \__________||_|        |_|    |_|      \________//____________/        
                                                                                
====================================[ Qcore ]===================================

 Git hash:   0385c69a4f85ff35f953e853350ecec6fa7ab330
 Git date:   Wed, 8 Sep 2021 10:09:58 +0100
 Compiler:   AppleClang 10.0.1.10010046
 Build type: Release
 Version:    2.1.1

 Start time: Fri Sep 10 11:51:32 2021

 Data directory: /Users/of15641/qcore/cmake-build-release/share/entos/2.1.1/data
 Number of threads: 2
 Number of threads was determined by: number of physical cores

 --------------------------------------------------------------------------------
                                command: excitons                                
 --------------------------------------------------------------------------------
 XTB basis setup:                        reference basis
 Implicit solvation model:               none
 Number of basis functions:            244
 GFN version:                            chlorophyll
 Integral screening threshold:           1.00e-10
 Total charge:                           0.000000000
 Number of electrons:                  218.000000000
 Electronic temperature (Kelvin):        0.000000000

 D3BJ energy:                           -0.061522679
 Repulsive energy:                       1.494547645

 ****************************************************
  Running robust self-consistent charge (SCC) solver 
 ****************************************************
 Number of SCC trials:                   4
 Using the stop-early mechanism for the first 3 trials

 Conv. threshold (charge):               1.00e-05
 Conv. threshold (energy):               1.00e-06
 Initial guess:                          SAD

 -------------
  SCC Trial 1 
 -------------
 Broyden mixing factor:                  0.400000000
 Max number of iterations:             128

 ---------------------------------------------------------------
                  energy        change          grad        time
 ---------------------------------------------------------------
   0      -125.894325787                    6.46e-01        0.01
   1      -126.581107206     -6.87e-01      3.69e-01        0.00
   2      -126.558330128      2.28e-02      9.72e-02        0.00
   3      -126.554689684      3.64e-03      2.75e-02        0.00
   4      -126.593120048     -3.84e-02      7.34e-03        0.00
   5      -126.596725254     -3.61e-03      2.07e-03        0.00
   6      -126.596988717     -2.63e-04      9.03e-04        0.00
   7      -126.597036761     -4.80e-05      2.06e-04        0.00
   8      -126.597038274     -1.51e-06      8.50e-05        0.00
   9      -126.597038385     -1.11e-07      3.30e-05        0.00
  10      -126.597038396     -1.11e-08      1.32e-05        0.00
  11      -126.597038399     -2.48e-09      3.72e-06        0.00
  12      -126.597038399     -9.02e-11      1.28e-06        0.01

 SCF converged in 11 iterations.

 Entropy contribution (-ST):             0.000000000
 Dipole moment (in Debye):              -4.653657       0.197430       0.569375

Chlorophyll parameters
 D_scl:                                  0.636
 Mg_p:                                   0.902
 Mg_s:                                   1.053
 Mgp_Np:                                 1.402
 Mgp_Ns:                                 1.067
 Mgs_Np:                                 1.023
 Mgs_Ns:                                 1.468
 N_p:                                    1.044
 N_s:                                    1.281
 a_x:                                    0.067
 k_p:                                    2.694
 k_s:                                    1.462
 y_J:                                    4.012
 y_K:                                    2.147

 ----------------
  Excitation 0 1 
 ----------------
 Setting up Delta-SCF
 Ground-Excited state overlap:           0.000000000
 No correction applied to the TDM.
 Excitation energy:                      0.065215666
 Excitation energy (in eV):              1.774608688
 Transition dipole:                      2.47986       1.09259      -0.26090
 XTB basis setup:                        reference basis
 Implicit solvation model:               none
 Number of basis functions:            244
 GFN version:                            chlorophyll
 Integral screening threshold:           1.00e-10
 Total charge:                           0.000000000
 Number of electrons:                  218.000000000
 Electronic temperature (Kelvin):        0.000000000

 D3BJ energy:                           -0.063555079
 Repulsive energy:                       1.556982553

 ****************************************************
  Running robust self-consistent charge (SCC) solver 
 ****************************************************
 Number of SCC trials:                   4
 Using the stop-early mechanism for the first 3 trials

 Conv. threshold (charge):               1.00e-05
 Conv. threshold (energy):               1.00e-06
 Initial guess:                          SAD

 -------------
  SCC Trial 1 
 -------------
 Broyden mixing factor:                  0.400000000
 Max number of iterations:             128

 ---------------------------------------------------------------
                  energy        change          grad        time
 ---------------------------------------------------------------
   0      -125.918897924                    6.48e-01        0.01
   1      -126.588209920     -6.69e-01      3.70e-01        0.01
   2      -126.562787693      2.54e-02      9.32e-02        0.01
   3      -126.529572194      3.32e-02      3.16e-02        0.01
   4      -126.596467636     -6.69e-02      8.54e-03        0.01
   5      -126.600852465     -4.38e-03      1.86e-03        0.01
   6      -126.600903016     -5.06e-05      8.62e-04        0.01
   7      -126.600934813     -3.18e-05      2.64e-04        0.01
   8      -126.600936922     -2.11e-06      1.61e-04        0.01
   9      -126.600937474     -5.52e-07      6.39e-05        0.01
  10      -126.600937490     -1.63e-08      2.36e-05        0.01
  11      -126.600937495     -4.76e-09      4.80e-06        0.01
  12      -126.600937495     -3.54e-10      1.49e-06        0.01

 SCF converged in 11 iterations.

 Entropy contribution (-ST):             0.000000000
 Dipole moment (in Debye):               0.552339      -0.709553       3.044649

Chlorophyll parameters
 D_scl:                                  0.636
 Mg_p:                                   0.902
 Mg_s:                                   1.053
 Mgp_Np:                                 1.402
 Mgp_Ns:                                 1.067
 Mgs_Np:                                 1.023
 Mgs_Ns:                                 1.468
 N_p:                                    1.044
 N_s:                                    1.281
 a_x:                                    0.067
 k_p:                                    2.694
 k_s:                                    1.462
 y_J:                                    4.012
 y_K:                                    2.147

 ----------------
  Excitation 0 1 
 ----------------
 Setting up Delta-SCF
 Ground-Excited state overlap:          -0.000000000
 No correction applied to the TDM.
 Excitation energy:                      0.065894420
 Excitation energy (in eV):              1.793078504
 Transition dipole:                      0.34322       2.66981       0.44312

 ******************
  Exciton analysis 
 ******************

 eigenvalues
 -----------
 state 0:                             -253.1979 hr
 state 1:                             -253.1327 hr
 state 2:                             -253.1320 hr

 coupling energies
 -----------------
 states 1, 2:                          -17.2698 cm^-1

 distances
 ---------
 chromophore 1, 2:                      44.7827 au

 charge centers
                         X                   Y                   Z
 1            77.729791572        17.877722816        57.629908039
 2           101.916246110        47.333159936        81.143356872
 Saving results in set 'trunc_bchla_10_bchla_11_frame_28101'

 --------------------------------------------------------------------------------

 End time:                               Fri Sep 10 11:51:32 2021
 Total wall-clock time:                  0.430 seconds
==================================================================================
