
================================================================================
          _____________ ________ _______________ ________     _________         
         / ___________// ______ \\_____   _____// ______ \   / ________)        
        / /_________  / /      \ \     | |     / /      \ \ | (_______          
       |  __________|| |        | |    | |    | |        | | \________ \        
        \ \_________ | |        | |    | |     \ \______/ /___________) |       
         \__________||_|        |_|    |_|      \________//____________/        
                                                                                
====================================[ Qcore ]===================================

 Git hash:   0385c69a4f85ff35f953e853350ecec6fa7ab330
 Git date:   Wed, 8 Sep 2021 10:09:58 +0100
 Compiler:   AppleClang 10.0.1.10010046
 Build type: Release
 Version:    2.1.1

 Start time: Thu Sep  9 11:46:05 2021

 Data directory: /Users/of15641/qcore/cmake-build-release/share/entos/2.1.1/data
 Number of threads: 2
 Number of threads was determined by: number of physical cores

 --------------------------------------------------------------------------------
                                command: excitons                                
 --------------------------------------------------------------------------------
 XTB basis setup:                        reference basis
 Implicit solvation model:               none
 Number of basis functions:            244
 GFN version:                            chlorophyll
 Integral screening threshold:           1.00e-10
 Total charge:                           0.000000000
 Number of electrons:                  218.000000000
 Electronic temperature (Kelvin):        0.000000000

 D3BJ energy:                           -0.062384699
 Repulsive energy:                       1.555918211

 ****************************************************
  Running robust self-consistent charge (SCC) solver 
 ****************************************************
 Number of SCC trials:                   4
 Using the stop-early mechanism for the first 3 trials

 Conv. threshold (charge):               1.00e-05
 Conv. threshold (energy):               1.00e-06
 Initial guess:                          SAD

 -------------
  SCC Trial 1 
 -------------
 Broyden mixing factor:                  0.400000000
 Max number of iterations:             128

 ---------------------------------------------------------------
                  energy        change          grad        time
 ---------------------------------------------------------------
   0      -125.917936654                    6.48e-01        0.01
   1      -126.588868696     -6.71e-01      3.70e-01        0.01
   2      -126.565610690      2.33e-02      9.54e-02        0.00
   3      -126.554534479      1.11e-02      2.70e-02        0.00
   4      -126.597913896     -4.34e-02      9.13e-03        0.00
   5      -126.603622211     -5.71e-03      1.72e-03        0.01
   6      -126.603698492     -7.63e-05      6.07e-04        0.00
   7      -126.603708073     -9.58e-06      2.03e-04        0.00
   8      -126.603709335     -1.26e-06      1.11e-04        0.01
   9      -126.603709607     -2.72e-07      4.63e-05        0.01
  10      -126.603709616     -9.23e-09      1.82e-05        0.00
  11      -126.603709621     -4.83e-09      4.30e-06        0.01
  12      -126.603709621     -2.94e-10      1.16e-06        0.00

 SCF converged in 11 iterations.

 Entropy contribution (-ST):             0.000000000
 Dipole moment (in Debye):              -0.551257      -1.717570       3.161780

Chlorophyll parameters
 D_scl:                                  0.636
 Mg_p:                                   0.902
 Mg_s:                                   1.053
 Mgp_Np:                                 1.402
 Mgp_Ns:                                 1.067
 Mgs_Np:                                 1.023
 Mgs_Ns:                                 1.468
 N_p:                                    1.044
 N_s:                                    1.281
 a_x:                                    0.067
 k_p:                                    2.694
 k_s:                                    1.462
 y_J:                                    4.012
 y_K:                                    2.147

 ----------------
  Excitation 0 1 
 ----------------
 Setting up Delta-SCF
 Ground-Excited state overlap:          -0.000000000
 No correction applied to the TDM.
 Excitation energy:                      0.068484085
 Excitation energy (in eV):              1.863546888
 Transition dipole:                      2.52855       0.66070       0.69200
 XTB basis setup:                        reference basis
 Implicit solvation model:               none
 Number of basis functions:            244
 GFN version:                            chlorophyll
 Integral screening threshold:           1.00e-10
 Total charge:                           0.000000000
 Number of electrons:                  218.000000000
 Electronic temperature (Kelvin):        0.000000000

 D3BJ energy:                           -0.061280574
 Repulsive energy:                       1.533720349

 ****************************************************
  Running robust self-consistent charge (SCC) solver 
 ****************************************************
 Number of SCC trials:                   4
 Using the stop-early mechanism for the first 3 trials

 Conv. threshold (charge):               1.00e-05
 Conv. threshold (energy):               1.00e-06
 Initial guess:                          SAD

 -------------
  SCC Trial 1 
 -------------
 Broyden mixing factor:                  0.400000000
 Max number of iterations:             128

 ---------------------------------------------------------------
                  energy        change          grad        time
 ---------------------------------------------------------------
   0      -125.936351093                    6.47e-01        0.01
   1      -126.580094340     -6.44e-01      3.69e-01        0.01
   2      -126.505087124      7.50e-02      9.90e-02        0.01
   3      -126.451321143      5.38e-02      4.59e-02        0.01
   4      -126.597189742     -1.46e-01      1.00e-02        0.01
   5      -126.603281985     -6.09e-03      2.84e-03        0.01
   6      -126.603395505     -1.14e-04      1.44e-03        0.01
   7      -126.603489171     -9.37e-05      3.75e-04        0.01
   8      -126.603490125     -9.53e-07      2.44e-04        0.01
   9      -126.603490714     -5.90e-07      8.48e-05        0.01
  10      -126.603490870     -1.56e-07      2.29e-05        0.01
  11      -126.603490876     -5.28e-09      5.20e-06        0.01
  12      -126.603490876     -6.07e-10      1.80e-06        0.01

 SCF converged in 11 iterations.

 Entropy contribution (-ST):             0.000000000
 Dipole moment (in Debye):              -4.307054      -0.690417       1.163791

Chlorophyll parameters
 D_scl:                                  0.636
 Mg_p:                                   0.902
 Mg_s:                                   1.053
 Mgp_Np:                                 1.402
 Mgp_Ns:                                 1.067
 Mgs_Np:                                 1.023
 Mgs_Ns:                                 1.468
 N_p:                                    1.044
 N_s:                                    1.281
 a_x:                                    0.067
 k_p:                                    2.694
 k_s:                                    1.462
 y_J:                                    4.012
 y_K:                                    2.147

 ----------------
  Excitation 0 1 
 ----------------
 Setting up Delta-SCF
 Ground-Excited state overlap:           0.000000000
 No correction applied to the TDM.
 Excitation energy:                      0.065303330
 Excitation energy (in eV):              1.776994143
 Transition dipole:                     -1.98145      -1.84859       0.22996

 ******************
  Exciton analysis 
 ******************

 eigenvalues
 -----------
 state 0:                             -253.2072 hr
 state 1:                             -253.1419 hr
 state 2:                             -253.1387 hr

 coupling energies
 -----------------
 states 1, 2:                           -1.8717 cm^-1

 distances
 ---------
 chromophore 1, 2:                      87.7037 au

 charge centers
                         X                   Y                   Z
 1            47.252216615        -8.600784389        85.836151772
 2            -9.674957247        48.655779162        51.588275028
 Saving results in set 'trunc_bchla_5_bchla_27_frame_15001'

 --------------------------------------------------------------------------------

 End time:                               Thu Sep  9 11:46:06 2021
 Total wall-clock time:                  0.446 seconds
==================================================================================
