
================================================================================
          _____________ ________ _______________ ________     _________         
         / ___________// ______ \\_____   _____// ______ \   / ________)        
        / /_________  / /      \ \     | |     / /      \ \ | (_______          
       |  __________|| |        | |    | |    | |        | | \________ \        
        \ \_________ | |        | |    | |     \ \______/ /___________) |       
         \__________||_|        |_|    |_|      \________//____________/        
                                                                                
====================================[ Qcore ]===================================

 Git hash:   0385c69a4f85ff35f953e853350ecec6fa7ab330
 Git date:   Wed, 8 Sep 2021 10:09:58 +0100
 Compiler:   AppleClang 10.0.1.10010046
 Build type: Release
 Version:    2.1.1

 Start time: Fri Sep 10 12:08:01 2021

 Data directory: /Users/of15641/qcore/cmake-build-release/share/entos/2.1.1/data
 Number of threads: 2
 Number of threads was determined by: number of physical cores

 --------------------------------------------------------------------------------
                                command: excitons                                
 --------------------------------------------------------------------------------
 XTB basis setup:                        reference basis
 Implicit solvation model:               none
 Number of basis functions:            244
 GFN version:                            chlorophyll
 Integral screening threshold:           1.00e-10
 Total charge:                           0.000000000
 Number of electrons:                  218.000000000
 Electronic temperature (Kelvin):        0.000000000

 D3BJ energy:                           -0.061553410
 Repulsive energy:                       1.508764057

 ****************************************************
  Running robust self-consistent charge (SCC) solver 
 ****************************************************
 Number of SCC trials:                   4
 Using the stop-early mechanism for the first 3 trials

 Conv. threshold (charge):               1.00e-05
 Conv. threshold (energy):               1.00e-06
 Initial guess:                          SAD

 -------------
  SCC Trial 1 
 -------------
 Broyden mixing factor:                  0.400000000
 Max number of iterations:             128

 ---------------------------------------------------------------
                  energy        change          grad        time
 ---------------------------------------------------------------
   0      -125.959381174                    6.47e-01        0.01
   1      -126.630781691     -6.71e-01      3.69e-01        0.01
   2      -126.613970159      1.68e-02      9.67e-02        0.01
   3      -126.622127239     -8.16e-03      2.22e-02        0.01
   4      -126.644104819     -2.20e-02      4.34e-03        0.01
   5      -126.645150629     -1.05e-03      1.34e-03        0.01
   6      -126.645218537     -6.79e-05      3.42e-04        0.01
   7      -126.645221221     -2.68e-06      1.47e-04        0.01
   8      -126.645222093     -8.72e-07      6.39e-05        0.01
   9      -126.645222326     -2.33e-07      3.26e-05        0.02
  10      -126.645222358     -3.22e-08      1.02e-05        0.01
  11      -126.645222359     -7.02e-10      3.14e-06        0.01
  12      -126.645222359     -1.09e-10      8.91e-07        0.01

 SCF converged in 11 iterations.

 Entropy contribution (-ST):             0.000000000
 Dipole moment (in Debye):              -3.966234      -0.606743       0.236886

Chlorophyll parameters
 D_scl:                                  0.636
 Mg_p:                                   0.902
 Mg_s:                                   1.053
 Mgp_Np:                                 1.402
 Mgp_Ns:                                 1.067
 Mgs_Np:                                 1.023
 Mgs_Ns:                                 1.468
 N_p:                                    1.044
 N_s:                                    1.281
 a_x:                                    0.067
 k_p:                                    2.694
 k_s:                                    1.462
 y_J:                                    4.012
 y_K:                                    2.147

 ----------------
  Excitation 0 1 
 ----------------
 Setting up Delta-SCF
 Ground-Excited state overlap:           0.000000000
 No correction applied to the TDM.
 Excitation energy:                      0.068338330
 Excitation energy (in eV):              1.859580693
 Transition dipole:                      2.18906       1.71977       0.20793
 XTB basis setup:                        reference basis
 Implicit solvation model:               none
 Number of basis functions:            244
 GFN version:                            chlorophyll
 Integral screening threshold:           1.00e-10
 Total charge:                           0.000000000
 Number of electrons:                  218.000000000
 Electronic temperature (Kelvin):        0.000000000

 D3BJ energy:                           -0.062418681
 Repulsive energy:                       1.561390523

 ****************************************************
  Running robust self-consistent charge (SCC) solver 
 ****************************************************
 Number of SCC trials:                   4
 Using the stop-early mechanism for the first 3 trials

 Conv. threshold (charge):               1.00e-05
 Conv. threshold (energy):               1.00e-06
 Initial guess:                          SAD

 -------------
  SCC Trial 1 
 -------------
 Broyden mixing factor:                  0.400000000
 Max number of iterations:             128

 ---------------------------------------------------------------
                  energy        change          grad        time
 ---------------------------------------------------------------
   0      -125.968681570                    6.48e-01        0.01
   1      -126.641063611     -6.72e-01      3.70e-01        0.01
   2      -126.617703326      2.34e-02      9.62e-02        0.01
   3      -126.622196379     -4.49e-03      2.53e-02        0.01
   4      -126.655364272     -3.32e-02      4.97e-03        0.02
   5      -126.656597460     -1.23e-03      2.02e-03        0.01
   6      -126.656845652     -2.48e-04      9.06e-04        0.01
   7      -126.656898246     -5.26e-05      1.69e-04        0.01
   8      -126.656899076     -8.30e-07      6.13e-05        0.01
   9      -126.656899129     -5.33e-08      2.74e-05        0.01
  10      -126.656899137     -7.70e-09      9.28e-06        0.01
  11      -126.656899138     -6.95e-10      2.16e-06        0.01

 SCF converged in 10 iterations.

 Entropy contribution (-ST):             0.000000000
 Dipole moment (in Debye):               0.914974       3.373087      -0.918144

Chlorophyll parameters
 D_scl:                                  0.636
 Mg_p:                                   0.902
 Mg_s:                                   1.053
 Mgp_Np:                                 1.402
 Mgp_Ns:                                 1.067
 Mgs_Np:                                 1.023
 Mgs_Ns:                                 1.468
 N_p:                                    1.044
 N_s:                                    1.281
 a_x:                                    0.067
 k_p:                                    2.694
 k_s:                                    1.462
 y_J:                                    4.012
 y_K:                                    2.147

 ----------------
  Excitation 0 1 
 ----------------
 Setting up Delta-SCF
 Ground-Excited state overlap:          -0.000000000
 No correction applied to the TDM.
 Excitation energy:                      0.068508812
 Excitation energy (in eV):              1.864219751
 Transition dipole:                     -1.36419      -2.31529       0.24389

 ******************
  Exciton analysis 
 ******************

 eigenvalues
 -----------
 state 0:                             -253.3021 hr
 state 1:                             -253.2338 hr
 state 2:                             -253.2336 hr

 coupling energies
 -----------------
 states 1, 2:                           15.5988 cm^-1

 distances
 ---------
 chromophore 1, 2:                      50.7775 au

 charge centers
                         X                   Y                   Z
 1            77.324708734        15.253860314        56.396928941
 2            88.891968215        64.519355385        52.218195940
 Saving results in set 'trunc_bchla_10_bchla_15_frame_15601'

 --------------------------------------------------------------------------------

 End time:                               Fri Sep 10 12:08:02 2021
 Total wall-clock time:                  0.528 seconds
==================================================================================
