
================================================================================
          _____________ ________ _______________ ________     _________         
         / ___________// ______ \\_____   _____// ______ \   / ________)        
        / /_________  / /      \ \     | |     / /      \ \ | (_______          
       |  __________|| |        | |    | |    | |        | | \________ \        
        \ \_________ | |        | |    | |     \ \______/ /___________) |       
         \__________||_|        |_|    |_|      \________//____________/        
                                                                                
====================================[ Qcore ]===================================

 Git hash:   0385c69a4f85ff35f953e853350ecec6fa7ab330
 Git date:   Wed, 8 Sep 2021 10:09:58 +0100
 Compiler:   AppleClang 10.0.1.10010046
 Build type: Release
 Version:    2.1.1

 Start time: Thu Sep  9 11:46:52 2021

 Data directory: /Users/of15641/qcore/cmake-build-release/share/entos/2.1.1/data
 Number of threads: 2
 Number of threads was determined by: number of physical cores

 --------------------------------------------------------------------------------
                                command: excitons                                
 --------------------------------------------------------------------------------
 XTB basis setup:                        reference basis
 Implicit solvation model:               none
 Number of basis functions:            244
 GFN version:                            chlorophyll
 Integral screening threshold:           1.00e-10
 Total charge:                           0.000000000
 Number of electrons:                  218.000000000
 Electronic temperature (Kelvin):        0.000000000

 D3BJ energy:                           -0.061010635
 Repulsive energy:                       1.474512272

 ****************************************************
  Running robust self-consistent charge (SCC) solver 
 ****************************************************
 Number of SCC trials:                   4
 Using the stop-early mechanism for the first 3 trials

 Conv. threshold (charge):               1.00e-05
 Conv. threshold (energy):               1.00e-06
 Initial guess:                          SAD

 -------------
  SCC Trial 1 
 -------------
 Broyden mixing factor:                  0.400000000
 Max number of iterations:             128

 ---------------------------------------------------------------
                  energy        change          grad        time
 ---------------------------------------------------------------
   0      -125.875350352                    6.46e-01        0.01
   1      -126.573792273     -6.98e-01      3.68e-01        0.01
   2      -126.552352299      2.14e-02      9.90e-02        0.01
   3      -126.551108664      1.24e-03      2.48e-02        0.01
   4      -126.586708243     -3.56e-02      6.84e-03        0.01
   5      -126.589554273     -2.85e-03      2.59e-03        0.01
   6      -126.589963153     -4.09e-04      9.19e-04        0.01
   7      -126.590006063     -4.29e-05      2.11e-04        0.01
   8      -126.590007767     -1.70e-06      6.53e-05        0.01
   9      -126.590007794     -2.68e-08      3.35e-05        0.01
  10      -126.590007802     -8.30e-09      1.24e-05        0.01
  11      -126.590007803     -7.60e-10      3.28e-06        0.01
  12      -126.590007803     -1.17e-10      9.76e-07        0.01

 SCF converged in 11 iterations.

 Entropy contribution (-ST):             0.000000000
 Dipole moment (in Debye):              -0.513174      -3.686122       0.829873

Chlorophyll parameters
 D_scl:                                  0.636
 Mg_p:                                   0.902
 Mg_s:                                   1.053
 Mgp_Np:                                 1.402
 Mgp_Ns:                                 1.067
 Mgs_Np:                                 1.023
 Mgs_Ns:                                 1.468
 N_p:                                    1.044
 N_s:                                    1.281
 a_x:                                    0.067
 k_p:                                    2.694
 k_s:                                    1.462
 y_J:                                    4.012
 y_K:                                    2.147

 ----------------
  Excitation 0 1 
 ----------------
 Setting up Delta-SCF
 Ground-Excited state overlap:           0.000000000
 No correction applied to the TDM.
 Excitation energy:                      0.066775053
 Excitation energy (in eV):              1.817041753
 Transition dipole:                     -1.83673       2.10646       0.30913
 XTB basis setup:                        reference basis
 Implicit solvation model:               none
 Number of basis functions:            244
 GFN version:                            chlorophyll
 Integral screening threshold:           1.00e-10
 Total charge:                           0.000000000
 Number of electrons:                  218.000000000
 Electronic temperature (Kelvin):        0.000000000

 D3BJ energy:                           -0.061641084
 Repulsive energy:                       1.518924269

 ****************************************************
  Running robust self-consistent charge (SCC) solver 
 ****************************************************
 Number of SCC trials:                   4
 Using the stop-early mechanism for the first 3 trials

 Conv. threshold (charge):               1.00e-05
 Conv. threshold (energy):               1.00e-06
 Initial guess:                          SAD

 -------------
  SCC Trial 1 
 -------------
 Broyden mixing factor:                  0.400000000
 Max number of iterations:             128

 ---------------------------------------------------------------
                  energy        change          grad        time
 ---------------------------------------------------------------
   0      -125.932521593                    6.46e-01        0.01
   1      -126.608163338     -6.76e-01      3.69e-01        0.01
   2      -126.574301599      3.39e-02      9.81e-02        0.01
   3      -126.538542509      3.58e-02      3.57e-02        0.01
   4      -126.618183001     -7.96e-02      9.50e-03        0.01
   5      -126.624705233     -6.52e-03      2.13e-03        0.01
   6      -126.624792569     -8.73e-05      7.68e-04        0.01
   7      -126.624811550     -1.90e-05      3.04e-04        0.01
   8      -126.624814771     -3.22e-06      1.73e-04        0.01
   9      -126.624815169     -3.98e-07      6.81e-05        0.01
  10      -126.624815202     -3.34e-08      2.52e-05        0.01
  11      -126.624815209     -6.50e-09      5.24e-06        0.01
  12      -126.624815209     -1.84e-10      1.30e-06        0.01

 SCF converged in 11 iterations.

 Entropy contribution (-ST):             0.000000000
 Dipole moment (in Debye):              -4.121527      -3.378990      -0.062593

Chlorophyll parameters
 D_scl:                                  0.636
 Mg_p:                                   0.902
 Mg_s:                                   1.053
 Mgp_Np:                                 1.402
 Mgp_Ns:                                 1.067
 Mgs_Np:                                 1.023
 Mgs_Ns:                                 1.468
 N_p:                                    1.044
 N_s:                                    1.281
 a_x:                                    0.067
 k_p:                                    2.694
 k_s:                                    1.462
 y_J:                                    4.012
 y_K:                                    2.147

 ----------------
  Excitation 0 1 
 ----------------
 Setting up Delta-SCF
 Ground-Excited state overlap:           0.000000000
 No correction applied to the TDM.
 Excitation energy:                      0.066132535
 Excitation energy (in eV):              1.799557962
 Transition dipole:                      1.19320       2.37155      -0.40776

 ******************
  Exciton analysis 
 ******************

 eigenvalues
 -----------
 state 0:                             -253.2148 hr
 state 1:                             -253.1487 hr
 state 2:                             -253.1481 hr

 coupling energies
 -----------------
 states 1, 2:                            1.2593 cm^-1

 distances
 ---------
 chromophore 1, 2:                      78.0461 au

 charge centers
                         X                   Y                   Z
 1            32.027450735        -0.866390645        54.236395659
 2            91.412087687        49.708388710        56.852261991
 Saving results in set 'trunc_bchla_6_bchla_13_frame_35001'

 --------------------------------------------------------------------------------

 End time:                               Thu Sep  9 11:46:52 2021
 Total wall-clock time:                  0.474 seconds
==================================================================================
