
================================================================================
          _____________ ________ _______________ ________     _________         
         / ___________// ______ \\_____   _____// ______ \   / ________)        
        / /_________  / /      \ \     | |     / /      \ \ | (_______          
       |  __________|| |        | |    | |    | |        | | \________ \        
        \ \_________ | |        | |    | |     \ \______/ /___________) |       
         \__________||_|        |_|    |_|      \________//____________/        
                                                                                
====================================[ Qcore ]===================================

 Git hash:   0385c69a4f85ff35f953e853350ecec6fa7ab330
 Git date:   Wed, 8 Sep 2021 10:09:58 +0100
 Compiler:   AppleClang 10.0.1.10010046
 Build type: Release
 Version:    2.1.1

 Start time: Thu Sep  9 11:47:07 2021

 Data directory: /Users/of15641/qcore/cmake-build-release/share/entos/2.1.1/data
 Number of threads: 2
 Number of threads was determined by: number of physical cores

 --------------------------------------------------------------------------------
                                command: excitons                                
 --------------------------------------------------------------------------------
 XTB basis setup:                        reference basis
 Implicit solvation model:               none
 Number of basis functions:            244
 GFN version:                            chlorophyll
 Integral screening threshold:           1.00e-10
 Total charge:                           0.000000000
 Number of electrons:                  218.000000000
 Electronic temperature (Kelvin):        0.000000000

 D3BJ energy:                           -0.061455383
 Repulsive energy:                       1.502943549

 ****************************************************
  Running robust self-consistent charge (SCC) solver 
 ****************************************************
 Number of SCC trials:                   4
 Using the stop-early mechanism for the first 3 trials

 Conv. threshold (charge):               1.00e-05
 Conv. threshold (energy):               1.00e-06
 Initial guess:                          SAD

 -------------
  SCC Trial 1 
 -------------
 Broyden mixing factor:                  0.400000000
 Max number of iterations:             128

 ---------------------------------------------------------------
                  energy        change          grad        time
 ---------------------------------------------------------------
   0      -125.909680575                    6.47e-01        0.01
   1      -126.586431940     -6.77e-01      3.69e-01        0.01
   2      -126.509476720      7.70e-02      1.03e-01        0.01
   3      -126.469098860      4.04e-02      4.17e-02        0.00
   4      -126.606894751     -1.38e-01      9.30e-03        0.00
   5      -126.610530432     -3.64e-03      2.74e-03        0.00
   6      -126.610581762     -5.13e-05      1.35e-03        0.01
   7      -126.610666257     -8.45e-05      3.91e-04        0.00
   8      -126.610668360     -2.10e-06      2.30e-04        0.00
   9      -126.610668820     -4.60e-07      8.26e-05        0.00
  10      -126.610668846     -2.54e-08      1.91e-05        0.01
  11      -126.610668854     -8.48e-09      6.39e-06        0.00
  12      -126.610668855     -4.70e-10      1.43e-06        0.01

 SCF converged in 11 iterations.

 Entropy contribution (-ST):             0.000000000
 Dipole moment (in Debye):              -0.686696      -1.944779       0.707657

Chlorophyll parameters
 D_scl:                                  0.636
 Mg_p:                                   0.902
 Mg_s:                                   1.053
 Mgp_Np:                                 1.402
 Mgp_Ns:                                 1.067
 Mgs_Np:                                 1.023
 Mgs_Ns:                                 1.468
 N_p:                                    1.044
 N_s:                                    1.281
 a_x:                                    0.067
 k_p:                                    2.694
 k_s:                                    1.462
 y_J:                                    4.012
 y_K:                                    2.147

 ----------------
  Excitation 0 1 
 ----------------
 Setting up Delta-SCF
 Ground-Excited state overlap:          -0.000000000
 No correction applied to the TDM.
 Excitation energy:                      0.067166254
 Excitation energy (in eV):              1.827686871
 Transition dipole:                     -1.80141       1.99494      -0.26188
 XTB basis setup:                        reference basis
 Implicit solvation model:               none
 Number of basis functions:            244
 GFN version:                            chlorophyll
 Integral screening threshold:           1.00e-10
 Total charge:                           0.000000000
 Number of electrons:                  218.000000000
 Electronic temperature (Kelvin):        0.000000000

 D3BJ energy:                           -0.062937812
 Repulsive energy:                       1.548324021

 ****************************************************
  Running robust self-consistent charge (SCC) solver 
 ****************************************************
 Number of SCC trials:                   4
 Using the stop-early mechanism for the first 3 trials

 Conv. threshold (charge):               1.00e-05
 Conv. threshold (energy):               1.00e-06
 Initial guess:                          SAD

 -------------
  SCC Trial 1 
 -------------
 Broyden mixing factor:                  0.400000000
 Max number of iterations:             128

 ---------------------------------------------------------------
                  energy        change          grad        time
 ---------------------------------------------------------------
   0      -125.970033106                    6.48e-01        0.01
   1      -126.635071306     -6.65e-01      3.70e-01        0.01
   2      -126.607984494      2.71e-02      9.53e-02        0.01
   3      -126.588281505      1.97e-02      2.98e-02        0.01
   4      -126.645673697     -5.74e-02      8.77e-03        0.01
   5      -126.651306797     -5.63e-03      2.08e-03        0.01
   6      -126.651423267     -1.16e-04      7.70e-04        0.01
   7      -126.651442174     -1.89e-05      2.87e-04        0.01
   8      -126.651444914     -2.74e-06      1.47e-04        0.01
   9      -126.651445096     -1.81e-07      6.10e-05        0.01
  10      -126.651445133     -3.68e-08      2.13e-05        0.01
  11      -126.651445138     -5.69e-09      3.87e-06        0.01
  12      -126.651445138     -8.05e-11      8.71e-07        0.01

 SCF converged in 11 iterations.

 Entropy contribution (-ST):             0.000000000
 Dipole moment (in Debye):               1.057170      -3.164801       0.450974

Chlorophyll parameters
 D_scl:                                  0.636
 Mg_p:                                   0.902
 Mg_s:                                   1.053
 Mgp_Np:                                 1.402
 Mgp_Ns:                                 1.067
 Mgs_Np:                                 1.023
 Mgs_Ns:                                 1.468
 N_p:                                    1.044
 N_s:                                    1.281
 a_x:                                    0.067
 k_p:                                    2.694
 k_s:                                    1.462
 y_J:                                    4.012
 y_K:                                    2.147

 ----------------
  Excitation 0 1 
 ----------------
 Setting up Delta-SCF
 Ground-Excited state overlap:           0.000000000
 No correction applied to the TDM.
 Excitation energy:                      0.068125776
 Excitation energy (in eV):              1.853796792
 Transition dipole:                     -1.37141       2.35196       0.05998

 ******************
  Exciton analysis 
 ******************

 eigenvalues
 -----------
 state 0:                             -253.2621 hr
 state 1:                             -253.1949 hr
 state 2:                             -253.1940 hr

 coupling energies
 -----------------
 states 1, 2:                            0.9977 cm^-1

 distances
 ---------
 chromophore 1, 2:                      99.0510 au

 charge centers
                         X                   Y                   Z
 1            29.824367962        -2.214735605        53.917055670
 2            83.121781710        81.257391339        52.215814215
 Saving results in set 'trunc_bchla_6_bchla_16_frame_25001'

 --------------------------------------------------------------------------------

 End time:                               Thu Sep  9 11:47:08 2021
 Total wall-clock time:                  0.442 seconds
==================================================================================
