
================================================================================
          _____________ ________ _______________ ________     _________         
         / ___________// ______ \\_____   _____// ______ \   / ________)        
        / /_________  / /      \ \     | |     / /      \ \ | (_______          
       |  __________|| |        | |    | |    | |        | | \________ \        
        \ \_________ | |        | |    | |     \ \______/ /___________) |       
         \__________||_|        |_|    |_|      \________//____________/        
                                                                                
====================================[ Qcore ]===================================

 Git hash:   0385c69a4f85ff35f953e853350ecec6fa7ab330
 Git date:   Wed, 8 Sep 2021 10:09:58 +0100
 Compiler:   AppleClang 10.0.1.10010046
 Build type: Release
 Version:    2.1.1

 Start time: Thu Sep  9 11:53:35 2021

 Data directory: /Users/of15641/qcore/cmake-build-release/share/entos/2.1.1/data
 Number of threads: 2
 Number of threads was determined by: number of physical cores

 --------------------------------------------------------------------------------
                                command: excitons                                
 --------------------------------------------------------------------------------
 XTB basis setup:                        reference basis
 Implicit solvation model:               none
 Number of basis functions:            244
 GFN version:                            chlorophyll
 Integral screening threshold:           1.00e-10
 Total charge:                           0.000000000
 Number of electrons:                  218.000000000
 Electronic temperature (Kelvin):        0.000000000

 D3BJ energy:                           -0.062074353
 Repulsive energy:                       1.518302294

 ****************************************************
  Running robust self-consistent charge (SCC) solver 
 ****************************************************
 Number of SCC trials:                   4
 Using the stop-early mechanism for the first 3 trials

 Conv. threshold (charge):               1.00e-05
 Conv. threshold (energy):               1.00e-06
 Initial guess:                          SAD

 -------------
  SCC Trial 1 
 -------------
 Broyden mixing factor:                  0.400000000
 Max number of iterations:             128

 ---------------------------------------------------------------
                  energy        change          grad        time
 ---------------------------------------------------------------
   0      -125.914658970                    6.49e-01        0.01
   1      -126.591145050     -6.76e-01      3.70e-01        0.01
   2      -126.568688063      2.25e-02      9.60e-02        0.01
   3      -126.571646907     -2.96e-03      2.47e-02        0.01
   4      -126.605685411     -3.40e-02      5.31e-03        0.01
   5      -126.607112369     -1.43e-03      2.15e-03        0.01
   6      -126.607319808     -2.07e-04      1.25e-03        0.01
   7      -126.607424976     -1.05e-04      2.13e-04        0.01
   8      -126.607426586     -1.61e-06      6.45e-05        0.01
   9      -126.607426599     -1.31e-08      3.18e-05        0.01
  10      -126.607426603     -4.47e-09      8.62e-06        0.01
  11      -126.607426604     -7.03e-10      2.92e-06        0.01

 SCF converged in 10 iterations.

 Entropy contribution (-ST):             0.000000000
 Dipole moment (in Debye):               3.575891      -2.554856      -0.133808

Chlorophyll parameters
 D_scl:                                  0.636
 Mg_p:                                   0.902
 Mg_s:                                   1.053
 Mgp_Np:                                 1.402
 Mgp_Ns:                                 1.067
 Mgs_Np:                                 1.023
 Mgs_Ns:                                 1.468
 N_p:                                    1.044
 N_s:                                    1.281
 a_x:                                    0.067
 k_p:                                    2.694
 k_s:                                    1.462
 y_J:                                    4.012
 y_K:                                    2.147

 ----------------
  Excitation 0 1 
 ----------------
 Setting up Delta-SCF
 Ground-Excited state overlap:          -0.000000000
 No correction applied to the TDM.
 Excitation energy:                      0.065092948
 Excitation energy (in eV):              1.771269363
 Transition dipole:                     -2.71866       0.71794      -0.27632
 XTB basis setup:                        reference basis
 Implicit solvation model:               none
 Number of basis functions:            244
 GFN version:                            chlorophyll
 Integral screening threshold:           1.00e-10
 Total charge:                           0.000000000
 Number of electrons:                  218.000000000
 Electronic temperature (Kelvin):        0.000000000

 D3BJ energy:                           -0.061711365
 Repulsive energy:                       1.476110302

 ****************************************************
  Running robust self-consistent charge (SCC) solver 
 ****************************************************
 Number of SCC trials:                   4
 Using the stop-early mechanism for the first 3 trials

 Conv. threshold (charge):               1.00e-05
 Conv. threshold (energy):               1.00e-06
 Initial guess:                          SAD

 -------------
  SCC Trial 1 
 -------------
 Broyden mixing factor:                  0.400000000
 Max number of iterations:             128

 ---------------------------------------------------------------
                  energy        change          grad        time
 ---------------------------------------------------------------
   0      -125.855455713                    6.46e-01        0.01
   1      -126.554063896     -6.99e-01      3.68e-01        0.01
   2      -126.490441889      6.36e-02      1.02e-01        0.01
   3      -126.421662788      6.88e-02      4.44e-02        0.01
   4      -126.570914837     -1.49e-01      1.03e-02        0.01
   5      -126.575512412     -4.60e-03      2.80e-03        0.01
   6      -126.575573560     -6.11e-05      1.04e-03        0.01
   7      -126.575617407     -4.38e-05      4.17e-04        0.01
   8      -126.575617561     -1.55e-07      2.04e-04        0.01
   9      -126.575617989     -4.28e-07      7.76e-05        0.01
  10      -126.575618062     -7.28e-08      2.02e-05        0.01
  11      -126.575618074     -1.21e-08      5.49e-06        0.01
  12      -126.575618075     -1.18e-09      1.77e-06        0.01

 SCF converged in 11 iterations.

 Entropy contribution (-ST):             0.000000000
 Dipole moment (in Debye):              -1.433328      -0.889108       0.537232

Chlorophyll parameters
 D_scl:                                  0.636
 Mg_p:                                   0.902
 Mg_s:                                   1.053
 Mgp_Np:                                 1.402
 Mgp_Ns:                                 1.067
 Mgs_Np:                                 1.023
 Mgs_Ns:                                 1.468
 N_p:                                    1.044
 N_s:                                    1.281
 a_x:                                    0.067
 k_p:                                    2.694
 k_s:                                    1.462
 y_J:                                    4.012
 y_K:                                    2.147

 ----------------
  Excitation 0 1 
 ----------------
 Setting up Delta-SCF
 Ground-Excited state overlap:           0.000000000
 No correction applied to the TDM.
 Excitation energy:                      0.066596353
 Excitation energy (in eV):              1.812179086
 Transition dipole:                      0.99611      -2.37614       0.84514

 ******************
  Exciton analysis 
 ******************

 eigenvalues
 -----------
 state 0:                             -253.1830 hr
 state 1:                             -253.1179 hr
 state 2:                             -253.1164 hr

 coupling energies
 -----------------
 states 1, 2:                            1.5596 cm^-1

 distances
 ---------
 chromophore 1, 2:                      92.1043 au

 charge centers
                         X                   Y                   Z
 1            65.171120597         5.919642626        57.059794469
 2           -20.164479144        31.224802896        80.738449195
 Saving results in set 'trunc_bchla_9_bchla_26_frame_35001'

 --------------------------------------------------------------------------------

 End time:                               Thu Sep  9 11:53:36 2021
 Total wall-clock time:                  0.454 seconds
==================================================================================
