
================================================================================
          _____________ ________ _______________ ________     _________         
         / ___________// ______ \\_____   _____// ______ \   / ________)        
        / /_________  / /      \ \     | |     / /      \ \ | (_______          
       |  __________|| |        | |    | |    | |        | | \________ \        
        \ \_________ | |        | |    | |     \ \______/ /___________) |       
         \__________||_|        |_|    |_|      \________//____________/        
                                                                                
====================================[ Qcore ]===================================

 Git hash:   0385c69a4f85ff35f953e853350ecec6fa7ab330
 Git date:   Wed, 8 Sep 2021 10:09:58 +0100
 Compiler:   AppleClang 10.0.1.10010046
 Build type: Release
 Version:    2.1.1

 Start time: Fri Sep 10 12:03:59 2021

 Data directory: /Users/of15641/qcore/cmake-build-release/share/entos/2.1.1/data
 Number of threads: 2
 Number of threads was determined by: number of physical cores

 --------------------------------------------------------------------------------
                                command: excitons                                
 --------------------------------------------------------------------------------
 XTB basis setup:                        reference basis
 Implicit solvation model:               none
 Number of basis functions:            244
 GFN version:                            chlorophyll
 Integral screening threshold:           1.00e-10
 Total charge:                           0.000000000
 Number of electrons:                  218.000000000
 Electronic temperature (Kelvin):        0.000000000

 D3BJ energy:                           -0.061470200
 Repulsive energy:                       1.513578631

 ****************************************************
  Running robust self-consistent charge (SCC) solver 
 ****************************************************
 Number of SCC trials:                   4
 Using the stop-early mechanism for the first 3 trials

 Conv. threshold (charge):               1.00e-05
 Conv. threshold (energy):               1.00e-06
 Initial guess:                          SAD

 -------------
  SCC Trial 1 
 -------------
 Broyden mixing factor:                  0.400000000
 Max number of iterations:             128

 ---------------------------------------------------------------
                  energy        change          grad        time
 ---------------------------------------------------------------
   0      -125.845827247                    6.47e-01        0.01
   1      -126.553142371     -7.07e-01      3.69e-01        0.01
   2      -126.525414512      2.77e-02      1.02e-01        0.01
   3      -126.517679899      7.73e-03      2.95e-02        0.01
   4      -126.567468363     -4.98e-02      8.26e-03        0.01
   5      -126.572165828     -4.70e-03      2.06e-03        0.01
   6      -126.572411030     -2.45e-04      8.07e-04        0.01
   7      -126.572444597     -3.36e-05      2.00e-04        0.01
   8      -126.572445882     -1.28e-06      9.09e-05        0.01
   9      -126.572445979     -9.75e-08      3.83e-05        0.01
  10      -126.572445991     -1.12e-08      1.63e-05        0.01
  11      -126.572445994     -3.02e-09      3.67e-06        0.01
  12      -126.572445994     -6.96e-11      1.00e-06        0.01

 SCF converged in 11 iterations.

 Entropy contribution (-ST):             0.000000000
 Dipole moment (in Debye):              -2.827115       0.173155       1.201269

Chlorophyll parameters
 D_scl:                                  0.636
 Mg_p:                                   0.902
 Mg_s:                                   1.053
 Mgp_Np:                                 1.402
 Mgp_Ns:                                 1.067
 Mgs_Np:                                 1.023
 Mgs_Ns:                                 1.468
 N_p:                                    1.044
 N_s:                                    1.281
 a_x:                                    0.067
 k_p:                                    2.694
 k_s:                                    1.462
 y_J:                                    4.012
 y_K:                                    2.147

 ----------------
  Excitation 0 1 
 ----------------
 Setting up Delta-SCF
 Ground-Excited state overlap:          -0.000000000
 No correction applied to the TDM.
 Excitation energy:                      0.067277393
 Excitation energy (in eV):              1.830711125
 Transition dipole:                     -2.32446      -1.33177       0.23313
 XTB basis setup:                        reference basis
 Implicit solvation model:               none
 Number of basis functions:            244
 GFN version:                            chlorophyll
 Integral screening threshold:           1.00e-10
 Total charge:                           0.000000000
 Number of electrons:                  218.000000000
 Electronic temperature (Kelvin):        0.000000000

 D3BJ energy:                           -0.061460029
 Repulsive energy:                       1.467439438

 ****************************************************
  Running robust self-consistent charge (SCC) solver 
 ****************************************************
 Number of SCC trials:                   4
 Using the stop-early mechanism for the first 3 trials

 Conv. threshold (charge):               1.00e-05
 Conv. threshold (energy):               1.00e-06
 Initial guess:                          SAD

 -------------
  SCC Trial 1 
 -------------
 Broyden mixing factor:                  0.400000000
 Max number of iterations:             128

 ---------------------------------------------------------------
                  energy        change          grad        time
 ---------------------------------------------------------------
   0      -125.865594318                    6.45e-01        0.01
   1      -126.566868705     -7.01e-01      3.68e-01        0.01
   2      -126.540493967      2.64e-02      1.01e-01        0.01
   3      -126.527799234      1.27e-02      2.80e-02        0.01
   4      -126.577380979     -4.96e-02      8.70e-03        0.01
   5      -126.582479528     -5.10e-03      1.91e-03        0.01
   6      -126.582594466     -1.15e-04      6.89e-04        0.01
   7      -126.582609404     -1.49e-05      2.51e-04        0.01
   8      -126.582612300     -2.90e-06      1.07e-04        0.01
   9      -126.582612489     -1.89e-07      4.38e-05        0.01
  10      -126.582612491     -1.86e-09      1.56e-05        0.01
  11      -126.582612494     -3.58e-09      3.04e-06        0.01
  12      -126.582612494     -8.75e-11      8.08e-07        0.01

 SCF converged in 11 iterations.

 Entropy contribution (-ST):             0.000000000
 Dipole moment (in Debye):               2.518428       0.520202       2.555834

Chlorophyll parameters
 D_scl:                                  0.636
 Mg_p:                                   0.902
 Mg_s:                                   1.053
 Mgp_Np:                                 1.402
 Mgp_Ns:                                 1.067
 Mgs_Np:                                 1.023
 Mgs_Ns:                                 1.468
 N_p:                                    1.044
 N_s:                                    1.281
 a_x:                                    0.067
 k_p:                                    2.694
 k_s:                                    1.462
 y_J:                                    4.012
 y_K:                                    2.147

 ----------------
  Excitation 0 1 
 ----------------
 Setting up Delta-SCF
 Ground-Excited state overlap:           0.000000000
 No correction applied to the TDM.
 Excitation energy:                      0.066908376
 Excitation energy (in eV):              1.820669657
 Transition dipole:                     -1.37984       2.35855      -0.15954

 ******************
  Exciton analysis 
 ******************

 eigenvalues
 -----------
 state 0:                             -253.1551 hr
 state 1:                             -253.0881 hr
 state 2:                             -253.0878 hr

 coupling energies
 -----------------
 states 1, 2:                            4.9814 cm^-1

 distances
 ---------
 chromophore 1, 2:                      71.3675 au

 charge centers
                         X                   Y                   Z
 1            77.791534601        18.415216480        57.445687081
 2            92.476779106        84.148221682        81.043194470
 Saving results in set 'trunc_bchla_10_bchla_14_frame_22901'

 --------------------------------------------------------------------------------

 End time:                               Fri Sep 10 12:03:59 2021
 Total wall-clock time:                  0.467 seconds
==================================================================================
