
================================================================================
          _____________ ________ _______________ ________     _________         
         / ___________// ______ \\_____   _____// ______ \   / ________)        
        / /_________  / /      \ \     | |     / /      \ \ | (_______          
       |  __________|| |        | |    | |    | |        | | \________ \        
        \ \_________ | |        | |    | |     \ \______/ /___________) |       
         \__________||_|        |_|    |_|      \________//____________/        
                                                                                
====================================[ Qcore ]===================================

 Git hash:   0385c69a4f85ff35f953e853350ecec6fa7ab330
 Git date:   Wed, 8 Sep 2021 10:09:58 +0100
 Compiler:   AppleClang 10.0.1.10010046
 Build type: Release
 Version:    2.1.1

 Start time: Fri Sep 10 11:53:41 2021

 Data directory: /Users/of15641/qcore/cmake-build-release/share/entos/2.1.1/data
 Number of threads: 2
 Number of threads was determined by: number of physical cores

 --------------------------------------------------------------------------------
                                command: excitons                                
 --------------------------------------------------------------------------------
 XTB basis setup:                        reference basis
 Implicit solvation model:               none
 Number of basis functions:            244
 GFN version:                            chlorophyll
 Integral screening threshold:           1.00e-10
 Total charge:                           0.000000000
 Number of electrons:                  218.000000000
 Electronic temperature (Kelvin):        0.000000000

 D3BJ energy:                           -0.062176641
 Repulsive energy:                       1.505559297

 ****************************************************
  Running robust self-consistent charge (SCC) solver 
 ****************************************************
 Number of SCC trials:                   4
 Using the stop-early mechanism for the first 3 trials

 Conv. threshold (charge):               1.00e-05
 Conv. threshold (energy):               1.00e-06
 Initial guess:                          SAD

 -------------
  SCC Trial 1 
 -------------
 Broyden mixing factor:                  0.400000000
 Max number of iterations:             128

 ---------------------------------------------------------------
                  energy        change          grad        time
 ---------------------------------------------------------------
   0      -125.928372847                    6.48e-01        0.01
   1      -126.617202262     -6.89e-01      3.70e-01        0.00
   2      -126.569115821      4.81e-02      1.01e-01        0.00
   3      -126.544396670      2.47e-02      3.45e-02        0.00
   4      -126.630281824     -8.59e-02      1.04e-02        0.00
   5      -126.636583439     -6.30e-03      2.81e-03        0.00
   6      -126.636752517     -1.69e-04      1.17e-03        0.00
   7      -126.636798114     -4.56e-05      3.85e-04        0.00
   8      -126.636802724     -4.61e-06      1.83e-04        0.00
   9      -126.636802946     -2.22e-07      7.13e-05        0.00
  10      -126.636802977     -3.10e-08      2.20e-05        0.00
  11      -126.636802982     -5.28e-09      4.89e-06        0.00
  12      -126.636802983     -4.95e-10      1.63e-06        0.00

 SCF converged in 11 iterations.

 Entropy contribution (-ST):             0.000000000
 Dipole moment (in Debye):              -2.259590      -0.354580       0.854238

Chlorophyll parameters
 D_scl:                                  0.636
 Mg_p:                                   0.902
 Mg_s:                                   1.053
 Mgp_Np:                                 1.402
 Mgp_Ns:                                 1.067
 Mgs_Np:                                 1.023
 Mgs_Ns:                                 1.468
 N_p:                                    1.044
 N_s:                                    1.281
 a_x:                                    0.067
 k_p:                                    2.694
 k_s:                                    1.462
 y_J:                                    4.012
 y_K:                                    2.147

 ----------------
  Excitation 0 1 
 ----------------
 Setting up Delta-SCF
 Ground-Excited state overlap:          -0.000000000
 No correction applied to the TDM.
 Excitation energy:                      0.066935445
 Excitation energy (in eV):              1.821406255
 Transition dipole:                     -2.30907      -1.32280       0.36459
 XTB basis setup:                        reference basis
 Implicit solvation model:               none
 Number of basis functions:            244
 GFN version:                            chlorophyll
 Integral screening threshold:           1.00e-10
 Total charge:                           0.000000000
 Number of electrons:                  218.000000000
 Electronic temperature (Kelvin):        0.000000000

 D3BJ energy:                           -0.062045293
 Repulsive energy:                       1.491506937

 ****************************************************
  Running robust self-consistent charge (SCC) solver 
 ****************************************************
 Number of SCC trials:                   4
 Using the stop-early mechanism for the first 3 trials

 Conv. threshold (charge):               1.00e-05
 Conv. threshold (energy):               1.00e-06
 Initial guess:                          SAD

 -------------
  SCC Trial 1 
 -------------
 Broyden mixing factor:                  0.400000000
 Max number of iterations:             128

 ---------------------------------------------------------------
                  energy        change          grad        time
 ---------------------------------------------------------------
   0      -125.891468421                    6.46e-01        0.01
   1      -126.579242786     -6.88e-01      3.69e-01        0.01
   2      -126.553238152      2.60e-02      9.79e-02        0.01
   3      -126.528918963      2.43e-02      2.95e-02        0.01
   4      -126.587950292     -5.90e-02      9.42e-03        0.01
   5      -126.594166249     -6.22e-03      1.92e-03        0.01
   6      -126.594228796     -6.25e-05      6.62e-04        0.01
   7      -126.594241545     -1.27e-05      2.59e-04        0.01
   8      -126.594243613     -2.07e-06      1.45e-04        0.02
   9      -126.594244063     -4.50e-07      6.79e-05        0.01
  10      -126.594244140     -7.70e-08      2.66e-05        0.01
  11      -126.594244156     -1.62e-08      5.60e-06        0.01
  12      -126.594244157     -2.54e-10      1.37e-06        0.01

 SCF converged in 11 iterations.

 Entropy contribution (-ST):             0.000000000
 Dipole moment (in Debye):               1.736797      -1.456807       1.186415

Chlorophyll parameters
 D_scl:                                  0.636
 Mg_p:                                   0.902
 Mg_s:                                   1.053
 Mgp_Np:                                 1.402
 Mgp_Ns:                                 1.067
 Mgs_Np:                                 1.023
 Mgs_Ns:                                 1.468
 N_p:                                    1.044
 N_s:                                    1.281
 a_x:                                    0.067
 k_p:                                    2.694
 k_s:                                    1.462
 y_J:                                    4.012
 y_K:                                    2.147

 ----------------
  Excitation 0 1 
 ----------------
 Setting up Delta-SCF
 Ground-Excited state overlap:          -0.000000000
 No correction applied to the TDM.
 Excitation energy:                      0.064445583
 Excitation energy (in eV):              1.753653653
 Transition dipole:                     -0.52034       2.57482       0.68940

 ******************
  Exciton analysis 
 ******************

 eigenvalues
 -----------
 state 0:                             -253.2310 hr
 state 1:                             -253.1665 hr
 state 2:                             -253.1641 hr

 coupling energies
 -----------------
 states 1, 2:                           14.6751 cm^-1

 distances
 ---------
 chromophore 1, 2:                      46.8685 au

 charge centers
                         X                   Y                   Z
 1            78.285023310        14.908545724        56.436755676
 2            99.326481553        48.161254475        81.895905144
 Saving results in set 'trunc_bchla_10_bchla_11_frame_6301'

 --------------------------------------------------------------------------------

 End time:                               Fri Sep 10 11:53:42 2021
 Total wall-clock time:                  0.444 seconds
==================================================================================
