
================================================================================
          _____________ ________ _______________ ________     _________         
         / ___________// ______ \\_____   _____// ______ \   / ________)        
        / /_________  / /      \ \     | |     / /      \ \ | (_______          
       |  __________|| |        | |    | |    | |        | | \________ \        
        \ \_________ | |        | |    | |     \ \______/ /___________) |       
         \__________||_|        |_|    |_|      \________//____________/        
                                                                                
====================================[ Qcore ]===================================

 Git hash:   0385c69a4f85ff35f953e853350ecec6fa7ab330
 Git date:   Wed, 8 Sep 2021 10:09:58 +0100
 Compiler:   AppleClang 10.0.1.10010046
 Build type: Release
 Version:    2.1.1

 Start time: Fri Sep 10 12:08:00 2021

 Data directory: /Users/of15641/qcore/cmake-build-release/share/entos/2.1.1/data
 Number of threads: 2
 Number of threads was determined by: number of physical cores

 --------------------------------------------------------------------------------
                                command: excitons                                
 --------------------------------------------------------------------------------
 XTB basis setup:                        reference basis
 Implicit solvation model:               none
 Number of basis functions:            244
 GFN version:                            chlorophyll
 Integral screening threshold:           1.00e-10
 Total charge:                           0.000000000
 Number of electrons:                  218.000000000
 Electronic temperature (Kelvin):        0.000000000

 D3BJ energy:                           -0.061787849
 Repulsive energy:                       1.521641318

 ****************************************************
  Running robust self-consistent charge (SCC) solver 
 ****************************************************
 Number of SCC trials:                   4
 Using the stop-early mechanism for the first 3 trials

 Conv. threshold (charge):               1.00e-05
 Conv. threshold (energy):               1.00e-06
 Initial guess:                          SAD

 -------------
  SCC Trial 1 
 -------------
 Broyden mixing factor:                  0.400000000
 Max number of iterations:             128

 ---------------------------------------------------------------
                  energy        change          grad        time
 ---------------------------------------------------------------
   0      -125.962076227                    6.47e-01        0.01
   1      -126.620209561     -6.58e-01      3.69e-01        0.01
   2      -126.606023895      1.42e-02      9.30e-02        0.01
   3      -126.611601400     -5.58e-03      2.01e-02        0.01
   4      -126.633053069     -2.15e-02      4.29e-03        0.01
   5      -126.634015644     -9.63e-04      1.26e-03        0.01
   6      -126.634064382     -4.87e-05      7.12e-04        0.01
   7      -126.634099376     -3.50e-05      1.81e-04        0.01
   8      -126.634101347     -1.97e-06      5.37e-05        0.01
   9      -126.634101409     -6.26e-08      1.94e-05        0.01
  10      -126.634101413     -4.15e-09      7.93e-06        0.01
  11      -126.634101414     -8.17e-10      2.63e-06        0.01

 SCF converged in 10 iterations.

 Entropy contribution (-ST):             0.000000000
 Dipole moment (in Debye):              -3.085273      -0.653576       1.408395

Chlorophyll parameters
 D_scl:                                  0.636
 Mg_p:                                   0.902
 Mg_s:                                   1.053
 Mgp_Np:                                 1.402
 Mgp_Ns:                                 1.067
 Mgs_Np:                                 1.023
 Mgs_Ns:                                 1.468
 N_p:                                    1.044
 N_s:                                    1.281
 a_x:                                    0.067
 k_p:                                    2.694
 k_s:                                    1.462
 y_J:                                    4.012
 y_K:                                    2.147

 ----------------
  Excitation 0 1 
 ----------------
 Setting up Delta-SCF
 Ground-Excited state overlap:           0.000000000
 No correction applied to the TDM.
 Excitation energy:                      0.067352133
 Excitation energy (in eV):              1.832744909
 Transition dipole:                     -2.21771      -1.52769      -0.47237
 XTB basis setup:                        reference basis
 Implicit solvation model:               none
 Number of basis functions:            244
 GFN version:                            chlorophyll
 Integral screening threshold:           1.00e-10
 Total charge:                           0.000000000
 Number of electrons:                  218.000000000
 Electronic temperature (Kelvin):        0.000000000

 D3BJ energy:                           -0.062572158
 Repulsive energy:                       1.507976871

 ****************************************************
  Running robust self-consistent charge (SCC) solver 
 ****************************************************
 Number of SCC trials:                   4
 Using the stop-early mechanism for the first 3 trials

 Conv. threshold (charge):               1.00e-05
 Conv. threshold (energy):               1.00e-06
 Initial guess:                          SAD

 -------------
  SCC Trial 1 
 -------------
 Broyden mixing factor:                  0.400000000
 Max number of iterations:             128

 ---------------------------------------------------------------
                  energy        change          grad        time
 ---------------------------------------------------------------
   0      -125.844095668                    6.48e-01        0.01
   1      -126.552700687     -7.09e-01      3.69e-01        0.01
   2      -126.534559765      1.81e-02      9.81e-02        0.01
   3      -126.539626865     -5.07e-03      2.25e-02        0.01
   4      -126.566837592     -2.72e-02      4.03e-03        0.01
   5      -126.567531231     -6.94e-04      1.70e-03        0.01
   6      -126.567619812     -8.86e-05      1.04e-03        0.01
   7      -126.567700598     -8.08e-05      1.85e-04        0.01
   8      -126.567702084     -1.49e-06      5.78e-05        0.01
   9      -126.567702140     -5.63e-08      2.49e-05        0.01
  10      -126.567702145     -4.85e-09      1.03e-05        0.01
  11      -126.567702146     -9.46e-10      2.83e-06        0.01
  12      -126.567702146     -1.03e-10      9.55e-07        0.02

 SCF converged in 11 iterations.

 Entropy contribution (-ST):             0.000000000
 Dipole moment (in Debye):               0.026329       4.005042      -0.484307

Chlorophyll parameters
 D_scl:                                  0.636
 Mg_p:                                   0.902
 Mg_s:                                   1.053
 Mgp_Np:                                 1.402
 Mgp_Ns:                                 1.067
 Mgs_Np:                                 1.023
 Mgs_Ns:                                 1.468
 N_p:                                    1.044
 N_s:                                    1.281
 a_x:                                    0.067
 k_p:                                    2.694
 k_s:                                    1.462
 y_J:                                    4.012
 y_K:                                    2.147

 ----------------
  Excitation 0 1 
 ----------------
 Setting up Delta-SCF
 Ground-Excited state overlap:           0.000000000
 No correction applied to the TDM.
 Excitation energy:                      0.065815078
 Excitation energy (in eV):              1.790919515
 Transition dipole:                      0.91931       2.64054      -0.10306

 ******************
  Exciton analysis 
 ******************

 eigenvalues
 -----------
 state 0:                             -253.2018 hr
 state 1:                             -253.1360 hr
 state 2:                             -253.1344 hr

 coupling energies
 -----------------
 states 1, 2:                           17.8517 cm^-1

 distances
 ---------
 chromophore 1, 2:                      49.8869 au

 charge centers
                         X                   Y                   Z
 1            77.271350043        16.752845792        57.125732893
 2            89.643282188        64.898961804        52.931351944
 Saving results in set 'trunc_bchla_10_bchla_15_frame_15401'

 --------------------------------------------------------------------------------

 End time:                               Fri Sep 10 12:08:01 2021
 Total wall-clock time:                  0.491 seconds
==================================================================================
