
================================================================================
          _____________ ________ _______________ ________     _________         
         / ___________// ______ \\_____   _____// ______ \   / ________)        
        / /_________  / /      \ \     | |     / /      \ \ | (_______          
       |  __________|| |        | |    | |    | |        | | \________ \        
        \ \_________ | |        | |    | |     \ \______/ /___________) |       
         \__________||_|        |_|    |_|      \________//____________/        
                                                                                
====================================[ Qcore ]===================================

 Git hash:   0385c69a4f85ff35f953e853350ecec6fa7ab330
 Git date:   Wed, 8 Sep 2021 10:09:58 +0100
 Compiler:   AppleClang 10.0.1.10010046
 Build type: Release
 Version:    2.1.1

 Start time: Fri Sep 10 12:02:10 2021

 Data directory: /Users/of15641/qcore/cmake-build-release/share/entos/2.1.1/data
 Number of threads: 2
 Number of threads was determined by: number of physical cores

 --------------------------------------------------------------------------------
                                command: excitons                                
 --------------------------------------------------------------------------------
 XTB basis setup:                        reference basis
 Implicit solvation model:               none
 Number of basis functions:            244
 GFN version:                            chlorophyll
 Integral screening threshold:           1.00e-10
 Total charge:                           0.000000000
 Number of electrons:                  218.000000000
 Electronic temperature (Kelvin):        0.000000000

 D3BJ energy:                           -0.062626190
 Repulsive energy:                       1.544317956

 ****************************************************
  Running robust self-consistent charge (SCC) solver 
 ****************************************************
 Number of SCC trials:                   4
 Using the stop-early mechanism for the first 3 trials

 Conv. threshold (charge):               1.00e-05
 Conv. threshold (energy):               1.00e-06
 Initial guess:                          SAD

 -------------
  SCC Trial 1 
 -------------
 Broyden mixing factor:                  0.400000000
 Max number of iterations:             128

 ---------------------------------------------------------------
                  energy        change          grad        time
 ---------------------------------------------------------------
   0      -125.930078376                    6.48e-01        0.01
   1      -126.604777341     -6.75e-01      3.70e-01        0.01
   2      -126.594732549      1.00e-02      9.62e-02        0.00
   3      -126.600889047     -6.16e-03      1.81e-02        0.00
   4      -126.616311262     -1.54e-02      5.60e-03        0.00
   5      -126.618481947     -2.17e-03      2.12e-03        0.02
   6      -126.618752130     -2.70e-04      8.33e-04        0.01
   7      -126.618790819     -3.87e-05      1.96e-04        0.00
   8      -126.618792582     -1.76e-06      5.00e-05        0.01
   9      -126.618792612     -3.04e-08      2.19e-05        0.00
  10      -126.618792616     -3.70e-09      8.39e-06        0.01
  11      -126.618792616     -3.04e-10      2.53e-06        0.00

 SCF converged in 10 iterations.

 Entropy contribution (-ST):             0.000000000
 Dipole moment (in Debye):              -3.312878       0.354310       0.534697

Chlorophyll parameters
 D_scl:                                  0.636
 Mg_p:                                   0.902
 Mg_s:                                   1.053
 Mgp_Np:                                 1.402
 Mgp_Ns:                                 1.067
 Mgs_Np:                                 1.023
 Mgs_Ns:                                 1.468
 N_p:                                    1.044
 N_s:                                    1.281
 a_x:                                    0.067
 k_p:                                    2.694
 k_s:                                    1.462
 y_J:                                    4.012
 y_K:                                    2.147

 ----------------
  Excitation 0 1 
 ----------------
 Setting up Delta-SCF
 Ground-Excited state overlap:          -0.000000000
 No correction applied to the TDM.
 Excitation energy:                      0.066331930
 Excitation energy (in eV):              1.804983762
 Transition dipole:                      2.27864       1.34056      -0.07738
 XTB basis setup:                        reference basis
 Implicit solvation model:               none
 Number of basis functions:            244
 GFN version:                            chlorophyll
 Integral screening threshold:           1.00e-10
 Total charge:                           0.000000000
 Number of electrons:                  218.000000000
 Electronic temperature (Kelvin):        0.000000000

 D3BJ energy:                           -0.061940762
 Repulsive energy:                       1.480926476

 ****************************************************
  Running robust self-consistent charge (SCC) solver 
 ****************************************************
 Number of SCC trials:                   4
 Using the stop-early mechanism for the first 3 trials

 Conv. threshold (charge):               1.00e-05
 Conv. threshold (energy):               1.00e-06
 Initial guess:                          SAD

 -------------
  SCC Trial 1 
 -------------
 Broyden mixing factor:                  0.400000000
 Max number of iterations:             128

 ---------------------------------------------------------------
                  energy        change          grad        time
 ---------------------------------------------------------------
   0      -125.887448555                    6.46e-01        0.01
   1      -126.555257149     -6.68e-01      3.68e-01        0.01
   2      -126.495034046      6.02e-02      9.96e-02        0.01
   3      -126.464588574      3.04e-02      3.81e-02        0.01
   4      -126.571992972     -1.07e-01      8.54e-03        0.01
   5      -126.575986401     -3.99e-03      2.49e-03        0.01
   6      -126.576189149     -2.03e-04      1.09e-03        0.01
   7      -126.576239936     -5.08e-05      3.04e-04        0.01
   8      -126.576241993     -2.06e-06      1.56e-04        0.01
   9      -126.576242221     -2.28e-07      6.05e-05        0.01
  10      -126.576242232     -1.09e-08      1.49e-05        0.01
  11      -126.576242237     -5.00e-09      5.16e-06        0.02
  12      -126.576242238     -4.26e-10      1.17e-06        0.01

 SCF converged in 11 iterations.

 Entropy contribution (-ST):             0.000000000
 Dipole moment (in Debye):              -3.258460      -2.048611      -0.212241

Chlorophyll parameters
 D_scl:                                  0.636
 Mg_p:                                   0.902
 Mg_s:                                   1.053
 Mgp_Np:                                 1.402
 Mgp_Ns:                                 1.067
 Mgs_Np:                                 1.023
 Mgs_Ns:                                 1.468
 N_p:                                    1.044
 N_s:                                    1.281
 a_x:                                    0.067
 k_p:                                    2.694
 k_s:                                    1.462
 y_J:                                    4.012
 y_K:                                    2.147

 ----------------
  Excitation 0 1 
 ----------------
 Setting up Delta-SCF
 Ground-Excited state overlap:          -0.000000000
 No correction applied to the TDM.
 Excitation energy:                      0.068191717
 Excitation energy (in eV):              1.855591143
 Transition dipole:                      0.94260       2.51342       0.05265

 ******************
  Exciton analysis 
 ******************

 eigenvalues
 -----------
 state 0:                             -253.1951 hr
 state 1:                             -253.1289 hr
 state 2:                             -253.1269 hr

 coupling energies
 -----------------
 states 1, 2:                          -74.2500 cm^-1

 distances
 ---------
 chromophore 1, 2:                      33.5927 au

 charge centers
                         X                   Y                   Z
 1            77.001947367        16.112388279        57.441016987
 2            90.293209509        46.904532664        55.528326981
 Saving results in set 'trunc_bchla_10_bchla_13_frame_4901'

 --------------------------------------------------------------------------------

 End time:                               Fri Sep 10 12:02:10 2021
 Total wall-clock time:                  0.474 seconds
==================================================================================
