
================================================================================
          _____________ ________ _______________ ________     _________         
         / ___________// ______ \\_____   _____// ______ \   / ________)        
        / /_________  / /      \ \     | |     / /      \ \ | (_______          
       |  __________|| |        | |    | |    | |        | | \________ \        
        \ \_________ | |        | |    | |     \ \______/ /___________) |       
         \__________||_|        |_|    |_|      \________//____________/        
                                                                                
====================================[ Qcore ]===================================

 Git hash:   0385c69a4f85ff35f953e853350ecec6fa7ab330
 Git date:   Wed, 8 Sep 2021 10:09:58 +0100
 Compiler:   AppleClang 10.0.1.10010046
 Build type: Release
 Version:    2.1.1

 Start time: Fri Sep 10 11:56:36 2021

 Data directory: /Users/of15641/qcore/cmake-build-release/share/entos/2.1.1/data
 Number of threads: 2
 Number of threads was determined by: number of physical cores

 --------------------------------------------------------------------------------
                                command: excitons                                
 --------------------------------------------------------------------------------
 XTB basis setup:                        reference basis
 Implicit solvation model:               none
 Number of basis functions:            244
 GFN version:                            chlorophyll
 Integral screening threshold:           1.00e-10
 Total charge:                           0.000000000
 Number of electrons:                  218.000000000
 Electronic temperature (Kelvin):        0.000000000

 D3BJ energy:                           -0.061990858
 Repulsive energy:                       1.512390692

 ****************************************************
  Running robust self-consistent charge (SCC) solver 
 ****************************************************
 Number of SCC trials:                   4
 Using the stop-early mechanism for the first 3 trials

 Conv. threshold (charge):               1.00e-05
 Conv. threshold (energy):               1.00e-06
 Initial guess:                          SAD

 -------------
  SCC Trial 1 
 -------------
 Broyden mixing factor:                  0.400000000
 Max number of iterations:             128

 ---------------------------------------------------------------
                  energy        change          grad        time
 ---------------------------------------------------------------
   0      -125.873048794                    6.47e-01        0.01
   1      -126.563983255     -6.91e-01      3.69e-01        0.01
   2      -126.521453126      4.25e-02      1.02e-01        0.00
   3      -126.504304593      1.71e-02      3.56e-02        0.00
   4      -126.580368023     -7.61e-02      7.75e-03        0.00
   5      -126.584209356     -3.84e-03      2.17e-03        0.00
   6      -126.584449884     -2.41e-04      9.76e-04        0.00
   7      -126.584501626     -5.17e-05      2.46e-04        0.00
   8      -126.584503614     -1.99e-06      1.25e-04        0.01
   9      -126.584503780     -1.67e-07      5.17e-05        0.00
  10      -126.584503808     -2.78e-08      2.13e-05        0.01
  11      -126.584503813     -5.16e-09      3.92e-06        0.00
  12      -126.584503813     -1.22e-10      1.39e-06        0.01

 SCF converged in 11 iterations.

 Entropy contribution (-ST):             0.000000000
 Dipole moment (in Debye):              -5.025874      -0.410391      -0.503192

Chlorophyll parameters
 D_scl:                                  0.636
 Mg_p:                                   0.902
 Mg_s:                                   1.053
 Mgp_Np:                                 1.402
 Mgp_Ns:                                 1.067
 Mgs_Np:                                 1.023
 Mgs_Ns:                                 1.468
 N_p:                                    1.044
 N_s:                                    1.281
 a_x:                                    0.067
 k_p:                                    2.694
 k_s:                                    1.462
 y_J:                                    4.012
 y_K:                                    2.147

 ----------------
  Excitation 0 1 
 ----------------
 Setting up Delta-SCF
 Ground-Excited state overlap:           0.000000000
 No correction applied to the TDM.
 Excitation energy:                      0.066515779
 Excitation energy (in eV):              1.809986543
 Transition dipole:                      2.35956       1.33768       0.08275
 XTB basis setup:                        reference basis
 Implicit solvation model:               none
 Number of basis functions:            244
 GFN version:                            chlorophyll
 Integral screening threshold:           1.00e-10
 Total charge:                           0.000000000
 Number of electrons:                  218.000000000
 Electronic temperature (Kelvin):        0.000000000

 D3BJ energy:                           -0.060831843
 Repulsive energy:                       1.487312750

 ****************************************************
  Running robust self-consistent charge (SCC) solver 
 ****************************************************
 Number of SCC trials:                   4
 Using the stop-early mechanism for the first 3 trials

 Conv. threshold (charge):               1.00e-05
 Conv. threshold (energy):               1.00e-06
 Initial guess:                          SAD

 -------------
  SCC Trial 1 
 -------------
 Broyden mixing factor:                  0.400000000
 Max number of iterations:             128

 ---------------------------------------------------------------
                  energy        change          grad        time
 ---------------------------------------------------------------
   0      -125.897454298                    6.45e-01        0.01
   1      -126.575798804     -6.78e-01      3.68e-01        0.01
   2      -126.551142230      2.47e-02      1.00e-01        0.01
   3      -126.529948637      2.12e-02      3.24e-02        0.01
   4      -126.583124261     -5.32e-02      1.13e-02        0.01
   5      -126.592346445     -9.22e-03      1.92e-03        0.01
   6      -126.592422762     -7.63e-05      5.43e-04        0.01
   7      -126.592426803     -4.04e-06      1.98e-04        0.01
   8      -126.592427062     -2.59e-07      1.12e-04        0.01
   9      -126.592427193     -1.30e-07      5.04e-05        0.01
  10      -126.592427214     -2.14e-08      2.03e-05        0.01
  11      -126.592427229     -1.46e-08      5.64e-06        0.01
  12      -126.592427229     -6.69e-10      1.58e-06        0.01

 SCF converged in 11 iterations.

 Entropy contribution (-ST):             0.000000000
 Dipole moment (in Debye):               2.574842      -1.039096       1.160621

Chlorophyll parameters
 D_scl:                                  0.636
 Mg_p:                                   0.902
 Mg_s:                                   1.053
 Mgp_Np:                                 1.402
 Mgp_Ns:                                 1.067
 Mgs_Np:                                 1.023
 Mgs_Ns:                                 1.468
 N_p:                                    1.044
 N_s:                                    1.281
 a_x:                                    0.067
 k_p:                                    2.694
 k_s:                                    1.462
 y_J:                                    4.012
 y_K:                                    2.147

 ----------------
  Excitation 0 1 
 ----------------
 Setting up Delta-SCF
 Ground-Excited state overlap:           0.000000000
 No correction applied to the TDM.
 Excitation energy:                      0.065541333
 Excitation energy (in eV):              1.783470519
 Transition dipole:                      2.41575       1.23648       0.12844

 ******************
  Exciton analysis 
 ******************

 eigenvalues
 -----------
 state 0:                             -253.1798 hr
 state 1:                             -253.1149 hr
 state 2:                             -253.1120 hr

 coupling energies
 -----------------
 states 1, 2:                         -310.2886 cm^-1

 distances
 ---------
 chromophore 1, 2:                      17.7021 au

 charge centers
                         X                   Y                   Z
 1            76.473529588        18.466763657        56.920296111
 2            86.960207275        32.450599973        54.119334442
 Saving results in set 'trunc_bchla_10_bchla_12_frame_37101'

 --------------------------------------------------------------------------------

 End time:                               Fri Sep 10 11:56:36 2021
 Total wall-clock time:                  0.455 seconds
==================================================================================
