
================================================================================
          _____________ ________ _______________ ________     _________         
         / ___________// ______ \\_____   _____// ______ \   / ________)        
        / /_________  / /      \ \     | |     / /      \ \ | (_______          
       |  __________|| |        | |    | |    | |        | | \________ \        
        \ \_________ | |        | |    | |     \ \______/ /___________) |       
         \__________||_|        |_|    |_|      \________//____________/        
                                                                                
====================================[ Qcore ]===================================

 Git hash:   d9090f16b0f5f4f9bb84fd3cbccc869acc793a93
 Git date:   Mon, 6 Sep 2021 15:48:50 +0100
 Compiler:   AppleClang 10.0.1.10010046
 Build type: Debug
 Version:    2.1.1

 Start time: Tue Sep  7 12:11:27 2021

 Data directory: /Users/of15641/qcore/cmake-build-debug/share/entos/2.1.1/data
 Number of threads: 2
 Number of threads was determined by: number of physical cores

 --------------------------------------------------------------------------------
                                command: excitons                                
 --------------------------------------------------------------------------------
 XTB basis setup:                        reference basis
 Implicit solvation model:               none
 Number of basis functions:            244
 GFN version:                            chlorophyll
 Integral screening threshold:           1.00e-10
 Total charge:                           0.000000000
 Number of electrons:                  218.000000000
 Electronic temperature (Kelvin):        0.000000000

 D3BJ energy:                           -0.062005173
 Repulsive energy:                       1.533293002

 ****************************************************
  Running robust self-consistent charge (SCC) solver 
 ****************************************************
 Number of SCC trials:                   4
 Using the stop-early mechanism for the first 3 trials

 Conv. threshold (charge):               1.00e-05
 Conv. threshold (energy):               1.00e-06
 Initial guess:                          SAD

 -------------
  SCC Trial 1 
 -------------
 Broyden mixing factor:                  0.400000000
 Max number of iterations:             128

 ---------------------------------------------------------------
                  energy        change          grad        time
 ---------------------------------------------------------------
   0      -125.935244484                    6.47e-01        0.01
   1      -126.610521353     -6.75e-01      3.70e-01        0.01
   2      -126.557837202      5.27e-02      9.82e-02        0.01
   3      -126.509369115      4.85e-02      3.90e-02        0.01
   4      -126.623727397     -1.14e-01      1.14e-02        0.01
   5      -126.630330476     -6.60e-03      3.10e-03        0.01
   6      -126.630476483     -1.46e-04      1.32e-03        0.01
   7      -126.630534881     -5.84e-05      3.75e-04        0.01
   8      -126.630537188     -2.31e-06      2.35e-04        0.01
   9      -126.630537643     -4.55e-07      8.09e-05        0.01
  10      -126.630537667     -2.39e-08      1.83e-05        0.01
  11      -126.630537671     -4.11e-09      5.30e-06        0.01
  12      -126.630537671     -2.68e-10      1.49e-06        0.01

 SCF converged in 11 iterations.

 Entropy contribution (-ST):             0.000000000
 Dipole moment (in Debye):               0.616658       3.338023       0.794380

Chlorophyll parameters
 D_scl:                                  0.636
 Mg_p:                                   0.902
 Mg_s:                                   1.053
 Mgp_Np:                                 1.402
 Mgp_Ns:                                 1.067
 Mgs_Np:                                 1.023
 Mgs_Ns:                                 1.468
 N_p:                                    1.044
 N_s:                                    1.281
 a_x:                                    0.067
 k_p:                                    2.694
 k_s:                                    1.462
 y_J:                                    4.012
 y_K:                                    2.147

 ----------------
  Excitation 0 1 
 ----------------
 Setting up Delta-SCF
 Ground-Excited state overlap:          -0.000000000
 No correction applied to the TDM.
 Excitation energy:                      0.064862160
 Excitation energy (in eV):              1.764989277
 Transition dipole:                      1.56567      -2.26026      -0.22990
 XTB basis setup:                        reference basis
 Implicit solvation model:               none
 Number of basis functions:            244
 GFN version:                            chlorophyll
 Integral screening threshold:           1.00e-10
 Total charge:                           0.000000000
 Number of electrons:                  218.000000000
 Electronic temperature (Kelvin):        0.000000000

 D3BJ energy:                           -0.061074162
 Repulsive energy:                       1.453097862

 ****************************************************
  Running robust self-consistent charge (SCC) solver 
 ****************************************************
 Number of SCC trials:                   4
 Using the stop-early mechanism for the first 3 trials

 Conv. threshold (charge):               1.00e-05
 Conv. threshold (energy):               1.00e-06
 Initial guess:                          SAD

 -------------
  SCC Trial 1 
 -------------
 Broyden mixing factor:                  0.400000000
 Max number of iterations:             128

 ---------------------------------------------------------------
                  energy        change          grad        time
 ---------------------------------------------------------------
   0      -125.801986556                    6.44e-01        0.01
   1      -126.505804001     -7.04e-01      3.67e-01        0.01
   2      -126.476067858      2.97e-02      1.02e-01        0.01
   3      -126.460482454      1.56e-02      3.23e-02        0.01
   4      -126.517244196     -5.68e-02      9.59e-03        0.01
   5      -126.523316570     -6.07e-03      1.95e-03        0.01
   6      -126.523447594     -1.31e-04      6.91e-04        0.01
   7      -126.523468257     -2.07e-05      2.34e-04        0.01
   8      -126.523470383     -2.13e-06      1.04e-04        0.01
   9      -126.523470659     -2.76e-07      4.80e-05        0.01
  10      -126.523470686     -2.72e-08      2.16e-05        0.01
  11      -126.523470691     -4.35e-09      5.17e-06        0.01
  12      -126.523470691     -4.76e-10      1.36e-06        0.01

 SCF converged in 11 iterations.

 Entropy contribution (-ST):             0.000000000
 Dipole moment (in Debye):              -2.767019      -4.130829       2.358830

Chlorophyll parameters
 D_scl:                                  0.636
 Mg_p:                                   0.902
 Mg_s:                                   1.053
 Mgp_Np:                                 1.402
 Mgp_Ns:                                 1.067
 Mgs_Np:                                 1.023
 Mgs_Ns:                                 1.468
 N_p:                                    1.044
 N_s:                                    1.281
 a_x:                                    0.067
 k_p:                                    2.694
 k_s:                                    1.462
 y_J:                                    4.012
 y_K:                                    2.147

 ----------------
  Excitation 0 1 
 ----------------
 Setting up Delta-SCF
 Ground-Excited state overlap:           0.000000000
 No correction applied to the TDM.
 Excitation energy:                      0.067554874
 Excitation energy (in eV):              1.838261776
 Transition dipole:                      2.67315       0.18830       0.56689

 ******************
  Exciton analysis 
 ******************

 eigenvalues:                         -253.154014    -253.089157    -253.086446
 Saving results in set 'trunc_bchla_4_bchla_5_frame_101'

 --------------------------------------------------------------------------------

 End time:                               Tue Sep  7 12:11:29 2021
 Total wall-clock time:                  1.552 seconds
==================================================================================
