
================================================================================
          _____________ ________ _______________ ________     _________         
         / ___________// ______ \\_____   _____// ______ \   / ________)        
        / /_________  / /      \ \     | |     / /      \ \ | (_______          
       |  __________|| |        | |    | |    | |        | | \________ \        
        \ \_________ | |        | |    | |     \ \______/ /___________) |       
         \__________||_|        |_|    |_|      \________//____________/        
                                                                                
====================================[ Qcore ]===================================

 Git hash:   0385c69a4f85ff35f953e853350ecec6fa7ab330
 Git date:   Wed, 8 Sep 2021 10:09:58 +0100
 Compiler:   AppleClang 10.0.1.10010046
 Build type: Release
 Version:    2.1.1

 Start time: Thu Sep  9 11:44:21 2021

 Data directory: /Users/of15641/qcore/cmake-build-release/share/entos/2.1.1/data
 Number of threads: 2
 Number of threads was determined by: number of physical cores

 --------------------------------------------------------------------------------
                                command: excitons                                
 --------------------------------------------------------------------------------
 XTB basis setup:                        reference basis
 Implicit solvation model:               none
 Number of basis functions:            244
 GFN version:                            chlorophyll
 Integral screening threshold:           1.00e-10
 Total charge:                           0.000000000
 Number of electrons:                  218.000000000
 Electronic temperature (Kelvin):        0.000000000

 D3BJ energy:                           -0.061389662
 Repulsive energy:                       1.482757977

 ****************************************************
  Running robust self-consistent charge (SCC) solver 
 ****************************************************
 Number of SCC trials:                   4
 Using the stop-early mechanism for the first 3 trials

 Conv. threshold (charge):               1.00e-05
 Conv. threshold (energy):               1.00e-06
 Initial guess:                          SAD

 -------------
  SCC Trial 1 
 -------------
 Broyden mixing factor:                  0.400000000
 Max number of iterations:             128

 ---------------------------------------------------------------
                  energy        change          grad        time
 ---------------------------------------------------------------
   0      -125.881601386                    6.45e-01        0.01
   1      -126.570105842     -6.89e-01      3.68e-01        0.01
   2      -126.530454688      3.97e-02      1.01e-01        0.00
   3      -126.513789480      1.67e-02      3.19e-02        0.01
   4      -126.583325222     -6.95e-02      8.86e-03        0.01
   5      -126.588684915     -5.36e-03      2.45e-03        0.01
   6      -126.588940402     -2.55e-04      8.29e-04        0.01
   7      -126.588965340     -2.49e-05      2.70e-04        0.00
   8      -126.588967952     -2.61e-06      1.16e-04        0.01
   9      -126.588968050     -9.78e-08      4.55e-05        0.00
  10      -126.588968051     -1.21e-09      1.30e-05        0.01
  11      -126.588968053     -2.42e-09      3.66e-06        0.01
  12      -126.588968054     -1.48e-10      8.19e-07        0.00

 SCF converged in 11 iterations.

 Entropy contribution (-ST):             0.000000000
 Dipole moment (in Debye):               0.188068       2.766660       1.065343

Chlorophyll parameters
 D_scl:                                  0.636
 Mg_p:                                   0.902
 Mg_s:                                   1.053
 Mgp_Np:                                 1.402
 Mgp_Ns:                                 1.067
 Mgs_Np:                                 1.023
 Mgs_Ns:                                 1.468
 N_p:                                    1.044
 N_s:                                    1.281
 a_x:                                    0.067
 k_p:                                    2.694
 k_s:                                    1.462
 y_J:                                    4.012
 y_K:                                    2.147

 ----------------
  Excitation 0 1 
 ----------------
 Setting up Delta-SCF
 Ground-Excited state overlap:          -0.000000000
 No correction applied to the TDM.
 Excitation energy:                      0.068367233
 Excitation energy (in eV):              1.860367174
 Transition dipole:                      1.64501      -2.17586       0.08610
 XTB basis setup:                        reference basis
 Implicit solvation model:               none
 Number of basis functions:            244
 GFN version:                            chlorophyll
 Integral screening threshold:           1.00e-10
 Total charge:                           0.000000000
 Number of electrons:                  218.000000000
 Electronic temperature (Kelvin):        0.000000000

 D3BJ energy:                           -0.061545006
 Repulsive energy:                       1.497356492

 ****************************************************
  Running robust self-consistent charge (SCC) solver 
 ****************************************************
 Number of SCC trials:                   4
 Using the stop-early mechanism for the first 3 trials

 Conv. threshold (charge):               1.00e-05
 Conv. threshold (energy):               1.00e-06
 Initial guess:                          SAD

 -------------
  SCC Trial 1 
 -------------
 Broyden mixing factor:                  0.400000000
 Max number of iterations:             128

 ---------------------------------------------------------------
                  energy        change          grad        time
 ---------------------------------------------------------------
   0      -125.881077220                    6.47e-01        0.01
   1      -126.580176424     -6.99e-01      3.69e-01        0.01
   2      -126.519671418      6.05e-02      1.01e-01        0.01
   3      -126.448767015      7.09e-02      4.38e-02        0.01
   4      -126.596170021     -1.47e-01      8.82e-03        0.01
   5      -126.599155307     -2.99e-03      2.37e-03        0.01
   6      -126.599160388     -5.08e-06      9.55e-04        0.01
   7      -126.599201408     -4.10e-05      3.75e-04        0.01
   8      -126.599201696     -2.88e-07      1.82e-04        0.01
   9      -126.599202039     -3.43e-07      8.50e-05        0.01
  10      -126.599202137     -9.78e-08      2.12e-05        0.01
  11      -126.599202145     -7.85e-09      4.13e-06        0.01
  12      -126.599202145     -1.45e-10      1.41e-06        0.01

 SCF converged in 11 iterations.

 Entropy contribution (-ST):             0.000000000
 Dipole moment (in Debye):               1.806879      -0.105462      -1.247253

Chlorophyll parameters
 D_scl:                                  0.636
 Mg_p:                                   0.902
 Mg_s:                                   1.053
 Mgp_Np:                                 1.402
 Mgp_Ns:                                 1.067
 Mgs_Np:                                 1.023
 Mgs_Ns:                                 1.468
 N_p:                                    1.044
 N_s:                                    1.281
 a_x:                                    0.067
 k_p:                                    2.694
 k_s:                                    1.462
 y_J:                                    4.012
 y_K:                                    2.147

 ----------------
  Excitation 0 1 
 ----------------
 Setting up Delta-SCF
 Ground-Excited state overlap:          -0.000000000
 No correction applied to the TDM.
 Excitation energy:                      0.065147027
 Excitation energy (in eV):              1.772740903
 Transition dipole:                      0.97701       2.53134       0.14229

 ******************
  Exciton analysis 
 ******************

 eigenvalues
 -----------
 state 0:                             -253.1882 hr
 state 1:                             -253.1230 hr
 state 2:                             -253.1198 hr

 coupling energies
 -----------------
 states 1, 2:                           -3.4622 cm^-1

 distances
 ---------
 chromophore 1, 2:                      77.6388 au

 charge centers
                         X                   Y                   Z
 1            15.970965979         6.822749513        53.702769247
 2            85.276219931         8.638832611        88.649310879
 Saving results in set 'trunc_bchla_4_bchla_8_frame_45001'

 --------------------------------------------------------------------------------

 End time:                               Thu Sep  9 11:44:22 2021
 Total wall-clock time:                  0.477 seconds
==================================================================================
