
================================================================================
          _____________ ________ _______________ ________     _________         
         / ___________// ______ \\_____   _____// ______ \   / ________)        
        / /_________  / /      \ \     | |     / /      \ \ | (_______          
       |  __________|| |        | |    | |    | |        | | \________ \        
        \ \_________ | |        | |    | |     \ \______/ /___________) |       
         \__________||_|        |_|    |_|      \________//____________/        
                                                                                
====================================[ Qcore ]===================================

 Git hash:   0385c69a4f85ff35f953e853350ecec6fa7ab330
 Git date:   Wed, 8 Sep 2021 10:09:58 +0100
 Compiler:   AppleClang 10.0.1.10010046
 Build type: Release
 Version:    2.1.1

 Start time: Fri Sep 10 11:57:15 2021

 Data directory: /Users/of15641/qcore/cmake-build-release/share/entos/2.1.1/data
 Number of threads: 2
 Number of threads was determined by: number of physical cores

 --------------------------------------------------------------------------------
                                command: excitons                                
 --------------------------------------------------------------------------------
 XTB basis setup:                        reference basis
 Implicit solvation model:               none
 Number of basis functions:            244
 GFN version:                            chlorophyll
 Integral screening threshold:           1.00e-10
 Total charge:                           0.000000000
 Number of electrons:                  218.000000000
 Electronic temperature (Kelvin):        0.000000000

 D3BJ energy:                           -0.062255857
 Repulsive energy:                       1.536945604

 ****************************************************
  Running robust self-consistent charge (SCC) solver 
 ****************************************************
 Number of SCC trials:                   4
 Using the stop-early mechanism for the first 3 trials

 Conv. threshold (charge):               1.00e-05
 Conv. threshold (energy):               1.00e-06
 Initial guess:                          SAD

 -------------
  SCC Trial 1 
 -------------
 Broyden mixing factor:                  0.400000000
 Max number of iterations:             128

 ---------------------------------------------------------------
                  energy        change          grad        time
 ---------------------------------------------------------------
   0      -125.975779887                    6.47e-01        0.01
   1      -126.627135545     -6.51e-01      3.69e-01        0.00
   2      -126.594611339      3.25e-02      9.54e-02        0.00
   3      -126.573324410      2.13e-02      3.19e-02        0.00
   4      -126.638790146     -6.55e-02      8.41e-03        0.00
   5      -126.643807549     -5.02e-03      2.14e-03        0.00
   6      -126.643976818     -1.69e-04      8.11e-04        0.00
   7      -126.644004030     -2.72e-05      2.42e-04        0.00
   8      -126.644005338     -1.31e-06      1.41e-04        0.00
   9      -126.644005483     -1.45e-07      5.86e-05        0.00
  10      -126.644005515     -3.19e-08      2.04e-05        0.00
  11      -126.644005520     -5.10e-09      4.10e-06        0.01
  12      -126.644005520     -1.06e-10      1.00e-06        0.00

 SCF converged in 11 iterations.

 Entropy contribution (-ST):             0.000000000
 Dipole moment (in Debye):              -3.851436      -1.916061       1.099181

Chlorophyll parameters
 D_scl:                                  0.636
 Mg_p:                                   0.902
 Mg_s:                                   1.053
 Mgp_Np:                                 1.402
 Mgp_Ns:                                 1.067
 Mgs_Np:                                 1.023
 Mgs_Ns:                                 1.468
 N_p:                                    1.044
 N_s:                                    1.281
 a_x:                                    0.067
 k_p:                                    2.694
 k_s:                                    1.462
 y_J:                                    4.012
 y_K:                                    2.147

 ----------------
  Excitation 0 1 
 ----------------
 Setting up Delta-SCF
 Ground-Excited state overlap:          -0.000000000
 No correction applied to the TDM.
 Excitation energy:                      0.068412000
 Excitation energy (in eV):              1.861585362
 Transition dipole:                     -2.38179      -1.44375      -0.24601
 XTB basis setup:                        reference basis
 Implicit solvation model:               none
 Number of basis functions:            244
 GFN version:                            chlorophyll
 Integral screening threshold:           1.00e-10
 Total charge:                           0.000000000
 Number of electrons:                  218.000000000
 Electronic temperature (Kelvin):        0.000000000

 D3BJ energy:                           -0.062157638
 Repulsive energy:                       1.556572178

 ****************************************************
  Running robust self-consistent charge (SCC) solver 
 ****************************************************
 Number of SCC trials:                   4
 Using the stop-early mechanism for the first 3 trials

 Conv. threshold (charge):               1.00e-05
 Conv. threshold (energy):               1.00e-06
 Initial guess:                          SAD

 -------------
  SCC Trial 1 
 -------------
 Broyden mixing factor:                  0.400000000
 Max number of iterations:             128

 ---------------------------------------------------------------
                  energy        change          grad        time
 ---------------------------------------------------------------
   0      -125.929558249                    6.48e-01        0.01
   1      -126.618659442     -6.89e-01      3.70e-01        0.01
   2      -126.604030949      1.46e-02      9.74e-02        0.01
   3      -126.601427425      2.60e-03      2.36e-02        0.01
   4      -126.626815364     -2.54e-02      8.75e-03        0.01
   5      -126.632320363     -5.50e-03      1.93e-03        0.01
   6      -126.632520680     -2.00e-04      6.51e-04        0.01
   7      -126.632538818     -1.81e-05      2.00e-04        0.01
   8      -126.632540841     -2.02e-06      6.63e-05        0.01
   9      -126.632540905     -6.41e-08      2.85e-05        0.01
  10      -126.632540912     -7.10e-09      1.03e-05        0.01
  11      -126.632540913     -8.12e-10      2.81e-06        0.01
  12      -126.632540913     -2.82e-11      6.93e-07        0.01

 SCF converged in 11 iterations.

 Entropy contribution (-ST):             0.000000000
 Dipole moment (in Debye):               3.131605      -0.304555       0.273175

Chlorophyll parameters
 D_scl:                                  0.636
 Mg_p:                                   0.902
 Mg_s:                                   1.053
 Mgp_Np:                                 1.402
 Mgp_Ns:                                 1.067
 Mgs_Np:                                 1.023
 Mgs_Ns:                                 1.468
 N_p:                                    1.044
 N_s:                                    1.281
 a_x:                                    0.067
 k_p:                                    2.694
 k_s:                                    1.462
 y_J:                                    4.012
 y_K:                                    2.147

 ----------------
  Excitation 0 1 
 ----------------
 Setting up Delta-SCF
 Ground-Excited state overlap:           0.000000000
 No correction applied to the TDM.
 Excitation energy:                      0.065909888
 Excitation energy (in eV):              1.793499428
 Transition dipole:                      2.45668       1.04854      -0.32909

 ******************
  Exciton analysis 
 ******************

 eigenvalues
 -----------
 state 0:                             -253.2784 hr
 state 1:                             -253.2126 hr
 state 2:                             -253.2091 hr

 coupling energies
 -----------------
 states 1, 2:                          303.5162 cm^-1

 distances
 ---------
 chromophore 1, 2:                      17.7320 au

 charge centers
                         X                   Y                   Z
 1            79.104000215        16.310460305        58.427835491
 2            88.923481890        30.805325427        55.617228062
 Saving results in set 'trunc_bchla_10_bchla_12_frame_44101'

 --------------------------------------------------------------------------------

 End time:                               Fri Sep 10 11:57:16 2021
 Total wall-clock time:                  0.457 seconds
==================================================================================
