
================================================================================
          _____________ ________ _______________ ________     _________         
         / ___________// ______ \\_____   _____// ______ \   / ________)        
        / /_________  / /      \ \     | |     / /      \ \ | (_______          
       |  __________|| |        | |    | |    | |        | | \________ \        
        \ \_________ | |        | |    | |     \ \______/ /___________) |       
         \__________||_|        |_|    |_|      \________//____________/        
                                                                                
====================================[ Qcore ]===================================

 Git hash:   0385c69a4f85ff35f953e853350ecec6fa7ab330
 Git date:   Wed, 8 Sep 2021 10:09:58 +0100
 Compiler:   AppleClang 10.0.1.10010046
 Build type: Release
 Version:    2.1.1

 Start time: Thu Sep  9 11:19:43 2021

 Data directory: /Users/of15641/qcore/cmake-build-release/share/entos/2.1.1/data
 Number of threads: 2
 Number of threads was determined by: number of physical cores

 --------------------------------------------------------------------------------
                                command: excitons                                
 --------------------------------------------------------------------------------
 XTB basis setup:                        reference basis
 Implicit solvation model:               none
 Number of basis functions:            244
 GFN version:                            chlorophyll
 Integral screening threshold:           1.00e-10
 Total charge:                           0.000000000
 Number of electrons:                  218.000000000
 Electronic temperature (Kelvin):        0.000000000

 D3BJ energy:                           -0.061122300
 Repulsive energy:                       1.519310283

 ****************************************************
  Running robust self-consistent charge (SCC) solver 
 ****************************************************
 Number of SCC trials:                   4
 Using the stop-early mechanism for the first 3 trials

 Conv. threshold (charge):               1.00e-05
 Conv. threshold (energy):               1.00e-06
 Initial guess:                          SAD

 -------------
  SCC Trial 1 
 -------------
 Broyden mixing factor:                  0.400000000
 Max number of iterations:             128

 ---------------------------------------------------------------
                  energy        change          grad        time
 ---------------------------------------------------------------
   0      -125.913143837                    6.48e-01        0.01
   1      -126.613448597     -7.00e-01      3.70e-01        0.00
   2      -126.591611070      2.18e-02      9.84e-02        0.00
   3      -126.587251722      4.36e-03      2.68e-02        0.00
   4      -126.625373833     -3.81e-02      7.90e-03        0.00
   5      -126.629735871     -4.36e-03      2.34e-03        0.00
   6      -126.630100245     -3.64e-04      7.49e-04        0.00
   7      -126.630129586     -2.93e-05      1.68e-04        0.00
   8      -126.630130452     -8.66e-07      6.57e-05        0.00
   9      -126.630130504     -5.14e-08      2.66e-05        0.00
  10      -126.630130507     -3.77e-09      9.80e-06        0.00
  11      -126.630130508     -6.85e-10      2.98e-06        0.00

 SCF converged in 10 iterations.

 Entropy contribution (-ST):             0.000000000
 Dipole moment (in Debye):              -4.316000      -0.633102      -0.199999

Chlorophyll parameters
 D_scl:                                  0.636
 Mg_p:                                   0.902
 Mg_s:                                   1.053
 Mgp_Np:                                 1.402
 Mgp_Ns:                                 1.067
 Mgs_Np:                                 1.023
 Mgs_Ns:                                 1.468
 N_p:                                    1.044
 N_s:                                    1.281
 a_x:                                    0.067
 k_p:                                    2.694
 k_s:                                    1.462
 y_J:                                    4.012
 y_K:                                    2.147

 ----------------
  Excitation 0 1 
 ----------------
 Setting up Delta-SCF
 Ground-Excited state overlap:          -0.000000000
 No correction applied to the TDM.
 Excitation energy:                      0.066629756
 Excitation energy (in eV):              1.813088025
 Transition dipole:                     -2.47841      -1.16547       0.14380
 XTB basis setup:                        reference basis
 Implicit solvation model:               none
 Number of basis functions:            244
 GFN version:                            chlorophyll
 Integral screening threshold:           1.00e-10
 Total charge:                           0.000000000
 Number of electrons:                  218.000000000
 Electronic temperature (Kelvin):        0.000000000

 D3BJ energy:                           -0.062133217
 Repulsive energy:                       1.495397806

 ****************************************************
  Running robust self-consistent charge (SCC) solver 
 ****************************************************
 Number of SCC trials:                   4
 Using the stop-early mechanism for the first 3 trials

 Conv. threshold (charge):               1.00e-05
 Conv. threshold (energy):               1.00e-06
 Initial guess:                          SAD

 -------------
  SCC Trial 1 
 -------------
 Broyden mixing factor:                  0.400000000
 Max number of iterations:             128

 ---------------------------------------------------------------
                  energy        change          grad        time
 ---------------------------------------------------------------
   0      -125.920428723                    6.47e-01        0.01
   1      -126.607979879     -6.88e-01      3.69e-01        0.01
   2      -126.595920379      1.21e-02      9.81e-02        0.01
   3      -126.601257389     -5.34e-03      2.17e-02        0.01
   4      -126.620286245     -1.90e-02      5.78e-03        0.01
   5      -126.622184155     -1.90e-03      2.07e-03        0.01
   6      -126.622440344     -2.56e-04      8.84e-04        0.01
   7      -126.622492986     -5.26e-05      1.83e-04        0.01
   8      -126.622494462     -1.48e-06      5.27e-05        0.01
   9      -126.622494510     -4.79e-08      2.22e-05        0.01
  10      -126.622494515     -5.32e-09      8.53e-06        0.01
  11      -126.622494516     -6.56e-10      2.81e-06        0.01

 SCF converged in 10 iterations.

 Entropy contribution (-ST):             0.000000000
 Dipole moment (in Debye):               0.420626       3.140888      -0.234901

Chlorophyll parameters
 D_scl:                                  0.636
 Mg_p:                                   0.902
 Mg_s:                                   1.053
 Mgp_Np:                                 1.402
 Mgp_Ns:                                 1.067
 Mgs_Np:                                 1.023
 Mgs_Ns:                                 1.468
 N_p:                                    1.044
 N_s:                                    1.281
 a_x:                                    0.067
 k_p:                                    2.694
 k_s:                                    1.462
 y_J:                                    4.012
 y_K:                                    2.147

 ----------------
  Excitation 0 1 
 ----------------
 Setting up Delta-SCF
 Ground-Excited state overlap:          -0.000000000
 No correction applied to the TDM.
 Excitation energy:                      0.066042886
 Excitation energy (in eV):              1.797118471
 Transition dipole:                      1.04119      -2.47381       0.06726

 ******************
  Exciton analysis 
 ******************

 eigenvalues
 -----------
 state 0:                             -253.2526 hr
 state 1:                             -253.1866 hr
 state 2:                             -253.1860 hr

 coupling energies
 -----------------
 states 1, 2:                           -3.0423 cm^-1

 distances
 ---------
 chromophore 1, 2:                      75.8174 au

 charge centers
                         X                   Y                   Z
 1            78.623913508        16.853949061        59.178943950
 2            67.960863772        91.019637101        47.601633270
 Saving results in set 'trunc_bchla_10_bchla_18_frame_30001'

 --------------------------------------------------------------------------------

 End time:                               Thu Sep  9 11:19:43 2021
 Total wall-clock time:                  0.424 seconds
==================================================================================
