
================================================================================
          _____________ ________ _______________ ________     _________         
         / ___________// ______ \\_____   _____// ______ \   / ________)        
        / /_________  / /      \ \     | |     / /      \ \ | (_______          
       |  __________|| |        | |    | |    | |        | | \________ \        
        \ \_________ | |        | |    | |     \ \______/ /___________) |       
         \__________||_|        |_|    |_|      \________//____________/        
                                                                                
====================================[ Qcore ]===================================

 Git hash:   0385c69a4f85ff35f953e853350ecec6fa7ab330
 Git date:   Wed, 8 Sep 2021 10:09:58 +0100
 Compiler:   AppleClang 10.0.1.10010046
 Build type: Release
 Version:    2.1.1

 Start time: Fri Sep 10 12:00:44 2021

 Data directory: /Users/of15641/qcore/cmake-build-release/share/entos/2.1.1/data
 Number of threads: 2
 Number of threads was determined by: number of physical cores

 --------------------------------------------------------------------------------
                                command: excitons                                
 --------------------------------------------------------------------------------
 XTB basis setup:                        reference basis
 Implicit solvation model:               none
 Number of basis functions:            244
 GFN version:                            chlorophyll
 Integral screening threshold:           1.00e-10
 Total charge:                           0.000000000
 Number of electrons:                  218.000000000
 Electronic temperature (Kelvin):        0.000000000

 D3BJ energy:                           -0.062104320
 Repulsive energy:                       1.478280172

 ****************************************************
  Running robust self-consistent charge (SCC) solver 
 ****************************************************
 Number of SCC trials:                   4
 Using the stop-early mechanism for the first 3 trials

 Conv. threshold (charge):               1.00e-05
 Conv. threshold (energy):               1.00e-06
 Initial guess:                          SAD

 -------------
  SCC Trial 1 
 -------------
 Broyden mixing factor:                  0.400000000
 Max number of iterations:             128

 ---------------------------------------------------------------
                  energy        change          grad        time
 ---------------------------------------------------------------
   0      -125.903366582                    6.45e-01        0.01
   1      -126.578857408     -6.75e-01      3.68e-01        0.01
   2      -126.554803918      2.41e-02      9.69e-02        0.01
   3      -126.553715552      1.09e-03      2.47e-02        0.01
   4      -126.591458305     -3.77e-02      5.19e-03        0.01
   5      -126.593087543     -1.63e-03      2.11e-03        0.01
   6      -126.593342868     -2.55e-04      9.16e-04        0.01
   7      -126.593395127     -5.23e-05      1.90e-04        0.01
   8      -126.593396286     -1.16e-06      5.59e-05        0.01
   9      -126.593396307     -2.14e-08      2.64e-05        0.01
  10      -126.593396313     -5.32e-09      9.50e-06        0.01
  11      -126.593396314     -1.05e-09      3.16e-06        0.01

 SCF converged in 10 iterations.

 Entropy contribution (-ST):             0.000000000
 Dipole moment (in Debye):              -4.078984       0.472475       0.135626

Chlorophyll parameters
 D_scl:                                  0.636
 Mg_p:                                   0.902
 Mg_s:                                   1.053
 Mgp_Np:                                 1.402
 Mgp_Ns:                                 1.067
 Mgs_Np:                                 1.023
 Mgs_Ns:                                 1.468
 N_p:                                    1.044
 N_s:                                    1.281
 a_x:                                    0.067
 k_p:                                    2.694
 k_s:                                    1.462
 y_J:                                    4.012
 y_K:                                    2.147

 ----------------
  Excitation 0 1 
 ----------------
 Setting up Delta-SCF
 Ground-Excited state overlap:           0.000000000
 No correction applied to the TDM.
 Excitation energy:                      0.066840537
 Excitation energy (in eV):              1.818823664
 Transition dipole:                      2.33286       1.44320      -0.25031
 XTB basis setup:                        reference basis
 Implicit solvation model:               none
 Number of basis functions:            244
 GFN version:                            chlorophyll
 Integral screening threshold:           1.00e-10
 Total charge:                           0.000000000
 Number of electrons:                  218.000000000
 Electronic temperature (Kelvin):        0.000000000

 D3BJ energy:                           -0.061604920
 Repulsive energy:                       1.458178359

 ****************************************************
  Running robust self-consistent charge (SCC) solver 
 ****************************************************
 Number of SCC trials:                   4
 Using the stop-early mechanism for the first 3 trials

 Conv. threshold (charge):               1.00e-05
 Conv. threshold (energy):               1.00e-06
 Initial guess:                          SAD

 -------------
  SCC Trial 1 
 -------------
 Broyden mixing factor:                  0.400000000
 Max number of iterations:             128

 ---------------------------------------------------------------
                  energy        change          grad        time
 ---------------------------------------------------------------
   0      -125.883392186                    6.45e-01        0.01
   1      -126.566595524     -6.83e-01      3.68e-01        0.01
   2      -126.543708019      2.29e-02      9.92e-02        0.01
   3      -126.547474053     -3.77e-03      2.48e-02        0.01
   4      -126.579965831     -3.25e-02      5.64e-03        0.01
   5      -126.581685001     -1.72e-03      2.54e-03        0.01
   6      -126.582098787     -4.14e-04      9.62e-04        0.01
   7      -126.582149581     -5.08e-05      2.04e-04        0.01
   8      -126.582150918     -1.34e-06      6.13e-05        0.01
   9      -126.582150950     -3.27e-08      3.04e-05        0.01
  10      -126.582150956     -5.84e-09      1.05e-05        0.01
  11      -126.582150957     -5.92e-10      3.16e-06        0.01
  12      -126.582150957     -6.25e-11      6.14e-07        0.01

 SCF converged in 11 iterations.

 Entropy contribution (-ST):             0.000000000
 Dipole moment (in Debye):              -3.620461      -1.903258       0.056847

Chlorophyll parameters
 D_scl:                                  0.636
 Mg_p:                                   0.902
 Mg_s:                                   1.053
 Mgp_Np:                                 1.402
 Mgp_Ns:                                 1.067
 Mgs_Np:                                 1.023
 Mgs_Ns:                                 1.468
 N_p:                                    1.044
 N_s:                                    1.281
 a_x:                                    0.067
 k_p:                                    2.694
 k_s:                                    1.462
 y_J:                                    4.012
 y_K:                                    2.147

 ----------------
  Excitation 0 1 
 ----------------
 Setting up Delta-SCF
 Ground-Excited state overlap:           0.000000000
 No correction applied to the TDM.
 Excitation energy:                      0.066491097
 Excitation energy (in eV):              1.809314932
 Transition dipole:                      1.28905       2.41437      -0.32881

 ******************
  Exciton analysis 
 ******************

 eigenvalues
 -----------
 state 0:                             -253.1756 hr
 state 1:                             -253.1094 hr
 state 2:                             -253.1085 hr

 coupling energies
 -----------------
 states 1, 2:                          -80.3990 cm^-1

 distances
 ---------
 chromophore 1, 2:                      32.9477 au

 charge centers
                         X                   Y                   Z
 1            77.181879080        19.804965359        57.827768170
 2            91.093393677        49.525639838        54.877276568
 Saving results in set 'trunc_bchla_10_bchla_13_frame_35601'

 --------------------------------------------------------------------------------

 End time:                               Fri Sep 10 12:00:44 2021
 Total wall-clock time:                  0.556 seconds
==================================================================================
