
================================================================================
          _____________ ________ _______________ ________     _________         
         / ___________// ______ \\_____   _____// ______ \   / ________)        
        / /_________  / /      \ \     | |     / /      \ \ | (_______          
       |  __________|| |        | |    | |    | |        | | \________ \        
        \ \_________ | |        | |    | |     \ \______/ /___________) |       
         \__________||_|        |_|    |_|      \________//____________/        
                                                                                
====================================[ Qcore ]===================================

 Git hash:   0385c69a4f85ff35f953e853350ecec6fa7ab330
 Git date:   Wed, 8 Sep 2021 10:09:58 +0100
 Compiler:   AppleClang 10.0.1.10010046
 Build type: Release
 Version:    2.1.1

 Start time: Fri Sep 10 12:03:16 2021

 Data directory: /Users/of15641/qcore/cmake-build-release/share/entos/2.1.1/data
 Number of threads: 2
 Number of threads was determined by: number of physical cores

 --------------------------------------------------------------------------------
                                command: excitons                                
 --------------------------------------------------------------------------------
 XTB basis setup:                        reference basis
 Implicit solvation model:               none
 Number of basis functions:            244
 GFN version:                            chlorophyll
 Integral screening threshold:           1.00e-10
 Total charge:                           0.000000000
 Number of electrons:                  218.000000000
 Electronic temperature (Kelvin):        0.000000000

 D3BJ energy:                           -0.062922460
 Repulsive energy:                       1.513700450

 ****************************************************
  Running robust self-consistent charge (SCC) solver 
 ****************************************************
 Number of SCC trials:                   4
 Using the stop-early mechanism for the first 3 trials

 Conv. threshold (charge):               1.00e-05
 Conv. threshold (energy):               1.00e-06
 Initial guess:                          SAD

 -------------
  SCC Trial 1 
 -------------
 Broyden mixing factor:                  0.400000000
 Max number of iterations:             128

 ---------------------------------------------------------------
                  energy        change          grad        time
 ---------------------------------------------------------------
   0      -125.910773351                    6.47e-01        0.01
   1      -126.596470113     -6.86e-01      3.69e-01        0.00
   2      -126.581096740      1.54e-02      9.74e-02        0.01
   3      -126.590742627     -9.65e-03      2.19e-02        0.00
   4      -126.611040733     -2.03e-02      5.03e-03        0.00
   5      -126.612363699     -1.32e-03      1.94e-03        0.00
   6      -126.612540469     -1.77e-04      9.07e-04        0.01
   7      -126.612595317     -5.48e-05      2.20e-04        0.00
   8      -126.612597784     -2.47e-06      6.91e-05        0.01
   9      -126.612597879     -9.47e-08      2.75e-05        0.00
  10      -126.612597884     -5.70e-09      9.98e-06        0.00
  11      -126.612597885     -7.68e-10      3.23e-06        0.01

 SCF converged in 10 iterations.

 Entropy contribution (-ST):             0.000000000
 Dipole moment (in Debye):              -4.448365       0.405801       0.536038

Chlorophyll parameters
 D_scl:                                  0.636
 Mg_p:                                   0.902
 Mg_s:                                   1.053
 Mgp_Np:                                 1.402
 Mgp_Ns:                                 1.067
 Mgs_Np:                                 1.023
 Mgs_Ns:                                 1.468
 N_p:                                    1.044
 N_s:                                    1.281
 a_x:                                    0.067
 k_p:                                    2.694
 k_s:                                    1.462
 y_J:                                    4.012
 y_K:                                    2.147

 ----------------
  Excitation 0 1 
 ----------------
 Setting up Delta-SCF
 Ground-Excited state overlap:          -0.000000000
 No correction applied to the TDM.
 Excitation energy:                      0.066996526
 Excitation energy (in eV):              1.823068354
 Transition dipole:                     -2.22247      -1.63368       0.09382
 XTB basis setup:                        reference basis
 Implicit solvation model:               none
 Number of basis functions:            244
 GFN version:                            chlorophyll
 Integral screening threshold:           1.00e-10
 Total charge:                           0.000000000
 Number of electrons:                  218.000000000
 Electronic temperature (Kelvin):        0.000000000

 D3BJ energy:                           -0.061232523
 Repulsive energy:                       1.468078680

 ****************************************************
  Running robust self-consistent charge (SCC) solver 
 ****************************************************
 Number of SCC trials:                   4
 Using the stop-early mechanism for the first 3 trials

 Conv. threshold (charge):               1.00e-05
 Conv. threshold (energy):               1.00e-06
 Initial guess:                          SAD

 -------------
  SCC Trial 1 
 -------------
 Broyden mixing factor:                  0.400000000
 Max number of iterations:             128

 ---------------------------------------------------------------
                  energy        change          grad        time
 ---------------------------------------------------------------
   0      -125.902933959                    6.45e-01        0.01
   1      -126.586116182     -6.83e-01      3.68e-01        0.01
   2      -126.560535442      2.56e-02      9.70e-02        0.01
   3      -126.526569513      3.40e-02      3.16e-02        0.01
   4      -126.593252772     -6.67e-02      9.78e-03        0.01
   5      -126.599648045     -6.40e-03      2.11e-03        0.01
   6      -126.599716600     -6.86e-05      7.91e-04        0.01
   7      -126.599734775     -1.82e-05      2.64e-04        0.01
   8      -126.599736318     -1.54e-06      1.64e-04        0.01
   9      -126.599737006     -6.88e-07      7.21e-05        0.01
  10      -126.599737021     -1.49e-08      3.12e-05        0.01
  11      -126.599737031     -9.78e-09      5.92e-06        0.01
  12      -126.599737032     -6.20e-10      1.49e-06        0.01

 SCF converged in 11 iterations.

 Entropy contribution (-ST):             0.000000000
 Dipole moment (in Debye):               2.110932       2.784693       2.698308

Chlorophyll parameters
 D_scl:                                  0.636
 Mg_p:                                   0.902
 Mg_s:                                   1.053
 Mgp_Np:                                 1.402
 Mgp_Ns:                                 1.067
 Mgs_Np:                                 1.023
 Mgs_Ns:                                 1.468
 N_p:                                    1.044
 N_s:                                    1.281
 a_x:                                    0.067
 k_p:                                    2.694
 k_s:                                    1.462
 y_J:                                    4.012
 y_K:                                    2.147

 ----------------
  Excitation 0 1 
 ----------------
 Setting up Delta-SCF
 Ground-Excited state overlap:           0.000000000
 No correction applied to the TDM.
 Excitation energy:                      0.065538796
 Excitation energy (in eV):              1.783401504
 Transition dipole:                      1.77705      -2.09595      -0.47039

 ******************
  Exciton analysis 
 ******************

 eigenvalues
 -----------
 state 0:                             -253.2123 hr
 state 1:                             -253.1468 hr
 state 2:                             -253.1453 hr

 coupling energies
 -----------------
 states 1, 2:                           -5.2804 cm^-1

 distances
 ---------
 chromophore 1, 2:                      73.9359 au

 charge centers
                         X                   Y                   Z
 1            78.448050304        15.381300430        56.906258690
 2            88.503661904        84.485719614        81.195693093
 Saving results in set 'trunc_bchla_10_bchla_14_frame_15501'

 --------------------------------------------------------------------------------

 End time:                               Fri Sep 10 12:03:17 2021
 Total wall-clock time:                  0.449 seconds
==================================================================================
