
================================================================================
          _____________ ________ _______________ ________     _________         
         / ___________// ______ \\_____   _____// ______ \   / ________)        
        / /_________  / /      \ \     | |     / /      \ \ | (_______          
       |  __________|| |        | |    | |    | |        | | \________ \        
        \ \_________ | |        | |    | |     \ \______/ /___________) |       
         \__________||_|        |_|    |_|      \________//____________/        
                                                                                
====================================[ Qcore ]===================================

 Git hash:   0385c69a4f85ff35f953e853350ecec6fa7ab330
 Git date:   Wed, 8 Sep 2021 10:09:58 +0100
 Compiler:   AppleClang 10.0.1.10010046
 Build type: Release
 Version:    2.1.1

 Start time: Fri Sep 10 11:54:18 2021

 Data directory: /Users/of15641/qcore/cmake-build-release/share/entos/2.1.1/data
 Number of threads: 2
 Number of threads was determined by: number of physical cores

 --------------------------------------------------------------------------------
                                command: excitons                                
 --------------------------------------------------------------------------------
 XTB basis setup:                        reference basis
 Implicit solvation model:               none
 Number of basis functions:            244
 GFN version:                            chlorophyll
 Integral screening threshold:           1.00e-10
 Total charge:                           0.000000000
 Number of electrons:                  218.000000000
 Electronic temperature (Kelvin):        0.000000000

 D3BJ energy:                           -0.061070239
 Repulsive energy:                       1.495579398

 ****************************************************
  Running robust self-consistent charge (SCC) solver 
 ****************************************************
 Number of SCC trials:                   4
 Using the stop-early mechanism for the first 3 trials

 Conv. threshold (charge):               1.00e-05
 Conv. threshold (energy):               1.00e-06
 Initial guess:                          SAD

 -------------
  SCC Trial 1 
 -------------
 Broyden mixing factor:                  0.400000000
 Max number of iterations:             128

 ---------------------------------------------------------------
                  energy        change          grad        time
 ---------------------------------------------------------------
   0      -125.867610420                    6.46e-01        0.01
   1      -126.571489766     -7.04e-01      3.69e-01        0.00
   2      -126.536077247      3.54e-02      1.01e-01        0.00
   3      -126.522855569      1.32e-02      3.00e-02        0.00
   4      -126.585126446     -6.23e-02      9.37e-03        0.00
   5      -126.590743438     -5.62e-03      1.95e-03        0.00
   6      -126.590821742     -7.83e-05      7.80e-04        0.00
   7      -126.590839320     -1.76e-05      2.77e-04        0.00
   8      -126.590842003     -2.68e-06      1.52e-04        0.00
   9      -126.590842271     -2.68e-07      5.42e-05        0.00
  10      -126.590842297     -2.62e-08      1.45e-05        0.00
  11      -126.590842300     -3.43e-09      4.05e-06        0.00
  12      -126.590842301     -1.39e-10      9.39e-07        0.00

 SCF converged in 11 iterations.

 Entropy contribution (-ST):             0.000000000
 Dipole moment (in Debye):              -1.515385      -0.312617       1.118711

Chlorophyll parameters
 D_scl:                                  0.636
 Mg_p:                                   0.902
 Mg_s:                                   1.053
 Mgp_Np:                                 1.402
 Mgp_Ns:                                 1.067
 Mgs_Np:                                 1.023
 Mgs_Ns:                                 1.468
 N_p:                                    1.044
 N_s:                                    1.281
 a_x:                                    0.067
 k_p:                                    2.694
 k_s:                                    1.462
 y_J:                                    4.012
 y_K:                                    2.147

 ----------------
  Excitation 0 1 
 ----------------
 Setting up Delta-SCF
 Ground-Excited state overlap:           0.000000000
 No correction applied to the TDM.
 Excitation energy:                      0.068880477
 Excitation energy (in eV):              1.874333275
 Transition dipole:                     -2.21397      -1.36883      -0.06836
 XTB basis setup:                        reference basis
 Implicit solvation model:               none
 Number of basis functions:            244
 GFN version:                            chlorophyll
 Integral screening threshold:           1.00e-10
 Total charge:                           0.000000000
 Number of electrons:                  218.000000000
 Electronic temperature (Kelvin):        0.000000000

 D3BJ energy:                           -0.060719844
 Repulsive energy:                       1.556302165

 ****************************************************
  Running robust self-consistent charge (SCC) solver 
 ****************************************************
 Number of SCC trials:                   4
 Using the stop-early mechanism for the first 3 trials

 Conv. threshold (charge):               1.00e-05
 Conv. threshold (energy):               1.00e-06
 Initial guess:                          SAD

 -------------
  SCC Trial 1 
 -------------
 Broyden mixing factor:                  0.400000000
 Max number of iterations:             128

 ---------------------------------------------------------------
                  energy        change          grad        time
 ---------------------------------------------------------------
   0      -125.932172814                    6.47e-01        0.01
   1      -126.581833747     -6.50e-01      3.70e-01        0.01
   2      -126.437414753      1.44e-01      1.08e-01        0.01
   3      -126.415090588      2.23e-02      5.39e-02        0.01
   4      -126.616071346     -2.01e-01      1.15e-02        0.01
   5      -126.622194353     -6.12e-03      4.01e-03        0.02
   6      -126.622211168     -1.68e-05      2.08e-03        0.01
   7      -126.622418492     -2.07e-04      6.64e-04        0.01
   8      -126.622420922     -2.43e-06      3.02e-04        0.01
   9      -126.622422168     -1.25e-06      9.02e-05        0.01
  10      -126.622422267     -9.82e-08      2.40e-05        0.01
  11      -126.622422280     -1.39e-08      6.47e-06        0.01
  12      -126.622422281     -3.82e-10      1.86e-06        0.01

 SCF converged in 11 iterations.

 Entropy contribution (-ST):             0.000000000
 Dipole moment (in Debye):               5.664382       0.260405       0.368191

Chlorophyll parameters
 D_scl:                                  0.636
 Mg_p:                                   0.902
 Mg_s:                                   1.053
 Mgp_Np:                                 1.402
 Mgp_Ns:                                 1.067
 Mgs_Np:                                 1.023
 Mgs_Ns:                                 1.468
 N_p:                                    1.044
 N_s:                                    1.281
 a_x:                                    0.067
 k_p:                                    2.694
 k_s:                                    1.462
 y_J:                                    4.012
 y_K:                                    2.147

 ----------------
  Excitation 0 1 
 ----------------
 Setting up Delta-SCF
 Ground-Excited state overlap:           0.000000000
 No correction applied to the TDM.
 Excitation energy:                      0.067595285
 Excitation energy (in eV):              1.839361421
 Transition dipole:                      2.43699       1.14197       0.01199

 ******************
  Exciton analysis 
 ******************

 eigenvalues
 -----------
 state 0:                             -253.2159 hr
 state 1:                             -253.1491 hr
 state 2:                             -253.1461 hr

 coupling energies
 -----------------
 states 1, 2:                          323.7590 cm^-1

 distances
 ---------
 chromophore 1, 2:                      18.0658 au

 charge centers
                         X                   Y                   Z
 1            77.743787325        16.638903244        57.275126319
 2            88.331261199        31.231784879        56.124160044
 Saving results in set 'trunc_bchla_10_bchla_12_frame_12801'

 --------------------------------------------------------------------------------

 End time:                               Fri Sep 10 11:54:19 2021
 Total wall-clock time:                  0.449 seconds
==================================================================================
