
================================================================================
          _____________ ________ _______________ ________     _________         
         / ___________// ______ \\_____   _____// ______ \   / ________)        
        / /_________  / /      \ \     | |     / /      \ \ | (_______          
       |  __________|| |        | |    | |    | |        | | \________ \        
        \ \_________ | |        | |    | |     \ \______/ /___________) |       
         \__________||_|        |_|    |_|      \________//____________/        
                                                                                
====================================[ Qcore ]===================================

 Git hash:   0385c69a4f85ff35f953e853350ecec6fa7ab330
 Git date:   Wed, 8 Sep 2021 10:09:58 +0100
 Compiler:   AppleClang 10.0.1.10010046
 Build type: Release
 Version:    2.1.1

 Start time: Thu Sep  9 11:38:43 2021

 Data directory: /Users/of15641/qcore/cmake-build-release/share/entos/2.1.1/data
 Number of threads: 2
 Number of threads was determined by: number of physical cores

 --------------------------------------------------------------------------------
                                command: excitons                                
 --------------------------------------------------------------------------------
 XTB basis setup:                        reference basis
 Implicit solvation model:               none
 Number of basis functions:            244
 GFN version:                            chlorophyll
 Integral screening threshold:           1.00e-10
 Total charge:                           0.000000000
 Number of electrons:                  218.000000000
 Electronic temperature (Kelvin):        0.000000000

 D3BJ energy:                           -0.061679928
 Repulsive energy:                       1.479346527

 ****************************************************
  Running robust self-consistent charge (SCC) solver 
 ****************************************************
 Number of SCC trials:                   4
 Using the stop-early mechanism for the first 3 trials

 Conv. threshold (charge):               1.00e-05
 Conv. threshold (energy):               1.00e-06
 Initial guess:                          SAD

 -------------
  SCC Trial 1 
 -------------
 Broyden mixing factor:                  0.400000000
 Max number of iterations:             128

 ---------------------------------------------------------------
                  energy        change          grad        time
 ---------------------------------------------------------------
   0      -125.836078138                    6.46e-01        0.02
   1      -126.544925892     -7.09e-01      3.68e-01        0.01
   2      -126.516190057      2.87e-02      9.98e-02        0.01
   3      -126.505688625      1.05e-02      2.86e-02        0.01
   4      -126.555389475     -4.97e-02      8.61e-03        0.01
   5      -126.560254542     -4.87e-03      2.01e-03        0.01
   6      -126.560432995     -1.78e-04      7.66e-04        0.01
   7      -126.560457387     -2.44e-05      2.39e-04        0.02
   8      -126.560459700     -2.31e-06      1.02e-04        0.01
   9      -126.560459853     -1.53e-07      4.31e-05        0.01
  10      -126.560459855     -2.21e-09      1.74e-05        0.01
  11      -126.560459858     -3.61e-09      4.08e-06        0.01
  12      -126.560459859     -2.98e-10      1.27e-06        0.02

 SCF converged in 11 iterations.

 Entropy contribution (-ST):             0.000000000
 Dipole moment (in Debye):              -4.224816      -1.289191       1.629253

Chlorophyll parameters
 D_scl:                                  0.636
 Mg_p:                                   0.902
 Mg_s:                                   1.053
 Mgp_Np:                                 1.402
 Mgp_Ns:                                 1.067
 Mgs_Np:                                 1.023
 Mgs_Ns:                                 1.468
 N_p:                                    1.044
 N_s:                                    1.281
 a_x:                                    0.067
 k_p:                                    2.694
 k_s:                                    1.462
 y_J:                                    4.012
 y_K:                                    2.147

 ----------------
  Excitation 0 1 
 ----------------
 Setting up Delta-SCF
 Ground-Excited state overlap:          -0.000000000
 No correction applied to the TDM.
 Excitation energy:                      0.068237640
 Excitation energy (in eV):              1.856840769
 Transition dipole:                      2.11383      -1.67811       0.65443
 XTB basis setup:                        reference basis
 Implicit solvation model:               none
 Number of basis functions:            244
 GFN version:                            chlorophyll
 Integral screening threshold:           1.00e-10
 Total charge:                           0.000000000
 Number of electrons:                  218.000000000
 Electronic temperature (Kelvin):        0.000000000

 D3BJ energy:                           -0.061966279
 Repulsive energy:                       1.503171855

 ****************************************************
  Running robust self-consistent charge (SCC) solver 
 ****************************************************
 Number of SCC trials:                   4
 Using the stop-early mechanism for the first 3 trials

 Conv. threshold (charge):               1.00e-05
 Conv. threshold (energy):               1.00e-06
 Initial guess:                          SAD

 -------------
  SCC Trial 1 
 -------------
 Broyden mixing factor:                  0.400000000
 Max number of iterations:             128

 ---------------------------------------------------------------
                  energy        change          grad        time
 ---------------------------------------------------------------
   0      -125.904957658                    6.46e-01        0.01
   1      -126.587510089     -6.83e-01      3.69e-01        0.03
   2      -126.572392662      1.51e-02      9.60e-02        0.01
   3      -126.573626618     -1.23e-03      2.31e-02        0.01
   4      -126.599296322     -2.57e-02      5.59e-03        0.01
   5      -126.601110077     -1.81e-03      2.01e-03        0.01
   6      -126.601369163     -2.59e-04      8.44e-04        0.01
   7      -126.601415243     -4.61e-05      1.70e-04        0.02
   8      -126.601416311     -1.07e-06      6.02e-05        0.01
   9      -126.601416375     -6.39e-08      2.22e-05        0.01
  10      -126.601416380     -5.46e-09      7.79e-06        0.02
  11      -126.601416381     -5.56e-10      2.78e-06        0.01

 SCF converged in 10 iterations.

 Entropy contribution (-ST):             0.000000000
 Dipole moment (in Debye):              -1.707085       2.135840       2.001878

Chlorophyll parameters
 D_scl:                                  0.636
 Mg_p:                                   0.902
 Mg_s:                                   1.053
 Mgp_Np:                                 1.402
 Mgp_Ns:                                 1.067
 Mgs_Np:                                 1.023
 Mgs_Ns:                                 1.468
 N_p:                                    1.044
 N_s:                                    1.281
 a_x:                                    0.067
 k_p:                                    2.694
 k_s:                                    1.462
 y_J:                                    4.012
 y_K:                                    2.147

 ----------------
  Excitation 0 1 
 ----------------
 Setting up Delta-SCF
 Ground-Excited state overlap:           0.000000000
 No correction applied to the TDM.
 Excitation energy:                      0.068382841
 Excitation energy (in eV):              1.860791910
 Transition dipole:                     -2.67956       0.48388      -0.13111

 ******************
  Exciton analysis 
 ******************

 eigenvalues
 -----------
 state 0:                             -253.1620 hr
 state 1:                             -253.0937 hr
 state 2:                             -253.0936 hr

 coupling energies
 -----------------
 states 1, 2:                            2.7446 cm^-1

 distances
 ---------
 chromophore 1, 2:                      51.8407 au

 charge centers
                         X                   Y                   Z
 1             5.530785237        -1.984232864        82.563163883
 2            50.257186558         0.195227762        56.443084259
 Saving results in set 'trunc_bchla_2_bchla_7_frame_40001'

 --------------------------------------------------------------------------------

 End time:                               Thu Sep  9 11:38:44 2021
 Total wall-clock time:                  0.845 seconds
==================================================================================
