
================================================================================
          _____________ ________ _______________ ________     _________         
         / ___________// ______ \\_____   _____// ______ \   / ________)        
        / /_________  / /      \ \     | |     / /      \ \ | (_______          
       |  __________|| |        | |    | |    | |        | | \________ \        
        \ \_________ | |        | |    | |     \ \______/ /___________) |       
         \__________||_|        |_|    |_|      \________//____________/        
                                                                                
====================================[ Qcore ]===================================

 Git hash:   0385c69a4f85ff35f953e853350ecec6fa7ab330
 Git date:   Wed, 8 Sep 2021 10:09:58 +0100
 Compiler:   AppleClang 10.0.1.10010046
 Build type: Release
 Version:    2.1.1

 Start time: Thu Sep  9 11:21:55 2021

 Data directory: /Users/of15641/qcore/cmake-build-release/share/entos/2.1.1/data
 Number of threads: 2
 Number of threads was determined by: number of physical cores

 --------------------------------------------------------------------------------
                                command: excitons                                
 --------------------------------------------------------------------------------
 XTB basis setup:                        reference basis
 Implicit solvation model:               none
 Number of basis functions:            244
 GFN version:                            chlorophyll
 Integral screening threshold:           1.00e-10
 Total charge:                           0.000000000
 Number of electrons:                  218.000000000
 Electronic temperature (Kelvin):        0.000000000

 D3BJ energy:                           -0.062015357
 Repulsive energy:                       1.504602221

 ****************************************************
  Running robust self-consistent charge (SCC) solver 
 ****************************************************
 Number of SCC trials:                   4
 Using the stop-early mechanism for the first 3 trials

 Conv. threshold (charge):               1.00e-05
 Conv. threshold (energy):               1.00e-06
 Initial guess:                          SAD

 -------------
  SCC Trial 1 
 -------------
 Broyden mixing factor:                  0.400000000
 Max number of iterations:             128

 ---------------------------------------------------------------
                  energy        change          grad        time
 ---------------------------------------------------------------
   0      -125.891371768                    6.48e-01        0.01
   1      -126.574800394     -6.83e-01      3.70e-01        0.00
   2      -126.529901648      4.49e-02      9.84e-02        0.00
   3      -126.468702126      6.12e-02      4.02e-02        0.00
   4      -126.586086594     -1.17e-01      1.01e-02        0.00
   5      -126.592080627     -5.99e-03      2.54e-03        0.00
   6      -126.592129709     -4.91e-05      8.78e-04        0.01
   7      -126.592152363     -2.27e-05      2.96e-04        0.01
   8      -126.592152221      1.42e-07      1.86e-04        0.01
   9      -126.592152616     -3.95e-07      7.88e-05        0.00
  10      -126.592152721     -1.04e-07      2.69e-05        0.00
  11      -126.592152733     -1.26e-08      5.84e-06        0.00
  12      -126.592152734     -1.24e-09      1.67e-06        0.00

 SCF converged in 11 iterations.

 Entropy contribution (-ST):             0.000000000
 Dipole moment (in Debye):               2.184335      -0.886218       1.557984

Chlorophyll parameters
 D_scl:                                  0.636
 Mg_p:                                   0.902
 Mg_s:                                   1.053
 Mgp_Np:                                 1.402
 Mgp_Ns:                                 1.067
 Mgs_Np:                                 1.023
 Mgs_Ns:                                 1.468
 N_p:                                    1.044
 N_s:                                    1.281
 a_x:                                    0.067
 k_p:                                    2.694
 k_s:                                    1.462
 y_J:                                    4.012
 y_K:                                    2.147

 ----------------
  Excitation 0 1 
 ----------------
 Setting up Delta-SCF
 Ground-Excited state overlap:          -0.000000000
 No correction applied to the TDM.
 Excitation energy:                      0.064901273
 Excitation energy (in eV):              1.766053598
 Transition dipole:                      0.08064      -2.67965      -0.58859
 XTB basis setup:                        reference basis
 Implicit solvation model:               none
 Number of basis functions:            244
 GFN version:                            chlorophyll
 Integral screening threshold:           1.00e-10
 Total charge:                           0.000000000
 Number of electrons:                  218.000000000
 Electronic temperature (Kelvin):        0.000000000

 D3BJ energy:                           -0.060784486
 Repulsive energy:                       1.459403976

 ****************************************************
  Running robust self-consistent charge (SCC) solver 
 ****************************************************
 Number of SCC trials:                   4
 Using the stop-early mechanism for the first 3 trials

 Conv. threshold (charge):               1.00e-05
 Conv. threshold (energy):               1.00e-06
 Initial guess:                          SAD

 -------------
  SCC Trial 1 
 -------------
 Broyden mixing factor:                  0.400000000
 Max number of iterations:             128

 ---------------------------------------------------------------
                  energy        change          grad        time
 ---------------------------------------------------------------
   0      -125.831146204                    6.45e-01        0.01
   1      -126.507727662     -6.77e-01      3.67e-01        0.01
   2      -126.449097987      5.86e-02      1.00e-01        0.01
   3      -126.424903029      2.42e-02      3.86e-02        0.01
   4      -126.524978145     -1.00e-01      7.61e-03        0.01
   5      -126.527696541     -2.72e-03      2.77e-03        0.01
   6      -126.528030908     -3.34e-04      1.29e-03        0.01
   7      -126.528125809     -9.49e-05      3.96e-04        0.01
   8      -126.528129904     -4.10e-06      1.35e-04        0.01
   9      -126.528129939     -3.55e-08      7.24e-05        0.01
  10      -126.528129995     -5.58e-08      2.60e-05        0.01
  11      -126.528130004     -9.21e-09      5.01e-06        0.01
  12      -126.528130005     -4.41e-10      1.81e-06        0.01

 SCF converged in 11 iterations.

 Entropy contribution (-ST):             0.000000000
 Dipole moment (in Debye):              -3.103176       0.050403       0.540478

Chlorophyll parameters
 D_scl:                                  0.636
 Mg_p:                                   0.902
 Mg_s:                                   1.053
 Mgp_Np:                                 1.402
 Mgp_Ns:                                 1.067
 Mgs_Np:                                 1.023
 Mgs_Ns:                                 1.468
 N_p:                                    1.044
 N_s:                                    1.281
 a_x:                                    0.067
 k_p:                                    2.694
 k_s:                                    1.462
 y_J:                                    4.012
 y_K:                                    2.147

 ----------------
  Excitation 0 1 
 ----------------
 Setting up Delta-SCF
 Ground-Excited state overlap:           0.000000000
 No correction applied to the TDM.
 Excitation energy:                      0.065508393
 Excitation energy (in eV):              1.782574180
 Transition dipole:                      1.96662       1.77197       0.77828

 ******************
  Exciton analysis 
 ******************

 eigenvalues
 -----------
 state 0:                             -253.1203 hr
 state 1:                             -253.0554 hr
 state 2:                             -253.0548 hr

 coupling energies
 -----------------
 states 1, 2:                           -0.5757 cm^-1

 distances
 ---------
 chromophore 1, 2:                     114.6643 au

 charge centers
                         X                   Y                   Z
 1           100.504700934        49.475932644        83.242330895
 2            -9.421755044        47.347970919        50.691734157
 Saving results in set 'trunc_bchla_11_bchla_27_frame_30001'

 --------------------------------------------------------------------------------

 End time:                               Thu Sep  9 11:21:55 2021
 Total wall-clock time:                  0.438 seconds
==================================================================================
