
================================================================================
          _____________ ________ _______________ ________     _________         
         / ___________// ______ \\_____   _____// ______ \   / ________)        
        / /_________  / /      \ \     | |     / /      \ \ | (_______          
       |  __________|| |        | |    | |    | |        | | \________ \        
        \ \_________ | |        | |    | |     \ \______/ /___________) |       
         \__________||_|        |_|    |_|      \________//____________/        
                                                                                
====================================[ Qcore ]===================================

 Git hash:   0385c69a4f85ff35f953e853350ecec6fa7ab330
 Git date:   Wed, 8 Sep 2021 10:09:58 +0100
 Compiler:   AppleClang 10.0.1.10010046
 Build type: Release
 Version:    2.1.1

 Start time: Thu Sep  9 11:21:41 2021

 Data directory: /Users/of15641/qcore/cmake-build-release/share/entos/2.1.1/data
 Number of threads: 2
 Number of threads was determined by: number of physical cores

 --------------------------------------------------------------------------------
                                command: excitons                                
 --------------------------------------------------------------------------------
 XTB basis setup:                        reference basis
 Implicit solvation model:               none
 Number of basis functions:            244
 GFN version:                            chlorophyll
 Integral screening threshold:           1.00e-10
 Total charge:                           0.000000000
 Number of electrons:                  218.000000000
 Electronic temperature (Kelvin):        0.000000000

 D3BJ energy:                           -0.062099781
 Repulsive energy:                       1.483594435

 ****************************************************
  Running robust self-consistent charge (SCC) solver 
 ****************************************************
 Number of SCC trials:                   4
 Using the stop-early mechanism for the first 3 trials

 Conv. threshold (charge):               1.00e-05
 Conv. threshold (energy):               1.00e-06
 Initial guess:                          SAD

 -------------
  SCC Trial 1 
 -------------
 Broyden mixing factor:                  0.400000000
 Max number of iterations:             128

 ---------------------------------------------------------------
                  energy        change          grad        time
 ---------------------------------------------------------------
   0      -125.841410344                    6.49e-01        0.01
   1      -126.564475555     -7.23e-01      3.70e-01        0.00
   2      -126.551472007      1.30e-02      1.00e-01        0.00
   3      -126.554656740     -3.18e-03      2.19e-02        0.00
   4      -126.573755754     -1.91e-02      8.22e-03        0.00
   5      -126.578499350     -4.74e-03      2.03e-03        0.00
   6      -126.578731867     -2.33e-04      5.55e-04        0.01
   7      -126.578743661     -1.18e-05      1.89e-04        0.01
   8      -126.578745298     -1.64e-06      6.88e-05        0.01
   9      -126.578745436     -1.38e-07      2.65e-05        0.00
  10      -126.578745447     -1.18e-08      1.07e-05        0.00
  11      -126.578745449     -1.40e-09      3.66e-06        0.00
  12      -126.578745449     -1.37e-10      1.06e-06        0.00

 SCF converged in 11 iterations.

 Entropy contribution (-ST):             0.000000000
 Dipole moment (in Debye):               0.911366      -0.889136       2.052293

Chlorophyll parameters
 D_scl:                                  0.636
 Mg_p:                                   0.902
 Mg_s:                                   1.053
 Mgp_Np:                                 1.402
 Mgp_Ns:                                 1.067
 Mgs_Np:                                 1.023
 Mgs_Ns:                                 1.468
 N_p:                                    1.044
 N_s:                                    1.281
 a_x:                                    0.067
 k_p:                                    2.694
 k_s:                                    1.462
 y_J:                                    4.012
 y_K:                                    2.147

 ----------------
  Excitation 0 1 
 ----------------
 Setting up Delta-SCF
 Ground-Excited state overlap:           0.000000000
 No correction applied to the TDM.
 Excitation energy:                      0.063283537
 Excitation energy (in eV):              1.722032768
 Transition dipole:                      0.14301       2.61983       0.67065
 XTB basis setup:                        reference basis
 Implicit solvation model:               none
 Number of basis functions:            244
 GFN version:                            chlorophyll
 Integral screening threshold:           1.00e-10
 Total charge:                           0.000000000
 Number of electrons:                  218.000000000
 Electronic temperature (Kelvin):        0.000000000

 D3BJ energy:                           -0.062189120
 Repulsive energy:                       1.483485532

 ****************************************************
  Running robust self-consistent charge (SCC) solver 
 ****************************************************
 Number of SCC trials:                   4
 Using the stop-early mechanism for the first 3 trials

 Conv. threshold (charge):               1.00e-05
 Conv. threshold (energy):               1.00e-06
 Initial guess:                          SAD

 -------------
  SCC Trial 1 
 -------------
 Broyden mixing factor:                  0.400000000
 Max number of iterations:             128

 ---------------------------------------------------------------
                  energy        change          grad        time
 ---------------------------------------------------------------
   0      -125.859136112                    6.48e-01        0.01
   1      -126.558056982     -6.99e-01      3.69e-01        0.01
   2      -126.548410402      9.65e-03      9.82e-02        0.01
   3      -126.557154534     -8.74e-03      1.90e-02        0.01
   4      -126.570835972     -1.37e-02      4.76e-03        0.01
   5      -126.571853978     -1.02e-03      2.30e-03        0.01
   6      -126.572120315     -2.66e-04      9.66e-04        0.01
   7      -126.572182704     -6.24e-05      2.22e-04        0.01
   8      -126.572185180     -2.48e-06      5.99e-05        0.01
   9      -126.572185263     -8.37e-08      2.26e-05        0.01
  10      -126.572185267     -3.75e-09      8.60e-06        0.01
  11      -126.572185268     -6.38e-10      2.64e-06        0.01

 SCF converged in 10 iterations.

 Entropy contribution (-ST):             0.000000000
 Dipole moment (in Debye):              -2.291610       2.292892       0.273985

Chlorophyll parameters
 D_scl:                                  0.636
 Mg_p:                                   0.902
 Mg_s:                                   1.053
 Mgp_Np:                                 1.402
 Mgp_Ns:                                 1.067
 Mgs_Np:                                 1.023
 Mgs_Ns:                                 1.468
 N_p:                                    1.044
 N_s:                                    1.281
 a_x:                                    0.067
 k_p:                                    2.694
 k_s:                                    1.462
 y_J:                                    4.012
 y_K:                                    2.147

 ----------------
  Excitation 0 1 
 ----------------
 Setting up Delta-SCF
 Ground-Excited state overlap:          -0.000000000
 No correction applied to the TDM.
 Excitation energy:                      0.065073114
 Excitation energy (in eV):              1.770729629
 Transition dipole:                      2.74635       0.47543      -0.25153

 ******************
  Exciton analysis 
 ******************

 eigenvalues
 -----------
 state 0:                             -253.1509 hr
 state 1:                             -253.0876 hr
 state 2:                             -253.0859 hr

 coupling energies
 -----------------
 states 1, 2:                            0.7541 cm^-1

 distances
 ---------
 chromophore 1, 2:                     108.4637 au

 charge centers
                         X                   Y                   Z
 1            99.814527106        47.169641083        82.399303637
 2             2.040452179        80.727349864        49.558961525
 Saving results in set 'trunc_bchla_11_bchla_24_frame_5001'

 --------------------------------------------------------------------------------

 End time:                               Thu Sep  9 11:21:41 2021
 Total wall-clock time:                  0.416 seconds
==================================================================================
