
================================================================================
          _____________ ________ _______________ ________     _________         
         / ___________// ______ \\_____   _____// ______ \   / ________)        
        / /_________  / /      \ \     | |     / /      \ \ | (_______          
       |  __________|| |        | |    | |    | |        | | \________ \        
        \ \_________ | |        | |    | |     \ \______/ /___________) |       
         \__________||_|        |_|    |_|      \________//____________/        
                                                                                
====================================[ Qcore ]===================================

 Git hash:   0385c69a4f85ff35f953e853350ecec6fa7ab330
 Git date:   Wed, 8 Sep 2021 10:09:58 +0100
 Compiler:   AppleClang 10.0.1.10010046
 Build type: Release
 Version:    2.1.1

 Start time: Thu Sep  9 11:23:23 2021

 Data directory: /Users/of15641/qcore/cmake-build-release/share/entos/2.1.1/data
 Number of threads: 2
 Number of threads was determined by: number of physical cores

 --------------------------------------------------------------------------------
                                command: excitons                                
 --------------------------------------------------------------------------------
 XTB basis setup:                        reference basis
 Implicit solvation model:               none
 Number of basis functions:            244
 GFN version:                            chlorophyll
 Integral screening threshold:           1.00e-10
 Total charge:                           0.000000000
 Number of electrons:                  218.000000000
 Electronic temperature (Kelvin):        0.000000000

 D3BJ energy:                           -0.062124411
 Repulsive energy:                       1.496431610

 ****************************************************
  Running robust self-consistent charge (SCC) solver 
 ****************************************************
 Number of SCC trials:                   4
 Using the stop-early mechanism for the first 3 trials

 Conv. threshold (charge):               1.00e-05
 Conv. threshold (energy):               1.00e-06
 Initial guess:                          SAD

 -------------
  SCC Trial 1 
 -------------
 Broyden mixing factor:                  0.400000000
 Max number of iterations:             128

 ---------------------------------------------------------------
                  energy        change          grad        time
 ---------------------------------------------------------------
   0      -125.907645468                    6.47e-01        0.01
   1      -126.588851513     -6.81e-01      3.69e-01        0.02
   2      -126.556991497      3.19e-02      9.82e-02        0.01
   3      -126.546178711      1.08e-02      3.31e-02        0.01
   4      -126.602236657     -5.61e-02      6.08e-03        0.01
   5      -126.604299677     -2.06e-03      2.44e-03        0.01
   6      -126.604716244     -4.17e-04      9.52e-04        0.00
   7      -126.604769459     -5.32e-05      1.89e-04        0.00
   8      -126.604770585     -1.13e-06      8.62e-05        0.01
   9      -126.604770682     -9.67e-08      3.77e-05        0.01
  10      -126.604770704     -2.22e-08      1.36e-05        0.00
  11      -126.604770707     -2.65e-09      3.32e-06        0.00
  12      -126.604770707     -1.03e-10      1.11e-06        0.00

 SCF converged in 11 iterations.

 Entropy contribution (-ST):             0.000000000
 Dipole moment (in Debye):              -3.434111      -3.568201      -0.175843

Chlorophyll parameters
 D_scl:                                  0.636
 Mg_p:                                   0.902
 Mg_s:                                   1.053
 Mgp_Np:                                 1.402
 Mgp_Ns:                                 1.067
 Mgs_Np:                                 1.023
 Mgs_Ns:                                 1.468
 N_p:                                    1.044
 N_s:                                    1.281
 a_x:                                    0.067
 k_p:                                    2.694
 k_s:                                    1.462
 y_J:                                    4.012
 y_K:                                    2.147

 ----------------
  Excitation 0 1 
 ----------------
 Setting up Delta-SCF
 Ground-Excited state overlap:           0.000000000
 No correction applied to the TDM.
 Excitation energy:                      0.066944475
 Excitation energy (in eV):              1.821651955
 Transition dipole:                     -0.86680      -2.52066       0.44495
 XTB basis setup:                        reference basis
 Implicit solvation model:               none
 Number of basis functions:            244
 GFN version:                            chlorophyll
 Integral screening threshold:           1.00e-10
 Total charge:                           0.000000000
 Number of electrons:                  218.000000000
 Electronic temperature (Kelvin):        0.000000000

 D3BJ energy:                           -0.061535663
 Repulsive energy:                       1.450021413

 ****************************************************
  Running robust self-consistent charge (SCC) solver 
 ****************************************************
 Number of SCC trials:                   4
 Using the stop-early mechanism for the first 3 trials

 Conv. threshold (charge):               1.00e-05
 Conv. threshold (energy):               1.00e-06
 Initial guess:                          SAD

 -------------
  SCC Trial 1 
 -------------
 Broyden mixing factor:                  0.400000000
 Max number of iterations:             128

 ---------------------------------------------------------------
                  energy        change          grad        time
 ---------------------------------------------------------------
   0      -125.836609676                    6.45e-01        0.01
   1      -126.540697040     -7.04e-01      3.68e-01        0.01
   2      -126.512527782      2.82e-02      1.01e-01        0.01
   3      -126.509937325      2.59e-03      2.98e-02        0.01
   4      -126.555763396     -4.58e-02      4.96e-03        0.01
   5      -126.556940057     -1.18e-03      1.74e-03        0.01
   6      -126.557023838     -8.38e-05      1.03e-03        0.01
   7      -126.557096801     -7.30e-05      2.62e-04        0.01
   8      -126.557100035     -3.23e-06      7.42e-05        0.01
   9      -126.557100112     -7.72e-08      3.62e-05        0.01
  10      -126.557100123     -1.08e-08      1.33e-05        0.01
  11      -126.557100124     -6.44e-10      3.49e-06        0.01
  12      -126.557100124     -1.81e-10      1.19e-06        0.01

 SCF converged in 11 iterations.

 Entropy contribution (-ST):             0.000000000
 Dipole moment (in Debye):               1.058457       2.161352      -0.569355

Chlorophyll parameters
 D_scl:                                  0.636
 Mg_p:                                   0.902
 Mg_s:                                   1.053
 Mgp_Np:                                 1.402
 Mgp_Ns:                                 1.067
 Mgs_Np:                                 1.023
 Mgs_Ns:                                 1.468
 N_p:                                    1.044
 N_s:                                    1.281
 a_x:                                    0.067
 k_p:                                    2.694
 k_s:                                    1.462
 y_J:                                    4.012
 y_K:                                    2.147

 ----------------
  Excitation 0 1 
 ----------------
 Setting up Delta-SCF
 Ground-Excited state overlap:          -0.000000000
 No correction applied to the TDM.
 Excitation energy:                      0.065243917
 Excitation energy (in eV):              1.775377438
 Transition dipole:                     -1.29763      -2.38303      -0.03855

 ******************
  Exciton analysis 
 ******************

 eigenvalues
 -----------
 state 0:                             -253.1589 hr
 state 1:                             -253.0939 hr
 state 2:                             -253.0900 hr

 coupling energies
 -----------------
 states 1, 2:                         -326.4437 cm^-1

 distances
 ---------
 chromophore 1, 2:                      17.3498 au

 charge centers
                         X                   Y                   Z
 1            89.460712944        48.120674544        55.187719003
 2            89.182760546        65.163716768        51.951323305
 Saving results in set 'trunc_bchla_13_bchla_15_frame_10001'

 --------------------------------------------------------------------------------

 End time:                               Thu Sep  9 11:23:24 2021
 Total wall-clock time:                  0.461 seconds
==================================================================================
