
================================================================================
          _____________ ________ _______________ ________     _________         
         / ___________// ______ \\_____   _____// ______ \   / ________)        
        / /_________  / /      \ \     | |     / /      \ \ | (_______          
       |  __________|| |        | |    | |    | |        | | \________ \        
        \ \_________ | |        | |    | |     \ \______/ /___________) |       
         \__________||_|        |_|    |_|      \________//____________/        
                                                                                
====================================[ Qcore ]===================================

 Git hash:   0385c69a4f85ff35f953e853350ecec6fa7ab330
 Git date:   Wed, 8 Sep 2021 10:09:58 +0100
 Compiler:   AppleClang 10.0.1.10010046
 Build type: Release
 Version:    2.1.1

 Start time: Fri Sep 10 12:04:12 2021

 Data directory: /Users/of15641/qcore/cmake-build-release/share/entos/2.1.1/data
 Number of threads: 2
 Number of threads was determined by: number of physical cores

 --------------------------------------------------------------------------------
                                command: excitons                                
 --------------------------------------------------------------------------------
 XTB basis setup:                        reference basis
 Implicit solvation model:               none
 Number of basis functions:            244
 GFN version:                            chlorophyll
 Integral screening threshold:           1.00e-10
 Total charge:                           0.000000000
 Number of electrons:                  218.000000000
 Electronic temperature (Kelvin):        0.000000000

 D3BJ energy:                           -0.061365805
 Repulsive energy:                       1.473914324

 ****************************************************
  Running robust self-consistent charge (SCC) solver 
 ****************************************************
 Number of SCC trials:                   4
 Using the stop-early mechanism for the first 3 trials

 Conv. threshold (charge):               1.00e-05
 Conv. threshold (energy):               1.00e-06
 Initial guess:                          SAD

 -------------
  SCC Trial 1 
 -------------
 Broyden mixing factor:                  0.400000000
 Max number of iterations:             128

 ---------------------------------------------------------------
                  energy        change          grad        time
 ---------------------------------------------------------------
   0      -125.896491378                    6.45e-01        0.01
   1      -126.567192634     -6.71e-01      3.68e-01        0.01
   2      -126.534843124      3.23e-02      9.83e-02        0.00
   3      -126.497030375      3.78e-02      3.66e-02        0.00
   4      -126.576319913     -7.93e-02      9.95e-03        0.00
   5      -126.583426359     -7.11e-03      2.47e-03        0.00
   6      -126.583602581     -1.76e-04      8.87e-04        0.01
   7      -126.583624923     -2.23e-05      3.52e-04        0.00
   8      -126.583628779     -3.86e-06      1.83e-04        0.00
   9      -126.583629146     -3.67e-07      8.01e-05        0.01
  10      -126.583629220     -7.41e-08      3.13e-05        0.01
  11      -126.583629230     -1.05e-08      5.93e-06        0.01
  12      -126.583629230     -2.29e-10      1.41e-06        0.01

 SCF converged in 11 iterations.

 Entropy contribution (-ST):             0.000000000
 Dipole moment (in Debye):              -4.329939      -1.339073      -0.966401

Chlorophyll parameters
 D_scl:                                  0.636
 Mg_p:                                   0.902
 Mg_s:                                   1.053
 Mgp_Np:                                 1.402
 Mgp_Ns:                                 1.067
 Mgs_Np:                                 1.023
 Mgs_Ns:                                 1.468
 N_p:                                    1.044
 N_s:                                    1.281
 a_x:                                    0.067
 k_p:                                    2.694
 k_s:                                    1.462
 y_J:                                    4.012
 y_K:                                    2.147

 ----------------
  Excitation 0 1 
 ----------------
 Setting up Delta-SCF
 Ground-Excited state overlap:          -0.000000000
 No correction applied to the TDM.
 Excitation energy:                      0.065797496
 Excitation energy (in eV):              1.790441078
 Transition dipole:                      2.44290       1.33470       0.52554
 XTB basis setup:                        reference basis
 Implicit solvation model:               none
 Number of basis functions:            244
 GFN version:                            chlorophyll
 Integral screening threshold:           1.00e-10
 Total charge:                           0.000000000
 Number of electrons:                  218.000000000
 Electronic temperature (Kelvin):        0.000000000

 D3BJ energy:                           -0.061961360
 Repulsive energy:                       1.490451428

 ****************************************************
  Running robust self-consistent charge (SCC) solver 
 ****************************************************
 Number of SCC trials:                   4
 Using the stop-early mechanism for the first 3 trials

 Conv. threshold (charge):               1.00e-05
 Conv. threshold (energy):               1.00e-06
 Initial guess:                          SAD

 -------------
  SCC Trial 1 
 -------------
 Broyden mixing factor:                  0.400000000
 Max number of iterations:             128

 ---------------------------------------------------------------
                  energy        change          grad        time
 ---------------------------------------------------------------
   0      -125.854021809                    6.46e-01        0.02
   1      -126.556477569     -7.02e-01      3.69e-01        0.01
   2      -126.541564645      1.49e-02      9.98e-02        0.01
   3      -126.549464930     -7.90e-03      2.15e-02        0.01
   4      -126.568651856     -1.92e-02      6.41e-03        0.01
   5      -126.571423585     -2.77e-03      1.84e-03        0.01
   6      -126.571629848     -2.06e-04      6.09e-04        0.01
   7      -126.571648965     -1.91e-05      1.91e-04        0.01
   8      -126.571650787     -1.82e-06      6.60e-05        0.01
   9      -126.571650891     -1.04e-07      2.64e-05        0.01
  10      -126.571650903     -1.14e-08      1.08e-05        0.01
  11      -126.571650904     -1.80e-09      3.66e-06        0.01
  12      -126.571650905     -1.72e-10      1.04e-06        0.01

 SCF converged in 11 iterations.

 Entropy contribution (-ST):             0.000000000
 Dipole moment (in Debye):               3.446623      -0.421904      -0.170080

Chlorophyll parameters
 D_scl:                                  0.636
 Mg_p:                                   0.902
 Mg_s:                                   1.053
 Mgp_Np:                                 1.402
 Mgp_Ns:                                 1.067
 Mgs_Np:                                 1.023
 Mgs_Ns:                                 1.468
 N_p:                                    1.044
 N_s:                                    1.281
 a_x:                                    0.067
 k_p:                                    2.694
 k_s:                                    1.462
 y_J:                                    4.012
 y_K:                                    2.147

 ----------------
  Excitation 0 1 
 ----------------
 Setting up Delta-SCF
 Ground-Excited state overlap:           0.000000000
 No correction applied to the TDM.
 Excitation energy:                      0.066957172
 Excitation energy (in eV):              1.821997482
 Transition dipole:                     -1.44552       2.28306       0.33436

 ******************
  Exciton analysis 
 ******************

 eigenvalues
 -----------
 state 0:                             -253.1553 hr
 state 1:                             -253.0895 hr
 state 2:                             -253.0883 hr

 coupling energies
 -----------------
 states 1, 2:                           -5.5198 cm^-1

 distances
 ---------
 chromophore 1, 2:                      75.0204 au

 charge centers
                         X                   Y                   Z
 1            78.059324677        17.963213826        58.419527133
 2            91.146751959        88.135844280        81.497366503
 Saving results in set 'trunc_bchla_10_bchla_14_frame_25101'

 --------------------------------------------------------------------------------

 End time:                               Fri Sep 10 12:04:12 2021
 Total wall-clock time:                  0.467 seconds
==================================================================================
