
================================================================================
          _____________ ________ _______________ ________     _________         
         / ___________// ______ \\_____   _____// ______ \   / ________)        
        / /_________  / /      \ \     | |     / /      \ \ | (_______          
       |  __________|| |        | |    | |    | |        | | \________ \        
        \ \_________ | |        | |    | |     \ \______/ /___________) |       
         \__________||_|        |_|    |_|      \________//____________/        
                                                                                
====================================[ Qcore ]===================================

 Git hash:   0385c69a4f85ff35f953e853350ecec6fa7ab330
 Git date:   Wed, 8 Sep 2021 10:09:58 +0100
 Compiler:   AppleClang 10.0.1.10010046
 Build type: Release
 Version:    2.1.1

 Start time: Fri Sep 10 11:53:53 2021

 Data directory: /Users/of15641/qcore/cmake-build-release/share/entos/2.1.1/data
 Number of threads: 2
 Number of threads was determined by: number of physical cores

 --------------------------------------------------------------------------------
                                command: excitons                                
 --------------------------------------------------------------------------------
 XTB basis setup:                        reference basis
 Implicit solvation model:               none
 Number of basis functions:            244
 GFN version:                            chlorophyll
 Integral screening threshold:           1.00e-10
 Total charge:                           0.000000000
 Number of electrons:                  218.000000000
 Electronic temperature (Kelvin):        0.000000000

 D3BJ energy:                           -0.062346521
 Repulsive energy:                       1.482842665

 ****************************************************
  Running robust self-consistent charge (SCC) solver 
 ****************************************************
 Number of SCC trials:                   4
 Using the stop-early mechanism for the first 3 trials

 Conv. threshold (charge):               1.00e-05
 Conv. threshold (energy):               1.00e-06
 Initial guess:                          SAD

 -------------
  SCC Trial 1 
 -------------
 Broyden mixing factor:                  0.400000000
 Max number of iterations:             128

 ---------------------------------------------------------------
                  energy        change          grad        time
 ---------------------------------------------------------------
   0      -125.903996804                    6.45e-01        0.01
   1      -126.587253252     -6.83e-01      3.68e-01        0.01
   2      -126.566695682      2.06e-02      9.87e-02        0.01
   3      -126.573855331     -7.16e-03      2.37e-02        0.01
   4      -126.601762721     -2.79e-02      4.24e-03        0.01
   5      -126.602700282     -9.38e-04      1.24e-03        0.01
   6      -126.602748437     -4.82e-05      5.18e-04        0.00
   7      -126.602760183     -1.17e-05      2.35e-04        0.00
   8      -126.602764241     -4.06e-06      6.45e-05        0.00
   9      -126.602764383     -1.42e-07      2.41e-05        0.00
  10      -126.602764388     -4.48e-09      9.20e-06        0.00
  11      -126.602764388     -3.88e-10      2.61e-06        0.00

 SCF converged in 10 iterations.

 Entropy contribution (-ST):             0.000000000
 Dipole moment (in Debye):              -3.801461      -0.944860      -0.130755

Chlorophyll parameters
 D_scl:                                  0.636
 Mg_p:                                   0.902
 Mg_s:                                   1.053
 Mgp_Np:                                 1.402
 Mgp_Ns:                                 1.067
 Mgs_Np:                                 1.023
 Mgs_Ns:                                 1.468
 N_p:                                    1.044
 N_s:                                    1.281
 a_x:                                    0.067
 k_p:                                    2.694
 k_s:                                    1.462
 y_J:                                    4.012
 y_K:                                    2.147

 ----------------
  Excitation 0 1 
 ----------------
 Setting up Delta-SCF
 Ground-Excited state overlap:           0.000000000
 No correction applied to the TDM.
 Excitation energy:                      0.068401676
 Excitation energy (in eV):              1.861304424
 Transition dipole:                      2.34211       1.30883      -0.17743
 XTB basis setup:                        reference basis
 Implicit solvation model:               none
 Number of basis functions:            244
 GFN version:                            chlorophyll
 Integral screening threshold:           1.00e-10
 Total charge:                           0.000000000
 Number of electrons:                  218.000000000
 Electronic temperature (Kelvin):        0.000000000

 D3BJ energy:                           -0.061954451
 Repulsive energy:                       1.530617891

 ****************************************************
  Running robust self-consistent charge (SCC) solver 
 ****************************************************
 Number of SCC trials:                   4
 Using the stop-early mechanism for the first 3 trials

 Conv. threshold (charge):               1.00e-05
 Conv. threshold (energy):               1.00e-06
 Initial guess:                          SAD

 -------------
  SCC Trial 1 
 -------------
 Broyden mixing factor:                  0.400000000
 Max number of iterations:             128

 ---------------------------------------------------------------
                  energy        change          grad        time
 ---------------------------------------------------------------
   0      -125.918950314                    6.48e-01        0.01
   1      -126.594267533     -6.75e-01      3.69e-01        0.01
   2      -126.584181023      1.01e-02      9.57e-02        0.01
   3      -126.594279865     -1.01e-02      1.77e-02        0.01
   4      -126.606052555     -1.18e-02      5.61e-03        0.01
   5      -126.608079516     -2.03e-03      2.33e-03        0.01
   6      -126.608445929     -3.66e-04      5.45e-04        0.01
   7      -126.608454932     -9.00e-06      1.85e-04        0.01
   8      -126.608456446     -1.51e-06      6.87e-05        0.01
   9      -126.608456567     -1.21e-07      2.55e-05        0.01
  10      -126.608456573     -5.12e-09      1.15e-05        0.01
  11      -126.608456574     -1.68e-09      3.64e-06        0.01
  12      -126.608456574     -1.36e-10      9.59e-07        0.01

 SCF converged in 11 iterations.

 Entropy contribution (-ST):             0.000000000
 Dipole moment (in Debye):               0.604088      -0.042610       1.945924

Chlorophyll parameters
 D_scl:                                  0.636
 Mg_p:                                   0.902
 Mg_s:                                   1.053
 Mgp_Np:                                 1.402
 Mgp_Ns:                                 1.067
 Mgs_Np:                                 1.023
 Mgs_Ns:                                 1.468
 N_p:                                    1.044
 N_s:                                    1.281
 a_x:                                    0.067
 k_p:                                    2.694
 k_s:                                    1.462
 y_J:                                    4.012
 y_K:                                    2.147

 ----------------
  Excitation 0 1 
 ----------------
 Setting up Delta-SCF
 Ground-Excited state overlap:           0.000000000
 No correction applied to the TDM.
 Excitation energy:                      0.066969319
 Excitation energy (in eV):              1.822328013
 Transition dipole:                     -0.26942       2.58076       0.73487

 ******************
  Exciton analysis 
 ******************

 eigenvalues
 -----------
 state 0:                             -253.2112 hr
 state 1:                             -253.1442 hr
 state 2:                             -253.1428 hr

 coupling energies
 -----------------
 states 1, 2:                          -17.0684 cm^-1

 distances
 ---------
 chromophore 1, 2:                      46.6532 au

 charge centers
                         X                   Y                   Z
 1            78.837854128        13.514439575        57.738280132
 2            99.284288867        46.931556814        83.071355436
 Saving results in set 'trunc_bchla_10_bchla_11_frame_8301'

 --------------------------------------------------------------------------------

 End time:                               Fri Sep 10 11:53:53 2021
 Total wall-clock time:                  0.457 seconds
==================================================================================
