
================================================================================
          _____________ ________ _______________ ________     _________         
         / ___________// ______ \\_____   _____// ______ \   / ________)        
        / /_________  / /      \ \     | |     / /      \ \ | (_______          
       |  __________|| |        | |    | |    | |        | | \________ \        
        \ \_________ | |        | |    | |     \ \______/ /___________) |       
         \__________||_|        |_|    |_|      \________//____________/        
                                                                                
====================================[ Qcore ]===================================

 Git hash:   0385c69a4f85ff35f953e853350ecec6fa7ab330
 Git date:   Wed, 8 Sep 2021 10:09:58 +0100
 Compiler:   AppleClang 10.0.1.10010046
 Build type: Release
 Version:    2.1.1

 Start time: Thu Sep  9 11:29:06 2021

 Data directory: /Users/of15641/qcore/cmake-build-release/share/entos/2.1.1/data
 Number of threads: 2
 Number of threads was determined by: number of physical cores

 --------------------------------------------------------------------------------
                                command: excitons                                
 --------------------------------------------------------------------------------
 XTB basis setup:                        reference basis
 Implicit solvation model:               none
 Number of basis functions:            244
 GFN version:                            chlorophyll
 Integral screening threshold:           1.00e-10
 Total charge:                           0.000000000
 Number of electrons:                  218.000000000
 Electronic temperature (Kelvin):        0.000000000

 D3BJ energy:                           -0.062056547
 Repulsive energy:                       1.475079123

 ****************************************************
  Running robust self-consistent charge (SCC) solver 
 ****************************************************
 Number of SCC trials:                   4
 Using the stop-early mechanism for the first 3 trials

 Conv. threshold (charge):               1.00e-05
 Conv. threshold (energy):               1.00e-06
 Initial guess:                          SAD

 -------------
  SCC Trial 1 
 -------------
 Broyden mixing factor:                  0.400000000
 Max number of iterations:             128

 ---------------------------------------------------------------
                  energy        change          grad        time
 ---------------------------------------------------------------
   0      -125.902243671                    6.45e-01        0.01
   1      -126.580333233     -6.78e-01      3.68e-01        0.02
   2      -126.545093136      3.52e-02      9.90e-02        0.01
   3      -126.552316845     -7.22e-03      2.88e-02        0.01
   4      -126.597890749     -4.56e-02      4.40e-03        0.01
   5      -126.598737455     -8.47e-04      1.30e-03        0.02
   6      -126.598793611     -5.62e-05      3.75e-04        0.01
   7      -126.598796060     -2.45e-06      1.18e-04        0.01
   8      -126.598796073     -1.32e-08      8.03e-05        0.01
   9      -126.598796281     -2.08e-07      3.83e-05        0.01
  10      -126.598796336     -5.49e-08      1.53e-05        0.01
  11      -126.598796342     -6.13e-09      3.87e-06        0.01
  12      -126.598796342     -2.79e-10      1.28e-06        0.01

 SCF converged in 11 iterations.

 Entropy contribution (-ST):             0.000000000
 Dipole moment (in Debye):               1.205252       3.573134       0.115541

Chlorophyll parameters
 D_scl:                                  0.636
 Mg_p:                                   0.902
 Mg_s:                                   1.053
 Mgp_Np:                                 1.402
 Mgp_Ns:                                 1.067
 Mgs_Np:                                 1.023
 Mgs_Ns:                                 1.468
 N_p:                                    1.044
 N_s:                                    1.281
 a_x:                                    0.067
 k_p:                                    2.694
 k_s:                                    1.462
 y_J:                                    4.012
 y_K:                                    2.147

 ----------------
  Excitation 0 1 
 ----------------
 Setting up Delta-SCF
 Ground-Excited state overlap:          -0.000000000
 No correction applied to the TDM.
 Excitation energy:                      0.065828505
 Excitation energy (in eV):              1.791284867
 Transition dipole:                     -1.06470       2.62652      -0.23252
 XTB basis setup:                        reference basis
 Implicit solvation model:               none
 Number of basis functions:            244
 GFN version:                            chlorophyll
 Integral screening threshold:           1.00e-10
 Total charge:                           0.000000000
 Number of electrons:                  218.000000000
 Electronic temperature (Kelvin):        0.000000000

 D3BJ energy:                           -0.062016927
 Repulsive energy:                       1.510553640

 ****************************************************
  Running robust self-consistent charge (SCC) solver 
 ****************************************************
 Number of SCC trials:                   4
 Using the stop-early mechanism for the first 3 trials

 Conv. threshold (charge):               1.00e-05
 Conv. threshold (energy):               1.00e-06
 Initial guess:                          SAD

 -------------
  SCC Trial 1 
 -------------
 Broyden mixing factor:                  0.400000000
 Max number of iterations:             128

 ---------------------------------------------------------------
                  energy        change          grad        time
 ---------------------------------------------------------------
   0      -125.934541307                    6.46e-01        0.01
   1      -126.597541608     -6.63e-01      3.68e-01        0.01
   2      -126.541342808      5.62e-02      9.82e-02        0.01
   3      -126.494742960      4.66e-02      3.87e-02        0.01
   4      -126.611211789     -1.16e-01      9.35e-03        0.01
   5      -126.615939168     -4.73e-03      2.68e-03        0.01
   6      -126.616005171     -6.60e-05      1.30e-03        0.01
   7      -126.616072916     -6.77e-05      3.73e-04        0.01
   8      -126.616075785     -2.87e-06      2.51e-04        0.01
   9      -126.616076462     -6.77e-07      9.24e-05        0.01
  10      -126.616076511     -4.94e-08      2.65e-05        0.01
  11      -126.616076520     -9.03e-09      5.10e-06        0.01
  12      -126.616076521     -4.38e-10      1.51e-06        0.01

 SCF converged in 11 iterations.

 Entropy contribution (-ST):             0.000000000
 Dipole moment (in Debye):              -1.045628       1.293730       1.430728

Chlorophyll parameters
 D_scl:                                  0.636
 Mg_p:                                   0.902
 Mg_s:                                   1.053
 Mgp_Np:                                 1.402
 Mgp_Ns:                                 1.067
 Mgs_Np:                                 1.023
 Mgs_Ns:                                 1.468
 N_p:                                    1.044
 N_s:                                    1.281
 a_x:                                    0.067
 k_p:                                    2.694
 k_s:                                    1.462
 y_J:                                    4.012
 y_K:                                    2.147

 ----------------
  Excitation 0 1 
 ----------------
 Setting up Delta-SCF
 Ground-Excited state overlap:           0.000000000
 No correction applied to the TDM.
 Excitation energy:                      0.067692186
 Excitation energy (in eV):              1.841998211
 Transition dipole:                      2.49883       0.95589      -0.42078

 ******************
  Exciton analysis 
 ******************

 eigenvalues
 -----------
 state 0:                             -253.2149 hr
 state 1:                             -253.1491 hr
 state 2:                             -253.1472 hr

 coupling energies
 -----------------
 states 1, 2:                            7.2672 cm^-1

 distances
 ---------
 chromophore 1, 2:                      61.9949 au

 charge centers
                         X                   Y                   Z
 1            67.546790593        91.969399483        49.656258590
 2            12.054660668       101.126353949        75.735819483
 Saving results in set 'trunc_bchla_18_bchla_20_frame_15001'

 --------------------------------------------------------------------------------

 End time:                               Thu Sep  9 11:29:07 2021
 Total wall-clock time:                  0.551 seconds
==================================================================================
