
================================================================================
          _____________ ________ _______________ ________     _________         
         / ___________// ______ \\_____   _____// ______ \   / ________)        
        / /_________  / /      \ \     | |     / /      \ \ | (_______          
       |  __________|| |        | |    | |    | |        | | \________ \        
        \ \_________ | |        | |    | |     \ \______/ /___________) |       
         \__________||_|        |_|    |_|      \________//____________/        
                                                                                
====================================[ Qcore ]===================================

 Git hash:   0385c69a4f85ff35f953e853350ecec6fa7ab330
 Git date:   Wed, 8 Sep 2021 10:09:58 +0100
 Compiler:   AppleClang 10.0.1.10010046
 Build type: Release
 Version:    2.1.1

 Start time: Fri Sep 10 12:00:35 2021

 Data directory: /Users/of15641/qcore/cmake-build-release/share/entos/2.1.1/data
 Number of threads: 2
 Number of threads was determined by: number of physical cores

 --------------------------------------------------------------------------------
                                command: excitons                                
 --------------------------------------------------------------------------------
 XTB basis setup:                        reference basis
 Implicit solvation model:               none
 Number of basis functions:            244
 GFN version:                            chlorophyll
 Integral screening threshold:           1.00e-10
 Total charge:                           0.000000000
 Number of electrons:                  218.000000000
 Electronic temperature (Kelvin):        0.000000000

 D3BJ energy:                           -0.062224837
 Repulsive energy:                       1.525196750

 ****************************************************
  Running robust self-consistent charge (SCC) solver 
 ****************************************************
 Number of SCC trials:                   4
 Using the stop-early mechanism for the first 3 trials

 Conv. threshold (charge):               1.00e-05
 Conv. threshold (energy):               1.00e-06
 Initial guess:                          SAD

 -------------
  SCC Trial 1 
 -------------
 Broyden mixing factor:                  0.400000000
 Max number of iterations:             128

 ---------------------------------------------------------------
                  energy        change          grad        time
 ---------------------------------------------------------------
   0      -125.930398512                    6.47e-01        0.01
   1      -126.600865269     -6.70e-01      3.70e-01        0.01
   2      -126.526818280      7.40e-02      1.02e-01        0.01
   3      -126.470921968      5.59e-02      4.64e-02        0.01
   4      -126.618783502     -1.48e-01      9.98e-03        0.01
   5      -126.625373419     -6.59e-03      2.61e-03        0.01
   6      -126.625497683     -1.24e-04      1.01e-03        0.01
   7      -126.625535686     -3.80e-05      3.42e-04        0.01
   8      -126.625536995     -1.31e-06      2.18e-04        0.01
   9      -126.625537526     -5.31e-07      8.09e-05        0.01
  10      -126.625537632     -1.06e-07      2.57e-05        0.01
  11      -126.625537641     -9.09e-09      5.30e-06        0.01
  12      -126.625537642     -2.56e-10      1.40e-06        0.01

 SCF converged in 11 iterations.

 Entropy contribution (-ST):             0.000000000
 Dipole moment (in Debye):              -5.308462      -1.948028       0.165974

Chlorophyll parameters
 D_scl:                                  0.636
 Mg_p:                                   0.902
 Mg_s:                                   1.053
 Mgp_Np:                                 1.402
 Mgp_Ns:                                 1.067
 Mgs_Np:                                 1.023
 Mgs_Ns:                                 1.468
 N_p:                                    1.044
 N_s:                                    1.281
 a_x:                                    0.067
 k_p:                                    2.694
 k_s:                                    1.462
 y_J:                                    4.012
 y_K:                                    2.147

 ----------------
  Excitation 0 1 
 ----------------
 Setting up Delta-SCF
 Ground-Excited state overlap:           0.000000000
 No correction applied to the TDM.
 Excitation energy:                      0.066099713
 Excitation energy (in eV):              1.798664816
 Transition dipole:                      2.21343       1.31777      -0.68477
 XTB basis setup:                        reference basis
 Implicit solvation model:               none
 Number of basis functions:            244
 GFN version:                            chlorophyll
 Integral screening threshold:           1.00e-10
 Total charge:                           0.000000000
 Number of electrons:                  218.000000000
 Electronic temperature (Kelvin):        0.000000000

 D3BJ energy:                           -0.061286850
 Repulsive energy:                       1.439701043

 ****************************************************
  Running robust self-consistent charge (SCC) solver 
 ****************************************************
 Number of SCC trials:                   4
 Using the stop-early mechanism for the first 3 trials

 Conv. threshold (charge):               1.00e-05
 Conv. threshold (energy):               1.00e-06
 Initial guess:                          SAD

 -------------
  SCC Trial 1 
 -------------
 Broyden mixing factor:                  0.400000000
 Max number of iterations:             128

 ---------------------------------------------------------------
                  energy        change          grad        time
 ---------------------------------------------------------------
   0      -125.835215075                    6.45e-01        0.01
   1      -126.550112230     -7.15e-01      3.67e-01        0.01
   2      -126.526306768      2.38e-02      1.02e-01        0.01
   3      -126.523002157      3.30e-03      2.82e-02        0.01
   4      -126.563506659     -4.05e-02      7.61e-03        0.01
   5      -126.567144030     -3.64e-03      2.47e-03        0.01
   6      -126.567556771     -4.13e-04      9.18e-04        0.01
   7      -126.567606350     -4.96e-05      1.88e-04        0.01
   8      -126.567607558     -1.21e-06      7.14e-05        0.01
   9      -126.567607631     -7.32e-08      3.12e-05        0.01
  10      -126.567607645     -1.41e-08      1.12e-05        0.01
  11      -126.567607646     -1.44e-09      3.17e-06        0.01
  12      -126.567607647     -6.61e-11      1.04e-06        0.01

 SCF converged in 11 iterations.

 Entropy contribution (-ST):             0.000000000
 Dipole moment (in Debye):              -3.883112      -1.313536       1.413463

Chlorophyll parameters
 D_scl:                                  0.636
 Mg_p:                                   0.902
 Mg_s:                                   1.053
 Mgp_Np:                                 1.402
 Mgp_Ns:                                 1.067
 Mgs_Np:                                 1.023
 Mgs_Ns:                                 1.468
 N_p:                                    1.044
 N_s:                                    1.281
 a_x:                                    0.067
 k_p:                                    2.694
 k_s:                                    1.462
 y_J:                                    4.012
 y_K:                                    2.147

 ----------------
  Excitation 0 1 
 ----------------
 Setting up Delta-SCF
 Ground-Excited state overlap:           0.000000000
 No correction applied to the TDM.
 Excitation energy:                      0.065060125
 Excitation energy (in eV):              1.770376177
 Transition dipole:                     -1.30668      -2.43500       0.23159

 ******************
  Exciton analysis 
 ******************

 eigenvalues
 -----------
 state 0:                             -253.1933 hr
 state 1:                             -253.1283 hr
 state 2:                             -253.1272 hr

 coupling energies
 -----------------
 states 1, 2:                           72.2909 cm^-1

 distances
 ---------
 chromophore 1, 2:                      34.1548 au

 charge centers
                         X                   Y                   Z
 1            76.918981774        19.130440615        57.572853957
 2            91.130270066        49.995159873        54.115154992
 Saving results in set 'trunc_bchla_10_bchla_13_frame_34201'

 --------------------------------------------------------------------------------

 End time:                               Fri Sep 10 12:00:35 2021
 Total wall-clock time:                  0.517 seconds
==================================================================================
