
================================================================================
          _____________ ________ _______________ ________     _________         
         / ___________// ______ \\_____   _____// ______ \   / ________)        
        / /_________  / /      \ \     | |     / /      \ \ | (_______          
       |  __________|| |        | |    | |    | |        | | \________ \        
        \ \_________ | |        | |    | |     \ \______/ /___________) |       
         \__________||_|        |_|    |_|      \________//____________/        
                                                                                
====================================[ Qcore ]===================================

 Git hash:   0385c69a4f85ff35f953e853350ecec6fa7ab330
 Git date:   Wed, 8 Sep 2021 10:09:58 +0100
 Compiler:   AppleClang 10.0.1.10010046
 Build type: Release
 Version:    2.1.1

 Start time: Thu Sep  9 11:24:44 2021

 Data directory: /Users/of15641/qcore/cmake-build-release/share/entos/2.1.1/data
 Number of threads: 2
 Number of threads was determined by: number of physical cores

 --------------------------------------------------------------------------------
                                command: excitons                                
 --------------------------------------------------------------------------------
 XTB basis setup:                        reference basis
 Implicit solvation model:               none
 Number of basis functions:            244
 GFN version:                            chlorophyll
 Integral screening threshold:           1.00e-10
 Total charge:                           0.000000000
 Number of electrons:                  218.000000000
 Electronic temperature (Kelvin):        0.000000000

 D3BJ energy:                           -0.061362285
 Repulsive energy:                       1.490578703

 ****************************************************
  Running robust self-consistent charge (SCC) solver 
 ****************************************************
 Number of SCC trials:                   4
 Using the stop-early mechanism for the first 3 trials

 Conv. threshold (charge):               1.00e-05
 Conv. threshold (energy):               1.00e-06
 Initial guess:                          SAD

 -------------
  SCC Trial 1 
 -------------
 Broyden mixing factor:                  0.400000000
 Max number of iterations:             128

 ---------------------------------------------------------------
                  energy        change          grad        time
 ---------------------------------------------------------------
   0      -125.877877992                    6.47e-01        0.01
   1      -126.587992765     -7.10e-01      3.69e-01        0.01
   2      -126.567638026      2.04e-02      1.00e-01        0.00
   3      -126.579388423     -1.18e-02      2.47e-02        0.01
   4      -126.602271268     -2.29e-02      4.12e-03        0.01
   5      -126.602942757     -6.71e-04      2.35e-03        0.01
   6      -126.603323724     -3.81e-04      7.99e-04        0.00
   7      -126.603357326     -3.36e-05      2.65e-04        0.00
   8      -126.603361223     -3.90e-06      6.61e-05        0.00
   9      -126.603361285     -6.23e-08      2.75e-05        0.01
  10      -126.603361293     -7.67e-09      1.30e-05        0.00
  11      -126.603361295     -1.85e-09      3.79e-06        0.01
  12      -126.603361295     -1.27e-10      9.63e-07        0.01

 SCF converged in 11 iterations.

 Entropy contribution (-ST):             0.000000000
 Dipole moment (in Debye):               3.108240       1.495336       2.091932

Chlorophyll parameters
 D_scl:                                  0.636
 Mg_p:                                   0.902
 Mg_s:                                   1.053
 Mgp_Np:                                 1.402
 Mgp_Ns:                                 1.067
 Mgs_Np:                                 1.023
 Mgs_Ns:                                 1.468
 N_p:                                    1.044
 N_s:                                    1.281
 a_x:                                    0.067
 k_p:                                    2.694
 k_s:                                    1.462
 y_J:                                    4.012
 y_K:                                    2.147

 ----------------
  Excitation 0 1 
 ----------------
 Setting up Delta-SCF
 Ground-Excited state overlap:           0.000000000
 No correction applied to the TDM.
 Excitation energy:                      0.065945387
 Excitation energy (in eV):              1.794465404
 Transition dipole:                      1.73147      -2.14664      -0.36471
 XTB basis setup:                        reference basis
 Implicit solvation model:               none
 Number of basis functions:            244
 GFN version:                            chlorophyll
 Integral screening threshold:           1.00e-10
 Total charge:                           0.000000000
 Number of electrons:                  218.000000000
 Electronic temperature (Kelvin):        0.000000000

 D3BJ energy:                           -0.061470970
 Repulsive energy:                       1.549924301

 ****************************************************
  Running robust self-consistent charge (SCC) solver 
 ****************************************************
 Number of SCC trials:                   4
 Using the stop-early mechanism for the first 3 trials

 Conv. threshold (charge):               1.00e-05
 Conv. threshold (energy):               1.00e-06
 Initial guess:                          SAD

 -------------
  SCC Trial 1 
 -------------
 Broyden mixing factor:                  0.400000000
 Max number of iterations:             128

 ---------------------------------------------------------------
                  energy        change          grad        time
 ---------------------------------------------------------------
   0      -125.940100975                    6.49e-01        0.01
   1      -126.641891560     -7.02e-01      3.71e-01        0.01
   2      -126.622403756      1.95e-02      9.81e-02        0.01
   3      -126.614488416      7.92e-03      2.60e-02        0.01
   4      -126.652641353     -3.82e-02      8.63e-03        0.01
   5      -126.657968344     -5.33e-03      1.74e-03        0.01
   6      -126.658051340     -8.30e-05      5.22e-04        0.01
   7      -126.658059467     -8.13e-06      1.95e-04        0.01
   8      -126.658060433     -9.66e-07      9.96e-05        0.01
   9      -126.658060689     -2.56e-07      4.55e-05        0.01
  10      -126.658060714     -2.57e-08      1.65e-05        0.01
  11      -126.658060717     -2.58e-09      3.68e-06        0.01
  12      -126.658060717     -1.90e-10      1.12e-06        0.01

 SCF converged in 11 iterations.

 Entropy contribution (-ST):             0.000000000
 Dipole moment (in Debye):               0.497955       0.909755      -0.345804

Chlorophyll parameters
 D_scl:                                  0.636
 Mg_p:                                   0.902
 Mg_s:                                   1.053
 Mgp_Np:                                 1.402
 Mgp_Ns:                                 1.067
 Mgs_Np:                                 1.023
 Mgs_Ns:                                 1.468
 N_p:                                    1.044
 N_s:                                    1.281
 a_x:                                    0.067
 k_p:                                    2.694
 k_s:                                    1.462
 y_J:                                    4.012
 y_K:                                    2.147

 ----------------
  Excitation 0 1 
 ----------------
 Setting up Delta-SCF
 Ground-Excited state overlap:          -0.000000000
 No correction applied to the TDM.
 Excitation energy:                      0.070563283
 Excitation energy (in eV):              1.920124750
 Transition dipole:                      2.62788      -0.64487      -0.17035

 ******************
  Exciton analysis 
 ******************

 eigenvalues
 -----------
 state 0:                             -253.2614 hr
 state 1:                             -253.1955 hr
 state 2:                             -253.1907 hr

 coupling energies
 -----------------
 states 1, 2:                          -41.1860 cm^-1

 distances
 ---------
 chromophore 1, 2:                      41.1317 au

 charge centers
                         X                   Y                   Z
 1            90.059241756        86.328297316        80.923843152
 2            55.813220024       108.491900401        75.651138610
 Saving results in set 'trunc_bchla_14_bchla_17_frame_15001'

 --------------------------------------------------------------------------------

 End time:                               Thu Sep  9 11:24:45 2021
 Total wall-clock time:                  0.487 seconds
==================================================================================
