
================================================================================
          _____________ ________ _______________ ________     _________         
         / ___________// ______ \\_____   _____// ______ \   / ________)        
        / /_________  / /      \ \     | |     / /      \ \ | (_______          
       |  __________|| |        | |    | |    | |        | | \________ \        
        \ \_________ | |        | |    | |     \ \______/ /___________) |       
         \__________||_|        |_|    |_|      \________//____________/        
                                                                                
====================================[ Qcore ]===================================

 Git hash:   0385c69a4f85ff35f953e853350ecec6fa7ab330
 Git date:   Wed, 8 Sep 2021 10:09:58 +0100
 Compiler:   AppleClang 10.0.1.10010046
 Build type: Release
 Version:    2.1.1

 Start time: Fri Sep 10 11:55:53 2021

 Data directory: /Users/of15641/qcore/cmake-build-release/share/entos/2.1.1/data
 Number of threads: 2
 Number of threads was determined by: number of physical cores

 --------------------------------------------------------------------------------
                                command: excitons                                
 --------------------------------------------------------------------------------
 XTB basis setup:                        reference basis
 Implicit solvation model:               none
 Number of basis functions:            244
 GFN version:                            chlorophyll
 Integral screening threshold:           1.00e-10
 Total charge:                           0.000000000
 Number of electrons:                  218.000000000
 Electronic temperature (Kelvin):        0.000000000

 D3BJ energy:                           -0.061621546
 Repulsive energy:                       1.462208088

 ****************************************************
  Running robust self-consistent charge (SCC) solver 
 ****************************************************
 Number of SCC trials:                   4
 Using the stop-early mechanism for the first 3 trials

 Conv. threshold (charge):               1.00e-05
 Conv. threshold (energy):               1.00e-06
 Initial guess:                          SAD

 -------------
  SCC Trial 1 
 -------------
 Broyden mixing factor:                  0.400000000
 Max number of iterations:             128

 ---------------------------------------------------------------
                  energy        change          grad        time
 ---------------------------------------------------------------
   0      -125.875330406                    6.45e-01        0.01
   1      -126.552201573     -6.77e-01      3.67e-01        0.00
   2      -126.542377379      9.82e-03      9.64e-02        0.00
   3      -126.545712967     -3.34e-03      1.92e-02        0.00
   4      -126.563549890     -1.78e-02      4.63e-03        0.00
   5      -126.564766893     -1.22e-03      1.69e-03        0.00
   6      -126.564874919     -1.08e-04      9.65e-04        0.01
   7      -126.564932769     -5.78e-05      2.46e-04        0.00
   8      -126.564935950     -3.18e-06      4.96e-05        0.00
   9      -126.564935978     -2.87e-08      2.28e-05        0.00
  10      -126.564935983     -4.72e-09      8.83e-06        0.00
  11      -126.564935984     -5.72e-10      2.64e-06        0.00

 SCF converged in 10 iterations.

 Entropy contribution (-ST):             0.000000000
 Dipole moment (in Debye):              -2.931734       0.127580      -0.182153

Chlorophyll parameters
 D_scl:                                  0.636
 Mg_p:                                   0.902
 Mg_s:                                   1.053
 Mgp_Np:                                 1.402
 Mgp_Ns:                                 1.067
 Mgs_Np:                                 1.023
 Mgs_Ns:                                 1.468
 N_p:                                    1.044
 N_s:                                    1.281
 a_x:                                    0.067
 k_p:                                    2.694
 k_s:                                    1.462
 y_J:                                    4.012
 y_K:                                    2.147

 ----------------
  Excitation 0 1 
 ----------------
 Setting up Delta-SCF
 Ground-Excited state overlap:           0.000000000
 No correction applied to the TDM.
 Excitation energy:                      0.065581910
 Excitation energy (in eV):              1.784574690
 Transition dipole:                     -2.35551      -1.42808      -0.17705
 XTB basis setup:                        reference basis
 Implicit solvation model:               none
 Number of basis functions:            244
 GFN version:                            chlorophyll
 Integral screening threshold:           1.00e-10
 Total charge:                           0.000000000
 Number of electrons:                  218.000000000
 Electronic temperature (Kelvin):        0.000000000

 D3BJ energy:                           -0.061351135
 Repulsive energy:                       1.508756433

 ****************************************************
  Running robust self-consistent charge (SCC) solver 
 ****************************************************
 Number of SCC trials:                   4
 Using the stop-early mechanism for the first 3 trials

 Conv. threshold (charge):               1.00e-05
 Conv. threshold (energy):               1.00e-06
 Initial guess:                          SAD

 -------------
  SCC Trial 1 
 -------------
 Broyden mixing factor:                  0.400000000
 Max number of iterations:             128

 ---------------------------------------------------------------
                  energy        change          grad        time
 ---------------------------------------------------------------
   0      -125.914474366                    6.46e-01        0.01
   1      -126.593482712     -6.79e-01      3.69e-01        0.01
   2      -126.570825939      2.27e-02      9.97e-02        0.01
   3      -126.583100618     -1.23e-02      2.37e-02        0.01
   4      -126.609362953     -2.63e-02      4.28e-03        0.01
   5      -126.610370810     -1.01e-03      1.26e-03        0.01
   6      -126.610436793     -6.60e-05      3.40e-04        0.01
   7      -126.610439475     -2.68e-06      9.47e-05        0.01
   8      -126.610439561     -8.62e-08      3.95e-05        0.01
   9      -126.610439553      8.21e-09      3.06e-05        0.01
  10      -126.610439597     -4.36e-08      9.42e-06        0.01
  11      -126.610439598     -1.03e-09      3.70e-06        0.01

 SCF converged in 10 iterations.

 Entropy contribution (-ST):             0.000000000
 Dipole moment (in Debye):               4.022893       0.351227       0.204745

Chlorophyll parameters
 D_scl:                                  0.636
 Mg_p:                                   0.902
 Mg_s:                                   1.053
 Mgp_Np:                                 1.402
 Mgp_Ns:                                 1.067
 Mgs_Np:                                 1.023
 Mgs_Ns:                                 1.468
 N_p:                                    1.044
 N_s:                                    1.281
 a_x:                                    0.067
 k_p:                                    2.694
 k_s:                                    1.462
 y_J:                                    4.012
 y_K:                                    2.147

 ----------------
  Excitation 0 1 
 ----------------
 Setting up Delta-SCF
 Ground-Excited state overlap:           0.000000000
 No correction applied to the TDM.
 Excitation energy:                      0.069884965
 Excitation energy (in eV):              1.901666788
 Transition dipole:                      2.30107       1.43618      -0.39463

 ******************
  Exciton analysis 
 ******************

 eigenvalues
 -----------
 state 0:                             -253.1777 hr
 state 1:                             -253.1126 hr
 state 2:                             -253.1074 hr

 coupling energies
 -----------------
 states 1, 2:                          358.1906 cm^-1

 distances
 ---------
 chromophore 1, 2:                      17.2958 au

 charge centers
                         X                   Y                   Z
 1            79.253087669        16.397964134        57.536238327
 2            88.677644857        30.855519507        56.395228161
 Saving results in set 'trunc_bchla_10_bchla_12_frame_29401'

 --------------------------------------------------------------------------------

 End time:                               Fri Sep 10 11:55:53 2021
 Total wall-clock time:                  0.453 seconds
==================================================================================
