
================================================================================
          _____________ ________ _______________ ________     _________         
         / ___________// ______ \\_____   _____// ______ \   / ________)        
        / /_________  / /      \ \     | |     / /      \ \ | (_______          
       |  __________|| |        | |    | |    | |        | | \________ \        
        \ \_________ | |        | |    | |     \ \______/ /___________) |       
         \__________||_|        |_|    |_|      \________//____________/        
                                                                                
====================================[ Qcore ]===================================

 Git hash:   0385c69a4f85ff35f953e853350ecec6fa7ab330
 Git date:   Wed, 8 Sep 2021 10:09:58 +0100
 Compiler:   AppleClang 10.0.1.10010046
 Build type: Release
 Version:    2.1.1

 Start time: Thu Sep  9 11:27:51 2021

 Data directory: /Users/of15641/qcore/cmake-build-release/share/entos/2.1.1/data
 Number of threads: 2
 Number of threads was determined by: number of physical cores

 --------------------------------------------------------------------------------
                                command: excitons                                
 --------------------------------------------------------------------------------
 XTB basis setup:                        reference basis
 Implicit solvation model:               none
 Number of basis functions:            244
 GFN version:                            chlorophyll
 Integral screening threshold:           1.00e-10
 Total charge:                           0.000000000
 Number of electrons:                  218.000000000
 Electronic temperature (Kelvin):        0.000000000

 D3BJ energy:                           -0.061833053
 Repulsive energy:                       1.508555164

 ****************************************************
  Running robust self-consistent charge (SCC) solver 
 ****************************************************
 Number of SCC trials:                   4
 Using the stop-early mechanism for the first 3 trials

 Conv. threshold (charge):               1.00e-05
 Conv. threshold (energy):               1.00e-06
 Initial guess:                          SAD

 -------------
  SCC Trial 1 
 -------------
 Broyden mixing factor:                  0.400000000
 Max number of iterations:             128

 ---------------------------------------------------------------
                  energy        change          grad        time
 ---------------------------------------------------------------
   0      -125.900469774                    6.48e-01        0.01
   1      -126.600559860     -7.00e-01      3.70e-01        0.01
   2      -126.589205860      1.14e-02      9.76e-02        0.01
   3      -126.597133709     -7.93e-03      1.88e-02        0.01
   4      -126.612609355     -1.55e-02      5.43e-03        0.01
   5      -126.614474818     -1.87e-03      2.28e-03        0.00
   6      -126.614806482     -3.32e-04      8.42e-04        0.01
   7      -126.614844108     -3.76e-05      2.15e-04        0.00
   8      -126.614846268     -2.16e-06      6.37e-05        0.00
   9      -126.614846332     -6.41e-08      2.87e-05        0.00
  10      -126.614846339     -7.62e-09      1.11e-05        0.00
  11      -126.614846340     -5.69e-10      3.61e-06        0.01
  12      -126.614846340     -1.37e-10      1.03e-06        0.01

 SCF converged in 11 iterations.

 Entropy contribution (-ST):             0.000000000
 Dipole moment (in Debye):              -1.537641      -3.576208       0.434638

Chlorophyll parameters
 D_scl:                                  0.636
 Mg_p:                                   0.902
 Mg_s:                                   1.053
 Mgp_Np:                                 1.402
 Mgp_Ns:                                 1.067
 Mgs_Np:                                 1.023
 Mgs_Ns:                                 1.468
 N_p:                                    1.044
 N_s:                                    1.281
 a_x:                                    0.067
 k_p:                                    2.694
 k_s:                                    1.462
 y_J:                                    4.012
 y_K:                                    2.147

 ----------------
  Excitation 0 1 
 ----------------
 Setting up Delta-SCF
 Ground-Excited state overlap:           0.000000000
 No correction applied to the TDM.
 Excitation energy:                      0.066218316
 Excitation energy (in eV):              1.801892169
 Transition dipole:                      0.71534      -2.65346       0.27532
 XTB basis setup:                        reference basis
 Implicit solvation model:               none
 Number of basis functions:            244
 GFN version:                            chlorophyll
 Integral screening threshold:           1.00e-10
 Total charge:                           0.000000000
 Number of electrons:                  218.000000000
 Electronic temperature (Kelvin):        0.000000000

 D3BJ energy:                           -0.062144576
 Repulsive energy:                       1.482049509

 ****************************************************
  Running robust self-consistent charge (SCC) solver 
 ****************************************************
 Number of SCC trials:                   4
 Using the stop-early mechanism for the first 3 trials

 Conv. threshold (charge):               1.00e-05
 Conv. threshold (energy):               1.00e-06
 Initial guess:                          SAD

 -------------
  SCC Trial 1 
 -------------
 Broyden mixing factor:                  0.400000000
 Max number of iterations:             128

 ---------------------------------------------------------------
                  energy        change          grad        time
 ---------------------------------------------------------------
   0      -125.918469031                    6.46e-01        0.01
   1      -126.585835912     -6.67e-01      3.68e-01        0.01
   2      -126.570323822      1.55e-02      9.54e-02        0.01
   3      -126.581114392     -1.08e-02      2.31e-02        0.01
   4      -126.598373870     -1.73e-02      3.52e-03        0.01
   5      -126.598713021     -3.39e-04      2.05e-03        0.01
   6      -126.598954184     -2.41e-04      6.52e-04        0.01
   7      -126.598978949     -2.48e-05      1.95e-04        0.01
   8      -126.598981371     -2.42e-06      5.95e-05        0.01
   9      -126.598981493     -1.22e-07      1.96e-05        0.01
  10      -126.598981497     -3.91e-09      9.39e-06        0.01
  11      -126.598981498     -8.85e-10      2.94e-06        0.01

 SCF converged in 10 iterations.

 Entropy contribution (-ST):             0.000000000
 Dipole moment (in Debye):              -3.041436      -0.623898       1.288094

Chlorophyll parameters
 D_scl:                                  0.636
 Mg_p:                                   0.902
 Mg_s:                                   1.053
 Mgp_Np:                                 1.402
 Mgp_Ns:                                 1.067
 Mgs_Np:                                 1.023
 Mgs_Ns:                                 1.468
 N_p:                                    1.044
 N_s:                                    1.281
 a_x:                                    0.067
 k_p:                                    2.694
 k_s:                                    1.462
 y_J:                                    4.012
 y_K:                                    2.147

 ----------------
  Excitation 0 1 
 ----------------
 Setting up Delta-SCF
 Ground-Excited state overlap:          -0.000000000
 No correction applied to the TDM.
 Excitation energy:                      0.068199489
 Excitation energy (in eV):              1.855802644
 Transition dipole:                      1.15811      -2.35855       0.75889

 ******************
  Exciton analysis 
 ******************

 eigenvalues
 -----------
 state 0:                             -253.2138 hr
 state 1:                             -253.1476 hr
 state 2:                             -253.1456 hr

 coupling energies
 -----------------
 states 1, 2:                            1.0752 cm^-1

 distances
 ---------
 chromophore 1, 2:                     111.0573 au

 charge centers
                         X                   Y                   Z
 1            79.561797096        78.824269170        52.739956707
 2           -17.367508630        31.959902089        79.982609570
 Saving results in set 'trunc_bchla_16_bchla_26_frame_5001'

 --------------------------------------------------------------------------------

 End time:                               Thu Sep  9 11:27:51 2021
 Total wall-clock time:                  0.456 seconds
==================================================================================
