
================================================================================
          _____________ ________ _______________ ________     _________         
         / ___________// ______ \\_____   _____// ______ \   / ________)        
        / /_________  / /      \ \     | |     / /      \ \ | (_______          
       |  __________|| |        | |    | |    | |        | | \________ \        
        \ \_________ | |        | |    | |     \ \______/ /___________) |       
         \__________||_|        |_|    |_|      \________//____________/        
                                                                                
====================================[ Qcore ]===================================

 Git hash:   0385c69a4f85ff35f953e853350ecec6fa7ab330
 Git date:   Wed, 8 Sep 2021 10:09:58 +0100
 Compiler:   AppleClang 10.0.1.10010046
 Build type: Release
 Version:    2.1.1

 Start time: Thu Sep  9 11:24:37 2021

 Data directory: /Users/of15641/qcore/cmake-build-release/share/entos/2.1.1/data
 Number of threads: 2
 Number of threads was determined by: number of physical cores

 --------------------------------------------------------------------------------
                                command: excitons                                
 --------------------------------------------------------------------------------
 XTB basis setup:                        reference basis
 Implicit solvation model:               none
 Number of basis functions:            244
 GFN version:                            chlorophyll
 Integral screening threshold:           1.00e-10
 Total charge:                           0.000000000
 Number of electrons:                  218.000000000
 Electronic temperature (Kelvin):        0.000000000

 D3BJ energy:                           -0.062335749
 Repulsive energy:                       1.541553386

 ****************************************************
  Running robust self-consistent charge (SCC) solver 
 ****************************************************
 Number of SCC trials:                   4
 Using the stop-early mechanism for the first 3 trials

 Conv. threshold (charge):               1.00e-05
 Conv. threshold (energy):               1.00e-06
 Initial guess:                          SAD

 -------------
  SCC Trial 1 
 -------------
 Broyden mixing factor:                  0.400000000
 Max number of iterations:             128

 ---------------------------------------------------------------
                  energy        change          grad        time
 ---------------------------------------------------------------
   0      -125.886023301                    6.47e-01        0.01
   1      -126.569123093     -6.83e-01      3.70e-01        0.00
   2      -126.485404468      8.37e-02      1.02e-01        0.00
   3      -126.425563795      5.98e-02      4.60e-02        0.01
   4      -126.588320689     -1.63e-01      1.07e-02        0.01
   5      -126.592591343     -4.27e-03      2.86e-03        0.00
   6      -126.592590009      1.33e-06      1.36e-03        0.00
   7      -126.592671914     -8.19e-05      4.26e-04        0.00
   8      -126.592673752     -1.84e-06      2.79e-04        0.00
   9      -126.592675017     -1.26e-06      8.45e-05        0.00
  10      -126.592675033     -1.59e-08      2.14e-05        0.00
  11      -126.592675038     -5.77e-09      5.30e-06        0.00
  12      -126.592675039     -5.07e-10      1.66e-06        0.00

 SCF converged in 11 iterations.

 Entropy contribution (-ST):             0.000000000
 Dipole moment (in Debye):               2.974283       0.814201       1.973166

Chlorophyll parameters
 D_scl:                                  0.636
 Mg_p:                                   0.902
 Mg_s:                                   1.053
 Mgp_Np:                                 1.402
 Mgp_Ns:                                 1.067
 Mgs_Np:                                 1.023
 Mgs_Ns:                                 1.468
 N_p:                                    1.044
 N_s:                                    1.281
 a_x:                                    0.067
 k_p:                                    2.694
 k_s:                                    1.462
 y_J:                                    4.012
 y_K:                                    2.147

 ----------------
  Excitation 0 1 
 ----------------
 Setting up Delta-SCF
 Ground-Excited state overlap:           0.000000000
 No correction applied to the TDM.
 Excitation energy:                      0.067037467
 Excitation energy (in eV):              1.824182417
 Transition dipole:                     -1.16951       2.45004       0.54096
 XTB basis setup:                        reference basis
 Implicit solvation model:               none
 Number of basis functions:            244
 GFN version:                            chlorophyll
 Integral screening threshold:           1.00e-10
 Total charge:                           0.000000000
 Number of electrons:                  218.000000000
 Electronic temperature (Kelvin):        0.000000000

 D3BJ energy:                           -0.061661380
 Repulsive energy:                       1.502436877

 ****************************************************
  Running robust self-consistent charge (SCC) solver 
 ****************************************************
 Number of SCC trials:                   4
 Using the stop-early mechanism for the first 3 trials

 Conv. threshold (charge):               1.00e-05
 Conv. threshold (energy):               1.00e-06
 Initial guess:                          SAD

 -------------
  SCC Trial 1 
 -------------
 Broyden mixing factor:                  0.400000000
 Max number of iterations:             128

 ---------------------------------------------------------------
                  energy        change          grad        time
 ---------------------------------------------------------------
   0      -125.886474362                    6.46e-01        0.01
   1      -126.565428841     -6.79e-01      3.69e-01        0.01
   2      -126.551573320      1.39e-02      9.63e-02        0.01
   3      -126.555054599     -3.48e-03      2.06e-02        0.01
   4      -126.576399180     -2.13e-02      5.79e-03        0.01
   5      -126.578563735     -2.16e-03      2.14e-03        0.01
   6      -126.578833820     -2.70e-04      8.85e-04        0.01
   7      -126.578881342     -4.75e-05      1.96e-04        0.01
   8      -126.578882965     -1.62e-06      5.56e-05        0.01
   9      -126.578882996     -3.07e-08      2.71e-05        0.01
  10      -126.578883004     -8.48e-09      1.07e-05        0.01
  11      -126.578883005     -4.67e-10      3.08e-06        0.01
  12      -126.578883005     -8.71e-11      9.42e-07        0.01

 SCF converged in 11 iterations.

 Entropy contribution (-ST):             0.000000000
 Dipole moment (in Debye):               0.401870       1.763266       0.905384

Chlorophyll parameters
 D_scl:                                  0.636
 Mg_p:                                   0.902
 Mg_s:                                   1.053
 Mgp_Np:                                 1.402
 Mgp_Ns:                                 1.067
 Mgs_Np:                                 1.023
 Mgs_Ns:                                 1.468
 N_p:                                    1.044
 N_s:                                    1.281
 a_x:                                    0.067
 k_p:                                    2.694
 k_s:                                    1.462
 y_J:                                    4.012
 y_K:                                    2.147

 ----------------
  Excitation 0 1 
 ----------------
 Setting up Delta-SCF
 Ground-Excited state overlap:          -0.000000000
 No correction applied to the TDM.
 Excitation energy:                      0.066348754
 Excitation energy (in eV):              1.805441570
 Transition dipole:                      1.60726       2.21036      -0.26458

 ******************
  Exciton analysis 
 ******************

 eigenvalues
 -----------
 state 0:                             -253.1715 hr
 state 1:                             -253.1052 hr
 state 2:                             -253.1045 hr

 coupling energies
 -----------------
 states 1, 2:                           -8.2593 cm^-1

 distances
 ---------
 chromophore 1, 2:                      34.9735 au

 charge centers
                         X                   Y                   Z
 1            91.599925037        85.556742182        80.636341451
 2            92.197341736        64.353250357        52.829864821
 Saving results in set 'trunc_bchla_14_bchla_15_frame_45001'

 --------------------------------------------------------------------------------

 End time:                               Thu Sep  9 11:24:37 2021
 Total wall-clock time:                  0.420 seconds
==================================================================================
