
================================================================================
          _____________ ________ _______________ ________     _________         
         / ___________// ______ \\_____   _____// ______ \   / ________)        
        / /_________  / /      \ \     | |     / /      \ \ | (_______          
       |  __________|| |        | |    | |    | |        | | \________ \        
        \ \_________ | |        | |    | |     \ \______/ /___________) |       
         \__________||_|        |_|    |_|      \________//____________/        
                                                                                
====================================[ Qcore ]===================================

 Git hash:   0385c69a4f85ff35f953e853350ecec6fa7ab330
 Git date:   Wed, 8 Sep 2021 10:09:58 +0100
 Compiler:   AppleClang 10.0.1.10010046
 Build type: Release
 Version:    2.1.1

 Start time: Fri Sep 10 12:07:46 2021

 Data directory: /Users/of15641/qcore/cmake-build-release/share/entos/2.1.1/data
 Number of threads: 2
 Number of threads was determined by: number of physical cores

 --------------------------------------------------------------------------------
                                command: excitons                                
 --------------------------------------------------------------------------------
 XTB basis setup:                        reference basis
 Implicit solvation model:               none
 Number of basis functions:            244
 GFN version:                            chlorophyll
 Integral screening threshold:           1.00e-10
 Total charge:                           0.000000000
 Number of electrons:                  218.000000000
 Electronic temperature (Kelvin):        0.000000000

 D3BJ energy:                           -0.062176216
 Repulsive energy:                       1.550961715

 ****************************************************
  Running robust self-consistent charge (SCC) solver 
 ****************************************************
 Number of SCC trials:                   4
 Using the stop-early mechanism for the first 3 trials

 Conv. threshold (charge):               1.00e-05
 Conv. threshold (energy):               1.00e-06
 Initial guess:                          SAD

 -------------
  SCC Trial 1 
 -------------
 Broyden mixing factor:                  0.400000000
 Max number of iterations:             128

 ---------------------------------------------------------------
                  energy        change          grad        time
 ---------------------------------------------------------------
   0      -125.923562122                    6.48e-01        0.01
   1      -126.595123134     -6.72e-01      3.70e-01        0.01
   2      -126.523433269      7.17e-02      1.01e-01        0.01
   3      -126.483437681      4.00e-02      4.09e-02        0.01
   4      -126.615467673     -1.32e-01      9.23e-03        0.01
   5      -126.618672527     -3.20e-03      2.56e-03        0.01
   6      -126.618680586     -8.06e-06      1.20e-03        0.01
   7      -126.618749891     -6.93e-05      3.90e-04        0.01
   8      -126.618752049     -2.16e-06      2.24e-04        0.02
   9      -126.618752361     -3.12e-07      7.64e-05        0.01
  10      -126.618752393     -3.20e-08      1.73e-05        0.01
  11      -126.618752400     -6.65e-09      4.77e-06        0.01
  12      -126.618752400     -2.88e-10      1.11e-06        0.01

 SCF converged in 11 iterations.

 Entropy contribution (-ST):             0.000000000
 Dipole moment (in Debye):              -2.529668       0.098149      -0.290145

Chlorophyll parameters
 D_scl:                                  0.636
 Mg_p:                                   0.902
 Mg_s:                                   1.053
 Mgp_Np:                                 1.402
 Mgp_Ns:                                 1.067
 Mgs_Np:                                 1.023
 Mgs_Ns:                                 1.468
 N_p:                                    1.044
 N_s:                                    1.281
 a_x:                                    0.067
 k_p:                                    2.694
 k_s:                                    1.462
 y_J:                                    4.012
 y_K:                                    2.147

 ----------------
  Excitation 0 1 
 ----------------
 Setting up Delta-SCF
 Ground-Excited state overlap:           0.000000000
 No correction applied to the TDM.
 Excitation energy:                      0.069052677
 Excitation energy (in eV):              1.879019058
 Transition dipole:                      2.26921       1.44840      -0.09520
 XTB basis setup:                        reference basis
 Implicit solvation model:               none
 Number of basis functions:            244
 GFN version:                            chlorophyll
 Integral screening threshold:           1.00e-10
 Total charge:                           0.000000000
 Number of electrons:                  218.000000000
 Electronic temperature (Kelvin):        0.000000000

 D3BJ energy:                           -0.061942041
 Repulsive energy:                       1.490754043

 ****************************************************
  Running robust self-consistent charge (SCC) solver 
 ****************************************************
 Number of SCC trials:                   4
 Using the stop-early mechanism for the first 3 trials

 Conv. threshold (charge):               1.00e-05
 Conv. threshold (energy):               1.00e-06
 Initial guess:                          SAD

 -------------
  SCC Trial 1 
 -------------
 Broyden mixing factor:                  0.400000000
 Max number of iterations:             128

 ---------------------------------------------------------------
                  energy        change          grad        time
 ---------------------------------------------------------------
   0      -125.887313614                    6.46e-01        0.01
   1      -126.568812639     -6.81e-01      3.68e-01        0.01
   2      -126.528801784      4.00e-02      9.72e-02        0.01
   3      -126.505138967      2.37e-02      3.24e-02        0.02
   4      -126.579655866     -7.45e-02      1.02e-02        0.01
   5      -126.585295094     -5.64e-03      2.76e-03        0.01
   6      -126.585605614     -3.11e-04      1.28e-03        0.01
   7      -126.585680438     -7.48e-05      3.10e-04        0.01
   8      -126.585682953     -2.52e-06      1.29e-04        0.01
   9      -126.585683050     -9.70e-08      6.31e-05        0.01
  10      -126.585683072     -2.21e-08      2.36e-05        0.01
  11      -126.585683074     -2.63e-09      4.94e-06        0.01
  12      -126.585683075     -4.21e-10      1.66e-06        0.01

 SCF converged in 11 iterations.

 Entropy contribution (-ST):             0.000000000
 Dipole moment (in Debye):               0.987799       2.660862      -0.105198

Chlorophyll parameters
 D_scl:                                  0.636
 Mg_p:                                   0.902
 Mg_s:                                   1.053
 Mgp_Np:                                 1.402
 Mgp_Ns:                                 1.067
 Mgs_Np:                                 1.023
 Mgs_Ns:                                 1.468
 N_p:                                    1.044
 N_s:                                    1.281
 a_x:                                    0.067
 k_p:                                    2.694
 k_s:                                    1.462
 y_J:                                    4.012
 y_K:                                    2.147

 ----------------
  Excitation 0 1 
 ----------------
 Setting up Delta-SCF
 Ground-Excited state overlap:          -0.000000000
 No correction applied to the TDM.
 Excitation energy:                      0.064895649
 Excitation energy (in eV):              1.765900569
 Transition dipole:                      1.12270       2.53789      -0.32126

 ******************
  Exciton analysis 
 ******************

 eigenvalues
 -----------
 state 0:                             -253.2044 hr
 state 1:                             -253.1395 hr
 state 2:                             -253.1354 hr

 coupling energies
 -----------------
 states 1, 2:                          -17.0627 cm^-1

 distances
 ---------
 chromophore 1, 2:                      48.6751 au

 charge centers
                         X                   Y                   Z
 1            77.892188143        16.499967139        56.581365524
 2            88.862047486        63.719045541        52.189273706
 Saving results in set 'trunc_bchla_10_bchla_15_frame_13201'

 --------------------------------------------------------------------------------

 End time:                               Fri Sep 10 12:07:47 2021
 Total wall-clock time:                  0.511 seconds
==================================================================================
