
================================================================================
          _____________ ________ _______________ ________     _________         
         / ___________// ______ \\_____   _____// ______ \   / ________)        
        / /_________  / /      \ \     | |     / /      \ \ | (_______          
       |  __________|| |        | |    | |    | |        | | \________ \        
        \ \_________ | |        | |    | |     \ \______/ /___________) |       
         \__________||_|        |_|    |_|      \________//____________/        
                                                                                
====================================[ Qcore ]===================================

 Git hash:   0385c69a4f85ff35f953e853350ecec6fa7ab330
 Git date:   Wed, 8 Sep 2021 10:09:58 +0100
 Compiler:   AppleClang 10.0.1.10010046
 Build type: Release
 Version:    2.1.1

 Start time: Thu Sep  9 11:19:24 2021

 Data directory: /Users/of15641/qcore/cmake-build-release/share/entos/2.1.1/data
 Number of threads: 2
 Number of threads was determined by: number of physical cores

 --------------------------------------------------------------------------------
                                command: excitons                                
 --------------------------------------------------------------------------------
 XTB basis setup:                        reference basis
 Implicit solvation model:               none
 Number of basis functions:            244
 GFN version:                            chlorophyll
 Integral screening threshold:           1.00e-10
 Total charge:                           0.000000000
 Number of electrons:                  218.000000000
 Electronic temperature (Kelvin):        0.000000000

 D3BJ energy:                           -0.061465731
 Repulsive energy:                       1.505210146

 ****************************************************
  Running robust self-consistent charge (SCC) solver 
 ****************************************************
 Number of SCC trials:                   4
 Using the stop-early mechanism for the first 3 trials

 Conv. threshold (charge):               1.00e-05
 Conv. threshold (energy):               1.00e-06
 Initial guess:                          SAD

 -------------
  SCC Trial 1 
 -------------
 Broyden mixing factor:                  0.400000000
 Max number of iterations:             128

 ---------------------------------------------------------------
                  energy        change          grad        time
 ---------------------------------------------------------------
   0      -125.884335725                    6.46e-01        0.01
   1      -126.545169152     -6.61e-01      3.68e-01        0.01
   2      -126.513415975      3.18e-02      9.67e-02        0.01
   3      -126.513463872     -4.79e-05      2.91e-02        0.01
   4      -126.561173638     -4.77e-02      4.94e-03        0.00
   5      -126.562426917     -1.25e-03      1.22e-03        0.00
   6      -126.562464105     -3.72e-05      4.22e-04        0.00
   7      -126.562467871     -3.77e-06      1.95e-04        0.01
   8      -126.562469837     -1.97e-06      1.05e-04        0.00
   9      -126.562470360     -5.23e-07      3.66e-05        0.01
  10      -126.562470367     -7.14e-09      1.41e-05        0.01
  11      -126.562470371     -3.21e-09      3.38e-06        0.01
  12      -126.562470371     -1.99e-10      1.13e-06        0.00

 SCF converged in 11 iterations.

 Entropy contribution (-ST):             0.000000000
 Dipole moment (in Debye):              -3.522669       0.856768       0.913761

Chlorophyll parameters
 D_scl:                                  0.636
 Mg_p:                                   0.902
 Mg_s:                                   1.053
 Mgp_Np:                                 1.402
 Mgp_Ns:                                 1.067
 Mgs_Np:                                 1.023
 Mgs_Ns:                                 1.468
 N_p:                                    1.044
 N_s:                                    1.281
 a_x:                                    0.067
 k_p:                                    2.694
 k_s:                                    1.462
 y_J:                                    4.012
 y_K:                                    2.147

 ----------------
  Excitation 0 1 
 ----------------
 Setting up Delta-SCF
 Ground-Excited state overlap:           0.000000000
 No correction applied to the TDM.
 Excitation energy:                      0.065935795
 Excitation energy (in eV):              1.794204387
 Transition dipole:                      2.39318       1.29932       0.05021
 XTB basis setup:                        reference basis
 Implicit solvation model:               none
 Number of basis functions:            244
 GFN version:                            chlorophyll
 Integral screening threshold:           1.00e-10
 Total charge:                           0.000000000
 Number of electrons:                  218.000000000
 Electronic temperature (Kelvin):        0.000000000

 D3BJ energy:                           -0.062249793
 Repulsive energy:                       1.424981188

 ****************************************************
  Running robust self-consistent charge (SCC) solver 
 ****************************************************
 Number of SCC trials:                   4
 Using the stop-early mechanism for the first 3 trials

 Conv. threshold (charge):               1.00e-05
 Conv. threshold (energy):               1.00e-06
 Initial guess:                          SAD

 -------------
  SCC Trial 1 
 -------------
 Broyden mixing factor:                  0.400000000
 Max number of iterations:             128

 ---------------------------------------------------------------
                  energy        change          grad        time
 ---------------------------------------------------------------
   0      -125.823539999                    6.44e-01        0.01
   1      -126.538072239     -7.15e-01      3.68e-01        0.01
   2      -126.505992037      3.21e-02      1.02e-01        0.01
   3      -126.501303963      4.69e-03      3.14e-02        0.01
   4      -126.550813859     -4.95e-02      9.34e-03        0.01
   5      -126.556564642     -5.75e-03      2.45e-03        0.01
   6      -126.556866629     -3.02e-04      8.30e-04        0.01
   7      -126.556902427     -3.58e-05      3.11e-04        0.01
   8      -126.556907439     -5.01e-06      1.06e-04        0.01
   9      -126.556907581     -1.42e-07      4.87e-05        0.01
  10      -126.556907610     -2.93e-08      1.94e-05        0.01
  11      -126.556907613     -2.51e-09      4.59e-06        0.01
  12      -126.556907613     -4.27e-10      1.40e-06        0.01

 SCF converged in 11 iterations.

 Entropy contribution (-ST):             0.000000000
 Dipole moment (in Debye):               4.319515       2.395236       1.467142

Chlorophyll parameters
 D_scl:                                  0.636
 Mg_p:                                   0.902
 Mg_s:                                   1.053
 Mgp_Np:                                 1.402
 Mgp_Ns:                                 1.067
 Mgs_Np:                                 1.023
 Mgs_Ns:                                 1.468
 N_p:                                    1.044
 N_s:                                    1.281
 a_x:                                    0.067
 k_p:                                    2.694
 k_s:                                    1.462
 y_J:                                    4.012
 y_K:                                    2.147

 ----------------
  Excitation 0 1 
 ----------------
 Setting up Delta-SCF
 Ground-Excited state overlap:          -0.000000000
 No correction applied to the TDM.
 Excitation energy:                      0.064110128
 Excitation energy (in eV):              1.744525459
 Transition dipole:                      2.40889      -1.49849      -0.06939

 ******************
  Exciton analysis 
 ******************

 eigenvalues
 -----------
 state 0:                             -253.1194 hr
 state 1:                             -253.0553 hr
 state 2:                             -253.0534 hr

 coupling energies
 -----------------
 states 1, 2:                            4.6019 cm^-1

 distances
 ---------
 chromophore 1, 2:                      73.3061 au

 charge centers
                         X                   Y                   Z
 1            77.930654494        15.476137841        56.775953926
 2            87.338644261        83.931600407        81.253014516
 Saving results in set 'trunc_bchla_10_bchla_14_frame_5001'

 --------------------------------------------------------------------------------

 End time:                               Thu Sep  9 11:19:24 2021
 Total wall-clock time:                  0.446 seconds
==================================================================================
