
================================================================================
          _____________ ________ _______________ ________     _________         
         / ___________// ______ \\_____   _____// ______ \   / ________)        
        / /_________  / /      \ \     | |     / /      \ \ | (_______          
       |  __________|| |        | |    | |    | |        | | \________ \        
        \ \_________ | |        | |    | |     \ \______/ /___________) |       
         \__________||_|        |_|    |_|      \________//____________/        
                                                                                
====================================[ Qcore ]===================================

 Git hash:   0385c69a4f85ff35f953e853350ecec6fa7ab330
 Git date:   Wed, 8 Sep 2021 10:09:58 +0100
 Compiler:   AppleClang 10.0.1.10010046
 Build type: Release
 Version:    2.1.1

 Start time: Thu Sep  9 11:36:37 2021

 Data directory: /Users/of15641/qcore/cmake-build-release/share/entos/2.1.1/data
 Number of threads: 2
 Number of threads was determined by: number of physical cores

 --------------------------------------------------------------------------------
                                command: excitons                                
 --------------------------------------------------------------------------------
 XTB basis setup:                        reference basis
 Implicit solvation model:               none
 Number of basis functions:            244
 GFN version:                            chlorophyll
 Integral screening threshold:           1.00e-10
 Total charge:                           0.000000000
 Number of electrons:                  218.000000000
 Electronic temperature (Kelvin):        0.000000000

 D3BJ energy:                           -0.062587869
 Repulsive energy:                       1.437849332

 ****************************************************
  Running robust self-consistent charge (SCC) solver 
 ****************************************************
 Number of SCC trials:                   4
 Using the stop-early mechanism for the first 3 trials

 Conv. threshold (charge):               1.00e-05
 Conv. threshold (energy):               1.00e-06
 Initial guess:                          SAD

 -------------
  SCC Trial 1 
 -------------
 Broyden mixing factor:                  0.400000000
 Max number of iterations:             128

 ---------------------------------------------------------------
                  energy        change          grad        time
 ---------------------------------------------------------------
   0      -125.863332151                    6.44e-01        0.01
   1      -126.558658989     -6.95e-01      3.67e-01        0.01
   2      -126.544551933      1.41e-02      1.01e-01        0.01
   3      -126.557712195     -1.32e-02      2.03e-02        0.01
   4      -126.572403253     -1.47e-02      4.65e-03        0.01
   5      -126.573423168     -1.02e-03      2.00e-03        0.01
   6      -126.573659006     -2.36e-04      7.50e-04        0.00
   7      -126.573696162     -3.72e-05      2.08e-04        0.01
   8      -126.573698728     -2.57e-06      5.68e-05        0.00
   9      -126.573698802     -7.34e-08      2.11e-05        0.00
  10      -126.573698807     -4.95e-09      9.62e-06        0.01
  11      -126.573698808     -1.49e-09      3.27e-06        0.01

 SCF converged in 10 iterations.

 Entropy contribution (-ST):             0.000000000
 Dipole moment (in Debye):              -3.232656      -3.453125       0.208851

Chlorophyll parameters
 D_scl:                                  0.636
 Mg_p:                                   0.902
 Mg_s:                                   1.053
 Mgp_Np:                                 1.402
 Mgp_Ns:                                 1.067
 Mgs_Np:                                 1.023
 Mgs_Ns:                                 1.468
 N_p:                                    1.044
 N_s:                                    1.281
 a_x:                                    0.067
 k_p:                                    2.694
 k_s:                                    1.462
 y_J:                                    4.012
 y_K:                                    2.147

 ----------------
  Excitation 0 1 
 ----------------
 Setting up Delta-SCF
 Ground-Excited state overlap:          -0.000000000
 No correction applied to the TDM.
 Excitation energy:                      0.067846064
 Excitation energy (in eV):              1.846185446
 Transition dipole:                     -2.43618       0.64473      -1.02074
 XTB basis setup:                        reference basis
 Implicit solvation model:               none
 Number of basis functions:            244
 GFN version:                            chlorophyll
 Integral screening threshold:           1.00e-10
 Total charge:                           0.000000000
 Number of electrons:                  218.000000000
 Electronic temperature (Kelvin):        0.000000000

 D3BJ energy:                           -0.061082496
 Repulsive energy:                       1.492240577

 ****************************************************
  Running robust self-consistent charge (SCC) solver 
 ****************************************************
 Number of SCC trials:                   4
 Using the stop-early mechanism for the first 3 trials

 Conv. threshold (charge):               1.00e-05
 Conv. threshold (energy):               1.00e-06
 Initial guess:                          SAD

 -------------
  SCC Trial 1 
 -------------
 Broyden mixing factor:                  0.400000000
 Max number of iterations:             128

 ---------------------------------------------------------------
                  energy        change          grad        time
 ---------------------------------------------------------------
   0      -125.914343848                    6.47e-01        0.01
   1      -126.603369590     -6.89e-01      3.69e-01        0.01
   2      -126.589052155      1.43e-02      9.76e-02        0.01
   3      -126.594802179     -5.75e-03      2.22e-02        0.01
   4      -126.616137465     -2.13e-02      4.55e-03        0.01
   5      -126.617173447     -1.04e-03      1.78e-03        0.01
   6      -126.617311738     -1.38e-04      9.74e-04        0.01
   7      -126.617380674     -6.89e-05      1.83e-04        0.01
   8      -126.617382056     -1.38e-06      6.41e-05        0.01
   9      -126.617382130     -7.40e-08      2.64e-05        0.01
  10      -126.617382138     -8.31e-09      1.03e-05        0.01
  11      -126.617382140     -1.27e-09      3.35e-06        0.01
  12      -126.617382140     -1.01e-10      9.50e-07        0.01

 SCF converged in 11 iterations.

 Entropy contribution (-ST):             0.000000000
 Dipole moment (in Debye):               2.509783      -3.636663       0.785679

Chlorophyll parameters
 D_scl:                                  0.636
 Mg_p:                                   0.902
 Mg_s:                                   1.053
 Mgp_Np:                                 1.402
 Mgp_Ns:                                 1.067
 Mgs_Np:                                 1.023
 Mgs_Ns:                                 1.468
 N_p:                                    1.044
 N_s:                                    1.281
 a_x:                                    0.067
 k_p:                                    2.694
 k_s:                                    1.462
 y_J:                                    4.012
 y_K:                                    2.147

 ----------------
  Excitation 0 1 
 ----------------
 Setting up Delta-SCF
 Ground-Excited state overlap:          -0.000000000
 No correction applied to the TDM.
 Excitation energy:                      0.066808152
 Excitation energy (in eV):              1.817942416
 Transition dipole:                     -2.40693       1.35525      -0.12860

 ******************
  Exciton analysis 
 ******************

 eigenvalues
 -----------
 state 0:                             -253.1911 hr
 state 1:                             -253.1243 hr
 state 2:                             -253.1232 hr

 coupling energies
 -----------------
 states 1, 2:                            1.1006 cm^-1

 distances
 ---------
 chromophore 1, 2:                     109.5269 au

 charge centers
                         X                   Y                   Z
 1             7.335036142         1.265945022        83.790264149
 2            48.404021816        97.674598879        51.933647701
 Saving results in set 'trunc_bchla_2_bchla_19_frame_1'

 --------------------------------------------------------------------------------

 End time:                               Thu Sep  9 11:36:38 2021
 Total wall-clock time:                  0.459 seconds
==================================================================================
