
================================================================================
          _____________ ________ _______________ ________     _________         
         / ___________// ______ \\_____   _____// ______ \   / ________)        
        / /_________  / /      \ \     | |     / /      \ \ | (_______          
       |  __________|| |        | |    | |    | |        | | \________ \        
        \ \_________ | |        | |    | |     \ \______/ /___________) |       
         \__________||_|        |_|    |_|      \________//____________/        
                                                                                
====================================[ Qcore ]===================================

 Git hash:   0385c69a4f85ff35f953e853350ecec6fa7ab330
 Git date:   Wed, 8 Sep 2021 10:09:58 +0100
 Compiler:   AppleClang 10.0.1.10010046
 Build type: Release
 Version:    2.1.1

 Start time: Thu Sep  9 11:21:14 2021

 Data directory: /Users/of15641/qcore/cmake-build-release/share/entos/2.1.1/data
 Number of threads: 2
 Number of threads was determined by: number of physical cores

 --------------------------------------------------------------------------------
                                command: excitons                                
 --------------------------------------------------------------------------------
 XTB basis setup:                        reference basis
 Implicit solvation model:               none
 Number of basis functions:            244
 GFN version:                            chlorophyll
 Integral screening threshold:           1.00e-10
 Total charge:                           0.000000000
 Number of electrons:                  218.000000000
 Electronic temperature (Kelvin):        0.000000000

 D3BJ energy:                           -0.062099781
 Repulsive energy:                       1.483594435

 ****************************************************
  Running robust self-consistent charge (SCC) solver 
 ****************************************************
 Number of SCC trials:                   4
 Using the stop-early mechanism for the first 3 trials

 Conv. threshold (charge):               1.00e-05
 Conv. threshold (energy):               1.00e-06
 Initial guess:                          SAD

 -------------
  SCC Trial 1 
 -------------
 Broyden mixing factor:                  0.400000000
 Max number of iterations:             128

 ---------------------------------------------------------------
                  energy        change          grad        time
 ---------------------------------------------------------------
   0      -125.841410344                    6.49e-01        0.01
   1      -126.564475555     -7.23e-01      3.70e-01        0.00
   2      -126.551472007      1.30e-02      1.00e-01        0.00
   3      -126.554656740     -3.18e-03      2.19e-02        0.00
   4      -126.573755754     -1.91e-02      8.22e-03        0.00
   5      -126.578499350     -4.74e-03      2.03e-03        0.00
   6      -126.578731867     -2.33e-04      5.55e-04        0.00
   7      -126.578743661     -1.18e-05      1.89e-04        0.00
   8      -126.578745298     -1.64e-06      6.88e-05        0.00
   9      -126.578745436     -1.38e-07      2.65e-05        0.00
  10      -126.578745447     -1.18e-08      1.07e-05        0.00
  11      -126.578745449     -1.40e-09      3.66e-06        0.00
  12      -126.578745449     -1.37e-10      1.06e-06        0.00

 SCF converged in 11 iterations.

 Entropy contribution (-ST):             0.000000000
 Dipole moment (in Debye):               0.911366      -0.889136       2.052293

Chlorophyll parameters
 D_scl:                                  0.636
 Mg_p:                                   0.902
 Mg_s:                                   1.053
 Mgp_Np:                                 1.402
 Mgp_Ns:                                 1.067
 Mgs_Np:                                 1.023
 Mgs_Ns:                                 1.468
 N_p:                                    1.044
 N_s:                                    1.281
 a_x:                                    0.067
 k_p:                                    2.694
 k_s:                                    1.462
 y_J:                                    4.012
 y_K:                                    2.147

 ----------------
  Excitation 0 1 
 ----------------
 Setting up Delta-SCF
 Ground-Excited state overlap:           0.000000000
 No correction applied to the TDM.
 Excitation energy:                      0.063283537
 Excitation energy (in eV):              1.722032768
 Transition dipole:                      0.14301       2.61983       0.67065
 XTB basis setup:                        reference basis
 Implicit solvation model:               none
 Number of basis functions:            244
 GFN version:                            chlorophyll
 Integral screening threshold:           1.00e-10
 Total charge:                           0.000000000
 Number of electrons:                  218.000000000
 Electronic temperature (Kelvin):        0.000000000

 D3BJ energy:                           -0.061827811
 Repulsive energy:                       1.496824246

 ****************************************************
  Running robust self-consistent charge (SCC) solver 
 ****************************************************
 Number of SCC trials:                   4
 Using the stop-early mechanism for the first 3 trials

 Conv. threshold (charge):               1.00e-05
 Conv. threshold (energy):               1.00e-06
 Initial guess:                          SAD

 -------------
  SCC Trial 1 
 -------------
 Broyden mixing factor:                  0.400000000
 Max number of iterations:             128

 ---------------------------------------------------------------
                  energy        change          grad        time
 ---------------------------------------------------------------
   0      -125.910516560                    6.47e-01        0.01
   1      -126.605159663     -6.95e-01      3.69e-01        0.01
   2      -126.565732268      3.94e-02      1.02e-01        0.01
   3      -126.554551540      1.12e-02      3.35e-02        0.01
   4      -126.621200101     -6.66e-02      8.14e-03        0.01
   5      -126.625771931     -4.57e-03      2.07e-03        0.01
   6      -126.625953777     -1.82e-04      7.57e-04        0.01
   7      -126.625979425     -2.56e-05      2.50e-04        0.01
   8      -126.625981558     -2.13e-06      1.27e-04        0.01
   9      -126.625981729     -1.72e-07      5.83e-05        0.01
  10      -126.625981768     -3.86e-08      2.10e-05        0.01
  11      -126.625981774     -6.10e-09      3.78e-06        0.01
  12      -126.625981774     -1.10e-10      1.07e-06        0.01

 SCF converged in 11 iterations.

 Entropy contribution (-ST):             0.000000000
 Dipole moment (in Debye):               4.464763      -2.400820      -0.082661

Chlorophyll parameters
 D_scl:                                  0.636
 Mg_p:                                   0.902
 Mg_s:                                   1.053
 Mgp_Np:                                 1.402
 Mgp_Ns:                                 1.067
 Mgs_Np:                                 1.023
 Mgs_Ns:                                 1.468
 N_p:                                    1.044
 N_s:                                    1.281
 a_x:                                    0.067
 k_p:                                    2.694
 k_s:                                    1.462
 y_J:                                    4.012
 y_K:                                    2.147

 ----------------
  Excitation 0 1 
 ----------------
 Setting up Delta-SCF
 Ground-Excited state overlap:          -0.000000000
 No correction applied to the TDM.
 Excitation energy:                      0.068310355
 Excitation energy (in eV):              1.858819454
 Transition dipole:                     -2.52298       0.83161      -0.37872

 ******************
  Exciton analysis 
 ******************

 eigenvalues
 -----------
 state 0:                             -253.2047 hr
 state 1:                             -253.1415 hr
 state 2:                             -253.1364 hr

 coupling energies
 -----------------
 states 1, 2:                           -3.1131 cm^-1

 distances
 ---------
 chromophore 1, 2:                      79.0331 au

 charge centers
                         X                   Y                   Z
 1            99.814527106        47.169641083        82.399303637
 2            49.454206513        98.675049951        49.883694493
 Saving results in set 'trunc_bchla_11_bchla_19_frame_5001'

 --------------------------------------------------------------------------------

 End time:                               Thu Sep  9 11:21:15 2021
 Total wall-clock time:                  0.426 seconds
==================================================================================
