
================================================================================
          _____________ ________ _______________ ________     _________         
         / ___________// ______ \\_____   _____// ______ \   / ________)        
        / /_________  / /      \ \     | |     / /      \ \ | (_______          
       |  __________|| |        | |    | |    | |        | | \________ \        
        \ \_________ | |        | |    | |     \ \______/ /___________) |       
         \__________||_|        |_|    |_|      \________//____________/        
                                                                                
====================================[ Qcore ]===================================

 Git hash:   0385c69a4f85ff35f953e853350ecec6fa7ab330
 Git date:   Wed, 8 Sep 2021 10:09:58 +0100
 Compiler:   AppleClang 10.0.1.10010046
 Build type: Release
 Version:    2.1.1

 Start time: Thu Sep  9 11:37:37 2021

 Data directory: /Users/of15641/qcore/cmake-build-release/share/entos/2.1.1/data
 Number of threads: 2
 Number of threads was determined by: number of physical cores

 --------------------------------------------------------------------------------
                                command: excitons                                
 --------------------------------------------------------------------------------
 XTB basis setup:                        reference basis
 Implicit solvation model:               none
 Number of basis functions:            244
 GFN version:                            chlorophyll
 Integral screening threshold:           1.00e-10
 Total charge:                           0.000000000
 Number of electrons:                  218.000000000
 Electronic temperature (Kelvin):        0.000000000

 D3BJ energy:                           -0.061849262
 Repulsive energy:                       1.471878336

 ****************************************************
  Running robust self-consistent charge (SCC) solver 
 ****************************************************
 Number of SCC trials:                   4
 Using the stop-early mechanism for the first 3 trials

 Conv. threshold (charge):               1.00e-05
 Conv. threshold (energy):               1.00e-06
 Initial guess:                          SAD

 -------------
  SCC Trial 1 
 -------------
 Broyden mixing factor:                  0.400000000
 Max number of iterations:             128

 ---------------------------------------------------------------
                  energy        change          grad        time
 ---------------------------------------------------------------
   0      -125.832995285                    6.46e-01        0.01
   1      -126.557328184     -7.24e-01      3.68e-01        0.01
   2      -126.521965463      3.54e-02      1.03e-01        0.01
   3      -126.484964773      3.70e-02      3.50e-02        0.01
   4      -126.567630681     -8.27e-02      1.10e-02        0.01
   5      -126.574620883     -6.99e-03      2.53e-03        0.01
   6      -126.574728148     -1.07e-04      1.02e-03        0.01
   7      -126.574765370     -3.72e-05      3.45e-04        0.01
   8      -126.574769459     -4.09e-06      1.77e-04        0.01
   9      -126.574769773     -3.14e-07      7.14e-05        0.01
  10      -126.574769798     -2.47e-08      2.19e-05        0.01
  11      -126.574769803     -5.60e-09      4.59e-06        0.01
  12      -126.574769804     -3.97e-10      1.32e-06        0.01

 SCF converged in 11 iterations.

 Entropy contribution (-ST):             0.000000000
 Dipole moment (in Debye):              -2.512819      -1.564415       0.065886

Chlorophyll parameters
 D_scl:                                  0.636
 Mg_p:                                   0.902
 Mg_s:                                   1.053
 Mgp_Np:                                 1.402
 Mgp_Ns:                                 1.067
 Mgs_Np:                                 1.023
 Mgs_Ns:                                 1.468
 N_p:                                    1.044
 N_s:                                    1.281
 a_x:                                    0.067
 k_p:                                    2.694
 k_s:                                    1.462
 y_J:                                    4.012
 y_K:                                    2.147

 ----------------
  Excitation 0 1 
 ----------------
 Setting up Delta-SCF
 Ground-Excited state overlap:           0.000000000
 No correction applied to the TDM.
 Excitation energy:                      0.064597946
 Excitation energy (in eV):              1.757799672
 Transition dipole:                      2.05700      -1.63676       0.87126
 XTB basis setup:                        reference basis
 Implicit solvation model:               none
 Number of basis functions:            244
 GFN version:                            chlorophyll
 Integral screening threshold:           1.00e-10
 Total charge:                           0.000000000
 Number of electrons:                  218.000000000
 Electronic temperature (Kelvin):        0.000000000

 D3BJ energy:                           -0.062817557
 Repulsive energy:                       1.473602416

 ****************************************************
  Running robust self-consistent charge (SCC) solver 
 ****************************************************
 Number of SCC trials:                   4
 Using the stop-early mechanism for the first 3 trials

 Conv. threshold (charge):               1.00e-05
 Conv. threshold (energy):               1.00e-06
 Initial guess:                          SAD

 -------------
  SCC Trial 1 
 -------------
 Broyden mixing factor:                  0.400000000
 Max number of iterations:             128

 ---------------------------------------------------------------
                  energy        change          grad        time
 ---------------------------------------------------------------
   0      -125.836329157                    6.46e-01        0.01
   1      -126.539538128     -7.03e-01      3.69e-01        0.01
   2      -126.505247855      3.43e-02      1.01e-01        0.01
   3      -126.491135244      1.41e-02      3.04e-02        0.01
   4      -126.550660509     -5.95e-02      9.33e-03        0.01
   5      -126.556465696     -5.81e-03      2.00e-03        0.01
   6      -126.556586815     -1.21e-04      8.25e-04        0.01
   7      -126.556612923     -2.61e-05      2.77e-04        0.01
   8      -126.556616141     -3.22e-06      1.19e-04        0.01
   9      -126.556616381     -2.40e-07      5.28e-05        0.01
  10      -126.556616392     -1.11e-08      2.25e-05        0.01
  11      -126.556616399     -6.83e-09      4.92e-06        0.01
  12      -126.556616399     -4.32e-10      1.32e-06        0.01

 SCF converged in 11 iterations.

 Entropy contribution (-ST):             0.000000000
 Dipole moment (in Debye):              -5.315928       0.537500       0.115616

Chlorophyll parameters
 D_scl:                                  0.636
 Mg_p:                                   0.902
 Mg_s:                                   1.053
 Mgp_Np:                                 1.402
 Mgp_Ns:                                 1.067
 Mgs_Np:                                 1.023
 Mgs_Ns:                                 1.468
 N_p:                                    1.044
 N_s:                                    1.281
 a_x:                                    0.067
 k_p:                                    2.694
 k_s:                                    1.462
 y_J:                                    4.012
 y_K:                                    2.147

 ----------------
  Excitation 0 1 
 ----------------
 Setting up Delta-SCF
 Ground-Excited state overlap:          -0.000000000
 No correction applied to the TDM.
 Excitation energy:                      0.067346255
 Excitation energy (in eV):              1.832584952
 Transition dipole:                      1.66404      -2.05909       0.53720

 ******************
  Exciton analysis 
 ******************

 eigenvalues
 -----------
 state 0:                             -253.1315 hr
 state 1:                             -253.0669 hr
 state 2:                             -253.0642 hr

 coupling energies
 -----------------
 states 1, 2:                          -39.0338 cm^-1

 distances
 ---------
 chromophore 1, 2:                      42.9262 au

 charge centers
                         X                   Y                   Z
 1             5.907167126        -1.183255066        82.957955743
 2           -18.399432787        33.771097261        77.476837618
 Saving results in set 'trunc_bchla_2_bchla_26_frame_45001'

 --------------------------------------------------------------------------------

 End time:                               Thu Sep  9 11:37:38 2021
 Total wall-clock time:                  0.552 seconds
==================================================================================
