
================================================================================
          _____________ ________ _______________ ________     _________         
         / ___________// ______ \\_____   _____// ______ \   / ________)        
        / /_________  / /      \ \     | |     / /      \ \ | (_______          
       |  __________|| |        | |    | |    | |        | | \________ \        
        \ \_________ | |        | |    | |     \ \______/ /___________) |       
         \__________||_|        |_|    |_|      \________//____________/        
                                                                                
====================================[ Qcore ]===================================

 Git hash:   0385c69a4f85ff35f953e853350ecec6fa7ab330
 Git date:   Wed, 8 Sep 2021 10:09:58 +0100
 Compiler:   AppleClang 10.0.1.10010046
 Build type: Release
 Version:    2.1.1

 Start time: Fri Sep 10 12:03:23 2021

 Data directory: /Users/of15641/qcore/cmake-build-release/share/entos/2.1.1/data
 Number of threads: 2
 Number of threads was determined by: number of physical cores

 --------------------------------------------------------------------------------
                                command: excitons                                
 --------------------------------------------------------------------------------
 XTB basis setup:                        reference basis
 Implicit solvation model:               none
 Number of basis functions:            244
 GFN version:                            chlorophyll
 Integral screening threshold:           1.00e-10
 Total charge:                           0.000000000
 Number of electrons:                  218.000000000
 Electronic temperature (Kelvin):        0.000000000

 D3BJ energy:                           -0.061728121
 Repulsive energy:                       1.499835054

 ****************************************************
  Running robust self-consistent charge (SCC) solver 
 ****************************************************
 Number of SCC trials:                   4
 Using the stop-early mechanism for the first 3 trials

 Conv. threshold (charge):               1.00e-05
 Conv. threshold (energy):               1.00e-06
 Initial guess:                          SAD

 -------------
  SCC Trial 1 
 -------------
 Broyden mixing factor:                  0.400000000
 Max number of iterations:             128

 ---------------------------------------------------------------
                  energy        change          grad        time
 ---------------------------------------------------------------
   0      -125.921886982                    6.46e-01        0.01
   1      -126.588909109     -6.67e-01      3.69e-01        0.01
   2      -126.546832434      4.21e-02      9.95e-02        0.00
   3      -126.514850652      3.20e-02      3.74e-02        0.01
   4      -126.601214406     -8.64e-02      1.06e-02        0.00
   5      -126.609245467     -8.03e-03      2.53e-03        0.00
   6      -126.609408928     -1.63e-04      8.97e-04        0.01
   7      -126.609424829     -1.59e-05      3.48e-04        0.00
   8      -126.609429022     -4.19e-06      1.97e-04        0.01
   9      -126.609429391     -3.69e-07      7.86e-05        0.01
  10      -126.609429486     -9.50e-08      2.99e-05        0.00
  11      -126.609429499     -1.28e-08      4.70e-06        0.00
  12      -126.609429499     -1.88e-10      1.32e-06        0.01

 SCF converged in 11 iterations.

 Entropy contribution (-ST):             0.000000000
 Dipole moment (in Debye):              -4.163929      -1.385374       0.120547

Chlorophyll parameters
 D_scl:                                  0.636
 Mg_p:                                   0.902
 Mg_s:                                   1.053
 Mgp_Np:                                 1.402
 Mgp_Ns:                                 1.067
 Mgs_Np:                                 1.023
 Mgs_Ns:                                 1.468
 N_p:                                    1.044
 N_s:                                    1.281
 a_x:                                    0.067
 k_p:                                    2.694
 k_s:                                    1.462
 y_J:                                    4.012
 y_K:                                    2.147

 ----------------
  Excitation 0 1 
 ----------------
 Setting up Delta-SCF
 Ground-Excited state overlap:          -0.000000000
 No correction applied to the TDM.
 Excitation energy:                      0.065542300
 Excitation energy (in eV):              1.783496834
 Transition dipole:                      2.26050       1.43214      -0.09029
 XTB basis setup:                        reference basis
 Implicit solvation model:               none
 Number of basis functions:            244
 GFN version:                            chlorophyll
 Integral screening threshold:           1.00e-10
 Total charge:                           0.000000000
 Number of electrons:                  218.000000000
 Electronic temperature (Kelvin):        0.000000000

 D3BJ energy:                           -0.061061872
 Repulsive energy:                       1.497818646

 ****************************************************
  Running robust self-consistent charge (SCC) solver 
 ****************************************************
 Number of SCC trials:                   4
 Using the stop-early mechanism for the first 3 trials

 Conv. threshold (charge):               1.00e-05
 Conv. threshold (energy):               1.00e-06
 Initial guess:                          SAD

 -------------
  SCC Trial 1 
 -------------
 Broyden mixing factor:                  0.400000000
 Max number of iterations:             128

 ---------------------------------------------------------------
                  energy        change          grad        time
 ---------------------------------------------------------------
   0      -125.904466418                    6.46e-01        0.01
   1      -126.580324532     -6.76e-01      3.69e-01        0.02
   2      -126.539008195      4.13e-02      9.82e-02        0.01
   3      -126.504819909      3.42e-02      3.51e-02        0.01
   4      -126.592804900     -8.80e-02      9.08e-03        0.01
   5      -126.598283730     -5.48e-03      2.13e-03        0.01
   6      -126.598334883     -5.12e-05      7.13e-04        0.01
   7      -126.598351076     -1.62e-05      2.85e-04        0.01
   8      -126.598351703     -6.27e-07      1.94e-04        0.01
   9      -126.598352688     -9.85e-07      8.73e-05        0.01
  10      -126.598352806     -1.18e-07      2.36e-05        0.01
  11      -126.598352814     -8.01e-09      4.90e-06        0.01
  12      -126.598352815     -2.41e-10      1.41e-06        0.01

 SCF converged in 11 iterations.

 Entropy contribution (-ST):             0.000000000
 Dipole moment (in Debye):               2.563082       1.137187       2.930650

Chlorophyll parameters
 D_scl:                                  0.636
 Mg_p:                                   0.902
 Mg_s:                                   1.053
 Mgp_Np:                                 1.402
 Mgp_Ns:                                 1.067
 Mgs_Np:                                 1.023
 Mgs_Ns:                                 1.468
 N_p:                                    1.044
 N_s:                                    1.281
 a_x:                                    0.067
 k_p:                                    2.694
 k_s:                                    1.462
 y_J:                                    4.012
 y_K:                                    2.147

 ----------------
  Excitation 0 1 
 ----------------
 Setting up Delta-SCF
 Ground-Excited state overlap:           0.000000000
 No correction applied to the TDM.
 Excitation energy:                      0.067898332
 Excitation energy (in eV):              1.847607750
 Transition dipole:                      1.37157      -2.21045      -0.52252

 ******************
  Exciton analysis 
 ******************

 eigenvalues
 -----------
 state 0:                             -253.2078 hr
 state 1:                             -253.1422 hr
 state 2:                             -253.1399 hr

 coupling energies
 -----------------
 states 1, 2:                            5.3500 cm^-1

 distances
 ---------
 chromophore 1, 2:                      73.1051 au

 charge centers
                         X                   Y                   Z
 1            78.809953357        17.285767207        57.339309766
 2            90.608765945        86.005573431        79.310332149
 Saving results in set 'trunc_bchla_10_bchla_14_frame_16701'

 --------------------------------------------------------------------------------

 End time:                               Fri Sep 10 12:03:23 2021
 Total wall-clock time:                  0.453 seconds
==================================================================================
