
================================================================================
          _____________ ________ _______________ ________     _________         
         / ___________// ______ \\_____   _____// ______ \   / ________)        
        / /_________  / /      \ \     | |     / /      \ \ | (_______          
       |  __________|| |        | |    | |    | |        | | \________ \        
        \ \_________ | |        | |    | |     \ \______/ /___________) |       
         \__________||_|        |_|    |_|      \________//____________/        
                                                                                
====================================[ Qcore ]===================================

 Git hash:   0385c69a4f85ff35f953e853350ecec6fa7ab330
 Git date:   Wed, 8 Sep 2021 10:09:58 +0100
 Compiler:   AppleClang 10.0.1.10010046
 Build type: Release
 Version:    2.1.1

 Start time: Thu Sep  9 11:23:32 2021

 Data directory: /Users/of15641/qcore/cmake-build-release/share/entos/2.1.1/data
 Number of threads: 2
 Number of threads was determined by: number of physical cores

 --------------------------------------------------------------------------------
                                command: excitons                                
 --------------------------------------------------------------------------------
 XTB basis setup:                        reference basis
 Implicit solvation model:               none
 Number of basis functions:            244
 GFN version:                            chlorophyll
 Integral screening threshold:           1.00e-10
 Total charge:                           0.000000000
 Number of electrons:                  218.000000000
 Electronic temperature (Kelvin):        0.000000000

 D3BJ energy:                           -0.061273062
 Repulsive energy:                       1.472101735

 ****************************************************
  Running robust self-consistent charge (SCC) solver 
 ****************************************************
 Number of SCC trials:                   4
 Using the stop-early mechanism for the first 3 trials

 Conv. threshold (charge):               1.00e-05
 Conv. threshold (energy):               1.00e-06
 Initial guess:                          SAD

 -------------
  SCC Trial 1 
 -------------
 Broyden mixing factor:                  0.400000000
 Max number of iterations:             128

 ---------------------------------------------------------------
                  energy        change          grad        time
 ---------------------------------------------------------------
   0      -125.875570535                    6.46e-01        0.01
   1      -126.571564901     -6.96e-01      3.68e-01        0.00
   2      -126.558555582      1.30e-02      9.70e-02        0.00
   3      -126.559668708     -1.11e-03      2.28e-02        0.00
   4      -126.582480332     -2.28e-02      5.65e-03        0.01
   5      -126.584168433     -1.69e-03      2.10e-03        0.01
   6      -126.584390418     -2.22e-04      9.54e-04        0.01
   7      -126.584456606     -6.62e-05      2.11e-04        0.00
   8      -126.584458808     -2.20e-06      6.31e-05        0.00
   9      -126.584458880     -7.20e-08      2.54e-05        0.00
  10      -126.584458884     -3.94e-09      1.07e-05        0.00
  11      -126.584458886     -1.78e-09      3.51e-06        0.00
  12      -126.584458886     -1.06e-10      1.07e-06        0.00

 SCF converged in 11 iterations.

 Entropy contribution (-ST):             0.000000000
 Dipole moment (in Debye):              -4.513854      -2.457752       0.351240

Chlorophyll parameters
 D_scl:                                  0.636
 Mg_p:                                   0.902
 Mg_s:                                   1.053
 Mgp_Np:                                 1.402
 Mgp_Ns:                                 1.067
 Mgs_Np:                                 1.023
 Mgs_Ns:                                 1.468
 N_p:                                    1.044
 N_s:                                    1.281
 a_x:                                    0.067
 k_p:                                    2.694
 k_s:                                    1.462
 y_J:                                    4.012
 y_K:                                    2.147

 ----------------
  Excitation 0 1 
 ----------------
 Setting up Delta-SCF
 Ground-Excited state overlap:           0.000000000
 No correction applied to the TDM.
 Excitation energy:                      0.064876184
 Excitation energy (in eV):              1.765370906
 Transition dipole:                      0.87312       2.46821      -0.65825
 XTB basis setup:                        reference basis
 Implicit solvation model:               none
 Number of basis functions:            244
 GFN version:                            chlorophyll
 Integral screening threshold:           1.00e-10
 Total charge:                           0.000000000
 Number of electrons:                  218.000000000
 Electronic temperature (Kelvin):        0.000000000

 D3BJ energy:                           -0.062809582
 Repulsive energy:                       1.487110859

 ****************************************************
  Running robust self-consistent charge (SCC) solver 
 ****************************************************
 Number of SCC trials:                   4
 Using the stop-early mechanism for the first 3 trials

 Conv. threshold (charge):               1.00e-05
 Conv. threshold (energy):               1.00e-06
 Initial guess:                          SAD

 -------------
  SCC Trial 1 
 -------------
 Broyden mixing factor:                  0.400000000
 Max number of iterations:             128

 ---------------------------------------------------------------
                  energy        change          grad        time
 ---------------------------------------------------------------
   0      -125.857852951                    6.47e-01        0.01
   1      -126.573822036     -7.16e-01      3.69e-01        0.01
   2      -126.529403873      4.44e-02      1.04e-01        0.01
   3      -126.527601279      1.80e-03      3.32e-02        0.01
   4      -126.592430601     -6.48e-02      5.99e-03        0.01
   5      -126.594176966     -1.75e-03      2.54e-03        0.01
   6      -126.594601567     -4.25e-04      1.04e-03        0.01
   7      -126.594670645     -6.91e-05      1.94e-04        0.01
   8      -126.594671533     -8.88e-07      7.81e-05        0.01
   9      -126.594671604     -7.12e-08      3.40e-05        0.01
  10      -126.594671609     -4.95e-09      1.16e-05        0.01
  11      -126.594671610     -6.49e-10      2.79e-06        0.01
  12      -126.594671610     -4.96e-11      8.80e-07        0.01

 SCF converged in 11 iterations.

 Entropy contribution (-ST):             0.000000000
 Dipole moment (in Debye):               0.332731      -4.792355       1.335178

Chlorophyll parameters
 D_scl:                                  0.636
 Mg_p:                                   0.902
 Mg_s:                                   1.053
 Mgp_Np:                                 1.402
 Mgp_Ns:                                 1.067
 Mgs_Np:                                 1.023
 Mgs_Ns:                                 1.468
 N_p:                                    1.044
 N_s:                                    1.281
 a_x:                                    0.067
 k_p:                                    2.694
 k_s:                                    1.462
 y_J:                                    4.012
 y_K:                                    2.147

 ----------------
  Excitation 0 1 
 ----------------
 Setting up Delta-SCF
 Ground-Excited state overlap:           0.000000000
 No correction applied to the TDM.
 Excitation energy:                      0.066311115
 Excitation energy (in eV):              1.804417374
 Transition dipole:                      1.02071      -2.54958       0.41542

 ******************
  Exciton analysis 
 ******************

 eigenvalues
 -----------
 state 0:                             -253.1793 hr
 state 1:                             -253.1146 hr
 state 2:                             -253.1129 hr

 coupling energies
 -----------------
 states 1, 2:                           77.2792 cm^-1

 distances
 ---------
 chromophore 1, 2:                      32.1143 au

 charge centers
                         X                   Y                   Z
 1            90.995218427        47.800954632        54.836880672
 2            79.365600309        77.706649759        53.522226923
 Saving results in set 'trunc_bchla_13_bchla_16_frame_40001'

 --------------------------------------------------------------------------------

 End time:                               Thu Sep  9 11:23:33 2021
 Total wall-clock time:                  0.427 seconds
==================================================================================
