
================================================================================
          _____________ ________ _______________ ________     _________         
         / ___________// ______ \\_____   _____// ______ \   / ________)        
        / /_________  / /      \ \     | |     / /      \ \ | (_______          
       |  __________|| |        | |    | |    | |        | | \________ \        
        \ \_________ | |        | |    | |     \ \______/ /___________) |       
         \__________||_|        |_|    |_|      \________//____________/        
                                                                                
====================================[ Qcore ]===================================

 Git hash:   0385c69a4f85ff35f953e853350ecec6fa7ab330
 Git date:   Wed, 8 Sep 2021 10:09:58 +0100
 Compiler:   AppleClang 10.0.1.10010046
 Build type: Release
 Version:    2.1.1

 Start time: Fri Sep 10 12:01:15 2021

 Data directory: /Users/of15641/qcore/cmake-build-release/share/entos/2.1.1/data
 Number of threads: 2
 Number of threads was determined by: number of physical cores

 --------------------------------------------------------------------------------
                                command: excitons                                
 --------------------------------------------------------------------------------
 XTB basis setup:                        reference basis
 Implicit solvation model:               none
 Number of basis functions:            244
 GFN version:                            chlorophyll
 Integral screening threshold:           1.00e-10
 Total charge:                           0.000000000
 Number of electrons:                  218.000000000
 Electronic temperature (Kelvin):        0.000000000

 D3BJ energy:                           -0.061852261
 Repulsive energy:                       1.468947854

 ****************************************************
  Running robust self-consistent charge (SCC) solver 
 ****************************************************
 Number of SCC trials:                   4
 Using the stop-early mechanism for the first 3 trials

 Conv. threshold (charge):               1.00e-05
 Conv. threshold (energy):               1.00e-06
 Initial guess:                          SAD

 -------------
  SCC Trial 1 
 -------------
 Broyden mixing factor:                  0.400000000
 Max number of iterations:             128

 ---------------------------------------------------------------
                  energy        change          grad        time
 ---------------------------------------------------------------
   0      -125.836425296                    6.46e-01        0.01
   1      -126.544940376     -7.09e-01      3.68e-01        0.01
   2      -126.507675044      3.73e-02      1.01e-01        0.01
   3      -126.482246486      2.54e-02      3.32e-02        0.01
   4      -126.557364144     -7.51e-02      8.91e-03        0.01
   5      -126.562263502     -4.90e-03      2.58e-03        0.01
   6      -126.562551292     -2.88e-04      9.57e-04        0.01
   7      -126.562587668     -3.64e-05      2.95e-04        0.01
   8      -126.562591081     -3.41e-06      1.15e-04        0.01
   9      -126.562591167     -8.59e-08      4.92e-05        0.01
  10      -126.562591176     -8.84e-09      1.60e-05        0.01
  11      -126.562591178     -2.34e-09      4.22e-06        0.01
  12      -126.562591178     -1.99e-10      1.08e-06        0.01

 SCF converged in 11 iterations.

 Entropy contribution (-ST):             0.000000000
 Dipole moment (in Debye):              -3.421760      -0.935860       0.974912

Chlorophyll parameters
 D_scl:                                  0.636
 Mg_p:                                   0.902
 Mg_s:                                   1.053
 Mgp_Np:                                 1.402
 Mgp_Ns:                                 1.067
 Mgs_Np:                                 1.023
 Mgs_Ns:                                 1.468
 N_p:                                    1.044
 N_s:                                    1.281
 a_x:                                    0.067
 k_p:                                    2.694
 k_s:                                    1.462
 y_J:                                    4.012
 y_K:                                    2.147

 ----------------
  Excitation 0 1 
 ----------------
 Setting up Delta-SCF
 Ground-Excited state overlap:           0.000000000
 No correction applied to the TDM.
 Excitation energy:                      0.066640354
 Excitation energy (in eV):              1.813376405
 Transition dipole:                      2.36587       1.39207       0.09743
 XTB basis setup:                        reference basis
 Implicit solvation model:               none
 Number of basis functions:            244
 GFN version:                            chlorophyll
 Integral screening threshold:           1.00e-10
 Total charge:                           0.000000000
 Number of electrons:                  218.000000000
 Electronic temperature (Kelvin):        0.000000000

 D3BJ energy:                           -0.061024863
 Repulsive energy:                       1.507947612

 ****************************************************
  Running robust self-consistent charge (SCC) solver 
 ****************************************************
 Number of SCC trials:                   4
 Using the stop-early mechanism for the first 3 trials

 Conv. threshold (charge):               1.00e-05
 Conv. threshold (energy):               1.00e-06
 Initial guess:                          SAD

 -------------
  SCC Trial 1 
 -------------
 Broyden mixing factor:                  0.400000000
 Max number of iterations:             128

 ---------------------------------------------------------------
                  energy        change          grad        time
 ---------------------------------------------------------------
   0      -125.867072872                    6.47e-01        0.01
   1      -126.569343628     -7.02e-01      3.70e-01        0.01
   2      -126.501161224      6.82e-02      1.05e-01        0.01
   3      -126.468726045      3.24e-02      4.12e-02        0.01
   4      -126.588276178     -1.20e-01      1.10e-02        0.01
   5      -126.595773100     -7.50e-03      3.18e-03        0.01
   6      -126.595875591     -1.02e-04      1.43e-03        0.01
   7      -126.595955600     -8.00e-05      4.77e-04        0.01
   8      -126.595958937     -3.34e-06      3.40e-04        0.01
   9      -126.595960292     -1.36e-06      1.12e-04        0.01
  10      -126.595960498     -2.06e-07      3.93e-05        0.01
  11      -126.595960520     -2.26e-08      6.57e-06        0.01
  12      -126.595960521     -5.00e-10      1.81e-06        0.01

 SCF converged in 11 iterations.

 Entropy contribution (-ST):             0.000000000
 Dipole moment (in Debye):              -4.526688      -4.287208       0.849085

Chlorophyll parameters
 D_scl:                                  0.636
 Mg_p:                                   0.902
 Mg_s:                                   1.053
 Mgp_Np:                                 1.402
 Mgp_Ns:                                 1.067
 Mgs_Np:                                 1.023
 Mgs_Ns:                                 1.468
 N_p:                                    1.044
 N_s:                                    1.281
 a_x:                                    0.067
 k_p:                                    2.694
 k_s:                                    1.462
 y_J:                                    4.012
 y_K:                                    2.147

 ----------------
  Excitation 0 1 
 ----------------
 Setting up Delta-SCF
 Ground-Excited state overlap:           0.000000000
 No correction applied to the TDM.
 Excitation energy:                      0.067629685
 Excitation energy (in eV):              1.840297482
 Transition dipole:                     -1.02931      -2.48812       0.18953

 ******************
  Exciton analysis 
 ******************

 eigenvalues
 -----------
 state 0:                             -253.1588 hr
 state 1:                             -253.0923 hr
 state 2:                             -253.0910 hr

 coupling energies
 -----------------
 states 1, 2:                           68.3588 cm^-1

 distances
 ---------
 chromophore 1, 2:                      33.2479 au

 charge centers
                         X                   Y                   Z
 1            79.421645070        15.858424025        58.231783684
 2            90.457584020        47.073130104        55.186946479
 Saving results in set 'trunc_bchla_10_bchla_13_frame_40301'

 --------------------------------------------------------------------------------

 End time:                               Fri Sep 10 12:01:16 2021
 Total wall-clock time:                  0.526 seconds
==================================================================================
