
================================================================================
          _____________ ________ _______________ ________     _________         
         / ___________// ______ \\_____   _____// ______ \   / ________)        
        / /_________  / /      \ \     | |     / /      \ \ | (_______          
       |  __________|| |        | |    | |    | |        | | \________ \        
        \ \_________ | |        | |    | |     \ \______/ /___________) |       
         \__________||_|        |_|    |_|      \________//____________/        
                                                                                
====================================[ Qcore ]===================================

 Git hash:   0385c69a4f85ff35f953e853350ecec6fa7ab330
 Git date:   Wed, 8 Sep 2021 10:09:58 +0100
 Compiler:   AppleClang 10.0.1.10010046
 Build type: Release
 Version:    2.1.1

 Start time: Fri Sep 10 12:04:37 2021

 Data directory: /Users/of15641/qcore/cmake-build-release/share/entos/2.1.1/data
 Number of threads: 2
 Number of threads was determined by: number of physical cores

 --------------------------------------------------------------------------------
                                command: excitons                                
 --------------------------------------------------------------------------------
 XTB basis setup:                        reference basis
 Implicit solvation model:               none
 Number of basis functions:            244
 GFN version:                            chlorophyll
 Integral screening threshold:           1.00e-10
 Total charge:                           0.000000000
 Number of electrons:                  218.000000000
 Electronic temperature (Kelvin):        0.000000000

 D3BJ energy:                           -0.061945471
 Repulsive energy:                       1.455979222

 ****************************************************
  Running robust self-consistent charge (SCC) solver 
 ****************************************************
 Number of SCC trials:                   4
 Using the stop-early mechanism for the first 3 trials

 Conv. threshold (charge):               1.00e-05
 Conv. threshold (energy):               1.00e-06
 Initial guess:                          SAD

 -------------
  SCC Trial 1 
 -------------
 Broyden mixing factor:                  0.400000000
 Max number of iterations:             128

 ---------------------------------------------------------------
                  energy        change          grad        time
 ---------------------------------------------------------------
   0      -125.831549205                    6.45e-01        0.01
   1      -126.549272350     -7.18e-01      3.68e-01        0.01
   2      -126.525093646      2.42e-02      1.03e-01        0.00
   3      -126.529271498     -4.18e-03      2.73e-02        0.01
   4      -126.564681522     -3.54e-02      6.29e-03        0.00
   5      -126.566784584     -2.10e-03      2.48e-03        0.01
   6      -126.567173707     -3.89e-04      1.03e-03        0.01
   7      -126.567244540     -7.08e-05      2.12e-04        0.01
   8      -126.567246047     -1.51e-06      7.20e-05        0.01
   9      -126.567246116     -6.93e-08      3.06e-05        0.01
  10      -126.567246130     -1.37e-08      1.10e-05        0.01
  11      -126.567246130     -6.51e-10      3.53e-06        0.01
  12      -126.567246131     -1.26e-10      1.34e-06        0.02

 SCF converged in 11 iterations.

 Entropy contribution (-ST):             0.000000000
 Dipole moment (in Debye):              -3.594607       0.685782       0.505457

Chlorophyll parameters
 D_scl:                                  0.636
 Mg_p:                                   0.902
 Mg_s:                                   1.053
 Mgp_Np:                                 1.402
 Mgp_Ns:                                 1.067
 Mgs_Np:                                 1.023
 Mgs_Ns:                                 1.468
 N_p:                                    1.044
 N_s:                                    1.281
 a_x:                                    0.067
 k_p:                                    2.694
 k_s:                                    1.462
 y_J:                                    4.012
 y_K:                                    2.147

 ----------------
  Excitation 0 1 
 ----------------
 Setting up Delta-SCF
 Ground-Excited state overlap:          -0.000000000
 No correction applied to the TDM.
 Excitation energy:                      0.064775507
 Excitation energy (in eV):              1.762631336
 Transition dipole:                      2.40578       1.28016      -0.32640
 XTB basis setup:                        reference basis
 Implicit solvation model:               none
 Number of basis functions:            244
 GFN version:                            chlorophyll
 Integral screening threshold:           1.00e-10
 Total charge:                           0.000000000
 Number of electrons:                  218.000000000
 Electronic temperature (Kelvin):        0.000000000

 D3BJ energy:                           -0.061841810
 Repulsive energy:                       1.464863485

 ****************************************************
  Running robust self-consistent charge (SCC) solver 
 ****************************************************
 Number of SCC trials:                   4
 Using the stop-early mechanism for the first 3 trials

 Conv. threshold (charge):               1.00e-05
 Conv. threshold (energy):               1.00e-06
 Initial guess:                          SAD

 -------------
  SCC Trial 1 
 -------------
 Broyden mixing factor:                  0.400000000
 Max number of iterations:             128

 ---------------------------------------------------------------
                  energy        change          grad        time
 ---------------------------------------------------------------
   0      -125.892231679                    6.45e-01        0.01
   1      -126.588248612     -6.96e-01      3.68e-01        0.01
   2      -126.575446688      1.28e-02      1.00e-01        0.01
   3      -126.588918348     -1.35e-02      1.90e-02        0.01
   4      -126.602406664     -1.35e-02      5.82e-03        0.01
   5      -126.604239092     -1.83e-03      2.20e-03        0.01
   6      -126.604527130     -2.88e-04      7.47e-04        0.01
   7      -126.604559928     -3.28e-05      2.15e-04        0.01
   8      -126.604562465     -2.54e-06      5.89e-05        0.01
   9      -126.604562542     -7.67e-08      2.16e-05        0.01
  10      -126.604562545     -3.35e-09      9.87e-06        0.01
  11      -126.604562547     -1.98e-09      3.05e-06        0.01

 SCF converged in 10 iterations.

 Entropy contribution (-ST):             0.000000000
 Dipole moment (in Debye):               1.540162       1.634902      -1.599478

Chlorophyll parameters
 D_scl:                                  0.636
 Mg_p:                                   0.902
 Mg_s:                                   1.053
 Mgp_Np:                                 1.402
 Mgp_Ns:                                 1.067
 Mgs_Np:                                 1.023
 Mgs_Ns:                                 1.468
 N_p:                                    1.044
 N_s:                                    1.281
 a_x:                                    0.067
 k_p:                                    2.694
 k_s:                                    1.462
 y_J:                                    4.012
 y_K:                                    2.147

 ----------------
  Excitation 0 1 
 ----------------
 Setting up Delta-SCF
 Ground-Excited state overlap:          -0.000000000
 No correction applied to the TDM.
 Excitation energy:                      0.065925774
 Excitation energy (in eV):              1.793931707
 Transition dipole:                     -1.17864       2.40881       0.51118

 ******************
  Exciton analysis 
 ******************

 eigenvalues
 -----------
 state 0:                             -253.1718 hr
 state 1:                             -253.1070 hr
 state 2:                             -253.1059 hr

 coupling energies
 -----------------
 states 1, 2:                           -5.0745 cm^-1

 distances
 ---------
 chromophore 1, 2:                      74.6298 au

 charge centers
                         X                   Y                   Z
 1            78.075298677        18.166012491        57.948818885
 2            92.144285069        88.058459921        80.010461597
 Saving results in set 'trunc_bchla_10_bchla_14_frame_29601'

 --------------------------------------------------------------------------------

 End time:                               Fri Sep 10 12:04:38 2021
 Total wall-clock time:                  0.473 seconds
==================================================================================
