
================================================================================
          _____________ ________ _______________ ________     _________         
         / ___________// ______ \\_____   _____// ______ \   / ________)        
        / /_________  / /      \ \     | |     / /      \ \ | (_______          
       |  __________|| |        | |    | |    | |        | | \________ \        
        \ \_________ | |        | |    | |     \ \______/ /___________) |       
         \__________||_|        |_|    |_|      \________//____________/        
                                                                                
====================================[ Qcore ]===================================

 Git hash:   0385c69a4f85ff35f953e853350ecec6fa7ab330
 Git date:   Wed, 8 Sep 2021 10:09:58 +0100
 Compiler:   AppleClang 10.0.1.10010046
 Build type: Release
 Version:    2.1.1

 Start time: Thu Sep  9 11:35:27 2021

 Data directory: /Users/of15641/qcore/cmake-build-release/share/entos/2.1.1/data
 Number of threads: 2
 Number of threads was determined by: number of physical cores

 --------------------------------------------------------------------------------
                                command: excitons                                
 --------------------------------------------------------------------------------
 XTB basis setup:                        reference basis
 Implicit solvation model:               none
 Number of basis functions:            244
 GFN version:                            chlorophyll
 Integral screening threshold:           1.00e-10
 Total charge:                           0.000000000
 Number of electrons:                  218.000000000
 Electronic temperature (Kelvin):        0.000000000

 D3BJ energy:                           -0.061940877
 Repulsive energy:                       1.505169371

 ****************************************************
  Running robust self-consistent charge (SCC) solver 
 ****************************************************
 Number of SCC trials:                   4
 Using the stop-early mechanism for the first 3 trials

 Conv. threshold (charge):               1.00e-05
 Conv. threshold (energy):               1.00e-06
 Initial guess:                          SAD

 -------------
  SCC Trial 1 
 -------------
 Broyden mixing factor:                  0.400000000
 Max number of iterations:             128

 ---------------------------------------------------------------
                  energy        change          grad        time
 ---------------------------------------------------------------
   0      -125.860375819                    6.47e-01        0.01
   1      -126.554230224     -6.94e-01      3.69e-01        0.01
   2      -126.541813164      1.24e-02      9.94e-02        0.01
   3      -126.553800769     -1.20e-02      1.95e-02        0.01
   4      -126.567296382     -1.35e-02      5.09e-03        0.01
   5      -126.568569759     -1.27e-03      2.34e-03        0.01
   6      -126.568934378     -3.65e-04      7.43e-04        0.01
   7      -126.568967835     -3.35e-05      1.99e-04        0.01
   8      -126.568969963     -2.13e-06      5.91e-05        0.02
   9      -126.568970035     -7.22e-08      2.26e-05        0.01
  10      -126.568970041     -5.47e-09      9.15e-06        0.01
  11      -126.568970042     -1.03e-09      3.24e-06        0.01

 SCF converged in 10 iterations.

 Entropy contribution (-ST):             0.000000000
 Dipole moment (in Debye):              -1.497006       0.328409      -0.582141

Chlorophyll parameters
 D_scl:                                  0.636
 Mg_p:                                   0.902
 Mg_s:                                   1.053
 Mgp_Np:                                 1.402
 Mgp_Ns:                                 1.067
 Mgs_Np:                                 1.023
 Mgs_Ns:                                 1.468
 N_p:                                    1.044
 N_s:                                    1.281
 a_x:                                    0.067
 k_p:                                    2.694
 k_s:                                    1.462
 y_J:                                    4.012
 y_K:                                    2.147

 ----------------
  Excitation 0 1 
 ----------------
 Setting up Delta-SCF
 Ground-Excited state overlap:           0.000000000
 No correction applied to the TDM.
 Excitation energy:                      0.066370869
 Excitation energy (in eV):              1.806043356
 Transition dipole:                      2.06243      -1.69111       0.58528
 XTB basis setup:                        reference basis
 Implicit solvation model:               none
 Number of basis functions:            244
 GFN version:                            chlorophyll
 Integral screening threshold:           1.00e-10
 Total charge:                           0.000000000
 Number of electrons:                  218.000000000
 Electronic temperature (Kelvin):        0.000000000

 D3BJ energy:                           -0.061507137
 Repulsive energy:                       1.503767953

 ****************************************************
  Running robust self-consistent charge (SCC) solver 
 ****************************************************
 Number of SCC trials:                   4
 Using the stop-early mechanism for the first 3 trials

 Conv. threshold (charge):               1.00e-05
 Conv. threshold (energy):               1.00e-06
 Initial guess:                          SAD

 -------------
  SCC Trial 1 
 -------------
 Broyden mixing factor:                  0.400000000
 Max number of iterations:             128

 ---------------------------------------------------------------
                  energy        change          grad        time
 ---------------------------------------------------------------
   0      -125.864091465                    6.46e-01        0.01
   1      -126.540180640     -6.76e-01      3.69e-01        0.01
   2      -126.438703670      1.01e-01      1.03e-01        0.01
   3      -126.372931696      6.58e-02      4.92e-02        0.01
   4      -126.565078066     -1.92e-01      1.14e-02        0.01
   5      -126.569019731     -3.94e-03      4.03e-03        0.01
   6      -126.569057230     -3.75e-05      1.82e-03        0.01
   7      -126.569198480     -1.41e-04      5.81e-04        0.01
   8      -126.569200867     -2.39e-06      3.50e-04        0.01
   9      -126.569201794     -9.27e-07      9.11e-05        0.01
  10      -126.569201884     -8.95e-08      1.89e-05        0.01
  11      -126.569201891     -7.35e-09      5.83e-06        0.01
  12      -126.569201892     -4.36e-10      1.78e-06        0.01

 SCF converged in 11 iterations.

 Entropy contribution (-ST):             0.000000000
 Dipole moment (in Debye):              -2.984307       0.718672       0.956617

Chlorophyll parameters
 D_scl:                                  0.636
 Mg_p:                                   0.902
 Mg_s:                                   1.053
 Mgp_Np:                                 1.402
 Mgp_Ns:                                 1.067
 Mgs_Np:                                 1.023
 Mgs_Ns:                                 1.468
 N_p:                                    1.044
 N_s:                                    1.281
 a_x:                                    0.067
 k_p:                                    2.694
 k_s:                                    1.462
 y_J:                                    4.012
 y_K:                                    2.147

 ----------------
  Excitation 0 1 
 ----------------
 Setting up Delta-SCF
 Ground-Excited state overlap:           0.000000000
 No correction applied to the TDM.
 Excitation energy:                      0.066522258
 Excitation energy (in eV):              1.810162853
 Transition dipole:                     -1.87944      -1.96113      -0.00766

 ******************
  Exciton analysis 
 ******************

 eigenvalues
 -----------
 state 0:                             -253.1381 hr
 state 1:                             -253.0717 hr
 state 2:                             -253.0715 hr

 coupling energies
 -----------------
 states 1, 2:                          -14.2871 cm^-1

 distances
 ---------
 chromophore 1, 2:                      35.1994 au

 charge centers
                         X                   Y                   Z
 1           -19.953988895        32.115174526        80.881631128
 2            -9.234258759        48.238661618        51.485767291
 Saving results in set 'trunc_bchla_26_bchla_27_frame_10001'

 --------------------------------------------------------------------------------

 End time:                               Thu Sep  9 11:35:28 2021
 Total wall-clock time:                  0.528 seconds
==================================================================================
