
================================================================================
          _____________ ________ _______________ ________     _________         
         / ___________// ______ \\_____   _____// ______ \   / ________)        
        / /_________  / /      \ \     | |     / /      \ \ | (_______          
       |  __________|| |        | |    | |    | |        | | \________ \        
        \ \_________ | |        | |    | |     \ \______/ /___________) |       
         \__________||_|        |_|    |_|      \________//____________/        
                                                                                
====================================[ Qcore ]===================================

 Git hash:   0385c69a4f85ff35f953e853350ecec6fa7ab330
 Git date:   Wed, 8 Sep 2021 10:09:58 +0100
 Compiler:   AppleClang 10.0.1.10010046
 Build type: Release
 Version:    2.1.1

 Start time: Fri Sep 10 11:55:47 2021

 Data directory: /Users/of15641/qcore/cmake-build-release/share/entos/2.1.1/data
 Number of threads: 2
 Number of threads was determined by: number of physical cores

 --------------------------------------------------------------------------------
                                command: excitons                                
 --------------------------------------------------------------------------------
 XTB basis setup:                        reference basis
 Implicit solvation model:               none
 Number of basis functions:            244
 GFN version:                            chlorophyll
 Integral screening threshold:           1.00e-10
 Total charge:                           0.000000000
 Number of electrons:                  218.000000000
 Electronic temperature (Kelvin):        0.000000000

 D3BJ energy:                           -0.061382123
 Repulsive energy:                       1.548722730

 ****************************************************
  Running robust self-consistent charge (SCC) solver 
 ****************************************************
 Number of SCC trials:                   4
 Using the stop-early mechanism for the first 3 trials

 Conv. threshold (charge):               1.00e-05
 Conv. threshold (energy):               1.00e-06
 Initial guess:                          SAD

 -------------
  SCC Trial 1 
 -------------
 Broyden mixing factor:                  0.400000000
 Max number of iterations:             128

 ---------------------------------------------------------------
                  energy        change          grad        time
 ---------------------------------------------------------------
   0      -125.958755505                    6.48e-01        0.01
   1      -126.632489549     -6.74e-01      3.70e-01        0.00
   2      -126.626841503      5.65e-03      9.49e-02        0.00
   3      -126.634138814     -7.30e-03      1.60e-02        0.00
   4      -126.643966578     -9.83e-03      4.25e-03        0.00
   5      -126.645025975     -1.06e-03      1.47e-03        0.00
   6      -126.645122115     -9.61e-05      5.98e-04        0.00
   7      -126.645143003     -2.09e-05      2.40e-04        0.00
   8      -126.645146729     -3.73e-06      4.60e-05        0.00
   9      -126.645146761     -3.12e-08      1.91e-05        0.00
  10      -126.645146764     -3.53e-09      6.90e-06        0.00
  11      -126.645146764     -1.84e-10      2.67e-06        0.00

 SCF converged in 10 iterations.

 Entropy contribution (-ST):             0.000000000
 Dipole moment (in Debye):              -1.678084      -0.271085      -1.438228

Chlorophyll parameters
 D_scl:                                  0.636
 Mg_p:                                   0.902
 Mg_s:                                   1.053
 Mgp_Np:                                 1.402
 Mgp_Ns:                                 1.067
 Mgs_Np:                                 1.023
 Mgs_Ns:                                 1.468
 N_p:                                    1.044
 N_s:                                    1.281
 a_x:                                    0.067
 k_p:                                    2.694
 k_s:                                    1.462
 y_J:                                    4.012
 y_K:                                    2.147

 ----------------
  Excitation 0 1 
 ----------------
 Setting up Delta-SCF
 Ground-Excited state overlap:           0.000000000
 No correction applied to the TDM.
 Excitation energy:                      0.067066245
 Excitation energy (in eV):              1.824965486
 Transition dipole:                      2.39287       1.24183       0.49089
 XTB basis setup:                        reference basis
 Implicit solvation model:               none
 Number of basis functions:            244
 GFN version:                            chlorophyll
 Integral screening threshold:           1.00e-10
 Total charge:                           0.000000000
 Number of electrons:                  218.000000000
 Electronic temperature (Kelvin):        0.000000000

 D3BJ energy:                           -0.060967555
 Repulsive energy:                       1.527127199

 ****************************************************
  Running robust self-consistent charge (SCC) solver 
 ****************************************************
 Number of SCC trials:                   4
 Using the stop-early mechanism for the first 3 trials

 Conv. threshold (charge):               1.00e-05
 Conv. threshold (energy):               1.00e-06
 Initial guess:                          SAD

 -------------
  SCC Trial 1 
 -------------
 Broyden mixing factor:                  0.400000000
 Max number of iterations:             128

 ---------------------------------------------------------------
                  energy        change          grad        time
 ---------------------------------------------------------------
   0      -125.892472766                    6.48e-01        0.01
   1      -126.581515741     -6.89e-01      3.70e-01        0.01
   2      -126.516146493      6.54e-02      9.97e-02        0.01
   3      -126.466205806      4.99e-02      4.15e-02        0.01
   4      -126.600418454     -1.34e-01      8.21e-03        0.01
   5      -126.602680545     -2.26e-03      2.42e-03        0.01
   6      -126.602734325     -5.38e-05      1.26e-03        0.01
   7      -126.602813114     -7.88e-05      3.34e-04        0.01
   8      -126.602814051     -9.37e-07      1.96e-04        0.01
   9      -126.602814470     -4.19e-07      7.22e-05        0.01
  10      -126.602814484     -1.39e-08      1.66e-05        0.01
  11      -126.602814489     -5.09e-09      5.57e-06        0.01
  12      -126.602814490     -4.52e-10      1.26e-06        0.01

 SCF converged in 11 iterations.

 Entropy contribution (-ST):             0.000000000
 Dipole moment (in Debye):               3.529203      -1.213713       1.392119

Chlorophyll parameters
 D_scl:                                  0.636
 Mg_p:                                   0.902
 Mg_s:                                   1.053
 Mgp_Np:                                 1.402
 Mgp_Ns:                                 1.067
 Mgs_Np:                                 1.023
 Mgs_Ns:                                 1.468
 N_p:                                    1.044
 N_s:                                    1.281
 a_x:                                    0.067
 k_p:                                    2.694
 k_s:                                    1.462
 y_J:                                    4.012
 y_K:                                    2.147

 ----------------
  Excitation 0 1 
 ----------------
 Setting up Delta-SCF
 Ground-Excited state overlap:           0.000000000
 No correction applied to the TDM.
 Excitation energy:                      0.067440327
 Excitation energy (in eV):              1.835144789
 Transition dipole:                      2.36586       1.30656      -0.14546

 ******************
  Exciton analysis 
 ******************

 eigenvalues
 -----------
 state 0:                             -253.2492 hr
 state 1:                             -253.1829 hr
 state 2:                             -253.1799 hr

 coupling energies
 -----------------
 states 1, 2:                         -321.6846 cm^-1

 distances
 ---------
 chromophore 1, 2:                      18.2969 au

 charge centers
                         X                   Y                   Z
 1            78.779909382        17.781838904        57.351995134
 2            89.881922404        32.163890698        55.188897984
 Saving results in set 'trunc_bchla_10_bchla_12_frame_28301'

 --------------------------------------------------------------------------------

 End time:                               Fri Sep 10 11:55:47 2021
 Total wall-clock time:                  0.449 seconds
==================================================================================
