
================================================================================
          _____________ ________ _______________ ________     _________         
         / ___________// ______ \\_____   _____// ______ \   / ________)        
        / /_________  / /      \ \     | |     / /      \ \ | (_______          
       |  __________|| |        | |    | |    | |        | | \________ \        
        \ \_________ | |        | |    | |     \ \______/ /___________) |       
         \__________||_|        |_|    |_|      \________//____________/        
                                                                                
====================================[ Qcore ]===================================

 Git hash:   0385c69a4f85ff35f953e853350ecec6fa7ab330
 Git date:   Wed, 8 Sep 2021 10:09:58 +0100
 Compiler:   AppleClang 10.0.1.10010046
 Build type: Release
 Version:    2.1.1

 Start time: Fri Sep 10 12:05:02 2021

 Data directory: /Users/of15641/qcore/cmake-build-release/share/entos/2.1.1/data
 Number of threads: 2
 Number of threads was determined by: number of physical cores

 --------------------------------------------------------------------------------
                                command: excitons                                
 --------------------------------------------------------------------------------
 XTB basis setup:                        reference basis
 Implicit solvation model:               none
 Number of basis functions:            244
 GFN version:                            chlorophyll
 Integral screening threshold:           1.00e-10
 Total charge:                           0.000000000
 Number of electrons:                  218.000000000
 Electronic temperature (Kelvin):        0.000000000

 D3BJ energy:                           -0.063010942
 Repulsive energy:                       1.492783878

 ****************************************************
  Running robust self-consistent charge (SCC) solver 
 ****************************************************
 Number of SCC trials:                   4
 Using the stop-early mechanism for the first 3 trials

 Conv. threshold (charge):               1.00e-05
 Conv. threshold (energy):               1.00e-06
 Initial guess:                          SAD

 -------------
  SCC Trial 1 
 -------------
 Broyden mixing factor:                  0.400000000
 Max number of iterations:             128

 ---------------------------------------------------------------
                  energy        change          grad        time
 ---------------------------------------------------------------
   0      -125.904587600                    6.47e-01        0.09
   1      -126.603986731     -6.99e-01      3.69e-01        0.04
   2      -126.587130193      1.69e-02      9.82e-02        0.01
   3      -126.587600955     -4.71e-04      2.51e-02        0.01
   4      -126.615684269     -2.81e-02      7.58e-03        0.03
   5      -126.619231837     -3.55e-03      2.67e-03        0.01
   6      -126.619713535     -4.82e-04      8.80e-04        0.01
   7      -126.619757369     -4.38e-05      1.86e-04        0.04
   8      -126.619758443     -1.07e-06      6.32e-05        0.04
   9      -126.619758496     -5.35e-08      2.65e-05        0.05
  10      -126.619758505     -9.30e-09      9.38e-06        0.02
  11      -126.619758506     -7.04e-10      3.20e-06        0.03

 SCF converged in 10 iterations.

 Entropy contribution (-ST):             0.000000000
 Dipole moment (in Debye):              -3.010596      -0.854538       0.208804

Chlorophyll parameters
 D_scl:                                  0.636
 Mg_p:                                   0.902
 Mg_s:                                   1.053
 Mgp_Np:                                 1.402
 Mgp_Ns:                                 1.067
 Mgs_Np:                                 1.023
 Mgs_Ns:                                 1.468
 N_p:                                    1.044
 N_s:                                    1.281
 a_x:                                    0.067
 k_p:                                    2.694
 k_s:                                    1.462
 y_J:                                    4.012
 y_K:                                    2.147

 ----------------
  Excitation 0 1 
 ----------------
 Setting up Delta-SCF
 Ground-Excited state overlap:          -0.000000000
 No correction applied to the TDM.
 Excitation energy:                      0.064838747
 Excitation energy (in eV):              1.764352197
 Transition dipole:                      2.19272       1.74352       0.02912
 XTB basis setup:                        reference basis
 Implicit solvation model:               none
 Number of basis functions:            244
 GFN version:                            chlorophyll
 Integral screening threshold:           1.00e-10
 Total charge:                           0.000000000
 Number of electrons:                  218.000000000
 Electronic temperature (Kelvin):        0.000000000

 D3BJ energy:                           -0.061224717
 Repulsive energy:                       1.485907112

 ****************************************************
  Running robust self-consistent charge (SCC) solver 
 ****************************************************
 Number of SCC trials:                   4
 Using the stop-early mechanism for the first 3 trials

 Conv. threshold (charge):               1.00e-05
 Conv. threshold (energy):               1.00e-06
 Initial guess:                          SAD

 -------------
  SCC Trial 1 
 -------------
 Broyden mixing factor:                  0.400000000
 Max number of iterations:             128

 ---------------------------------------------------------------
                  energy        change          grad        time
 ---------------------------------------------------------------
   0      -125.844941400                    6.45e-01        0.01
   1      -126.538931030     -6.94e-01      3.68e-01        0.02
   2      -126.411472861      1.27e-01      1.07e-01        0.01
   3      -126.355575059      5.59e-02      5.15e-02        0.01
   4      -126.566275165     -2.11e-01      1.05e-02        0.03
   5      -126.568554798     -2.28e-03      3.80e-03        0.01
   6      -126.568491668      6.31e-05      1.76e-03        0.04
   7      -126.568665169     -1.74e-04      6.33e-04        0.11
   8      -126.568667859     -2.69e-06      3.42e-04        0.05
   9      -126.568669431     -1.57e-06      1.01e-04        0.07
  10      -126.568669484     -5.29e-08      3.00e-05        0.02
  11      -126.568669495     -1.04e-08      5.85e-06        0.02
  12      -126.568669495     -4.16e-10      1.99e-06        0.01

 SCF converged in 11 iterations.

 Entropy contribution (-ST):             0.000000000
 Dipole moment (in Debye):               2.605071       1.652664       2.870546

Chlorophyll parameters
 D_scl:                                  0.636
 Mg_p:                                   0.902
 Mg_s:                                   1.053
 Mgp_Np:                                 1.402
 Mgp_Ns:                                 1.067
 Mgs_Np:                                 1.023
 Mgs_Ns:                                 1.468
 N_p:                                    1.044
 N_s:                                    1.281
 a_x:                                    0.067
 k_p:                                    2.694
 k_s:                                    1.462
 y_J:                                    4.012
 y_K:                                    2.147

 ----------------
  Excitation 0 1 
 ----------------
 Setting up Delta-SCF
 Ground-Excited state overlap:           0.000000000
 No correction applied to the TDM.
 Excitation energy:                      0.067725825
 Excitation energy (in eV):              1.842913587
 Transition dipole:                     -1.83438       2.03460       0.31831

 ******************
  Exciton analysis 
 ******************

 eigenvalues
 -----------
 state 0:                             -253.1884 hr
 state 1:                             -253.1236 hr
 state 2:                             -253.1207 hr

 coupling energies
 -----------------
 states 1, 2:                           -5.1483 cm^-1

 distances
 ---------
 chromophore 1, 2:                      74.9078 au

 charge centers
                         X                   Y                   Z
 1            77.801067561        15.712403676        57.078420563
 2            86.906672969        85.602599464        82.448150162
 Saving results in set 'trunc_bchla_10_bchla_14_frame_3301'

 --------------------------------------------------------------------------------

 End time:                               Fri Sep 10 12:05:03 2021
 Total wall-clock time:                  1.402 seconds
==================================================================================
