
================================================================================
          _____________ ________ _______________ ________     _________         
         / ___________// ______ \\_____   _____// ______ \   / ________)        
        / /_________  / /      \ \     | |     / /      \ \ | (_______          
       |  __________|| |        | |    | |    | |        | | \________ \        
        \ \_________ | |        | |    | |     \ \______/ /___________) |       
         \__________||_|        |_|    |_|      \________//____________/        
                                                                                
====================================[ Qcore ]===================================

 Git hash:   0385c69a4f85ff35f953e853350ecec6fa7ab330
 Git date:   Wed, 8 Sep 2021 10:09:58 +0100
 Compiler:   AppleClang 10.0.1.10010046
 Build type: Release
 Version:    2.1.1

 Start time: Fri Sep 10 11:58:22 2021

 Data directory: /Users/of15641/qcore/cmake-build-release/share/entos/2.1.1/data
 Number of threads: 2
 Number of threads was determined by: number of physical cores

 --------------------------------------------------------------------------------
                                command: excitons                                
 --------------------------------------------------------------------------------
 XTB basis setup:                        reference basis
 Implicit solvation model:               none
 Number of basis functions:            244
 GFN version:                            chlorophyll
 Integral screening threshold:           1.00e-10
 Total charge:                           0.000000000
 Number of electrons:                  218.000000000
 Electronic temperature (Kelvin):        0.000000000

 D3BJ energy:                           -0.061044535
 Repulsive energy:                       1.502240632

 ****************************************************
  Running robust self-consistent charge (SCC) solver 
 ****************************************************
 Number of SCC trials:                   4
 Using the stop-early mechanism for the first 3 trials

 Conv. threshold (charge):               1.00e-05
 Conv. threshold (energy):               1.00e-06
 Initial guess:                          SAD

 -------------
  SCC Trial 1 
 -------------
 Broyden mixing factor:                  0.400000000
 Max number of iterations:             128

 ---------------------------------------------------------------
                  energy        change          grad        time
 ---------------------------------------------------------------
   0      -125.904005221                    6.46e-01        0.01
   1      -126.574619550     -6.71e-01      3.69e-01        0.00
   2      -126.552679820      2.19e-02      9.74e-02        0.00
   3      -126.551606479      1.07e-03      2.42e-02        0.00
   4      -126.586148738     -3.45e-02      6.96e-03        0.00
   5      -126.589573340     -3.42e-03      2.30e-03        0.00
   6      -126.589879390     -3.06e-04      8.00e-04        0.01
   7      -126.589908717     -2.93e-05      2.13e-04        0.00
   8      -126.589910670     -1.95e-06      7.44e-05        0.01
   9      -126.589910727     -5.72e-08      3.06e-05        0.01
  10      -126.589910731     -3.86e-09      1.18e-05        0.00
  11      -126.589910732     -1.44e-09      2.75e-06        0.00
  12      -126.589910733     -1.08e-10      1.12e-06        0.00

 SCF converged in 11 iterations.

 Entropy contribution (-ST):             0.000000000
 Dipole moment (in Debye):              -2.135587       0.425896       0.220628

Chlorophyll parameters
 D_scl:                                  0.636
 Mg_p:                                   0.902
 Mg_s:                                   1.053
 Mgp_Np:                                 1.402
 Mgp_Ns:                                 1.067
 Mgs_Np:                                 1.023
 Mgs_Ns:                                 1.468
 N_p:                                    1.044
 N_s:                                    1.281
 a_x:                                    0.067
 k_p:                                    2.694
 k_s:                                    1.462
 y_J:                                    4.012
 y_K:                                    2.147

 ----------------
  Excitation 0 1 
 ----------------
 Setting up Delta-SCF
 Ground-Excited state overlap:          -0.000000000
 No correction applied to the TDM.
 Excitation energy:                      0.067813157
 Excitation energy (in eV):              1.845290001
 Transition dipole:                      2.36434       1.23157      -0.11409
 XTB basis setup:                        reference basis
 Implicit solvation model:               none
 Number of basis functions:            244
 GFN version:                            chlorophyll
 Integral screening threshold:           1.00e-10
 Total charge:                           0.000000000
 Number of electrons:                  218.000000000
 Electronic temperature (Kelvin):        0.000000000

 D3BJ energy:                           -0.062185107
 Repulsive energy:                       1.504343917

 ****************************************************
  Running robust self-consistent charge (SCC) solver 
 ****************************************************
 Number of SCC trials:                   4
 Using the stop-early mechanism for the first 3 trials

 Conv. threshold (charge):               1.00e-05
 Conv. threshold (energy):               1.00e-06
 Initial guess:                          SAD

 -------------
  SCC Trial 1 
 -------------
 Broyden mixing factor:                  0.400000000
 Max number of iterations:             128

 ---------------------------------------------------------------
                  energy        change          grad        time
 ---------------------------------------------------------------
   0      -125.924079667                    6.47e-01        0.01
   1      -126.597150351     -6.73e-01      3.69e-01        0.01
   2      -126.570750688      2.64e-02      9.71e-02        0.01
   3      -126.557515227      1.32e-02      2.87e-02        0.01
   4      -126.608273319     -5.08e-02      7.72e-03        0.01
   5      -126.612039029     -3.77e-03      2.60e-03        0.01
   6      -126.612426712     -3.88e-04      9.79e-04        0.01
   7      -126.612471033     -4.43e-05      2.23e-04        0.01
   8      -126.612472813     -1.78e-06      8.72e-05        0.01
   9      -126.612472862     -4.90e-08      3.96e-05        0.01
  10      -126.612472873     -1.08e-08      1.20e-05        0.01
  11      -126.612472875     -2.06e-09      4.04e-06        0.01
  12      -126.612472875     -1.64e-10      8.88e-07        0.01

 SCF converged in 11 iterations.

 Entropy contribution (-ST):             0.000000000
 Dipole moment (in Debye):              -1.870152      -1.298419       0.079533

Chlorophyll parameters
 D_scl:                                  0.636
 Mg_p:                                   0.902
 Mg_s:                                   1.053
 Mgp_Np:                                 1.402
 Mgp_Ns:                                 1.067
 Mgs_Np:                                 1.023
 Mgs_Ns:                                 1.468
 N_p:                                    1.044
 N_s:                                    1.281
 a_x:                                    0.067
 k_p:                                    2.694
 k_s:                                    1.462
 y_J:                                    4.012
 y_K:                                    2.147

 ----------------
  Excitation 0 1 
 ----------------
 Setting up Delta-SCF
 Ground-Excited state overlap:          -0.000000000
 No correction applied to the TDM.
 Excitation energy:                      0.066855342
 Excitation energy (in eV):              1.819226546
 Transition dipole:                      1.17436       2.41267      -0.49571

 ******************
  Exciton analysis 
 ******************

 eigenvalues
 -----------
 state 0:                             -253.2025 hr
 state 1:                             -253.1358 hr
 state 2:                             -253.1348 hr

 coupling energies
 -----------------
 states 1, 2:                          -60.5978 cm^-1

 distances
 ---------
 chromophore 1, 2:                      34.7793 au

 charge centers
                         X                   Y                   Z
 1            77.594843828        15.900416894        56.688403987
 2            90.925337638        48.007290774        55.666021625
 Saving results in set 'trunc_bchla_10_bchla_13_frame_11001'

 --------------------------------------------------------------------------------

 End time:                               Fri Sep 10 11:58:23 2021
 Total wall-clock time:                  0.448 seconds
==================================================================================
