
================================================================================
          _____________ ________ _______________ ________     _________         
         / ___________// ______ \\_____   _____// ______ \   / ________)        
        / /_________  / /      \ \     | |     / /      \ \ | (_______          
       |  __________|| |        | |    | |    | |        | | \________ \        
        \ \_________ | |        | |    | |     \ \______/ /___________) |       
         \__________||_|        |_|    |_|      \________//____________/        
                                                                                
====================================[ Qcore ]===================================

 Git hash:   0385c69a4f85ff35f953e853350ecec6fa7ab330
 Git date:   Wed, 8 Sep 2021 10:09:58 +0100
 Compiler:   AppleClang 10.0.1.10010046
 Build type: Release
 Version:    2.1.1

 Start time: Thu Sep  9 11:52:27 2021

 Data directory: /Users/of15641/qcore/cmake-build-release/share/entos/2.1.1/data
 Number of threads: 2
 Number of threads was determined by: number of physical cores

 --------------------------------------------------------------------------------
                                command: excitons                                
 --------------------------------------------------------------------------------
 XTB basis setup:                        reference basis
 Implicit solvation model:               none
 Number of basis functions:            244
 GFN version:                            chlorophyll
 Integral screening threshold:           1.00e-10
 Total charge:                           0.000000000
 Number of electrons:                  218.000000000
 Electronic temperature (Kelvin):        0.000000000

 D3BJ energy:                           -0.061251309
 Repulsive energy:                       1.547895543

 ****************************************************
  Running robust self-consistent charge (SCC) solver 
 ****************************************************
 Number of SCC trials:                   4
 Using the stop-early mechanism for the first 3 trials

 Conv. threshold (charge):               1.00e-05
 Conv. threshold (energy):               1.00e-06
 Initial guess:                          SAD

 -------------
  SCC Trial 1 
 -------------
 Broyden mixing factor:                  0.400000000
 Max number of iterations:             128

 ---------------------------------------------------------------
                  energy        change          grad        time
 ---------------------------------------------------------------
   0      -125.950085574                    6.47e-01        0.01
   1      -126.617744030     -6.68e-01      3.70e-01        0.00
   2      -126.565807579      5.19e-02      9.85e-02        0.00
   3      -126.549852333      1.60e-02      3.52e-02        0.00
   4      -126.632982821     -8.31e-02      7.96e-03        0.01
   5      -126.636459630     -3.48e-03      2.35e-03        0.01
   6      -126.636701988     -2.42e-04      1.07e-03        0.01
   7      -126.636761615     -5.96e-05      2.92e-04        0.00
   8      -126.636763661     -2.05e-06      1.07e-04        0.00
   9      -126.636763693     -3.15e-08      5.14e-05        0.01
  10      -126.636763708     -1.54e-08      1.77e-05        0.00
  11      -126.636763712     -3.89e-09      4.92e-06        0.00
  12      -126.636763713     -3.00e-10      1.19e-06        0.00

 SCF converged in 11 iterations.

 Entropy contribution (-ST):             0.000000000
 Dipole moment (in Debye):               1.486215      -2.538132       1.576447

Chlorophyll parameters
 D_scl:                                  0.636
 Mg_p:                                   0.902
 Mg_s:                                   1.053
 Mgp_Np:                                 1.402
 Mgp_Ns:                                 1.067
 Mgs_Np:                                 1.023
 Mgs_Ns:                                 1.468
 N_p:                                    1.044
 N_s:                                    1.281
 a_x:                                    0.067
 k_p:                                    2.694
 k_s:                                    1.462
 y_J:                                    4.012
 y_K:                                    2.147

 ----------------
  Excitation 0 1 
 ----------------
 Setting up Delta-SCF
 Ground-Excited state overlap:          -0.000000000
 No correction applied to the TDM.
 Excitation energy:                      0.068952018
 Excitation energy (in eV):              1.876280003
 Transition dipole:                     -2.61271       0.64349       0.22790
 XTB basis setup:                        reference basis
 Implicit solvation model:               none
 Number of basis functions:            244
 GFN version:                            chlorophyll
 Integral screening threshold:           1.00e-10
 Total charge:                           0.000000000
 Number of electrons:                  218.000000000
 Electronic temperature (Kelvin):        0.000000000

 D3BJ energy:                           -0.061362285
 Repulsive energy:                       1.490578703

 ****************************************************
  Running robust self-consistent charge (SCC) solver 
 ****************************************************
 Number of SCC trials:                   4
 Using the stop-early mechanism for the first 3 trials

 Conv. threshold (charge):               1.00e-05
 Conv. threshold (energy):               1.00e-06
 Initial guess:                          SAD

 -------------
  SCC Trial 1 
 -------------
 Broyden mixing factor:                  0.400000000
 Max number of iterations:             128

 ---------------------------------------------------------------
                  energy        change          grad        time
 ---------------------------------------------------------------
   0      -125.877877992                    6.47e-01        0.01
   1      -126.587992765     -7.10e-01      3.69e-01        0.01
   2      -126.567638026      2.04e-02      1.00e-01        0.01
   3      -126.579388423     -1.18e-02      2.47e-02        0.01
   4      -126.602271268     -2.29e-02      4.12e-03        0.01
   5      -126.602942757     -6.71e-04      2.35e-03        0.01
   6      -126.603323724     -3.81e-04      7.99e-04        0.01
   7      -126.603357326     -3.36e-05      2.65e-04        0.01
   8      -126.603361223     -3.90e-06      6.61e-05        0.01
   9      -126.603361285     -6.23e-08      2.75e-05        0.01
  10      -126.603361293     -7.67e-09      1.30e-05        0.01
  11      -126.603361295     -1.85e-09      3.79e-06        0.01
  12      -126.603361295     -1.27e-10      9.63e-07        0.01

 SCF converged in 11 iterations.

 Entropy contribution (-ST):             0.000000000
 Dipole moment (in Debye):               3.108240       1.495336       2.091932

Chlorophyll parameters
 D_scl:                                  0.636
 Mg_p:                                   0.902
 Mg_s:                                   1.053
 Mgp_Np:                                 1.402
 Mgp_Ns:                                 1.067
 Mgs_Np:                                 1.023
 Mgs_Ns:                                 1.468
 N_p:                                    1.044
 N_s:                                    1.281
 a_x:                                    0.067
 k_p:                                    2.694
 k_s:                                    1.462
 y_J:                                    4.012
 y_K:                                    2.147

 ----------------
  Excitation 0 1 
 ----------------
 Setting up Delta-SCF
 Ground-Excited state overlap:           0.000000000
 No correction applied to the TDM.
 Excitation energy:                      0.065945387
 Excitation energy (in eV):              1.794465404
 Transition dipole:                      1.73147      -2.14664      -0.36471

 ******************
  Exciton analysis 
 ******************

 eigenvalues
 -----------
 state 0:                             -253.2401 hr
 state 1:                             -253.1742 hr
 state 2:                             -253.1712 hr

 coupling energies
 -----------------
 states 1, 2:                           -1.8710 cm^-1

 distances
 ---------
 chromophore 1, 2:                      88.5749 au

 charge centers
                         X                   Y                   Z
 1            65.639555106         4.582628586        57.115330577
 2            90.059241756        86.328297316        80.923843152
 Saving results in set 'trunc_bchla_9_bchla_14_frame_15001'

 --------------------------------------------------------------------------------

 End time:                               Thu Sep  9 11:52:27 2021
 Total wall-clock time:                  0.448 seconds
==================================================================================
