
================================================================================
          _____________ ________ _______________ ________     _________         
         / ___________// ______ \\_____   _____// ______ \   / ________)        
        / /_________  / /      \ \     | |     / /      \ \ | (_______          
       |  __________|| |        | |    | |    | |        | | \________ \        
        \ \_________ | |        | |    | |     \ \______/ /___________) |       
         \__________||_|        |_|    |_|      \________//____________/        
                                                                                
====================================[ Qcore ]===================================

 Git hash:   0385c69a4f85ff35f953e853350ecec6fa7ab330
 Git date:   Wed, 8 Sep 2021 10:09:58 +0100
 Compiler:   AppleClang 10.0.1.10010046
 Build type: Release
 Version:    2.1.1

 Start time: Fri Sep 10 12:05:32 2021

 Data directory: /Users/of15641/qcore/cmake-build-release/share/entos/2.1.1/data
 Number of threads: 2
 Number of threads was determined by: number of physical cores

 --------------------------------------------------------------------------------
                                command: excitons                                
 --------------------------------------------------------------------------------
 XTB basis setup:                        reference basis
 Implicit solvation model:               none
 Number of basis functions:            244
 GFN version:                            chlorophyll
 Integral screening threshold:           1.00e-10
 Total charge:                           0.000000000
 Number of electrons:                  218.000000000
 Electronic temperature (Kelvin):        0.000000000

 D3BJ energy:                           -0.062311262
 Repulsive energy:                       1.517186729

 ****************************************************
  Running robust self-consistent charge (SCC) solver 
 ****************************************************
 Number of SCC trials:                   4
 Using the stop-early mechanism for the first 3 trials

 Conv. threshold (charge):               1.00e-05
 Conv. threshold (energy):               1.00e-06
 Initial guess:                          SAD

 -------------
  SCC Trial 1 
 -------------
 Broyden mixing factor:                  0.400000000
 Max number of iterations:             128

 ---------------------------------------------------------------
                  energy        change          grad        time
 ---------------------------------------------------------------
   0      -125.956810196                    6.48e-01        0.01
   1      -126.630965073     -6.74e-01      3.70e-01        0.01
   2      -126.608695048      2.23e-02      9.71e-02        0.01
   3      -126.607595418      1.10e-03      2.61e-02        0.01
   4      -126.643332577     -3.57e-02      6.72e-03        0.01
   5      -126.646330596     -3.00e-03      1.99e-03        0.01
   6      -126.646567171     -2.37e-04      7.76e-04        0.01
   7      -126.646600991     -3.38e-05      1.85e-04        0.01
   8      -126.646602547     -1.56e-06      7.46e-05        0.01
   9      -126.646602641     -9.38e-08      3.08e-05        0.01
  10      -126.646602649     -7.93e-09      1.14e-05        0.01
  11      -126.646602650     -1.21e-09      2.96e-06        0.01
  12      -126.646602650     -6.18e-11      9.95e-07        0.01

 SCF converged in 11 iterations.

 Entropy contribution (-ST):             0.000000000
 Dipole moment (in Debye):              -3.521278      -1.276874       0.854052

Chlorophyll parameters
 D_scl:                                  0.636
 Mg_p:                                   0.902
 Mg_s:                                   1.053
 Mgp_Np:                                 1.402
 Mgp_Ns:                                 1.067
 Mgs_Np:                                 1.023
 Mgs_Ns:                                 1.468
 N_p:                                    1.044
 N_s:                                    1.281
 a_x:                                    0.067
 k_p:                                    2.694
 k_s:                                    1.462
 y_J:                                    4.012
 y_K:                                    2.147

 ----------------
  Excitation 0 1 
 ----------------
 Setting up Delta-SCF
 Ground-Excited state overlap:          -0.000000000
 No correction applied to the TDM.
 Excitation energy:                      0.070221815
 Excitation energy (in eV):              1.910832920
 Transition dipole:                      2.28084       1.38894       0.41438
 XTB basis setup:                        reference basis
 Implicit solvation model:               none
 Number of basis functions:            244
 GFN version:                            chlorophyll
 Integral screening threshold:           1.00e-10
 Total charge:                           0.000000000
 Number of electrons:                  218.000000000
 Electronic temperature (Kelvin):        0.000000000

 D3BJ energy:                           -0.061484657
 Repulsive energy:                       1.466646071

 ****************************************************
  Running robust self-consistent charge (SCC) solver 
 ****************************************************
 Number of SCC trials:                   4
 Using the stop-early mechanism for the first 3 trials

 Conv. threshold (charge):               1.00e-05
 Conv. threshold (energy):               1.00e-06
 Initial guess:                          SAD

 -------------
  SCC Trial 1 
 -------------
 Broyden mixing factor:                  0.400000000
 Max number of iterations:             128

 ---------------------------------------------------------------
                  energy        change          grad        time
 ---------------------------------------------------------------
   0      -125.891436553                    6.44e-01        0.01
   1      -126.564823400     -6.73e-01      3.67e-01        0.01
   2      -126.531465092      3.34e-02      9.77e-02        0.01
   3      -126.500973515      3.05e-02      3.25e-02        0.01
   4      -126.573322107     -7.23e-02      9.58e-03        0.01
   5      -126.579191221     -5.87e-03      2.26e-03        0.01
   6      -126.579328109     -1.37e-04      9.27e-04        0.01
   7      -126.579360872     -3.28e-05      3.02e-04        0.01
   8      -126.579364095     -3.22e-06      1.54e-04        0.01
   9      -126.579364384     -2.89e-07      6.38e-05        0.01
  10      -126.579364399     -1.43e-08      2.67e-05        0.01
  11      -126.579364406     -7.71e-09      4.87e-06        0.01
  12      -126.579364407     -5.28e-10      1.37e-06        0.01

 SCF converged in 11 iterations.

 Entropy contribution (-ST):             0.000000000
 Dipole moment (in Debye):               3.730512       0.849500       2.472754

Chlorophyll parameters
 D_scl:                                  0.636
 Mg_p:                                   0.902
 Mg_s:                                   1.053
 Mgp_Np:                                 1.402
 Mgp_Ns:                                 1.067
 Mgs_Np:                                 1.023
 Mgs_Ns:                                 1.468
 N_p:                                    1.044
 N_s:                                    1.281
 a_x:                                    0.067
 k_p:                                    2.694
 k_s:                                    1.462
 y_J:                                    4.012
 y_K:                                    2.147

 ----------------
  Excitation 0 1 
 ----------------
 Setting up Delta-SCF
 Ground-Excited state overlap:          -0.000000000
 No correction applied to the TDM.
 Excitation energy:                      0.066728933
 Excitation energy (in eV):              1.815786778
 Transition dipole:                      1.57226      -2.25018      -0.15091

 ******************
  Exciton analysis 
 ******************

 eigenvalues
 -----------
 state 0:                             -253.2260 hr
 state 1:                             -253.1592 hr
 state 2:                             -253.1557 hr

 coupling energies
 -----------------
 states 1, 2:                            5.2635 cm^-1

 distances
 ---------
 chromophore 1, 2:                      74.8601 au

 charge centers
                         X                   Y                   Z
 1            77.477257487        18.011131576        57.412603195
 2            90.579677837        88.263834826        79.704329798
 Saving results in set 'trunc_bchla_10_bchla_14_frame_37001'

 --------------------------------------------------------------------------------

 End time:                               Fri Sep 10 12:05:32 2021
 Total wall-clock time:                  0.510 seconds
==================================================================================
