
================================================================================
          _____________ ________ _______________ ________     _________         
         / ___________// ______ \\_____   _____// ______ \   / ________)        
        / /_________  / /      \ \     | |     / /      \ \ | (_______          
       |  __________|| |        | |    | |    | |        | | \________ \        
        \ \_________ | |        | |    | |     \ \______/ /___________) |       
         \__________||_|        |_|    |_|      \________//____________/        
                                                                                
====================================[ Qcore ]===================================

 Git hash:   0385c69a4f85ff35f953e853350ecec6fa7ab330
 Git date:   Wed, 8 Sep 2021 10:09:58 +0100
 Compiler:   AppleClang 10.0.1.10010046
 Build type: Release
 Version:    2.1.1

 Start time: Fri Sep 10 11:51:05 2021

 Data directory: /Users/of15641/qcore/cmake-build-release/share/entos/2.1.1/data
 Number of threads: 2
 Number of threads was determined by: number of physical cores

 --------------------------------------------------------------------------------
                                command: excitons                                
 --------------------------------------------------------------------------------
 XTB basis setup:                        reference basis
 Implicit solvation model:               none
 Number of basis functions:            244
 GFN version:                            chlorophyll
 Integral screening threshold:           1.00e-10
 Total charge:                           0.000000000
 Number of electrons:                  218.000000000
 Electronic temperature (Kelvin):        0.000000000

 D3BJ energy:                           -0.061835919
 Repulsive energy:                       1.473337131

 ****************************************************
  Running robust self-consistent charge (SCC) solver 
 ****************************************************
 Number of SCC trials:                   4
 Using the stop-early mechanism for the first 3 trials

 Conv. threshold (charge):               1.00e-05
 Conv. threshold (energy):               1.00e-06
 Initial guess:                          SAD

 -------------
  SCC Trial 1 
 -------------
 Broyden mixing factor:                  0.400000000
 Max number of iterations:             128

 ---------------------------------------------------------------
                  energy        change          grad        time
 ---------------------------------------------------------------
   0      -125.865361728                    6.47e-01        0.01
   1      -126.565020118     -7.00e-01      3.69e-01        0.00
   2      -126.484438721      8.06e-02      1.02e-01        0.00
   3      -126.417686347      6.68e-02      4.62e-02        0.00
   4      -126.583986235     -1.66e-01      1.18e-02        0.00
   5      -126.589200301     -5.21e-03      3.42e-03        0.00
   6      -126.589235135     -3.48e-05      1.70e-03        0.01
   7      -126.589363210     -1.28e-04      4.77e-04        0.00
   8      -126.589365216     -2.01e-06      2.80e-04        0.00
   9      -126.589365935     -7.19e-07      1.01e-04        0.00
  10      -126.589365993     -5.80e-08      2.19e-05        0.00
  11      -126.589366000     -7.13e-09      6.93e-06        0.03
  12      -126.589366001     -6.87e-10      1.72e-06        0.01

 SCF converged in 11 iterations.

 Entropy contribution (-ST):             0.000000000
 Dipole moment (in Debye):              -3.261789       1.313489      -0.110755

Chlorophyll parameters
 D_scl:                                  0.636
 Mg_p:                                   0.902
 Mg_s:                                   1.053
 Mgp_Np:                                 1.402
 Mgp_Ns:                                 1.067
 Mgs_Np:                                 1.023
 Mgs_Ns:                                 1.468
 N_p:                                    1.044
 N_s:                                    1.281
 a_x:                                    0.067
 k_p:                                    2.694
 k_s:                                    1.462
 y_J:                                    4.012
 y_K:                                    2.147

 ----------------
  Excitation 0 1 
 ----------------
 Setting up Delta-SCF
 Ground-Excited state overlap:           0.000000000
 No correction applied to the TDM.
 Excitation energy:                      0.065720058
 Excitation energy (in eV):              1.788333872
 Transition dipole:                      2.32153       1.31141      -0.80109
 XTB basis setup:                        reference basis
 Implicit solvation model:               none
 Number of basis functions:            244
 GFN version:                            chlorophyll
 Integral screening threshold:           1.00e-10
 Total charge:                           0.000000000
 Number of electrons:                  218.000000000
 Electronic temperature (Kelvin):        0.000000000

 D3BJ energy:                           -0.063597739
 Repulsive energy:                       1.541992019

 ****************************************************
  Running robust self-consistent charge (SCC) solver 
 ****************************************************
 Number of SCC trials:                   4
 Using the stop-early mechanism for the first 3 trials

 Conv. threshold (charge):               1.00e-05
 Conv. threshold (energy):               1.00e-06
 Initial guess:                          SAD

 -------------
  SCC Trial 1 
 -------------
 Broyden mixing factor:                  0.400000000
 Max number of iterations:             128

 ---------------------------------------------------------------
                  energy        change          grad        time
 ---------------------------------------------------------------
   0      -125.898422212                    6.49e-01        0.01
   1      -126.597020941     -6.99e-01      3.70e-01        0.01
   2      -126.571576911      2.54e-02      1.01e-01        0.01
   3      -126.559916492      1.17e-02      2.95e-02        0.01
   4      -126.606778007     -4.69e-02      1.05e-02        0.01
   5      -126.614179318     -7.40e-03      1.93e-03        0.01
   6      -126.614320589     -1.41e-04      5.57e-04        0.01
   7      -126.614330832     -1.02e-05      1.81e-04        0.01
   8      -126.614331212     -3.80e-07      9.74e-05        0.01
   9      -126.614331310     -9.80e-08      4.22e-05        0.01
  10      -126.614331325     -1.51e-08      1.84e-05        0.01
  11      -126.614331334     -9.26e-09      5.23e-06        0.01
  12      -126.614331334     -5.39e-10      1.45e-06        0.01

 SCF converged in 11 iterations.

 Entropy contribution (-ST):             0.000000000
 Dipole moment (in Debye):               0.988123       0.231079       2.424036

Chlorophyll parameters
 D_scl:                                  0.636
 Mg_p:                                   0.902
 Mg_s:                                   1.053
 Mgp_Np:                                 1.402
 Mgp_Ns:                                 1.067
 Mgs_Np:                                 1.023
 Mgs_Ns:                                 1.468
 N_p:                                    1.044
 N_s:                                    1.281
 a_x:                                    0.067
 k_p:                                    2.694
 k_s:                                    1.462
 y_J:                                    4.012
 y_K:                                    2.147

 ----------------
  Excitation 0 1 
 ----------------
 Setting up Delta-SCF
 Ground-Excited state overlap:          -0.000000000
 No correction applied to the TDM.
 Excitation energy:                      0.066111053
 Excitation energy (in eV):              1.798973393
 Transition dipole:                      0.06096      -2.69047      -0.59276

 ******************
  Exciton analysis 
 ******************

 eigenvalues
 -----------
 state 0:                             -253.2037 hr
 state 1:                             -253.1379 hr
 state 2:                             -253.1375 hr

 coupling energies
 -----------------
 states 1, 2:                           12.4249 cm^-1

 distances
 ---------
 chromophore 1, 2:                      44.4634 au

 charge centers
                         X                   Y                   Z
 1            76.370886973        18.824916589        58.423052365
 2            99.900586700        46.593248611        83.962597022
 Saving results in set 'trunc_bchla_10_bchla_11_frame_23301'

 --------------------------------------------------------------------------------

 End time:                               Fri Sep 10 11:51:06 2021
 Total wall-clock time:                  0.478 seconds
==================================================================================
