
================================================================================
          _____________ ________ _______________ ________     _________         
         / ___________// ______ \\_____   _____// ______ \   / ________)        
        / /_________  / /      \ \     | |     / /      \ \ | (_______          
       |  __________|| |        | |    | |    | |        | | \________ \        
        \ \_________ | |        | |    | |     \ \______/ /___________) |       
         \__________||_|        |_|    |_|      \________//____________/        
                                                                                
====================================[ Qcore ]===================================

 Git hash:   0385c69a4f85ff35f953e853350ecec6fa7ab330
 Git date:   Wed, 8 Sep 2021 10:09:58 +0100
 Compiler:   AppleClang 10.0.1.10010046
 Build type: Release
 Version:    2.1.1

 Start time: Thu Sep  9 11:30:40 2021

 Data directory: /Users/of15641/qcore/cmake-build-release/share/entos/2.1.1/data
 Number of threads: 2
 Number of threads was determined by: number of physical cores

 --------------------------------------------------------------------------------
                                command: excitons                                
 --------------------------------------------------------------------------------
 XTB basis setup:                        reference basis
 Implicit solvation model:               none
 Number of basis functions:            244
 GFN version:                            chlorophyll
 Integral screening threshold:           1.00e-10
 Total charge:                           0.000000000
 Number of electrons:                  218.000000000
 Electronic temperature (Kelvin):        0.000000000

 D3BJ energy:                           -0.062267214
 Repulsive energy:                       1.503229183

 ****************************************************
  Running robust self-consistent charge (SCC) solver 
 ****************************************************
 Number of SCC trials:                   4
 Using the stop-early mechanism for the first 3 trials

 Conv. threshold (charge):               1.00e-05
 Conv. threshold (energy):               1.00e-06
 Initial guess:                          SAD

 -------------
  SCC Trial 1 
 -------------
 Broyden mixing factor:                  0.400000000
 Max number of iterations:             128

 ---------------------------------------------------------------
                  energy        change          grad        time
 ---------------------------------------------------------------
   0      -125.917201441                    6.47e-01        0.01
   1      -126.598806107     -6.82e-01      3.69e-01        0.00
   2      -126.563043666      3.58e-02      9.94e-02        0.00
   3      -126.566013857     -2.97e-03      2.89e-02        0.00
   4      -126.614977093     -4.90e-02      6.47e-03        0.00
   5      -126.617324344     -2.35e-03      2.77e-03        0.00
   6      -126.617797842     -4.73e-04      1.09e-03        0.00
   7      -126.617859138     -6.13e-05      2.44e-04        0.00
   8      -126.617860790     -1.65e-06      8.81e-05        0.00
   9      -126.617860826     -3.64e-08      3.52e-05        0.00
  10      -126.617860831     -4.44e-09      1.02e-05        0.00
  11      -126.617860832     -9.20e-10      3.29e-06        0.00
  12      -126.617860832     -7.44e-11      8.50e-07        0.01

 SCF converged in 11 iterations.

 Entropy contribution (-ST):             0.000000000
 Dipole moment (in Debye):              -1.896571       0.839439       1.534538

Chlorophyll parameters
 D_scl:                                  0.636
 Mg_p:                                   0.902
 Mg_s:                                   1.053
 Mgp_Np:                                 1.402
 Mgp_Ns:                                 1.067
 Mgs_Np:                                 1.023
 Mgs_Ns:                                 1.468
 N_p:                                    1.044
 N_s:                                    1.281
 a_x:                                    0.067
 k_p:                                    2.694
 k_s:                                    1.462
 y_J:                                    4.012
 y_K:                                    2.147

 ----------------
  Excitation 0 1 
 ----------------
 Setting up Delta-SCF
 Ground-Excited state overlap:          -0.000000000
 No correction applied to the TDM.
 Excitation energy:                      0.066937816
 Excitation energy (in eV):              1.821470768
 Transition dipole:                      0.16344      -2.70606      -0.30906
 XTB basis setup:                        reference basis
 Implicit solvation model:               none
 Number of basis functions:            244
 GFN version:                            chlorophyll
 Integral screening threshold:           1.00e-10
 Total charge:                           0.000000000
 Number of electrons:                  218.000000000
 Electronic temperature (Kelvin):        0.000000000

 D3BJ energy:                           -0.061064964
 Repulsive energy:                       1.459286682

 ****************************************************
  Running robust self-consistent charge (SCC) solver 
 ****************************************************
 Number of SCC trials:                   4
 Using the stop-early mechanism for the first 3 trials

 Conv. threshold (charge):               1.00e-05
 Conv. threshold (energy):               1.00e-06
 Initial guess:                          SAD

 -------------
  SCC Trial 1 
 -------------
 Broyden mixing factor:                  0.400000000
 Max number of iterations:             128

 ---------------------------------------------------------------
                  energy        change          grad        time
 ---------------------------------------------------------------
   0      -125.848140202                    6.44e-01        0.01
   1      -126.527582261     -6.79e-01      3.67e-01        0.01
   2      -126.475262744      5.23e-02      1.01e-01        0.01
   3      -126.447959644      2.73e-02      3.63e-02        0.01
   4      -126.541680684     -9.37e-02      9.61e-03        0.01
   5      -126.546590325     -4.91e-03      2.79e-03        0.01
   6      -126.546855879     -2.66e-04      1.30e-03        0.01
   7      -126.546930932     -7.51e-05      4.04e-04        0.01
   8      -126.546936385     -5.45e-06      1.84e-04        0.01
   9      -126.546936701     -3.16e-07      7.72e-05        0.01
  10      -126.546936722     -2.11e-08      3.00e-05        0.01
  11      -126.546936732     -1.02e-08      6.84e-06        0.01
  12      -126.546936733     -8.47e-10      1.84e-06        0.01

 SCF converged in 11 iterations.

 Entropy contribution (-ST):             0.000000000
 Dipole moment (in Debye):              -0.457781       0.612546       2.017544

Chlorophyll parameters
 D_scl:                                  0.636
 Mg_p:                                   0.902
 Mg_s:                                   1.053
 Mgp_Np:                                 1.402
 Mgp_Ns:                                 1.067
 Mgs_Np:                                 1.023
 Mgs_Ns:                                 1.468
 N_p:                                    1.044
 N_s:                                    1.281
 a_x:                                    0.067
 k_p:                                    2.694
 k_s:                                    1.462
 y_J:                                    4.012
 y_K:                                    2.147

 ----------------
  Excitation 0 1 
 ----------------
 Setting up Delta-SCF
 Ground-Excited state overlap:          -0.000000000
 No correction applied to the TDM.
 Excitation energy:                      0.065116342
 Excitation energy (in eV):              1.771905920
 Transition dipole:                     -0.33503      -2.70737      -0.18347

 ******************
  Exciton analysis 
 ******************

 eigenvalues
 -----------
 state 0:                             -253.1648 hr
 state 1:                             -253.0997 hr
 state 2:                             -253.0979 hr

 coupling energies
 -----------------
 states 1, 2:                            1.0425 cm^-1

 distances
 ---------
 chromophore 1, 2:                     110.8492 au

 charge centers
                         X                   Y                   Z
 1            -3.621828525        31.829254445        50.826628288
 2           101.774787951        44.839697554        82.604342143
 Saving results in set 'trunc_bchla_1_bchla_11_frame_10001'

 --------------------------------------------------------------------------------

 End time:                               Thu Sep  9 11:30:40 2021
 Total wall-clock time:                  0.441 seconds
==================================================================================
