
================================================================================
          _____________ ________ _______________ ________     _________         
         / ___________// ______ \\_____   _____// ______ \   / ________)        
        / /_________  / /      \ \     | |     / /      \ \ | (_______          
       |  __________|| |        | |    | |    | |        | | \________ \        
        \ \_________ | |        | |    | |     \ \______/ /___________) |       
         \__________||_|        |_|    |_|      \________//____________/        
                                                                                
====================================[ Qcore ]===================================

 Git hash:   0385c69a4f85ff35f953e853350ecec6fa7ab330
 Git date:   Wed, 8 Sep 2021 10:09:58 +0100
 Compiler:   AppleClang 10.0.1.10010046
 Build type: Release
 Version:    2.1.1

 Start time: Fri Sep 10 11:55:37 2021

 Data directory: /Users/of15641/qcore/cmake-build-release/share/entos/2.1.1/data
 Number of threads: 2
 Number of threads was determined by: number of physical cores

 --------------------------------------------------------------------------------
                                command: excitons                                
 --------------------------------------------------------------------------------
 XTB basis setup:                        reference basis
 Implicit solvation model:               none
 Number of basis functions:            244
 GFN version:                            chlorophyll
 Integral screening threshold:           1.00e-10
 Total charge:                           0.000000000
 Number of electrons:                  218.000000000
 Electronic temperature (Kelvin):        0.000000000

 D3BJ energy:                           -0.062251734
 Repulsive energy:                       1.569153583

 ****************************************************
  Running robust self-consistent charge (SCC) solver 
 ****************************************************
 Number of SCC trials:                   4
 Using the stop-early mechanism for the first 3 trials

 Conv. threshold (charge):               1.00e-05
 Conv. threshold (energy):               1.00e-06
 Initial guess:                          SAD

 -------------
  SCC Trial 1 
 -------------
 Broyden mixing factor:                  0.400000000
 Max number of iterations:             128

 ---------------------------------------------------------------
                  energy        change          grad        time
 ---------------------------------------------------------------
   0      -125.974225868                    6.49e-01        0.01
   1      -126.642293561     -6.68e-01      3.71e-01        0.00
   2      -126.616704412      2.56e-02      9.61e-02        0.01
   3      -126.619655028     -2.95e-03      2.68e-02        0.01
   4      -126.656479946     -3.68e-02      6.52e-03        0.00
   5      -126.658962633     -2.48e-03      2.33e-03        0.00
   6      -126.659333189     -3.71e-04      9.17e-04        0.00
   7      -126.659386084     -5.29e-05      1.83e-04        0.00
   8      -126.659386717     -6.33e-07      6.69e-05        0.00
   9      -126.659386772     -5.49e-08      2.80e-05        0.00
  10      -126.659386775     -3.31e-09      1.04e-05        0.01
  11      -126.659386776     -9.49e-10      2.93e-06        0.01
  12      -126.659386776     -6.50e-11      9.36e-07        0.01

 SCF converged in 11 iterations.

 Entropy contribution (-ST):             0.000000000
 Dipole moment (in Debye):              -2.622957       0.673018       0.209487

Chlorophyll parameters
 D_scl:                                  0.636
 Mg_p:                                   0.902
 Mg_s:                                   1.053
 Mgp_Np:                                 1.402
 Mgp_Ns:                                 1.067
 Mgs_Np:                                 1.023
 Mgs_Ns:                                 1.468
 N_p:                                    1.044
 N_s:                                    1.281
 a_x:                                    0.067
 k_p:                                    2.694
 k_s:                                    1.462
 y_J:                                    4.012
 y_K:                                    2.147

 ----------------
  Excitation 0 1 
 ----------------
 Setting up Delta-SCF
 Ground-Excited state overlap:          -0.000000000
 No correction applied to the TDM.
 Excitation energy:                      0.067083333
 Excitation energy (in eV):              1.825430495
 Transition dipole:                      2.31295       1.45481      -0.19593
 XTB basis setup:                        reference basis
 Implicit solvation model:               none
 Number of basis functions:            244
 GFN version:                            chlorophyll
 Integral screening threshold:           1.00e-10
 Total charge:                           0.000000000
 Number of electrons:                  218.000000000
 Electronic temperature (Kelvin):        0.000000000

 D3BJ energy:                           -0.061730465
 Repulsive energy:                       1.504877455

 ****************************************************
  Running robust self-consistent charge (SCC) solver 
 ****************************************************
 Number of SCC trials:                   4
 Using the stop-early mechanism for the first 3 trials

 Conv. threshold (charge):               1.00e-05
 Conv. threshold (energy):               1.00e-06
 Initial guess:                          SAD

 -------------
  SCC Trial 1 
 -------------
 Broyden mixing factor:                  0.400000000
 Max number of iterations:             128

 ---------------------------------------------------------------
                  energy        change          grad        time
 ---------------------------------------------------------------
   0      -125.902160888                    6.48e-01        0.01
   1      -126.604505352     -7.02e-01      3.70e-01        0.01
   2      -126.574090326      3.04e-02      1.01e-01        0.01
   3      -126.579742761     -5.65e-03      2.94e-02        0.01
   4      -126.620562166     -4.08e-02      7.05e-03        0.01
   5      -126.623369673     -2.81e-03      2.83e-03        0.01
   6      -126.623915822     -5.46e-04      1.03e-03        0.01
   7      -126.623982568     -6.67e-05      2.27e-04        0.01
   8      -126.623983920     -1.35e-06      8.15e-05        0.01
   9      -126.623983997     -7.65e-08      3.40e-05        0.01
  10      -126.623984002     -5.62e-09      1.42e-05        0.01
  11      -126.623984005     -2.24e-09      3.46e-06        0.01
  12      -126.623984005     -1.27e-10      1.22e-06        0.01

 SCF converged in 11 iterations.

 Entropy contribution (-ST):             0.000000000
 Dipole moment (in Debye):               3.252760      -0.188494      -0.899380

Chlorophyll parameters
 D_scl:                                  0.636
 Mg_p:                                   0.902
 Mg_s:                                   1.053
 Mgp_Np:                                 1.402
 Mgp_Ns:                                 1.067
 Mgs_Np:                                 1.023
 Mgs_Ns:                                 1.468
 N_p:                                    1.044
 N_s:                                    1.281
 a_x:                                    0.067
 k_p:                                    2.694
 k_s:                                    1.462
 y_J:                                    4.012
 y_K:                                    2.147

 ----------------
  Excitation 0 1 
 ----------------
 Setting up Delta-SCF
 Ground-Excited state overlap:           0.000000000
 No correction applied to the TDM.
 Excitation energy:                      0.065672621
 Excitation energy (in eV):              1.787043057
 Transition dipole:                      2.32279       1.48882      -0.39802

 ******************
  Exciton analysis 
 ******************

 eigenvalues
 -----------
 state 0:                             -253.2855 hr
 state 1:                             -253.2205 hr
 state 2:                             -253.2171 hr

 coupling energies
 -----------------
 states 1, 2:                         -348.6799 cm^-1

 distances
 ---------
 chromophore 1, 2:                      17.9318 au

 charge centers
                         X                   Y                   Z
 1            78.357231554        17.174704228        57.983921046
 2            88.010017273        31.980209800        54.955734117
 Saving results in set 'trunc_bchla_10_bchla_12_frame_26701'

 --------------------------------------------------------------------------------

 End time:                               Fri Sep 10 11:55:38 2021
 Total wall-clock time:                  0.470 seconds
==================================================================================
