
================================================================================
          _____________ ________ _______________ ________     _________         
         / ___________// ______ \\_____   _____// ______ \   / ________)        
        / /_________  / /      \ \     | |     / /      \ \ | (_______          
       |  __________|| |        | |    | |    | |        | | \________ \        
        \ \_________ | |        | |    | |     \ \______/ /___________) |       
         \__________||_|        |_|    |_|      \________//____________/        
                                                                                
====================================[ Qcore ]===================================

 Git hash:   0385c69a4f85ff35f953e853350ecec6fa7ab330
 Git date:   Wed, 8 Sep 2021 10:09:58 +0100
 Compiler:   AppleClang 10.0.1.10010046
 Build type: Release
 Version:    2.1.1

 Start time: Fri Sep 10 11:59:59 2021

 Data directory: /Users/of15641/qcore/cmake-build-release/share/entos/2.1.1/data
 Number of threads: 2
 Number of threads was determined by: number of physical cores

 --------------------------------------------------------------------------------
                                command: excitons                                
 --------------------------------------------------------------------------------
 XTB basis setup:                        reference basis
 Implicit solvation model:               none
 Number of basis functions:            244
 GFN version:                            chlorophyll
 Integral screening threshold:           1.00e-10
 Total charge:                           0.000000000
 Number of electrons:                  218.000000000
 Electronic temperature (Kelvin):        0.000000000

 D3BJ energy:                           -0.061522679
 Repulsive energy:                       1.494547645

 ****************************************************
  Running robust self-consistent charge (SCC) solver 
 ****************************************************
 Number of SCC trials:                   4
 Using the stop-early mechanism for the first 3 trials

 Conv. threshold (charge):               1.00e-05
 Conv. threshold (energy):               1.00e-06
 Initial guess:                          SAD

 -------------
  SCC Trial 1 
 -------------
 Broyden mixing factor:                  0.400000000
 Max number of iterations:             128

 ---------------------------------------------------------------
                  energy        change          grad        time
 ---------------------------------------------------------------
   0      -125.894325787                    6.46e-01        0.01
   1      -126.581107206     -6.87e-01      3.69e-01        0.00
   2      -126.558330128      2.28e-02      9.72e-02        0.00
   3      -126.554689684      3.64e-03      2.75e-02        0.00
   4      -126.593120048     -3.84e-02      7.34e-03        0.00
   5      -126.596725254     -3.61e-03      2.07e-03        0.00
   6      -126.596988717     -2.63e-04      9.03e-04        0.00
   7      -126.597036761     -4.80e-05      2.06e-04        0.00
   8      -126.597038274     -1.51e-06      8.50e-05        0.00
   9      -126.597038385     -1.11e-07      3.30e-05        0.00
  10      -126.597038396     -1.11e-08      1.32e-05        0.00
  11      -126.597038399     -2.48e-09      3.72e-06        0.00
  12      -126.597038399     -9.02e-11      1.28e-06        0.00

 SCF converged in 11 iterations.

 Entropy contribution (-ST):             0.000000000
 Dipole moment (in Debye):              -4.653657       0.197430       0.569375

Chlorophyll parameters
 D_scl:                                  0.636
 Mg_p:                                   0.902
 Mg_s:                                   1.053
 Mgp_Np:                                 1.402
 Mgp_Ns:                                 1.067
 Mgs_Np:                                 1.023
 Mgs_Ns:                                 1.468
 N_p:                                    1.044
 N_s:                                    1.281
 a_x:                                    0.067
 k_p:                                    2.694
 k_s:                                    1.462
 y_J:                                    4.012
 y_K:                                    2.147

 ----------------
  Excitation 0 1 
 ----------------
 Setting up Delta-SCF
 Ground-Excited state overlap:           0.000000000
 No correction applied to the TDM.
 Excitation energy:                      0.065215666
 Excitation energy (in eV):              1.774608688
 Transition dipole:                      2.47986       1.09259      -0.26090
 XTB basis setup:                        reference basis
 Implicit solvation model:               none
 Number of basis functions:            244
 GFN version:                            chlorophyll
 Integral screening threshold:           1.00e-10
 Total charge:                           0.000000000
 Number of electrons:                  218.000000000
 Electronic temperature (Kelvin):        0.000000000

 D3BJ energy:                           -0.062270395
 Repulsive energy:                       1.500962961

 ****************************************************
  Running robust self-consistent charge (SCC) solver 
 ****************************************************
 Number of SCC trials:                   4
 Using the stop-early mechanism for the first 3 trials

 Conv. threshold (charge):               1.00e-05
 Conv. threshold (energy):               1.00e-06
 Initial guess:                          SAD

 -------------
  SCC Trial 1 
 -------------
 Broyden mixing factor:                  0.400000000
 Max number of iterations:             128

 ---------------------------------------------------------------
                  energy        change          grad        time
 ---------------------------------------------------------------
   0      -125.888763409                    6.47e-01        0.01
   1      -126.565267159     -6.77e-01      3.69e-01        0.01
   2      -126.431131592      1.34e-01      1.06e-01        0.01
   3      -126.353204900      7.79e-02      5.54e-02        0.01
   4      -126.594205703     -2.41e-01      1.26e-02        0.01
   5      -126.598238508     -4.03e-03      4.70e-03        0.01
   6      -126.598264157     -2.56e-05      2.13e-03        0.01
   7      -126.598450235     -1.86e-04      6.82e-04        0.01
   8      -126.598453052     -2.82e-06      4.03e-04        0.01
   9      -126.598454079     -1.03e-06      1.15e-04        0.01
  10      -126.598454211     -1.32e-07      2.49e-05        0.01
  11      -126.598454218     -7.65e-09      6.17e-06        0.01
  12      -126.598454218     -2.14e-10      2.23e-06        0.01

 SCF converged in 11 iterations.

 Entropy contribution (-ST):             0.000000000
 Dipole moment (in Debye):              -2.156429      -0.608265       0.276566

Chlorophyll parameters
 D_scl:                                  0.636
 Mg_p:                                   0.902
 Mg_s:                                   1.053
 Mgp_Np:                                 1.402
 Mgp_Ns:                                 1.067
 Mgs_Np:                                 1.023
 Mgs_Ns:                                 1.468
 N_p:                                    1.044
 N_s:                                    1.281
 a_x:                                    0.067
 k_p:                                    2.694
 k_s:                                    1.462
 y_J:                                    4.012
 y_K:                                    2.147

 ----------------
  Excitation 0 1 
 ----------------
 Setting up Delta-SCF
 Ground-Excited state overlap:           0.000000000
 No correction applied to the TDM.
 Excitation energy:                      0.066475037
 Excitation energy (in eV):              1.808877895
 Transition dipole:                     -1.14241      -2.41095       0.50887

 ******************
  Exciton analysis 
 ******************

 eigenvalues
 -----------
 state 0:                             -253.1956 hr
 state 1:                             -253.1304 hr
 state 2:                             -253.1291 hr

 coupling energies
 -----------------
 states 1, 2:                           64.1448 cm^-1

 distances
 ---------
 chromophore 1, 2:                      33.7629 au

 charge centers
                         X                   Y                   Z
 1            77.729791572        17.877722816        57.629908039
 2            90.912744248        48.754920213        54.060396894
 Saving results in set 'trunc_bchla_10_bchla_13_frame_28101'

 --------------------------------------------------------------------------------

 End time:                               Fri Sep 10 12:00:00 2021
 Total wall-clock time:                  0.445 seconds
==================================================================================
