
================================================================================
          _____________ ________ _______________ ________     _________         
         / ___________// ______ \\_____   _____// ______ \   / ________)        
        / /_________  / /      \ \     | |     / /      \ \ | (_______          
       |  __________|| |        | |    | |    | |        | | \________ \        
        \ \_________ | |        | |    | |     \ \______/ /___________) |       
         \__________||_|        |_|    |_|      \________//____________/        
                                                                                
====================================[ Qcore ]===================================

 Git hash:   d9090f16b0f5f4f9bb84fd3cbccc869acc793a93
 Git date:   Mon, 6 Sep 2021 15:48:50 +0100
 Compiler:   AppleClang 10.0.1.10010046
 Build type: Debug
 Version:    2.1.1

 Start time: Tue Sep  7 09:41:53 2021

 Data directory: /Users/of15641/qcore/cmake-build-debug/share/entos/2.1.1/data
 Number of threads: 2
 Number of threads was determined by: number of physical cores

 --------------------------------------------------------------------------------
                                command: excitons                                
 --------------------------------------------------------------------------------
 XTB basis setup:                        reference basis
 Implicit solvation model:               none
 Number of basis functions:            244
 GFN version:                            chlorophyll
 Integral screening threshold:           1.00e-10
 Total charge:                           0.000000000
 Number of electrons:                  218.000000000
 Electronic temperature (Kelvin):        0.000000000

 D3BJ energy:                           -0.062532568
 Repulsive energy:                       1.521559427

 ****************************************************
  Running robust self-consistent charge (SCC) solver 
 ****************************************************
 Number of SCC trials:                   4
 Using the stop-early mechanism for the first 3 trials

 Conv. threshold (charge):               1.00e-05
 Conv. threshold (energy):               1.00e-06
 Initial guess:                          SAD

 -------------
  SCC Trial 1 
 -------------
 Broyden mixing factor:                  0.400000000
 Max number of iterations:             128

 ---------------------------------------------------------------
                  energy        change          grad        time
 ---------------------------------------------------------------
   0      -125.894515048                    6.49e-01        0.01
   1      -126.594982108     -7.00e-01      3.70e-01        0.01
   2      -126.577329443      1.77e-02      9.82e-02        0.01
   3      -126.576612215      7.17e-04      2.46e-02        0.01
   4      -126.607150021     -3.05e-02      6.23e-03        0.01
   5      -126.609210974     -2.06e-03      2.49e-03        0.01
   6      -126.609626575     -4.16e-04      9.02e-04        0.01
   7      -126.609677275     -5.07e-05      1.72e-04        0.01
   8      -126.609678247     -9.71e-07      5.51e-05        0.01
   9      -126.609678285     -3.89e-08      2.22e-05        0.01
  10      -126.609678290     -4.52e-09      8.51e-06        0.01
  11      -126.609678291     -5.62e-10      2.96e-06        0.01

 SCF converged in 10 iterations.

 Entropy contribution (-ST):             0.000000000
 Dipole moment (in Debye):              -2.587569       2.792091       0.787268

Chlorophyll parameters
 D_scl:                                  0.636
 Mg_p:                                   0.902
 Mg_s:                                   1.053
 Mgp_Np:                                 1.402
 Mgp_Ns:                                 1.067
 Mgs_Np:                                 1.023
 Mgs_Ns:                                 1.468
 N_p:                                    1.044
 N_s:                                    1.281
 a_x:                                    0.067
 k_p:                                    2.694
 k_s:                                    1.462
 y_J:                                    4.012
 y_K:                                    2.147

 ----------------
  Excitation 0 1 
 ----------------
 Setting up Delta-SCF
 Ground-Excited state overlap:           0.000000000
 No correction applied to the TDM.
 Excitation energy:                      0.065229918
 Excitation energy (in eV):              1.774996488
 Transition dipole:                     -0.30414       2.76544      -0.11973
 XTB basis setup:                        reference basis
 Implicit solvation model:               none
 Number of basis functions:            244
 GFN version:                            chlorophyll
 Integral screening threshold:           1.00e-10
 Total charge:                           0.000000000
 Number of electrons:                  218.000000000
 Electronic temperature (Kelvin):        0.000000000

 D3BJ energy:                           -0.062562608
 Repulsive energy:                       1.518580857

 ****************************************************
  Running robust self-consistent charge (SCC) solver 
 ****************************************************
 Number of SCC trials:                   4
 Using the stop-early mechanism for the first 3 trials

 Conv. threshold (charge):               1.00e-05
 Conv. threshold (energy):               1.00e-06
 Initial guess:                          SAD

 -------------
  SCC Trial 1 
 -------------
 Broyden mixing factor:                  0.400000000
 Max number of iterations:             128

 ---------------------------------------------------------------
                  energy        change          grad        time
 ---------------------------------------------------------------
   0      -125.887054453                    6.49e-01        0.01
   1      -126.587740160     -7.01e-01      3.70e-01        0.01
   2      -126.569445910      1.83e-02      9.82e-02        0.01
   3      -126.569842872     -3.97e-04      2.45e-02        0.01
   4      -126.600612407     -3.08e-02      5.39e-03        0.01
   5      -126.602004692     -1.39e-03      2.27e-03        0.01
   6      -126.602318555     -3.14e-04      9.92e-04        0.01
   7      -126.602384908     -6.64e-05      1.78e-04        0.01
   8      -126.602386037     -1.13e-06      5.66e-05        0.01
   9      -126.602386081     -4.41e-08      2.36e-05        0.01
  10      -126.602386087     -6.05e-09      8.91e-06        0.01
  11      -126.602386088     -6.03e-10      3.02e-06        0.01

 SCF converged in 10 iterations.

 Entropy contribution (-ST):             0.000000000
 Dipole moment (in Debye):              -2.518643       2.778520       0.647964

Chlorophyll parameters
 D_scl:                                  0.636
 Mg_p:                                   0.902
 Mg_s:                                   1.053
 Mgp_Np:                                 1.402
 Mgp_Ns:                                 1.067
 Mgs_Np:                                 1.023
 Mgs_Ns:                                 1.468
 N_p:                                    1.044
 N_s:                                    1.281
 a_x:                                    0.067
 k_p:                                    2.694
 k_s:                                    1.462
 y_J:                                    4.012
 y_K:                                    2.147

 ----------------
  Excitation 0 1 
 ----------------
 Setting up Delta-SCF
 Ground-Excited state overlap:          -0.000000000
 No correction applied to the TDM.
 Excitation energy:                      0.064990779
 Excitation energy (in eV):              1.768489184
 Transition dipole:                      0.27431      -2.75607       0.40660

 ******************
  Exciton analysis 
 ******************

 eigenvalues:                         -253.212064    -253.147074    -253.146835
 Saving results in set 'sep_60_monomer_angle_356'

 --------------------------------------------------------------------------------

 End time:                               Tue Sep  7 09:41:54 2021
 Total wall-clock time:                  1.583 seconds
==================================================================================
