
================================================================================
          _____________ ________ _______________ ________     _________         
         / ___________// ______ \\_____   _____// ______ \   / ________)        
        / /_________  / /      \ \     | |     / /      \ \ | (_______          
       |  __________|| |        | |    | |    | |        | | \________ \        
        \ \_________ | |        | |    | |     \ \______/ /___________) |       
         \__________||_|        |_|    |_|      \________//____________/        
                                                                                
====================================[ Qcore ]===================================

 Git hash:   7200a4ff984a1591d3ca912b7a1362c2a46a44da
 Git date:   Mon, 7 Jun 2021 16:06:02 +0100
 Compiler:   GNU 9.1.0
 Build type: Release
 Version:    1.4.1

 Start time: Mon Jun  7 16:54:40 2021

 Data directory: /home/of15641/.local/src/Qcore/release/share/entos/1.4.1/data
 Number of threads: 18
 Number of threads was determined by: command line argument
  - More threads can be used by running 'qcore -n 24'

 --------------------------------------------------------------------------------
                                  command: bchla                                 
 --------------------------------------------------------------------------------
 XTB basis setup:                        reference basis
 Number of basis functions:            488
 GFN version:                            gfn1
 Integral screening threshold:           1.00e-10
 Total charge:                           0.000000000
 Number of electrons:                  436.000000000
 Electronic temperature (Kelvin):        0.000000000

 D3BJ energy:                           -0.124074994
 Repulsive energy:                       2.957592503

 ****************************************************
  Running robust self-consistent charge (SCC) solver 
 ****************************************************
 Number of SCC trials:                   4
 Using the stop-early mechanism for the first 3 trials

 Conv. threshold (charge):               1.00e-05
 Conv. threshold (energy):               1.00e-06
 Initial guess:                          SAD

 -------------
  SCC Trial 1 
 -------------
 Broyden mixing factor:                  0.400000000
 Max number of iterations:             128

 ---------------------------------------------------------------
                  energy        change          grad        time
 ---------------------------------------------------------------
   0      -260.700740536                    6.79e-01        0.03
   1      -261.712323170     -1.01e+00      3.93e-01        0.03
   2      -261.700500897      1.18e-02      7.44e-02        0.03
   3      -261.716368045     -1.59e-02      1.26e-02        0.03
   4      -261.733566883     -1.72e-02      3.74e-03        0.03
   5      -261.735393044     -1.83e-03      9.92e-04        0.03
   6      -261.735474713     -8.17e-05      4.19e-04        0.03
   7      -261.735493561     -1.88e-05      1.11e-04        0.03
   8      -261.735494717     -1.16e-06      2.83e-05        0.03
   9      -261.735494730     -1.30e-08      1.23e-05        0.03
  10      -261.735494731     -9.80e-10      5.89e-06        0.03
  11      -261.735494734     -2.90e-09      2.80e-06        0.03

 SCF converged in 10 iterations.

 Entropy contribution (-ST):             0.000000000
 Dipole moment (in Debye):              -1.958745      -6.810006       0.918826

 -----------------
  Excitation -1 2 
 -----------------
 Setting up Delta-SCF
 Ground-Excited state overlap:          -0.000000000
 No correction applied to the TDM.
 Excitation energy:                      0.066795357
 Excitation energy (in eV):              1.817594249
 Transition dipole:                      0.00000       0.00000       0.00000

 -----------------
  Excitation -1 1 
 -----------------
 Setting up Delta-SCF
 Ground-Excited state overlap:           0.000000000
 No correction applied to the TDM.
 Excitation energy:                      0.097928055
 Excitation energy (in eV):              2.664758141
 Transition dipole:                     -3.92367       0.83185      -1.52208

 ----------------
  Excitation 0 1 
 ----------------
 Setting up Delta-SCF
 Ground-Excited state overlap:          -0.000000000
 No correction applied to the TDM.
 Excitation energy:                      0.058442805
 Excitation energy (in eV):              1.590309737
 Transition dipole:                      0.00000       0.00000       0.00000

 ----------------
  Excitation 0 2 
 ----------------
 Setting up Delta-SCF
 Ground-Excited state overlap:          -0.000000000
 No correction applied to the TDM.
 Excitation energy:                      0.098790909
 Excitation energy (in eV):              2.688237590
 Transition dipole:                      3.70253      -1.21788       1.64798

 --------------------------------------------------------------------------------

 End time:                               Mon Jun  7 16:54:41 2021
 Total wall-clock time:                  0.831 seconds
==================================================================================
