
================================================================================
          _____________ ________ _______________ ________     _________         
         / ___________// ______ \\_____   _____// ______ \   / ________)        
        / /_________  / /      \ \     | |     / /      \ \ | (_______          
       |  __________|| |        | |    | |    | |        | | \________ \        
        \ \_________ | |        | |    | |     \ \______/ /___________) |       
         \__________||_|        |_|    |_|      \________//____________/        
                                                                                
====================================[ Qcore ]===================================

 Git hash:   fc43f77b6a8cbdee6391b0b1942a9275fb449ad1
 Git date:   Thu, 3 Jun 2021 15:25:24 +0100
 Compiler:   GNU 9.1.0
 Build type: Release
 Version:    1.4.1

 Start time: Thu Jun  3 17:33:03 2021

 Data directory: /home/of15641/.local/src/Qcore/release/share/entos/1.4.1/data
 Number of threads: 18
 Number of threads was determined by: command line argument
  - More threads can be used by running 'qcore -n 24'

 --------------------------------------------------------------------------------
                                  command: bchla                                 
 --------------------------------------------------------------------------------
 XTB basis setup:                        reference basis
 Number of basis functions:            488
 GFN version:                            gfn1
 Integral screening threshold:           1.00e-10
 Total charge:                           0.000000000
 Number of electrons:                  436.000000000
 Electronic temperature (Kelvin):        0.000000000

 D3BJ energy:                           -0.124205263
 Repulsive energy:                       2.941672617

 ****************************************************
  Running robust self-consistent charge (SCC) solver 
 ****************************************************
 Number of SCC trials:                   4
 Using the stop-early mechanism for the first 3 trials

 Conv. threshold (charge):               1.00e-05
 Conv. threshold (energy):               1.00e-06
 Initial guess:                          SAD

 -------------
  SCC Trial 1 
 -------------
 Broyden mixing factor:                  0.400000000
 Max number of iterations:             128

 ---------------------------------------------------------------
                  energy        change          grad        time
 ---------------------------------------------------------------
   0      -260.732352674                    6.79e-01        0.03
   1      -261.727946732     -9.96e-01      3.93e-01        0.03
   2      -261.714831657      1.31e-02      7.44e-02        0.03
   3      -261.736354180     -2.15e-02      1.22e-02        0.03
   4      -261.751372880     -1.50e-02      2.96e-03        0.03
   5      -261.752429101     -1.06e-03      8.77e-04        0.03
   6      -261.752483172     -5.41e-05      3.38e-04        0.03
   7      -261.752495288     -1.21e-05      1.16e-04        0.03
   8      -261.752496952     -1.66e-06      2.88e-05        0.03
   9      -261.752496976     -2.37e-08      1.49e-05        0.03
  10      -261.752496987     -1.12e-08      6.30e-06        0.03
  11      -261.752496990     -2.98e-09      2.56e-06        0.03

 SCF converged in 10 iterations.

 Entropy contribution (-ST):             0.000000000
 Dipole moment (in Debye):              -4.610509       2.376607      -0.134269
 Setting up Delta-SCF
 Ground-Excited state overlap:           0.000000000
 No correction applied to the TDM.
 Excitation energy:                      0.058188610
 Excitation energy (in eV):              1.583392743
 Transition dipole:                     -0.00000      -0.00000      -0.00000
 ------------------------------------------------------
           transition charges and positions           
           --------------------------------           
          atom  charge/e  x/bohr  y/bohr  z/bohr       
 ------------------------------------------------------
     1  Mg      -0.000000     87.435738     47.502046     54.556393
     2  C       -0.000000     89.316016     51.515824     59.435666
     3  C       -0.000000     85.166177     43.425906     58.774262
     4  C       -0.000000     88.048009     42.889224     50.075853
     5  C       -0.000000     89.924507     51.784165     50.219472
     6  N       -0.000000     86.980314     47.628657     58.683555
     7  C       -0.000000     87.845809     49.425787     60.204785
     8  C       -0.000000     86.906615     48.883435     62.969454
     9  C       -0.000000     85.780338     46.196245     62.720010
    10  C       -0.000000     86.005215     45.646335     59.898649
    11  C       -0.000000     87.380936     44.045737     64.154312
    12  C       -0.000000     84.888387     50.846861     64.050377
    13  C       -0.000000     85.377826     51.510155     66.743237
    14  H       -0.000000     83.244326     51.317403     68.659419
    15  N       -0.000000     86.655281     43.701806     54.461907
    16  C       -0.000000     85.665065     42.333645     56.423443
    17  C       -0.000000     84.795791     39.884560     55.444564
    18  C       -0.000000     85.651837     39.752279     52.899103
    19  C       -0.000000     86.938740     42.174908     52.434231
    20  C       -0.000000     83.448416     37.862553     57.120752
    21  C       -0.000000     85.449636     37.507284     51.003708
    22  O       -0.000000     86.239541     37.567755     48.826744
    23  C       -0.000000     84.177850     35.167803     51.871092
    24  N       -0.000000     88.796341     47.316852     50.843081
    25  C       -0.000000     89.006100     45.168234     49.319962
    26  C       -0.000000     90.525440     45.825859     46.901113
    27  C       -0.000000     89.981199     48.762493     46.547734
    28  C       -0.000000     89.514437     49.276498     49.403110
    29  C       -0.000000     93.331684     45.043512     47.056070
    30  C       -0.000000     87.722976     49.486258     44.986820
    31  C       -0.000000     85.101926     49.361536     46.058295
    32  N       -0.000000     88.915394     51.113312     54.603636
    33  C       -0.000000     89.922618     52.613755     52.734697
    34  C       -0.000000     90.854253     55.023156     53.728693
    35  C       -0.000000     90.839135     54.624423     56.472576
    36  C       -0.000000     89.646718     52.186677     56.841072
    37  C       -0.000000     91.989978     57.043273     52.294391
    38  C       -0.000000     91.532664     55.682670     58.919771
    39  O       -0.000000     92.643823     57.511925     59.501806
    40  C       -0.000000     90.406388     53.719245     60.972013
    41  C       -0.000000     92.241312     52.984141     63.024256
    42  O       -0.000000     93.649158     51.141658     62.963785
    43  O       -0.000000     91.931397     54.633872     65.055712
    44  C       -0.000000     93.513097     54.214353     67.310155
    45  H       -0.000000     84.039900     42.044517     59.815501
    46  H       -0.000000     88.216195     41.315082     48.751155
    47  H       -0.000000     90.502764     53.110753     48.749265
    48  H       -0.000000     88.467529     48.747375     64.307380
    49  H       -0.000000     83.864156     45.939242     63.430547
    50  H       -0.000000     86.568354     43.860543     66.038369
    51  H       -0.000000     89.365148     44.491712     64.477455
    52  H       -0.000000     87.125823     42.278843     63.124411
    53  H       -0.000000     82.970315     50.102309     63.948332
    54  H       -0.000000     84.729650     52.619424     63.012918
    55  H       -0.000000     85.786007     53.526492     66.654420
    56  H       -0.000000     86.985983     50.627653     67.678651
    57  H       -0.000000     84.954528     36.689033     57.891760
    58  H       -0.000000     82.025452     36.819424     56.056836
    59  H       -0.000000     82.717092     38.599546     58.900874
    60  H       -0.000000     84.474537     34.413802     53.764598
    61  H       -0.000000     84.642723     33.616338     50.599307
    62  H       -0.000000     82.180410     35.262289     51.374094
    63  H       -0.000000     89.542783     44.778950     45.425237
    64  H       -0.000000     91.602584     49.771607     45.776726
    65  H       -0.000000     94.722522     46.515609     46.680015
    66  H       -0.000000     93.754982     43.286067     46.067743
    67  H       -0.000000     93.790887     44.469035     48.979811
    68  H       -0.000000     87.534004     48.428011     43.231265
    69  H       -0.000000     87.987538     51.436455     44.378328
    70  H       -0.000000     84.799570     51.298505     46.689463
    71  H       -0.000000     84.860041     48.154001     47.709915
    72  H       -0.000000     83.782897     48.834303     44.565411
    73  H       -0.000000     91.394714     58.785600     53.218467
    74  H       -0.000000     91.179286     56.971463     50.402775
    75  H       -0.000000     94.042221     56.884536     52.343524
    76  H       -0.000000     88.820907     54.660328     61.890420
    77  H       -0.000000     95.467074     54.129315     66.661979
    78  H       -0.000000     93.076571     52.402105     68.185098
    79  H       -0.000000     93.433729     55.554169     68.872958
    80  Mg      -0.000000     31.012295     98.959288     48.312738
    81  C       -0.000000     34.049085     96.164383     53.479249
    82  C       -0.000000     26.312547    101.045546     52.220692
    83  C       -0.000000     27.939601    100.983185     43.259610
    84  C       -0.000000     35.861333     96.355245     44.397226
    85  N       -0.000000     30.267743     98.528430     52.411554
    86  C       -0.000000     31.773855     97.445617     54.237029
    87  C       -0.000000     30.832771     98.137257     56.856190
    88  C       -0.000000     28.102117     99.220070     56.323287
    89  C       -0.000000     28.357230     99.775650     53.426337
    90  C       -0.000000     25.987514     97.353021     56.897764
    91  C       -0.000000     32.843440     99.828562     58.243249
    92  C       -0.000000     31.872121    100.958618     60.773592
    93  H       -0.000000     29.929482     99.420381     62.206005
    94  N       -0.000000     27.727951    100.731851     47.834637
    95  C       -0.000000     25.906255    101.281761     49.643105
    96  C       -0.000000     23.648033    102.451502     48.509270
    97  C       -0.000000     24.205502    102.481737     45.867432
    98  C       -0.000000     26.705610    101.349792     45.574525
    99  C       -0.000000     21.482407    103.390696     50.019161
   100  C       -0.000000     22.506638    103.468174     43.805741
   101  O       -0.000000     23.185050    103.502190     41.519173
   102  C       -0.000000     19.968736    104.603900     44.401005
   103  N       -0.000000     31.870231     98.785433     44.353762
   104  C       -0.000000     30.229949     99.796437     42.730487
   105  C       -0.000000     31.072767     99.225739     39.899677
   106  C       -0.000000     33.671140     97.615693     40.270064
   107  C       -0.000000     33.812870     97.545773     43.155676
   108  C       -0.000000     28.865567     97.736635     38.533405
   109  C       -0.000000     36.125894     98.947950     39.170243
   110  C       -0.000000     36.675805     98.467959     36.322426
   111  N       -0.000000     34.175697     96.661381     48.688794
   112  C       -0.000000     36.124005     95.911160     47.003158
   113  C       -0.000000     38.168688     94.488196     48.463916
   114  C       -0.000000     37.382562     94.414497     50.971583
   115  C       -0.000000     35.005287     95.905491     51.024495
   116  C       -0.000000     40.600766     93.443177     47.468031
   117  C       -0.000000     37.996723     93.645378     53.517044
   118  O       -0.000000     39.797632     92.452961     54.401436
   119  C       -0.000000     36.014400     95.055114     55.340630
   120  C       -0.000000     34.871116     93.309007     57.290827
   121  O       -0.000000     33.032413     92.027773     56.928000
   122  O       -0.000000     35.953929     93.713408     59.698338
   123  C       -0.000000     34.517737     92.825237     61.905538
   124  H       -0.000000     24.931157    101.495300     53.687119
   125  H       -0.000000     26.902141    101.629471     41.596651
   126  H       -0.000000     37.288076     95.344242     43.301184
   127  H       -0.000000     30.704270     96.394930     57.944672
   128  H       -0.000000     27.661811    101.013420     57.237915
   129  H       -0.000000     24.761081     98.305443     58.250808
   130  H       -0.000000     26.834111     95.582347     57.521374
   131  H       -0.000000     24.683603     97.114915     55.321732
   132  H       -0.000000     33.518072    101.002082     56.691784
   133  H       -0.000000     34.423251     98.570004     58.641981
   134  H       -0.000000     31.108671    102.784094     60.201005
   135  H       -0.000000     33.493506    101.217511     62.017032
   136  H       -0.000000     19.949839    102.162374     49.399331
   137  H       -0.000000     21.110131    105.397585     49.747040
   138  H       -0.000000     21.508863    103.180936     52.069514
   139  H       -0.000000     20.246526    106.302764     45.529172
   140  H       -0.000000     19.139146    102.986294     45.372324
   141  H       -0.000000     18.746083    105.010191     42.794738
   142  H       -0.000000     31.422366    101.147591     39.242053
   143  H       -0.000000     33.597441     95.589906     39.895898
   144  H       -0.000000     27.238512     97.332234     39.729602
   145  H       -0.000000     29.564765     95.922498     37.851214
   146  H       -0.000000     28.170147     99.010311     37.072647
   147  H       -0.000000     37.762397     98.707954     40.396675
   148  H       -0.000000     35.761177    100.969957     39.302524
   149  H       -0.000000     36.817534    100.318001     35.430475
   150  H       -0.000000     35.199929     97.243417     35.570315
   151  H       -0.000000     38.476714     97.509868     36.033298
   152  H       -0.000000     42.086091     94.684727     48.172898
   153  H       -0.000000     40.561082     93.382706     45.408229
   154  H       -0.000000     41.165794     91.562900     48.089750
   155  H       -0.000000     37.057529     96.593351     56.226911
   156  H       -0.000000     34.859778     90.795671     61.969789
   157  H       -0.000000     32.558091     93.452626     61.803493
   158  H       -0.000000     35.315202     93.800336     63.534482
 ------------------------------------------------------

 --------------------------------------------------------------------------------

 End time:                               Thu Jun  3 17:33:04 2021
 Total wall-clock time:                  0.634 seconds
==================================================================================
