
================================================================================
          _____________ ________ _______________ ________     _________         
         / ___________// ______ \\_____   _____// ______ \   / ________)        
        / /_________  / /      \ \     | |     / /      \ \ | (_______          
       |  __________|| |        | |    | |    | |        | | \________ \        
        \ \_________ | |        | |    | |     \ \______/ /___________) |       
         \__________||_|        |_|    |_|      \________//____________/        
                                                                                
====================================[ Qcore ]===================================

 Git hash:   fc43f77b6a8cbdee6391b0b1942a9275fb449ad1
 Git date:   Thu, 3 Jun 2021 15:25:24 +0100
 Compiler:   GNU 9.1.0
 Build type: Release
 Version:    1.4.1

 Start time: Thu Jun  3 17:51:54 2021

 Data directory: /home/of15641/.local/src/Qcore/release/share/entos/1.4.1/data
 Number of threads: 18
 Number of threads was determined by: command line argument
  - More threads can be used by running 'qcore -n 24'

 --------------------------------------------------------------------------------
                                  command: bchla                                 
 --------------------------------------------------------------------------------
 XTB basis setup:                        reference basis
 Number of basis functions:            488
 GFN version:                            gfn1
 Integral screening threshold:           1.00e-10
 Total charge:                           0.000000000
 Number of electrons:                  436.000000000
 Electronic temperature (Kelvin):        0.000000000

 D3BJ energy:                           -0.123416760
 Repulsive energy:                       2.998539949

 ****************************************************
  Running robust self-consistent charge (SCC) solver 
 ****************************************************
 Number of SCC trials:                   4
 Using the stop-early mechanism for the first 3 trials

 Conv. threshold (charge):               1.00e-05
 Conv. threshold (energy):               1.00e-06
 Initial guess:                          SAD

 -------------
  SCC Trial 1 
 -------------
 Broyden mixing factor:                  0.400000000
 Max number of iterations:             128

 ---------------------------------------------------------------
                  energy        change          grad        time
 ---------------------------------------------------------------
   0      -260.717936665                    6.80e-01        0.03
   1      -261.728404264     -1.01e+00      3.93e-01        0.03
   2      -261.692638352      3.58e-02      7.62e-02        0.03
   3      -261.707869234     -1.52e-02      1.87e-02        0.03
   4      -261.754621493     -4.68e-02      4.51e-03        0.03
   5      -261.757542391     -2.92e-03      1.01e-03        0.03
   6      -261.757572669     -3.03e-05      4.12e-04        0.03
   7      -261.757582692     -1.00e-05      1.75e-04        0.03
   8      -261.757584874     -2.18e-06      7.35e-05        0.03
   9      -261.757585059     -1.85e-07      3.44e-05        0.03
  10      -261.757585100     -4.13e-08      1.65e-05        0.03
  11      -261.757585121     -2.02e-08      3.11e-06        0.03
  12      -261.757585121     -2.31e-10      1.00e-06        0.03

 SCF converged in 11 iterations.

 Entropy contribution (-ST):             0.000000000
 Dipole moment (in Debye):               1.847415      -0.165685       2.580804
 Setting up Delta-SCF
 Ground-Excited state overlap:          -0.000000000
 No correction applied to the TDM.
 Excitation energy:                      0.058881680
 Excitation energy (in eV):              1.602252126
 Transition dipole:                      0.00000       0.00000       0.00000
 ------------------------------------------------------
           transition charges and positions           
           --------------------------------           
          atom  charge/e  x/bohr  y/bohr  z/bohr       
 ------------------------------------------------------
     1  Mg       0.000000     67.493458      2.371606     56.472576
     2  C        0.000000     62.852291      4.287789     60.588399
     3  C        0.000000     71.762350      2.237436     61.665543
     4  C        0.000000     72.463438      1.477766     52.558953
     5  C        0.000000     63.627079      3.110489     51.504486
     6  N        0.000000     67.304486      3.187968     60.663988
     7  C        0.000000     65.148308      3.974094     61.858295
     8  C        0.000000     65.552710      4.163067     64.715561
     9  C        0.000000     68.551705      3.845593     64.879967
    10  C        0.000000     69.275470      3.046239     62.257027
    11  C        0.000000     69.974669      6.239876     65.917427
    12  C        0.000000     64.084392      2.048463     66.289703
    13  C        0.000000     62.676546      2.626719     68.702883
    14  H        0.000000     63.954001      4.197082     70.653080
    15  N        0.000000     71.596054      1.810358     56.988471
    16  C        0.000000     72.848942      1.489104     59.190002
    17  C        0.000000     75.383065      0.682191     58.772372
    18  C        0.000000     75.640068      0.377945     56.098410
    19  C        0.000000     73.189093      1.373831     55.115752
    20  C        0.000000     77.104605      0.423299     60.996580
    21  C        0.000000     77.977659     -0.319364     54.584739
    22  O        0.000000     78.109940     -0.009449     52.275494
    23  C        0.000000     80.283125     -1.405956     55.903768
    24  N        0.000000     68.067935      2.583256     52.494702
    25  C        0.000000     70.256238      1.891616     51.341969
    26  C        0.000000     69.883962      1.683746     48.486593
    27  C        0.000000     66.924651      1.891616     48.223921
    28  C        0.000000     66.132855      2.554910     50.895994
    29  C        0.000000     71.403302      3.378830     46.621433
    30  C        0.000000     65.507356     -0.464873     47.033394
    31  C        0.000000     64.447220     -2.520895     48.717139
    32  N        0.000000     64.059826      3.632054     56.024710
    33  C        0.000000     62.508361      3.620715     53.947901
    34  C        0.000000     60.051717      4.563689     54.448679
    35  C        0.000000     60.049827      4.771558     57.069729
    36  C        0.000000     62.508361      4.144169     57.935224
    37  C        0.000000     57.753810      5.058797     52.787610
    38  C        0.000000     58.636312      5.432963     59.199450
    39  O        0.000000     56.478245      6.224758     59.284488
    40  C        0.000000     60.386198      5.211865     61.726014
    41  C        0.000000     60.509031      7.706303     62.888196
    42  O        0.000000     61.506806      9.622485     61.947112
    43  O        0.000000     59.312834      7.836694     65.157757
    44  C        0.000000     58.770482     10.329243     66.244349
    45  H        0.000000     72.847052      2.107045     63.415429
    46  H        0.000000     73.886402      0.672743     51.300395
    47  H        0.000000     62.179548      2.704198     50.092860
    48  H        0.000000     64.781701      5.962086     65.361847
    49  H        0.000000     69.078938      2.379165     66.227342
    50  H        0.000000     70.993231      5.672958     67.614401
    51  H        0.000000     68.496903      7.655281     66.155532
    52  H        0.000000     71.503457      6.940964     64.726899
    53  H        0.000000     65.615070      0.735103     66.709222
    54  H        0.000000     62.941108      0.867384     65.050042
    55  H        0.000000     61.926325      0.888171     69.513575
    56  H        0.000000     61.104294      3.830475     68.139745
    57  H        0.000000     78.072145     -1.370051     60.703672
    58  H        0.000000     76.023682      0.221098     62.738907
    59  H        0.000000     78.478436      1.935080     61.268700
    60  H        0.000000     79.840929     -2.810023     57.345629
    61  H        0.000000     81.556800      0.122832     56.442340
    62  H        0.000000     81.256334     -2.456644     54.422223
    63  H        0.000000     70.651191     -0.179524     48.057625
    64  H        0.000000     66.344505      3.307021     46.846311
    65  H        0.000000     70.161752      4.773448     45.752159
    66  H        0.000000     72.119508      2.120273     45.156895
    67  H        0.000000     72.901854      4.234876     47.743931
    68  H        0.000000     66.841503     -1.351154     45.740821
    69  H        0.000000     63.897309      0.181414     45.922235
    70  H        0.000000     65.087837     -4.391724     48.138883
    71  H        0.000000     62.387418     -2.545461     48.792729
    72  H        0.000000     65.161536     -2.076809     50.597417
    73  H        0.000000     58.186557      4.489989     50.854420
    74  H        0.000000     57.266260      7.058127     52.887765
    75  H        0.000000     56.175889      3.951417     53.511375
    76  H        0.000000     59.197561      3.985432     62.878747
    77  H        0.000000     57.205789     10.338692     67.584165
    78  H        0.000000     58.611745     11.873149     64.891305
    79  H        0.000000     60.350294     10.703409     67.512356
    80  Mg       0.000000     13.496424    108.746180     78.455760
    81  C        0.000000     11.884488    102.436384     78.021123
    82  C        0.000000     19.441502    107.187156     76.324148
    83  C        0.000000     14.762540    115.078652     77.798135
    84  C        0.000000      7.447411    110.178592     80.373832
    85  N        0.000000     15.306782    105.318216     76.959096
    86  C        0.000000     14.267432    102.929603     77.115944
    87  C        0.000000     16.098577    100.898147     76.199427
    88  C        0.000000     18.679943    102.374023     76.288244
    89  C        0.000000     17.757756    105.093339     76.443201
    90  C        0.000000     20.675494    101.550102     78.393399
    91  C        0.000000     15.459849     99.624472     73.614281
    92  C        0.000000     15.705514     96.774765     73.538692
    93  H        0.000000     17.916493     95.920608     71.913528
    94  N        0.000000     16.637149    110.747400     77.210430
    95  C        0.000000     18.863246    109.796867     76.480996
    96  C        0.000000     20.658486    111.807536     75.961321
    97  C        0.000000     19.530319    114.143237     76.309031
    98  C        0.000000     16.833680    113.438370     77.047914
    99  C        0.000000     23.459060    111.268964     74.942759
   100  C        0.000000     20.822892    116.798303     76.114389
   101  O        0.000000     23.103792    116.911686     75.417080
   102  C        0.000000     19.426385    119.168019     76.628394
   103  N        0.000000     11.204186    112.293195     78.576702
   104  C        0.000000     12.207631    114.562757     78.569143
   105  C        0.000000     10.453965    116.556418     79.636838
   106  C        0.000000      7.944409    115.167469     80.368162
   107  C        0.000000      8.881713    112.323431     79.905179
   108  C        0.000000     11.493314    118.587873     81.509557
   109  C        0.000000      5.444301    115.741946     78.930081
   110  C        0.000000      3.114269    114.872672     80.347375
   111  N        0.000000     10.229088    106.697716     79.069921
   112  C        0.000000      7.874489    107.521637     80.028012
   113  C        0.000000      6.328693    105.325775     80.438082
   114  C        0.000000      7.821576    103.216841     79.740773
   115  C        0.000000     10.089248    104.229734     78.873389
   116  C        0.000000      3.809688    105.238848     81.821362
   117  C        0.000000      7.780002    100.614688     79.646287
   118  O        0.000000      6.213419     99.006531     79.976989
   119  C        0.000000     10.395383     99.932497     78.223323
   120  C        0.000000      9.582801     99.382587     75.507787
   121  O        0.000000      9.131157    100.958618     73.897740
   122  O        0.000000      9.433513     96.778544     75.279130
   123  C        0.000000      8.481091     95.833681     72.869729
   124  H        0.000000     21.442722    106.784644     76.023682
   125  H        0.000000     15.301112    117.057195     77.571368
   126  H        0.000000      5.569023    110.318432     81.216649
   127  H        0.000000     16.200622     99.456286     77.665854
   128  H        0.000000     19.450951    102.319221     74.377731
   129  H        0.000000     21.794211    103.267864     78.593710
   130  H        0.000000     22.062553    100.168713     77.750892
   131  H        0.000000     19.913934    100.892478     80.190528
   132  H        0.000000     16.814783    100.486187     72.323598
   133  H        0.000000     13.726971    100.227294     72.678867
   134  H        0.000000     13.929171     96.028323     72.809258
   135  H        0.000000     16.024878     95.960293     75.403852
   136  H        0.000000     23.905035    109.284752     74.606387
   137  H        0.000000     24.861237    112.021075     76.252339
   138  H        0.000000     23.791652    112.022965     73.056812
   139  H        0.000000     18.723406    119.145342     78.563474
   140  H        0.000000     18.052554    119.576200     75.148739
   141  H        0.000000     20.907930    120.589093     76.779572
   142  H        0.000000      9.620596    117.837652     78.255449
   143  H        0.000000      7.674178    115.048416     82.407177
   144  H        0.000000     13.547447    118.446144     81.409401
   145  H        0.000000     10.693960    118.461262     83.404952
   146  H        0.000000     11.071905    120.530512     80.969095
   147  H        0.000000      5.654061    114.889679     77.066811
   148  H        0.000000      5.499103    117.777181     78.618276
   149  H        0.000000      1.581701    116.163355     79.867385
   150  H        0.000000      3.282454    114.865113     82.401508
   151  H        0.000000      2.507667    113.056645     79.587705
   152  H        0.000000      3.157732    103.332114     82.248440
   153  H        0.000000      2.435857    106.255521     80.674298
   154  H        0.000000      3.907954    106.244182     83.616602
   155  H        0.000000     11.430953     98.456621     79.221099
   156  H        0.000000      6.511996     96.394930     72.642962
   157  H        0.000000      8.722976     93.796556     72.695874
   158  H        0.000000      9.492094     96.750198     71.327713
 ------------------------------------------------------

 --------------------------------------------------------------------------------

 End time:                               Thu Jun  3 17:51:54 2021
 Total wall-clock time:                  0.644 seconds
==================================================================================
