
================================================================================
          _____________ ________ _______________ ________     _________         
         / ___________// ______ \\_____   _____// ______ \   / ________)        
        / /_________  / /      \ \     | |     / /      \ \ | (_______          
       |  __________|| |        | |    | |    | |        | | \________ \        
        \ \_________ | |        | |    | |     \ \______/ /___________) |       
         \__________||_|        |_|    |_|      \________//____________/        
                                                                                
====================================[ Qcore ]===================================

 Git hash:   7200a4ff984a1591d3ca912b7a1362c2a46a44da
 Git date:   Mon, 7 Jun 2021 16:06:02 +0100
 Compiler:   GNU 9.1.0
 Build type: Release
 Version:    1.4.1

 Start time: Mon Jun  7 16:54:34 2021

 Data directory: /home/of15641/.local/src/Qcore/release/share/entos/1.4.1/data
 Number of threads: 18
 Number of threads was determined by: command line argument
  - More threads can be used by running 'qcore -n 24'

 --------------------------------------------------------------------------------
                                  command: bchla                                 
 --------------------------------------------------------------------------------
 XTB basis setup:                        reference basis
 Number of basis functions:            488
 GFN version:                            gfn1
 Integral screening threshold:           1.00e-10
 Total charge:                           0.000000000
 Number of electrons:                  436.000000000
 Electronic temperature (Kelvin):        0.000000000

 D3BJ energy:                           -0.121982403
 Repulsive energy:                       2.955705690

 ****************************************************
  Running robust self-consistent charge (SCC) solver 
 ****************************************************
 Number of SCC trials:                   4
 Using the stop-early mechanism for the first 3 trials

 Conv. threshold (charge):               1.00e-05
 Conv. threshold (energy):               1.00e-06
 Initial guess:                          SAD

 -------------
  SCC Trial 1 
 -------------
 Broyden mixing factor:                  0.400000000
 Max number of iterations:             128

 ---------------------------------------------------------------
                  energy        change          grad        time
 ---------------------------------------------------------------
   0      -260.725465456                    6.80e-01        0.04
   1      -261.745654659     -1.02e+00      3.93e-01        0.04
   2      -261.724991469      2.07e-02      7.59e-02        0.04
   3      -261.743518269     -1.85e-02      1.55e-02        0.03
   4      -261.769551675     -2.60e-02      3.39e-03        0.04
   5      -261.770769477     -1.22e-03      7.71e-04        0.03
   6      -261.770792416     -2.29e-05      2.05e-04        0.03
   7      -261.770793462     -1.05e-06      9.68e-05        0.03
   8      -261.770794513     -1.05e-06      3.90e-05        0.04
   9      -261.770794580     -6.72e-08      1.61e-05        0.03
  10      -261.770794585     -5.25e-09      6.81e-06        0.03
  11      -261.770794587     -2.52e-09      2.43e-06        0.03

 SCF converged in 10 iterations.

 Entropy contribution (-ST):             0.000000000
 Dipole moment (in Debye):               0.226457      -5.295490       0.831642

 -----------------
  Excitation -1 2 
 -----------------
 Setting up Delta-SCF
 Ground-Excited state overlap:           0.000000000
 No correction applied to the TDM.
 Excitation energy:                      0.063263979
 Excitation energy (in eV):              1.721500573
 Transition dipole:                     -0.00000      -0.00000      -0.00000

 -----------------
  Excitation -1 1 
 -----------------
 Setting up Delta-SCF
 Ground-Excited state overlap:           0.000000000
 No correction applied to the TDM.
 Excitation energy:                      0.096241093
 Excitation energy (in eV):              2.618853541
 Transition dipole:                      2.46446       3.40798      -0.63463

 ----------------
  Excitation 0 1 
 ----------------
 Setting up Delta-SCF
 Ground-Excited state overlap:           0.000000000
 No correction applied to the TDM.
 Excitation energy:                      0.061594288
 Excitation energy (in eV):              1.676065950
 Transition dipole:                     -0.00000      -0.00000      -0.00000

 ----------------
  Excitation 0 2 
 ----------------
 Setting up Delta-SCF
 Ground-Excited state overlap:           0.000000000
 No correction applied to the TDM.
 Excitation energy:                      0.097808308
 Excitation energy (in eV):              2.661499659
 Transition dipole:                     -3.78775       2.13281      -0.06696

 --------------------------------------------------------------------------------

 End time:                               Mon Jun  7 16:54:35 2021
 Total wall-clock time:                  0.946 seconds
==================================================================================
