
================================================================================
          _____________ ________ _______________ ________     _________         
         / ___________// ______ \\_____   _____// ______ \   / ________)        
        / /_________  / /      \ \     | |     / /      \ \ | (_______          
       |  __________|| |        | |    | |    | |        | | \________ \        
        \ \_________ | |        | |    | |     \ \______/ /___________) |       
         \__________||_|        |_|    |_|      \________//____________/        
                                                                                
====================================[ Qcore ]===================================

 Git hash:   fc43f77b6a8cbdee6391b0b1942a9275fb449ad1
 Git date:   Thu, 3 Jun 2021 15:25:24 +0100
 Compiler:   GNU 9.1.0
 Build type: Release
 Version:    1.4.1

 Start time: Thu Jun  3 17:50:31 2021

 Data directory: /home/of15641/.local/src/Qcore/release/share/entos/1.4.1/data
 Number of threads: 18
 Number of threads was determined by: command line argument
  - More threads can be used by running 'qcore -n 24'

 --------------------------------------------------------------------------------
                                  command: bchla                                 
 --------------------------------------------------------------------------------
 XTB basis setup:                        reference basis
 Number of basis functions:            488
 GFN version:                            gfn1
 Integral screening threshold:           1.00e-10
 Total charge:                           0.000000000
 Number of electrons:                  436.000000000
 Electronic temperature (Kelvin):        0.000000000

 D3BJ energy:                           -0.123861610
 Repulsive energy:                       3.034572180

 ****************************************************
  Running robust self-consistent charge (SCC) solver 
 ****************************************************
 Number of SCC trials:                   4
 Using the stop-early mechanism for the first 3 trials

 Conv. threshold (charge):               1.00e-05
 Conv. threshold (energy):               1.00e-06
 Initial guess:                          SAD

 -------------
  SCC Trial 1 
 -------------
 Broyden mixing factor:                  0.400000000
 Max number of iterations:             128

 ---------------------------------------------------------------
                  energy        change          grad        time
 ---------------------------------------------------------------
   0      -260.768832160                    6.81e-01        0.03
   1      -261.771120724     -1.00e+00      3.94e-01        0.03
   2      -261.745388552      2.57e-02      7.48e-02        0.03
   3      -261.755998397     -1.06e-02      1.60e-02        0.03
   4      -261.792541094     -3.65e-02      4.57e-03        0.03
   5      -261.795594704     -3.05e-03      9.57e-04        0.03
   6      -261.795643421     -4.87e-05      3.82e-04        0.03
   7      -261.795655339     -1.19e-05      1.14e-04        0.03
   8      -261.795656223     -8.84e-07      4.43e-05        0.03
   9      -261.795656253     -3.00e-08      1.90e-05        0.03
  10      -261.795656252      7.57e-10      7.29e-06        0.03
  11      -261.795656256     -3.34e-09      2.24e-06        0.03

 SCF converged in 10 iterations.

 Entropy contribution (-ST):             0.000000000
 Dipole moment (in Debye):               2.407869       2.854189      -1.564110
 Setting up Delta-SCF
 Ground-Excited state overlap:          -0.000000000
 No correction applied to the TDM.
 Excitation energy:                      0.062737917
 Excitation energy (in eV):              1.707185687
 Transition dipole:                      0.00000       0.00000       0.00000
 ------------------------------------------------------
           transition charges and positions           
           --------------------------------           
          atom  charge/e  x/bohr  y/bohr  z/bohr       
 ------------------------------------------------------
     1  Mg       0.000000     84.669179      5.427293     88.208636
     2  C        0.000000     80.434303     10.527664     88.473198
     3  C        0.000000     79.629279      1.496663     87.602034
     4  C        0.000000     88.841694      0.990216     87.159838
     5  C        0.000000     89.463414     10.162947     87.263773
     6  N        0.000000     80.579812      5.992322     88.191629
     7  C        0.000000     79.258893      8.208970     88.282335
     8  C        0.000000     76.501783      7.651501     87.566129
     9  C        0.000000     76.231552      4.894391     88.357924
    10  C        0.000000     78.969765      4.049683     87.842029
    11  C        0.000000     75.515346      4.584476     91.173616
    12  C        0.000000     76.035020      8.044564     84.655951
    13  C        0.000000     74.207655     10.306566     83.779118
    14  H        0.000000     75.284799     12.423060     82.102931
    15  N        0.000000     84.295013      1.770673     87.373377
    16  C        0.000000     82.050019      0.464873     87.246765
    17  C        0.000000     82.618826     -2.161847     86.974645
    18  C        0.000000     85.306017     -2.503887     87.057793
    19  C        0.000000     86.315130      0.124722     87.191963
    20  C        0.000000     80.542017     -4.257553     86.719532
    21  C        0.000000     86.685517     -5.134386     87.048344
    22  O        0.000000     85.485541     -7.039230     87.148500
    23  C        0.000000     89.410502     -5.179739     87.450856
    24  N        0.000000     88.510992      5.582251     86.738429
    25  C        0.000000     89.847029      3.452530     87.216530
    26  C        0.000000     92.632485      3.949528     87.705969
    27  C        0.000000     92.927282      6.731204     87.044565
    28  C        0.000000     90.094583      7.600478     86.989763
    29  C        0.000000     93.439398      3.369382     90.508433
    30  C        0.000000     94.422056      7.519220     84.535008
    31  C        0.000000     97.005311      8.705968     84.629495
    32  N        0.000000     85.043345      9.433513     88.299343
    33  C        0.000000     87.072911     11.083244     87.891162
    34  C        0.000000     86.279226     13.698625     87.970531
    35  C        0.000000     83.703529     13.547447     88.248320
    36  C        0.000000     82.957087     10.947183     88.399498
    37  C        0.000000     87.942185     15.903935     87.639828
    38  C        0.000000     81.413181     15.053558     88.459970
    39  O        0.000000     81.163737     17.374142     88.597920
    40  C        0.000000     79.264562     13.197847     88.817128
    41  C        0.000000     78.098601     13.726971     91.398494
    42  O        0.000000     79.379836     13.607918     93.331684
    43  O        0.000000     75.590935     14.564119     91.184955
    44  C        0.000000     74.392848     15.161273     93.550892
    45  H        0.000000     77.973879      0.270231     87.709748
    46  H        0.000000     90.162613     -0.570697     87.424400
    47  H        0.000000     90.958188     11.584021     87.186294
    48  H        0.000000     75.349050      9.083913     88.495874
    49  H        0.000000     74.821816      4.017558     87.140941
    50  H        0.000000     73.935535      3.284344     90.944959
    51  H        0.000000     74.961656      6.474202     91.780218
    52  H        0.000000     76.970435      3.841813     92.428394
    53  H        0.000000     75.139290      6.330583     83.947304
    54  H        0.000000     77.875614      8.140940     83.737544
    55  H        0.000000     73.665304     11.266547     85.519556
    56  H        0.000000     72.446430      9.698074     82.904175
    57  H        0.000000     80.721541     -5.614376     85.181295
    58  H        0.000000     78.763785     -3.244660     86.477647
    59  H        0.000000     80.347375     -5.395168     88.425955
    60  H        0.000000     90.493315     -4.108265     86.063797
    61  H        0.000000     90.037891     -7.141275     87.414951
    62  H        0.000000     89.845139     -4.716756     89.408612
    63  H        0.000000     93.862697      2.728765     86.591030
    64  H        0.000000     93.781438      7.751657     88.616817
    65  H        0.000000     94.331349      1.526899     90.735200
    66  H        0.000000     91.848249      3.718981     91.768880
    67  H        0.000000     94.868031      4.764000     91.022438
    68  H        0.000000     93.375147      8.481091     83.045904
    69  H        0.000000     94.665830      5.591700     83.849038
    70  H        0.000000     98.488746      7.507882     83.852817
    71  H        0.000000     97.509868      9.102811     86.587251
    72  H        0.000000     96.803110     10.448296     83.550461
    73  H        0.000000     89.571129     15.299223     86.532449
    74  H        0.000000     88.607368     16.378256     89.531444
    75  H        0.000000     86.917953     17.510202     86.861261
    76  H        0.000000     77.953092     13.749647     87.329913
    77  H        0.000000     73.786246     13.522880     94.643153
    78  H        0.000000     72.724220     16.336682     93.278771
    79  H        0.000000     75.555030     16.276211     94.834016
    80  Mg       0.000000     87.620931     65.900419     53.399881
    81  C        0.000000     84.633274     62.119077     57.784045
    82  C        0.000000     87.656836     70.713552     58.158211
    83  C        0.000000     89.867816     69.887741     49.265160
    84  C        0.000000     86.887717     61.308385     48.805957
    85  N        0.000000     85.872935     66.412535     57.468461
    86  C        0.000000     85.175626     64.471786     58.880087
    87  C        0.000000     85.273891     65.157757     61.735463
    88  C        0.000000     85.200192     68.115178     61.544600
    89  C        0.000000     86.313241     68.561154     58.898984
    90  C        0.000000     82.450641     69.197991     61.811052
    91  C        0.000000     87.796676     64.084392     62.738907
    92  C        0.000000     88.235092     64.267696     65.599953
    93  H        0.000000     86.494654     65.858845     67.225117
    94  N        0.000000     88.837915     69.632628     53.552949
    95  C        0.000000     88.741539     71.246454     55.735582
    96  C        0.000000     90.136157     73.519795     55.055281
    97  C        0.000000     90.971416     73.194762     52.506040
    98  C        0.000000     89.841359     70.842053     51.598972
    99  C        0.000000     90.667170     75.798805     56.892095
   100  C        0.000000     92.783663     74.967325     50.984811
   101  O        0.000000     93.106806     74.525129     48.783280
   102  C        0.000000     94.008206     77.183974     52.233920
   103  N        0.000000     88.450521     65.565938     49.567516
   104  C        0.000000     89.399163     67.502907     48.197465
   105  C        0.000000     89.693961     66.879297     45.393111
   106  C        0.000000     88.979644     64.046598     45.328861
   107  C        0.000000     88.025333     63.596843     48.127545
   108  C        0.000000     88.070686     68.530918     43.529841
   109  C        0.000000     90.926062     62.226792     44.321637
   110  C        0.000000     93.713408     62.342065     45.200359
   111  N        0.000000     86.088363     62.417654     53.148547
   112  C        0.000000     85.923957     60.735798     51.198350
   113  C        0.000000     84.880828     58.420883     52.216912
   114  C        0.000000     84.359264     58.776152     54.858749
   115  C        0.000000     85.134052     61.312164     55.291497
   116  C        0.000000     84.427294     56.083292     50.690014
   117  C        0.000000     83.319915     57.719795     57.105634
   118  O        0.000000     82.331588     55.629758     57.593183
   119  C        0.000000     83.030786     60.157541     58.950006
   120  C        0.000000     83.626050     59.235355     61.623969
   121  O        0.000000     85.457195     58.152542     62.236240
   122  O        0.000000     81.615382     59.823060     63.131970
   123  C        0.000000     81.983878     59.770148     65.843727
   124  H        0.000000     87.547232     72.208325     59.575506
   125  H        0.000000     90.521661     71.168976     47.785505
   126  H        0.000000     86.570243     59.796604     47.439685
   127  H        0.000000     83.592035     64.532257     62.746466
   128  H        0.000000     86.487096     68.719891     63.035594
   129  H        0.000000     82.221984     70.025691     63.681881
   130  H        0.000000     81.131612     67.646526     61.499247
   131  H        0.000000     82.044349     70.740008     60.507141
   132  H        0.000000     89.310346     65.203110     61.903648
   133  H        0.000000     88.174621     62.192776     62.018922
   134  H        0.000000     90.223084     64.462338     66.104510
   135  H        0.000000     88.012105     62.330726     66.265136
   136  H        0.000000     90.156944     77.612942     56.058725
   137  H        0.000000     92.662721     75.657075     57.381534
   138  H        0.000000     89.675064     75.490779     58.672217
   139  H        0.000000     95.739195     77.380505     51.134099
   140  H        0.000000     94.641264     76.768234     54.148212
   141  H        0.000000     92.914054     78.869610     52.685564
   142  H        0.000000     91.693291     67.170315     44.994379
   143  H        0.000000     87.246765     63.678101     44.278173
   144  H        0.000000     87.526445     67.261022     42.002943
   145  H        0.000000     89.435068     69.938764     42.896783
   146  H        0.000000     86.560795     69.492789     44.548404
   147  H        0.000000     91.113145     62.941108     42.399785
   148  H        0.000000     90.449851     60.221792     44.321637
   149  H        0.000000     95.162828     62.740797     43.794403
   150  H        0.000000     94.374812     60.499582     45.840976
   151  H        0.000000     93.904271     63.791485     46.651669
   152  H        0.000000     83.533454     54.749145     51.978807
   153  H        0.000000     86.226313     55.251812     50.123096
   154  H        0.000000     83.437078     56.372420     48.908002
   155  H        0.000000     81.091927     60.796269     58.672217
   156  H        0.000000     80.368162     58.515369     66.085612
   157  H        0.000000     81.991437     61.635307     66.718671
   158  H        0.000000     83.678963     58.770482     66.454109
 ------------------------------------------------------

 --------------------------------------------------------------------------------

 End time:                               Thu Jun  3 17:50:32 2021
 Total wall-clock time:                  0.638 seconds
==================================================================================
