
================================================================================
          _____________ ________ _______________ ________     _________         
         / ___________// ______ \\_____   _____// ______ \   / ________)        
        / /_________  / /      \ \     | |     / /      \ \ | (_______          
       |  __________|| |        | |    | |    | |        | | \________ \        
        \ \_________ | |        | |    | |     \ \______/ /___________) |       
         \__________||_|        |_|    |_|      \________//____________/        
                                                                                
====================================[ Qcore ]===================================

 Git hash:   fc43f77b6a8cbdee6391b0b1942a9275fb449ad1
 Git date:   Thu, 3 Jun 2021 15:25:24 +0100
 Compiler:   GNU 9.1.0
 Build type: Release
 Version:    1.4.1

 Start time: Thu Jun  3 17:34:36 2021

 Data directory: /home/of15641/.local/src/Qcore/release/share/entos/1.4.1/data
 Number of threads: 18
 Number of threads was determined by: command line argument
  - More threads can be used by running 'qcore -n 24'

 --------------------------------------------------------------------------------
                                  command: bchla                                 
 --------------------------------------------------------------------------------
 XTB basis setup:                        reference basis
 Number of basis functions:            488
 GFN version:                            gfn1
 Integral screening threshold:           1.00e-10
 Total charge:                           0.000000000
 Number of electrons:                  436.000000000
 Electronic temperature (Kelvin):        0.000000000

 D3BJ energy:                           -0.124145277
 Repulsive energy:                       2.985239443

 ****************************************************
  Running robust self-consistent charge (SCC) solver 
 ****************************************************
 Number of SCC trials:                   4
 Using the stop-early mechanism for the first 3 trials

 Conv. threshold (charge):               1.00e-05
 Conv. threshold (energy):               1.00e-06
 Initial guess:                          SAD

 -------------
  SCC Trial 1 
 -------------
 Broyden mixing factor:                  0.400000000
 Max number of iterations:             128

 ---------------------------------------------------------------
                  energy        change          grad        time
 ---------------------------------------------------------------
   0      -260.729470686                    6.80e-01        0.04
   1      -261.719589883     -9.90e-01      3.93e-01        0.03
   2      -261.683767929      3.58e-02      7.56e-02        0.03
   3      -261.688694499     -4.93e-03      2.09e-02        0.03
   4      -261.743498406     -5.48e-02      5.13e-03        0.03
   5      -261.746780326     -3.28e-03      1.13e-03        0.03
   6      -261.746869500     -8.92e-05      5.51e-04        0.03
   7      -261.746902287     -3.28e-05      1.37e-04        0.03
   8      -261.746903633     -1.35e-06      5.77e-05        0.03
   9      -261.746903828     -1.95e-07      3.02e-05        0.03
  10      -261.746903875     -4.63e-08      1.23e-05        0.03
  11      -261.746903879     -3.95e-09      3.12e-06        0.03
  12      -261.746903879     -2.99e-10      1.20e-06        0.03

 SCF converged in 11 iterations.

 Entropy contribution (-ST):             0.000000000
 Dipole moment (in Debye):               2.331177       7.222426       0.013059
 Setting up Delta-SCF
 Ground-Excited state overlap:          -0.000000000
 No correction applied to the TDM.
 Excitation energy:                      0.051626714
 Excitation energy (in eV):              1.404834462
 Transition dipole:                      0.00001      -0.00002       0.00000
 ------------------------------------------------------
           transition charges and positions           
           --------------------------------           
          atom  charge/e  x/bohr  y/bohr  z/bohr       
 ------------------------------------------------------
     1  Mg      -0.000000     87.620931     65.900419     53.399881
     2  C        0.000000     84.633274     62.119077     57.784045
     3  C       -0.000000     87.656836     70.713552     58.158211
     4  C        0.000000     89.867816     69.887741     49.265160
     5  C       -0.000000     86.887717     61.308385     48.805957
     6  N        0.000000     85.872935     66.412535     57.468461
     7  C       -0.000000     85.175626     64.471786     58.880087
     8  C        0.000000     85.273891     65.157757     61.735463
     9  C        0.000000     85.200192     68.115178     61.544600
    10  C        0.000000     86.313241     68.561154     58.898984
    11  C       -0.000000     82.450641     69.197991     61.811052
    12  C        0.000000     87.796676     64.084392     62.738907
    13  C        0.000000     88.235092     64.267696     65.599953
    14  H       -0.000000     86.494654     65.858845     67.225117
    15  N        0.000000     88.837915     69.632628     53.552949
    16  C       -0.000000     88.741539     71.246454     55.735582
    17  C        0.000000     90.136157     73.519795     55.055281
    18  C       -0.000000     90.971416     73.194762     52.506040
    19  C        0.000000     89.841359     70.842053     51.598972
    20  C        0.000000     90.667170     75.798805     56.892095
    21  C       -0.000000     92.783663     74.967325     50.984811
    22  O       -0.000000     93.106806     74.525129     48.783280
    23  C       -0.000000     94.008206     77.183974     52.233920
    24  N        0.000000     88.450521     65.565938     49.567516
    25  C       -0.000000     89.399163     67.502907     48.197465
    26  C        0.000000     89.693961     66.879297     45.393111
    27  C       -0.000000     88.979644     64.046598     45.328861
    28  C        0.000000     88.025333     63.596843     48.127545
    29  C        0.000000     88.070686     68.530918     43.529841
    30  C       -0.000000     90.926062     62.226792     44.321637
    31  C        0.000000     93.713408     62.342065     45.200359
    32  N        0.000000     86.088363     62.417654     53.148547
    33  C       -0.000000     85.923957     60.735798     51.198350
    34  C       -0.000000     84.880828     58.420883     52.216912
    35  C       -0.000000     84.359264     58.776152     54.858749
    36  C        0.000000     85.134052     61.312164     55.291497
    37  C        0.000000     84.427294     56.083292     50.690014
    38  C       -0.000000     83.319915     57.719795     57.105634
    39  O       -0.000000     82.331588     55.629758     57.593183
    40  C        0.000000     83.030786     60.157541     58.950006
    41  C        0.000000     83.626050     59.235355     61.623969
    42  O        0.000000     85.457195     58.152542     62.236240
    43  O       -0.000000     81.615382     59.823060     63.131970
    44  C        0.000000     81.983878     59.770148     65.843727
    45  H        0.000000     87.547232     72.208325     59.575506
    46  H       -0.000000     90.521661     71.168976     47.785505
    47  H        0.000000     86.570243     59.796604     47.439685
    48  H       -0.000000     83.592035     64.532257     62.746466
    49  H        0.000000     86.487096     68.719891     63.035594
    50  H       -0.000000     82.221984     70.025691     63.681881
    51  H       -0.000000     81.131612     67.646526     61.499247
    52  H       -0.000000     82.044349     70.740008     60.507141
    53  H       -0.000000     89.310346     65.203110     61.903648
    54  H        0.000000     88.174621     62.192776     62.018922
    55  H       -0.000000     90.223084     64.462338     66.104510
    56  H       -0.000000     88.012105     62.330726     66.265136
    57  H        0.000000     90.156944     77.612942     56.058725
    58  H        0.000000     92.662721     75.657075     57.381534
    59  H        0.000000     89.675064     75.490779     58.672217
    60  H       -0.000000     95.739195     77.380505     51.134099
    61  H       -0.000000     94.641264     76.768234     54.148212
    62  H       -0.000000     92.914054     78.869610     52.685564
    63  H       -0.000000     91.693291     67.170315     44.994379
    64  H        0.000000     87.246765     63.678101     44.278173
    65  H        0.000000     87.526445     67.261022     42.002943
    66  H        0.000000     89.435068     69.938764     42.896783
    67  H        0.000000     86.560795     69.492789     44.548404
    68  H        0.000000     91.113145     62.941108     42.399785
    69  H       -0.000000     90.449851     60.221792     44.321637
    70  H        0.000000     95.162828     62.740797     43.794403
    71  H       -0.000000     94.374812     60.499582     45.840976
    72  H        0.000000     93.904271     63.791485     46.651669
    73  H       -0.000000     83.533454     54.749145     51.978807
    74  H        0.000000     86.226313     55.251812     50.123096
    75  H        0.000000     83.437078     56.372420     48.908002
    76  H        0.000000     81.091927     60.796269     58.672217
    77  H       -0.000000     80.368162     58.515369     66.085612
    78  H       -0.000000     81.991437     61.635307     66.718671
    79  H        0.000000     83.678963     58.770482     66.454109
    80  Mg      -0.000000     67.077719     94.966297     47.753379
    81  C       -0.000000     66.474896     91.147160     53.163665
    82  C       -0.000000     64.158092     99.781319     51.139768
    83  C       -0.000000     67.130631     98.282766     42.426241
    84  C        0.000000     68.512021     89.414281     44.126995
    85  N       -0.000000     65.479010     95.391485     51.627318
    86  C        0.000000     65.684990     93.601914     53.569956
    87  C        0.000000     65.305155     94.907715     56.094630
    88  C       -0.000000     64.063605     97.489081     55.437006
    89  C       -0.000000     64.607846     97.572229     52.543835
    90  C       -0.000000     61.249803     97.836791     56.251478
    91  C        0.000000     67.748571     95.119364     57.757589
    92  C        0.000000     67.230786     95.058893     60.720680
    93  H        0.000000     64.481235     94.911495     61.608851
    94  N       -0.000000     66.070494     98.500085     47.005048
    95  C       -0.000000     65.040594    100.240522     48.664227
    96  C       -0.000000     64.802488    102.668820     47.483148
    97  C       -0.000000     65.420429    102.249301     44.882885
    98  C       -0.000000     66.299151     99.654707     44.724148
    99  C       -0.000000     63.727234    105.049875     48.845641
   100  C       -0.000000     65.244684    104.044541     42.711590
   101  O       -0.000000     65.571607    103.322666     40.477934
   102  C       -0.000000     64.519029    106.896138     42.713480
   103  N       -0.000000     67.217558     93.940175     43.752829
   104  C       -0.000000     67.402751     95.716518     41.940582
   105  C       -0.000000     68.343835     94.529770     39.434805
   106  C        0.000000     68.746347     91.706519     39.943141
   107  C        0.000000     68.192657     91.697070     42.900562
   108  C       -0.000000     66.711112     95.262984     37.240833
   109  C        0.000000     71.344720     90.584022     39.236384
   110  C       -0.000000     73.642627     91.812344     40.568640
   111  N        0.000000     67.340390     90.980864     48.363761
   112  C        0.000000     68.205885     89.134602     46.819854
   113  C        0.000000     68.644301     86.916063     48.407224
   114  C       -0.000000     68.062266     87.535894     50.958355
   115  C        0.000000     67.166536     90.054898     50.841192
   116  C        0.000000     69.802704     84.423515     47.532281
   117  C        0.000000     67.967780     86.623156     53.496257
   118  O       -0.000000     68.674537     84.671069     54.533717
   119  C        0.000000     66.750796     89.028777     55.117642
   120  C       -0.000000     64.449109     88.119819     56.565172
   121  O       -0.000000     62.374190     87.855257     55.616530
   122  O       -0.000000     64.997130     87.834470     59.091736
   123  C        0.000000     63.309605     86.318910     60.660209
   124  H       -0.000000     63.455114    101.217511     52.443679
   125  H        0.000000     67.281809     99.514867     40.778400
   126  H       -0.000000     69.199881     87.870375     42.944026
   127  H        0.000000     63.980457     93.815453     57.232245
   128  H       -0.000000     65.193662     98.946060     56.353523
   129  H       -0.000000     60.333286     98.309222     54.469466
   130  H       -0.000000     61.041933     99.494080     57.459013
   131  H       -0.000000     60.227461     96.260759     57.096185
   132  H        0.000000     68.687765     96.931612     57.487358
   133  H        0.000000     69.063821     93.645378     57.179333
   134  H        0.000000     67.829830     96.876810     61.482239
   135  H        0.000000     68.311710     93.486641     61.495468
   136  H       -0.000000     62.570722    106.074107     47.481259
   137  H       -0.000000     65.205000    106.342448     49.465471
   138  H       -0.000000     62.602847    104.885469     50.563402
   139  H       -0.000000     65.743572    107.956274     43.987155
   140  H       -0.000000     62.531037    107.204163     43.155676
   141  H       -0.000000     65.110514    107.922259     41.029734
   142  H       -0.000000     70.063486     95.555891     38.958594
   143  H        0.000000     67.081498     90.791892     39.143787
   144  H       -0.000000     67.550150     96.742639     36.078651
   145  H       -0.000000     64.840283     95.807225     37.909796
   146  H       -0.000000     66.276475     93.711519     35.955819
   147  H        0.000000     71.490229     90.980864     37.220046
   148  H        0.000000     71.346610     88.546897     39.546299
   149  H       -0.000000     74.538357     90.281666     41.615549
   150  H        0.000000     72.894296     93.269323     41.817749
   151  H       -0.000000     74.918192     92.821458     39.304414
   152  H        0.000000     71.195432     83.688411     48.858869
   153  H        0.000000     70.919532     84.671069     45.820189
   154  H        0.000000     68.264467     83.125273     47.091975
   155  H       -0.000000     68.205885     89.486091     56.502811
   156  H        0.000000     61.391533     86.766775     60.055496
   157  H       -0.000000     63.426768     86.704414     62.680326
   158  H       -0.000000     63.901089     84.366823     60.372970
 ------------------------------------------------------

 --------------------------------------------------------------------------------

 End time:                               Thu Jun  3 17:34:37 2021
 Total wall-clock time:                  0.715 seconds
==================================================================================
