
================================================================================
          _____________ ________ _______________ ________     _________         
         / ___________// ______ \\_____   _____// ______ \   / ________)        
        / /_________  / /      \ \     | |     / /      \ \ | (_______          
       |  __________|| |        | |    | |    | |        | | \________ \        
        \ \_________ | |        | |    | |     \ \______/ /___________) |       
         \__________||_|        |_|    |_|      \________//____________/        
                                                                                
====================================[ Qcore ]===================================

 Git hash:   fc43f77b6a8cbdee6391b0b1942a9275fb449ad1
 Git date:   Thu, 3 Jun 2021 15:25:24 +0100
 Compiler:   GNU 9.1.0
 Build type: Release
 Version:    1.4.1

 Start time: Thu Jun  3 17:50:25 2021

 Data directory: /home/of15641/.local/src/Qcore/release/share/entos/1.4.1/data
 Number of threads: 18
 Number of threads was determined by: command line argument
  - More threads can be used by running 'qcore -n 24'

 --------------------------------------------------------------------------------
                                  command: bchla                                 
 --------------------------------------------------------------------------------
 XTB basis setup:                        reference basis
 Number of basis functions:            488
 GFN version:                            gfn1
 Integral screening threshold:           1.00e-10
 Total charge:                           0.000000000
 Number of electrons:                  436.000000000
 Electronic temperature (Kelvin):        0.000000000

 D3BJ energy:                           -0.123447606
 Repulsive energy:                       3.003420190

 ****************************************************
  Running robust self-consistent charge (SCC) solver 
 ****************************************************
 Number of SCC trials:                   4
 Using the stop-early mechanism for the first 3 trials

 Conv. threshold (charge):               1.00e-05
 Conv. threshold (energy):               1.00e-06
 Initial guess:                          SAD

 -------------
  SCC Trial 1 
 -------------
 Broyden mixing factor:                  0.400000000
 Max number of iterations:             128

 ---------------------------------------------------------------
                  energy        change          grad        time
 ---------------------------------------------------------------
   0      -260.775728055                    6.81e-01        0.03
   1      -261.783999501     -1.01e+00      3.93e-01        0.03
   2      -261.761925041      2.21e-02      7.52e-02        0.03
   3      -261.777908421     -1.60e-02      1.50e-02        0.03
   4      -261.806199906     -2.83e-02      4.03e-03        0.03
   5      -261.808558982     -2.36e-03      1.03e-03        0.03
   6      -261.808641635     -8.27e-05      4.10e-04        0.03
   7      -261.808657970     -1.63e-05      1.05e-04        0.03
   8      -261.808658672     -7.02e-07      3.95e-05        0.03
   9      -261.808658686     -1.31e-08      1.85e-05        0.03
  10      -261.808658683      2.44e-09      1.04e-05        0.03
  11      -261.808658694     -1.13e-08      2.82e-06        0.03
  12      -261.808658695     -4.44e-10      8.53e-07        0.03

 SCF converged in 11 iterations.

 Entropy contribution (-ST):             0.000000000
 Dipole moment (in Debye):              -0.976404      -2.100843      -1.448538
 Setting up Delta-SCF
 Ground-Excited state overlap:          -0.000000000
 No correction applied to the TDM.
 Excitation energy:                      0.097537108
 Excitation energy (in eV):              2.654119917
 Transition dipole:                      1.57777       3.81570      -1.02875
 ------------------------------------------------------
           transition charges and positions           
           --------------------------------           
          atom  charge/e  x/bohr  y/bohr  z/bohr       
 ------------------------------------------------------
     1  Mg       0.000000     84.669179      5.427293     88.208636
     2  C        0.000000     80.434303     10.527664     88.473198
     3  C        0.000000     79.629279      1.496663     87.602034
     4  C        0.000000     88.841694      0.990216     87.159838
     5  C        0.000000     89.463414     10.162947     87.263773
     6  N        0.000000     80.579812      5.992322     88.191629
     7  C        0.000000     79.258893      8.208970     88.282335
     8  C        0.000000     76.501783      7.651501     87.566129
     9  C        0.000000     76.231552      4.894391     88.357924
    10  C        0.000000     78.969765      4.049683     87.842029
    11  C        0.000000     75.515346      4.584476     91.173616
    12  C        0.000000     76.035020      8.044564     84.655951
    13  C        0.000000     74.207655     10.306566     83.779118
    14  H        0.000000     75.284799     12.423060     82.102931
    15  N        0.000000     84.295013      1.770673     87.373377
    16  C        0.000000     82.050019      0.464873     87.246765
    17  C        0.000000     82.618826     -2.161847     86.974645
    18  C        0.000000     85.306017     -2.503887     87.057793
    19  C        0.000000     86.315130      0.124722     87.191963
    20  C        0.000000     80.542017     -4.257553     86.719532
    21  C        0.000000     86.685517     -5.134386     87.048344
    22  O        0.000000     85.485541     -7.039230     87.148500
    23  C        0.000000     89.410502     -5.179739     87.450856
    24  N        0.000000     88.510992      5.582251     86.738429
    25  C        0.000000     89.847029      3.452530     87.216530
    26  C        0.000000     92.632485      3.949528     87.705969
    27  C        0.000000     92.927282      6.731204     87.044565
    28  C        0.000000     90.094583      7.600478     86.989763
    29  C        0.000000     93.439398      3.369382     90.508433
    30  C        0.000000     94.422056      7.519220     84.535008
    31  C        0.000000     97.005311      8.705968     84.629495
    32  N        0.000000     85.043345      9.433513     88.299343
    33  C        0.000000     87.072911     11.083244     87.891162
    34  C        0.000000     86.279226     13.698625     87.970531
    35  C        0.000000     83.703529     13.547447     88.248320
    36  C        0.000000     82.957087     10.947183     88.399498
    37  C        0.000000     87.942185     15.903935     87.639828
    38  C        0.000000     81.413181     15.053558     88.459970
    39  O        0.000000     81.163737     17.374142     88.597920
    40  C        0.000000     79.264562     13.197847     88.817128
    41  C        0.000000     78.098601     13.726971     91.398494
    42  O        0.000000     79.379836     13.607918     93.331684
    43  O        0.000000     75.590935     14.564119     91.184955
    44  C        0.000000     74.392848     15.161273     93.550892
    45  H        0.000000     77.973879      0.270231     87.709748
    46  H        0.000000     90.162613     -0.570697     87.424400
    47  H        0.000000     90.958188     11.584021     87.186294
    48  H        0.000000     75.349050      9.083913     88.495874
    49  H        0.000000     74.821816      4.017558     87.140941
    50  H        0.000000     73.935535      3.284344     90.944959
    51  H        0.000000     74.961656      6.474202     91.780218
    52  H        0.000000     76.970435      3.841813     92.428394
    53  H        0.000000     75.139290      6.330583     83.947304
    54  H        0.000000     77.875614      8.140940     83.737544
    55  H        0.000000     73.665304     11.266547     85.519556
    56  H        0.000000     72.446430      9.698074     82.904175
    57  H        0.000000     80.721541     -5.614376     85.181295
    58  H        0.000000     78.763785     -3.244660     86.477647
    59  H        0.000000     80.347375     -5.395168     88.425955
    60  H        0.000000     90.493315     -4.108265     86.063797
    61  H        0.000000     90.037891     -7.141275     87.414951
    62  H        0.000000     89.845139     -4.716756     89.408612
    63  H        0.000000     93.862697      2.728765     86.591030
    64  H        0.000000     93.781438      7.751657     88.616817
    65  H        0.000000     94.331349      1.526899     90.735200
    66  H        0.000000     91.848249      3.718981     91.768880
    67  H        0.000000     94.868031      4.764000     91.022438
    68  H        0.000000     93.375147      8.481091     83.045904
    69  H        0.000000     94.665830      5.591700     83.849038
    70  H        0.000000     98.488746      7.507882     83.852817
    71  H        0.000000     97.509868      9.102811     86.587251
    72  H        0.000000     96.803110     10.448296     83.550461
    73  H        0.000000     89.571129     15.299223     86.532449
    74  H        0.000000     88.607368     16.378256     89.531444
    75  H        0.000000     86.917953     17.510202     86.861261
    76  H        0.000000     77.953092     13.749647     87.329913
    77  H        0.000000     73.786246     13.522880     94.643153
    78  H        0.000000     72.724220     16.336682     93.278771
    79  H        0.000000     75.555030     16.276211     94.834016
    80  Mg      -0.000010     87.435738     47.502046     54.556393
    81  C       -0.013378     89.316016     51.515824     59.435666
    82  C       -0.047012     85.166177     43.425906     58.774262
    83  C        0.006597     88.048009     42.889224     50.075853
    84  C        0.054255     89.924507     51.784165     50.219472
    85  N       -0.038796     86.980314     47.628657     58.683555
    86  C        0.023405     87.845809     49.425787     60.204785
    87  C        0.000189     86.906615     48.883435     62.969454
    88  C       -0.000915     85.780338     46.196245     62.720010
    89  C       -0.038939     86.005215     45.646335     59.898649
    90  C       -0.004201     87.380936     44.045737     64.154312
    91  C        0.001911     84.888387     50.846861     64.050377
    92  C        0.000033     85.377826     51.510155     66.743237
    93  H        0.000372     83.244326     51.317403     68.659419
    94  N        0.000421     86.655281     43.701806     54.461907
    95  C       -0.053597     85.665065     42.333645     56.423443
    96  C       -0.063572     84.795791     39.884560     55.444564
    97  C       -0.030219     85.651837     39.752279     52.899103
    98  C       -0.053195     86.938740     42.174908     52.434231
    99  C       -0.001201     83.448416     37.862553     57.120752
   100  C       -0.004134     85.449636     37.507284     51.003708
   101  O       -0.007050     86.239541     37.567755     48.826744
   102  C       -0.000240     84.177850     35.167803     51.871092
   103  N        0.047961     88.796341     47.316852     50.843081
   104  C       -0.031336     89.006100     45.168234     49.319962
   105  C        0.000212     90.525440     45.825859     46.901113
   106  C        0.000042     89.981199     48.762493     46.547734
   107  C        0.035035     89.514437     49.276498     49.403110
   108  C       -0.002814     93.331684     45.043512     47.056070
   109  C        0.003193     87.722976     49.486258     44.986820
   110  C        0.000135     85.101926     49.361536     46.058295
   111  N       -0.002625     88.915394     51.113312     54.603636
   112  C        0.044740     89.922618     52.613755     52.734697
   113  C        0.085713     90.854253     55.023156     53.728693
   114  C        0.026295     90.839135     54.624423     56.472576
   115  C        0.040415     89.646718     52.186677     56.841072
   116  C        0.001562     91.989978     57.043273     52.294391
   117  C        0.005515     91.532664     55.682670     58.919771
   118  O        0.009410     92.643823     57.511925     59.501806
   119  C        0.000097     90.406388     53.719245     60.972013
   120  C       -0.000980     92.241312     52.984141     63.024256
   121  O        0.000014     93.649158     51.141658     62.963785
   122  O       -0.000088     91.931397     54.633872     65.055712
   123  C       -0.000034     93.513097     54.214353     67.310155
   124  H       -0.000001     84.039900     42.044517     59.815501
   125  H       -0.000454     88.216195     41.315082     48.751155
   126  H        0.000137     90.502764     53.110753     48.749265
   127  H        0.001781     88.467529     48.747375     64.307380
   128  H       -0.003956     83.864156     45.939242     63.430547
   129  H       -0.000551     86.568354     43.860543     66.038369
   130  H       -0.000426     89.365148     44.491712     64.477455
   131  H       -0.001339     87.125823     42.278843     63.124411
   132  H        0.000076     82.970315     50.102309     63.948332
   133  H        0.000266     84.729650     52.619424     63.012918
   134  H        0.000023     85.786007     53.526492     66.654420
   135  H        0.000059     86.985983     50.627653     67.678651
   136  H       -0.008605     84.954528     36.689033     57.891760
   137  H       -0.001916     82.025452     36.819424     56.056836
   138  H       -0.001309     82.717092     38.599546     58.900874
   139  H       -0.000167     84.474537     34.413802     53.764598
   140  H       -0.000045     84.642723     33.616338     50.599307
   141  H       -0.000789     82.180410     35.262289     51.374094
   142  H       -0.000925     89.542783     44.778950     45.425237
   143  H        0.001265     91.602584     49.771607     45.776726
   144  H       -0.000353     94.722522     46.515609     46.680015
   145  H       -0.000293     93.754982     43.286067     46.067743
   146  H       -0.000436     93.790887     44.469035     48.979811
   147  H        0.000787     87.534004     48.428011     43.231265
   148  H        0.000468     87.987538     51.436455     44.378328
   149  H        0.000491     84.799570     51.298505     46.689463
   150  H        0.000064     84.860041     48.154001     47.709915
   151  H        0.000021     83.782897     48.834303     44.565411
   152  H        0.007682     91.394714     58.785600     53.218467
   153  H        0.001298     91.179286     56.971463     50.402775
   154  H        0.015410     94.042221     56.884536     52.343524
   155  H       -0.001406     88.820907     54.660328     61.890420
   156  H       -0.000007     95.467074     54.129315     66.661979
   157  H        0.000000     93.076571     52.402105     68.185098
   158  H       -0.000039     93.433729     55.554169     68.872958
 ------------------------------------------------------

 --------------------------------------------------------------------------------

 End time:                               Thu Jun  3 17:50:26 2021
 Total wall-clock time:                  0.710 seconds
==================================================================================
