
================================================================================
          _____________ ________ _______________ ________     _________         
         / ___________// ______ \\_____   _____// ______ \   / ________)        
        / /_________  / /      \ \     | |     / /      \ \ | (_______          
       |  __________|| |        | |    | |    | |        | | \________ \        
        \ \_________ | |        | |    | |     \ \______/ /___________) |       
         \__________||_|        |_|    |_|      \________//____________/        
                                                                                
====================================[ Qcore ]===================================

 Git hash:   7200a4ff984a1591d3ca912b7a1362c2a46a44da
 Git date:   Mon, 7 Jun 2021 16:06:02 +0100
 Compiler:   GNU 9.1.0
 Build type: Release
 Version:    1.4.1

 Start time: Mon Jun  7 16:54:25 2021

 Data directory: /home/of15641/.local/src/Qcore/release/share/entos/1.4.1/data
 Number of threads: 18
 Number of threads was determined by: command line argument
  - More threads can be used by running 'qcore -n 24'

 --------------------------------------------------------------------------------
                                  command: bchla                                 
 --------------------------------------------------------------------------------
 XTB basis setup:                        reference basis
 Number of basis functions:            488
 GFN version:                            gfn1
 Integral screening threshold:           1.00e-10
 Total charge:                           0.000000000
 Number of electrons:                  436.000000000
 Electronic temperature (Kelvin):        0.000000000

 D3BJ energy:                           -0.122895656
 Repulsive energy:                       2.994386589

 ****************************************************
  Running robust self-consistent charge (SCC) solver 
 ****************************************************
 Number of SCC trials:                   4
 Using the stop-early mechanism for the first 3 trials

 Conv. threshold (charge):               1.00e-05
 Conv. threshold (energy):               1.00e-06
 Initial guess:                          SAD

 -------------
  SCC Trial 1 
 -------------
 Broyden mixing factor:                  0.400000000
 Max number of iterations:             128

 ---------------------------------------------------------------
                  energy        change          grad        time
 ---------------------------------------------------------------
   0      -260.791092850                    6.81e-01        0.04
   1      -261.804645763     -1.01e+00      3.94e-01        0.03
   2      -261.779501226      2.51e-02      7.63e-02        0.04
   3      -261.799827446     -2.03e-02      1.64e-02        0.04
   4      -261.829216319     -2.94e-02      3.67e-03        0.04
   5      -261.830748634     -1.53e-03      8.44e-04        0.04
   6      -261.830782661     -3.40e-05      3.67e-04        0.04
   7      -261.830796557     -1.39e-05      1.26e-04        0.04
   8      -261.830798527     -1.97e-06      3.69e-05        0.04
   9      -261.830798555     -2.71e-08      1.62e-05        0.04
  10      -261.830798558     -3.13e-09      6.17e-06        0.04
  11      -261.830798559     -1.30e-09      2.42e-06        0.04

 SCF converged in 10 iterations.

 Entropy contribution (-ST):             0.000000000
 Dipole moment (in Debye):               0.014359      -0.666447       0.998216

 -----------------
  Excitation -1 2 
 -----------------
 Setting up Delta-SCF
 Ground-Excited state overlap:           0.000000000
 No correction applied to the TDM.
 Excitation energy:                      0.065450129
 Excitation energy (in eV):              1.780988745
 Transition dipole:                     -0.00000      -0.00000      -0.00000

 -----------------
  Excitation -1 1 
 -----------------
 Setting up Delta-SCF
 Ground-Excited state overlap:           0.000000000
 No correction applied to the TDM.
 Excitation energy:                      0.096087994
 Excitation energy (in eV):              2.614687517
 Transition dipole:                      2.46446       3.40799      -0.63464

 ----------------
  Excitation 0 1 
 ----------------
 Setting up Delta-SCF
 Ground-Excited state overlap:          -0.000000000
 No correction applied to the TDM.
 Excitation energy:                      0.060095456
 Excitation energy (in eV):              1.635280671
 Transition dipole:                      0.00000       0.00000       0.00000

 ----------------
  Excitation 0 2 
 ----------------
 Setting up Delta-SCF
 Ground-Excited state overlap:           0.000000000
 No correction applied to the TDM.
 Excitation energy:                      0.097672012
 Excitation energy (in eV):              2.657790831
 Transition dipole:                      3.76581       2.03468      -0.16440

 --------------------------------------------------------------------------------

 End time:                               Mon Jun  7 16:54:26 2021
 Total wall-clock time:                  0.890 seconds
==================================================================================
