
================================================================================
          _____________ ________ _______________ ________     _________         
         / ___________// ______ \\_____   _____// ______ \   / ________)        
        / /_________  / /      \ \     | |     / /      \ \ | (_______          
       |  __________|| |        | |    | |    | |        | | \________ \        
        \ \_________ | |        | |    | |     \ \______/ /___________) |       
         \__________||_|        |_|    |_|      \________//____________/        
                                                                                
====================================[ Qcore ]===================================

 Git hash:   fc43f77b6a8cbdee6391b0b1942a9275fb449ad1
 Git date:   Thu, 3 Jun 2021 15:25:24 +0100
 Compiler:   GNU 9.1.0
 Build type: Release
 Version:    1.4.1

 Start time: Thu Jun  3 17:50:19 2021

 Data directory: /home/of15641/.local/src/Qcore/release/share/entos/1.4.1/data
 Number of threads: 18
 Number of threads was determined by: command line argument
  - More threads can be used by running 'qcore -n 24'

 --------------------------------------------------------------------------------
                                  command: bchla                                 
 --------------------------------------------------------------------------------
 XTB basis setup:                        reference basis
 Number of basis functions:            488
 GFN version:                            gfn1
 Integral screening threshold:           1.00e-10
 Total charge:                           0.000000000
 Number of electrons:                  436.000000000
 Electronic temperature (Kelvin):        0.000000000

 D3BJ energy:                           -0.123924239
 Repulsive energy:                       2.977903519

 ****************************************************
  Running robust self-consistent charge (SCC) solver 
 ****************************************************
 Number of SCC trials:                   4
 Using the stop-early mechanism for the first 3 trials

 Conv. threshold (charge):               1.00e-05
 Conv. threshold (energy):               1.00e-06
 Initial guess:                          SAD

 -------------
  SCC Trial 1 
 -------------
 Broyden mixing factor:                  0.400000000
 Max number of iterations:             128

 ---------------------------------------------------------------
                  energy        change          grad        time
 ---------------------------------------------------------------
   0      -260.648309702                    6.80e-01        0.04
   1      -261.697113925     -1.05e+00      3.93e-01        0.03
   2      -261.674373648      2.27e-02      7.74e-02        0.03
   3      -261.686716420     -1.23e-02      1.56e-02        0.03
   4      -261.717640965     -3.09e-02      5.36e-03        0.03
   5      -261.722054364     -4.41e-03      1.36e-03        0.03
   6      -261.722191689     -1.37e-04      5.68e-04        0.03
   7      -261.722221421     -2.97e-05      1.68e-04        0.03
   8      -261.722223838     -2.42e-06      7.10e-05        0.03
   9      -261.722224248     -4.09e-07      3.04e-05        0.03
  10      -261.722224279     -3.15e-08      1.19e-05        0.03
  11      -261.722224280     -1.14e-09      2.92e-06        0.03
  12      -261.722224280     -1.40e-10      8.04e-07        0.03

 SCF converged in 11 iterations.

 Entropy contribution (-ST):             0.000000000
 Dipole moment (in Debye):               3.844043      -3.749341       1.860478
 Setting up Delta-SCF
 Ground-Excited state overlap:           0.000000000
 No correction applied to the TDM.
 Excitation energy:                      0.093662302
 Excitation energy (in eV):              2.548681082
 Transition dipole:                      0.01517       3.95079       1.17453
 ------------------------------------------------------
           transition charges and positions           
           --------------------------------           
          atom  charge/e  x/bohr  y/bohr  z/bohr       
 ------------------------------------------------------
     1  Mg      -0.000000     84.669179      5.427293     88.208636
     2  C       -0.000000     80.434303     10.527664     88.473198
     3  C       -0.000000     79.629279      1.496663     87.602034
     4  C       -0.000000     88.841694      0.990216     87.159838
     5  C       -0.000000     89.463414     10.162947     87.263773
     6  N       -0.000000     80.579812      5.992322     88.191629
     7  C       -0.000000     79.258893      8.208970     88.282335
     8  C       -0.000000     76.501783      7.651501     87.566129
     9  C       -0.000000     76.231552      4.894391     88.357924
    10  C       -0.000000     78.969765      4.049683     87.842029
    11  C       -0.000000     75.515346      4.584476     91.173616
    12  C       -0.000000     76.035020      8.044564     84.655951
    13  C       -0.000000     74.207655     10.306566     83.779118
    14  H       -0.000000     75.284799     12.423060     82.102931
    15  N       -0.000000     84.295013      1.770673     87.373377
    16  C       -0.000000     82.050019      0.464873     87.246765
    17  C       -0.000000     82.618826     -2.161847     86.974645
    18  C       -0.000000     85.306017     -2.503887     87.057793
    19  C       -0.000000     86.315130      0.124722     87.191963
    20  C       -0.000000     80.542017     -4.257553     86.719532
    21  C       -0.000000     86.685517     -5.134386     87.048344
    22  O       -0.000000     85.485541     -7.039230     87.148500
    23  C       -0.000000     89.410502     -5.179739     87.450856
    24  N       -0.000000     88.510992      5.582251     86.738429
    25  C       -0.000000     89.847029      3.452530     87.216530
    26  C       -0.000000     92.632485      3.949528     87.705969
    27  C       -0.000000     92.927282      6.731204     87.044565
    28  C       -0.000000     90.094583      7.600478     86.989763
    29  C       -0.000000     93.439398      3.369382     90.508433
    30  C       -0.000000     94.422056      7.519220     84.535008
    31  C       -0.000000     97.005311      8.705968     84.629495
    32  N       -0.000000     85.043345      9.433513     88.299343
    33  C       -0.000000     87.072911     11.083244     87.891162
    34  C       -0.000000     86.279226     13.698625     87.970531
    35  C       -0.000000     83.703529     13.547447     88.248320
    36  C       -0.000000     82.957087     10.947183     88.399498
    37  C       -0.000000     87.942185     15.903935     87.639828
    38  C       -0.000000     81.413181     15.053558     88.459970
    39  O       -0.000000     81.163737     17.374142     88.597920
    40  C       -0.000000     79.264562     13.197847     88.817128
    41  C       -0.000000     78.098601     13.726971     91.398494
    42  O       -0.000000     79.379836     13.607918     93.331684
    43  O       -0.000000     75.590935     14.564119     91.184955
    44  C       -0.000000     74.392848     15.161273     93.550892
    45  H       -0.000000     77.973879      0.270231     87.709748
    46  H       -0.000000     90.162613     -0.570697     87.424400
    47  H       -0.000000     90.958188     11.584021     87.186294
    48  H       -0.000000     75.349050      9.083913     88.495874
    49  H       -0.000000     74.821816      4.017558     87.140941
    50  H       -0.000000     73.935535      3.284344     90.944959
    51  H       -0.000000     74.961656      6.474202     91.780218
    52  H       -0.000000     76.970435      3.841813     92.428394
    53  H       -0.000000     75.139290      6.330583     83.947304
    54  H       -0.000000     77.875614      8.140940     83.737544
    55  H       -0.000000     73.665304     11.266547     85.519556
    56  H       -0.000000     72.446430      9.698074     82.904175
    57  H       -0.000000     80.721541     -5.614376     85.181295
    58  H       -0.000000     78.763785     -3.244660     86.477647
    59  H       -0.000000     80.347375     -5.395168     88.425955
    60  H       -0.000000     90.493315     -4.108265     86.063797
    61  H       -0.000000     90.037891     -7.141275     87.414951
    62  H       -0.000000     89.845139     -4.716756     89.408612
    63  H       -0.000000     93.862697      2.728765     86.591030
    64  H       -0.000000     93.781438      7.751657     88.616817
    65  H       -0.000000     94.331349      1.526899     90.735200
    66  H       -0.000000     91.848249      3.718981     91.768880
    67  H       -0.000000     94.868031      4.764000     91.022438
    68  H       -0.000000     93.375147      8.481091     83.045904
    69  H       -0.000000     94.665830      5.591700     83.849038
    70  H       -0.000000     98.488746      7.507882     83.852817
    71  H       -0.000000     97.509868      9.102811     86.587251
    72  H       -0.000000     96.803110     10.448296     83.550461
    73  H       -0.000000     89.571129     15.299223     86.532449
    74  H       -0.000000     88.607368     16.378256     89.531444
    75  H       -0.000000     86.917953     17.510202     86.861261
    76  H       -0.000000     77.953092     13.749647     87.329913
    77  H       -0.000000     73.786246     13.522880     94.643153
    78  H       -0.000000     72.724220     16.336682     93.278771
    79  H       -0.000000     75.555030     16.276211     94.834016
    80  Mg       0.001599     99.271093     45.867432     85.563019
    81  C       -0.013657     93.909940     49.406890     83.093147
    82  C       -0.050403     96.461070     40.513838     83.208421
    83  C        0.015418    104.989404     43.202919     85.196413
    84  C        0.068431    101.640809     51.317403     87.995097
    85  N       -0.067001     95.718408     45.164454     83.045904
    86  C        0.017410     93.730416     46.912451     82.403397
    87  C       -0.000195     91.491090     45.453582     81.294128
    88  C       -0.000295     92.029662     42.645449     81.989547
    89  C       -0.039619     94.913384     42.651119     82.845593
    90  C       -0.003406     90.270327     41.587203     84.213755
    91  C        0.001360     90.790002     46.001603     78.601268
    92  C        0.000072     92.776104     47.356537     76.938309
    93  H       -0.000058     92.537999     47.993374     74.109389
    94  N        0.002145    100.537209     42.197584     84.597369
    95  C       -0.048804     99.065113     40.281402     83.629830
    96  C       -0.058182    100.677049     37.970267     83.395504
    97  C       -0.019639    103.124244     38.864107     83.765890
    98  C       -0.056932    103.058104     41.536180     84.457530
    99  C       -0.001269     99.562111     35.500395     82.647172
   100  C       -0.002552    105.554432     37.237053     83.452195
   101  O       -0.004520    105.312547     35.082766     82.677408
   102  C       -0.000040    108.184931     38.208373     83.760221
   103  N        0.056364    102.812440     47.307404     86.224424
   104  C       -0.037663    104.859013     45.648224     86.177180
   105  C       -0.000213    107.238178     46.908672     87.224089
   106  C        0.000088    106.144027     49.272719     88.650832
   107  C        0.038841    103.422821     49.278388     87.671954
   108  C       -0.001885    109.020190     45.330750     88.932401
   109  C        0.002503    107.572660     51.821960     88.229423
   110  C        0.000253    109.220501     52.812176     90.555676
   111  N        0.002180     98.031432     49.622318     85.734985
   112  C        0.050061     99.184165     51.631097     86.963307
   113  C        0.064339     97.483412     53.760819     86.974645
   114  C        0.029488     95.540773     52.952016     85.366488
   115  C        0.038522     95.981080     50.391437     84.720202
   116  C        0.001558     98.099463     56.311949     88.225644
   117  C        0.008485     93.172947     53.624758     84.247770
   118  O        0.016284     92.063677     55.682670     84.552016
   119  C        0.000001     91.810454     51.294726     82.915513
   120  C       -0.000912     91.152829     52.239589     80.373832
   121  O       -0.000417     92.568234     53.356417     78.890397
   122  O       -0.000118     88.769885     51.432676     79.891951
   123  C       -0.000054     87.545342     52.462577     77.560029
   124  H       -0.000143     95.580458     38.818754     82.429854
   125  H       -0.000595    106.841336     42.297740     85.090588
   126  H        0.000013    102.349457     52.974692     88.998542
   127  H        0.001396     90.047340     46.192465     82.564024
   128  H       -0.001675     92.061788     41.402010     80.347375
   129  H       -0.000389     89.106256     40.183136     83.259443
   130  H       -0.000339     89.219640     43.146227     85.056573
   131  H       -0.001479     91.551562     40.659347     85.534674
   132  H        0.000043     88.981534     46.984261     78.674968
   133  H        0.000100     90.415836     44.096759     77.909629
   134  H        0.000065     94.484416     46.222701     77.144290
   135  H        0.000125     93.152160     49.231145     77.705538
   136  H       -0.008087    100.280207     35.109222     80.757446
   137  H       -0.000015     97.511758     35.685588     82.683077
   138  H       -0.006252    100.062888     34.073652     84.047459
   139  H       -0.000406    108.857673     39.633226     82.435523
   140  H       -0.000039    109.609784     36.757063     83.438967
   141  H       -0.000229    108.149026     38.752614     85.746323
   142  H       -0.004750    108.115011     47.333860     85.408062
   143  H        0.004024    106.111901     48.705801     90.631265
   144  H       -0.000207    110.675590     44.603206     87.944074
   145  H       -0.000719    108.026194     43.656453     89.601364
   146  H       -0.000231    109.505849     46.498601     90.559455
   147  H        0.000866    106.361345     53.386653     87.654946
   148  H        0.000292    108.744290     51.461022     86.574023
   149  H        0.000120    110.951490     53.416888     89.618372
   150  H        0.000018    109.628682     51.398661     91.997537
   151  H       -0.000000    108.094224     54.248368     91.508098
   152  H        0.002689     96.470519     57.377754     88.900276
   153  H        0.008729     98.942280     57.319173     86.640163
   154  H        0.001042     99.165268     56.013372     89.962302
   155  H       -0.001496     90.166392     50.742926     84.030452
   156  H       -0.000033     85.653726     51.665112     77.378616
   157  H       -0.000000     88.603589     51.942902     75.870614
   158  H       -0.000008     87.537783     54.484584     77.943644
 ------------------------------------------------------

 --------------------------------------------------------------------------------

 End time:                               Thu Jun  3 17:50:19 2021
 Total wall-clock time:                  0.731 seconds
==================================================================================
