
================================================================================
          _____________ ________ _______________ ________     _________         
         / ___________// ______ \\_____   _____// ______ \   / ________)        
        / /_________  / /      \ \     | |     / /      \ \ | (_______          
       |  __________|| |        | |    | |    | |        | | \________ \        
        \ \_________ | |        | |    | |     \ \______/ /___________) |       
         \__________||_|        |_|    |_|      \________//____________/        
                                                                                
====================================[ Qcore ]===================================

 Git hash:   7200a4ff984a1591d3ca912b7a1362c2a46a44da
 Git date:   Mon, 7 Jun 2021 16:06:02 +0100
 Compiler:   GNU 9.1.0
 Build type: Release
 Version:    1.4.1

 Start time: Mon Jun  7 16:54:24 2021

 Data directory: /home/of15641/.local/src/Qcore/release/share/entos/1.4.1/data
 Number of threads: 18
 Number of threads was determined by: command line argument
  - More threads can be used by running 'qcore -n 24'

 --------------------------------------------------------------------------------
                                  command: bchla                                 
 --------------------------------------------------------------------------------
 XTB basis setup:                        reference basis
 Number of basis functions:            488
 GFN version:                            gfn1
 Integral screening threshold:           1.00e-10
 Total charge:                           0.000000000
 Number of electrons:                  436.000000000
 Electronic temperature (Kelvin):        0.000000000

 D3BJ energy:                           -0.124751682
 Repulsive energy:                       3.081966116

 ****************************************************
  Running robust self-consistent charge (SCC) solver 
 ****************************************************
 Number of SCC trials:                   4
 Using the stop-early mechanism for the first 3 trials

 Conv. threshold (charge):               1.00e-05
 Conv. threshold (energy):               1.00e-06
 Initial guess:                          SAD

 -------------
  SCC Trial 1 
 -------------
 Broyden mixing factor:                  0.400000000
 Max number of iterations:             128

 ---------------------------------------------------------------
                  energy        change          grad        time
 ---------------------------------------------------------------
   0      -260.806685551                    6.82e-01        0.04
   1      -261.784205311     -9.78e-01      3.94e-01        0.03
   2      -261.743990310      4.02e-02      7.41e-02        0.03
   3      -261.746186201     -2.20e-03      2.08e-02        0.03
   4      -261.809477753     -6.33e-02      4.89e-03        0.03
   5      -261.812900311     -3.42e-03      1.05e-03        0.03
   6      -261.812949688     -4.94e-05      4.39e-04        0.04
   7      -261.812963353     -1.37e-05      1.52e-04        0.03
   8      -261.812964749     -1.40e-06      6.62e-05        0.03
   9      -261.812964880     -1.32e-07      3.25e-05        0.03
  10      -261.812964911     -3.07e-08      1.48e-05        0.03
  11      -261.812964925     -1.37e-08      4.01e-06        0.03
  12      -261.812964926     -1.05e-09      1.52e-06        0.04

 SCF converged in 11 iterations.

 Entropy contribution (-ST):             0.000000000
 Dipole moment (in Debye):              -1.619052      -0.339643      -1.505880

 -----------------
  Excitation -1 2 
 -----------------
 Setting up Delta-SCF
 Ground-Excited state overlap:           0.000000000
 No correction applied to the TDM.
 Excitation energy:                      0.075954207
 Excitation energy (in eV):              2.066819251
 Transition dipole:                     -0.00000      -0.00000      -0.00000

 -----------------
  Excitation -1 1 
 -----------------
 Setting up Delta-SCF
 Ground-Excited state overlap:           0.000000000
 No correction applied to the TDM.
 Excitation energy:                      0.096987761
 Excitation energy (in eV):              2.639171420
 Transition dipole:                     -2.14005      -3.61756      -0.10025

 ----------------
  Excitation 0 1 
 ----------------
 Setting up Delta-SCF
 Ground-Excited state overlap:          -0.000000000
 No correction applied to the TDM.
 Excitation energy:                      0.049787696
 Excitation energy (in eV):              1.354792224
 Transition dipole:                      0.00000       0.00000       0.00000

 ----------------
  Excitation 0 2 
 ----------------
 Setting up Delta-SCF
 Ground-Excited state overlap:           0.000000000
 No correction applied to the TDM.
 Excitation energy:                      0.099026700
 Excitation energy (in eV):              2.694653778
 Transition dipole:                     -3.55295      -2.15823       0.81378

 --------------------------------------------------------------------------------

 End time:                               Mon Jun  7 16:54:25 2021
 Total wall-clock time:                  1.115 seconds
==================================================================================
