
================================================================================
          _____________ ________ _______________ ________     _________         
         / ___________// ______ \\_____   _____// ______ \   / ________)        
        / /_________  / /      \ \     | |     / /      \ \ | (_______          
       |  __________|| |        | |    | |    | |        | | \________ \        
        \ \_________ | |        | |    | |     \ \______/ /___________) |       
         \__________||_|        |_|    |_|      \________//____________/        
                                                                                
====================================[ Qcore ]===================================

 Git hash:   7200a4ff984a1591d3ca912b7a1362c2a46a44da
 Git date:   Mon, 7 Jun 2021 16:06:02 +0100
 Compiler:   GNU 9.1.0
 Build type: Release
 Version:    1.4.1

 Start time: Mon Jun  7 16:54:38 2021

 Data directory: /home/of15641/.local/src/Qcore/release/share/entos/1.4.1/data
 Number of threads: 18
 Number of threads was determined by: command line argument
  - More threads can be used by running 'qcore -n 24'

 --------------------------------------------------------------------------------
                                  command: bchla                                 
 --------------------------------------------------------------------------------
 XTB basis setup:                        reference basis
 Number of basis functions:            488
 GFN version:                            gfn1
 Integral screening threshold:           1.00e-10
 Total charge:                           0.000000000
 Number of electrons:                  436.000000000
 Electronic temperature (Kelvin):        0.000000000

 D3BJ energy:                           -0.124935091
 Repulsive energy:                       3.008982228

 ****************************************************
  Running robust self-consistent charge (SCC) solver 
 ****************************************************
 Number of SCC trials:                   4
 Using the stop-early mechanism for the first 3 trials

 Conv. threshold (charge):               1.00e-05
 Conv. threshold (energy):               1.00e-06
 Initial guess:                          SAD

 -------------
  SCC Trial 1 
 -------------
 Broyden mixing factor:                  0.400000000
 Max number of iterations:             128

 ---------------------------------------------------------------
                  energy        change          grad        time
 ---------------------------------------------------------------
   0      -260.760800577                    6.81e-01        0.05
   1      -261.755483126     -9.95e-01      3.93e-01        0.04
   2      -261.713564117      4.19e-02      7.51e-02        0.04
   3      -261.703985380      9.58e-03      2.21e-02        0.04
   4      -261.778091465     -7.41e-02      5.71e-03        0.04
   5      -261.782520518     -4.43e-03      1.19e-03        0.04
   6      -261.782562701     -4.22e-05      5.72e-04        0.04
   7      -261.782592533     -2.98e-05      1.98e-04        0.04
   8      -261.782596070     -3.54e-06      9.27e-05        0.04
   9      -261.782596417     -3.47e-07      4.53e-05        0.04
  10      -261.782596481     -6.40e-08      2.06e-05        0.04
  11      -261.782596493     -1.22e-08      3.49e-06        0.04
  12      -261.782596494     -3.62e-10      1.30e-06        0.04

 SCF converged in 11 iterations.

 Entropy contribution (-ST):             0.000000000
 Dipole moment (in Debye):               0.213008       0.803792      -0.729080

 -----------------
  Excitation -1 2 
 -----------------
 Setting up Delta-SCF
 Ground-Excited state overlap:           0.000000000
 No correction applied to the TDM.
 Excitation energy:                      0.064548999
 Excitation energy (in eV):              1.756467746
 Transition dipole:                      0.00025       0.00013      -0.00018

 -----------------
  Excitation -1 1 
 -----------------
 Setting up Delta-SCF
 Ground-Excited state overlap:           0.000000000
 No correction applied to the TDM.
 Excitation energy:                      0.097898055
 Excitation energy (in eV):              2.663941798
 Transition dipole:                     -2.13982      -3.61754      -0.09979

 ----------------
  Excitation 0 1 
 ----------------
 Setting up Delta-SCF
 Ground-Excited state overlap:          -0.000000000
 No correction applied to the TDM.
 Excitation energy:                      0.056829500
 Excitation energy (in eV):              1.546409483
 Transition dipole:                      0.00016       0.00027      -0.00012

 ----------------
  Excitation 0 2 
 ----------------
 Setting up Delta-SCF
 Ground-Excited state overlap:           0.000000000
 No correction applied to the TDM.
 Excitation energy:                      0.096545208
 Excitation energy (in eV):              2.627128950
 Transition dipole:                      2.57363       3.00954      -1.91734

 --------------------------------------------------------------------------------

 End time:                               Mon Jun  7 16:54:39 2021
 Total wall-clock time:                  1.064 seconds
==================================================================================
