
================================================================================
          _____________ ________ _______________ ________     _________         
         / ___________// ______ \\_____   _____// ______ \   / ________)        
        / /_________  / /      \ \     | |     / /      \ \ | (_______          
       |  __________|| |        | |    | |    | |        | | \________ \        
        \ \_________ | |        | |    | |     \ \______/ /___________) |       
         \__________||_|        |_|    |_|      \________//____________/        
                                                                                
====================================[ Qcore ]===================================

 Git hash:   fc43f77b6a8cbdee6391b0b1942a9275fb449ad1
 Git date:   Thu, 3 Jun 2021 15:25:24 +0100
 Compiler:   GNU 9.1.0
 Build type: Release
 Version:    1.4.1

 Start time: Thu Jun  3 17:44:20 2021

 Data directory: /home/of15641/.local/src/Qcore/release/share/entos/1.4.1/data
 Number of threads: 18
 Number of threads was determined by: command line argument
  - More threads can be used by running 'qcore -n 24'

 --------------------------------------------------------------------------------
                                  command: bchla                                 
 --------------------------------------------------------------------------------
 XTB basis setup:                        reference basis
 Number of basis functions:            488
 GFN version:                            gfn1
 Integral screening threshold:           1.00e-10
 Total charge:                           0.000000000
 Number of electrons:                  436.000000000
 Electronic temperature (Kelvin):        0.000000000

 D3BJ energy:                           -0.123663351
 Repulsive energy:                       2.973375214

 ****************************************************
  Running robust self-consistent charge (SCC) solver 
 ****************************************************
 Number of SCC trials:                   4
 Using the stop-early mechanism for the first 3 trials

 Conv. threshold (charge):               1.00e-05
 Conv. threshold (energy):               1.00e-06
 Initial guess:                          SAD

 -------------
  SCC Trial 1 
 -------------
 Broyden mixing factor:                  0.400000000
 Max number of iterations:             128

 ---------------------------------------------------------------
                  energy        change          grad        time
 ---------------------------------------------------------------
   0      -260.737471711                    6.81e-01        0.03
   1      -261.749394514     -1.01e+00      3.93e-01        0.03
   2      -261.717175639      3.22e-02      7.50e-02        0.03
   3      -261.717481424     -3.06e-04      1.95e-02        0.03
   4      -261.771566086     -5.41e-02      5.55e-03        0.03
   5      -261.775852996     -4.29e-03      1.28e-03        0.03
   6      -261.775961479     -1.08e-04      5.01e-04        0.03
   7      -261.775980968     -1.95e-05      1.40e-04        0.03
   8      -261.775981937     -9.69e-07      7.74e-05        0.03
   9      -261.775982257     -3.20e-07      3.87e-05        0.03
  10      -261.775982318     -6.11e-08      1.69e-05        0.03
  11      -261.775982326     -7.66e-09      3.27e-06        0.03
  12      -261.775982326     -2.98e-10      1.29e-06        0.03

 SCF converged in 11 iterations.

 Entropy contribution (-ST):             0.000000000
 Dipole moment (in Debye):              -3.850757      -1.226606       0.721999
 Setting up Delta-SCF
 Ground-Excited state overlap:          -0.000000000
 No correction applied to the TDM.
 Excitation energy:                      0.055345196
 Excitation energy (in eV):              1.506019498
 Transition dipole:                     -0.00000       0.00000       0.00000
 ------------------------------------------------------
           transition charges and positions           
           --------------------------------           
          atom  charge/e  x/bohr  y/bohr  z/bohr       
 ------------------------------------------------------
     1  Mg       0.000000      2.639947     14.497979     49.764048
     2  C        0.000000      3.257888     18.407822     54.898434
     3  C        0.000000      3.804019      9.431623     53.632317
     4  C        0.000000      2.233656     10.535223     44.559742
     5  C        0.000000      2.309245     19.719292     45.820189
     6  N        0.000000      3.554575     13.925392     53.864753
     7  C        0.000000      3.514891     15.868030     55.563617
     8  C        0.000000      3.945748     14.955293     58.114748
     9  C        0.000000      4.535343     12.156608     57.838847
    10  C        0.000000      4.009999     11.725751     54.909772
    11  C        0.000000      7.205526     11.173951     58.664658
    12  C        0.000000      1.642172     15.524100     59.885421
    13  C        0.000000      2.237436     16.074010     62.735128
    14  H        0.000000      4.626050     14.841909     63.857625
    15  N        0.000000      2.770338     10.486090     49.274609
    16  C        0.000000      3.248439      8.747542     51.170004
    17  C        0.000000      3.225762      6.183184     50.068294
    18  C        0.000000      2.747662      6.476091     47.364096
    19  C        0.000000      2.515225      9.219974     46.954025
    20  C        0.000000      3.705753      3.766224     51.544170
    21  C        0.000000      2.316804      4.412511     45.438465
    22  O        0.000000      1.780122      5.007774     43.229375
    23  C        0.000000      2.549241      1.668628     45.958139
    24  N        0.000000      2.464203     15.019543     45.733262
    25  C        0.000000      2.210980     13.118479     44.091090
    26  C        0.000000      1.698864     14.129482     41.415238
    27  C        0.000000      1.224543     17.137926     41.808301
    28  C        0.000000      1.901064     17.283435     44.692023
    29  C        0.000000      3.898505     13.454850     39.572755
    30  C        0.000000     -1.523119     18.056333     41.335869
    31  C        0.000000     -1.899175     19.758976     39.015286
    32  N        0.000000      2.879943     18.345461     50.155221
    33  C        0.000000      2.741993     20.284320     48.369430
    34  C        0.000000      2.957421     22.771200     49.629877
    35  C        0.000000      3.193637     22.032317     52.188566
    36  C        0.000000      3.153953     19.356465     52.400216
    37  C        0.000000      2.821361     25.267528     48.513049
    38  C        0.000000      3.284344     23.035761     54.792609
    39  O        0.000000      3.178519     25.157924     55.597632
    40  C        0.000000      3.410956     20.705729     56.625643
    41  C        0.000000      5.620045     21.013755     58.286713
    42  O        0.000000      7.789451     20.751083     57.432556
    43  O        0.000000      5.066356     21.327449     60.779261
    44  C        0.000000      7.126157     21.263198     62.612296
    45  H        0.000000      4.178184      7.859371     54.915441
    46  H        0.000000      2.180744      9.261548     42.936467
    47  H        0.000000      1.953977     21.297213     44.538955
    48  H        0.000000      5.604928     15.924722     58.859300
    49  H        0.000000      3.061356     10.992537     58.687335
    50  H        0.000000      8.622820     12.428729     59.479130
    51  H        0.000000      8.076689     10.270661     57.031934
    52  H        0.000000      7.126157      9.588470     59.978017
    53  H        0.000000      0.236216     14.031216     59.690779
    54  H        0.000000      0.515895     17.028322     59.042603
    55  H        0.000000      0.636838     15.520321     63.908648
    56  H        0.000000      2.670183     18.054443     63.096066
    57  H        0.000000      3.832365      4.062911     53.577515
    58  H        0.000000      5.504772      2.915847     51.009377
    59  H        0.000000      2.054132      2.539792     51.445904
    60  H        0.000000      1.957756      0.702978     44.238489
    61  H        0.000000      1.413515      1.033680     47.556848
    62  H        0.000000      4.474871      1.245330     46.555293
    63  H        0.000000     -0.130391     13.379261     40.836982
    64  H        0.000000      2.568138     18.292549     40.757613
    65  H        0.000000      3.259778     12.610142     37.805861
    66  H        0.000000      5.191078     12.103696     40.438249
    67  H        0.000000      4.898170     15.238751     39.321421
    68  H        0.000000     -2.316804     19.099462     42.923239
    69  H        0.000000     -2.830810     16.480302     41.110992
    70  H        0.000000     -0.470542     19.313001     37.599881
    71  H        0.000000     -1.630834     21.711063     39.612439
    72  H        0.000000     -3.864490     19.543548     38.442699
    73  H        0.000000      2.388614     26.735845     49.890659
    74  H        0.000000      1.439971     25.405478     46.991820
    75  H        0.000000      4.733764     25.811769     47.974477
    76  H        0.000000      1.610047     20.890922     57.610191
    77  H        0.000000      8.454635     22.829781     62.449779
    78  H        0.000000      8.069131     19.432054     62.599068
    79  H        0.000000      6.358928     21.478627     64.511470
    80  Mg       0.000000    -17.103911     77.733884     79.944864
    81  C        0.000000    -15.694175     71.284249     78.399068
    82  C        0.000000    -12.084799     79.291018     75.708098
    83  C        0.000000    -19.152374     83.726206     79.487550
    84  C        0.000000    -22.574668     75.726995     82.739769
    85  N        0.000000    -14.356249     75.502118     77.374836
    86  C        0.000000    -14.103026     72.950987     77.100826
    87  C        0.000000    -11.918503     72.253678     75.222438
    88  C        0.000000    -10.418060     74.882287     75.082598
    89  C        0.000000    -12.472192     76.681307     75.976439
    90  C        0.000000     -8.133381     75.046694     76.789021
    91  C        0.000000    -12.848248     71.068820     72.777133
    92  C        0.000000    -11.398828     68.729339     71.769908
    93  H        0.000000     -9.382490     68.995791     69.534362
    94  N        0.000000    -15.680947     81.222319     77.988997
    95  C        0.000000    -13.479416     81.409401     76.498003
    96  C        0.000000    -13.127927     84.060687     75.761010
    97  C        0.000000    -15.191508     85.404282     76.964766
    98  C        0.000000    -16.837460     83.508887     78.049468
    99  C        0.000000    -11.141825     85.100037     74.081044
   100  C        0.000000    -15.478747     88.238872     77.034685
   101  O        0.000000    -13.736419     89.518216     76.286354
   102  C        0.000000    -17.793661     89.603254     78.002225
   103  N        0.000000    -20.418491     79.287239     80.768784
   104  C        0.000000    -20.666045     81.904510     80.676188
   105  C        0.000000    -23.287095     82.560245     81.707978
   106  C        0.000000    -24.160149     80.077145     83.087478
   107  C        0.000000    -22.204282     78.247890     82.208756
   108  C        0.000000    -23.587561     85.049014     83.304797
   109  C        0.000000    -26.941825     79.181414     82.705754
   110  C        0.000000    -28.521636     78.750557     85.005550
   111  N        0.000000    -18.747973     74.311590     80.710203
   112  C        0.000000    -20.943835     73.739003     82.010334
   113  C        0.000000    -21.091233     71.006459     82.547017
   114  C        0.000000    -19.063557     70.003015     81.005000
   115  C        0.000000    -17.795551     72.077934     79.971320
   116  C        0.000000    -22.954503     69.538142     84.119269
   117  C        0.000000    -17.806889     67.591724     80.254779
   118  O        0.000000    -18.379476     65.441216     80.670519
   119  C        0.000000    -15.756536     68.391078     78.393399
   120  C        0.000000    -13.294223     67.330942     79.311805
   121  O        0.000000    -12.424949     68.105730     81.284680
   122  O        0.000000    -12.062122     65.594284     77.656405
   123  C        0.000000     -9.437292     64.827055     78.361273
   124  H        0.000000    -10.503098     79.846598     74.504342
   125  H        0.000000    -20.061333     85.576248     79.549911
   126  H        0.000000    -24.148810     75.190313     83.960532
   127  H        0.000000    -10.531444     71.004569     76.091712
   128  H        0.000000     -9.987203     75.400072     73.136180
   129  H        0.000000     -8.777778     75.490779     78.693865
   130  H        0.000000     -6.876713     76.463988     75.980218
   131  H        0.000000     -6.974979     73.364837     77.064921
   132  H        0.000000    -12.640378     72.520130     71.331492
   133  H        0.000000    -14.887262     70.823156     72.933980
   134  H        0.000000    -12.916278     67.478340     71.155747
   135  H        0.000000    -10.361368     67.718336     73.234446
   136  H        0.000000     -9.684846     85.861596     75.320704
   137  H        0.000000    -11.888267     86.745988     73.092717
   138  H        0.000000    -10.251764     83.903840     72.658080
   139  H        0.000000    -17.793661     91.644158     77.726325
   140  H        0.000000    -17.833345     89.242316     80.029901
   141  H        0.000000    -19.658821     88.990983     77.382395
   142  H        0.000000    -24.305657     83.006220     79.973210
   143  H        0.000000    -23.676379     80.252889     85.081139
   144  H        0.000000    -21.763976     85.665065     84.039900
   145  H        0.000000    -24.987849     84.786342     84.792011
   146  H        0.000000    -24.385026     86.547567     82.138836
   147  H        0.000000    -26.930487     77.444756     81.598374
   148  H        0.000000    -27.833776     80.523120     81.422630
   149  H        0.000000    -28.769191     76.724770     85.281450
   150  H        0.000000    -30.386796     79.578257     84.725871
   151  H        0.000000    -27.818658     79.483771     86.797011
   152  H        0.000000    -22.168377     67.724005     84.695635
   153  H        0.000000    -24.634470     69.294367     82.951418
   154  H        0.000000    -23.551657     70.747567     85.676403
   155  H        0.000000    -16.365028     67.797704     76.516901
   156  H        0.000000     -9.527999     63.394642     79.839039
   157  H        0.000000     -8.399833     66.412535     79.168186
   158  H        0.000000     -8.407392     64.144864     76.713432
 ------------------------------------------------------

 --------------------------------------------------------------------------------

 End time:                               Thu Jun  3 17:44:21 2021
 Total wall-clock time:                  0.636 seconds
==================================================================================
