
================================================================================
          _____________ ________ _______________ ________     _________         
         / ___________// ______ \\_____   _____// ______ \   / ________)        
        / /_________  / /      \ \     | |     / /      \ \ | (_______          
       |  __________|| |        | |    | |    | |        | | \________ \        
        \ \_________ | |        | |    | |     \ \______/ /___________) |       
         \__________||_|        |_|    |_|      \________//____________/        
                                                                                
====================================[ Qcore ]===================================

 Git hash:   fc43f77b6a8cbdee6391b0b1942a9275fb449ad1
 Git date:   Thu, 3 Jun 2021 15:25:24 +0100
 Compiler:   GNU 9.1.0
 Build type: Release
 Version:    1.4.1

 Start time: Thu Jun  3 17:45:09 2021

 Data directory: /home/of15641/.local/src/Qcore/release/share/entos/1.4.1/data
 Number of threads: 18
 Number of threads was determined by: command line argument
  - More threads can be used by running 'qcore -n 24'

 --------------------------------------------------------------------------------
                                  command: bchla                                 
 --------------------------------------------------------------------------------
 XTB basis setup:                        reference basis
 Number of basis functions:            488
 GFN version:                            gfn1
 Integral screening threshold:           1.00e-10
 Total charge:                           0.000000000
 Number of electrons:                  436.000000000
 Electronic temperature (Kelvin):        0.000000000

 D3BJ energy:                           -0.124001581
 Repulsive energy:                       3.064214478

 ****************************************************
  Running robust self-consistent charge (SCC) solver 
 ****************************************************
 Number of SCC trials:                   4
 Using the stop-early mechanism for the first 3 trials

 Conv. threshold (charge):               1.00e-05
 Conv. threshold (energy):               1.00e-06
 Initial guess:                          SAD

 -------------
  SCC Trial 1 
 -------------
 Broyden mixing factor:                  0.400000000
 Max number of iterations:             128

 ---------------------------------------------------------------
                  energy        change          grad        time
 ---------------------------------------------------------------
   0      -260.827440839                    6.82e-01        0.03
   1      -261.832467097     -1.01e+00      3.94e-01        0.03
   2      -261.799881847      3.26e-02      7.54e-02        0.03
   3      -261.808775726     -8.89e-03      1.87e-02        0.03
   4      -261.855574275     -4.68e-02      5.99e-03        0.03
   5      -261.860461008     -4.89e-03      1.48e-03        0.03
   6      -261.860600567     -1.40e-04      5.80e-04        0.03
   7      -261.860623405     -2.28e-05      1.62e-04        0.03
   8      -261.860624555     -1.15e-06      8.09e-05        0.03
   9      -261.860624834     -2.79e-07      4.33e-05        0.03
  10      -261.860624922     -8.78e-08      1.78e-05        0.03
  11      -261.860624928     -6.79e-09      3.43e-06        0.03
  12      -261.860624929     -5.00e-10      1.45e-06        0.03

 SCF converged in 11 iterations.

 Entropy contribution (-ST):             0.000000000
 Dipole moment (in Debye):               3.274244       3.873175       0.820246
 Setting up Delta-SCF
 Ground-Excited state overlap:          -0.000000000
 No correction applied to the TDM.
 Excitation energy:                      0.056885615
 Excitation energy (in eV):              1.547936445
 Transition dipole:                      0.00000       0.00000       0.00000
 ------------------------------------------------------
           transition charges and positions           
           --------------------------------           
          atom  charge/e  x/bohr  y/bohr  z/bohr       
 ------------------------------------------------------
     1  Mg       0.000000     16.682502      5.629494     53.651214
     2  C        0.000000     19.587011      3.031121     58.783711
     3  C        0.000000     14.356249     10.478531     57.621529
     4  C        0.000000     13.443512      7.999211     48.758713
     5  C        0.000000     19.150485      0.895730     49.958690
     6  N        0.000000     16.427389      6.332472     57.784045
     7  C        0.000000     17.999641      5.073915     59.501806
     8  C        0.000000     17.774764      6.183184     62.213563
     9  C        0.000000     15.987083      8.435737     61.639087
    10  C        0.000000     15.422055      8.382825     58.827174
    11  C        0.000000     13.460519      8.874154     63.198111
    12  C        0.000000     20.333453      7.043009     63.542041
    13  C        0.000000     19.859132      8.178735     66.204665
    14  H        0.000000     20.726516      6.451525     68.353284
    15  N        0.000000     14.256094      8.934625     53.239254
    16  C        0.000000     13.961297     10.839469     54.991030
    17  C        0.000000     12.228418     12.647937     53.842077
    18  C        0.000000     11.965746     11.892047     51.256931
    19  C        0.000000     13.269657      9.548786     50.937568
    20  C        0.000000     11.260878     14.834350     55.293386
    21  C        0.000000     10.238536     13.324459     49.319962
    22  O        0.000000      9.675398     12.474082     47.194020
    23  C        0.000000      9.042340     15.803780     50.045617
    24  N        0.000000     16.317785      4.626050     50.113647
    25  C        0.000000     14.798445      5.907284     48.301400
    26  C        0.000000     14.497979      4.342591     45.929793
    27  C        0.000000     16.901710      2.751441     46.079082
    28  C        0.000000     17.617917      2.789236     48.864538
    29  C        0.000000     12.031886      2.707978     45.927904
    30  C        0.000000     19.116469      3.904174     44.565411
    31  C        0.000000     19.316780      3.308910     41.791293
    32  N        0.000000     18.880254      2.441526     54.082072
    33  C        0.000000     19.980074      0.857936     52.432341
    34  C        0.000000     21.455950     -0.965650     53.785385
    35  C        0.000000     21.414376     -0.202201     56.276044
    36  C        0.000000     19.872360      1.953977     56.364861
    37  C        0.000000     22.837340     -3.051908     52.498481
    38  C        0.000000     22.346011     -0.793685     58.681665
    39  O        0.000000     23.776534     -2.439636     59.405430
    40  C        0.000000     21.174381      1.339816     60.476905
    41  C        0.000000     19.728741      0.052912     62.515920
    42  O        0.000000     17.803110     -1.148953     62.292932
    43  O        0.000000     20.669824      0.606602     64.793040
    44  C        0.000000     19.297883     -0.512116     67.039924
    45  H        0.000000     13.961297     12.054563     58.893315
    46  H        0.000000     12.407942      8.756991     47.142998
    47  H        0.000000     20.193613     -0.519675     48.879656
    48  H        0.000000     16.809114      4.805574     63.402201
    49  H        0.000000     17.016984     10.204521     61.877192
    50  H        0.000000     12.954073     10.833800     63.583615
    51  H        0.000000     13.418945      7.613707     64.827055
    52  H        0.000000     11.971415      8.275111     61.907428
    53  H        0.000000     21.166822      8.333692     62.171989
    54  H        0.000000     21.565555      5.398948     63.687550
    55  H        0.000000     17.901376      8.798565     66.365292
    56  H        0.000000     21.042100      9.858701     66.338836
    57  H        0.000000      9.244540     14.545222     55.601412
    58  H        0.000000     11.865590     16.506758     54.254037
    59  H        0.000000     12.220859     14.989308     57.109413
    60  H        0.000000      8.008659     16.578567     48.441239
    61  H        0.000000     10.650496     17.068006     50.300730
    62  H        0.000000      7.865040     15.817008     51.735032
    63  H        0.000000     14.441287      5.536898     44.251717
    64  H        0.000000     16.629590      0.799354     45.481928
    65  H        0.000000     12.205741      1.101710     47.203469
    66  H        0.000000     11.599139      2.069250     44.017391
    67  H        0.000000     10.537113      3.981653     46.545844
    68  H        0.000000     20.953283      3.509221     45.406339
    69  H        0.000000     19.086234      5.954527     44.761943
    70  H        0.000000     19.224184      5.109819     40.797297
    71  H        0.000000     17.519651      2.386724     41.386892
    72  H        0.000000     20.919268      2.118383     41.282957
    73  H        0.000000     24.806435     -2.530343     52.201794
    74  H        0.000000     21.994522     -3.896615     50.818515
    75  H        0.000000     22.880804     -4.586365     53.872312
    76  H        0.000000     22.727736      2.420739     61.291377
    77  H        0.000000     17.302332     -0.052912     66.813157
    78  H        0.000000     19.885588      0.302356     68.838943
    79  H        0.000000     19.604019     -2.549241     67.009688
    80  Mg       0.000000     90.085134     30.027748     53.770267
    81  C        0.000000     85.687741     29.583662     58.672217
    82  C        0.000000     93.503649     34.156800     57.664993
    83  C        0.000000     93.894822     31.480948     48.936348
    84  C        0.000000     85.615932     27.629686     49.699797
    85  N        0.000000     89.775219     31.590552     57.901208
    86  C        0.000000     87.700300     31.137017     59.346849
    87  C        0.000000     87.910059     32.569430     61.958450
    88  C        0.000000     90.249540     34.430810     61.378305
    89  C        0.000000     91.218970     33.446263     58.821505
    90  C        0.000000     89.130822     37.144457     60.945557
    91  C        0.000000     88.635714     30.553092     64.018252
    92  C        0.000000     89.202632     31.531970     66.726229
    93  H        0.000000     91.304007     30.800646     68.481785
    94  N        0.000000     93.409162     32.151800     53.517044
    95  C        0.000000     94.616697     33.688148     55.314173
    96  C        0.000000     96.753978     34.753953     54.165220
    97  C        0.000000     97.099797     33.733501     51.772827
    98  C        0.000000     94.760317     32.367229     51.319292
    99  C        0.000000     98.483077     36.416912     55.652434
   100  C        0.000000     99.238967     34.158689     49.777276
   101  O        0.000000     99.350461     33.113671     47.711805
   102  C        0.000000    101.644589     35.642124     50.397106
   103  N        0.000000     89.652387     29.795312     49.881211
   104  C        0.000000     91.621481     30.267743     48.324076
   105  C        0.000000     91.198183     29.347447     45.593422
   106  C        0.000000     88.441072     28.353451     45.776726
   107  C        0.000000     87.891162     28.361010     48.592418
   108  C        0.000000     91.861477     31.337328     43.509054
   109  C        0.000000     87.845809     25.794762     44.467145
   110  C        0.000000     88.752877     23.504414     45.750269
   111  N        0.000000     86.466309     28.661476     54.044277
   112  C        0.000000     84.920513     27.773305     52.318957
   113  C        0.000000     82.577252     26.796316     53.430116
   114  C        0.000000     82.889057     27.516302     56.019041
   115  C        0.000000     85.205861     28.687932     56.287382
   116  C        0.000000     80.838704     24.906590     52.436121
   117  C        0.000000     81.656956     27.384021     58.468126
   118  O        0.000000     79.731325     26.333334     59.114413
   119  C        0.000000     83.421960     28.867456     60.223682
   120  C        0.000000     82.050019     31.063318     61.520034
   121  O        0.000000     81.579477     33.051310     60.520369
   122  O        0.000000     81.337592     30.339553     63.910538
   123  C        0.000000     80.009114     32.376678     65.295707
   124  H        0.000000     94.671499     35.237723     58.976463
   125  H        0.000000     95.268653     31.562206     47.398111
   126  H        0.000000     84.682407     26.720727     48.101089
   127  H        0.000000     86.235762     33.693817     62.379859
   128  H        0.000000     91.693291     34.479943     62.848511
   129  H        0.000000     89.077910     37.819089     59.001029
   130  H        0.000000     90.404498     38.605215     61.644756
   131  H        0.000000     87.241096     37.403349     61.722235
   132  H        0.000000     90.249540     29.498625     63.294487
   133  H        0.000000     87.112595     29.166033     64.057936
   134  H        0.000000     87.396054     31.344887     67.699438
   135  H        0.000000     89.612703     33.508624     66.323718
   136  H        0.000000     97.893482     36.817534     57.585624
   137  H        0.000000     98.921493     38.064753     54.494032
   138  H        0.000000    100.202728     35.294415     55.820620
   139  H        0.000000    101.323335     37.652793     50.708911
   140  H        0.000000    103.201723     35.343548     49.081857
   141  H        0.000000    102.408038     34.803086     52.116757
   142  H        0.000000     92.602249     27.841335     45.608540
   143  H        0.000000     87.312906     29.867121     44.952805
   144  H        0.000000     93.352471     32.605335     44.147782
   145  H        0.000000     90.189069     32.467385     43.095204
   146  H        0.000000     92.570124     30.473723     41.778065
   147  H        0.000000     88.811459     26.032867     42.664347
   148  H        0.000000     85.837030     25.694606     44.021170
   149  H        0.000000     87.401723     22.952614     47.203469
   150  H        0.000000     90.653942     23.774644     46.494822
   151  H        0.000000     88.794451     21.879249     44.484153
   152  H        0.000000     81.968760     23.802990     51.113312
   153  H        0.000000     79.241886     25.492405     51.273939
   154  H        0.000000     80.154623     23.835116     54.055616
   155  H        0.000000     84.141945     27.554097     61.639087
   156  H        0.000000     78.571033     31.514963     66.491903
   157  H        0.000000     78.818587     33.618228     64.161871
   158  H        0.000000     81.301687     33.387681     66.539147
 ------------------------------------------------------

 --------------------------------------------------------------------------------

 End time:                               Thu Jun  3 17:45:10 2021
 Total wall-clock time:                  0.668 seconds
==================================================================================
