
================================================================================
          _____________ ________ _______________ ________     _________         
         / ___________// ______ \\_____   _____// ______ \   / ________)        
        / /_________  / /      \ \     | |     / /      \ \ | (_______          
       |  __________|| |        | |    | |    | |        | | \________ \        
        \ \_________ | |        | |    | |     \ \______/ /___________) |       
         \__________||_|        |_|    |_|      \________//____________/        
                                                                                
====================================[ Qcore ]===================================

 Git hash:   fc43f77b6a8cbdee6391b0b1942a9275fb449ad1
 Git date:   Thu, 3 Jun 2021 15:25:24 +0100
 Compiler:   GNU 9.1.0
 Build type: Release
 Version:    1.4.1

 Start time: Thu Jun  3 17:48:59 2021

 Data directory: /home/of15641/.local/src/Qcore/release/share/entos/1.4.1/data
 Number of threads: 18
 Number of threads was determined by: command line argument
  - More threads can be used by running 'qcore -n 24'

 --------------------------------------------------------------------------------
                                  command: bchla                                 
 --------------------------------------------------------------------------------
 XTB basis setup:                        reference basis
 Number of basis functions:            244
 GFN version:                            gfn1
 Integral screening threshold:           1.00e-10
 Total charge:                           0.000000000
 Number of electrons:                  218.000000000
 Electronic temperature (Kelvin):        0.000000000

 D3BJ energy:                           -0.061296981
 Repulsive energy:                       1.509743383

 ****************************************************
  Running robust self-consistent charge (SCC) solver 
 ****************************************************
 Number of SCC trials:                   4
 Using the stop-early mechanism for the first 3 trials

 Conv. threshold (charge):               1.00e-05
 Conv. threshold (energy):               1.00e-06
 Initial guess:                          SAD

 -------------
  SCC Trial 1 
 -------------
 Broyden mixing factor:                  0.400000000
 Max number of iterations:             128

 ---------------------------------------------------------------
                  energy        change          grad        time
 ---------------------------------------------------------------
   0      -130.356209811                    6.81e-01        0.01
   1      -130.869273739     -5.13e-01      3.94e-01        0.01
   2      -130.831335751      3.79e-02      7.72e-02        0.01
   3      -130.829771771      1.56e-03      2.64e-02        0.01
   4      -130.884918592     -5.51e-02      5.98e-03        0.01
   5      -130.887076160     -2.16e-03      1.39e-03        0.01
   6      -130.887089667     -1.35e-05      5.66e-04        0.01
   7      -130.887099338     -9.67e-06      2.20e-04        0.01
   8      -130.887100419     -1.08e-06      1.13e-04        0.01
   9      -130.887100506     -8.71e-08      4.26e-05        0.01
  10      -130.887100517     -1.08e-08      6.64e-06        0.01
  11      -130.887100518     -7.10e-10      1.95e-06        0.01

 SCF converged in 10 iterations.

 Entropy contribution (-ST):             0.000000000
 Dipole moment (in Debye):               0.216530      -2.618189       0.015461
 Setting up Delta-SCF
 Ground-Excited state overlap:           0.000000000
 No correction applied to the TDM.
 Excitation energy:                      0.096740568
 Excitation energy (in eV):              2.632444971
 Transition dipole:                      2.37745      -3.62606      -0.24023
 ------------------------------------------------------
           transition charges and positions           
           --------------------------------           
          atom  charge/e  x/bohr  y/bohr  z/bohr       
 ------------------------------------------------------
     1  Mg      -0.000541     32.227389     -4.323693     52.439900
     2  C        0.000503     31.271188     -0.668963     58.063725
     3  C        0.039672     35.625117     -8.558570     56.043608
     4  C        0.002077     34.039637     -6.935295     47.146777
     5  C       -0.038611     29.086665      0.419519     49.195240
     6  N        0.029771     33.799641     -4.302906     56.619974
     7  C       -0.031593     32.903911     -2.715536     58.454898
     8  C       -0.000320     33.603110     -3.781342     61.096735
     9  C        0.000334     35.120560     -6.287119     60.463677
    10  C        0.034057     34.929698     -6.470422     57.504366
    11  C        0.002742     37.987275     -6.445856     61.327282
    12  C       -0.002292     31.327880     -4.319914     62.867409
    13  C       -0.000096     31.528191     -3.495993     65.547040
    14  H       -0.000284     34.115226     -2.878053     66.888746
    15  N       -0.000823     34.591437     -7.403947     51.608420
    16  C        0.065629     35.638345     -9.106590     53.326182
    17  C        0.063003     37.116111    -11.007655     51.920225
    18  C        0.034850     36.458486    -10.642938     49.289727
    19  C        0.046645     34.990169     -8.259993     49.242483
    20  C        0.001203     38.797967    -12.984308     53.054061
    21  C        0.004272     37.112331    -12.213300     46.912451
    22  O        0.008325     35.989834    -12.064012     44.841311
    23  C        0.000253     38.985050    -14.259873     47.199689
    24  N       -0.023043     31.730391     -3.314580     48.838082
    25  C        0.028039     32.830212     -4.722426     46.944576
    26  C        0.000172     31.832437     -3.911733     44.304629
    27  C       -0.000415     29.674369     -1.967205     45.092645
    28  C       -0.039140     30.146801     -1.593039     47.898888
    29  C        0.002391     33.788303     -2.794905     42.335534
    30  C       -0.004055     26.956943     -2.760890     44.601316
    31  C       -0.000174     25.515082     -1.169740     42.628442
    32  N        0.001172     30.199713     -1.016673     53.394212
    33  C       -0.053711     29.075326      0.744552     51.850305
    34  C       -0.073243     28.115345      2.861045     53.367755
    35  C       -0.023660     28.861787      2.280899     55.805502
    36  C       -0.043199     30.118455     -0.073699     55.741251
    37  C       -0.001636     26.781199      5.198637     52.521158
    38  C       -0.007671     28.703050      3.210645     58.315058
    39  O       -0.013961     27.540869      5.068245     59.265591
    40  C        0.000053     30.199713      1.432412     59.836288
    41  C       -0.000013     32.148021      2.840258     61.355628
    42  O       -0.000090     33.967827      3.838034     60.522259
    43  O        0.000019     31.596221      2.689080     63.808492
    44  C       -0.000002     32.820763      4.340701     65.543261
    45  H       -0.000152     36.745724     -9.979644     57.035714
    46  H        0.000263     34.421361     -7.645832     45.245713
    47  H       -0.000795     28.232508      1.970984     48.138883
    48  H       -0.003310     34.812535     -2.360268     61.971679
    49  H        0.002259     34.147351     -7.916063     61.263031
    50  H        0.000436     38.624112     -4.920847     62.555604
    51  H        0.000894     39.128669     -6.256883     59.620859
    52  H        0.000183     38.382227     -8.280780     62.177659
    53  H       -0.000300     30.895132     -6.328693     63.026146
    54  H       -0.000550     29.593111     -3.409066     62.234350
    55  H       -0.000108     30.819543     -4.983208     66.784811
    56  H        0.000001     30.328215     -1.836814     65.764359
    57  H        0.006056     40.674465    -12.846358     52.216912
    58  H        0.008930     37.975936    -14.802225     52.541945
    59  H        0.000052     38.690253    -12.982418     55.111973
    60  H        0.000569     40.778400    -13.388710     47.717474
    61  H        0.000003     39.221266    -15.047889     45.311853
    62  H        0.000604     38.289631    -15.784882     48.395886
    63  H        0.002255     30.934817     -5.593589     43.522282
    64  H       -0.002986     30.023969     -0.236216     44.032508
    65  H        0.000490     35.678029     -2.768449     43.151896
    66  H        0.000149     33.204378     -0.978878     41.555077
    67  H        0.000138     33.758067     -4.030786     40.687693
    68  H       -0.000930     25.766416     -3.053797     46.256716
    69  H       -0.000557     27.036312     -4.646837     43.779285
    70  H       -0.000041     23.581892     -0.633058     43.093315
    71  H       -0.000113     25.129578     -2.420739     41.037293
    72  H       -0.000161     26.441048      0.574477     42.048296
    73  H       -0.002226     25.993183      5.019113     50.625763
    74  H       -0.013236     28.136132      6.727425     52.258486
    75  H       -0.004687     25.505634      5.725870     54.049947
    76  H        0.000254     28.859897      0.512116     61.100515
    77  H        0.000008     31.972276      6.198302     65.261692
    78  H       -0.000001     34.803086      4.595814     65.044373
    79  H        0.000002     32.454156      3.779452     67.491569
 ------------------------------------------------------

 --------------------------------------------------------------------------------

 End time:                               Thu Jun  3 17:48:59 2021
 Total wall-clock time:                  0.244 seconds
==================================================================================
