
================================================================================
          _____________ ________ _______________ ________     _________         
         / ___________// ______ \\_____   _____// ______ \   / ________)        
        / /_________  / /      \ \     | |     / /      \ \ | (_______          
       |  __________|| |        | |    | |    | |        | | \________ \        
        \ \_________ | |        | |    | |     \ \______/ /___________) |       
         \__________||_|        |_|    |_|      \________//____________/        
                                                                                
====================================[ Qcore ]===================================

 Git hash:   7200a4ff984a1591d3ca912b7a1362c2a46a44da
 Git date:   Mon, 7 Jun 2021 16:06:02 +0100
 Compiler:   GNU 9.1.0
 Build type: Release
 Version:    1.4.1

 Start time: Mon Jun  7 16:54:39 2021

 Data directory: /home/of15641/.local/src/Qcore/release/share/entos/1.4.1/data
 Number of threads: 18
 Number of threads was determined by: command line argument
  - More threads can be used by running 'qcore -n 24'

 --------------------------------------------------------------------------------
                                  command: bchla                                 
 --------------------------------------------------------------------------------
 XTB basis setup:                        reference basis
 Number of basis functions:            488
 GFN version:                            gfn1
 Integral screening threshold:           1.00e-10
 Total charge:                           0.000000000
 Number of electrons:                  436.000000000
 Electronic temperature (Kelvin):        0.000000000

 D3BJ energy:                           -0.124492263
 Repulsive energy:                       2.882598076

 ****************************************************
  Running robust self-consistent charge (SCC) solver 
 ****************************************************
 Number of SCC trials:                   4
 Using the stop-early mechanism for the first 3 trials

 Conv. threshold (charge):               1.00e-05
 Conv. threshold (energy):               1.00e-06
 Initial guess:                          SAD

 -------------
  SCC Trial 1 
 -------------
 Broyden mixing factor:                  0.400000000
 Max number of iterations:             128

 ---------------------------------------------------------------
                  energy        change          grad        time
 ---------------------------------------------------------------
   0      -260.595802169                    6.78e-01        0.04
   1      -261.639402139     -1.04e+00      3.92e-01        0.04
   2      -261.635365283      4.04e-03      7.63e-02        0.03
   3      -261.653001020     -1.76e-02      9.16e-03        0.03
   4      -261.659139685     -6.14e-03      3.52e-03        0.03
   5      -261.660675175     -1.54e-03      1.01e-03        0.03
   6      -261.660781288     -1.06e-04      2.75e-04        0.03
   7      -261.660787554     -6.27e-06      1.03e-04        0.03
   8      -261.660788835     -1.28e-06      2.45e-05        0.03
   9      -261.660788856     -2.05e-08      9.24e-06        0.03
  10      -261.660788857     -1.16e-09      3.21e-06        0.03

 SCF converged in 9 iterations.

 Entropy contribution (-ST):             0.000000000
 Dipole moment (in Debye):              -5.581048      -3.726181      -1.047100

 -----------------
  Excitation -1 2 
 -----------------
 Setting up Delta-SCF
 Ground-Excited state overlap:          -0.000000000
 No correction applied to the TDM.
 Excitation energy:                      0.068279807
 Excitation energy (in eV):              1.857988210
 Transition dipole:                      0.00000      -0.00000      -0.00000

 -----------------
  Excitation -1 1 
 -----------------
 Setting up Delta-SCF
 Ground-Excited state overlap:           0.000000000
 No correction applied to the TDM.
 Excitation energy:                      0.099399874
 Excitation energy (in eV):              2.704808367
 Transition dipole:                      3.70273      -1.21809       1.64820

 ----------------
  Excitation 0 1 
 ----------------
 Setting up Delta-SCF
 Ground-Excited state overlap:           0.000000000
 No correction applied to the TDM.
 Excitation energy:                      0.059972499
 Excitation energy (in eV):              1.631934835
 Transition dipole:                      0.00000      -0.00000       0.00000

 ----------------
  Excitation 0 2 
 ----------------
 Setting up Delta-SCF
 Ground-Excited state overlap:          -0.000000000
 No correction applied to the TDM.
 Excitation energy:                      0.098254268
 Excitation energy (in eV):              2.673634845
 Transition dipole:                     -2.44104       3.46463      -0.35938

 --------------------------------------------------------------------------------

 End time:                               Mon Jun  7 16:54:40 2021
 Total wall-clock time:                  0.817 seconds
==================================================================================
