
================================================================================
          _____________ ________ _______________ ________     _________         
         / ___________// ______ \\_____   _____// ______ \   / ________)        
        / /_________  / /      \ \     | |     / /      \ \ | (_______          
       |  __________|| |        | |    | |    | |        | | \________ \        
        \ \_________ | |        | |    | |     \ \______/ /___________) |       
         \__________||_|        |_|    |_|      \________//____________/        
                                                                                
====================================[ Qcore ]===================================

 Git hash:   7200a4ff984a1591d3ca912b7a1362c2a46a44da
 Git date:   Mon, 7 Jun 2021 16:06:02 +0100
 Compiler:   GNU 9.1.0
 Build type: Release
 Version:    1.4.1

 Start time: Mon Jun  7 16:54:27 2021

 Data directory: /home/of15641/.local/src/Qcore/release/share/entos/1.4.1/data
 Number of threads: 18
 Number of threads was determined by: command line argument
  - More threads can be used by running 'qcore -n 24'

 --------------------------------------------------------------------------------
                                  command: bchla                                 
 --------------------------------------------------------------------------------
 XTB basis setup:                        reference basis
 Number of basis functions:            488
 GFN version:                            gfn1
 Integral screening threshold:           1.00e-10
 Total charge:                           0.000000000
 Number of electrons:                  436.000000000
 Electronic temperature (Kelvin):        0.000000000

 D3BJ energy:                           -0.122849915
 Repulsive energy:                       3.026004391

 ****************************************************
  Running robust self-consistent charge (SCC) solver 
 ****************************************************
 Number of SCC trials:                   4
 Using the stop-early mechanism for the first 3 trials

 Conv. threshold (charge):               1.00e-05
 Conv. threshold (energy):               1.00e-06
 Initial guess:                          SAD

 -------------
  SCC Trial 1 
 -------------
 Broyden mixing factor:                  0.400000000
 Max number of iterations:             128

 ---------------------------------------------------------------
                  energy        change          grad        time
 ---------------------------------------------------------------
   0      -260.770950331                    6.81e-01        0.03
   1      -261.743777871     -9.73e-01      3.94e-01        0.03
   2      -261.707244300      3.65e-02      7.43e-02        0.03
   3      -261.718064467     -1.08e-02      1.97e-02        0.03
   4      -261.768983312     -5.09e-02      4.38e-03        0.03
   5      -261.771572563     -2.59e-03      9.62e-04        0.03
   6      -261.771622366     -4.98e-05      3.97e-04        0.03
   7      -261.771634337     -1.20e-05      1.14e-04        0.03
   8      -261.771635049     -7.12e-07      5.17e-05        0.03
   9      -261.771635104     -5.47e-08      2.62e-05        0.03
  10      -261.771635119     -1.53e-08      1.32e-05        0.03
  11      -261.771635138     -1.82e-08      3.00e-06        0.03
  12      -261.771635138     -3.05e-10      9.75e-07        0.03

 SCF converged in 11 iterations.

 Entropy contribution (-ST):             0.000000000
 Dipole moment (in Debye):              -7.647146       0.847424      -1.580674

 -----------------
  Excitation -1 2 
 -----------------
 Setting up Delta-SCF
 Ground-Excited state overlap:           0.000000000
 No correction applied to the TDM.
 Excitation energy:                      0.101067328
 Excitation energy (in eV):              2.750182096
 Transition dipole:                     -3.93472      -0.83789       0.05682

 -----------------
  Excitation -1 1 
 -----------------
 Setting up Delta-SCF
 Ground-Excited state overlap:           0.000000000
 No correction applied to the TDM.
 Excitation energy:                      0.065498792
 Excitation energy (in eV):              1.782312938
 Transition dipole:                     -0.00000      -0.00000      -0.00000

 ----------------
  Excitation 0 1 
 ----------------
 Setting up Delta-SCF
 Ground-Excited state overlap:           0.000000000
 No correction applied to the TDM.
 Excitation energy:                      0.096796486
 Excitation energy (in eV):              2.633966575
 Transition dipole:                     -1.57765      -3.81560       1.02880

 ----------------
  Excitation 0 2 
 ----------------
 Setting up Delta-SCF
 Ground-Excited state overlap:           0.000000000
 No correction applied to the TDM.
 Excitation energy:                      0.061437611
 Excitation energy (in eV):              1.671802562
 Transition dipole:                     -0.00000      -0.00000      -0.00000

 --------------------------------------------------------------------------------

 End time:                               Mon Jun  7 16:54:28 2021
 Total wall-clock time:                  0.844 seconds
==================================================================================
