
================================================================================
          _____________ ________ _______________ ________     _________         
         / ___________// ______ \\_____   _____// ______ \   / ________)        
        / /_________  / /      \ \     | |     / /      \ \ | (_______          
       |  __________|| |        | |    | |    | |        | | \________ \        
        \ \_________ | |        | |    | |     \ \______/ /___________) |       
         \__________||_|        |_|    |_|      \________//____________/        
                                                                                
====================================[ Qcore ]===================================

 Git hash:   fc43f77b6a8cbdee6391b0b1942a9275fb449ad1
 Git date:   Thu, 3 Jun 2021 15:25:24 +0100
 Compiler:   GNU 9.1.0
 Build type: Release
 Version:    1.4.1

 Start time: Thu Jun  3 17:39:29 2021

 Data directory: /home/of15641/.local/src/Qcore/release/share/entos/1.4.1/data
 Number of threads: 18
 Number of threads was determined by: command line argument
  - More threads can be used by running 'qcore -n 32'

 --------------------------------------------------------------------------------
                                  command: bchla                                 
 --------------------------------------------------------------------------------
 XTB basis setup:                        reference basis
 Number of basis functions:            488
 GFN version:                            gfn1
 Integral screening threshold:           1.00e-10
 Total charge:                           0.000000000
 Number of electrons:                  436.000000000
 Electronic temperature (Kelvin):        0.000000000

 D3BJ energy:                           -0.124085994
 Repulsive energy:                       2.981588776

 ****************************************************
  Running robust self-consistent charge (SCC) solver 
 ****************************************************
 Number of SCC trials:                   4
 Using the stop-early mechanism for the first 3 trials

 Conv. threshold (charge):               1.00e-05
 Conv. threshold (energy):               1.00e-06
 Initial guess:                          SAD

 -------------
  SCC Trial 1 
 -------------
 Broyden mixing factor:                  0.400000000
 Max number of iterations:             128

 ---------------------------------------------------------------
                  energy        change          grad        time
 ---------------------------------------------------------------
   0      -260.689923836                    6.82e-01        0.03
   1      -261.734456174     -1.04e+00      3.94e-01        0.03
   2      -261.679092157      5.54e-02      7.90e-02        0.03
   3      -261.689486058     -1.04e-02      2.38e-02        0.03
   4      -261.765019816     -7.55e-02      4.96e-03        0.03
   5      -261.768295048     -3.28e-03      1.10e-03        0.03
   6      -261.768342705     -4.77e-05      5.00e-04        0.03
   7      -261.768363702     -2.10e-05      1.69e-04        0.03
   8      -261.768365429     -1.73e-06      8.24e-05        0.03
   9      -261.768365741     -3.11e-07      4.25e-05        0.03
  10      -261.768365824     -8.28e-08      1.71e-05        0.03
  11      -261.768365839     -1.57e-08      4.03e-06        0.03
  12      -261.768365840     -4.80e-10      1.39e-06        0.03

 SCF converged in 11 iterations.

 Entropy contribution (-ST):             0.000000000
 Dipole moment (in Debye):              -6.401333       4.940963       0.749999
 Setting up Delta-SCF
 Ground-Excited state overlap:           0.000000000
 No correction applied to the TDM.
 Excitation energy:                      0.095890594
 Excitation energy (in eV):              2.609315998
 Transition dipole:                     -0.46911       4.35094      -0.22841
 ------------------------------------------------------
           transition charges and positions           
           --------------------------------           
          atom  charge/e  x/bohr  y/bohr  z/bohr       
 ------------------------------------------------------
     1  Mg      -0.000007     -3.718981     32.108337     51.170004
     2  C       -0.020027     -4.129052     27.916924     56.463127
     3  C        0.017685     -6.090587     36.723048     54.998589
     4  C        0.016138     -4.181964     35.604330     46.324746
     5  C       -0.014904     -3.443081     26.771750     47.320632
     6  N       -0.000981     -4.884942     32.091329     55.187562
     7  C       -0.030410     -4.841478     30.392465     57.037604
     8  C        0.000141     -5.487765     31.524411     59.677551
     9  C        0.000162     -7.069465     33.930033     58.789380
    10  C        0.036536     -5.901615     34.315537     56.196675
    11  C        0.004509     -9.885157     33.402799     58.470016
    12  C       -0.002932     -3.067026     32.316206     61.183663
    13  C       -0.000205     -3.484655     32.858558     63.995575
    14  H       -0.000511     -1.511781     32.170698     65.783256
    15  N        0.010731     -4.068580     35.814090     50.882766
    16  C        0.050707     -5.047458     37.399570     52.638321
    17  C        0.092741     -4.890611     39.962038     51.534721
    18  C        0.030511     -4.072360     39.695587     48.855089
    19  C        0.040611     -4.123382     36.989499     48.562182
    20  C        0.001206     -5.395168     42.324196     53.010597
    21  C        0.005467     -3.376941     41.581534     46.867098
    22  O        0.010682     -3.146394     40.971152     44.540845
    23  C        0.000274     -3.133166     44.229040     47.698577
    24  N       -0.004994     -4.219758     31.327880     47.335750
    25  C        0.024654     -4.246215     33.183591     45.619878
    26  C        0.000361     -4.089367     32.153690     42.983710
    27  C       -0.001002     -3.484655     29.211386     43.270949
    28  C       -0.047759     -3.556465     29.024304     46.190576
    29  C        0.002826     -6.460974     32.495730     41.349097
    30  C       -0.003501     -1.124387     28.196604     41.866882
    31  C       -0.000487      1.243440     29.292645     43.032843
    32  N       -0.001222     -3.435522     28.056764     51.742591
    33  C       -0.069556     -3.392058     26.182155     49.869872
    34  C       -0.058082     -3.392058     23.721732     51.177563
    35  C       -0.028902     -3.467647     24.339672     53.736252
    36  C       -0.039084     -3.562134     27.015525     54.008373
    37  C       -0.001621     -3.437412     21.308552     49.992705
    38  C       -0.007329     -3.537567     23.360794     56.302500
    39  O       -0.013556     -3.325918     21.248081     57.256812
    40  C       -0.000078     -4.200861     25.630355     58.163880
    41  C       -0.000218     -2.364047     25.528310     60.331396
    42  O       -0.000377     -0.069920     25.957278     59.993135
    43  O       -0.000054     -3.647171     25.388470     62.514030
    44  C       -0.000012     -1.936969     25.337448     64.743907
    45  H        0.000017     -7.231982     38.193255     55.888650
    46  H        0.000088     -4.130941     36.743835     44.605095
    47  H       -0.001382     -3.197417     25.027533     46.247267
    48  H       -0.001047     -6.655615     30.314986     60.868078
    49  H        0.001159     -6.714197     35.568425     59.985576
    50  H        0.000416    -10.302787     31.395910     58.670327
    51  H        0.001187    -10.353809     34.049085     56.570841
    52  H        0.000833    -10.998206     34.566870     59.755030
    53  H       -0.000063     -2.454754     34.179476     60.554384
    54  H       -0.000309     -1.583590     30.900802     60.975793
    55  H       -0.000083     -5.313910     32.157469     64.634303
    56  H       -0.000061     -3.601818     34.899462     64.248799
    57  H        0.000016     -6.258773     41.908456     54.832293
    58  H        0.011636     -6.838919     43.376773     51.986366
    59  H        0.009957     -3.705753     43.484488     53.218467
    60  H        0.000777     -4.918957     44.852650     48.514939
    61  H       -0.000005     -2.462313     45.279728     46.060185
    62  H        0.000815     -1.738548     44.327306     49.212248
    63  H        0.002000     -2.570028     33.055089     41.927354
    64  H       -0.005341     -5.026671     28.034087     42.577419
    65  H        0.000243     -6.113264     33.506734     39.587873
    66  H        0.000498     -7.883937     33.457601     42.484823
    67  H        0.000286     -7.436072     30.747734     40.865327
    68  H       -0.000138     -1.156512     28.784308     39.894008
    69  H       -0.000382     -0.975099     26.142471     41.906567
    70  H       -0.000056      1.409736     31.121900     42.103098
    71  H       -0.000118      2.870494     28.100227     42.611434
    72  H       -0.000688      0.995886     29.646023     45.047291
    73  H       -0.005842     -2.080588     20.140701     51.011267
    74  H       -0.000838     -2.955532     21.446502     47.995264
    75  H       -0.011600     -5.402727     20.771870     50.295061
    76  H       -0.000090     -6.143500     25.341227     58.781821
    77  H        0.000001     -2.399952     23.646143     65.824830
    78  H       -0.000014     -2.144839     27.159144     65.683101
    79  H       -0.000006      0.060471     25.014305     64.352733
    80  Mg      -0.000000     49.265160      0.610382     55.132760
    81  C       -0.000000     52.780051      0.005669     60.796269
    82  C       -0.000000     43.911566      0.704868     59.001029
    83  C       -0.000000     45.731372      1.388949     50.092860
    84  C       -0.000000     54.611195     -1.056357     51.695348
    85  N       -0.000000     48.543285      0.440306     59.386533
    86  C       -0.000000     50.242148      0.478101     61.319723
    87  C       -0.000000     49.119651      0.474321     64.001244
    88  C       -0.000000     46.175458      0.468652     63.218898
    89  C       -0.000000     46.273724      0.510226     60.386198
    90  C       -0.000000     44.661787     -1.933190     64.142974
    91  C       -0.000000     49.886880      2.851597     65.579166
    92  C       -0.000000     51.600862      2.793015     67.892190
    93  H       -0.000000     51.164335      4.561799     70.120178
    94  N       -0.000000     45.360986      1.145174     54.563952
    95  C       -0.000000     43.437245      0.990216     56.379979
    96  C       -0.000000     41.052410      1.158402     55.057171
    97  C       -0.000000     41.522952      1.662959     52.517379
    98  C       -0.000000     44.300850      1.519340     52.313288
    99  C       -0.000000     38.678914      1.224543     56.572731
   100  C       -0.000000     39.737161      2.044684     50.279943
   101  O       -0.000000     40.425021      2.420739     48.082192
   102  C       -0.000000     37.010286      2.237436     50.852530
   103  N       -0.000000     49.943572      0.047243     51.400551
   104  C       -0.000000     48.320297      0.873053     49.567516
   105  C       -0.000000     49.701687      1.141395     46.963474
   106  C       -0.000000     52.356752      0.190862     47.539840
   107  C       -0.000000     52.307619     -0.461093     50.402775
   108  C       -0.000000     48.299510     -0.204090     44.737376
   109  C       -0.000000     54.297501      2.235546     46.846311
   110  C       -0.000000     56.621864      1.460758     45.476259
   111  N       -0.000000     52.921780     -0.532903     55.954791
   112  C       -0.000000     54.907882     -1.096041     54.386318
   113  C       -0.000000     57.154767     -1.640282     55.794164
   114  C       -0.000000     56.548165     -1.058247     58.462457
   115  C       -0.000000     53.894989     -0.374166     58.388758
   116  C       -0.000000     59.688889     -2.526564     54.679225
   117  C       -0.000000     57.460902     -0.920297     61.111853
   118  O       -0.000000     59.635977     -1.107380     61.977348
   119  C       -0.000000     55.019376     -0.209760     62.691664
   120  C       -0.000000     54.911662     -2.426408     64.445330
   121  O       -0.000000     53.915776     -4.488100     64.103290
   122  O       -0.000000     55.860304     -1.848152     66.646861
   123  C       -0.000000     56.226911     -3.851262     68.572492
   124  H       -0.000000     42.456477      0.999665     60.433441
   125  H       -0.000000     44.778950      1.542017     48.269274
   126  H       -0.000000     56.300610     -1.443751     50.576630
   127  H       -0.000000     49.629877     -1.315249     64.887526
   128  H       -0.000000     45.026504      2.101375     63.729124
   129  H       -0.000000     45.765387     -3.560244     64.755245
   130  H       -0.000000     43.458032     -2.626719     62.623634
   131  H       -0.000000     43.446693     -1.368162     65.707667
   132  H       -0.000000     48.129435      3.677407     66.267026
   133  H       -0.000000     50.835522      4.227317     64.377300
   134  H       -0.000000     53.354527      3.490324     67.066380
   135  H       -0.000000     51.549839      0.795575     68.392968
   136  H       -0.000000     37.656572      2.993326     56.323287
   137  H       -0.000000     39.075757      1.012893     58.583400
   138  H       -0.000000     37.346657     -0.260782     56.064395
   139  H       -0.000000     36.723048      3.594259     52.375649
   140  H       -0.000000     36.261955      0.519675     51.708576
   141  H       -0.000000     35.855663      2.900730     49.282168
   142  H       -0.000000     49.610980      3.176630     46.661117
   143  H       -0.000000     52.848081     -1.413515     46.345533
   144  H       -0.000000     46.413563     -0.882502     45.211698
   145  H       -0.000000     49.295396     -1.848152     44.000383
   146  H       -0.000000     48.310848      1.011003     43.074417
   147  H       -0.000000     54.809617      2.997106     48.688794
   148  H       -0.000000     53.571846      3.735989     45.636886
   149  H       -0.000000     58.165770      2.159957     46.646000
   150  H       -0.000000     56.565172      2.142949     43.533621
   151  H       -0.000000     56.960125     -0.570697     45.419567
   152  H       -0.000000     59.715346     -4.584476     54.631982
   153  H       -0.000000     61.206339     -1.759335     55.841407
   154  H       -0.000000     59.936443     -1.916182     52.727138
   155  H       -0.000000     55.465351      1.519340     63.717785
   156  H       -0.000000     54.486473     -4.786676     69.150748
   157  H       -0.000000     57.203900     -3.218204     70.271356
   158  H       -0.000000     57.466571     -5.414065     68.062266
 ------------------------------------------------------

 --------------------------------------------------------------------------------

 End time:                               Thu Jun  3 17:39:29 2021
 Total wall-clock time:                  0.701 seconds
==================================================================================
