
================================================================================
          _____________ ________ _______________ ________     _________         
         / ___________// ______ \\_____   _____// ______ \   / ________)        
        / /_________  / /      \ \     | |     / /      \ \ | (_______          
       |  __________|| |        | |    | |    | |        | | \________ \        
        \ \_________ | |        | |    | |     \ \______/ /___________) |       
         \__________||_|        |_|    |_|      \________//____________/        
                                                                                
====================================[ Qcore ]===================================

 Git hash:   fc43f77b6a8cbdee6391b0b1942a9275fb449ad1
 Git date:   Thu, 3 Jun 2021 15:25:24 +0100
 Compiler:   GNU 9.1.0
 Build type: Release
 Version:    1.4.1

 Start time: Thu Jun  3 17:51:46 2021

 Data directory: /home/of15641/.local/src/Qcore/release/share/entos/1.4.1/data
 Number of threads: 18
 Number of threads was determined by: command line argument
  - More threads can be used by running 'qcore -n 32'

 --------------------------------------------------------------------------------
                                  command: bchla                                 
 --------------------------------------------------------------------------------
 XTB basis setup:                        reference basis
 Number of basis functions:            488
 GFN version:                            gfn1
 Integral screening threshold:           1.00e-10
 Total charge:                           0.000000000
 Number of electrons:                  436.000000000
 Electronic temperature (Kelvin):        0.000000000

 D3BJ energy:                           -0.123484374
 Repulsive energy:                       3.058832020

 ****************************************************
  Running robust self-consistent charge (SCC) solver 
 ****************************************************
 Number of SCC trials:                   4
 Using the stop-early mechanism for the first 3 trials

 Conv. threshold (charge):               1.00e-05
 Conv. threshold (energy):               1.00e-06
 Initial guess:                          SAD

 -------------
  SCC Trial 1 
 -------------
 Broyden mixing factor:                  0.400000000
 Max number of iterations:             128

 ---------------------------------------------------------------
                  energy        change          grad        time
 ---------------------------------------------------------------
   0      -260.745727404                    6.82e-01        0.03
   1      -261.760604917     -1.01e+00      3.94e-01        0.03
   2      -261.735316460      2.53e-02      7.45e-02        0.03
   3      -261.744778924     -9.46e-03      1.67e-02        0.03
   4      -261.784263892     -3.95e-02      4.74e-03        0.03
   5      -261.787429047     -3.17e-03      1.05e-03        0.03
   6      -261.787495594     -6.65e-05      4.78e-04        0.03
   7      -261.787516287     -2.07e-05      1.36e-04        0.03
   8      -261.787517480     -1.19e-06      5.18e-05        0.03
   9      -261.787517511     -3.12e-08      2.38e-05        0.03
  10      -261.787517505      6.56e-09      1.27e-05        0.03
  11      -261.787517522     -1.78e-08      3.44e-06        0.03
  12      -261.787517523     -6.86e-10      9.64e-07        0.03

 SCF converged in 11 iterations.

 Entropy contribution (-ST):             0.000000000
 Dipole moment (in Debye):               1.981844      -0.612919      -0.250189
 Setting up Delta-SCF
 Ground-Excited state overlap:          -0.000000000
 No correction applied to the TDM.
 Excitation energy:                      0.097560374
 Excitation energy (in eV):              2.654753026
 Transition dipole:                     -3.92361       0.83183      -1.52227
 ------------------------------------------------------
           transition charges and positions           
           --------------------------------           
          atom  charge/e  x/bohr  y/bohr  z/bohr       
 ------------------------------------------------------
     1  Mg       0.000731     67.493458      2.371606     56.472576
     2  C       -0.002999     62.852291      4.287789     60.588399
     3  C       -0.054595     71.762350      2.237436     61.665543
     4  C        0.008855     72.463438      1.477766     52.558953
     5  C        0.060222     63.627079      3.110489     51.504486
     6  N       -0.034427     67.304486      3.187968     60.663988
     7  C        0.023580     65.148308      3.974094     61.858295
     8  C        0.000355     65.552710      4.163067     64.715561
     9  C       -0.000588     68.551705      3.845593     64.879967
    10  C       -0.035176     69.275470      3.046239     62.257027
    11  C       -0.004236     69.974669      6.239876     65.917427
    12  C        0.003057     64.084392      2.048463     66.289703
    13  C        0.000154     62.676546      2.626719     68.702883
    14  H       -0.000021     63.954001      4.197082     70.653080
    15  N        0.003337     71.596054      1.810358     56.988471
    16  C       -0.057031     72.848942      1.489104     59.190002
    17  C       -0.057660     75.383065      0.682191     58.772372
    18  C       -0.038198     75.640068      0.377945     56.098410
    19  C       -0.050770     73.189093      1.373831     55.115752
    20  C       -0.000855     77.104605      0.423299     60.996580
    21  C       -0.004799     77.977659     -0.319364     54.584739
    22  O       -0.010054     78.109940     -0.009449     52.275494
    23  C       -0.000131     80.283125     -1.405956     55.903768
    24  N        0.048543     68.067935      2.583256     52.494702
    25  C       -0.028457     70.256238      1.891616     51.341969
    26  C       -0.000450     69.883962      1.683746     48.486593
    27  C        0.000472     66.924651      1.891616     48.223921
    28  C        0.028449     66.132855      2.554910     50.895994
    29  C       -0.002853     71.403302      3.378830     46.621433
    30  C        0.003663     65.507356     -0.464873     47.033394
    31  C        0.000272     64.447220     -2.520895     48.717139
    32  N       -0.001999     64.059826      3.632054     56.024710
    33  C        0.049853     62.508361      3.620715     53.947901
    34  C        0.067832     60.051717      4.563689     54.448679
    35  C        0.028454     60.049827      4.771558     57.069729
    36  C        0.037119     62.508361      4.144169     57.935224
    37  C        0.001423     57.753810      5.058797     52.787610
    38  C        0.007830     58.636312      5.432963     59.199450
    39  O        0.015524     56.478245      6.224758     59.284488
    40  C        0.000045     60.386198      5.211865     61.726014
    41  C       -0.000717     60.509031      7.706303     62.888196
    42  O        0.000014     61.506806      9.622485     61.947112
    43  O       -0.000117     59.312834      7.836694     65.157757
    44  C       -0.000037     58.770482     10.329243     66.244349
    45  H       -0.000090     72.847052      2.107045     63.415429
    46  H       -0.000005     73.886402      0.672743     51.300395
    47  H        0.000634     62.179548      2.704198     50.092860
    48  H        0.002115     64.781701      5.962086     65.361847
    49  H       -0.003678     69.078938      2.379165     66.227342
    50  H       -0.000341     70.993231      5.672958     67.614401
    51  H       -0.000480     68.496903      7.655281     66.155532
    52  H       -0.000997     71.503457      6.940964     64.726899
    53  H        0.000289     65.615070      0.735103     66.709222
    54  H        0.000403     62.941108      0.867384     65.050042
    55  H        0.000278     61.926325      0.888171     69.513575
    56  H        0.000077     61.104294      3.830475     68.139745
    57  H       -0.005112     78.072145     -1.370051     60.703672
    58  H       -0.000841     76.023682      0.221098     62.738907
    59  H       -0.008683     78.478436      1.935080     61.268700
    60  H       -0.000285     79.840929     -2.810023     57.345629
    61  H       -0.000569     81.556800      0.122832     56.442340
    62  H       -0.000132     81.256334     -2.456644     54.422223
    63  H       -0.003139     70.651191     -0.179524     48.057625
    64  H        0.002817     66.344505      3.307021     46.846311
    65  H       -0.000323     70.161752      4.773448     45.752159
    66  H       -0.000140     72.119508      2.120273     45.156895
    67  H       -0.000439     72.901854      4.234876     47.743931
    68  H        0.000385     66.841503     -1.351154     45.740821
    69  H        0.000178     63.897309      0.181414     45.922235
    70  H        0.000005     65.087837     -4.391724     48.138883
    71  H        0.000208     62.387418     -2.545461     48.792729
    72  H        0.000629     65.161536     -2.076809     50.597417
    73  H        0.000026     58.186557      4.489989     50.854420
    74  H        0.007205     57.266260      7.058127     52.887765
    75  H        0.007512     56.175889      3.951417     53.511375
    76  H       -0.001080     59.197561      3.985432     62.878747
    77  H       -0.000015     57.205789     10.338692     67.584165
    78  H       -0.000013     58.611745     11.873149     64.891305
    79  H       -0.000008     60.350294     10.703409     67.512356
    80  Mg       0.000000     55.678891    111.767852     77.550581
    81  C        0.000000     50.225141    108.449493     76.135176
    82  C        0.000000     59.241024    106.828108     75.177085
    83  C        0.000000     60.754695    115.630452     77.641288
    84  C        0.000000     51.691568    116.822869     79.272121
    85  N        0.000000     54.786940    108.266189     75.345270
    86  C        0.000000     52.481474    107.238178     75.386844
    87  C        0.000000     52.494702    104.670040     73.939314
    88  C        0.000000     55.423778    103.929268     74.111279
    89  C        0.000000     56.629423    106.474729     75.082598
    90  C        0.000000     55.899988    101.529315     75.713767
    91  C        0.000000     51.729363    105.057434     71.214329
    92  C        0.000000     50.002153    103.041096     70.114508
    93  H        0.000000     50.225141    102.084895     67.304486
    94  N        0.000000     59.588734    111.093219     76.817367
    95  C        0.000000     60.679106    109.063654     75.747782
    96  C        0.000000     63.334171    109.524747     75.651406
    97  C        0.000000     63.884081    111.960604     76.673748
    98  C        0.000000     61.376415    113.035858     77.176415
    99  C        0.000000     65.152088    107.508409     74.948428
   100  C        0.000000     66.446550    113.115226     76.709653
   101  O        0.000000     68.275805    111.898243     76.012344
   102  C        0.000000     66.890636    115.772181     77.728215
   103  N        0.000000     56.149432    115.806196     78.546466
   104  C        0.000000     58.475685    116.872002     78.261118
   105  C        0.000000     58.315058    119.683914     78.461429
   106  C        0.000000     55.353858    120.039183     78.977324
   107  C        0.000000     54.233250    117.420022     79.083149
   108  C        0.000000     60.091401    120.870662     80.438082
   109  C        0.000000     53.891210    121.849541     77.068701
   110  C        0.000000     52.235810    124.039733     78.072145
   111  N        0.000000     51.848416    112.527522     77.743333
   112  C        0.000000     50.538835    114.568426     78.591820
   113  C        0.000000     48.021720    113.912691     79.026457
   114  C        0.000000     47.723144    111.463606     78.136396
   115  C        0.000000     50.056955    110.758738     77.252004
   116  C        0.000000     45.971367    115.755174     80.054468
   117  C        0.000000     46.056405    109.468055     77.796245
   118  O        0.000000     43.764167    109.449158     78.132616
   119  C        0.000000     47.524722    107.251406     76.339266
   120  C        0.000000     47.730702    105.034757     77.832150
   121  O        0.000000     49.119651    104.532090     79.634949
   122  O        0.000000     45.984596    103.334004     76.845713
   123  C        0.000000     45.684129    100.833896     77.939864
   124  H        0.000000     60.380529    105.172707     74.710322
   125  H        0.000000     62.207894    117.091210     77.767899
   126  H        0.000000     50.654109    118.451813     79.999666
   127  H        0.000000     51.179453    103.403924     74.891736
   128  H        0.000000     56.345964    103.723288     72.282024
   129  H        0.000000     54.176558    100.862242     76.622725
   130  H        0.000000     57.334291    101.928048     77.138620
   131  H        0.000000     56.703122    100.102572     74.464658
   132  H        0.000000     53.229805    105.348452     69.832939
   133  H        0.000000     50.884655    106.935822     71.185983
   134  H        0.000000     48.074633    103.653368     70.503792
   135  H        0.000000     50.387657    101.461285     71.378735
   136  H        0.000000     65.787036    106.816769     76.781462
   137  H        0.000000     66.701663    108.249182     73.810813
   138  H        0.000000     64.292262    105.981510     73.865615
   139  H        0.000000     66.340725    117.047746     76.206985
   140  H        0.000000     68.935319    115.978161     77.860496
   141  H        0.000000     65.845617    116.068868     79.478101
   142  H        0.000000     58.851741    120.205479     76.543357
   143  H        0.000000     55.008038    121.033179     80.747997
   144  H        0.000000     61.597513    121.779621     79.364718
   145  H        0.000000     60.832174    119.494942     81.781677
   146  H        0.000000     59.089846    122.361656     81.445306
   147  H        0.000000     52.630762    120.691138     75.923527
   148  H        0.000000     55.157326    122.866213     75.800694
   149  H        0.000000     50.436790    123.051406     78.242220
   150  H        0.000000     52.050616    125.509940     76.643512
   151  H        0.000000     52.494702    124.738932     79.992107
   152  H        0.000000     45.470590    117.072313     78.554025
   153  H        0.000000     46.551513    116.987275     81.600264
   154  H        0.000000     44.274393    114.729052     80.613827
   155  H        0.000000     46.517498    106.992514     74.561034
   156  H        0.000000     43.715034    100.295324     77.671523
   157  H        0.000000     46.353092    100.637365     79.878723
   158  H        0.000000     46.721589     99.511088     76.749337
 ------------------------------------------------------

 --------------------------------------------------------------------------------

 End time:                               Thu Jun  3 17:51:46 2021
 Total wall-clock time:                  0.659 seconds
==================================================================================
