
================================================================================
          _____________ ________ _______________ ________     _________         
         / ___________// ______ \\_____   _____// ______ \   / ________)        
        / /_________  / /      \ \     | |     / /      \ \ | (_______          
       |  __________|| |        | |    | |    | |        | | \________ \        
        \ \_________ | |        | |    | |     \ \______/ /___________) |       
         \__________||_|        |_|    |_|      \________//____________/        
                                                                                
====================================[ Qcore ]===================================

 Git hash:   7200a4ff984a1591d3ca912b7a1362c2a46a44da
 Git date:   Mon, 7 Jun 2021 16:06:02 +0100
 Compiler:   GNU 9.1.0
 Build type: Release
 Version:    1.4.1

 Start time: Mon Jun  7 16:54:38 2021

 Data directory: /home/of15641/.local/src/Qcore/release/share/entos/1.4.1/data
 Number of threads: 18
 Number of threads was determined by: command line argument
  - More threads can be used by running 'qcore -n 24'

 --------------------------------------------------------------------------------
                                  command: bchla                                 
 --------------------------------------------------------------------------------
 XTB basis setup:                        reference basis
 Number of basis functions:            488
 GFN version:                            gfn1
 Integral screening threshold:           1.00e-10
 Total charge:                           0.000000000
 Number of electrons:                  436.000000000
 Electronic temperature (Kelvin):        0.000000000

 D3BJ energy:                           -0.123856239
 Repulsive energy:                       2.934711838

 ****************************************************
  Running robust self-consistent charge (SCC) solver 
 ****************************************************
 Number of SCC trials:                   4
 Using the stop-early mechanism for the first 3 trials

 Conv. threshold (charge):               1.00e-05
 Conv. threshold (energy):               1.00e-06
 Initial guess:                          SAD

 -------------
  SCC Trial 1 
 -------------
 Broyden mixing factor:                  0.400000000
 Max number of iterations:             128

 ---------------------------------------------------------------
                  energy        change          grad        time
 ---------------------------------------------------------------
   0      -260.642981277                    6.79e-01        0.04
   1      -261.656150129     -1.01e+00      3.92e-01        0.03
   2      -261.638962257      1.72e-02      7.48e-02        0.03
   3      -261.646687151     -7.72e-03      1.47e-02        0.03
   4      -261.674462061     -2.78e-02      5.39e-03        0.03
   5      -261.678968701     -4.51e-03      1.05e-03        0.03
   6      -261.679026321     -5.76e-05      4.38e-04        0.03
   7      -261.679042585     -1.63e-05      1.33e-04        0.04
   8      -261.679043812     -1.23e-06      4.98e-05        0.03
   9      -261.679043844     -3.25e-08      2.47e-05        0.03
  10      -261.679043852     -8.10e-09      1.38e-05        0.03
  11      -261.679043868     -1.59e-08      3.02e-06        0.03
  12      -261.679043869     -3.90e-10      8.64e-07        0.03

 SCF converged in 11 iterations.

 Entropy contribution (-ST):             0.000000000
 Dipole moment (in Debye):              -0.467064      -1.922556       2.417618

 -----------------
  Excitation -1 2 
 -----------------
 Setting up Delta-SCF
 Ground-Excited state overlap:           0.000000000
 No correction applied to the TDM.
 Excitation energy:                      0.065742704
 Excitation energy (in eV):              1.788950109
 Transition dipole:                     -0.00000      -0.00000      -0.00000

 -----------------
  Excitation -1 1 
 -----------------
 Setting up Delta-SCF
 Ground-Excited state overlap:          -0.000000000
 No correction applied to the TDM.
 Excitation energy:                      0.095737385
 Excitation energy (in eV):              2.605146958
 Transition dipole:                     -2.72704       3.37326       0.86888

 ----------------
  Excitation 0 1 
 ----------------
 Setting up Delta-SCF
 Ground-Excited state overlap:          -0.000000000
 No correction applied to the TDM.
 Excitation energy:                      0.057411986
 Excitation energy (in eV):              1.562259717
 Transition dipole:                      0.00000       0.00000       0.00000

 ----------------
  Excitation 0 2 
 ----------------
 Setting up Delta-SCF
 Ground-Excited state overlap:          -0.000000000
 No correction applied to the TDM.
 Excitation energy:                      0.098482456
 Excitation energy (in eV):              2.679844146
 Transition dipole:                      3.70248      -1.21803       1.64802

 --------------------------------------------------------------------------------

 End time:                               Mon Jun  7 16:54:39 2021
 Total wall-clock time:                  0.970 seconds
==================================================================================
