
================================================================================
          _____________ ________ _______________ ________     _________         
         / ___________// ______ \\_____   _____// ______ \   / ________)        
        / /_________  / /      \ \     | |     / /      \ \ | (_______          
       |  __________|| |        | |    | |    | |        | | \________ \        
        \ \_________ | |        | |    | |     \ \______/ /___________) |       
         \__________||_|        |_|    |_|      \________//____________/        
                                                                                
====================================[ Qcore ]===================================

 Git hash:   7200a4ff984a1591d3ca912b7a1362c2a46a44da
 Git date:   Mon, 7 Jun 2021 16:06:02 +0100
 Compiler:   GNU 9.1.0
 Build type: Release
 Version:    1.4.1

 Start time: Mon Jun  7 16:54:24 2021

 Data directory: /home/of15641/.local/src/Qcore/release/share/entos/1.4.1/data
 Number of threads: 18
 Number of threads was determined by: command line argument
  - More threads can be used by running 'qcore -n 24'

 --------------------------------------------------------------------------------
                                  command: bchla                                 
 --------------------------------------------------------------------------------
 XTB basis setup:                        reference basis
 Number of basis functions:            488
 GFN version:                            gfn1
 Integral screening threshold:           1.00e-10
 Total charge:                           0.000000000
 Number of electrons:                  436.000000000
 Electronic temperature (Kelvin):        0.000000000

 D3BJ energy:                           -0.124711620
 Repulsive energy:                       3.000437148

 ****************************************************
  Running robust self-consistent charge (SCC) solver 
 ****************************************************
 Number of SCC trials:                   4
 Using the stop-early mechanism for the first 3 trials

 Conv. threshold (charge):               1.00e-05
 Conv. threshold (energy):               1.00e-06
 Initial guess:                          SAD

 -------------
  SCC Trial 1 
 -------------
 Broyden mixing factor:                  0.400000000
 Max number of iterations:             128

 ---------------------------------------------------------------
                  energy        change          grad        time
 ---------------------------------------------------------------
   0      -260.694711877                    6.81e-01        0.05
   1      -261.721500252     -1.03e+00      3.94e-01        0.04
   2      -261.705422771      1.61e-02      7.60e-02        0.04
   3      -261.720111816     -1.47e-02      1.43e-02        0.04
   4      -261.741792094     -2.17e-02      5.32e-03        0.04
   5      -261.745948215     -4.16e-03      1.39e-03        0.04
   6      -261.746114647     -1.66e-04      5.11e-04        0.04
   7      -261.746135350     -2.07e-05      1.34e-04        0.04
   8      -261.746136471     -1.12e-06      5.30e-05        0.04
   9      -261.746136715     -2.44e-07      2.68e-05        0.04
  10      -261.746136765     -5.02e-08      9.15e-06        0.04
  11      -261.746136765     -3.18e-10      3.03e-06        0.04

 SCF converged in 10 iterations.

 Entropy contribution (-ST):             0.000000000
 Dipole moment (in Debye):               4.597346      -1.349179       3.191074

 -----------------
  Excitation -1 2 
 -----------------
 Setting up Delta-SCF
 Ground-Excited state overlap:           0.000000000
 No correction applied to the TDM.
 Excitation energy:                      0.098970473
 Excitation energy (in eV):              2.693123760
 Transition dipole:                     -3.76504      -2.03469       0.16347

 -----------------
  Excitation -1 1 
 -----------------
 Setting up Delta-SCF
 Ground-Excited state overlap:          -0.000000000
 No correction applied to the TDM.
 Excitation energy:                      0.062946341
 Excitation energy (in eV):              1.712857187
 Transition dipole:                      0.00003       0.00002       0.00000

 ----------------
  Excitation 0 1 
 ----------------
 Setting up Delta-SCF
 Ground-Excited state overlap:          -0.000000000
 No correction applied to the TDM.
 Excitation energy:                      0.093956484
 Excitation energy (in eV):              2.556686178
 Transition dipole:                     -0.01453      -3.95135      -1.17496

 ----------------
  Excitation 0 2 
 ----------------
 Setting up Delta-SCF
 Ground-Excited state overlap:          -0.000000000
 No correction applied to the TDM.
 Excitation energy:                      0.058962276
 Excitation energy (in eV):              1.604445272
 Transition dipole:                     -0.00001      -0.00005      -0.00004

 --------------------------------------------------------------------------------

 End time:                               Mon Jun  7 16:54:26 2021
 Total wall-clock time:                  1.242 seconds
==================================================================================
