
================================================================================
          _____________ ________ _______________ ________     _________         
         / ___________// ______ \\_____   _____// ______ \   / ________)        
        / /_________  / /      \ \     | |     / /      \ \ | (_______          
       |  __________|| |        | |    | |    | |        | | \________ \        
        \ \_________ | |        | |    | |     \ \______/ /___________) |       
         \__________||_|        |_|    |_|      \________//____________/        
                                                                                
====================================[ Qcore ]===================================

 Git hash:   fc43f77b6a8cbdee6391b0b1942a9275fb449ad1
 Git date:   Thu, 3 Jun 2021 15:25:24 +0100
 Compiler:   GNU 9.1.0
 Build type: Release
 Version:    1.4.1

 Start time: Thu Jun  3 17:48:19 2021

 Data directory: /home/of15641/.local/src/Qcore/release/share/entos/1.4.1/data
 Number of threads: 18
 Number of threads was determined by: command line argument
  - More threads can be used by running 'qcore -n 32'

 --------------------------------------------------------------------------------
                                  command: bchla                                 
 --------------------------------------------------------------------------------
 XTB basis setup:                        reference basis
 Number of basis functions:            488
 GFN version:                            gfn1
 Integral screening threshold:           1.00e-10
 Total charge:                           0.000000000
 Number of electrons:                  436.000000000
 Electronic temperature (Kelvin):        0.000000000

 D3BJ energy:                           -0.122379540
 Repulsive energy:                       3.001983960

 ****************************************************
  Running robust self-consistent charge (SCC) solver 
 ****************************************************
 Number of SCC trials:                   4
 Using the stop-early mechanism for the first 3 trials

 Conv. threshold (charge):               1.00e-05
 Conv. threshold (energy):               1.00e-06
 Initial guess:                          SAD

 -------------
  SCC Trial 1 
 -------------
 Broyden mixing factor:                  0.400000000
 Max number of iterations:             128

 ---------------------------------------------------------------
                  energy        change          grad        time
 ---------------------------------------------------------------
   0      -260.708890963                    6.81e-01        0.03
   1      -261.727056308     -1.02e+00      3.94e-01        0.03
   2      -261.687391029      3.97e-02      7.53e-02        0.03
   3      -261.688277829     -8.87e-04      2.06e-02        0.03
   4      -261.751713647     -6.34e-02      5.39e-03        0.03
   5      -261.755613154     -3.90e-03      1.25e-03        0.03
   6      -261.755648406     -3.53e-05      5.21e-04        0.03
   7      -261.755666363     -1.80e-05      1.82e-04        0.03
   8      -261.755667981     -1.62e-06      9.06e-05        0.03
   9      -261.755668081     -9.99e-08      3.56e-05        0.03
  10      -261.755668091     -9.29e-09      8.45e-06        0.03
  11      -261.755668095     -4.68e-09      2.78e-06        0.03

 SCF converged in 10 iterations.

 Entropy contribution (-ST):             0.000000000
 Dipole moment (in Debye):               2.872076      -6.429520       0.309661
 Setting up Delta-SCF
 Ground-Excited state overlap:           0.000000000
 No correction applied to the TDM.
 Excitation energy:                      0.058569767
 Excitation energy (in eV):              1.593764540
 Transition dipole:                     -0.00000      -0.00000      -0.00000
 ------------------------------------------------------
           transition charges and positions           
           --------------------------------           
          atom  charge/e  x/bohr  y/bohr  z/bohr       
 ------------------------------------------------------
     1  Mg      -0.000000     32.227389     -4.323693     52.439900
     2  C       -0.000000     31.271188     -0.668963     58.063725
     3  C       -0.000000     35.625117     -8.558570     56.043608
     4  C       -0.000000     34.039637     -6.935295     47.146777
     5  C       -0.000000     29.086665      0.419519     49.195240
     6  N       -0.000000     33.799641     -4.302906     56.619974
     7  C       -0.000000     32.903911     -2.715536     58.454898
     8  C       -0.000000     33.603110     -3.781342     61.096735
     9  C       -0.000000     35.120560     -6.287119     60.463677
    10  C       -0.000000     34.929698     -6.470422     57.504366
    11  C       -0.000000     37.987275     -6.445856     61.327282
    12  C       -0.000000     31.327880     -4.319914     62.867409
    13  C       -0.000000     31.528191     -3.495993     65.547040
    14  H       -0.000000     34.115226     -2.878053     66.888746
    15  N       -0.000000     34.591437     -7.403947     51.608420
    16  C       -0.000000     35.638345     -9.106590     53.326182
    17  C       -0.000000     37.116111    -11.007655     51.920225
    18  C       -0.000000     36.458486    -10.642938     49.289727
    19  C       -0.000000     34.990169     -8.259993     49.242483
    20  C       -0.000000     38.797967    -12.984308     53.054061
    21  C       -0.000000     37.112331    -12.213300     46.912451
    22  O       -0.000000     35.989834    -12.064012     44.841311
    23  C       -0.000000     38.985050    -14.259873     47.199689
    24  N       -0.000000     31.730391     -3.314580     48.838082
    25  C       -0.000000     32.830212     -4.722426     46.944576
    26  C       -0.000000     31.832437     -3.911733     44.304629
    27  C       -0.000000     29.674369     -1.967205     45.092645
    28  C       -0.000000     30.146801     -1.593039     47.898888
    29  C       -0.000000     33.788303     -2.794905     42.335534
    30  C       -0.000000     26.956943     -2.760890     44.601316
    31  C       -0.000000     25.515082     -1.169740     42.628442
    32  N       -0.000000     30.199713     -1.016673     53.394212
    33  C       -0.000000     29.075326      0.744552     51.850305
    34  C       -0.000000     28.115345      2.861045     53.367755
    35  C       -0.000000     28.861787      2.280899     55.805502
    36  C       -0.000000     30.118455     -0.073699     55.741251
    37  C       -0.000000     26.781199      5.198637     52.521158
    38  C       -0.000000     28.703050      3.210645     58.315058
    39  O       -0.000000     27.540869      5.068245     59.265591
    40  C       -0.000000     30.199713      1.432412     59.836288
    41  C       -0.000000     32.148021      2.840258     61.355628
    42  O       -0.000000     33.967827      3.838034     60.522259
    43  O       -0.000000     31.596221      2.689080     63.808492
    44  C       -0.000000     32.820763      4.340701     65.543261
    45  H       -0.000000     36.745724     -9.979644     57.035714
    46  H       -0.000000     34.421361     -7.645832     45.245713
    47  H       -0.000000     28.232508      1.970984     48.138883
    48  H       -0.000000     34.812535     -2.360268     61.971679
    49  H       -0.000000     34.147351     -7.916063     61.263031
    50  H       -0.000000     38.624112     -4.920847     62.555604
    51  H       -0.000000     39.128669     -6.256883     59.620859
    52  H       -0.000000     38.382227     -8.280780     62.177659
    53  H       -0.000000     30.895132     -6.328693     63.026146
    54  H       -0.000000     29.593111     -3.409066     62.234350
    55  H       -0.000000     30.819543     -4.983208     66.784811
    56  H       -0.000000     30.328215     -1.836814     65.764359
    57  H       -0.000000     40.674465    -12.846358     52.216912
    58  H       -0.000000     37.975936    -14.802225     52.541945
    59  H       -0.000000     38.690253    -12.982418     55.111973
    60  H       -0.000000     40.778400    -13.388710     47.717474
    61  H       -0.000000     39.221266    -15.047889     45.311853
    62  H       -0.000000     38.289631    -15.784882     48.395886
    63  H       -0.000000     30.934817     -5.593589     43.522282
    64  H       -0.000000     30.023969     -0.236216     44.032508
    65  H       -0.000000     35.678029     -2.768449     43.151896
    66  H       -0.000000     33.204378     -0.978878     41.555077
    67  H       -0.000000     33.758067     -4.030786     40.687693
    68  H       -0.000000     25.766416     -3.053797     46.256716
    69  H       -0.000000     27.036312     -4.646837     43.779285
    70  H       -0.000000     23.581892     -0.633058     43.093315
    71  H       -0.000000     25.129578     -2.420739     41.037293
    72  H       -0.000000     26.441048      0.574477     42.048296
    73  H       -0.000000     25.993183      5.019113     50.625763
    74  H       -0.000000     28.136132      6.727425     52.258486
    75  H       -0.000000     25.505634      5.725870     54.049947
    76  H       -0.000000     28.859897      0.512116     61.100515
    77  H       -0.000000     31.972276      6.198302     65.261692
    78  H       -0.000000     34.803086      4.595814     65.044373
    79  H       -0.000000     32.454156      3.779452     67.491569
    80  Mg      -0.000000     49.255711     96.287215     50.467026
    81  C       -0.000000     45.260830     98.672050     54.968354
    82  C       -0.000000     53.140988     94.182060     54.991030
    83  C       -0.000000     53.209018     94.459850     45.818300
    84  C       -0.000000     45.478149     99.467624     45.689798
    85  N       -0.000000     49.399331     96.901376     54.607416
    86  C       -0.000000     47.498266     97.717738     56.062505
    87  C       -0.000000     48.178568     97.373808     59.016147
    88  C       -0.000000     50.746705     95.890373     58.778041
    89  C       -0.000000     51.241814     95.667385     55.915106
    90  C       -0.000000     52.914221     97.043106     60.344624
    91  C       -0.000000     46.124435     95.933836     60.546825
    92  C       -0.000000     46.840641     94.890708     63.217008
    93  H       -0.000000     45.859874     96.389260     65.596173
    94  N       -0.000000     52.780051     94.622367     50.421672
    95  C       -0.000000     53.972468     93.730416     52.415334
    96  C       -0.000000     56.277934     92.488866     51.576295
    97  C       -0.000000     56.508480     92.692956     48.896663
    98  C       -0.000000     54.099079     93.960962     48.261715
    99  C       -0.000000     58.318838     91.424950     53.294056
   100  C       -0.000000     58.651430     91.927617     47.127880
   101  O       -0.000000     58.761034     92.742089     44.958474
   102  C       -0.000000     60.629973     90.170172     48.082192
   103  N       -0.000000     49.359646     96.967517     46.330415
   104  C       -0.000000     51.126540     95.931947     44.880995
   105  C       -0.000000     50.553953     96.268318     42.052075
   106  C       -0.000000     47.940462     97.483412     42.171128
   107  C       -0.000000     47.621098     98.055999     44.896113
   108  C       -0.000000     52.483364     97.710179     40.432580
   109  C       -0.000000     45.918455     96.035882     40.780290
   110  C       -0.000000     44.669346     97.419161     38.471044
   111  N       -0.000000     46.065854     98.458511     50.278053
   112  C       -0.000000     44.627772     99.503529     48.229590
   113  C       -0.000000     42.310968    100.641144     49.129100
   114  C       -0.000000     42.564191    100.274537     51.780386
   115  C       -0.000000     44.816745     99.000862     52.335965
   116  C       -0.000000     40.065973    101.638920     47.760938
   117  C       -0.000000     41.044851    100.501304     54.029160
   118  O       -0.000000     38.801747    101.041766     54.439230
   119  C       -0.000000     42.688913     99.749193     56.232580
   120  C       -0.000000     43.386222    102.158594     57.725464
   121  O       -0.000000     44.023060    104.242962     56.861859
   122  O       -0.000000     43.197249    101.599235     60.233130
   123  C       -0.000000     43.718814    103.672265     62.086952
   124  H       -0.000000     54.437340     93.206962     56.266595
   125  H       -0.000000     54.533717     94.282216     44.246047
   126  H       -0.000000     44.306519    100.147926     44.134554
   127  H       -0.000000     48.479034     99.301328     59.673772
   128  H       -0.000000     50.408444     93.964742     59.426217
   129  H       -0.000000     53.898769     95.474633     61.244134
   130  H       -0.000000     52.213133     98.246861     61.862074
   131  H       -0.000000     54.199235     98.116470     59.144648
   132  H       -0.000000     45.799402     94.193399     59.494248
   133  H       -0.000000     44.472815     97.135702     60.811387
   134  H       -0.000000     48.885325     95.074011     63.396532
   135  H       -0.000000     46.113097     92.972636     63.390863
   136  H       -0.000000     57.818061     91.642268     55.280158
   137  H       -0.000000     60.091401     92.417056     52.955795
   138  H       -0.000000     58.660878     89.427509     52.933118
   139  H       -0.000000     59.592513     88.609258     48.938237
   140  H       -0.000000     62.051047     90.723862     49.465471
   141  H       -0.000000     61.837508     89.438848     46.583639
   142  H       -0.000000     50.395216     94.389930     41.224375
   143  H       -0.000000     48.067074     99.289990     41.190360
   144  H       -0.000000     52.515489     96.668940     38.656238
   145  H       -0.000000     54.293721     97.842460     41.405789
   146  H       -0.000000     52.052506     99.707620     40.173688
   147  H       -0.000000     44.408564     95.862027     42.169238
   148  H       -0.000000     46.549624     94.208516     40.071642
   149  H       -0.000000     45.468700     99.306998     38.265064
   150  H       -0.000000     42.662457     97.617582     38.894343
   151  H       -0.000000     44.703361     96.379812     36.692812
   152  H       -0.000000     40.200144    101.189165     45.755939
   153  H       -0.000000     40.247387    103.687383     47.855424
   154  H       -0.000000     38.452147    100.743189     48.679345
   155  H       -0.000000     41.500275     98.477408     57.334291
   156  H       -0.000000     45.419567    104.773975     61.714676
   157  H       -0.000000     43.750939    103.065663     64.054157
   158  H       -0.000000     42.178687    105.017750     61.843177
 ------------------------------------------------------

 --------------------------------------------------------------------------------

 End time:                               Thu Jun  3 17:48:19 2021
 Total wall-clock time:                  0.646 seconds
==================================================================================
