
================================================================================
          _____________ ________ _______________ ________     _________         
         / ___________// ______ \\_____   _____// ______ \   / ________)        
        / /_________  / /      \ \     | |     / /      \ \ | (_______          
       |  __________|| |        | |    | |    | |        | | \________ \        
        \ \_________ | |        | |    | |     \ \______/ /___________) |       
         \__________||_|        |_|    |_|      \________//____________/        
                                                                                
====================================[ Qcore ]===================================

 Git hash:   fc43f77b6a8cbdee6391b0b1942a9275fb449ad1
 Git date:   Thu, 3 Jun 2021 15:25:24 +0100
 Compiler:   GNU 9.1.0
 Build type: Release
 Version:    1.4.1

 Start time: Thu Jun  3 17:46:42 2021

 Data directory: /home/of15641/.local/src/Qcore/release/share/entos/1.4.1/data
 Number of threads: 18
 Number of threads was determined by: command line argument
  - More threads can be used by running 'qcore -n 24'

 --------------------------------------------------------------------------------
                                  command: bchla                                 
 --------------------------------------------------------------------------------
 XTB basis setup:                        reference basis
 Number of basis functions:            488
 GFN version:                            gfn1
 Integral screening threshold:           1.00e-10
 Total charge:                           0.000000000
 Number of electrons:                  436.000000000
 Electronic temperature (Kelvin):        0.000000000

 D3BJ energy:                           -0.122342555
 Repulsive energy:                       2.949960368

 ****************************************************
  Running robust self-consistent charge (SCC) solver 
 ****************************************************
 Number of SCC trials:                   4
 Using the stop-early mechanism for the first 3 trials

 Conv. threshold (charge):               1.00e-05
 Conv. threshold (energy):               1.00e-06
 Initial guess:                          SAD

 -------------
  SCC Trial 1 
 -------------
 Broyden mixing factor:                  0.400000000
 Max number of iterations:             128

 ---------------------------------------------------------------
                  energy        change          grad        time
 ---------------------------------------------------------------
   0      -260.598611644                    6.79e-01        0.03
   1      -261.623300042     -1.02e+00      3.92e-01        0.03
   2      -261.594493586      2.88e-02      7.63e-02        0.03
   3      -261.597416454     -2.92e-03      1.82e-02        0.03
   4      -261.644301357     -4.69e-02      5.74e-03        0.03
   5      -261.649214399     -4.91e-03      1.06e-03        0.03
   6      -261.649250974     -3.66e-05      4.57e-04        0.03
   7      -261.649267969     -1.70e-05      1.59e-04        0.03
   8      -261.649270087     -2.12e-06      6.24e-05        0.03
   9      -261.649270242     -1.55e-07      3.17e-05        0.03
  10      -261.649270282     -4.06e-08      1.60e-05        0.03
  11      -261.649270293     -1.11e-08      3.14e-06        0.03
  12      -261.649270294     -2.23e-10      8.49e-07        0.03

 SCF converged in 11 iterations.

 Entropy contribution (-ST):             0.000000000
 Dipole moment (in Debye):               0.058436      -3.224952       4.115433
 Setting up Delta-SCF
 Ground-Excited state overlap:          -0.000000000
 No correction applied to the TDM.
 Excitation energy:                      0.058335812
 Excitation energy (in eV):              1.587398307
 Transition dipole:                      0.00000       0.00000       0.00000
 ------------------------------------------------------
           transition charges and positions           
           --------------------------------           
          atom  charge/e  x/bohr  y/bohr  z/bohr       
 ------------------------------------------------------
     1  Mg       0.000000     46.220811    -14.747423     86.417176
     2  C        0.000000     50.240259     -9.533668     84.238321
     3  C        0.000000     41.360436    -11.478196     83.506997
     4  C        0.000000     43.163234    -19.940390     86.456860
     5  C        0.000000     52.009042    -17.706734     88.378711
     6  N        0.000000     46.001603    -10.896161     83.820692
     7  C        0.000000     47.819520     -9.127377     83.232987
     8  C        0.000000     46.653559     -7.084583     81.416960
     9  C        0.000000     43.779285     -7.451190     81.656956
    10  C        0.000000     43.688578    -10.074130     83.064802
    11  C        0.000000     42.201364     -5.429183     83.204641
    12  C        0.000000     47.691018     -7.222533     78.646622
    13  C        0.000000     48.165339     -4.722426     77.340821
    14  H        0.000000     46.141443     -3.843703     75.383065
    15  N        0.000000     42.715369    -15.561895     85.398613
    16  C        0.000000     40.906901    -13.985863     84.432963
    17  C        0.000000     38.514508    -15.410717     84.034231
    18  C        0.000000     39.077647    -17.899486     84.860041
    19  C        0.000000     41.753499    -17.895706     85.538453
    20  C        0.000000     36.059754    -14.418610     82.838034
    21  C        0.000000     37.450592    -20.282430     84.638943
    22  O        0.000000     35.292525    -20.021648     83.826361
    23  C        0.000000     38.223490    -22.729626     85.353260
    24  N        0.000000     47.634326    -18.473963     86.842364
    25  C        0.000000     45.720034    -20.201172     87.242986
    26  C        0.000000     46.946466    -22.714508     88.276666
    27  C        0.000000     49.852865    -22.111685     88.305012
    28  C        0.000000     49.799953    -19.203397     88.002656
    29  C        0.000000     45.926014    -23.659371     90.861812
    30  C        0.000000     51.631097    -23.477957     86.328359
    31  C        0.000000     52.460687    -26.206722     86.893387
    32  N        0.000000     50.327186    -13.931061     86.487096
    33  C        0.000000     52.326516    -15.219854     87.558570
    34  C        0.000000     54.609306    -13.728860     87.568019
    35  C        0.000000     53.859084    -11.434733     86.290564
    36  C        0.000000     51.255042    -11.589690     85.525225
    37  C        0.000000     57.099965    -14.639708     88.556346
    38  C        0.000000     54.788830     -9.148164     85.368378
    39  O        0.000000     56.950676     -8.346920     85.192633
    40  C        0.000000     52.625093     -7.916063     83.803684
    41  C        0.000000     52.290612     -5.327138     84.960197
    42  O        0.000000     52.196125     -3.363713     83.707308
    43  O        0.000000     51.765268     -5.296902     87.654946
    44  C        0.000000     50.797728     -2.855376     88.512882
    45  H        0.000000     39.767397    -10.425619     82.726541
    46  H        0.000000     42.273173    -21.748858     86.899056
    47  H        0.000000     53.564287    -18.789547     89.195073
    48  H        0.000000     46.923789     -5.226982     82.269227
    49  H        0.000000     42.894893     -7.789451     79.827701
    50  H        0.000000     41.192250     -4.352039     81.768449
    51  H        0.000000     43.441024     -4.108265     84.183519
    52  H        0.000000     40.961703     -6.192633     84.661620
    53  H        0.000000     46.398446     -8.072910     77.286019
    54  H        0.000000     49.501376     -8.205191     78.608827
    55  H        0.000000     50.066404     -4.811243     76.552805
    56  H        0.000000     48.193685     -3.261667     78.794020
    57  H        0.000000     34.434589    -15.168832     83.858487
    58  H        0.000000     36.190145    -15.027102     80.874609
    59  H        0.000000     35.927473    -12.372037     83.011889
    60  H        0.000000     38.463486    -22.748523     87.399833
    61  H        0.000000     39.869442    -23.447722     84.344146
    62  H        0.000000     36.660687    -23.854013     84.618156
    63  H        0.000000     46.704581    -24.330224     87.023778
    64  H        0.000000     50.659778    -22.398924     90.177731
    65  H        0.000000     47.581414    -23.772755     92.082575
    66  H        0.000000     45.119101    -25.533979     90.589691
    67  H        0.000000     44.542734    -22.223179     91.383376
    68  H        0.000000     53.295946    -22.264753     86.273556
    69  H        0.000000     50.697572    -23.661261     84.500993
    70  H        0.000000     51.638656    -26.471284     88.764216
    71  H        0.000000     54.497812    -26.321995     87.188184
    72  H        0.000000     51.820070    -27.671260     85.595145
    73  H        0.000000     57.504366    -16.359359     87.499989
    74  H        0.000000     57.026265    -15.268987     90.515992
    75  H        0.000000     58.664658    -13.396268     88.057458
    76  H        0.000000     53.337520     -7.681737     81.885612
    77  H        0.000000     49.786724     -3.603708     90.145605
    78  H        0.000000     49.801842     -1.844373     87.019998
    79  H        0.000000     52.419113     -1.821696     89.251765
    80  Mg       0.000000     88.236982     84.249660     83.879273
    81  C        0.000000     81.740104     84.516111     82.397728
    82  C        0.000000     88.488316     78.228992     81.207201
    83  C        0.000000     94.637484     84.897836     83.580697
    84  C        0.000000     87.713528     90.774884     85.600814
    85  N        0.000000     85.447746     81.736324     82.123718
    86  C        0.000000     82.987323     82.244660     81.681522
    87  C        0.000000     81.719317     80.079034     80.122498
    88  C        0.000000     83.777228     77.896401     80.464538
    89  C        0.000000     86.163952     79.351490     81.418850
    90  C        0.000000     83.331253     75.696759     82.333478
    91  C        0.000000     81.356489     80.999331     77.314365
    92  C        0.000000     78.899845     80.016673     76.040690
    93  H        0.000000     79.171966     79.187084     73.179644
    94  N        0.000000     91.277551     81.694750     82.907954
    95  C        0.000000     90.888268     79.321254     81.951753
    96  C        0.000000     93.299558     78.208205     81.664514
    97  C        0.000000     95.187395     80.060137     82.187969
    98  C        0.000000     93.764431     82.361823     83.040235
    99  C        0.000000     93.773879     75.541802     80.763115
   100  C        0.000000     97.952064     79.842818     81.692860
   101  O        0.000000     98.861022     78.006005     80.634614
   102  C        0.000000     99.790767     81.764670     82.265447
   103  N        0.000000     90.780553     87.554791     84.330918
   104  C        0.000000     93.397824     87.140941     84.402728
   105  C        0.000000     94.745199     89.452076     85.321135
   106  C        0.000000     92.583352     91.419281     85.867265
   107  C        0.000000     90.223084     89.905610     85.253104
   108  C        0.000000     96.342017     88.754767     87.637939
   109  C        0.000000     93.033107     94.076236     84.603039
   110  C        0.000000     93.076571     96.323120     86.326469
   111  N        0.000000     85.315465     87.173066     84.081474
   112  C        0.000000     85.436408     89.629710     84.909174
   113  C        0.000000     82.872049     90.731420     85.071691
   114  C        0.000000     81.437747     88.752877     83.962421
   115  C        0.000000     82.947639     86.657171     83.573138
   116  C        0.000000     82.065136     93.386486     85.818132
   117  C        0.000000     78.964096     88.187849     82.985433
   118  O        0.000000     77.051693     89.539003     82.858821
   119  C        0.000000     78.952757     85.483651     81.970650
   120  C        0.000000     76.966655     83.954863     83.189523
   121  O        0.000000     75.337711     82.970315     82.036791
   122  O        0.000000     77.406962     83.488100     85.687741
   123  C        0.000000     75.634398     81.558690     86.660950
   124  H        0.000000     88.609258     76.286354     80.519340
   125  H        0.000000     96.699176     84.912954     83.609043
   126  H        0.000000     87.197633     92.736420     85.986318
   127  H        0.000000     79.905179     79.642508     80.995551
   128  H        0.000000     84.637054     77.217989     78.720321
   129  H        0.000000     82.050019     76.282574     83.837700
   130  H        0.000000     85.011219     74.863390     83.185744
   131  H        0.000000     82.359934     74.239781     81.250664
   132  H        0.000000     83.004330     80.526899     76.171081
   133  H        0.000000     81.288459     83.053463     77.452315
   134  H        0.000000     77.611052     81.615382     76.205096
   135  H        0.000000     78.283794     78.537018     77.335152
   136  H        0.000000     95.589906     74.714102     81.273341
   137  H        0.000000     93.605694     75.694870     78.716542
   138  H        0.000000     92.248870     74.186868     81.048464
   139  H        0.000000     99.735965     82.048129     84.306352
   140  H        0.000000     99.418491     83.491880     81.205311
   141  H        0.000000    101.648368     81.076810     81.700419
   142  H        0.000000     95.822343     90.317570     83.794236
   143  H        0.000000     92.048560     91.729196     87.832581
   144  H        0.000000     96.593351     86.723311     87.872265
   145  H        0.000000     95.472743     89.406722     89.387825
   146  H        0.000000     98.301663     89.293339     87.307237
   147  H        0.000000     91.511877     94.251980     83.225428
   148  H        0.000000     94.890708     94.287885     83.741323
   149  H        0.000000     91.681953     97.659156     85.612152
   150  H        0.000000     94.892597     97.294439     86.275446
   151  H        0.000000     92.866811     95.826122     88.314461
   152  H        0.000000     82.231432     94.733860     84.268557
   153  H        0.000000     83.019448     94.081905     87.507548
   154  H        0.000000     80.041240     93.112475     86.084584
   155  H        0.000000     78.359383     85.487430     79.999666
   156  H        0.000000     76.069035     81.260113     88.652722
   157  H        0.000000     75.817702     79.801245     85.602704
   158  H        0.000000     73.670973     82.172851     86.740319
 ------------------------------------------------------

 --------------------------------------------------------------------------------

 End time:                               Thu Jun  3 17:46:43 2021
 Total wall-clock time:                  0.660 seconds
==================================================================================
