
================================================================================
          _____________ ________ _______________ ________     _________         
         / ___________// ______ \\_____   _____// ______ \   / ________)        
        / /_________  / /      \ \     | |     / /      \ \ | (_______          
       |  __________|| |        | |    | |    | |        | | \________ \        
        \ \_________ | |        | |    | |     \ \______/ /___________) |       
         \__________||_|        |_|    |_|      \________//____________/        
                                                                                
====================================[ Qcore ]===================================

 Git hash:   7200a4ff984a1591d3ca912b7a1362c2a46a44da
 Git date:   Mon, 7 Jun 2021 16:06:02 +0100
 Compiler:   GNU 9.1.0
 Build type: Release
 Version:    1.4.1

 Start time: Mon Jun  7 16:54:25 2021

 Data directory: /home/of15641/.local/src/Qcore/release/share/entos/1.4.1/data
 Number of threads: 18
 Number of threads was determined by: command line argument
  - More threads can be used by running 'qcore -n 28'

 --------------------------------------------------------------------------------
                                  command: bchla                                 
 --------------------------------------------------------------------------------
 XTB basis setup:                        reference basis
 Number of basis functions:            488
 GFN version:                            gfn1
 Integral screening threshold:           1.00e-10
 Total charge:                           0.000000000
 Number of electrons:                  436.000000000
 Electronic temperature (Kelvin):        0.000000000

 D3BJ energy:                           -0.123922109
 Repulsive energy:                       2.966378178

 ****************************************************
  Running robust self-consistent charge (SCC) solver 
 ****************************************************
 Number of SCC trials:                   4
 Using the stop-early mechanism for the first 3 trials

 Conv. threshold (charge):               1.00e-05
 Conv. threshold (energy):               1.00e-06
 Initial guess:                          SAD

 -------------
  SCC Trial 1 
 -------------
 Broyden mixing factor:                  0.400000000
 Max number of iterations:             128

 ---------------------------------------------------------------
                  energy        change          grad        time
 ---------------------------------------------------------------
   0      -260.611570808                    6.80e-01        0.12
   1      -261.639783809     -1.03e+00      3.93e-01        0.12
   2      -261.613705371      2.61e-02      7.61e-02        0.10
   3      -261.618868857     -5.16e-03      1.73e-02        0.11
   4      -261.659375421     -4.05e-02      6.34e-03        0.08
   5      -261.665723003     -6.35e-03      1.33e-03        0.11
   6      -261.665819255     -9.63e-05      5.58e-04        0.11
   7      -261.665842037     -2.28e-05      1.91e-04        0.11
   8      -261.665844829     -2.79e-06      8.74e-05        0.12
   9      -261.665845466     -6.38e-07      4.31e-05        0.09
  10      -261.665845558     -9.16e-08      1.67e-05        0.10
  11      -261.665845558     -6.15e-10      4.97e-06        0.14
  12      -261.665845560     -1.43e-09      1.74e-06        0.15

 SCF converged in 11 iterations.

 Entropy contribution (-ST):             0.000000000
 Dipole moment (in Debye):               4.886113      -0.943524       5.110467

 -----------------
  Excitation -1 2 
 -----------------
 Setting up Delta-SCF
 Ground-Excited state overlap:           0.000000000
 No correction applied to the TDM.
 Excitation energy:                      0.067776287
 Excitation energy (in eV):              1.844286735
 Transition dipole:                     -0.00000       0.00000       0.00000

 -----------------
  Excitation -1 1 
 -----------------
 Setting up Delta-SCF
 Ground-Excited state overlap:           0.000000000
 No correction applied to the TDM.
 Excitation energy:                      0.096560981
 Excitation energy (in eV):              2.627558164
 Transition dipole:                      2.72728      -3.37478      -0.86905

 ----------------
  Excitation 0 1 
 ----------------
 Setting up Delta-SCF
 Ground-Excited state overlap:          -0.000000000
 No correction applied to the TDM.
 Excitation energy:                      0.049511721
 Excitation energy (in eV):              1.347282557
 Transition dipole:                      0.00000      -0.00000      -0.00000

 ----------------
  Excitation 0 2 
 ----------------
 Setting up Delta-SCF
 Ground-Excited state overlap:          -0.000000000
 No correction applied to the TDM.
 Excitation energy:                      0.093516359
 Excitation energy (in eV):              2.544709758
 Transition dipole:                     -0.01450      -3.95119      -1.17466

 --------------------------------------------------------------------------------

 End time:                               Mon Jun  7 16:54:28 2021
 Total wall-clock time:                  2.988 seconds
==================================================================================
