
================================================================================
          _____________ ________ _______________ ________     _________         
         / ___________// ______ \\_____   _____// ______ \   / ________)        
        / /_________  / /      \ \     | |     / /      \ \ | (_______          
       |  __________|| |        | |    | |    | |        | | \________ \        
        \ \_________ | |        | |    | |     \ \______/ /___________) |       
         \__________||_|        |_|    |_|      \________//____________/        
                                                                                
====================================[ Qcore ]===================================

 Git hash:   fc43f77b6a8cbdee6391b0b1942a9275fb449ad1
 Git date:   Thu, 3 Jun 2021 15:25:24 +0100
 Compiler:   GNU 9.1.0
 Build type: Release
 Version:    1.4.1

 Start time: Thu Jun  3 17:41:45 2021

 Data directory: /home/of15641/.local/src/Qcore/release/share/entos/1.4.1/data
 Number of threads: 18
 Number of threads was determined by: command line argument
  - More threads can be used by running 'qcore -n 24'

 --------------------------------------------------------------------------------
                                  command: bchla                                 
 --------------------------------------------------------------------------------
 XTB basis setup:                        reference basis
 Number of basis functions:            488
 GFN version:                            gfn1
 Integral screening threshold:           1.00e-10
 Total charge:                           0.000000000
 Number of electrons:                  436.000000000
 Electronic temperature (Kelvin):        0.000000000

 D3BJ energy:                           -0.122984327
 Repulsive energy:                       2.908213857

 ****************************************************
  Running robust self-consistent charge (SCC) solver 
 ****************************************************
 Number of SCC trials:                   4
 Using the stop-early mechanism for the first 3 trials

 Conv. threshold (charge):               1.00e-05
 Conv. threshold (energy):               1.00e-06
 Initial guess:                          SAD

 -------------
  SCC Trial 1 
 -------------
 Broyden mixing factor:                  0.400000000
 Max number of iterations:             128

 ---------------------------------------------------------------
                  energy        change          grad        time
 ---------------------------------------------------------------
   0      -260.660773902                    6.79e-01        0.04
   1      -261.706666320     -1.05e+00      3.93e-01        0.03
   2      -261.687137259      1.95e-02      7.79e-02        0.03
   3      -261.709127863     -2.20e-02      1.46e-02        0.03
   4      -261.730854014     -2.17e-02      3.65e-03        0.03
   5      -261.732326602     -1.47e-03      7.77e-04        0.03
   6      -261.732352969     -2.64e-05      1.97e-04        0.03
   7      -261.732353744     -7.75e-07      7.72e-05        0.03
   8      -261.732354254     -5.10e-07      3.99e-05        0.03
   9      -261.732354361     -1.06e-07      1.54e-05        0.03
  10      -261.732354365     -4.69e-09      5.10e-06        0.03
  11      -261.732354366     -3.84e-10      1.53e-06        0.03

 SCF converged in 10 iterations.

 Entropy contribution (-ST):             0.000000000
 Dipole moment (in Debye):              -4.806602      -1.954861      -0.487095
 Setting up Delta-SCF
 Ground-Excited state overlap:          -0.000000000
 No correction applied to the TDM.
 Excitation energy:                      0.060591700
 Excitation energy (in eV):              1.648784160
 Transition dipole:                      0.00004       0.00014      -0.00004
 ------------------------------------------------------
           transition charges and positions           
           --------------------------------           
          atom  charge/e  x/bohr  y/bohr  z/bohr       
 ------------------------------------------------------
     1  Mg       0.000000    -17.245641     35.394570     81.390504
     2  C       -0.000000    -10.625930     34.855998     81.006890
     3  C        0.000001    -16.461404     41.730822     79.833370
     4  C       -0.000000    -23.491185     35.967157     80.867050
     5  C        0.000000    -17.580122     28.848559     81.176965
     6  N        0.000000    -13.832795     37.841766     80.224543
     7  C       -0.000000    -11.275996     37.352327     80.415406
     8  C       -0.000000     -9.580911     39.657792     80.405957
     9  C        0.000000    -11.463079     41.870662     80.073365
    10  C        0.000000    -14.074680     40.489272     80.001555
    11  C        0.000000    -11.311901     43.951250     82.216314
    12  C        0.000000     -7.437962     39.742830     78.291353
    13  C       -0.000000     -7.985983     38.457816     75.744003
    14  H       -0.000000     -8.628489     40.160460     73.430978
    15  N        0.000000    -19.581342     38.372779     80.511782
    16  C        0.000001    -18.925607     40.825643     80.046909
    17  C        0.000000    -21.210286     42.382778     79.784237
    18  C        0.000001    -23.311661     40.716039     80.090373
    19  C       -0.000000    -22.130583     38.181916     80.498553
    20  C       -0.000000    -21.159263     45.224926     79.321254
    21  C        0.000000    -26.066882     41.776175     79.723766
    22  O        0.000000    -26.301208     43.994714     79.119053
    23  C        0.000000    -28.432819     39.950700     79.965651
    24  N        0.000000    -20.034876     32.813204     80.836814
    25  C        0.000001    -22.580337     33.468939     80.978544
    26  C       -0.000000    -24.352901     30.946155     81.014449
    27  C        0.000000    -22.208061     28.761632     80.810358
    28  C       -0.000001    -19.813778     30.252626     80.965316
    29  C        0.000000    -26.021529     30.766631     83.431408
    30  C       -0.000000    -22.311996     27.091114     78.317810
    31  C        0.000000    -22.334673     24.197943     78.563474
    32  N       -0.000000    -14.668054     32.348332     81.375386
    33  C       -0.000000    -15.011984     29.782084     81.265782
    34  C       -0.000001    -12.504318     28.553762     81.192083
    35  C       -0.000000    -10.731755     30.566320     81.316805
    36  C       -0.000001    -12.200072     32.818874     81.330033
    37  C       -0.000000    -11.933620     25.777754     80.987993
    38  C       -0.000000     -7.995431     31.091664     81.235547
    39  O       -0.000000     -6.105705     29.710274     81.330033
    40  C       -0.000000     -7.868820     33.958378     81.415071
    41  C       -0.000000     -6.693410     34.816314     83.678963
    42  O       -0.000000     -7.849922     34.874896     85.755772
    43  O       -0.000000     -4.191413     35.613779     83.238656
    44  C       -0.000000     -2.827030     36.832652     85.302237
    45  H        0.000000    -16.325344     43.783065     79.672743
    46  H        0.000000    -25.543428     36.124005     81.005000
    47  H       -0.000000    -17.848463     26.803875     81.226098
    48  H       -0.000000     -8.721086     39.584093     82.274896
    49  H       -0.000000    -11.192848     42.535845     78.143955
    50  H        0.000000    -10.548451     45.693578     81.426409
    51  H        0.000000    -10.064681     43.180242     83.663845
    52  H        0.000000    -13.175171     44.372659     82.989212
    53  H        0.000000     -5.935630     38.671355     79.209760
    54  H       -0.000000     -6.816242     41.691138     78.041909
    55  H       -0.000000     -9.518550     37.093434     75.934865
    56  H        0.000000     -6.366487     37.282407     75.262122
    57  H        0.000000    -21.571224     45.791843     77.384285
    58  H        0.000000    -19.486856     46.082861     80.164072
    59  H        0.000000    -22.570889     46.177348     80.479656
    60  H        0.000000    -28.173927     38.869777     81.700419
    61  H        0.000000    -28.440378     38.733716     78.304581
    62  H        0.000000    -30.246956     40.891784     79.708648
    63  H        0.000000    -25.694606     31.182371     79.470542
    64  H       -0.000000    -22.361129     27.614568     82.514891
    65  H       -0.000000    -25.006746     29.602560     84.793901
    66  H       -0.000000    -27.933932     30.110896     83.036456
    67  H       -0.000000    -26.431599     32.584548     84.308241
    68  H        0.000000    -20.749193     27.716613     77.129172
    69  H        0.000000    -24.114795     27.680708     77.514676
    70  H       -0.000000    -21.752637     23.268198     76.819257
    71  H       -0.000000    -24.313216     23.814329     78.986773
    72  H       -0.000000    -21.025093     23.816218     80.107380
    73  H       -0.000000    -13.587131     24.999187     80.039350
    74  H       -0.000000    -11.969525     25.180601     82.958977
    75  H       -0.000000    -10.093027     25.312881     80.186749
    76  H        0.000000     -6.740653     34.415692     79.754001
    77  H       -0.000000     -2.411291     35.693147     86.967086
    78  H        0.000000     -3.853152     38.505060     85.931516
    79  H        0.000000     -1.158402     37.698146     84.459419
    80  Mg      -0.000000     -9.845473     46.375769     51.391102
    81  C        0.000000     -6.691520     49.858534     56.111638
    82  C       -0.000001    -12.056453     42.516948     56.173999
    83  C       -0.000000    -12.818012     42.690803     47.008827
    84  C        0.000001     -7.052458     49.875542     46.897333
    85  N       -0.000000     -9.465638     46.251047     55.718575
    86  C        0.000001     -8.301567     48.004713     57.288937
    87  C        0.000000     -9.029111     47.539840     60.019591
    88  C       -0.000000    -10.166727     44.795958     59.979907
    89  C       -0.000001    -10.605143     44.537065     57.167995
    90  C       -0.000000     -8.479201     42.675685     61.229016
    91  C        0.000000    -11.013324     49.412559     61.009808
    92  C        0.000000    -10.695850     50.213803     63.774477
    93  H       -0.000000    -11.202296     48.225811     65.875853
    94  N        0.000000    -12.245425     43.185911     51.553618
    95  C       -0.000001    -12.783997     41.934912     53.717355
    96  C       -0.000002    -14.214520     39.733381     53.103194
    97  C       -0.000001    -14.771989     39.769286     50.444349
    98  C       -0.000001    -13.199737     41.842316     49.571296
    99  C       -0.000000    -15.017654     37.853104     55.076068
   100  C       -0.000000    -16.308336     37.983495     48.771942
   101  O       -0.000000    -16.831791     38.522067     46.530726
   102  C       -0.000000    -17.171941     35.383232     49.662003
   103  N        0.000001    -10.053343     46.407894     47.564407
   104  C       -0.000001    -11.287334     44.625882     46.075302
   105  C       -0.000000    -10.769549     45.183352     43.355986
   106  C        0.000000     -9.017773     47.571965     43.155676
   107  C        0.000001     -8.707858     48.097309     45.995934
   108  C       -0.000000     -9.919172     42.857099     41.762947
   109  C        0.000000    -10.153498     49.850975     41.730822
   110  C        0.000000     -9.342806     49.996484     38.937807
   111  N        0.000000     -7.360483     49.166894     51.364646
   112  C        0.000002     -6.389164     50.604976     49.382323
   113  C        0.000002     -4.726205     52.740366     50.285612
   114  C        0.000001     -4.818802     52.373760     52.912331
   115  C        0.000001     -6.474202     50.310179     53.481139
   116  C        0.000000     -3.376941     54.679225     48.658558
   117  C        0.000000     -3.841813     53.430116     55.255592
   118  O        0.000000     -2.360268     55.183782     55.639206
   119  C        0.000000     -5.255328     51.920225     57.428777
   120  C       -0.000000     -3.146394     50.992370     59.210789
   121  O        0.000000     -1.097931     50.170339     58.587179
   122  O       -0.000000     -3.841813     51.544170     61.690109
   123  C       -0.000000     -1.952087     50.746705     63.543931
   124  H        0.000000    -12.842579     41.428466     57.740582
   125  H       -0.000000    -13.692955     41.655233     45.453582
   126  H        0.000000     -6.049013     50.763713     45.328861
   127  H        0.000000     -7.449300     47.539840     61.340510
   128  H       -0.000000    -11.950628     44.589978     60.989021
   129  H       -0.000000     -6.778448     43.340869     62.183328
   130  H       -0.000000     -7.728980     41.231934     59.966679
   131  H        0.000000     -9.514771     41.708145     62.723790
   132  H        0.000000    -12.920058     48.662337     60.803828
   133  H        0.000000    -10.920727     51.188901     59.970459
   134  H        0.000000    -11.780553     51.908887     64.212894
   135  H       -0.000000     -8.787226     50.895994     64.139194
   136  H       -0.000000    -13.248870     37.518622     56.077623
   137  H       -0.000000    -15.671499     36.008731     54.433561
   138  H       -0.000000    -16.399043     38.557972     56.431002
   139  H       -0.000000    -15.603469     34.330655     50.484033
   140  H       -0.000000    -17.871140     34.547973     47.914006
   141  H       -0.000000    -18.619472     35.540079     51.118981
   142  H       -0.000000    -12.602584     45.466811     42.458367
   143  H        0.000000     -7.128047     47.212917     42.414903
   144  H       -0.000000     -9.752877     41.250832     43.042292
   145  H       -0.000000     -8.063461     43.246382     40.959814
   146  H       -0.000000    -11.446071     42.603875     40.402345
   147  H        0.000000     -9.760435     51.530942     42.855209
   148  H        0.000000    -12.196292     49.656333     41.547519
   149  H        0.000000     -8.802344     48.123765     38.270733
   150  H        0.000000     -7.666619     51.118981     38.520177
   151  H        0.000000    -10.979309     50.587968     37.834207
   152  H        0.000000     -4.813132     55.962349     47.927234
   153  H        0.000000     -2.382945     53.929004     47.018276
   154  H        0.000000     -2.088147     55.665662     49.926564
   155  H       -0.000000     -6.623490     53.003038     58.522928
   156  H       -0.000000     -2.192082     48.826744     64.252578
   157  H       -0.000000     -2.124052     52.145103     65.046263
   158  H       -0.000000      0.034015     50.703242     62.999690
 ------------------------------------------------------

 --------------------------------------------------------------------------------

 End time:                               Thu Jun  3 17:41:45 2021
 Total wall-clock time:                  0.687 seconds
==================================================================================
