
================================================================================
          _____________ ________ _______________ ________     _________         
         / ___________// ______ \\_____   _____// ______ \   / ________)        
        / /_________  / /      \ \     | |     / /      \ \ | (_______          
       |  __________|| |        | |    | |    | |        | | \________ \        
        \ \_________ | |        | |    | |     \ \______/ /___________) |       
         \__________||_|        |_|    |_|      \________//____________/        
                                                                                
====================================[ Qcore ]===================================

 Git hash:   fc43f77b6a8cbdee6391b0b1942a9275fb449ad1
 Git date:   Thu, 3 Jun 2021 15:25:24 +0100
 Compiler:   GNU 9.1.0
 Build type: Release
 Version:    1.4.1

 Start time: Thu Jun  3 17:43:03 2021

 Data directory: /home/of15641/.local/src/Qcore/release/share/entos/1.4.1/data
 Number of threads: 18
 Number of threads was determined by: command line argument
  - More threads can be used by running 'qcore -n 32'

 --------------------------------------------------------------------------------
                                  command: bchla                                 
 --------------------------------------------------------------------------------
 XTB basis setup:                        reference basis
 Number of basis functions:            488
 GFN version:                            gfn1
 Integral screening threshold:           1.00e-10
 Total charge:                           0.000000000
 Number of electrons:                  436.000000000
 Electronic temperature (Kelvin):        0.000000000

 D3BJ energy:                           -0.124486496
 Repulsive energy:                       2.926582795

 ****************************************************
  Running robust self-consistent charge (SCC) solver 
 ****************************************************
 Number of SCC trials:                   4
 Using the stop-early mechanism for the first 3 trials

 Conv. threshold (charge):               1.00e-05
 Conv. threshold (energy):               1.00e-06
 Initial guess:                          SAD

 -------------
  SCC Trial 1 
 -------------
 Broyden mixing factor:                  0.400000000
 Max number of iterations:             128

 ---------------------------------------------------------------
                  energy        change          grad        time
 ---------------------------------------------------------------
   0      -260.684346310                    6.79e-01        0.03
   1      -261.702106771     -1.02e+00      3.93e-01        0.03
   2      -261.687369505      1.47e-02      7.47e-02        0.03
   3      -261.702735266     -1.54e-02      1.30e-02        0.03
   4      -261.723163158     -2.04e-02      4.02e-03        0.03
   5      -261.725407638     -2.24e-03      1.12e-03        0.03
   6      -261.725524301     -1.17e-04      4.26e-04        0.03
   7      -261.725541515     -1.72e-05      9.03e-05        0.03
   8      -261.725542043     -5.28e-07      3.05e-05        0.03
   9      -261.725542066     -2.36e-08      1.66e-05        0.03
  10      -261.725542080     -1.33e-08      6.78e-06        0.03
  11      -261.725542082     -2.03e-09      2.91e-06        0.03

 SCF converged in 10 iterations.

 Entropy contribution (-ST):             0.000000000
 Dipole moment (in Debye):              -4.582102      -5.602244       0.948566
 Setting up Delta-SCF
 Ground-Excited state overlap:          -0.000000000
 No correction applied to the TDM.
 Excitation energy:                      0.058637943
 Excitation energy (in eV):              1.595619709
 Transition dipole:                      0.00000       0.00000       0.00000
 ------------------------------------------------------
           transition charges and positions           
           --------------------------------           
          atom  charge/e  x/bohr  y/bohr  z/bohr       
 ------------------------------------------------------
     1  Mg       0.000000      5.967755     -0.177634     83.737544
     2  C        0.000000     11.302452      3.717091     83.387945
     3  C        0.000000      3.019782      4.253774     79.944864
     4  C       -0.000000      1.011003     -4.064801     83.406842
     5  C       -0.000000      9.730200     -5.045569     86.143165
     6  N        0.000001      7.345365      3.584810     81.507667
     7  C        0.000000      9.520440      4.847148     81.898841
     8  C       -0.000000      9.696185      7.296233     80.445641
     9  C       -0.000000      6.784117      7.566463     79.880613
    10  C        0.000000      5.567133      4.996436     80.351155
    11  C        0.000000      5.584141      9.510992     81.719317
    12  C       -0.000000     11.595359      7.095922     78.264897
    13  C       -0.000000     11.735199      4.650616     76.683196
    14  H        0.000000     11.706853      4.996436     73.824041
    15  N       -0.000000      2.534123      0.051023     81.976319
    16  C        0.000000      1.636503      2.125942     80.715872
    17  C        0.000000     -1.130056      1.959646     80.568473
    18  C        0.000000     -1.797130     -0.600933     81.296018
    19  C        0.000000      0.640617     -1.615716     82.299462
    20  C       -0.000000     -2.794905      3.983543     79.151179
    21  C        0.000000     -4.393613     -1.853821     81.059802
    22  O        0.000000     -6.207750     -0.642507     80.443751
    23  C        0.000000     -4.705418     -4.603373     81.687191
    24  N       -0.000001      5.638943     -4.231097     84.317690
    25  C        0.000000      3.273006     -5.444301     84.268557
    26  C        0.000000      3.407176     -8.307236     85.152949
    27  C       -0.000000      6.266332     -8.486760     86.135606
    28  C       -0.000000      7.294343     -5.705083     85.574358
    29  C        0.000000      1.366272     -9.405167     87.123933
    30  C       -0.000000      8.001100    -10.667504     84.979094
    31  C       -0.000000      9.977754    -11.674728     87.055903
    32  N        0.000000      9.756656     -0.672743     84.735319
    33  C       -0.000000     10.956632     -2.704198     85.846478
    34  C       -0.000000     13.551226     -2.001220     86.449301
    35  C       -0.000000     13.851692      0.546131     85.668844
    36  C       -0.000000     11.497094      1.233991     84.483986
    37  C        0.000000     15.423945     -3.543236     87.938405
    38  C       -0.000000     15.569454      2.772228     85.321135
    39  O       -0.000000     17.814448      2.981988     85.710418
    40  C        0.000000     13.893266      4.847148     83.947304
    41  C        0.000000     13.762875      7.077024     85.704749
    42  O        0.000000     15.529769      8.634159     86.007105
    43  O        0.000000     11.340246      7.283004     86.685517
    44  C       -0.000000     10.826241      9.554455     88.036671
    45  H        0.000000      2.031456      5.729650     78.894176
    46  H       -0.000000     -0.559359     -5.359263     83.750772
    47  H       -0.000000     10.771439     -6.453415     87.235427
    48  H        0.000000     10.159168      8.881713     81.675853
    49  H       -0.000000      6.219089      8.148499     77.988997
    50  H        0.000000      3.666069      8.843918     82.067026
    51  H        0.000000      5.744767     11.417725     80.961536
    52  H        0.000000      6.264442      9.609257     83.661955
    53  H       -0.000000     13.454850      7.209305     79.141730
    54  H       -0.000000     11.304342      8.707858     77.015788
    55  H       -0.000000     10.089248      3.488434     77.108385
    56  H        0.000000     13.515321      3.711422     77.117833
    57  H        0.000000     -2.768449      3.851262     77.095157
    58  H        0.000000     -2.201531      5.875159     79.710538
    59  H        0.000000     -4.781007      4.057242     79.687861
    60  H       -0.000000     -6.568688     -5.308241     81.159958
    61  H        0.000000     -4.406841     -5.019113     83.682742
    62  H        0.000000     -3.395838     -5.483985     80.362493
    63  H        0.000000      3.187968     -9.229422     83.325584
    64  H       -0.000000      6.330583     -8.704079     88.182180
    65  H        0.000000     -0.202201    -10.147829     86.016554
    66  H       -0.000000      0.716206     -7.950078     88.427844
    67  H        0.000000      2.273341    -10.875374     88.246431
    68  H       -0.000000      9.238871     -9.926731     83.508887
    69  H       -0.000000      6.855926    -12.179285     84.174071
    70  H       -0.000000     11.918503    -11.355364     86.443632
    71  H       -0.000000      9.705633    -13.696735     87.333693
    72  H       -0.000000     10.038225    -10.765770     88.902166
    73  H       -0.000000     15.714962     -5.330917     86.959527
    74  H        0.000000     14.660495     -3.936300     89.811124
    75  H        0.000000     17.264538     -2.628609     88.070686
    76  H        0.000000     15.061117      5.449970     82.361823
    77  H        0.000000      8.834470      9.596029     88.558235
    78  H        0.000000     11.495204     11.206076     87.002991
    79  H        0.000000     11.727640      9.573353     89.888603
    80  Mg       0.000000      2.639947     14.497979     49.764048
    81  C        0.000000      3.257888     18.407822     54.898434
    82  C        0.000000      3.804019      9.431623     53.632317
    83  C       -0.000000      2.233656     10.535223     44.559742
    84  C       -0.000000      2.309245     19.719292     45.820189
    85  N        0.000000      3.554575     13.925392     53.864753
    86  C       -0.000000      3.514891     15.868030     55.563617
    87  C       -0.000000      3.945748     14.955293     58.114748
    88  C       -0.000000      4.535343     12.156608     57.838847
    89  C        0.000000      4.009999     11.725751     54.909772
    90  C        0.000000      7.205526     11.173951     58.664658
    91  C       -0.000000      1.642172     15.524100     59.885421
    92  C        0.000000      2.237436     16.074010     62.735128
    93  H        0.000000      4.626050     14.841909     63.857625
    94  N       -0.000000      2.770338     10.486090     49.274609
    95  C        0.000000      3.248439      8.747542     51.170004
    96  C        0.000000      3.225762      6.183184     50.068294
    97  C        0.000000      2.747662      6.476091     47.364096
    98  C        0.000000      2.515225      9.219974     46.954025
    99  C        0.000000      3.705753      3.766224     51.544170
   100  C        0.000000      2.316804      4.412511     45.438465
   101  O        0.000000      1.780122      5.007774     43.229375
   102  C        0.000000      2.549241      1.668628     45.958139
   103  N       -0.000000      2.464203     15.019543     45.733262
   104  C        0.000000      2.210980     13.118479     44.091090
   105  C        0.000000      1.698864     14.129482     41.415238
   106  C       -0.000000      1.224543     17.137926     41.808301
   107  C       -0.000000      1.901064     17.283435     44.692023
   108  C        0.000000      3.898505     13.454850     39.572755
   109  C       -0.000000     -1.523119     18.056333     41.335869
   110  C       -0.000000     -1.899175     19.758976     39.015286
   111  N        0.000000      2.879943     18.345461     50.155221
   112  C       -0.000000      2.741993     20.284320     48.369430
   113  C       -0.000000      2.957421     22.771200     49.629877
   114  C       -0.000000      3.193637     22.032317     52.188566
   115  C       -0.000000      3.153953     19.356465     52.400216
   116  C       -0.000000      2.821361     25.267528     48.513049
   117  C       -0.000000      3.284344     23.035761     54.792609
   118  O       -0.000000      3.178519     25.157924     55.597632
   119  C        0.000000      3.410956     20.705729     56.625643
   120  C        0.000000      5.620045     21.013755     58.286713
   121  O        0.000000      7.789451     20.751083     57.432556
   122  O        0.000000      5.066356     21.327449     60.779261
   123  C        0.000000      7.126157     21.263198     62.612296
   124  H        0.000000      4.178184      7.859371     54.915441
   125  H       -0.000000      2.180744      9.261548     42.936467
   126  H       -0.000000      1.953977     21.297213     44.538955
   127  H       -0.000000      5.604928     15.924722     58.859300
   128  H       -0.000000      3.061356     10.992537     58.687335
   129  H        0.000000      8.622820     12.428729     59.479130
   130  H        0.000000      8.076689     10.270661     57.031934
   131  H        0.000000      7.126157      9.588470     59.978017
   132  H       -0.000000      0.236216     14.031216     59.690779
   133  H       -0.000000      0.515895     17.028322     59.042603
   134  H       -0.000000      0.636838     15.520321     63.908648
   135  H        0.000000      2.670183     18.054443     63.096066
   136  H        0.000000      3.832365      4.062911     53.577515
   137  H        0.000000      5.504772      2.915847     51.009377
   138  H        0.000000      2.054132      2.539792     51.445904
   139  H        0.000000      1.957756      0.702978     44.238489
   140  H        0.000000      1.413515      1.033680     47.556848
   141  H        0.000000      4.474871      1.245330     46.555293
   142  H        0.000000     -0.130391     13.379261     40.836982
   143  H       -0.000000      2.568138     18.292549     40.757613
   144  H        0.000000      3.259778     12.610142     37.805861
   145  H        0.000000      5.191078     12.103696     40.438249
   146  H       -0.000000      4.898170     15.238751     39.321421
   147  H       -0.000000     -2.316804     19.099462     42.923239
   148  H       -0.000000     -2.830810     16.480302     41.110992
   149  H       -0.000000     -0.470542     19.313001     37.599881
   150  H       -0.000000     -1.630834     21.711063     39.612439
   151  H       -0.000000     -3.864490     19.543548     38.442699
   152  H       -0.000000      2.388614     26.735845     49.890659
   153  H       -0.000000      1.439971     25.405478     46.991820
   154  H       -0.000000      4.733764     25.811769     47.974477
   155  H        0.000000      1.610047     20.890922     57.610191
   156  H       -0.000000      8.454635     22.829781     62.449779
   157  H        0.000000      8.069131     19.432054     62.599068
   158  H        0.000000      6.358928     21.478627     64.511470
 ------------------------------------------------------

 --------------------------------------------------------------------------------

 End time:                               Thu Jun  3 17:43:04 2021
 Total wall-clock time:                  0.705 seconds
==================================================================================
