
================================================================================
          _____________ ________ _______________ ________     _________         
         / ___________// ______ \\_____   _____// ______ \   / ________)        
        / /_________  / /      \ \     | |     / /      \ \ | (_______          
       |  __________|| |        | |    | |    | |        | | \________ \        
        \ \_________ | |        | |    | |     \ \______/ /___________) |       
         \__________||_|        |_|    |_|      \________//____________/        
                                                                                
====================================[ Qcore ]===================================

 Git hash:   7200a4ff984a1591d3ca912b7a1362c2a46a44da
 Git date:   Mon, 7 Jun 2021 16:06:02 +0100
 Compiler:   GNU 9.1.0
 Build type: Release
 Version:    1.4.1

 Start time: Mon Jun  7 16:54:38 2021

 Data directory: /home/of15641/.local/src/Qcore/release/share/entos/1.4.1/data
 Number of threads: 18
 Number of threads was determined by: command line argument
  - More threads can be used by running 'qcore -n 24'

 --------------------------------------------------------------------------------
                                  command: bchla                                 
 --------------------------------------------------------------------------------
 XTB basis setup:                        reference basis
 Number of basis functions:            488
 GFN version:                            gfn1
 Integral screening threshold:           1.00e-10
 Total charge:                           0.000000000
 Number of electrons:                  436.000000000
 Electronic temperature (Kelvin):        0.000000000

 D3BJ energy:                           -0.124739598
 Repulsive energy:                       2.932881674

 ****************************************************
  Running robust self-consistent charge (SCC) solver 
 ****************************************************
 Number of SCC trials:                   4
 Using the stop-early mechanism for the first 3 trials

 Conv. threshold (charge):               1.00e-05
 Conv. threshold (energy):               1.00e-06
 Initial guess:                          SAD

 -------------
  SCC Trial 1 
 -------------
 Broyden mixing factor:                  0.400000000
 Max number of iterations:             128

 ---------------------------------------------------------------
                  energy        change          grad        time
 ---------------------------------------------------------------
   0      -260.711476108                    6.79e-01        0.04
   1      -261.712321050     -1.00e+00      3.93e-01        0.03
   2      -261.700719408      1.16e-02      7.45e-02        0.03
   3      -261.718306438     -1.76e-02      1.22e-02        0.03
   4      -261.733101126     -1.48e-02      3.45e-03        0.03
   5      -261.734582742     -1.48e-03      9.93e-04        0.03
   6      -261.734670151     -8.74e-05      4.04e-04        0.03
   7      -261.734688787     -1.86e-05      9.40e-05        0.03
   8      -261.734689651     -8.64e-07      2.55e-05        0.03
   9      -261.734689664     -1.32e-08      1.26e-05        0.03
  10      -261.734689669     -5.38e-09      5.80e-06        0.03
  11      -261.734689672     -2.77e-09      2.45e-06        0.03

 SCF converged in 10 iterations.

 Entropy contribution (-ST):             0.000000000
 Dipole moment (in Debye):              -5.993142      -4.025399      -0.632845

 -----------------
  Excitation -1 2 
 -----------------
 Setting up Delta-SCF
 Ground-Excited state overlap:          -0.000000000
 No correction applied to the TDM.
 Excitation energy:                      0.066810832
 Excitation energy (in eV):              1.818015357
 Transition dipole:                      0.00000       0.00000       0.00000

 -----------------
  Excitation -1 1 
 -----------------
 Setting up Delta-SCF
 Ground-Excited state overlap:           0.000000000
 No correction applied to the TDM.
 Excitation energy:                      0.098444822
 Excitation energy (in eV):              2.678820089
 Transition dipole:                      3.70246      -1.21804       1.64801

 ----------------
  Excitation 0 1 
 ----------------
 Setting up Delta-SCF
 Ground-Excited state overlap:          -0.000000000
 No correction applied to the TDM.
 Excitation energy:                      0.056552496
 Excitation energy (in eV):              1.538871823
 Transition dipole:                      0.00000       0.00000       0.00000

 ----------------
  Excitation 0 2 
 ----------------
 Setting up Delta-SCF
 Ground-Excited state overlap:           0.000000000
 No correction applied to the TDM.
 Excitation energy:                      0.096846702
 Excitation energy (in eV):              2.635333010
 Transition dipole:                     -1.57768      -3.81567       1.02873

 --------------------------------------------------------------------------------

 End time:                               Mon Jun  7 16:54:39 2021
 Total wall-clock time:                  0.903 seconds
==================================================================================
