
================================================================================
          _____________ ________ _______________ ________     _________         
         / ___________// ______ \\_____   _____// ______ \   / ________)        
        / /_________  / /      \ \     | |     / /      \ \ | (_______          
       |  __________|| |        | |    | |    | |        | | \________ \        
        \ \_________ | |        | |    | |     \ \______/ /___________) |       
         \__________||_|        |_|    |_|      \________//____________/        
                                                                                
====================================[ Qcore ]===================================

 Git hash:   fc43f77b6a8cbdee6391b0b1942a9275fb449ad1
 Git date:   Thu, 3 Jun 2021 15:25:24 +0100
 Compiler:   GNU 9.1.0
 Build type: Release
 Version:    1.4.1

 Start time: Thu Jun  3 17:42:52 2021

 Data directory: /home/of15641/.local/src/Qcore/release/share/entos/1.4.1/data
 Number of threads: 18
 Number of threads was determined by: command line argument
  - More threads can be used by running 'qcore -n 32'

 --------------------------------------------------------------------------------
                                  command: bchla                                 
 --------------------------------------------------------------------------------
 XTB basis setup:                        reference basis
 Number of basis functions:            488
 GFN version:                            gfn1
 Integral screening threshold:           1.00e-10
 Total charge:                           0.000000000
 Number of electrons:                  436.000000000
 Electronic temperature (Kelvin):        0.000000000

 D3BJ energy:                           -0.125169790
 Repulsive energy:                       2.962189809

 ****************************************************
  Running robust self-consistent charge (SCC) solver 
 ****************************************************
 Number of SCC trials:                   4
 Using the stop-early mechanism for the first 3 trials

 Conv. threshold (charge):               1.00e-05
 Conv. threshold (energy):               1.00e-06
 Initial guess:                          SAD

 -------------
  SCC Trial 1 
 -------------
 Broyden mixing factor:                  0.400000000
 Max number of iterations:             128

 ---------------------------------------------------------------
                  energy        change          grad        time
 ---------------------------------------------------------------
   0      -260.707490031                    6.79e-01        0.03
   1      -261.707809529     -1.00e+00      3.93e-01        0.03
   2      -261.684949157      2.29e-02      7.47e-02        0.03
   3      -261.691588808     -6.64e-03      1.63e-02        0.03
   4      -261.727877923     -3.63e-02      5.02e-03        0.03
   5      -261.731593182     -3.72e-03      1.05e-03        0.03
   6      -261.731648317     -5.51e-05      4.07e-04        0.03
   7      -261.731660227     -1.19e-05      1.39e-04        0.03
   8      -261.731661658     -1.43e-06      5.62e-05        0.03
   9      -261.731661704     -4.64e-08      2.39e-05        0.03
  10      -261.731661702      2.43e-09      9.28e-06        0.03
  11      -261.731661708     -5.97e-09      2.83e-06        0.03

 SCF converged in 10 iterations.

 Entropy contribution (-ST):             0.000000000
 Dipole moment (in Debye):              -0.442206      -3.541492      -0.497449
 Setting up Delta-SCF
 Ground-Excited state overlap:          -0.000000000
 No correction applied to the TDM.
 Excitation energy:                      0.058414711
 Excitation energy (in eV):              1.589545265
 Transition dipole:                      0.00000       0.00000       0.00000
 ------------------------------------------------------
           transition charges and positions           
           --------------------------------           
          atom  charge/e  x/bohr  y/bohr  z/bohr       
 ------------------------------------------------------
     1  Mg       0.000000      5.967755     -0.177634     83.737544
     2  C        0.000000     11.302452      3.717091     83.387945
     3  C        0.000000      3.019782      4.253774     79.944864
     4  C        0.000000      1.011003     -4.064801     83.406842
     5  C        0.000000      9.730200     -5.045569     86.143165
     6  N        0.000000      7.345365      3.584810     81.507667
     7  C        0.000000      9.520440      4.847148     81.898841
     8  C        0.000000      9.696185      7.296233     80.445641
     9  C        0.000000      6.784117      7.566463     79.880613
    10  C        0.000000      5.567133      4.996436     80.351155
    11  C        0.000000      5.584141      9.510992     81.719317
    12  C        0.000000     11.595359      7.095922     78.264897
    13  C        0.000000     11.735199      4.650616     76.683196
    14  H        0.000000     11.706853      4.996436     73.824041
    15  N        0.000000      2.534123      0.051023     81.976319
    16  C        0.000000      1.636503      2.125942     80.715872
    17  C        0.000000     -1.130056      1.959646     80.568473
    18  C        0.000000     -1.797130     -0.600933     81.296018
    19  C        0.000000      0.640617     -1.615716     82.299462
    20  C        0.000000     -2.794905      3.983543     79.151179
    21  C        0.000000     -4.393613     -1.853821     81.059802
    22  O        0.000000     -6.207750     -0.642507     80.443751
    23  C        0.000000     -4.705418     -4.603373     81.687191
    24  N        0.000000      5.638943     -4.231097     84.317690
    25  C        0.000000      3.273006     -5.444301     84.268557
    26  C        0.000000      3.407176     -8.307236     85.152949
    27  C        0.000000      6.266332     -8.486760     86.135606
    28  C        0.000000      7.294343     -5.705083     85.574358
    29  C        0.000000      1.366272     -9.405167     87.123933
    30  C        0.000000      8.001100    -10.667504     84.979094
    31  C        0.000000      9.977754    -11.674728     87.055903
    32  N        0.000000      9.756656     -0.672743     84.735319
    33  C        0.000000     10.956632     -2.704198     85.846478
    34  C        0.000000     13.551226     -2.001220     86.449301
    35  C        0.000000     13.851692      0.546131     85.668844
    36  C        0.000000     11.497094      1.233991     84.483986
    37  C        0.000000     15.423945     -3.543236     87.938405
    38  C        0.000000     15.569454      2.772228     85.321135
    39  O        0.000000     17.814448      2.981988     85.710418
    40  C        0.000000     13.893266      4.847148     83.947304
    41  C        0.000000     13.762875      7.077024     85.704749
    42  O        0.000000     15.529769      8.634159     86.007105
    43  O        0.000000     11.340246      7.283004     86.685517
    44  C        0.000000     10.826241      9.554455     88.036671
    45  H        0.000000      2.031456      5.729650     78.894176
    46  H        0.000000     -0.559359     -5.359263     83.750772
    47  H        0.000000     10.771439     -6.453415     87.235427
    48  H        0.000000     10.159168      8.881713     81.675853
    49  H        0.000000      6.219089      8.148499     77.988997
    50  H        0.000000      3.666069      8.843918     82.067026
    51  H        0.000000      5.744767     11.417725     80.961536
    52  H        0.000000      6.264442      9.609257     83.661955
    53  H        0.000000     13.454850      7.209305     79.141730
    54  H        0.000000     11.304342      8.707858     77.015788
    55  H        0.000000     10.089248      3.488434     77.108385
    56  H        0.000000     13.515321      3.711422     77.117833
    57  H        0.000000     -2.768449      3.851262     77.095157
    58  H        0.000000     -2.201531      5.875159     79.710538
    59  H        0.000000     -4.781007      4.057242     79.687861
    60  H        0.000000     -6.568688     -5.308241     81.159958
    61  H        0.000000     -4.406841     -5.019113     83.682742
    62  H        0.000000     -3.395838     -5.483985     80.362493
    63  H        0.000000      3.187968     -9.229422     83.325584
    64  H        0.000000      6.330583     -8.704079     88.182180
    65  H        0.000000     -0.202201    -10.147829     86.016554
    66  H        0.000000      0.716206     -7.950078     88.427844
    67  H        0.000000      2.273341    -10.875374     88.246431
    68  H        0.000000      9.238871     -9.926731     83.508887
    69  H        0.000000      6.855926    -12.179285     84.174071
    70  H        0.000000     11.918503    -11.355364     86.443632
    71  H        0.000000      9.705633    -13.696735     87.333693
    72  H        0.000000     10.038225    -10.765770     88.902166
    73  H        0.000000     15.714962     -5.330917     86.959527
    74  H        0.000000     14.660495     -3.936300     89.811124
    75  H        0.000000     17.264538     -2.628609     88.070686
    76  H        0.000000     15.061117      5.449970     82.361823
    77  H        0.000000      8.834470      9.596029     88.558235
    78  H        0.000000     11.495204     11.206076     87.002991
    79  H        0.000000     11.727640      9.573353     89.888603
    80  Mg       0.000000     -4.894391     64.282814     50.633322
    81  C        0.000000     -6.840809     61.253583     56.262816
    82  C        0.000000     -2.178854     68.895635     54.271045
    83  C        0.000000     -4.168736     67.699438     45.440354
    84  C        0.000000     -8.535893     59.921326     47.246933
    85  N        0.000000     -4.822581     65.142639     54.807727
    86  C        0.000000     -5.578472     63.481570     56.716350
    87  C        0.000000     -4.491879     64.358403     59.288267
    88  C        0.000000     -3.027341     66.849062     58.594738
    89  C        0.000000     -3.242770     67.021027     55.671332
    90  C        0.000000     -3.616936     69.190432     60.146203
    91  C        0.000000     -2.851597     62.440331     60.724459
    92  C        0.000000     -3.758665     61.914987     63.466452
    93  H        0.000000     -1.810358     62.355293     65.511136
    94  N        0.000000     -3.216314     67.765579     49.981366
    95  C        0.000000     -2.252554     69.445545     51.682120
    96  C        0.000000     -1.041239     71.444876     50.276164
    97  C        0.000000     -1.861380     71.261572     47.647555
    98  C        0.000000     -3.174740     68.846502     47.681570
    99  C        0.000000      0.427078     73.750341     51.636766
   100  C        0.000000     -1.957756     73.136180     45.604761
   101  O        0.000000     -2.656955     72.818706     43.475039
   102  C        0.000000     -1.088482     75.796915     46.296400
   103  N        0.000000     -6.549791     64.020142     46.908672
   104  C        0.000000     -5.826026     65.632078     45.075637
   105  C        0.000000     -6.661285     64.670207     42.479154
   106  C        0.000000     -7.420954     61.920656     43.027174
   107  C        0.000000     -7.454970     61.863964     45.884440
   108  C        0.000000     -8.957302     66.297262     41.386892
   109  C        0.000000     -5.234541     60.083842     41.961369
   110  C        0.000000     -2.726875     60.070614     43.486378
   111  N        0.000000     -7.090252     61.024926     51.383543
   112  C        0.000000     -8.392274     59.492358     49.835857
   113  C        0.000000     -9.552566     57.551609     51.343859
   114  C        0.000000     -8.921397     58.112858     53.815621
   115  C        0.000000     -7.500323     60.338955     53.813731
   116  C        0.000000    -11.189068     55.350078     50.512379
   117  C        0.000000     -9.391939     57.211458     56.391317
   118  O        0.000000    -10.639158     55.635427     57.436336
   119  C        0.000000     -7.942519     59.118192     58.082622
   120  C        0.000000     -9.868150     60.210454     59.804163
   121  O        0.000000    -11.761655     61.189332     59.001029
   122  O        0.000000     -9.337137     59.832509     62.340175
   123  C        0.000000    -11.444181     60.371080     64.161871
   124  H        0.000000     -0.993996     70.125847     55.429447
   125  H        0.000000     -3.790791     68.634853     43.639445
   126  H        0.000000     -9.367372     58.267815     46.334195
   127  H        0.000000     -6.052793     64.961225     60.490133
   128  H        0.000000     -1.048798     66.578831     59.101185
   129  H        0.000000     -5.378161     68.969334     61.187442
   130  H        0.000000     -3.688745     70.925201     59.036934
   131  H        0.000000     -2.144839     69.294367     61.582395
   132  H        0.000000     -0.865495     62.897644     61.023036
   133  H        0.000000     -2.785456     60.643201     59.721015
   134  H        0.000000     -4.658175     60.068724     63.623299
   135  H        0.000000     -5.240211     63.277479     63.897309
   136  H        0.000000      2.241215     73.984667     50.690014
   137  H        0.000000      0.905179     73.482000     53.620979
   138  H        0.000000     -0.504557     75.583376     51.757709
   139  H        0.000000      0.886282     75.526684     46.817965
   140  H        0.000000     -2.262002     76.327928     47.902668
   141  H        0.000000     -1.120608     77.146179     44.739266
   142  H        0.000000     -5.132496     64.588949     41.099653
   143  H        0.000000     -9.263437     61.212009     42.437580
   144  H        0.000000     -8.815572     66.221673     39.332760
   145  H        0.000000     -9.065016     68.298482     41.866882
   146  H        0.000000    -10.631599     65.269251     42.004832
   147  H        0.000000     -4.782897     60.444780     39.984715
   148  H        0.000000     -5.801459     58.120417     42.220261
   149  H        0.000000     -1.152733     59.089846     42.592537
   150  H        0.000000     -3.097261     59.116302     45.274058
   151  H        0.000000     -2.227987     62.032150     43.873771
   152  H        0.000000    -10.234757     53.997034     49.287837
   153  H        0.000000    -12.698960     56.251478     49.440905
   154  H        0.000000    -12.109365     54.401436     52.092190
   155  H        0.000000     -6.665064     57.912547     59.157876
   156  H        0.000000    -10.365148     61.389643     65.590504
   157  H        0.000000    -12.252984     58.666548     64.987681
   158  H        0.000000    -13.084464     61.461452     63.560938
 ------------------------------------------------------

 --------------------------------------------------------------------------------

 End time:                               Thu Jun  3 17:42:52 2021
 Total wall-clock time:                  0.611 seconds
==================================================================================
