
================================================================================
          _____________ ________ _______________ ________     _________         
         / ___________// ______ \\_____   _____// ______ \   / ________)        
        / /_________  / /      \ \     | |     / /      \ \ | (_______          
       |  __________|| |        | |    | |    | |        | | \________ \        
        \ \_________ | |        | |    | |     \ \______/ /___________) |       
         \__________||_|        |_|    |_|      \________//____________/        
                                                                                
====================================[ Qcore ]===================================

 Git hash:   7200a4ff984a1591d3ca912b7a1362c2a46a44da
 Git date:   Mon, 7 Jun 2021 16:06:02 +0100
 Compiler:   GNU 9.1.0
 Build type: Release
 Version:    1.4.1

 Start time: Mon Jun  7 16:54:38 2021

 Data directory: /home/of15641/.local/src/Qcore/release/share/entos/1.4.1/data
 Number of threads: 18
 Number of threads was determined by: command line argument
  - More threads can be used by running 'qcore -n 24'

 --------------------------------------------------------------------------------
                                  command: bchla                                 
 --------------------------------------------------------------------------------
 XTB basis setup:                        reference basis
 Number of basis functions:            488
 GFN version:                            gfn1
 Integral screening threshold:           1.00e-10
 Total charge:                           0.000000000
 Number of electrons:                  436.000000000
 Electronic temperature (Kelvin):        0.000000000

 D3BJ energy:                           -0.122659328
 Repulsive energy:                       2.960706306

 ****************************************************
  Running robust self-consistent charge (SCC) solver 
 ****************************************************
 Number of SCC trials:                   4
 Using the stop-early mechanism for the first 3 trials

 Conv. threshold (charge):               1.00e-05
 Conv. threshold (energy):               1.00e-06
 Initial guess:                          SAD

 -------------
  SCC Trial 1 
 -------------
 Broyden mixing factor:                  0.400000000
 Max number of iterations:             128

 ---------------------------------------------------------------
                  energy        change          grad        time
 ---------------------------------------------------------------
   0      -260.714807005                    6.80e-01        0.04
   1      -261.741111664     -1.03e+00      3.93e-01        0.04
   2      -261.713337012      2.78e-02      7.68e-02        0.04
   3      -261.735552248     -2.22e-02      1.70e-02        0.04
   4      -261.767205861     -3.17e-02      3.61e-03        0.04
   5      -261.768651409     -1.45e-03      8.21e-04        0.04
   6      -261.768683033     -3.16e-05      3.20e-04        0.04
   7      -261.768691784     -8.75e-06      1.27e-04        0.04
   8      -261.768693974     -2.19e-06      3.77e-05        0.04
   9      -261.768694009     -3.55e-08      1.76e-05        0.04
  10      -261.768694017     -7.76e-09      7.72e-06        0.04
  11      -261.768694020     -3.02e-09      2.69e-06        0.04

 SCF converged in 10 iterations.

 Entropy contribution (-ST):             0.000000000
 Dipole moment (in Debye):              -0.249520       2.663908       0.260928

 -----------------
  Excitation -1 2 
 -----------------
 Setting up Delta-SCF
 Ground-Excited state overlap:           0.000000000
 No correction applied to the TDM.
 Excitation energy:                      0.098959390
 Excitation energy (in eV):              2.692822192
 Transition dipole:                     -4.17350      -0.72383       0.26177

 -----------------
  Excitation -1 1 
 -----------------
 Setting up Delta-SCF
 Ground-Excited state overlap:          -0.000000000
 No correction applied to the TDM.
 Excitation energy:                      0.063239047
 Excitation energy (in eV):              1.720822134
 Transition dipole:                      0.00000       0.00000       0.00000

 ----------------
  Excitation 0 1 
 ----------------
 Setting up Delta-SCF
 Ground-Excited state overlap:           0.000000000
 No correction applied to the TDM.
 Excitation energy:                      0.096685038
 Excitation energy (in eV):              2.630933918
 Transition dipole:                     -2.46441      -3.40804       0.63476

 ----------------
  Excitation 0 2 
 ----------------
 Setting up Delta-SCF
 Ground-Excited state overlap:          -0.000000000
 No correction applied to the TDM.
 Excitation energy:                      0.064928231
 Excitation energy (in eV):              1.766787180
 Transition dipole:                     -0.00000      -0.00000       0.00000

 --------------------------------------------------------------------------------

 End time:                               Mon Jun  7 16:54:39 2021
 Total wall-clock time:                  1.100 seconds
==================================================================================
