
================================================================================
          _____________ ________ _______________ ________     _________         
         / ___________// ______ \\_____   _____// ______ \   / ________)        
        / /_________  / /      \ \     | |     / /      \ \ | (_______          
       |  __________|| |        | |    | |    | |        | | \________ \        
        \ \_________ | |        | |    | |     \ \______/ /___________) |       
         \__________||_|        |_|    |_|      \________//____________/        
                                                                                
====================================[ Qcore ]===================================

 Git hash:   7200a4ff984a1591d3ca912b7a1362c2a46a44da
 Git date:   Mon, 7 Jun 2021 16:06:02 +0100
 Compiler:   GNU 9.1.0
 Build type: Release
 Version:    1.4.1

 Start time: Mon Jun  7 16:54:28 2021

 Data directory: /home/of15641/.local/src/Qcore/release/share/entos/1.4.1/data
 Number of threads: 18
 Number of threads was determined by: command line argument
  - More threads can be used by running 'qcore -n 24'

 --------------------------------------------------------------------------------
                                  command: bchla                                 
 --------------------------------------------------------------------------------
 XTB basis setup:                        reference basis
 Number of basis functions:            488
 GFN version:                            gfn1
 Integral screening threshold:           1.00e-10
 Total charge:                           0.000000000
 Number of electrons:                  436.000000000
 Electronic temperature (Kelvin):        0.000000000

 D3BJ energy:                           -0.124205263
 Repulsive energy:                       2.941672617

 ****************************************************
  Running robust self-consistent charge (SCC) solver 
 ****************************************************
 Number of SCC trials:                   4
 Using the stop-early mechanism for the first 3 trials

 Conv. threshold (charge):               1.00e-05
 Conv. threshold (energy):               1.00e-06
 Initial guess:                          SAD

 -------------
  SCC Trial 1 
 -------------
 Broyden mixing factor:                  0.400000000
 Max number of iterations:             128

 ---------------------------------------------------------------
                  energy        change          grad        time
 ---------------------------------------------------------------
   0      -260.732352674                    6.79e-01        0.04
   1      -261.727946732     -9.96e-01      3.93e-01        0.03
   2      -261.714831657      1.31e-02      7.44e-02        0.03
   3      -261.736354180     -2.15e-02      1.22e-02        0.03
   4      -261.751372880     -1.50e-02      2.96e-03        0.03
   5      -261.752429101     -1.06e-03      8.77e-04        0.03
   6      -261.752483172     -5.41e-05      3.38e-04        0.03
   7      -261.752495288     -1.21e-05      1.16e-04        0.03
   8      -261.752496952     -1.66e-06      2.88e-05        0.03
   9      -261.752496976     -2.37e-08      1.49e-05        0.03
  10      -261.752496987     -1.12e-08      6.30e-06        0.03
  11      -261.752496990     -2.98e-09      2.56e-06        0.03

 SCF converged in 10 iterations.

 Entropy contribution (-ST):             0.000000000
 Dipole moment (in Debye):              -4.610509       2.376607      -0.134269

 -----------------
  Excitation -1 2 
 -----------------
 Setting up Delta-SCF
 Ground-Excited state overlap:           0.000000000
 No correction applied to the TDM.
 Excitation energy:                      0.066303709
 Excitation energy (in eV):              1.804215830
 Transition dipole:                     -0.00000      -0.00000      -0.00000

 -----------------
  Excitation -1 1 
 -----------------
 Setting up Delta-SCF
 Ground-Excited state overlap:          -0.000000000
 No correction applied to the TDM.
 Excitation energy:                      0.096977971
 Excitation energy (in eV):              2.638905035
 Transition dipole:                     -1.57765      -3.81558       1.02881

 ----------------
  Excitation 0 1 
 ----------------
 Setting up Delta-SCF
 Ground-Excited state overlap:           0.000000000
 No correction applied to the TDM.
 Excitation energy:                      0.058188610
 Excitation energy (in eV):              1.583392743
 Transition dipole:                     -0.00000      -0.00000      -0.00000

 ----------------
  Excitation 0 2 
 ----------------
 Setting up Delta-SCF
 Ground-Excited state overlap:           0.000000000
 No correction applied to the TDM.
 Excitation energy:                      0.098549373
 Excitation energy (in eV):              2.681665049
 Transition dipole:                     -3.84220       2.08995       0.07930

 --------------------------------------------------------------------------------

 End time:                               Mon Jun  7 16:54:28 2021
 Total wall-clock time:                  0.840 seconds
==================================================================================
