
================================================================================
          _____________ ________ _______________ ________     _________         
         / ___________// ______ \\_____   _____// ______ \   / ________)        
        / /_________  / /      \ \     | |     / /      \ \ | (_______          
       |  __________|| |        | |    | |    | |        | | \________ \        
        \ \_________ | |        | |    | |     \ \______/ /___________) |       
         \__________||_|        |_|    |_|      \________//____________/        
                                                                                
====================================[ Qcore ]===================================

 Git hash:   fc43f77b6a8cbdee6391b0b1942a9275fb449ad1
 Git date:   Thu, 3 Jun 2021 15:25:24 +0100
 Compiler:   GNU 9.1.0
 Build type: Release
 Version:    1.4.1

 Start time: Thu Jun  3 17:50:59 2021

 Data directory: /home/of15641/.local/src/Qcore/release/share/entos/1.4.1/data
 Number of threads: 18
 Number of threads was determined by: command line argument
  - More threads can be used by running 'qcore -n 24'

 --------------------------------------------------------------------------------
                                  command: bchla                                 
 --------------------------------------------------------------------------------
 XTB basis setup:                        reference basis
 Number of basis functions:            488
 GFN version:                            gfn1
 Integral screening threshold:           1.00e-10
 Total charge:                           0.000000000
 Number of electrons:                  436.000000000
 Electronic temperature (Kelvin):        0.000000000

 D3BJ energy:                           -0.123141123
 Repulsive energy:                       2.993029598

 ****************************************************
  Running robust self-consistent charge (SCC) solver 
 ****************************************************
 Number of SCC trials:                   4
 Using the stop-early mechanism for the first 3 trials

 Conv. threshold (charge):               1.00e-05
 Conv. threshold (energy):               1.00e-06
 Initial guess:                          SAD

 -------------
  SCC Trial 1 
 -------------
 Broyden mixing factor:                  0.400000000
 Max number of iterations:             128

 ---------------------------------------------------------------
                  energy        change          grad        time
 ---------------------------------------------------------------
   0      -260.732218704                    6.81e-01        0.03
   1      -261.760429203     -1.03e+00      3.93e-01        0.03
   2      -261.726333292      3.41e-02      7.65e-02        0.03
   3      -261.724548914      1.78e-03      1.98e-02        0.03
   4      -261.781482647     -5.69e-02      5.55e-03        0.03
   5      -261.785762402     -4.28e-03      1.18e-03        0.03
   6      -261.785824689     -6.23e-05      5.48e-04        0.03
   7      -261.785855197     -3.05e-05      1.79e-04        0.03
   8      -261.785858100     -2.90e-06      8.06e-05        0.03
   9      -261.785858387     -2.86e-07      3.71e-05        0.03
  10      -261.785858418     -3.18e-08      1.61e-05        0.03
  11      -261.785858425     -6.68e-09      3.01e-06        0.03
  12      -261.785858425     -1.79e-10      9.27e-07        0.03

 SCF converged in 11 iterations.

 Entropy contribution (-ST):             0.000000000
 Dipole moment (in Debye):              -0.652743      -0.520123      -1.090789
 Setting up Delta-SCF
 Ground-Excited state overlap:          -0.000000000
 No correction applied to the TDM.
 Excitation energy:                      0.055393046
 Excitation energy (in eV):              1.507321575
 Transition dipole:                      0.00000       0.00000       0.00000
 ------------------------------------------------------
           transition charges and positions           
           --------------------------------           
          atom  charge/e  x/bohr  y/bohr  z/bohr       
 ------------------------------------------------------
     1  Mg       0.000000     84.669179      5.427293     88.208636
     2  C        0.000000     80.434303     10.527664     88.473198
     3  C        0.000000     79.629279      1.496663     87.602034
     4  C        0.000000     88.841694      0.990216     87.159838
     5  C        0.000000     89.463414     10.162947     87.263773
     6  N        0.000000     80.579812      5.992322     88.191629
     7  C        0.000000     79.258893      8.208970     88.282335
     8  C        0.000000     76.501783      7.651501     87.566129
     9  C        0.000000     76.231552      4.894391     88.357924
    10  C        0.000000     78.969765      4.049683     87.842029
    11  C        0.000000     75.515346      4.584476     91.173616
    12  C        0.000000     76.035020      8.044564     84.655951
    13  C        0.000000     74.207655     10.306566     83.779118
    14  H        0.000000     75.284799     12.423060     82.102931
    15  N        0.000000     84.295013      1.770673     87.373377
    16  C        0.000000     82.050019      0.464873     87.246765
    17  C        0.000000     82.618826     -2.161847     86.974645
    18  C        0.000000     85.306017     -2.503887     87.057793
    19  C        0.000000     86.315130      0.124722     87.191963
    20  C        0.000000     80.542017     -4.257553     86.719532
    21  C        0.000000     86.685517     -5.134386     87.048344
    22  O        0.000000     85.485541     -7.039230     87.148500
    23  C        0.000000     89.410502     -5.179739     87.450856
    24  N        0.000000     88.510992      5.582251     86.738429
    25  C        0.000000     89.847029      3.452530     87.216530
    26  C        0.000000     92.632485      3.949528     87.705969
    27  C        0.000000     92.927282      6.731204     87.044565
    28  C        0.000000     90.094583      7.600478     86.989763
    29  C        0.000000     93.439398      3.369382     90.508433
    30  C        0.000000     94.422056      7.519220     84.535008
    31  C        0.000000     97.005311      8.705968     84.629495
    32  N        0.000000     85.043345      9.433513     88.299343
    33  C        0.000000     87.072911     11.083244     87.891162
    34  C        0.000000     86.279226     13.698625     87.970531
    35  C        0.000000     83.703529     13.547447     88.248320
    36  C        0.000000     82.957087     10.947183     88.399498
    37  C        0.000000     87.942185     15.903935     87.639828
    38  C        0.000000     81.413181     15.053558     88.459970
    39  O        0.000000     81.163737     17.374142     88.597920
    40  C        0.000000     79.264562     13.197847     88.817128
    41  C        0.000000     78.098601     13.726971     91.398494
    42  O        0.000000     79.379836     13.607918     93.331684
    43  O        0.000000     75.590935     14.564119     91.184955
    44  C        0.000000     74.392848     15.161273     93.550892
    45  H        0.000000     77.973879      0.270231     87.709748
    46  H        0.000000     90.162613     -0.570697     87.424400
    47  H        0.000000     90.958188     11.584021     87.186294
    48  H        0.000000     75.349050      9.083913     88.495874
    49  H        0.000000     74.821816      4.017558     87.140941
    50  H        0.000000     73.935535      3.284344     90.944959
    51  H        0.000000     74.961656      6.474202     91.780218
    52  H        0.000000     76.970435      3.841813     92.428394
    53  H        0.000000     75.139290      6.330583     83.947304
    54  H        0.000000     77.875614      8.140940     83.737544
    55  H        0.000000     73.665304     11.266547     85.519556
    56  H        0.000000     72.446430      9.698074     82.904175
    57  H        0.000000     80.721541     -5.614376     85.181295
    58  H        0.000000     78.763785     -3.244660     86.477647
    59  H        0.000000     80.347375     -5.395168     88.425955
    60  H        0.000000     90.493315     -4.108265     86.063797
    61  H        0.000000     90.037891     -7.141275     87.414951
    62  H        0.000000     89.845139     -4.716756     89.408612
    63  H        0.000000     93.862697      2.728765     86.591030
    64  H        0.000000     93.781438      7.751657     88.616817
    65  H        0.000000     94.331349      1.526899     90.735200
    66  H        0.000000     91.848249      3.718981     91.768880
    67  H        0.000000     94.868031      4.764000     91.022438
    68  H        0.000000     93.375147      8.481091     83.045904
    69  H        0.000000     94.665830      5.591700     83.849038
    70  H        0.000000     98.488746      7.507882     83.852817
    71  H        0.000000     97.509868      9.102811     86.587251
    72  H        0.000000     96.803110     10.448296     83.550461
    73  H        0.000000     89.571129     15.299223     86.532449
    74  H        0.000000     88.607368     16.378256     89.531444
    75  H        0.000000     86.917953     17.510202     86.861261
    76  H        0.000000     77.953092     13.749647     87.329913
    77  H        0.000000     73.786246     13.522880     94.643153
    78  H        0.000000     72.724220     16.336682     93.278771
    79  H        0.000000     75.555030     16.276211     94.834016
    80  Mg       0.000000    -17.103911     77.733884     79.944864
    81  C        0.000000    -15.694175     71.284249     78.399068
    82  C        0.000000    -12.084799     79.291018     75.708098
    83  C        0.000000    -19.152374     83.726206     79.487550
    84  C        0.000000    -22.574668     75.726995     82.739769
    85  N        0.000000    -14.356249     75.502118     77.374836
    86  C        0.000000    -14.103026     72.950987     77.100826
    87  C        0.000000    -11.918503     72.253678     75.222438
    88  C        0.000000    -10.418060     74.882287     75.082598
    89  C        0.000000    -12.472192     76.681307     75.976439
    90  C        0.000000     -8.133381     75.046694     76.789021
    91  C        0.000000    -12.848248     71.068820     72.777133
    92  C        0.000000    -11.398828     68.729339     71.769908
    93  H        0.000000     -9.382490     68.995791     69.534362
    94  N        0.000000    -15.680947     81.222319     77.988997
    95  C        0.000000    -13.479416     81.409401     76.498003
    96  C        0.000000    -13.127927     84.060687     75.761010
    97  C        0.000000    -15.191508     85.404282     76.964766
    98  C        0.000000    -16.837460     83.508887     78.049468
    99  C        0.000000    -11.141825     85.100037     74.081044
   100  C        0.000000    -15.478747     88.238872     77.034685
   101  O        0.000000    -13.736419     89.518216     76.286354
   102  C        0.000000    -17.793661     89.603254     78.002225
   103  N        0.000000    -20.418491     79.287239     80.768784
   104  C        0.000000    -20.666045     81.904510     80.676188
   105  C        0.000000    -23.287095     82.560245     81.707978
   106  C        0.000000    -24.160149     80.077145     83.087478
   107  C        0.000000    -22.204282     78.247890     82.208756
   108  C        0.000000    -23.587561     85.049014     83.304797
   109  C        0.000000    -26.941825     79.181414     82.705754
   110  C        0.000000    -28.521636     78.750557     85.005550
   111  N        0.000000    -18.747973     74.311590     80.710203
   112  C        0.000000    -20.943835     73.739003     82.010334
   113  C        0.000000    -21.091233     71.006459     82.547017
   114  C        0.000000    -19.063557     70.003015     81.005000
   115  C        0.000000    -17.795551     72.077934     79.971320
   116  C        0.000000    -22.954503     69.538142     84.119269
   117  C        0.000000    -17.806889     67.591724     80.254779
   118  O        0.000000    -18.379476     65.441216     80.670519
   119  C        0.000000    -15.756536     68.391078     78.393399
   120  C        0.000000    -13.294223     67.330942     79.311805
   121  O        0.000000    -12.424949     68.105730     81.284680
   122  O        0.000000    -12.062122     65.594284     77.656405
   123  C        0.000000     -9.437292     64.827055     78.361273
   124  H        0.000000    -10.503098     79.846598     74.504342
   125  H        0.000000    -20.061333     85.576248     79.549911
   126  H        0.000000    -24.148810     75.190313     83.960532
   127  H        0.000000    -10.531444     71.004569     76.091712
   128  H        0.000000     -9.987203     75.400072     73.136180
   129  H        0.000000     -8.777778     75.490779     78.693865
   130  H        0.000000     -6.876713     76.463988     75.980218
   131  H        0.000000     -6.974979     73.364837     77.064921
   132  H        0.000000    -12.640378     72.520130     71.331492
   133  H        0.000000    -14.887262     70.823156     72.933980
   134  H        0.000000    -12.916278     67.478340     71.155747
   135  H        0.000000    -10.361368     67.718336     73.234446
   136  H        0.000000     -9.684846     85.861596     75.320704
   137  H        0.000000    -11.888267     86.745988     73.092717
   138  H        0.000000    -10.251764     83.903840     72.658080
   139  H        0.000000    -17.793661     91.644158     77.726325
   140  H        0.000000    -17.833345     89.242316     80.029901
   141  H        0.000000    -19.658821     88.990983     77.382395
   142  H        0.000000    -24.305657     83.006220     79.973210
   143  H        0.000000    -23.676379     80.252889     85.081139
   144  H        0.000000    -21.763976     85.665065     84.039900
   145  H        0.000000    -24.987849     84.786342     84.792011
   146  H        0.000000    -24.385026     86.547567     82.138836
   147  H        0.000000    -26.930487     77.444756     81.598374
   148  H        0.000000    -27.833776     80.523120     81.422630
   149  H        0.000000    -28.769191     76.724770     85.281450
   150  H        0.000000    -30.386796     79.578257     84.725871
   151  H        0.000000    -27.818658     79.483771     86.797011
   152  H        0.000000    -22.168377     67.724005     84.695635
   153  H        0.000000    -24.634470     69.294367     82.951418
   154  H        0.000000    -23.551657     70.747567     85.676403
   155  H        0.000000    -16.365028     67.797704     76.516901
   156  H        0.000000     -9.527999     63.394642     79.839039
   157  H        0.000000     -8.399833     66.412535     79.168186
   158  H        0.000000     -8.407392     64.144864     76.713432
 ------------------------------------------------------

 --------------------------------------------------------------------------------

 End time:                               Thu Jun  3 17:51:00 2021
 Total wall-clock time:                  0.674 seconds
==================================================================================
