
================================================================================
          _____________ ________ _______________ ________     _________         
         / ___________// ______ \\_____   _____// ______ \   / ________)        
        / /_________  / /      \ \     | |     / /      \ \ | (_______          
       |  __________|| |        | |    | |    | |        | | \________ \        
        \ \_________ | |        | |    | |     \ \______/ /___________) |       
         \__________||_|        |_|    |_|      \________//____________/        
                                                                                
====================================[ Qcore ]===================================

 Git hash:   fc43f77b6a8cbdee6391b0b1942a9275fb449ad1
 Git date:   Thu, 3 Jun 2021 15:25:24 +0100
 Compiler:   GNU 9.1.0
 Build type: Release
 Version:    1.4.1

 Start time: Thu Jun  3 17:52:08 2021

 Data directory: /home/of15641/.local/src/Qcore/release/share/entos/1.4.1/data
 Number of threads: 18
 Number of threads was determined by: command line argument
  - More threads can be used by running 'qcore -n 32'

 --------------------------------------------------------------------------------
                                  command: bchla                                 
 --------------------------------------------------------------------------------
 XTB basis setup:                        reference basis
 Number of basis functions:            488
 GFN version:                            gfn1
 Integral screening threshold:           1.00e-10
 Total charge:                           0.000000000
 Number of electrons:                  436.000000000
 Electronic temperature (Kelvin):        0.000000000

 D3BJ energy:                           -0.122184199
 Repulsive energy:                       3.050715220

 ****************************************************
  Running robust self-consistent charge (SCC) solver 
 ****************************************************
 Number of SCC trials:                   4
 Using the stop-early mechanism for the first 3 trials

 Conv. threshold (charge):               1.00e-05
 Conv. threshold (energy):               1.00e-06
 Initial guess:                          SAD

 -------------
  SCC Trial 1 
 -------------
 Broyden mixing factor:                  0.400000000
 Max number of iterations:             128

 ---------------------------------------------------------------
                  energy        change          grad        time
 ---------------------------------------------------------------
   0      -260.760198042                    6.81e-01        0.03
   1      -261.743750906     -9.84e-01      3.94e-01        0.03
   2      -261.706732530      3.70e-02      7.42e-02        0.03
   3      -261.714119579     -7.39e-03      2.03e-02        0.03
   4      -261.769949187     -5.58e-02      4.30e-03        0.03
   5      -261.772389446     -2.44e-03      9.51e-04        0.03
   6      -261.772429919     -4.05e-05      4.25e-04        0.03
   7      -261.772443360     -1.34e-05      1.33e-04        0.03
   8      -261.772444414     -1.05e-06      5.55e-05        0.03
   9      -261.772444490     -7.62e-08      2.90e-05        0.03
  10      -261.772444517     -2.63e-08      1.35e-05        0.03
  11      -261.772444534     -1.76e-08      3.20e-06        0.03
  12      -261.772444534     -2.86e-10      8.79e-07        0.03

 SCF converged in 11 iterations.

 Entropy contribution (-ST):             0.000000000
 Dipole moment (in Debye):              -3.602500      -1.964289      -0.037475
 Setting up Delta-SCF
 Ground-Excited state overlap:           0.000000000
 No correction applied to the TDM.
 Excitation energy:                      0.056534620
 Excitation energy (in eV):              1.538385388
 Transition dipole:                     -0.00000      -0.00000      -0.00000
 ------------------------------------------------------
           transition charges and positions           
           --------------------------------           
          atom  charge/e  x/bohr  y/bohr  z/bohr       
 ------------------------------------------------------
     1  Mg      -0.000000     67.493458      2.371606     56.472576
     2  C       -0.000000     62.852291      4.287789     60.588399
     3  C       -0.000000     71.762350      2.237436     61.665543
     4  C       -0.000000     72.463438      1.477766     52.558953
     5  C       -0.000000     63.627079      3.110489     51.504486
     6  N       -0.000000     67.304486      3.187968     60.663988
     7  C       -0.000000     65.148308      3.974094     61.858295
     8  C       -0.000000     65.552710      4.163067     64.715561
     9  C       -0.000000     68.551705      3.845593     64.879967
    10  C       -0.000000     69.275470      3.046239     62.257027
    11  C       -0.000000     69.974669      6.239876     65.917427
    12  C       -0.000000     64.084392      2.048463     66.289703
    13  C       -0.000000     62.676546      2.626719     68.702883
    14  H       -0.000000     63.954001      4.197082     70.653080
    15  N       -0.000000     71.596054      1.810358     56.988471
    16  C       -0.000000     72.848942      1.489104     59.190002
    17  C       -0.000000     75.383065      0.682191     58.772372
    18  C       -0.000000     75.640068      0.377945     56.098410
    19  C       -0.000000     73.189093      1.373831     55.115752
    20  C       -0.000000     77.104605      0.423299     60.996580
    21  C       -0.000000     77.977659     -0.319364     54.584739
    22  O       -0.000000     78.109940     -0.009449     52.275494
    23  C       -0.000000     80.283125     -1.405956     55.903768
    24  N       -0.000000     68.067935      2.583256     52.494702
    25  C       -0.000000     70.256238      1.891616     51.341969
    26  C       -0.000000     69.883962      1.683746     48.486593
    27  C       -0.000000     66.924651      1.891616     48.223921
    28  C       -0.000000     66.132855      2.554910     50.895994
    29  C       -0.000000     71.403302      3.378830     46.621433
    30  C       -0.000000     65.507356     -0.464873     47.033394
    31  C       -0.000000     64.447220     -2.520895     48.717139
    32  N       -0.000000     64.059826      3.632054     56.024710
    33  C       -0.000000     62.508361      3.620715     53.947901
    34  C       -0.000000     60.051717      4.563689     54.448679
    35  C       -0.000000     60.049827      4.771558     57.069729
    36  C       -0.000000     62.508361      4.144169     57.935224
    37  C       -0.000000     57.753810      5.058797     52.787610
    38  C       -0.000000     58.636312      5.432963     59.199450
    39  O       -0.000000     56.478245      6.224758     59.284488
    40  C       -0.000000     60.386198      5.211865     61.726014
    41  C       -0.000000     60.509031      7.706303     62.888196
    42  O       -0.000000     61.506806      9.622485     61.947112
    43  O       -0.000000     59.312834      7.836694     65.157757
    44  C       -0.000000     58.770482     10.329243     66.244349
    45  H       -0.000000     72.847052      2.107045     63.415429
    46  H       -0.000000     73.886402      0.672743     51.300395
    47  H       -0.000000     62.179548      2.704198     50.092860
    48  H       -0.000000     64.781701      5.962086     65.361847
    49  H       -0.000000     69.078938      2.379165     66.227342
    50  H       -0.000000     70.993231      5.672958     67.614401
    51  H       -0.000000     68.496903      7.655281     66.155532
    52  H       -0.000000     71.503457      6.940964     64.726899
    53  H       -0.000000     65.615070      0.735103     66.709222
    54  H       -0.000000     62.941108      0.867384     65.050042
    55  H       -0.000000     61.926325      0.888171     69.513575
    56  H       -0.000000     61.104294      3.830475     68.139745
    57  H       -0.000000     78.072145     -1.370051     60.703672
    58  H       -0.000000     76.023682      0.221098     62.738907
    59  H       -0.000000     78.478436      1.935080     61.268700
    60  H       -0.000000     79.840929     -2.810023     57.345629
    61  H       -0.000000     81.556800      0.122832     56.442340
    62  H       -0.000000     81.256334     -2.456644     54.422223
    63  H       -0.000000     70.651191     -0.179524     48.057625
    64  H       -0.000000     66.344505      3.307021     46.846311
    65  H       -0.000000     70.161752      4.773448     45.752159
    66  H       -0.000000     72.119508      2.120273     45.156895
    67  H       -0.000000     72.901854      4.234876     47.743931
    68  H       -0.000000     66.841503     -1.351154     45.740821
    69  H       -0.000000     63.897309      0.181414     45.922235
    70  H       -0.000000     65.087837     -4.391724     48.138883
    71  H       -0.000000     62.387418     -2.545461     48.792729
    72  H       -0.000000     65.161536     -2.076809     50.597417
    73  H       -0.000000     58.186557      4.489989     50.854420
    74  H       -0.000000     57.266260      7.058127     52.887765
    75  H       -0.000000     56.175889      3.951417     53.511375
    76  H       -0.000000     59.197561      3.985432     62.878747
    77  H       -0.000000     57.205789     10.338692     67.584165
    78  H       -0.000000     58.611745     11.873149     64.891305
    79  H       -0.000000     60.350294     10.703409     67.512356
    80  Mg      -0.000000     -0.353379     82.034901     47.116541
    81  C       -0.000000      3.036790     81.401843     53.048392
    82  C       -0.000000     -5.476426     80.063916     50.349863
    83  C       -0.000000     -3.273006     82.495994     41.853654
    84  C       -0.000000      5.457529     83.448416     44.115656
    85  N       -0.000000     -1.097931     80.882168     51.457242
    86  C       -0.000000      0.493219     80.959647     53.435786
    87  C       -0.000000     -0.956201     80.472097     55.913217
    88  C       -0.000000     -3.418515     79.222988     54.683005
    89  C       -0.000000     -3.401507     80.184859     52.075183
    90  C       -0.000000     -3.921182     76.437532     55.166775
    91  C       -0.000000     -1.326588     83.004330     57.292717
    92  C       -0.000000     -1.642172     82.686856     60.201005
    93  H       -0.000000     -1.060136     80.103601     61.654205
    94  N       -0.000000     -3.996771     81.450975     46.164119
    95  C       -0.000000     -5.863820     80.468318     47.702357
    96  C       -0.000000     -8.140940     80.154623     46.177348
    97  C       -0.000000     -7.564574     81.001221     43.703696
    98  C       -0.000000     -4.835809     81.681522     43.856764
    99  C       -0.000000    -10.527664     79.130392     47.129770
   100  C       -0.000000     -9.365483     81.271451     41.248942
   101  O       -0.000000     -8.662505     82.335367     39.372444
   102  C       -0.000000    -12.215190     80.704534     41.385002
   103  N       -0.000000      1.056357     82.363713     43.412678
   104  C       -0.000000     -0.631169     82.800240     41.600431
   105  C       -0.000000      0.496998     83.571248     39.105992
   106  C       -0.000000      3.076474     84.570913     40.058414
   107  C       -0.000000      3.286234     83.093147     42.617104
   108  C       -0.000000      0.835259     81.301687     37.138788
   109  C       -0.000000      3.329697     87.547232     40.309748
   110  C       -0.000000      1.778232     89.306567     38.535295
   111  N       -0.000000      3.467647     82.170961     48.184237
   112  C       -0.000000      5.574692     82.856932     46.897333
   113  C       -0.000000      7.657170     83.106376     48.486593
   114  C       -0.000000      6.746322     82.465758     50.814735
   115  C       -0.000000      4.197082     81.938525     50.633322
   116  C       -0.000000     10.280110     84.026672     47.717474
   117  C       -0.000000      7.574022     82.244660     53.458462
   118  O       -0.000000      9.652721     82.237101     54.463797
   119  C       -0.000000      5.055017     81.677743     54.998589
   120  C       -0.000000      5.521780     79.464873     56.553834
   121  O       -0.000000      5.535008     77.236886     55.858415
   122  O       -0.000000      6.428848     80.305801     58.783711
   123  C       -0.000000      7.638273     78.321589     60.242579
   124  H       -0.000000     -7.026002     79.103936     51.317403
   125  H       -0.000000     -4.316134     82.560245     40.075422
   126  H       -0.000000      7.165841     84.068246     43.138668
   127  H       -0.000000     -0.043464     79.018898     57.052721
   128  H       -0.000000     -5.017223     80.128167     55.610860
   129  H       -0.000000     -5.589810     76.142735     56.336515
   130  H       -0.000000     -2.297907     75.572037     56.092741
   131  H       -0.000000     -4.129052     75.311255     53.454683
   132  H       -0.000000     -3.129386     83.781008     56.667217
   133  H       -0.000000      0.102045     84.419735     56.848631
   134  H       -0.000000     -3.467647     83.387945     60.851071
   135  H       -0.000000     -0.515895     84.257219     60.913432
   136  H       -0.000000    -10.699629     79.362828     49.168784
   137  H       -0.000000    -10.501208     77.138620     46.604426
   138  H       -0.000000    -12.203851     80.024232     46.332305
   139  H       -0.000000    -13.263988     81.997106     42.598206
   140  H       -0.000000    -12.317235     78.695755     41.830977
   141  H       -0.000000    -13.029662     80.765005     39.493386
   142  H       -0.000000     -0.861715     84.948858     38.401125
   143  H       -0.000000      4.656285     83.986988     38.873556
   144  H       -0.000000      0.102045     82.146395     35.409688
   145  H       -0.000000     -0.258892     79.614162     37.588542
   146  H       -0.000000      2.774118     80.713982     36.774070
   147  H       -0.000000      5.323358     88.046120     40.200144
   148  H       -0.000000      2.475541     87.838250     42.161680
   149  H       -0.000000     -0.088817     89.659946     39.328980
   150  H       -0.000000      1.842483     88.323909     36.724938
   151  H       -0.000000      2.726875     91.101807     38.195144
   152  H       -0.000000      9.934290     85.298458     46.133884
   153  H       -0.000000     11.485755     82.526230     46.986150
   154  H       -0.000000     11.121038     84.994212     49.329411
   155  H       -0.000000      4.703528     83.340702     56.164550
   156  H       -0.000000      8.418730     78.981103     62.030260
   157  H       -0.000000      8.927066     77.080039     59.222127
   158  H       -0.000000      6.236096     76.964766     60.905873
 ------------------------------------------------------

 --------------------------------------------------------------------------------

 End time:                               Thu Jun  3 17:52:09 2021
 Total wall-clock time:                  0.685 seconds
==================================================================================
