
================================================================================
          _____________ ________ _______________ ________     _________         
         / ___________// ______ \\_____   _____// ______ \   / ________)        
        / /_________  / /      \ \     | |     / /      \ \ | (_______          
       |  __________|| |        | |    | |    | |        | | \________ \        
        \ \_________ | |        | |    | |     \ \______/ /___________) |       
         \__________||_|        |_|    |_|      \________//____________/        
                                                                                
====================================[ Qcore ]===================================

 Git hash:   7200a4ff984a1591d3ca912b7a1362c2a46a44da
 Git date:   Mon, 7 Jun 2021 16:06:02 +0100
 Compiler:   GNU 9.1.0
 Build type: Release
 Version:    1.4.1

 Start time: Mon Jun  7 16:54:50 2021

 Data directory: /home/of15641/.local/src/Qcore/release/share/entos/1.4.1/data
 Number of threads: 18
 Number of threads was determined by: command line argument
  - More threads can be used by running 'qcore -n 28'

 --------------------------------------------------------------------------------
                                  command: bchla                                 
 --------------------------------------------------------------------------------
 XTB basis setup:                        reference basis
 Number of basis functions:            488
 GFN version:                            gfn1
 Integral screening threshold:           1.00e-10
 Total charge:                           0.000000000
 Number of electrons:                  436.000000000
 Electronic temperature (Kelvin):        0.000000000

 D3BJ energy:                           -0.122855458
 Repulsive energy:                       2.968417196

 ****************************************************
  Running robust self-consistent charge (SCC) solver 
 ****************************************************
 Number of SCC trials:                   4
 Using the stop-early mechanism for the first 3 trials

 Conv. threshold (charge):               1.00e-05
 Conv. threshold (energy):               1.00e-06
 Initial guess:                          SAD

 -------------
  SCC Trial 1 
 -------------
 Broyden mixing factor:                  0.400000000
 Max number of iterations:             128

 ---------------------------------------------------------------
                  energy        change          grad        time
 ---------------------------------------------------------------
   0      -260.692184132                    6.81e-01        0.05
   1      -261.727732498     -1.04e+00      3.93e-01        0.05
   2      -261.668975173      5.88e-02      7.88e-02        0.05
   3      -261.677900520     -8.93e-03      2.36e-02        0.05
   4      -261.757109139     -7.92e-02      5.06e-03        0.05
   5      -261.760556484     -3.45e-03      1.03e-03        0.05
   6      -261.760587976     -3.15e-05      4.20e-04        0.05
   7      -261.760601045     -1.31e-05      1.52e-04        0.06
   8      -261.760602155     -1.11e-06      7.17e-05        0.05
   9      -261.760602266     -1.11e-07      2.91e-05        0.05
  10      -261.760602275     -9.71e-09      8.60e-06        0.05
  11      -261.760602280     -4.44e-09      3.27e-06        0.05

 SCF converged in 10 iterations.

 Entropy contribution (-ST):             0.000000000
 Dipole moment (in Debye):              -1.675702       0.615302      -0.703870

 -----------------
  Excitation -1 2 
 -----------------
 Setting up Delta-SCF
 Ground-Excited state overlap:           0.000000000
 No correction applied to the TDM.
 Excitation energy:                      0.069662183
 Excitation energy (in eV):              1.895604581
 Transition dipole:                      0.00000       0.00000       0.00000

 -----------------
  Excitation -1 1 
 -----------------
 Setting up Delta-SCF
 Ground-Excited state overlap:          -0.000000000
 No correction applied to the TDM.
 Excitation energy:                      0.097985867
 Excitation energy (in eV):              2.666331284
 Transition dipole:                     -4.14572       0.72929       0.13988

 ----------------
  Excitation 0 1 
 ----------------
 Setting up Delta-SCF
 Ground-Excited state overlap:           0.000000000
 No correction applied to the TDM.
 Excitation energy:                      0.060211931
 Excitation energy (in eV):              1.638450101
 Transition dipole:                     -0.00000       0.00000      -0.00000

 ----------------
  Excitation 0 2 
 ----------------
 Setting up Delta-SCF
 Ground-Excited state overlap:          -0.000000000
 No correction applied to the TDM.
 Excitation energy:                      0.099671360
 Excitation energy (in eV):              2.712195875
 Transition dipole:                      0.74093       4.16929       0.16438

 --------------------------------------------------------------------------------

 End time:                               Mon Jun  7 16:54:51 2021
 Total wall-clock time:                  1.313 seconds
==================================================================================
