
================================================================================
          _____________ ________ _______________ ________     _________         
         / ___________// ______ \\_____   _____// ______ \   / ________)        
        / /_________  / /      \ \     | |     / /      \ \ | (_______          
       |  __________|| |        | |    | |    | |        | | \________ \        
        \ \_________ | |        | |    | |     \ \______/ /___________) |       
         \__________||_|        |_|    |_|      \________//____________/        
                                                                                
====================================[ Qcore ]===================================

 Git hash:   7200a4ff984a1591d3ca912b7a1362c2a46a44da
 Git date:   Mon, 7 Jun 2021 16:06:02 +0100
 Compiler:   GNU 9.1.0
 Build type: Release
 Version:    1.4.1

 Start time: Mon Jun  7 16:54:36 2021

 Data directory: /home/of15641/.local/src/Qcore/release/share/entos/1.4.1/data
 Number of threads: 18
 Number of threads was determined by: command line argument
  - More threads can be used by running 'qcore -n 24'

 --------------------------------------------------------------------------------
                                  command: bchla                                 
 --------------------------------------------------------------------------------
 XTB basis setup:                        reference basis
 Number of basis functions:            488
 GFN version:                            gfn1
 Integral screening threshold:           1.00e-10
 Total charge:                           0.000000000
 Number of electrons:                  436.000000000
 Electronic temperature (Kelvin):        0.000000000

 D3BJ energy:                           -0.124077553
 Repulsive energy:                       2.925437052

 ****************************************************
  Running robust self-consistent charge (SCC) solver 
 ****************************************************
 Number of SCC trials:                   4
 Using the stop-early mechanism for the first 3 trials

 Conv. threshold (charge):               1.00e-05
 Conv. threshold (energy):               1.00e-06
 Initial guess:                          SAD

 -------------
  SCC Trial 1 
 -------------
 Broyden mixing factor:                  0.400000000
 Max number of iterations:             128

 ---------------------------------------------------------------
                  energy        change          grad        time
 ---------------------------------------------------------------
   0      -260.653224360                    6.79e-01        0.04
   1      -261.673041423     -1.02e+00      3.92e-01        0.03
   2      -261.640376284      3.27e-02      7.72e-02        0.03
   3      -261.657202012     -1.68e-02      1.78e-02        0.03
   4      -261.698175526     -4.10e-02      4.69e-03        0.03
   5      -261.701416721     -3.24e-03      1.00e-03        0.03
   6      -261.701446764     -3.00e-05      3.47e-04        0.03
   7      -261.701453334     -6.57e-06      1.47e-04        0.03
   8      -261.701454809     -1.47e-06      7.43e-05        0.03
   9      -261.701455077     -2.68e-07      3.30e-05        0.03
  10      -261.701455107     -3.08e-08      1.52e-05        0.03
  11      -261.701455123     -1.51e-08      2.88e-06        0.03
  12      -261.701455123     -2.30e-10      1.08e-06        0.03

 SCF converged in 11 iterations.

 Entropy contribution (-ST):             0.000000000
 Dipole moment (in Debye):              -1.344676       6.281310       2.179407

 -----------------
  Excitation -1 2 
 -----------------
 Setting up Delta-SCF
 Ground-Excited state overlap:          -0.000000000
 No correction applied to the TDM.
 Excitation energy:                      0.076902495
 Excitation energy (in eV):              2.092623488
 Transition dipole:                      0.00001      -0.00000       0.00000

 -----------------
  Excitation -1 1 
 -----------------
 Setting up Delta-SCF
 Ground-Excited state overlap:           0.000000000
 No correction applied to the TDM.
 Excitation energy:                      0.096752162
 Excitation energy (in eV):              2.632760445
 Transition dipole:                     -3.40313      -2.02426       1.01937

 ----------------
  Excitation 0 1 
 ----------------
 Setting up Delta-SCF
 Ground-Excited state overlap:           0.000000000
 No correction applied to the TDM.
 Excitation energy:                      0.054393423
 Excitation energy (in eV):              1.480120443
 Transition dipole:                      0.00001       0.00001      -0.00000

 ----------------
  Excitation 0 2 
 ----------------
 Setting up Delta-SCF
 Ground-Excited state overlap:          -0.000000000
 No correction applied to the TDM.
 Excitation energy:                      0.099802048
 Excitation energy (in eV):              2.715752074
 Transition dipole:                      3.84196      -2.08974      -0.08000

 --------------------------------------------------------------------------------

 End time:                               Mon Jun  7 16:54:37 2021
 Total wall-clock time:                  0.894 seconds
==================================================================================
