
================================================================================
          _____________ ________ _______________ ________     _________         
         / ___________// ______ \\_____   _____// ______ \   / ________)        
        / /_________  / /      \ \     | |     / /      \ \ | (_______          
       |  __________|| |        | |    | |    | |        | | \________ \        
        \ \_________ | |        | |    | |     \ \______/ /___________) |       
         \__________||_|        |_|    |_|      \________//____________/        
                                                                                
====================================[ Qcore ]===================================

 Git hash:   7200a4ff984a1591d3ca912b7a1362c2a46a44da
 Git date:   Mon, 7 Jun 2021 16:06:02 +0100
 Compiler:   GNU 9.1.0
 Build type: Release
 Version:    1.4.1

 Start time: Mon Jun  7 16:54:48 2021

 Data directory: /home/of15641/.local/src/Qcore/release/share/entos/1.4.1/data
 Number of threads: 18
 Number of threads was determined by: command line argument
  - More threads can be used by running 'qcore -n 28'

 --------------------------------------------------------------------------------
                                  command: bchla                                 
 --------------------------------------------------------------------------------
 XTB basis setup:                        reference basis
 Number of basis functions:            488
 GFN version:                            gfn1
 Integral screening threshold:           1.00e-10
 Total charge:                           0.000000000
 Number of electrons:                  436.000000000
 Electronic temperature (Kelvin):        0.000000000

 D3BJ energy:                           -0.121995281
 Repulsive energy:                       3.040715431

 ****************************************************
  Running robust self-consistent charge (SCC) solver 
 ****************************************************
 Number of SCC trials:                   4
 Using the stop-early mechanism for the first 3 trials

 Conv. threshold (charge):               1.00e-05
 Conv. threshold (energy):               1.00e-06
 Initial guess:                          SAD

 -------------
  SCC Trial 1 
 -------------
 Broyden mixing factor:                  0.400000000
 Max number of iterations:             128

 ---------------------------------------------------------------
                  energy        change          grad        time
 ---------------------------------------------------------------
   0      -260.723221356                    6.81e-01        0.06
   1      -261.721472228     -9.98e-01      3.94e-01        0.05
   2      -261.655479725      6.60e-02      7.62e-02        0.04
   3      -261.655092039      3.88e-04      2.53e-02        0.05
   4      -261.751319228     -9.62e-02      5.23e-03        0.05
   5      -261.754721513     -3.40e-03      1.16e-03        0.05
   6      -261.754742867     -2.14e-05      5.28e-04        0.06
   7      -261.754763504     -2.06e-05      2.09e-04        0.05
   8      -261.754766075     -2.57e-06      9.64e-05        0.05
   9      -261.754766335     -2.61e-07      4.46e-05        0.05
  10      -261.754766382     -4.71e-08      1.89e-05        0.05
  11      -261.754766409     -2.71e-08      3.22e-06        0.05
  12      -261.754766410     -3.44e-10      1.04e-06        0.05

 SCF converged in 11 iterations.

 Entropy contribution (-ST):             0.000000000
 Dipole moment (in Debye):              -4.644436      -1.152216      -0.937692

 -----------------
  Excitation -1 2 
 -----------------
 Setting up Delta-SCF
 Ground-Excited state overlap:          -0.000000000
 No correction applied to the TDM.
 Excitation energy:                      0.069656525
 Excitation energy (in eV):              1.895450596
 Transition dipole:                      0.00000       0.00000       0.00000

 -----------------
  Excitation -1 1 
 -----------------
 Setting up Delta-SCF
 Ground-Excited state overlap:          -0.000000000
 No correction applied to the TDM.
 Excitation energy:                      0.096894459
 Excitation energy (in eV):              2.636632560
 Transition dipole:                      2.37741      -3.62597      -0.24008

 ----------------
  Excitation 0 1 
 ----------------
 Setting up Delta-SCF
 Ground-Excited state overlap:          -0.000000000
 No correction applied to the TDM.
 Excitation energy:                      0.058914069
 Excitation energy (in eV):              1.603133481
 Transition dipole:                      0.00000       0.00000       0.00000

 ----------------
  Excitation 0 2 
 ----------------
 Setting up Delta-SCF
 Ground-Excited state overlap:          -0.000000000
 No correction applied to the TDM.
 Excitation energy:                      0.101111258
 Excitation energy (in eV):              2.751377492
 Transition dipole:                     -3.93480      -0.83788       0.05670

 --------------------------------------------------------------------------------

 End time:                               Mon Jun  7 16:54:49 2021
 Total wall-clock time:                  1.539 seconds
==================================================================================
