
================================================================================
          _____________ ________ _______________ ________     _________         
         / ___________// ______ \\_____   _____// ______ \   / ________)        
        / /_________  / /      \ \     | |     / /      \ \ | (_______          
       |  __________|| |        | |    | |    | |        | | \________ \        
        \ \_________ | |        | |    | |     \ \______/ /___________) |       
         \__________||_|        |_|    |_|      \________//____________/        
                                                                                
====================================[ Qcore ]===================================

 Git hash:   fc43f77b6a8cbdee6391b0b1942a9275fb449ad1
 Git date:   Thu, 3 Jun 2021 15:25:24 +0100
 Compiler:   GNU 9.1.0
 Build type: Release
 Version:    1.4.1

 Start time: Thu Jun  3 17:52:16 2021

 Data directory: /home/of15641/.local/src/Qcore/release/share/entos/1.4.1/data
 Number of threads: 18
 Number of threads was determined by: command line argument
  - More threads can be used by running 'qcore -n 24'

 --------------------------------------------------------------------------------
                                  command: bchla                                 
 --------------------------------------------------------------------------------
 XTB basis setup:                        reference basis
 Number of basis functions:            488
 GFN version:                            gfn1
 Integral screening threshold:           1.00e-10
 Total charge:                           0.000000000
 Number of electrons:                  436.000000000
 Electronic temperature (Kelvin):        0.000000000

 D3BJ energy:                           -0.123366263
 Repulsive energy:                       2.964491916

 ****************************************************
  Running robust self-consistent charge (SCC) solver 
 ****************************************************
 Number of SCC trials:                   4
 Using the stop-early mechanism for the first 3 trials

 Conv. threshold (charge):               1.00e-05
 Conv. threshold (energy):               1.00e-06
 Initial guess:                          SAD

 -------------
  SCC Trial 1 
 -------------
 Broyden mixing factor:                  0.400000000
 Max number of iterations:             128

 ---------------------------------------------------------------
                  energy        change          grad        time
 ---------------------------------------------------------------
   0      -260.681104245                    6.80e-01        0.03
   1      -261.710125409     -1.03e+00      3.93e-01        0.03
   2      -261.700516003      9.61e-03      7.53e-02        0.03
   3      -261.720447850     -1.99e-02      1.12e-02        0.03
   4      -261.733070550     -1.26e-02      3.40e-03        0.03
   5      -261.734626755     -1.56e-03      9.55e-04        0.03
   6      -261.734702907     -7.62e-05      3.61e-04        0.03
   7      -261.734715396     -1.25e-05      1.40e-04        0.03
   8      -261.734717499     -2.10e-06      3.03e-05        0.03
   9      -261.734717514     -1.51e-08      1.28e-05        0.03
  10      -261.734717516     -1.87e-09      5.93e-06        0.03
  11      -261.734717518     -2.08e-09      2.70e-06        0.03

 SCF converged in 10 iterations.

 Entropy contribution (-ST):             0.000000000
 Dipole moment (in Debye):              -1.109095      -3.849705      -0.103123
 Setting up Delta-SCF
 Ground-Excited state overlap:           0.000000000
 No correction applied to the TDM.
 Excitation energy:                      0.052881697
 Excitation energy (in eV):              1.438984285
 Transition dipole:                     -0.00000      -0.00000      -0.00000
 ------------------------------------------------------
           transition charges and positions           
           --------------------------------           
          atom  charge/e  x/bohr  y/bohr  z/bohr       
 ------------------------------------------------------
     1  Mg      -0.000000     67.493458      2.371606     56.472576
     2  C       -0.000000     62.852291      4.287789     60.588399
     3  C       -0.000000     71.762350      2.237436     61.665543
     4  C       -0.000000     72.463438      1.477766     52.558953
     5  C       -0.000000     63.627079      3.110489     51.504486
     6  N       -0.000000     67.304486      3.187968     60.663988
     7  C       -0.000000     65.148308      3.974094     61.858295
     8  C       -0.000000     65.552710      4.163067     64.715561
     9  C       -0.000000     68.551705      3.845593     64.879967
    10  C       -0.000000     69.275470      3.046239     62.257027
    11  C       -0.000000     69.974669      6.239876     65.917427
    12  C       -0.000000     64.084392      2.048463     66.289703
    13  C       -0.000000     62.676546      2.626719     68.702883
    14  H       -0.000000     63.954001      4.197082     70.653080
    15  N       -0.000000     71.596054      1.810358     56.988471
    16  C       -0.000000     72.848942      1.489104     59.190002
    17  C       -0.000000     75.383065      0.682191     58.772372
    18  C       -0.000000     75.640068      0.377945     56.098410
    19  C       -0.000000     73.189093      1.373831     55.115752
    20  C       -0.000000     77.104605      0.423299     60.996580
    21  C       -0.000000     77.977659     -0.319364     54.584739
    22  O       -0.000000     78.109940     -0.009449     52.275494
    23  C       -0.000000     80.283125     -1.405956     55.903768
    24  N       -0.000000     68.067935      2.583256     52.494702
    25  C       -0.000000     70.256238      1.891616     51.341969
    26  C       -0.000000     69.883962      1.683746     48.486593
    27  C       -0.000000     66.924651      1.891616     48.223921
    28  C       -0.000000     66.132855      2.554910     50.895994
    29  C       -0.000000     71.403302      3.378830     46.621433
    30  C       -0.000000     65.507356     -0.464873     47.033394
    31  C       -0.000000     64.447220     -2.520895     48.717139
    32  N       -0.000000     64.059826      3.632054     56.024710
    33  C       -0.000000     62.508361      3.620715     53.947901
    34  C       -0.000000     60.051717      4.563689     54.448679
    35  C       -0.000000     60.049827      4.771558     57.069729
    36  C       -0.000000     62.508361      4.144169     57.935224
    37  C       -0.000000     57.753810      5.058797     52.787610
    38  C       -0.000000     58.636312      5.432963     59.199450
    39  O       -0.000000     56.478245      6.224758     59.284488
    40  C       -0.000000     60.386198      5.211865     61.726014
    41  C       -0.000000     60.509031      7.706303     62.888196
    42  O       -0.000000     61.506806      9.622485     61.947112
    43  O       -0.000000     59.312834      7.836694     65.157757
    44  C       -0.000000     58.770482     10.329243     66.244349
    45  H       -0.000000     72.847052      2.107045     63.415429
    46  H       -0.000000     73.886402      0.672743     51.300395
    47  H       -0.000000     62.179548      2.704198     50.092860
    48  H       -0.000000     64.781701      5.962086     65.361847
    49  H       -0.000000     69.078938      2.379165     66.227342
    50  H       -0.000000     70.993231      5.672958     67.614401
    51  H       -0.000000     68.496903      7.655281     66.155532
    52  H       -0.000000     71.503457      6.940964     64.726899
    53  H       -0.000000     65.615070      0.735103     66.709222
    54  H       -0.000000     62.941108      0.867384     65.050042
    55  H       -0.000000     61.926325      0.888171     69.513575
    56  H       -0.000000     61.104294      3.830475     68.139745
    57  H       -0.000000     78.072145     -1.370051     60.703672
    58  H       -0.000000     76.023682      0.221098     62.738907
    59  H       -0.000000     78.478436      1.935080     61.268700
    60  H       -0.000000     79.840929     -2.810023     57.345629
    61  H       -0.000000     81.556800      0.122832     56.442340
    62  H       -0.000000     81.256334     -2.456644     54.422223
    63  H       -0.000000     70.651191     -0.179524     48.057625
    64  H       -0.000000     66.344505      3.307021     46.846311
    65  H       -0.000000     70.161752      4.773448     45.752159
    66  H       -0.000000     72.119508      2.120273     45.156895
    67  H       -0.000000     72.901854      4.234876     47.743931
    68  H       -0.000000     66.841503     -1.351154     45.740821
    69  H       -0.000000     63.897309      0.181414     45.922235
    70  H       -0.000000     65.087837     -4.391724     48.138883
    71  H       -0.000000     62.387418     -2.545461     48.792729
    72  H       -0.000000     65.161536     -2.076809     50.597417
    73  H       -0.000000     58.186557      4.489989     50.854420
    74  H       -0.000000     57.266260      7.058127     52.887765
    75  H       -0.000000     56.175889      3.951417     53.511375
    76  H       -0.000000     59.197561      3.985432     62.878747
    77  H       -0.000000     57.205789     10.338692     67.584165
    78  H       -0.000000     58.611745     11.873149     64.891305
    79  H       -0.000000     60.350294     10.703409     67.512356
    80  Mg      -0.000000    -17.245641     35.394570     81.390504
    81  C       -0.000000    -10.625930     34.855998     81.006890
    82  C       -0.000000    -16.461404     41.730822     79.833370
    83  C       -0.000000    -23.491185     35.967157     80.867050
    84  C       -0.000000    -17.580122     28.848559     81.176965
    85  N       -0.000000    -13.832795     37.841766     80.224543
    86  C       -0.000000    -11.275996     37.352327     80.415406
    87  C       -0.000000     -9.580911     39.657792     80.405957
    88  C       -0.000000    -11.463079     41.870662     80.073365
    89  C       -0.000000    -14.074680     40.489272     80.001555
    90  C       -0.000000    -11.311901     43.951250     82.216314
    91  C       -0.000000     -7.437962     39.742830     78.291353
    92  C       -0.000000     -7.985983     38.457816     75.744003
    93  H       -0.000000     -8.628489     40.160460     73.430978
    94  N       -0.000000    -19.581342     38.372779     80.511782
    95  C       -0.000000    -18.925607     40.825643     80.046909
    96  C       -0.000000    -21.210286     42.382778     79.784237
    97  C       -0.000000    -23.311661     40.716039     80.090373
    98  C       -0.000000    -22.130583     38.181916     80.498553
    99  C       -0.000000    -21.159263     45.224926     79.321254
   100  C       -0.000000    -26.066882     41.776175     79.723766
   101  O       -0.000000    -26.301208     43.994714     79.119053
   102  C       -0.000000    -28.432819     39.950700     79.965651
   103  N       -0.000000    -20.034876     32.813204     80.836814
   104  C       -0.000000    -22.580337     33.468939     80.978544
   105  C       -0.000000    -24.352901     30.946155     81.014449
   106  C       -0.000000    -22.208061     28.761632     80.810358
   107  C       -0.000000    -19.813778     30.252626     80.965316
   108  C       -0.000000    -26.021529     30.766631     83.431408
   109  C       -0.000000    -22.311996     27.091114     78.317810
   110  C       -0.000000    -22.334673     24.197943     78.563474
   111  N       -0.000000    -14.668054     32.348332     81.375386
   112  C       -0.000000    -15.011984     29.782084     81.265782
   113  C       -0.000000    -12.504318     28.553762     81.192083
   114  C       -0.000000    -10.731755     30.566320     81.316805
   115  C       -0.000000    -12.200072     32.818874     81.330033
   116  C       -0.000000    -11.933620     25.777754     80.987993
   117  C       -0.000000     -7.995431     31.091664     81.235547
   118  O       -0.000000     -6.105705     29.710274     81.330033
   119  C       -0.000000     -7.868820     33.958378     81.415071
   120  C       -0.000000     -6.693410     34.816314     83.678963
   121  O       -0.000000     -7.849922     34.874896     85.755772
   122  O       -0.000000     -4.191413     35.613779     83.238656
   123  C       -0.000000     -2.827030     36.832652     85.302237
   124  H       -0.000000    -16.325344     43.783065     79.672743
   125  H       -0.000000    -25.543428     36.124005     81.005000
   126  H       -0.000000    -17.848463     26.803875     81.226098
   127  H       -0.000000     -8.721086     39.584093     82.274896
   128  H       -0.000000    -11.192848     42.535845     78.143955
   129  H       -0.000000    -10.548451     45.693578     81.426409
   130  H       -0.000000    -10.064681     43.180242     83.663845
   131  H       -0.000000    -13.175171     44.372659     82.989212
   132  H       -0.000000     -5.935630     38.671355     79.209760
   133  H       -0.000000     -6.816242     41.691138     78.041909
   134  H       -0.000000     -9.518550     37.093434     75.934865
   135  H       -0.000000     -6.366487     37.282407     75.262122
   136  H       -0.000000    -21.571224     45.791843     77.384285
   137  H       -0.000000    -19.486856     46.082861     80.164072
   138  H       -0.000000    -22.570889     46.177348     80.479656
   139  H       -0.000000    -28.173927     38.869777     81.700419
   140  H       -0.000000    -28.440378     38.733716     78.304581
   141  H       -0.000000    -30.246956     40.891784     79.708648
   142  H       -0.000000    -25.694606     31.182371     79.470542
   143  H       -0.000000    -22.361129     27.614568     82.514891
   144  H       -0.000000    -25.006746     29.602560     84.793901
   145  H       -0.000000    -27.933932     30.110896     83.036456
   146  H       -0.000000    -26.431599     32.584548     84.308241
   147  H       -0.000000    -20.749193     27.716613     77.129172
   148  H       -0.000000    -24.114795     27.680708     77.514676
   149  H       -0.000000    -21.752637     23.268198     76.819257
   150  H       -0.000000    -24.313216     23.814329     78.986773
   151  H       -0.000000    -21.025093     23.816218     80.107380
   152  H       -0.000000    -13.587131     24.999187     80.039350
   153  H       -0.000000    -11.969525     25.180601     82.958977
   154  H       -0.000000    -10.093027     25.312881     80.186749
   155  H       -0.000000     -6.740653     34.415692     79.754001
   156  H       -0.000000     -2.411291     35.693147     86.967086
   157  H       -0.000000     -3.853152     38.505060     85.931516
   158  H       -0.000000     -1.158402     37.698146     84.459419
 ------------------------------------------------------

 --------------------------------------------------------------------------------

 End time:                               Thu Jun  3 17:52:17 2021
 Total wall-clock time:                  0.615 seconds
==================================================================================
