
================================================================================
          _____________ ________ _______________ ________     _________         
         / ___________// ______ \\_____   _____// ______ \   / ________)        
        / /_________  / /      \ \     | |     / /      \ \ | (_______          
       |  __________|| |        | |    | |    | |        | | \________ \        
        \ \_________ | |        | |    | |     \ \______/ /___________) |       
         \__________||_|        |_|    |_|      \________//____________/        
                                                                                
====================================[ Qcore ]===================================

 Git hash:   fc43f77b6a8cbdee6391b0b1942a9275fb449ad1
 Git date:   Thu, 3 Jun 2021 15:25:24 +0100
 Compiler:   GNU 9.1.0
 Build type: Release
 Version:    1.4.1

 Start time: Thu Jun  3 17:48:07 2021

 Data directory: /home/of15641/.local/src/Qcore/release/share/entos/1.4.1/data
 Number of threads: 18
 Number of threads was determined by: command line argument
  - More threads can be used by running 'qcore -n 24'

 --------------------------------------------------------------------------------
                                  command: bchla                                 
 --------------------------------------------------------------------------------
 XTB basis setup:                        reference basis
 Number of basis functions:            488
 GFN version:                            gfn1
 Integral screening threshold:           1.00e-10
 Total charge:                           0.000000000
 Number of electrons:                  436.000000000
 Electronic temperature (Kelvin):        0.000000000

 D3BJ energy:                           -0.123296025
 Repulsive energy:                       2.970738336

 ****************************************************
  Running robust self-consistent charge (SCC) solver 
 ****************************************************
 Number of SCC trials:                   4
 Using the stop-early mechanism for the first 3 trials

 Conv. threshold (charge):               1.00e-05
 Conv. threshold (energy):               1.00e-06
 Initial guess:                          SAD

 -------------
  SCC Trial 1 
 -------------
 Broyden mixing factor:                  0.400000000
 Max number of iterations:             128

 ---------------------------------------------------------------
                  energy        change          grad        time
 ---------------------------------------------------------------
   0      -260.676982091                    6.81e-01        0.03
   1      -261.727884982     -1.05e+00      3.94e-01        0.03
   2      -261.686260789      4.16e-02      7.80e-02        0.03
   3      -261.694773209     -8.51e-03      2.02e-02        0.03
   4      -261.753234975     -5.85e-02      6.08e-03        0.03
   5      -261.758566149     -5.33e-03      1.25e-03        0.03
   6      -261.758599156     -3.30e-05      4.50e-04        0.03
   7      -261.758608979     -9.82e-06      1.88e-04        0.03
   8      -261.758610986     -2.01e-06      9.12e-05        0.03
   9      -261.758611142     -1.56e-07      3.67e-05        0.03
  10      -261.758611146     -4.07e-09      1.05e-05        0.03
  11      -261.758611155     -9.17e-09      3.89e-06        0.03
  12      -261.758611157     -1.74e-09      1.23e-06        0.03

 SCF converged in 11 iterations.

 Entropy contribution (-ST):             0.000000000
 Dipole moment (in Debye):              -0.450026      -7.123746       0.080792
 Setting up Delta-SCF
 Ground-Excited state overlap:          -0.000000000
 No correction applied to the TDM.
 Excitation energy:                      0.059547419
 Excitation energy (in eV):              1.620367825
 Transition dipole:                      0.00000       0.00000       0.00000
 ------------------------------------------------------
           transition charges and positions           
           --------------------------------           
          atom  charge/e  x/bohr  y/bohr  z/bohr       
 ------------------------------------------------------
     1  Mg       0.000000     32.227389     -4.323693     52.439900
     2  C        0.000000     31.271188     -0.668963     58.063725
     3  C        0.000000     35.625117     -8.558570     56.043608
     4  C        0.000000     34.039637     -6.935295     47.146777
     5  C        0.000000     29.086665      0.419519     49.195240
     6  N        0.000000     33.799641     -4.302906     56.619974
     7  C        0.000000     32.903911     -2.715536     58.454898
     8  C        0.000000     33.603110     -3.781342     61.096735
     9  C        0.000000     35.120560     -6.287119     60.463677
    10  C        0.000000     34.929698     -6.470422     57.504366
    11  C        0.000000     37.987275     -6.445856     61.327282
    12  C        0.000000     31.327880     -4.319914     62.867409
    13  C        0.000000     31.528191     -3.495993     65.547040
    14  H        0.000000     34.115226     -2.878053     66.888746
    15  N        0.000000     34.591437     -7.403947     51.608420
    16  C        0.000000     35.638345     -9.106590     53.326182
    17  C        0.000000     37.116111    -11.007655     51.920225
    18  C        0.000000     36.458486    -10.642938     49.289727
    19  C        0.000000     34.990169     -8.259993     49.242483
    20  C        0.000000     38.797967    -12.984308     53.054061
    21  C        0.000000     37.112331    -12.213300     46.912451
    22  O        0.000000     35.989834    -12.064012     44.841311
    23  C        0.000000     38.985050    -14.259873     47.199689
    24  N        0.000000     31.730391     -3.314580     48.838082
    25  C        0.000000     32.830212     -4.722426     46.944576
    26  C        0.000000     31.832437     -3.911733     44.304629
    27  C        0.000000     29.674369     -1.967205     45.092645
    28  C        0.000000     30.146801     -1.593039     47.898888
    29  C        0.000000     33.788303     -2.794905     42.335534
    30  C        0.000000     26.956943     -2.760890     44.601316
    31  C        0.000000     25.515082     -1.169740     42.628442
    32  N        0.000000     30.199713     -1.016673     53.394212
    33  C        0.000000     29.075326      0.744552     51.850305
    34  C        0.000000     28.115345      2.861045     53.367755
    35  C        0.000000     28.861787      2.280899     55.805502
    36  C        0.000000     30.118455     -0.073699     55.741251
    37  C        0.000000     26.781199      5.198637     52.521158
    38  C        0.000000     28.703050      3.210645     58.315058
    39  O        0.000000     27.540869      5.068245     59.265591
    40  C        0.000000     30.199713      1.432412     59.836288
    41  C        0.000000     32.148021      2.840258     61.355628
    42  O        0.000000     33.967827      3.838034     60.522259
    43  O        0.000000     31.596221      2.689080     63.808492
    44  C        0.000000     32.820763      4.340701     65.543261
    45  H        0.000000     36.745724     -9.979644     57.035714
    46  H        0.000000     34.421361     -7.645832     45.245713
    47  H        0.000000     28.232508      1.970984     48.138883
    48  H        0.000000     34.812535     -2.360268     61.971679
    49  H        0.000000     34.147351     -7.916063     61.263031
    50  H        0.000000     38.624112     -4.920847     62.555604
    51  H        0.000000     39.128669     -6.256883     59.620859
    52  H        0.000000     38.382227     -8.280780     62.177659
    53  H        0.000000     30.895132     -6.328693     63.026146
    54  H        0.000000     29.593111     -3.409066     62.234350
    55  H        0.000000     30.819543     -4.983208     66.784811
    56  H        0.000000     30.328215     -1.836814     65.764359
    57  H        0.000000     40.674465    -12.846358     52.216912
    58  H        0.000000     37.975936    -14.802225     52.541945
    59  H        0.000000     38.690253    -12.982418     55.111973
    60  H        0.000000     40.778400    -13.388710     47.717474
    61  H        0.000000     39.221266    -15.047889     45.311853
    62  H        0.000000     38.289631    -15.784882     48.395886
    63  H        0.000000     30.934817     -5.593589     43.522282
    64  H        0.000000     30.023969     -0.236216     44.032508
    65  H        0.000000     35.678029     -2.768449     43.151896
    66  H        0.000000     33.204378     -0.978878     41.555077
    67  H        0.000000     33.758067     -4.030786     40.687693
    68  H        0.000000     25.766416     -3.053797     46.256716
    69  H        0.000000     27.036312     -4.646837     43.779285
    70  H        0.000000     23.581892     -0.633058     43.093315
    71  H        0.000000     25.129578     -2.420739     41.037293
    72  H        0.000000     26.441048      0.574477     42.048296
    73  H        0.000000     25.993183      5.019113     50.625763
    74  H        0.000000     28.136132      6.727425     52.258486
    75  H        0.000000     25.505634      5.725870     54.049947
    76  H        0.000000     28.859897      0.512116     61.100515
    77  H        0.000000     31.972276      6.198302     65.261692
    78  H        0.000000     34.803086      4.595814     65.044373
    79  H        0.000000     32.454156      3.779452     67.491569
    80  Mg       0.000000     77.720656     79.098266     50.996149
    81  C        0.000000     75.829040     83.486210     56.011482
    82  C        0.000000     78.064586     74.474107     55.722354
    83  C        0.000000     80.052578     75.250784     46.787729
    84  C        0.000000     76.923192     83.833920     46.644110
    85  N        0.000000     77.416410     79.085038     55.353858
    86  C        0.000000     76.384620     81.022008     57.018706
    87  C        0.000000     76.225883     80.207536     59.815501
    88  C        0.000000     77.376726     77.346490     59.566057
    89  C        0.000000     77.697979     76.858941     56.712571
    90  C        0.000000     79.791796     76.938309     61.053272
    91  C        0.000000     73.470662     80.479656     60.820835
    92  C        0.000000     72.958546     79.230547     63.311494
    93  H        0.000000     71.442986     80.608158     65.305155
    94  N        0.000000     78.971655     75.326373     51.175673
    95  C        0.000000     78.956537     73.718216     53.275159
    96  C        0.000000     79.871164     71.218108     52.538166
    97  C        0.000000     80.472097     71.386294     49.860424
    98  C        0.000000     79.852267     74.062146     49.089416
    99  C        0.000000     79.961871     68.842723     54.322067
   100  C        0.000000     81.570028     69.511686     48.080302
   101  O        0.000000     81.932856     69.878293     45.825859
   102  C        0.000000     82.101041     66.918982     48.940127
   103  N        0.000000     78.215764     79.408181     47.328191
   104  C        0.000000     79.430858     77.660185     45.977037
   105  C        0.000000     79.725655     78.408516     43.167014
   106  C        0.000000     78.009784     80.695085     43.027174
   107  C        0.000000     77.762230     81.490660     45.890109
   108  C        0.000000     82.446861     78.992442     42.424351
   109  C        0.000000     75.443536     80.630834     41.795073
   110  C        0.000000     73.572707     78.877168     43.063079
   111  N        0.000000     76.800359     82.919293     51.204019
   112  C        0.000000     76.365722     84.572803     49.168784
   113  C        0.000000     75.607942     86.999211     50.151442
   114  C        0.000000     75.279130     86.490875     52.763043
   115  C        0.000000     76.044469     84.009665     53.343189
   116  C        0.000000     74.920082     89.351920     48.724698
   117  C        0.000000     74.343715     87.743763     55.117642
   118  O        0.000000     73.302476     89.837580     55.446454
   119  C        0.000000     74.753786     85.827581     57.236025
   120  C        0.000000     76.378950     86.993542     59.324172
   121  O        0.000000     78.648512     87.751322     59.275039
   122  O        0.000000     75.010789     86.849923     61.503026
   123  C        0.000000     76.310920     87.741874     63.814161
   124  H        0.000000     77.800025     72.969885     57.107523
   125  H        0.000000     80.940749     74.035690     45.376104
   126  H        0.000000     76.677527     85.442077     45.374214
   127  H        0.000000     77.350270     81.596484     60.839733
   128  H        0.000000     75.914078     75.995336     60.093291
   129  H        0.000000     79.481881     75.403852     62.393087
   130  H        0.000000     80.133836     78.684416     62.088842
   131  H        0.000000     81.562469     76.894846     60.002584
   132  H        0.000000     72.257458     79.897621     59.259922
   133  H        0.000000     73.053033     82.484656     61.041933
   134  H        0.000000     74.593159     78.714652     64.452889
   135  H        0.000000     71.792585     77.561919     63.001579
   136  H        0.000000     78.674968     67.489679     53.450903
   137  H        0.000000     79.313695     69.230117     56.238249
   138  H        0.000000     81.915848     68.190767     54.305060
   139  H        0.000000     83.006220     66.822605     50.788279
   140  H        0.000000     83.384165     66.191437     47.503935
   141  H        0.000000     80.230212     66.113958     49.242483
   142  H        0.000000     79.079369     76.804139     42.048296
   143  H        0.000000     78.871499     82.246550     41.980266
   144  H        0.000000     82.796460     78.198757     40.557302
   145  H        0.000000     83.779118     78.153403     43.750939
   146  H        0.000000     82.684967     81.018228     42.129554
   147  H        0.000000     75.715657     80.232102     39.791963
   148  H        0.000000     74.477886     82.437412     42.008612
   149  H        0.000000     72.561704     77.711207     41.700586
   150  H        0.000000     72.077934     79.890062     44.055185
   151  H        0.000000     74.417415     77.556250     44.399115
   152  H        0.000000     73.075709     90.022773     49.348308
   153  H        0.000000     74.833155     89.348141     46.666787
   154  H        0.000000     76.331707     90.772994     49.206579
   155  H        0.000000     72.930200     85.451526     58.118527
   156  H        0.000000     77.015788     86.128048     64.881857
   157  H        0.000000     74.763235     88.817128     64.645641
   158  H        0.000000     77.767899     89.142161     63.407870
 ------------------------------------------------------

 --------------------------------------------------------------------------------

 End time:                               Thu Jun  3 17:48:08 2021
 Total wall-clock time:                  0.666 seconds
==================================================================================
