
================================================================================
          _____________ ________ _______________ ________     _________         
         / ___________// ______ \\_____   _____// ______ \   / ________)        
        / /_________  / /      \ \     | |     / /      \ \ | (_______          
       |  __________|| |        | |    | |    | |        | | \________ \        
        \ \_________ | |        | |    | |     \ \______/ /___________) |       
         \__________||_|        |_|    |_|      \________//____________/        
                                                                                
====================================[ Qcore ]===================================

 Git hash:   fc43f77b6a8cbdee6391b0b1942a9275fb449ad1
 Git date:   Thu, 3 Jun 2021 15:25:24 +0100
 Compiler:   GNU 9.1.0
 Build type: Release
 Version:    1.4.1

 Start time: Thu Jun  3 17:47:37 2021

 Data directory: /home/of15641/.local/src/Qcore/release/share/entos/1.4.1/data
 Number of threads: 18
 Number of threads was determined by: command line argument
  - More threads can be used by running 'qcore -n 32'

 --------------------------------------------------------------------------------
                                  command: bchla                                 
 --------------------------------------------------------------------------------
 XTB basis setup:                        reference basis
 Number of basis functions:            488
 GFN version:                            gfn1
 Integral screening threshold:           1.00e-10
 Total charge:                           0.000000000
 Number of electrons:                  436.000000000
 Electronic temperature (Kelvin):        0.000000000

 D3BJ energy:                           -0.122392104
 Repulsive energy:                       2.961485709

 ****************************************************
  Running robust self-consistent charge (SCC) solver 
 ****************************************************
 Number of SCC trials:                   4
 Using the stop-early mechanism for the first 3 trials

 Conv. threshold (charge):               1.00e-05
 Conv. threshold (energy):               1.00e-06
 Initial guess:                          SAD

 -------------
  SCC Trial 1 
 -------------
 Broyden mixing factor:                  0.400000000
 Max number of iterations:             128

 ---------------------------------------------------------------
                  energy        change          grad        time
 ---------------------------------------------------------------
   0      -260.635413764                    6.79e-01        0.03
   1      -261.680327402     -1.04e+00      3.93e-01        0.03
   2      -261.651420426      2.89e-02      7.77e-02        0.03
   3      -261.658341510     -6.92e-03      1.76e-02        0.03
   4      -261.701887218     -4.35e-02      5.15e-03        0.03
   5      -261.705744305     -3.86e-03      9.96e-04        0.03
   6      -261.705788224     -4.39e-05      3.63e-04        0.03
   7      -261.705798591     -1.04e-05      1.25e-04        0.03
   8      -261.705799948     -1.36e-06      5.67e-05        0.03
   9      -261.705800101     -1.54e-07      2.57e-05        0.03
  10      -261.705800117     -1.51e-08      1.34e-05        0.03
  11      -261.705800126     -9.52e-09      2.77e-06        0.03
  12      -261.705800126     -1.70e-10      7.80e-07        0.03

 SCF converged in 11 iterations.

 Entropy contribution (-ST):             0.000000000
 Dipole moment (in Debye):              -1.062265      -6.253285       0.828997
 Setting up Delta-SCF
 Ground-Excited state overlap:          -0.000000000
 No correction applied to the TDM.
 Excitation energy:                      0.056347846
 Excitation energy (in eV):              1.533303001
 Transition dipole:                      0.00000       0.00000       0.00000
 ------------------------------------------------------
           transition charges and positions           
           --------------------------------           
          atom  charge/e  x/bohr  y/bohr  z/bohr       
 ------------------------------------------------------
     1  Mg      -0.000000     46.220811    -14.747423     86.417176
     2  C        0.000000     50.240259     -9.533668     84.238321
     3  C       -0.000000     41.360436    -11.478196     83.506997
     4  C       -0.000000     43.163234    -19.940390     86.456860
     5  C       -0.000000     52.009042    -17.706734     88.378711
     6  N        0.000000     46.001603    -10.896161     83.820692
     7  C        0.000000     47.819520     -9.127377     83.232987
     8  C        0.000000     46.653559     -7.084583     81.416960
     9  C       -0.000000     43.779285     -7.451190     81.656956
    10  C       -0.000000     43.688578    -10.074130     83.064802
    11  C       -0.000000     42.201364     -5.429183     83.204641
    12  C        0.000000     47.691018     -7.222533     78.646622
    13  C        0.000000     48.165339     -4.722426     77.340821
    14  H        0.000000     46.141443     -3.843703     75.383065
    15  N       -0.000000     42.715369    -15.561895     85.398613
    16  C       -0.000000     40.906901    -13.985863     84.432963
    17  C       -0.000000     38.514508    -15.410717     84.034231
    18  C       -0.000000     39.077647    -17.899486     84.860041
    19  C       -0.000000     41.753499    -17.895706     85.538453
    20  C       -0.000000     36.059754    -14.418610     82.838034
    21  C       -0.000000     37.450592    -20.282430     84.638943
    22  O       -0.000000     35.292525    -20.021648     83.826361
    23  C       -0.000000     38.223490    -22.729626     85.353260
    24  N       -0.000000     47.634326    -18.473963     86.842364
    25  C       -0.000000     45.720034    -20.201172     87.242986
    26  C       -0.000000     46.946466    -22.714508     88.276666
    27  C        0.000000     49.852865    -22.111685     88.305012
    28  C        0.000000     49.799953    -19.203397     88.002656
    29  C       -0.000000     45.926014    -23.659371     90.861812
    30  C        0.000000     51.631097    -23.477957     86.328359
    31  C        0.000000     52.460687    -26.206722     86.893387
    32  N        0.000000     50.327186    -13.931061     86.487096
    33  C        0.000000     52.326516    -15.219854     87.558570
    34  C        0.000000     54.609306    -13.728860     87.568019
    35  C        0.000000     53.859084    -11.434733     86.290564
    36  C        0.000000     51.255042    -11.589690     85.525225
    37  C       -0.000000     57.099965    -14.639708     88.556346
    38  C       -0.000000     54.788830     -9.148164     85.368378
    39  O        0.000000     56.950676     -8.346920     85.192633
    40  C        0.000000     52.625093     -7.916063     83.803684
    41  C        0.000000     52.290612     -5.327138     84.960197
    42  O        0.000000     52.196125     -3.363713     83.707308
    43  O       -0.000000     51.765268     -5.296902     87.654946
    44  C       -0.000000     50.797728     -2.855376     88.512882
    45  H        0.000000     39.767397    -10.425619     82.726541
    46  H       -0.000000     42.273173    -21.748858     86.899056
    47  H       -0.000000     53.564287    -18.789547     89.195073
    48  H        0.000000     46.923789     -5.226982     82.269227
    49  H       -0.000000     42.894893     -7.789451     79.827701
    50  H       -0.000000     41.192250     -4.352039     81.768449
    51  H       -0.000000     43.441024     -4.108265     84.183519
    52  H       -0.000000     40.961703     -6.192633     84.661620
    53  H        0.000000     46.398446     -8.072910     77.286019
    54  H        0.000000     49.501376     -8.205191     78.608827
    55  H        0.000000     50.066404     -4.811243     76.552805
    56  H        0.000000     48.193685     -3.261667     78.794020
    57  H       -0.000000     34.434589    -15.168832     83.858487
    58  H       -0.000000     36.190145    -15.027102     80.874609
    59  H       -0.000000     35.927473    -12.372037     83.011889
    60  H       -0.000000     38.463486    -22.748523     87.399833
    61  H       -0.000000     39.869442    -23.447722     84.344146
    62  H       -0.000000     36.660687    -23.854013     84.618156
    63  H       -0.000000     46.704581    -24.330224     87.023778
    64  H        0.000000     50.659778    -22.398924     90.177731
    65  H       -0.000000     47.581414    -23.772755     92.082575
    66  H       -0.000000     45.119101    -25.533979     90.589691
    67  H       -0.000000     44.542734    -22.223179     91.383376
    68  H        0.000000     53.295946    -22.264753     86.273556
    69  H        0.000000     50.697572    -23.661261     84.500993
    70  H        0.000000     51.638656    -26.471284     88.764216
    71  H        0.000000     54.497812    -26.321995     87.188184
    72  H        0.000000     51.820070    -27.671260     85.595145
    73  H       -0.000000     57.504366    -16.359359     87.499989
    74  H        0.000000     57.026265    -15.268987     90.515992
    75  H       -0.000000     58.664658    -13.396268     88.057458
    76  H        0.000000     53.337520     -7.681737     81.885612
    77  H       -0.000000     49.786724     -3.603708     90.145605
    78  H       -0.000000     49.801842     -1.844373     87.019998
    79  H       -0.000000     52.419113     -1.821696     89.251765
    80  Mg       0.000000     84.669179      5.427293     88.208636
    81  C        0.000000     80.434303     10.527664     88.473198
    82  C       -0.000000     79.629279      1.496663     87.602034
    83  C       -0.000000     88.841694      0.990216     87.159838
    84  C        0.000000     89.463414     10.162947     87.263773
    85  N        0.000000     80.579812      5.992322     88.191629
    86  C        0.000000     79.258893      8.208970     88.282335
    87  C       -0.000000     76.501783      7.651501     87.566129
    88  C       -0.000000     76.231552      4.894391     88.357924
    89  C       -0.000000     78.969765      4.049683     87.842029
    90  C       -0.000000     75.515346      4.584476     91.173616
    91  C        0.000000     76.035020      8.044564     84.655951
    92  C        0.000000     74.207655     10.306566     83.779118
    93  H       -0.000000     75.284799     12.423060     82.102931
    94  N        0.000000     84.295013      1.770673     87.373377
    95  C       -0.000000     82.050019      0.464873     87.246765
    96  C       -0.000000     82.618826     -2.161847     86.974645
    97  C       -0.000000     85.306017     -2.503887     87.057793
    98  C       -0.000000     86.315130      0.124722     87.191963
    99  C       -0.000000     80.542017     -4.257553     86.719532
   100  C       -0.000000     86.685517     -5.134386     87.048344
   101  O       -0.000000     85.485541     -7.039230     87.148500
   102  C       -0.000000     89.410502     -5.179739     87.450856
   103  N        0.000000     88.510992      5.582251     86.738429
   104  C       -0.000000     89.847029      3.452530     87.216530
   105  C       -0.000000     92.632485      3.949528     87.705969
   106  C       -0.000000     92.927282      6.731204     87.044565
   107  C        0.000000     90.094583      7.600478     86.989763
   108  C       -0.000000     93.439398      3.369382     90.508433
   109  C        0.000000     94.422056      7.519220     84.535008
   110  C        0.000000     97.005311      8.705968     84.629495
   111  N        0.000000     85.043345      9.433513     88.299343
   112  C        0.000000     87.072911     11.083244     87.891162
   113  C        0.000000     86.279226     13.698625     87.970531
   114  C        0.000000     83.703529     13.547447     88.248320
   115  C        0.000000     82.957087     10.947183     88.399498
   116  C        0.000000     87.942185     15.903935     87.639828
   117  C        0.000000     81.413181     15.053558     88.459970
   118  O        0.000000     81.163737     17.374142     88.597920
   119  C       -0.000000     79.264562     13.197847     88.817128
   120  C       -0.000000     78.098601     13.726971     91.398494
   121  O       -0.000000     79.379836     13.607918     93.331684
   122  O       -0.000000     75.590935     14.564119     91.184955
   123  C       -0.000000     74.392848     15.161273     93.550892
   124  H        0.000000     77.973879      0.270231     87.709748
   125  H       -0.000000     90.162613     -0.570697     87.424400
   126  H        0.000000     90.958188     11.584021     87.186294
   127  H        0.000000     75.349050      9.083913     88.495874
   128  H       -0.000000     74.821816      4.017558     87.140941
   129  H       -0.000000     73.935535      3.284344     90.944959
   130  H       -0.000000     74.961656      6.474202     91.780218
   131  H       -0.000000     76.970435      3.841813     92.428394
   132  H       -0.000000     75.139290      6.330583     83.947304
   133  H        0.000000     77.875614      8.140940     83.737544
   134  H       -0.000000     73.665304     11.266547     85.519556
   135  H       -0.000000     72.446430      9.698074     82.904175
   136  H       -0.000000     80.721541     -5.614376     85.181295
   137  H        0.000000     78.763785     -3.244660     86.477647
   138  H       -0.000000     80.347375     -5.395168     88.425955
   139  H       -0.000000     90.493315     -4.108265     86.063797
   140  H       -0.000000     90.037891     -7.141275     87.414951
   141  H       -0.000000     89.845139     -4.716756     89.408612
   142  H       -0.000000     93.862697      2.728765     86.591030
   143  H        0.000000     93.781438      7.751657     88.616817
   144  H        0.000000     94.331349      1.526899     90.735200
   145  H        0.000000     91.848249      3.718981     91.768880
   146  H       -0.000000     94.868031      4.764000     91.022438
   147  H        0.000000     93.375147      8.481091     83.045904
   148  H       -0.000000     94.665830      5.591700     83.849038
   149  H       -0.000000     98.488746      7.507882     83.852817
   150  H       -0.000000     97.509868      9.102811     86.587251
   151  H       -0.000000     96.803110     10.448296     83.550461
   152  H        0.000000     89.571129     15.299223     86.532449
   153  H        0.000000     88.607368     16.378256     89.531444
   154  H        0.000000     86.917953     17.510202     86.861261
   155  H       -0.000000     77.953092     13.749647     87.329913
   156  H        0.000000     73.786246     13.522880     94.643153
   157  H       -0.000000     72.724220     16.336682     93.278771
   158  H       -0.000000     75.555030     16.276211     94.834016
 ------------------------------------------------------

 --------------------------------------------------------------------------------

 End time:                               Thu Jun  3 17:47:38 2021
 Total wall-clock time:                  0.698 seconds
==================================================================================
